[2024-04-12T21:48:55.089+0000] {processor.py:154} INFO - Started process (PID=70) to work on /home/airflow/.local/lib/python3.7/site-packages/airflow/example_dags/example_xcomargs.py
[2024-04-12T21:48:55.090+0000] {processor.py:756} INFO - Processing file /home/airflow/.local/lib/python3.7/site-packages/airflow/example_dags/example_xcomargs.py for tasks to queue
[2024-04-12T21:48:55.091+0000] {logging_mixin.py:120} INFO - [2024-04-12T21:48:55.091+0000] {dagbag.py:537} INFO - Filling up the DagBag from /home/airflow/.local/lib/python3.7/site-packages/airflow/example_dags/example_xcomargs.py
[2024-04-12T21:48:55.103+0000] {processor.py:766} INFO - DAG(s) dict_keys(['example_xcom_args_with_operators', 'example_xcom_args']) retrieved from /home/airflow/.local/lib/python3.7/site-packages/airflow/example_dags/example_xcomargs.py
[2024-04-12T21:48:55.180+0000] {logging_mixin.py:120} INFO - [2024-04-12T21:48:55.180+0000] {manager.py:507} INFO - Created Permission View: can read on DAG:example_xcom_args_with_operators
[2024-04-12T21:48:55.185+0000] {logging_mixin.py:120} INFO - [2024-04-12T21:48:55.185+0000] {manager.py:507} INFO - Created Permission View: can edit on DAG:example_xcom_args_with_operators
[2024-04-12T21:48:55.189+0000] {logging_mixin.py:120} INFO - [2024-04-12T21:48:55.189+0000] {manager.py:507} INFO - Created Permission View: can delete on DAG:example_xcom_args_with_operators
[2024-04-12T21:48:55.200+0000] {logging_mixin.py:120} INFO - [2024-04-12T21:48:55.200+0000] {manager.py:507} INFO - Created Permission View: can read on DAG:example_xcom_args
[2024-04-12T21:48:55.204+0000] {logging_mixin.py:120} INFO - [2024-04-12T21:48:55.204+0000] {manager.py:507} INFO - Created Permission View: can edit on DAG:example_xcom_args
[2024-04-12T21:48:55.208+0000] {logging_mixin.py:120} INFO - [2024-04-12T21:48:55.208+0000] {manager.py:507} INFO - Created Permission View: can delete on DAG:example_xcom_args
[2024-04-12T21:48:55.209+0000] {logging_mixin.py:120} INFO - [2024-04-12T21:48:55.209+0000] {dag.py:2585} INFO - Sync 2 DAGs
[2024-04-12T21:48:55.217+0000] {logging_mixin.py:120} INFO - [2024-04-12T21:48:55.217+0000] {dag.py:2606} INFO - Creating ORM DAG for example_xcom_args
[2024-04-12T21:48:55.217+0000] {logging_mixin.py:120} INFO - [2024-04-12T21:48:55.217+0000] {dag.py:2606} INFO - Creating ORM DAG for example_xcom_args_with_operators
[2024-04-12T21:48:55.226+0000] {logging_mixin.py:120} INFO - [2024-04-12T21:48:55.225+0000] {dag.py:3340} INFO - Setting next_dagrun for example_xcom_args to None, run_after=None
[2024-04-12T21:48:55.228+0000] {logging_mixin.py:120} INFO - [2024-04-12T21:48:55.228+0000] {dag.py:3340} INFO - Setting next_dagrun for example_xcom_args_with_operators to None, run_after=None
[2024-04-12T21:48:55.244+0000] {processor.py:176} INFO - Processing /home/airflow/.local/lib/python3.7/site-packages/airflow/example_dags/example_xcomargs.py took 0.156 seconds
[2024-04-12T21:49:25.343+0000] {processor.py:154} INFO - Started process (PID=133) to work on /home/airflow/.local/lib/python3.7/site-packages/airflow/example_dags/example_xcomargs.py
[2024-04-12T21:49:25.343+0000] {processor.py:756} INFO - Processing file /home/airflow/.local/lib/python3.7/site-packages/airflow/example_dags/example_xcomargs.py for tasks to queue
[2024-04-12T21:49:25.344+0000] {logging_mixin.py:120} INFO - [2024-04-12T21:49:25.343+0000] {dagbag.py:537} INFO - Filling up the DagBag from /home/airflow/.local/lib/python3.7/site-packages/airflow/example_dags/example_xcomargs.py
[2024-04-12T21:49:25.355+0000] {processor.py:766} INFO - DAG(s) dict_keys(['example_xcom_args', 'example_xcom_args_with_operators']) retrieved from /home/airflow/.local/lib/python3.7/site-packages/airflow/example_dags/example_xcomargs.py
[2024-04-12T21:49:25.376+0000] {logging_mixin.py:120} INFO - [2024-04-12T21:49:25.376+0000] {dag.py:2585} INFO - Sync 2 DAGs
[2024-04-12T21:49:25.389+0000] {logging_mixin.py:120} INFO - [2024-04-12T21:49:25.389+0000] {dag.py:3340} INFO - Setting next_dagrun for example_xcom_args to None, run_after=None
[2024-04-12T21:49:25.391+0000] {logging_mixin.py:120} INFO - [2024-04-12T21:49:25.391+0000] {dag.py:3340} INFO - Setting next_dagrun for example_xcom_args_with_operators to None, run_after=None
[2024-04-12T21:49:25.399+0000] {processor.py:176} INFO - Processing /home/airflow/.local/lib/python3.7/site-packages/airflow/example_dags/example_xcomargs.py took 0.058 seconds
[2024-04-12T21:49:55.584+0000] {processor.py:154} INFO - Started process (PID=197) to work on /home/airflow/.local/lib/python3.7/site-packages/airflow/example_dags/example_xcomargs.py
[2024-04-12T21:49:55.584+0000] {processor.py:756} INFO - Processing file /home/airflow/.local/lib/python3.7/site-packages/airflow/example_dags/example_xcomargs.py for tasks to queue
[2024-04-12T21:49:55.584+0000] {logging_mixin.py:120} INFO - [2024-04-12T21:49:55.584+0000] {dagbag.py:537} INFO - Filling up the DagBag from /home/airflow/.local/lib/python3.7/site-packages/airflow/example_dags/example_xcomargs.py
[2024-04-12T21:49:55.596+0000] {processor.py:766} INFO - DAG(s) dict_keys(['example_xcom_args', 'example_xcom_args_with_operators']) retrieved from /home/airflow/.local/lib/python3.7/site-packages/airflow/example_dags/example_xcomargs.py
[2024-04-12T21:49:55.620+0000] {logging_mixin.py:120} INFO - [2024-04-12T21:49:55.620+0000] {dag.py:2585} INFO - Sync 2 DAGs
[2024-04-12T21:49:55.634+0000] {logging_mixin.py:120} INFO - [2024-04-12T21:49:55.634+0000] {dag.py:3340} INFO - Setting next_dagrun for example_xcom_args to None, run_after=None
[2024-04-12T21:49:55.636+0000] {logging_mixin.py:120} INFO - [2024-04-12T21:49:55.636+0000] {dag.py:3340} INFO - Setting next_dagrun for example_xcom_args_with_operators to None, run_after=None
[2024-04-12T21:49:55.644+0000] {processor.py:176} INFO - Processing /home/airflow/.local/lib/python3.7/site-packages/airflow/example_dags/example_xcomargs.py took 0.062 seconds
[2024-04-12T21:50:26.426+0000] {processor.py:154} INFO - Started process (PID=258) to work on /home/airflow/.local/lib/python3.7/site-packages/airflow/example_dags/example_xcomargs.py
[2024-04-12T21:50:26.427+0000] {processor.py:756} INFO - Processing file /home/airflow/.local/lib/python3.7/site-packages/airflow/example_dags/example_xcomargs.py for tasks to queue
[2024-04-12T21:50:26.427+0000] {logging_mixin.py:120} INFO - [2024-04-12T21:50:26.427+0000] {dagbag.py:537} INFO - Filling up the DagBag from /home/airflow/.local/lib/python3.7/site-packages/airflow/example_dags/example_xcomargs.py
[2024-04-12T21:50:26.437+0000] {processor.py:766} INFO - DAG(s) dict_keys(['example_xcom_args_with_operators', 'example_xcom_args']) retrieved from /home/airflow/.local/lib/python3.7/site-packages/airflow/example_dags/example_xcomargs.py
[2024-04-12T21:50:26.462+0000] {logging_mixin.py:120} INFO - [2024-04-12T21:50:26.462+0000] {dag.py:2585} INFO - Sync 2 DAGs
[2024-04-12T21:50:26.479+0000] {logging_mixin.py:120} INFO - [2024-04-12T21:50:26.479+0000] {dag.py:3340} INFO - Setting next_dagrun for example_xcom_args to None, run_after=None
[2024-04-12T21:50:26.481+0000] {logging_mixin.py:120} INFO - [2024-04-12T21:50:26.481+0000] {dag.py:3340} INFO - Setting next_dagrun for example_xcom_args_with_operators to None, run_after=None
[2024-04-12T21:50:26.491+0000] {processor.py:176} INFO - Processing /home/airflow/.local/lib/python3.7/site-packages/airflow/example_dags/example_xcomargs.py took 0.067 seconds
[2024-04-12T21:50:57.308+0000] {processor.py:154} INFO - Started process (PID=312) to work on /home/airflow/.local/lib/python3.7/site-packages/airflow/example_dags/example_xcomargs.py
[2024-04-12T21:50:57.308+0000] {processor.py:756} INFO - Processing file /home/airflow/.local/lib/python3.7/site-packages/airflow/example_dags/example_xcomargs.py for tasks to queue
[2024-04-12T21:50:57.309+0000] {logging_mixin.py:120} INFO - [2024-04-12T21:50:57.309+0000] {dagbag.py:537} INFO - Filling up the DagBag from /home/airflow/.local/lib/python3.7/site-packages/airflow/example_dags/example_xcomargs.py
[2024-04-12T21:50:57.320+0000] {processor.py:766} INFO - DAG(s) dict_keys(['example_xcom_args_with_operators', 'example_xcom_args']) retrieved from /home/airflow/.local/lib/python3.7/site-packages/airflow/example_dags/example_xcomargs.py
[2024-04-12T21:50:57.343+0000] {logging_mixin.py:120} INFO - [2024-04-12T21:50:57.343+0000] {dag.py:2585} INFO - Sync 2 DAGs
[2024-04-12T21:50:57.355+0000] {logging_mixin.py:120} INFO - [2024-04-12T21:50:57.355+0000] {dag.py:3340} INFO - Setting next_dagrun for example_xcom_args to None, run_after=None
[2024-04-12T21:50:57.357+0000] {logging_mixin.py:120} INFO - [2024-04-12T21:50:57.357+0000] {dag.py:3340} INFO - Setting next_dagrun for example_xcom_args_with_operators to None, run_after=None
[2024-04-12T21:50:57.366+0000] {processor.py:176} INFO - Processing /home/airflow/.local/lib/python3.7/site-packages/airflow/example_dags/example_xcomargs.py took 0.060 seconds
[2024-04-12T21:51:28.292+0000] {processor.py:154} INFO - Started process (PID=374) to work on /home/airflow/.local/lib/python3.7/site-packages/airflow/example_dags/example_xcomargs.py
[2024-04-12T21:51:28.292+0000] {processor.py:756} INFO - Processing file /home/airflow/.local/lib/python3.7/site-packages/airflow/example_dags/example_xcomargs.py for tasks to queue
[2024-04-12T21:51:28.293+0000] {logging_mixin.py:120} INFO - [2024-04-12T21:51:28.293+0000] {dagbag.py:537} INFO - Filling up the DagBag from /home/airflow/.local/lib/python3.7/site-packages/airflow/example_dags/example_xcomargs.py
[2024-04-12T21:51:28.304+0000] {processor.py:766} INFO - DAG(s) dict_keys(['example_xcom_args_with_operators', 'example_xcom_args']) retrieved from /home/airflow/.local/lib/python3.7/site-packages/airflow/example_dags/example_xcomargs.py
[2024-04-12T21:51:28.326+0000] {logging_mixin.py:120} INFO - [2024-04-12T21:51:28.326+0000] {dag.py:2585} INFO - Sync 2 DAGs
[2024-04-12T21:51:28.339+0000] {logging_mixin.py:120} INFO - [2024-04-12T21:51:28.339+0000] {dag.py:3340} INFO - Setting next_dagrun for example_xcom_args to None, run_after=None
[2024-04-12T21:51:28.341+0000] {logging_mixin.py:120} INFO - [2024-04-12T21:51:28.341+0000] {dag.py:3340} INFO - Setting next_dagrun for example_xcom_args_with_operators to None, run_after=None
[2024-04-12T21:51:28.350+0000] {processor.py:176} INFO - Processing /home/airflow/.local/lib/python3.7/site-packages/airflow/example_dags/example_xcomargs.py took 0.060 seconds
