[2024-04-12T21:48:50.988+0000] {processor.py:154} INFO - Started process (PID=45) to work on /home/airflow/.local/lib/python3.7/site-packages/airflow/example_dags/example_python_operator.py
[2024-04-12T21:48:50.989+0000] {processor.py:756} INFO - Processing file /home/airflow/.local/lib/python3.7/site-packages/airflow/example_dags/example_python_operator.py for tasks to queue
[2024-04-12T21:48:50.991+0000] {logging_mixin.py:120} INFO - [2024-04-12T21:48:50.991+0000] {dagbag.py:537} INFO - Filling up the DagBag from /home/airflow/.local/lib/python3.7/site-packages/airflow/example_dags/example_python_operator.py
[2024-04-12T21:48:51.090+0000] {logging_mixin.py:120} INFO - [2024-04-12T21:48:51.090+0000] {taskmixin.py:205} WARNING - Dependency <Task(_PythonDecoratedOperator): print_the_context>, log_sql_query already registered for DAG: example_python_operator
[2024-04-12T21:48:51.091+0000] {logging_mixin.py:120} INFO - [2024-04-12T21:48:51.091+0000] {taskmixin.py:205} WARNING - Dependency <Task(_PythonDecoratedOperator): log_sql_query>, print_the_context already registered for DAG: example_python_operator
[2024-04-12T21:48:51.092+0000] {logging_mixin.py:120} INFO - [2024-04-12T21:48:51.092+0000] {taskmixin.py:205} WARNING - Dependency <Task(_PythonDecoratedOperator): print_the_context>, log_sql_query already registered for DAG: example_python_operator
[2024-04-12T21:48:51.092+0000] {logging_mixin.py:120} INFO - [2024-04-12T21:48:51.092+0000] {taskmixin.py:205} WARNING - Dependency <Task(_PythonDecoratedOperator): log_sql_query>, print_the_context already registered for DAG: example_python_operator
[2024-04-12T21:48:51.093+0000] {logging_mixin.py:120} INFO - [2024-04-12T21:48:51.093+0000] {taskmixin.py:205} WARNING - Dependency <Task(_PythonDecoratedOperator): print_the_context>, log_sql_query already registered for DAG: example_python_operator
[2024-04-12T21:48:51.093+0000] {logging_mixin.py:120} INFO - [2024-04-12T21:48:51.093+0000] {taskmixin.py:205} WARNING - Dependency <Task(_PythonDecoratedOperator): log_sql_query>, print_the_context already registered for DAG: example_python_operator
[2024-04-12T21:48:51.094+0000] {logging_mixin.py:120} INFO - [2024-04-12T21:48:51.094+0000] {taskmixin.py:205} WARNING - Dependency <Task(_PythonDecoratedOperator): print_the_context>, log_sql_query already registered for DAG: example_python_operator
[2024-04-12T21:48:51.094+0000] {logging_mixin.py:120} INFO - [2024-04-12T21:48:51.094+0000] {taskmixin.py:205} WARNING - Dependency <Task(_PythonDecoratedOperator): log_sql_query>, print_the_context already registered for DAG: example_python_operator
[2024-04-12T21:48:51.100+0000] {processor.py:766} INFO - DAG(s) dict_keys(['example_python_operator']) retrieved from /home/airflow/.local/lib/python3.7/site-packages/airflow/example_dags/example_python_operator.py
[2024-04-12T21:48:51.299+0000] {logging_mixin.py:120} INFO - [2024-04-12T21:48:51.298+0000] {manager.py:507} INFO - Created Permission View: can read on DAG:example_python_operator
[2024-04-12T21:48:51.311+0000] {logging_mixin.py:120} INFO - [2024-04-12T21:48:51.311+0000] {manager.py:507} INFO - Created Permission View: can edit on DAG:example_python_operator
[2024-04-12T21:48:51.345+0000] {logging_mixin.py:120} INFO - [2024-04-12T21:48:51.345+0000] {manager.py:507} INFO - Created Permission View: can delete on DAG:example_python_operator
[2024-04-12T21:48:51.350+0000] {logging_mixin.py:120} INFO - [2024-04-12T21:48:51.350+0000] {dag.py:2585} INFO - Sync 1 DAGs
[2024-04-12T21:48:51.372+0000] {logging_mixin.py:120} INFO - [2024-04-12T21:48:51.372+0000] {dag.py:2606} INFO - Creating ORM DAG for example_python_operator
[2024-04-12T21:48:51.383+0000] {logging_mixin.py:120} INFO - [2024-04-12T21:48:51.383+0000] {dag.py:3340} INFO - Setting next_dagrun for example_python_operator to None, run_after=None
[2024-04-12T21:48:51.414+0000] {processor.py:176} INFO - Processing /home/airflow/.local/lib/python3.7/site-packages/airflow/example_dags/example_python_operator.py took 0.430 seconds
[2024-04-12T21:49:22.190+0000] {processor.py:154} INFO - Started process (PID=108) to work on /home/airflow/.local/lib/python3.7/site-packages/airflow/example_dags/example_python_operator.py
[2024-04-12T21:49:22.190+0000] {processor.py:756} INFO - Processing file /home/airflow/.local/lib/python3.7/site-packages/airflow/example_dags/example_python_operator.py for tasks to queue
[2024-04-12T21:49:22.191+0000] {logging_mixin.py:120} INFO - [2024-04-12T21:49:22.191+0000] {dagbag.py:537} INFO - Filling up the DagBag from /home/airflow/.local/lib/python3.7/site-packages/airflow/example_dags/example_python_operator.py
[2024-04-12T21:49:22.199+0000] {logging_mixin.py:120} INFO - [2024-04-12T21:49:22.199+0000] {taskmixin.py:205} WARNING - Dependency <Task(_PythonDecoratedOperator): print_the_context>, log_sql_query already registered for DAG: example_python_operator
[2024-04-12T21:49:22.199+0000] {logging_mixin.py:120} INFO - [2024-04-12T21:49:22.199+0000] {taskmixin.py:205} WARNING - Dependency <Task(_PythonDecoratedOperator): log_sql_query>, print_the_context already registered for DAG: example_python_operator
[2024-04-12T21:49:22.200+0000] {logging_mixin.py:120} INFO - [2024-04-12T21:49:22.200+0000] {taskmixin.py:205} WARNING - Dependency <Task(_PythonDecoratedOperator): print_the_context>, log_sql_query already registered for DAG: example_python_operator
[2024-04-12T21:49:22.200+0000] {logging_mixin.py:120} INFO - [2024-04-12T21:49:22.200+0000] {taskmixin.py:205} WARNING - Dependency <Task(_PythonDecoratedOperator): log_sql_query>, print_the_context already registered for DAG: example_python_operator
[2024-04-12T21:49:22.200+0000] {logging_mixin.py:120} INFO - [2024-04-12T21:49:22.200+0000] {taskmixin.py:205} WARNING - Dependency <Task(_PythonDecoratedOperator): print_the_context>, log_sql_query already registered for DAG: example_python_operator
[2024-04-12T21:49:22.201+0000] {logging_mixin.py:120} INFO - [2024-04-12T21:49:22.201+0000] {taskmixin.py:205} WARNING - Dependency <Task(_PythonDecoratedOperator): log_sql_query>, print_the_context already registered for DAG: example_python_operator
[2024-04-12T21:49:22.201+0000] {logging_mixin.py:120} INFO - [2024-04-12T21:49:22.201+0000] {taskmixin.py:205} WARNING - Dependency <Task(_PythonDecoratedOperator): print_the_context>, log_sql_query already registered for DAG: example_python_operator
[2024-04-12T21:49:22.201+0000] {logging_mixin.py:120} INFO - [2024-04-12T21:49:22.201+0000] {taskmixin.py:205} WARNING - Dependency <Task(_PythonDecoratedOperator): log_sql_query>, print_the_context already registered for DAG: example_python_operator
[2024-04-12T21:49:22.206+0000] {processor.py:766} INFO - DAG(s) dict_keys(['example_python_operator']) retrieved from /home/airflow/.local/lib/python3.7/site-packages/airflow/example_dags/example_python_operator.py
[2024-04-12T21:49:22.230+0000] {logging_mixin.py:120} INFO - [2024-04-12T21:49:22.230+0000] {dag.py:2585} INFO - Sync 1 DAGs
[2024-04-12T21:49:22.247+0000] {logging_mixin.py:120} INFO - [2024-04-12T21:49:22.247+0000] {dag.py:3340} INFO - Setting next_dagrun for example_python_operator to None, run_after=None
[2024-04-12T21:49:22.257+0000] {processor.py:176} INFO - Processing /home/airflow/.local/lib/python3.7/site-packages/airflow/example_dags/example_python_operator.py took 0.069 seconds
[2024-04-12T21:49:53.159+0000] {processor.py:154} INFO - Started process (PID=163) to work on /home/airflow/.local/lib/python3.7/site-packages/airflow/example_dags/example_python_operator.py
[2024-04-12T21:49:53.161+0000] {processor.py:756} INFO - Processing file /home/airflow/.local/lib/python3.7/site-packages/airflow/example_dags/example_python_operator.py for tasks to queue
[2024-04-12T21:49:53.162+0000] {logging_mixin.py:120} INFO - [2024-04-12T21:49:53.162+0000] {dagbag.py:537} INFO - Filling up the DagBag from /home/airflow/.local/lib/python3.7/site-packages/airflow/example_dags/example_python_operator.py
[2024-04-12T21:49:53.183+0000] {logging_mixin.py:120} INFO - [2024-04-12T21:49:53.182+0000] {taskmixin.py:205} WARNING - Dependency <Task(_PythonDecoratedOperator): print_the_context>, log_sql_query already registered for DAG: example_python_operator
[2024-04-12T21:49:53.183+0000] {logging_mixin.py:120} INFO - [2024-04-12T21:49:53.183+0000] {taskmixin.py:205} WARNING - Dependency <Task(_PythonDecoratedOperator): log_sql_query>, print_the_context already registered for DAG: example_python_operator
[2024-04-12T21:49:53.184+0000] {logging_mixin.py:120} INFO - [2024-04-12T21:49:53.184+0000] {taskmixin.py:205} WARNING - Dependency <Task(_PythonDecoratedOperator): print_the_context>, log_sql_query already registered for DAG: example_python_operator
[2024-04-12T21:49:53.184+0000] {logging_mixin.py:120} INFO - [2024-04-12T21:49:53.184+0000] {taskmixin.py:205} WARNING - Dependency <Task(_PythonDecoratedOperator): log_sql_query>, print_the_context already registered for DAG: example_python_operator
[2024-04-12T21:49:53.185+0000] {logging_mixin.py:120} INFO - [2024-04-12T21:49:53.185+0000] {taskmixin.py:205} WARNING - Dependency <Task(_PythonDecoratedOperator): print_the_context>, log_sql_query already registered for DAG: example_python_operator
[2024-04-12T21:49:53.185+0000] {logging_mixin.py:120} INFO - [2024-04-12T21:49:53.185+0000] {taskmixin.py:205} WARNING - Dependency <Task(_PythonDecoratedOperator): log_sql_query>, print_the_context already registered for DAG: example_python_operator
[2024-04-12T21:49:53.186+0000] {logging_mixin.py:120} INFO - [2024-04-12T21:49:53.186+0000] {taskmixin.py:205} WARNING - Dependency <Task(_PythonDecoratedOperator): print_the_context>, log_sql_query already registered for DAG: example_python_operator
[2024-04-12T21:49:53.186+0000] {logging_mixin.py:120} INFO - [2024-04-12T21:49:53.186+0000] {taskmixin.py:205} WARNING - Dependency <Task(_PythonDecoratedOperator): log_sql_query>, print_the_context already registered for DAG: example_python_operator
[2024-04-12T21:49:53.192+0000] {processor.py:766} INFO - DAG(s) dict_keys(['example_python_operator']) retrieved from /home/airflow/.local/lib/python3.7/site-packages/airflow/example_dags/example_python_operator.py
[2024-04-12T21:49:53.219+0000] {logging_mixin.py:120} INFO - [2024-04-12T21:49:53.219+0000] {dag.py:2585} INFO - Sync 1 DAGs
[2024-04-12T21:49:53.235+0000] {logging_mixin.py:120} INFO - [2024-04-12T21:49:53.235+0000] {dag.py:3340} INFO - Setting next_dagrun for example_python_operator to None, run_after=None
[2024-04-12T21:49:53.254+0000] {processor.py:176} INFO - Processing /home/airflow/.local/lib/python3.7/site-packages/airflow/example_dags/example_python_operator.py took 0.101 seconds
[2024-04-12T21:50:23.366+0000] {processor.py:154} INFO - Started process (PID=224) to work on /home/airflow/.local/lib/python3.7/site-packages/airflow/example_dags/example_python_operator.py
[2024-04-12T21:50:23.368+0000] {processor.py:756} INFO - Processing file /home/airflow/.local/lib/python3.7/site-packages/airflow/example_dags/example_python_operator.py for tasks to queue
[2024-04-12T21:50:23.369+0000] {logging_mixin.py:120} INFO - [2024-04-12T21:50:23.369+0000] {dagbag.py:537} INFO - Filling up the DagBag from /home/airflow/.local/lib/python3.7/site-packages/airflow/example_dags/example_python_operator.py
[2024-04-12T21:50:23.390+0000] {logging_mixin.py:120} INFO - [2024-04-12T21:50:23.390+0000] {taskmixin.py:205} WARNING - Dependency <Task(_PythonDecoratedOperator): print_the_context>, log_sql_query already registered for DAG: example_python_operator
[2024-04-12T21:50:23.391+0000] {logging_mixin.py:120} INFO - [2024-04-12T21:50:23.391+0000] {taskmixin.py:205} WARNING - Dependency <Task(_PythonDecoratedOperator): log_sql_query>, print_the_context already registered for DAG: example_python_operator
[2024-04-12T21:50:23.392+0000] {logging_mixin.py:120} INFO - [2024-04-12T21:50:23.392+0000] {taskmixin.py:205} WARNING - Dependency <Task(_PythonDecoratedOperator): print_the_context>, log_sql_query already registered for DAG: example_python_operator
[2024-04-12T21:50:23.392+0000] {logging_mixin.py:120} INFO - [2024-04-12T21:50:23.392+0000] {taskmixin.py:205} WARNING - Dependency <Task(_PythonDecoratedOperator): log_sql_query>, print_the_context already registered for DAG: example_python_operator
[2024-04-12T21:50:23.393+0000] {logging_mixin.py:120} INFO - [2024-04-12T21:50:23.393+0000] {taskmixin.py:205} WARNING - Dependency <Task(_PythonDecoratedOperator): print_the_context>, log_sql_query already registered for DAG: example_python_operator
[2024-04-12T21:50:23.393+0000] {logging_mixin.py:120} INFO - [2024-04-12T21:50:23.393+0000] {taskmixin.py:205} WARNING - Dependency <Task(_PythonDecoratedOperator): log_sql_query>, print_the_context already registered for DAG: example_python_operator
[2024-04-12T21:50:23.394+0000] {logging_mixin.py:120} INFO - [2024-04-12T21:50:23.394+0000] {taskmixin.py:205} WARNING - Dependency <Task(_PythonDecoratedOperator): print_the_context>, log_sql_query already registered for DAG: example_python_operator
[2024-04-12T21:50:23.394+0000] {logging_mixin.py:120} INFO - [2024-04-12T21:50:23.394+0000] {taskmixin.py:205} WARNING - Dependency <Task(_PythonDecoratedOperator): log_sql_query>, print_the_context already registered for DAG: example_python_operator
[2024-04-12T21:50:23.401+0000] {processor.py:766} INFO - DAG(s) dict_keys(['example_python_operator']) retrieved from /home/airflow/.local/lib/python3.7/site-packages/airflow/example_dags/example_python_operator.py
[2024-04-12T21:50:23.427+0000] {logging_mixin.py:120} INFO - [2024-04-12T21:50:23.427+0000] {dag.py:2585} INFO - Sync 1 DAGs
[2024-04-12T21:50:23.440+0000] {logging_mixin.py:120} INFO - [2024-04-12T21:50:23.440+0000] {dag.py:3340} INFO - Setting next_dagrun for example_python_operator to None, run_after=None
[2024-04-12T21:50:23.449+0000] {processor.py:176} INFO - Processing /home/airflow/.local/lib/python3.7/site-packages/airflow/example_dags/example_python_operator.py took 0.089 seconds
[2024-04-12T21:50:54.314+0000] {processor.py:154} INFO - Started process (PID=287) to work on /home/airflow/.local/lib/python3.7/site-packages/airflow/example_dags/example_python_operator.py
[2024-04-12T21:50:54.316+0000] {processor.py:756} INFO - Processing file /home/airflow/.local/lib/python3.7/site-packages/airflow/example_dags/example_python_operator.py for tasks to queue
[2024-04-12T21:50:54.317+0000] {logging_mixin.py:120} INFO - [2024-04-12T21:50:54.317+0000] {dagbag.py:537} INFO - Filling up the DagBag from /home/airflow/.local/lib/python3.7/site-packages/airflow/example_dags/example_python_operator.py
[2024-04-12T21:50:54.338+0000] {logging_mixin.py:120} INFO - [2024-04-12T21:50:54.338+0000] {taskmixin.py:205} WARNING - Dependency <Task(_PythonDecoratedOperator): print_the_context>, log_sql_query already registered for DAG: example_python_operator
[2024-04-12T21:50:54.338+0000] {logging_mixin.py:120} INFO - [2024-04-12T21:50:54.338+0000] {taskmixin.py:205} WARNING - Dependency <Task(_PythonDecoratedOperator): log_sql_query>, print_the_context already registered for DAG: example_python_operator
[2024-04-12T21:50:54.339+0000] {logging_mixin.py:120} INFO - [2024-04-12T21:50:54.339+0000] {taskmixin.py:205} WARNING - Dependency <Task(_PythonDecoratedOperator): print_the_context>, log_sql_query already registered for DAG: example_python_operator
[2024-04-12T21:50:54.339+0000] {logging_mixin.py:120} INFO - [2024-04-12T21:50:54.339+0000] {taskmixin.py:205} WARNING - Dependency <Task(_PythonDecoratedOperator): log_sql_query>, print_the_context already registered for DAG: example_python_operator
[2024-04-12T21:50:54.340+0000] {logging_mixin.py:120} INFO - [2024-04-12T21:50:54.340+0000] {taskmixin.py:205} WARNING - Dependency <Task(_PythonDecoratedOperator): print_the_context>, log_sql_query already registered for DAG: example_python_operator
[2024-04-12T21:50:54.340+0000] {logging_mixin.py:120} INFO - [2024-04-12T21:50:54.340+0000] {taskmixin.py:205} WARNING - Dependency <Task(_PythonDecoratedOperator): log_sql_query>, print_the_context already registered for DAG: example_python_operator
[2024-04-12T21:50:54.341+0000] {logging_mixin.py:120} INFO - [2024-04-12T21:50:54.341+0000] {taskmixin.py:205} WARNING - Dependency <Task(_PythonDecoratedOperator): print_the_context>, log_sql_query already registered for DAG: example_python_operator
[2024-04-12T21:50:54.341+0000] {logging_mixin.py:120} INFO - [2024-04-12T21:50:54.341+0000] {taskmixin.py:205} WARNING - Dependency <Task(_PythonDecoratedOperator): log_sql_query>, print_the_context already registered for DAG: example_python_operator
[2024-04-12T21:50:54.347+0000] {processor.py:766} INFO - DAG(s) dict_keys(['example_python_operator']) retrieved from /home/airflow/.local/lib/python3.7/site-packages/airflow/example_dags/example_python_operator.py
[2024-04-12T21:50:54.375+0000] {logging_mixin.py:120} INFO - [2024-04-12T21:50:54.374+0000] {dag.py:2585} INFO - Sync 1 DAGs
[2024-04-12T21:50:54.387+0000] {logging_mixin.py:120} INFO - [2024-04-12T21:50:54.387+0000] {dag.py:3340} INFO - Setting next_dagrun for example_python_operator to None, run_after=None
[2024-04-12T21:50:54.396+0000] {processor.py:176} INFO - Processing /home/airflow/.local/lib/python3.7/site-packages/airflow/example_dags/example_python_operator.py took 0.087 seconds
[2024-04-12T21:51:25.150+0000] {processor.py:154} INFO - Started process (PID=349) to work on /home/airflow/.local/lib/python3.7/site-packages/airflow/example_dags/example_python_operator.py
[2024-04-12T21:51:25.153+0000] {processor.py:756} INFO - Processing file /home/airflow/.local/lib/python3.7/site-packages/airflow/example_dags/example_python_operator.py for tasks to queue
[2024-04-12T21:51:25.154+0000] {logging_mixin.py:120} INFO - [2024-04-12T21:51:25.154+0000] {dagbag.py:537} INFO - Filling up the DagBag from /home/airflow/.local/lib/python3.7/site-packages/airflow/example_dags/example_python_operator.py
[2024-04-12T21:51:25.172+0000] {logging_mixin.py:120} INFO - [2024-04-12T21:51:25.172+0000] {taskmixin.py:205} WARNING - Dependency <Task(_PythonDecoratedOperator): print_the_context>, log_sql_query already registered for DAG: example_python_operator
[2024-04-12T21:51:25.176+0000] {logging_mixin.py:120} INFO - [2024-04-12T21:51:25.176+0000] {taskmixin.py:205} WARNING - Dependency <Task(_PythonDecoratedOperator): log_sql_query>, print_the_context already registered for DAG: example_python_operator
[2024-04-12T21:51:25.177+0000] {logging_mixin.py:120} INFO - [2024-04-12T21:51:25.177+0000] {taskmixin.py:205} WARNING - Dependency <Task(_PythonDecoratedOperator): print_the_context>, log_sql_query already registered for DAG: example_python_operator
[2024-04-12T21:51:25.177+0000] {logging_mixin.py:120} INFO - [2024-04-12T21:51:25.177+0000] {taskmixin.py:205} WARNING - Dependency <Task(_PythonDecoratedOperator): log_sql_query>, print_the_context already registered for DAG: example_python_operator
[2024-04-12T21:51:25.178+0000] {logging_mixin.py:120} INFO - [2024-04-12T21:51:25.178+0000] {taskmixin.py:205} WARNING - Dependency <Task(_PythonDecoratedOperator): print_the_context>, log_sql_query already registered for DAG: example_python_operator
[2024-04-12T21:51:25.178+0000] {logging_mixin.py:120} INFO - [2024-04-12T21:51:25.178+0000] {taskmixin.py:205} WARNING - Dependency <Task(_PythonDecoratedOperator): log_sql_query>, print_the_context already registered for DAG: example_python_operator
[2024-04-12T21:51:25.179+0000] {logging_mixin.py:120} INFO - [2024-04-12T21:51:25.179+0000] {taskmixin.py:205} WARNING - Dependency <Task(_PythonDecoratedOperator): print_the_context>, log_sql_query already registered for DAG: example_python_operator
[2024-04-12T21:51:25.179+0000] {logging_mixin.py:120} INFO - [2024-04-12T21:51:25.179+0000] {taskmixin.py:205} WARNING - Dependency <Task(_PythonDecoratedOperator): log_sql_query>, print_the_context already registered for DAG: example_python_operator
[2024-04-12T21:51:25.185+0000] {processor.py:766} INFO - DAG(s) dict_keys(['example_python_operator']) retrieved from /home/airflow/.local/lib/python3.7/site-packages/airflow/example_dags/example_python_operator.py
[2024-04-12T21:51:25.211+0000] {logging_mixin.py:120} INFO - [2024-04-12T21:51:25.211+0000] {dag.py:2585} INFO - Sync 1 DAGs
[2024-04-12T21:51:25.224+0000] {logging_mixin.py:120} INFO - [2024-04-12T21:51:25.224+0000] {dag.py:3340} INFO - Setting next_dagrun for example_python_operator to None, run_after=None
[2024-04-12T21:51:25.235+0000] {processor.py:176} INFO - Processing /home/airflow/.local/lib/python3.7/site-packages/airflow/example_dags/example_python_operator.py took 0.088 seconds
