[2024-04-12T21:48:55.082+0000] {processor.py:154} INFO - Started process (PID=69) to work on /home/airflow/.local/lib/python3.7/site-packages/airflow/example_dags/example_branch_python_dop_operator_3.py
[2024-04-12T21:48:55.082+0000] {processor.py:756} INFO - Processing file /home/airflow/.local/lib/python3.7/site-packages/airflow/example_dags/example_branch_python_dop_operator_3.py for tasks to queue
[2024-04-12T21:48:55.083+0000] {logging_mixin.py:120} INFO - [2024-04-12T21:48:55.083+0000] {dagbag.py:537} INFO - Filling up the DagBag from /home/airflow/.local/lib/python3.7/site-packages/airflow/example_dags/example_branch_python_dop_operator_3.py
[2024-04-12T21:48:55.097+0000] {processor.py:766} INFO - DAG(s) dict_keys(['example_branch_dop_operator_v3']) retrieved from /home/airflow/.local/lib/python3.7/site-packages/airflow/example_dags/example_branch_python_dop_operator_3.py
[2024-04-12T21:48:55.173+0000] {logging_mixin.py:120} INFO - [2024-04-12T21:48:55.173+0000] {manager.py:507} INFO - Created Permission View: can read on DAG:example_branch_dop_operator_v3
[2024-04-12T21:48:55.179+0000] {logging_mixin.py:120} INFO - [2024-04-12T21:48:55.179+0000] {manager.py:507} INFO - Created Permission View: can edit on DAG:example_branch_dop_operator_v3
[2024-04-12T21:48:55.183+0000] {logging_mixin.py:120} INFO - [2024-04-12T21:48:55.183+0000] {manager.py:507} INFO - Created Permission View: can delete on DAG:example_branch_dop_operator_v3
[2024-04-12T21:48:55.183+0000] {logging_mixin.py:120} INFO - [2024-04-12T21:48:55.183+0000] {dag.py:2585} INFO - Sync 1 DAGs
[2024-04-12T21:48:55.191+0000] {logging_mixin.py:120} INFO - [2024-04-12T21:48:55.191+0000] {dag.py:2606} INFO - Creating ORM DAG for example_branch_dop_operator_v3
[2024-04-12T21:48:55.201+0000] {logging_mixin.py:120} INFO - [2024-04-12T21:48:55.201+0000] {dag.py:3340} INFO - Setting next_dagrun for example_branch_dop_operator_v3 to 2024-04-12T21:47:00+00:00, run_after=2024-04-12T21:48:00+00:00
[2024-04-12T21:48:55.212+0000] {processor.py:176} INFO - Processing /home/airflow/.local/lib/python3.7/site-packages/airflow/example_dags/example_branch_python_dop_operator_3.py took 0.133 seconds
[2024-04-12T21:49:25.342+0000] {processor.py:154} INFO - Started process (PID=132) to work on /home/airflow/.local/lib/python3.7/site-packages/airflow/example_dags/example_branch_python_dop_operator_3.py
[2024-04-12T21:49:25.342+0000] {processor.py:756} INFO - Processing file /home/airflow/.local/lib/python3.7/site-packages/airflow/example_dags/example_branch_python_dop_operator_3.py for tasks to queue
[2024-04-12T21:49:25.343+0000] {logging_mixin.py:120} INFO - [2024-04-12T21:49:25.343+0000] {dagbag.py:537} INFO - Filling up the DagBag from /home/airflow/.local/lib/python3.7/site-packages/airflow/example_dags/example_branch_python_dop_operator_3.py
[2024-04-12T21:49:25.355+0000] {processor.py:766} INFO - DAG(s) dict_keys(['example_branch_dop_operator_v3']) retrieved from /home/airflow/.local/lib/python3.7/site-packages/airflow/example_dags/example_branch_python_dop_operator_3.py
[2024-04-12T21:49:25.374+0000] {logging_mixin.py:120} INFO - [2024-04-12T21:49:25.374+0000] {dag.py:2585} INFO - Sync 1 DAGs
[2024-04-12T21:49:25.389+0000] {logging_mixin.py:120} INFO - [2024-04-12T21:49:25.389+0000] {dag.py:3340} INFO - Setting next_dagrun for example_branch_dop_operator_v3 to 2024-04-12T21:48:00+00:00, run_after=2024-04-12T21:49:00+00:00
[2024-04-12T21:49:25.399+0000] {processor.py:176} INFO - Processing /home/airflow/.local/lib/python3.7/site-packages/airflow/example_dags/example_branch_python_dop_operator_3.py took 0.059 seconds
[2024-04-12T21:49:55.515+0000] {processor.py:154} INFO - Started process (PID=196) to work on /home/airflow/.local/lib/python3.7/site-packages/airflow/example_dags/example_branch_python_dop_operator_3.py
[2024-04-12T21:49:55.515+0000] {processor.py:756} INFO - Processing file /home/airflow/.local/lib/python3.7/site-packages/airflow/example_dags/example_branch_python_dop_operator_3.py for tasks to queue
[2024-04-12T21:49:55.516+0000] {logging_mixin.py:120} INFO - [2024-04-12T21:49:55.516+0000] {dagbag.py:537} INFO - Filling up the DagBag from /home/airflow/.local/lib/python3.7/site-packages/airflow/example_dags/example_branch_python_dop_operator_3.py
[2024-04-12T21:49:55.527+0000] {processor.py:766} INFO - DAG(s) dict_keys(['example_branch_dop_operator_v3']) retrieved from /home/airflow/.local/lib/python3.7/site-packages/airflow/example_dags/example_branch_python_dop_operator_3.py
[2024-04-12T21:49:55.547+0000] {logging_mixin.py:120} INFO - [2024-04-12T21:49:55.547+0000] {dag.py:2585} INFO - Sync 1 DAGs
[2024-04-12T21:49:55.562+0000] {logging_mixin.py:120} INFO - [2024-04-12T21:49:55.562+0000] {dag.py:3340} INFO - Setting next_dagrun for example_branch_dop_operator_v3 to 2024-04-12T21:48:00+00:00, run_after=2024-04-12T21:49:00+00:00
[2024-04-12T21:49:55.572+0000] {processor.py:176} INFO - Processing /home/airflow/.local/lib/python3.7/site-packages/airflow/example_dags/example_branch_python_dop_operator_3.py took 0.059 seconds
[2024-04-12T21:50:26.425+0000] {processor.py:154} INFO - Started process (PID=257) to work on /home/airflow/.local/lib/python3.7/site-packages/airflow/example_dags/example_branch_python_dop_operator_3.py
[2024-04-12T21:50:26.425+0000] {processor.py:756} INFO - Processing file /home/airflow/.local/lib/python3.7/site-packages/airflow/example_dags/example_branch_python_dop_operator_3.py for tasks to queue
[2024-04-12T21:50:26.426+0000] {logging_mixin.py:120} INFO - [2024-04-12T21:50:26.426+0000] {dagbag.py:537} INFO - Filling up the DagBag from /home/airflow/.local/lib/python3.7/site-packages/airflow/example_dags/example_branch_python_dop_operator_3.py
[2024-04-12T21:50:26.437+0000] {processor.py:766} INFO - DAG(s) dict_keys(['example_branch_dop_operator_v3']) retrieved from /home/airflow/.local/lib/python3.7/site-packages/airflow/example_dags/example_branch_python_dop_operator_3.py
[2024-04-12T21:50:26.460+0000] {logging_mixin.py:120} INFO - [2024-04-12T21:50:26.460+0000] {dag.py:2585} INFO - Sync 1 DAGs
[2024-04-12T21:50:26.480+0000] {logging_mixin.py:120} INFO - [2024-04-12T21:50:26.480+0000] {dag.py:3340} INFO - Setting next_dagrun for example_branch_dop_operator_v3 to 2024-04-12T21:49:00+00:00, run_after=2024-04-12T21:50:00+00:00
[2024-04-12T21:50:26.491+0000] {processor.py:176} INFO - Processing /home/airflow/.local/lib/python3.7/site-packages/airflow/example_dags/example_branch_python_dop_operator_3.py took 0.069 seconds
[2024-04-12T21:50:57.300+0000] {processor.py:154} INFO - Started process (PID=311) to work on /home/airflow/.local/lib/python3.7/site-packages/airflow/example_dags/example_branch_python_dop_operator_3.py
[2024-04-12T21:50:57.300+0000] {processor.py:756} INFO - Processing file /home/airflow/.local/lib/python3.7/site-packages/airflow/example_dags/example_branch_python_dop_operator_3.py for tasks to queue
[2024-04-12T21:50:57.301+0000] {logging_mixin.py:120} INFO - [2024-04-12T21:50:57.300+0000] {dagbag.py:537} INFO - Filling up the DagBag from /home/airflow/.local/lib/python3.7/site-packages/airflow/example_dags/example_branch_python_dop_operator_3.py
[2024-04-12T21:50:57.313+0000] {processor.py:766} INFO - DAG(s) dict_keys(['example_branch_dop_operator_v3']) retrieved from /home/airflow/.local/lib/python3.7/site-packages/airflow/example_dags/example_branch_python_dop_operator_3.py
[2024-04-12T21:50:57.334+0000] {logging_mixin.py:120} INFO - [2024-04-12T21:50:57.334+0000] {dag.py:2585} INFO - Sync 1 DAGs
[2024-04-12T21:50:57.349+0000] {logging_mixin.py:120} INFO - [2024-04-12T21:50:57.349+0000] {dag.py:3340} INFO - Setting next_dagrun for example_branch_dop_operator_v3 to 2024-04-12T21:49:00+00:00, run_after=2024-04-12T21:50:00+00:00
[2024-04-12T21:50:57.359+0000] {processor.py:176} INFO - Processing /home/airflow/.local/lib/python3.7/site-packages/airflow/example_dags/example_branch_python_dop_operator_3.py took 0.062 seconds
[2024-04-12T21:51:28.291+0000] {processor.py:154} INFO - Started process (PID=373) to work on /home/airflow/.local/lib/python3.7/site-packages/airflow/example_dags/example_branch_python_dop_operator_3.py
[2024-04-12T21:51:28.291+0000] {processor.py:756} INFO - Processing file /home/airflow/.local/lib/python3.7/site-packages/airflow/example_dags/example_branch_python_dop_operator_3.py for tasks to queue
[2024-04-12T21:51:28.292+0000] {logging_mixin.py:120} INFO - [2024-04-12T21:51:28.292+0000] {dagbag.py:537} INFO - Filling up the DagBag from /home/airflow/.local/lib/python3.7/site-packages/airflow/example_dags/example_branch_python_dop_operator_3.py
[2024-04-12T21:51:28.304+0000] {processor.py:766} INFO - DAG(s) dict_keys(['example_branch_dop_operator_v3']) retrieved from /home/airflow/.local/lib/python3.7/site-packages/airflow/example_dags/example_branch_python_dop_operator_3.py
[2024-04-12T21:51:28.324+0000] {logging_mixin.py:120} INFO - [2024-04-12T21:51:28.324+0000] {dag.py:2585} INFO - Sync 1 DAGs
[2024-04-12T21:51:28.340+0000] {logging_mixin.py:120} INFO - [2024-04-12T21:51:28.340+0000] {dag.py:3340} INFO - Setting next_dagrun for example_branch_dop_operator_v3 to 2024-04-12T21:50:00+00:00, run_after=2024-04-12T21:51:00+00:00
[2024-04-12T21:51:28.350+0000] {processor.py:176} INFO - Processing /home/airflow/.local/lib/python3.7/site-packages/airflow/example_dags/example_branch_python_dop_operator_3.py took 0.061 seconds
