[2024-04-12T21:48:52.056+0000] {processor.py:154} INFO - Started process (PID=49) to work on /home/airflow/.local/lib/python3.7/site-packages/airflow/example_dags/example_external_task_marker_dag.py
[2024-04-12T21:48:52.058+0000] {processor.py:756} INFO - Processing file /home/airflow/.local/lib/python3.7/site-packages/airflow/example_dags/example_external_task_marker_dag.py for tasks to queue
[2024-04-12T21:48:52.058+0000] {logging_mixin.py:120} INFO - [2024-04-12T21:48:52.058+0000] {dagbag.py:537} INFO - Filling up the DagBag from /home/airflow/.local/lib/python3.7/site-packages/airflow/example_dags/example_external_task_marker_dag.py
[2024-04-12T21:48:52.075+0000] {processor.py:766} INFO - DAG(s) dict_keys(['example_external_task_marker_parent', 'example_external_task_marker_child']) retrieved from /home/airflow/.local/lib/python3.7/site-packages/airflow/example_dags/example_external_task_marker_dag.py
[2024-04-12T21:48:52.225+0000] {logging_mixin.py:120} INFO - [2024-04-12T21:48:52.225+0000] {manager.py:507} INFO - Created Permission View: can read on DAG:example_external_task_marker_parent
[2024-04-12T21:48:52.235+0000] {logging_mixin.py:120} INFO - [2024-04-12T21:48:52.235+0000] {manager.py:507} INFO - Created Permission View: can edit on DAG:example_external_task_marker_parent
[2024-04-12T21:48:52.241+0000] {logging_mixin.py:120} INFO - [2024-04-12T21:48:52.241+0000] {manager.py:507} INFO - Created Permission View: can delete on DAG:example_external_task_marker_parent
[2024-04-12T21:48:52.359+0000] {logging_mixin.py:120} INFO - [2024-04-12T21:48:52.359+0000] {manager.py:507} INFO - Created Permission View: can read on DAG:example_external_task_marker_child
[2024-04-12T21:48:52.367+0000] {logging_mixin.py:120} INFO - [2024-04-12T21:48:52.367+0000] {manager.py:507} INFO - Created Permission View: can edit on DAG:example_external_task_marker_child
[2024-04-12T21:48:52.373+0000] {logging_mixin.py:120} INFO - [2024-04-12T21:48:52.373+0000] {manager.py:507} INFO - Created Permission View: can delete on DAG:example_external_task_marker_child
[2024-04-12T21:48:52.373+0000] {logging_mixin.py:120} INFO - [2024-04-12T21:48:52.373+0000] {dag.py:2585} INFO - Sync 2 DAGs
[2024-04-12T21:48:52.384+0000] {logging_mixin.py:120} INFO - [2024-04-12T21:48:52.384+0000] {dag.py:2606} INFO - Creating ORM DAG for example_external_task_marker_parent
[2024-04-12T21:48:52.385+0000] {logging_mixin.py:120} INFO - [2024-04-12T21:48:52.385+0000] {dag.py:2606} INFO - Creating ORM DAG for example_external_task_marker_child
[2024-04-12T21:48:52.394+0000] {logging_mixin.py:120} INFO - [2024-04-12T21:48:52.394+0000] {dag.py:3340} INFO - Setting next_dagrun for example_external_task_marker_child to None, run_after=None
[2024-04-12T21:48:52.395+0000] {logging_mixin.py:120} INFO - [2024-04-12T21:48:52.395+0000] {dag.py:3340} INFO - Setting next_dagrun for example_external_task_marker_parent to None, run_after=None
[2024-04-12T21:48:52.413+0000] {processor.py:176} INFO - Processing /home/airflow/.local/lib/python3.7/site-packages/airflow/example_dags/example_external_task_marker_dag.py took 0.359 seconds
[2024-04-12T21:49:23.379+0000] {processor.py:154} INFO - Started process (PID=112) to work on /home/airflow/.local/lib/python3.7/site-packages/airflow/example_dags/example_external_task_marker_dag.py
[2024-04-12T21:49:23.380+0000] {processor.py:756} INFO - Processing file /home/airflow/.local/lib/python3.7/site-packages/airflow/example_dags/example_external_task_marker_dag.py for tasks to queue
[2024-04-12T21:49:23.381+0000] {logging_mixin.py:120} INFO - [2024-04-12T21:49:23.381+0000] {dagbag.py:537} INFO - Filling up the DagBag from /home/airflow/.local/lib/python3.7/site-packages/airflow/example_dags/example_external_task_marker_dag.py
[2024-04-12T21:49:23.398+0000] {processor.py:766} INFO - DAG(s) dict_keys(['example_external_task_marker_child', 'example_external_task_marker_parent']) retrieved from /home/airflow/.local/lib/python3.7/site-packages/airflow/example_dags/example_external_task_marker_dag.py
[2024-04-12T21:49:23.500+0000] {logging_mixin.py:120} INFO - [2024-04-12T21:49:23.499+0000] {dag.py:2585} INFO - Sync 2 DAGs
[2024-04-12T21:49:23.516+0000] {logging_mixin.py:120} INFO - [2024-04-12T21:49:23.516+0000] {dag.py:3340} INFO - Setting next_dagrun for example_external_task_marker_child to None, run_after=None
[2024-04-12T21:49:23.518+0000] {logging_mixin.py:120} INFO - [2024-04-12T21:49:23.518+0000] {dag.py:3340} INFO - Setting next_dagrun for example_external_task_marker_parent to None, run_after=None
[2024-04-12T21:49:23.527+0000] {processor.py:176} INFO - Processing /home/airflow/.local/lib/python3.7/site-packages/airflow/example_dags/example_external_task_marker_dag.py took 0.153 seconds
[2024-04-12T21:49:53.602+0000] {processor.py:154} INFO - Started process (PID=169) to work on /home/airflow/.local/lib/python3.7/site-packages/airflow/example_dags/example_external_task_marker_dag.py
[2024-04-12T21:49:53.603+0000] {processor.py:756} INFO - Processing file /home/airflow/.local/lib/python3.7/site-packages/airflow/example_dags/example_external_task_marker_dag.py for tasks to queue
[2024-04-12T21:49:53.603+0000] {logging_mixin.py:120} INFO - [2024-04-12T21:49:53.603+0000] {dagbag.py:537} INFO - Filling up the DagBag from /home/airflow/.local/lib/python3.7/site-packages/airflow/example_dags/example_external_task_marker_dag.py
[2024-04-12T21:49:53.611+0000] {processor.py:766} INFO - DAG(s) dict_keys(['example_external_task_marker_parent', 'example_external_task_marker_child']) retrieved from /home/airflow/.local/lib/python3.7/site-packages/airflow/example_dags/example_external_task_marker_dag.py
[2024-04-12T21:49:53.700+0000] {logging_mixin.py:120} INFO - [2024-04-12T21:49:53.699+0000] {dag.py:2585} INFO - Sync 2 DAGs
[2024-04-12T21:49:53.712+0000] {logging_mixin.py:120} INFO - [2024-04-12T21:49:53.712+0000] {dag.py:3340} INFO - Setting next_dagrun for example_external_task_marker_child to None, run_after=None
[2024-04-12T21:49:53.714+0000] {logging_mixin.py:120} INFO - [2024-04-12T21:49:53.714+0000] {dag.py:3340} INFO - Setting next_dagrun for example_external_task_marker_parent to None, run_after=None
[2024-04-12T21:49:53.722+0000] {processor.py:176} INFO - Processing /home/airflow/.local/lib/python3.7/site-packages/airflow/example_dags/example_external_task_marker_dag.py took 0.122 seconds
[2024-04-12T21:50:24.582+0000] {processor.py:154} INFO - Started process (PID=229) to work on /home/airflow/.local/lib/python3.7/site-packages/airflow/example_dags/example_external_task_marker_dag.py
[2024-04-12T21:50:24.584+0000] {processor.py:756} INFO - Processing file /home/airflow/.local/lib/python3.7/site-packages/airflow/example_dags/example_external_task_marker_dag.py for tasks to queue
[2024-04-12T21:50:24.585+0000] {logging_mixin.py:120} INFO - [2024-04-12T21:50:24.585+0000] {dagbag.py:537} INFO - Filling up the DagBag from /home/airflow/.local/lib/python3.7/site-packages/airflow/example_dags/example_external_task_marker_dag.py
[2024-04-12T21:50:24.602+0000] {processor.py:766} INFO - DAG(s) dict_keys(['example_external_task_marker_parent', 'example_external_task_marker_child']) retrieved from /home/airflow/.local/lib/python3.7/site-packages/airflow/example_dags/example_external_task_marker_dag.py
[2024-04-12T21:50:24.712+0000] {logging_mixin.py:120} INFO - [2024-04-12T21:50:24.712+0000] {dag.py:2585} INFO - Sync 2 DAGs
[2024-04-12T21:50:24.724+0000] {logging_mixin.py:120} INFO - [2024-04-12T21:50:24.724+0000] {dag.py:3340} INFO - Setting next_dagrun for example_external_task_marker_child to None, run_after=None
[2024-04-12T21:50:24.726+0000] {logging_mixin.py:120} INFO - [2024-04-12T21:50:24.726+0000] {dag.py:3340} INFO - Setting next_dagrun for example_external_task_marker_parent to None, run_after=None
[2024-04-12T21:50:24.734+0000] {processor.py:176} INFO - Processing /home/airflow/.local/lib/python3.7/site-packages/airflow/example_dags/example_external_task_marker_dag.py took 0.157 seconds
[2024-04-12T21:50:55.518+0000] {processor.py:154} INFO - Started process (PID=292) to work on /home/airflow/.local/lib/python3.7/site-packages/airflow/example_dags/example_external_task_marker_dag.py
[2024-04-12T21:50:55.520+0000] {processor.py:756} INFO - Processing file /home/airflow/.local/lib/python3.7/site-packages/airflow/example_dags/example_external_task_marker_dag.py for tasks to queue
[2024-04-12T21:50:55.521+0000] {logging_mixin.py:120} INFO - [2024-04-12T21:50:55.521+0000] {dagbag.py:537} INFO - Filling up the DagBag from /home/airflow/.local/lib/python3.7/site-packages/airflow/example_dags/example_external_task_marker_dag.py
[2024-04-12T21:50:55.537+0000] {processor.py:766} INFO - DAG(s) dict_keys(['example_external_task_marker_child', 'example_external_task_marker_parent']) retrieved from /home/airflow/.local/lib/python3.7/site-packages/airflow/example_dags/example_external_task_marker_dag.py
[2024-04-12T21:50:55.639+0000] {logging_mixin.py:120} INFO - [2024-04-12T21:50:55.639+0000] {dag.py:2585} INFO - Sync 2 DAGs
[2024-04-12T21:50:55.652+0000] {logging_mixin.py:120} INFO - [2024-04-12T21:50:55.652+0000] {dag.py:3340} INFO - Setting next_dagrun for example_external_task_marker_child to None, run_after=None
[2024-04-12T21:50:55.654+0000] {logging_mixin.py:120} INFO - [2024-04-12T21:50:55.654+0000] {dag.py:3340} INFO - Setting next_dagrun for example_external_task_marker_parent to None, run_after=None
[2024-04-12T21:50:55.662+0000] {processor.py:176} INFO - Processing /home/airflow/.local/lib/python3.7/site-packages/airflow/example_dags/example_external_task_marker_dag.py took 0.149 seconds
[2024-04-12T21:51:26.365+0000] {processor.py:154} INFO - Started process (PID=354) to work on /home/airflow/.local/lib/python3.7/site-packages/airflow/example_dags/example_external_task_marker_dag.py
[2024-04-12T21:51:26.366+0000] {processor.py:756} INFO - Processing file /home/airflow/.local/lib/python3.7/site-packages/airflow/example_dags/example_external_task_marker_dag.py for tasks to queue
[2024-04-12T21:51:26.368+0000] {logging_mixin.py:120} INFO - [2024-04-12T21:51:26.367+0000] {dagbag.py:537} INFO - Filling up the DagBag from /home/airflow/.local/lib/python3.7/site-packages/airflow/example_dags/example_external_task_marker_dag.py
[2024-04-12T21:51:26.384+0000] {processor.py:766} INFO - DAG(s) dict_keys(['example_external_task_marker_child', 'example_external_task_marker_parent']) retrieved from /home/airflow/.local/lib/python3.7/site-packages/airflow/example_dags/example_external_task_marker_dag.py
[2024-04-12T21:51:26.485+0000] {logging_mixin.py:120} INFO - [2024-04-12T21:51:26.485+0000] {dag.py:2585} INFO - Sync 2 DAGs
[2024-04-12T21:51:26.498+0000] {logging_mixin.py:120} INFO - [2024-04-12T21:51:26.498+0000] {dag.py:3340} INFO - Setting next_dagrun for example_external_task_marker_child to None, run_after=None
[2024-04-12T21:51:26.500+0000] {logging_mixin.py:120} INFO - [2024-04-12T21:51:26.500+0000] {dag.py:3340} INFO - Setting next_dagrun for example_external_task_marker_parent to None, run_after=None
[2024-04-12T21:51:26.509+0000] {processor.py:176} INFO - Processing /home/airflow/.local/lib/python3.7/site-packages/airflow/example_dags/example_external_task_marker_dag.py took 0.149 seconds
