[2024-04-12T21:48:55.544+0000] {processor.py:154} INFO - Started process (PID=76) to work on /home/airflow/.local/lib/python3.7/site-packages/airflow/example_dags/example_branch_operator.py
[2024-04-12T21:48:55.545+0000] {processor.py:756} INFO - Processing file /home/airflow/.local/lib/python3.7/site-packages/airflow/example_dags/example_branch_operator.py for tasks to queue
[2024-04-12T21:48:55.545+0000] {logging_mixin.py:120} INFO - [2024-04-12T21:48:55.545+0000] {dagbag.py:537} INFO - Filling up the DagBag from /home/airflow/.local/lib/python3.7/site-packages/airflow/example_dags/example_branch_operator.py
[2024-04-12T21:48:55.555+0000] {processor.py:766} INFO - DAG(s) dict_keys(['example_branch_operator']) retrieved from /home/airflow/.local/lib/python3.7/site-packages/airflow/example_dags/example_branch_operator.py
[2024-04-12T21:48:55.628+0000] {logging_mixin.py:120} INFO - [2024-04-12T21:48:55.628+0000] {manager.py:507} INFO - Created Permission View: can read on DAG:example_branch_operator
[2024-04-12T21:48:55.634+0000] {logging_mixin.py:120} INFO - [2024-04-12T21:48:55.634+0000] {manager.py:507} INFO - Created Permission View: can edit on DAG:example_branch_operator
[2024-04-12T21:48:55.638+0000] {logging_mixin.py:120} INFO - [2024-04-12T21:48:55.638+0000] {manager.py:507} INFO - Created Permission View: can delete on DAG:example_branch_operator
[2024-04-12T21:48:55.639+0000] {logging_mixin.py:120} INFO - [2024-04-12T21:48:55.639+0000] {dag.py:2585} INFO - Sync 1 DAGs
[2024-04-12T21:48:55.647+0000] {logging_mixin.py:120} INFO - [2024-04-12T21:48:55.647+0000] {dag.py:2606} INFO - Creating ORM DAG for example_branch_operator
[2024-04-12T21:48:55.654+0000] {logging_mixin.py:120} INFO - [2024-04-12T21:48:55.654+0000] {dag.py:3340} INFO - Setting next_dagrun for example_branch_operator to 2024-04-11T00:00:00+00:00, run_after=2024-04-12T00:00:00+00:00
[2024-04-12T21:48:55.672+0000] {processor.py:176} INFO - Processing /home/airflow/.local/lib/python3.7/site-packages/airflow/example_dags/example_branch_operator.py took 0.129 seconds
[2024-04-12T21:49:26.597+0000] {processor.py:154} INFO - Started process (PID=139) to work on /home/airflow/.local/lib/python3.7/site-packages/airflow/example_dags/example_branch_operator.py
[2024-04-12T21:49:26.598+0000] {processor.py:756} INFO - Processing file /home/airflow/.local/lib/python3.7/site-packages/airflow/example_dags/example_branch_operator.py for tasks to queue
[2024-04-12T21:49:26.599+0000] {logging_mixin.py:120} INFO - [2024-04-12T21:49:26.599+0000] {dagbag.py:537} INFO - Filling up the DagBag from /home/airflow/.local/lib/python3.7/site-packages/airflow/example_dags/example_branch_operator.py
[2024-04-12T21:49:26.616+0000] {processor.py:766} INFO - DAG(s) dict_keys(['example_branch_operator']) retrieved from /home/airflow/.local/lib/python3.7/site-packages/airflow/example_dags/example_branch_operator.py
[2024-04-12T21:49:26.642+0000] {logging_mixin.py:120} INFO - [2024-04-12T21:49:26.642+0000] {dag.py:2585} INFO - Sync 1 DAGs
[2024-04-12T21:49:26.656+0000] {logging_mixin.py:120} INFO - [2024-04-12T21:49:26.656+0000] {dag.py:3340} INFO - Setting next_dagrun for example_branch_operator to 2024-04-11T00:00:00+00:00, run_after=2024-04-12T00:00:00+00:00
[2024-04-12T21:49:26.666+0000] {processor.py:176} INFO - Processing /home/airflow/.local/lib/python3.7/site-packages/airflow/example_dags/example_branch_operator.py took 0.073 seconds
[2024-04-12T21:49:56.817+0000] {processor.py:154} INFO - Started process (PID=203) to work on /home/airflow/.local/lib/python3.7/site-packages/airflow/example_dags/example_branch_operator.py
[2024-04-12T21:49:56.818+0000] {processor.py:756} INFO - Processing file /home/airflow/.local/lib/python3.7/site-packages/airflow/example_dags/example_branch_operator.py for tasks to queue
[2024-04-12T21:49:56.819+0000] {logging_mixin.py:120} INFO - [2024-04-12T21:49:56.819+0000] {dagbag.py:537} INFO - Filling up the DagBag from /home/airflow/.local/lib/python3.7/site-packages/airflow/example_dags/example_branch_operator.py
[2024-04-12T21:49:56.835+0000] {processor.py:766} INFO - DAG(s) dict_keys(['example_branch_operator']) retrieved from /home/airflow/.local/lib/python3.7/site-packages/airflow/example_dags/example_branch_operator.py
[2024-04-12T21:49:56.862+0000] {logging_mixin.py:120} INFO - [2024-04-12T21:49:56.862+0000] {dag.py:2585} INFO - Sync 1 DAGs
[2024-04-12T21:49:56.877+0000] {logging_mixin.py:120} INFO - [2024-04-12T21:49:56.877+0000] {dag.py:3340} INFO - Setting next_dagrun for example_branch_operator to 2024-04-11T00:00:00+00:00, run_after=2024-04-12T00:00:00+00:00
[2024-04-12T21:49:56.887+0000] {processor.py:176} INFO - Processing /home/airflow/.local/lib/python3.7/site-packages/airflow/example_dags/example_branch_operator.py took 0.074 seconds
[2024-04-12T21:50:27.695+0000] {processor.py:154} INFO - Started process (PID=264) to work on /home/airflow/.local/lib/python3.7/site-packages/airflow/example_dags/example_branch_operator.py
[2024-04-12T21:50:27.697+0000] {processor.py:756} INFO - Processing file /home/airflow/.local/lib/python3.7/site-packages/airflow/example_dags/example_branch_operator.py for tasks to queue
[2024-04-12T21:50:27.697+0000] {logging_mixin.py:120} INFO - [2024-04-12T21:50:27.697+0000] {dagbag.py:537} INFO - Filling up the DagBag from /home/airflow/.local/lib/python3.7/site-packages/airflow/example_dags/example_branch_operator.py
[2024-04-12T21:50:27.712+0000] {processor.py:766} INFO - DAG(s) dict_keys(['example_branch_operator']) retrieved from /home/airflow/.local/lib/python3.7/site-packages/airflow/example_dags/example_branch_operator.py
[2024-04-12T21:50:27.737+0000] {logging_mixin.py:120} INFO - [2024-04-12T21:50:27.737+0000] {dag.py:2585} INFO - Sync 1 DAGs
[2024-04-12T21:50:27.754+0000] {logging_mixin.py:120} INFO - [2024-04-12T21:50:27.754+0000] {dag.py:3340} INFO - Setting next_dagrun for example_branch_operator to 2024-04-11T00:00:00+00:00, run_after=2024-04-12T00:00:00+00:00
[2024-04-12T21:50:27.763+0000] {processor.py:176} INFO - Processing /home/airflow/.local/lib/python3.7/site-packages/airflow/example_dags/example_branch_operator.py took 0.072 seconds
[2024-04-12T21:50:58.514+0000] {processor.py:154} INFO - Started process (PID=327) to work on /home/airflow/.local/lib/python3.7/site-packages/airflow/example_dags/example_branch_operator.py
[2024-04-12T21:50:58.515+0000] {processor.py:756} INFO - Processing file /home/airflow/.local/lib/python3.7/site-packages/airflow/example_dags/example_branch_operator.py for tasks to queue
[2024-04-12T21:50:58.516+0000] {logging_mixin.py:120} INFO - [2024-04-12T21:50:58.515+0000] {dagbag.py:537} INFO - Filling up the DagBag from /home/airflow/.local/lib/python3.7/site-packages/airflow/example_dags/example_branch_operator.py
[2024-04-12T21:50:58.525+0000] {processor.py:766} INFO - DAG(s) dict_keys(['example_branch_operator']) retrieved from /home/airflow/.local/lib/python3.7/site-packages/airflow/example_dags/example_branch_operator.py
[2024-04-12T21:50:58.551+0000] {logging_mixin.py:120} INFO - [2024-04-12T21:50:58.551+0000] {dag.py:2585} INFO - Sync 1 DAGs
[2024-04-12T21:50:58.567+0000] {logging_mixin.py:120} INFO - [2024-04-12T21:50:58.567+0000] {dag.py:3340} INFO - Setting next_dagrun for example_branch_operator to 2024-04-11T00:00:00+00:00, run_after=2024-04-12T00:00:00+00:00
[2024-04-12T21:50:58.579+0000] {processor.py:176} INFO - Processing /home/airflow/.local/lib/python3.7/site-packages/airflow/example_dags/example_branch_operator.py took 0.066 seconds
[2024-04-12T21:51:29.556+0000] {processor.py:154} INFO - Started process (PID=380) to work on /home/airflow/.local/lib/python3.7/site-packages/airflow/example_dags/example_branch_operator.py
[2024-04-12T21:51:29.557+0000] {processor.py:756} INFO - Processing file /home/airflow/.local/lib/python3.7/site-packages/airflow/example_dags/example_branch_operator.py for tasks to queue
[2024-04-12T21:51:29.557+0000] {logging_mixin.py:120} INFO - [2024-04-12T21:51:29.557+0000] {dagbag.py:537} INFO - Filling up the DagBag from /home/airflow/.local/lib/python3.7/site-packages/airflow/example_dags/example_branch_operator.py
[2024-04-12T21:51:29.569+0000] {processor.py:766} INFO - DAG(s) dict_keys(['example_branch_operator']) retrieved from /home/airflow/.local/lib/python3.7/site-packages/airflow/example_dags/example_branch_operator.py
[2024-04-12T21:51:29.595+0000] {logging_mixin.py:120} INFO - [2024-04-12T21:51:29.595+0000] {dag.py:2585} INFO - Sync 1 DAGs
[2024-04-12T21:51:29.608+0000] {logging_mixin.py:120} INFO - [2024-04-12T21:51:29.608+0000] {dag.py:3340} INFO - Setting next_dagrun for example_branch_operator to 2024-04-11T00:00:00+00:00, run_after=2024-04-12T00:00:00+00:00
[2024-04-12T21:51:29.619+0000] {processor.py:176} INFO - Processing /home/airflow/.local/lib/python3.7/site-packages/airflow/example_dags/example_branch_operator.py took 0.066 seconds
