[2024-04-12T21:48:55.406+0000] {processor.py:154} INFO - Started process (PID=74) to work on /home/airflow/.local/lib/python3.7/site-packages/airflow/example_dags/example_sla_dag.py
[2024-04-12T21:48:55.407+0000] {processor.py:756} INFO - Processing file /home/airflow/.local/lib/python3.7/site-packages/airflow/example_dags/example_sla_dag.py for tasks to queue
[2024-04-12T21:48:55.408+0000] {logging_mixin.py:120} INFO - [2024-04-12T21:48:55.408+0000] {dagbag.py:537} INFO - Filling up the DagBag from /home/airflow/.local/lib/python3.7/site-packages/airflow/example_dags/example_sla_dag.py
[2024-04-12T21:48:55.421+0000] {processor.py:766} INFO - DAG(s) dict_keys(['example_sla_dag']) retrieved from /home/airflow/.local/lib/python3.7/site-packages/airflow/example_dags/example_sla_dag.py
[2024-04-12T21:48:55.494+0000] {logging_mixin.py:120} INFO - [2024-04-12T21:48:55.494+0000] {manager.py:507} INFO - Created Permission View: can read on DAG:example_sla_dag
[2024-04-12T21:48:55.502+0000] {logging_mixin.py:120} INFO - [2024-04-12T21:48:55.502+0000] {manager.py:507} INFO - Created Permission View: can edit on DAG:example_sla_dag
[2024-04-12T21:48:55.506+0000] {logging_mixin.py:120} INFO - [2024-04-12T21:48:55.506+0000] {manager.py:507} INFO - Created Permission View: can delete on DAG:example_sla_dag
[2024-04-12T21:48:55.506+0000] {logging_mixin.py:120} INFO - [2024-04-12T21:48:55.506+0000] {dag.py:2585} INFO - Sync 1 DAGs
[2024-04-12T21:48:55.513+0000] {logging_mixin.py:120} INFO - [2024-04-12T21:48:55.513+0000] {dag.py:2606} INFO - Creating ORM DAG for example_sla_dag
[2024-04-12T21:48:55.521+0000] {logging_mixin.py:120} INFO - [2024-04-12T21:48:55.521+0000] {dag.py:3340} INFO - Setting next_dagrun for example_sla_dag to 2024-04-12T21:46:00+00:00, run_after=2024-04-12T21:48:00+00:00
[2024-04-12T21:48:55.531+0000] {processor.py:176} INFO - Processing /home/airflow/.local/lib/python3.7/site-packages/airflow/example_dags/example_sla_dag.py took 0.127 seconds
[2024-04-12T21:49:25.557+0000] {processor.py:154} INFO - Started process (PID=137) to work on /home/airflow/.local/lib/python3.7/site-packages/airflow/example_dags/example_sla_dag.py
[2024-04-12T21:49:25.558+0000] {processor.py:756} INFO - Processing file /home/airflow/.local/lib/python3.7/site-packages/airflow/example_dags/example_sla_dag.py for tasks to queue
[2024-04-12T21:49:25.558+0000] {logging_mixin.py:120} INFO - [2024-04-12T21:49:25.558+0000] {dagbag.py:537} INFO - Filling up the DagBag from /home/airflow/.local/lib/python3.7/site-packages/airflow/example_dags/example_sla_dag.py
[2024-04-12T21:49:25.571+0000] {processor.py:766} INFO - DAG(s) dict_keys(['example_sla_dag']) retrieved from /home/airflow/.local/lib/python3.7/site-packages/airflow/example_dags/example_sla_dag.py
[2024-04-12T21:49:25.592+0000] {logging_mixin.py:120} INFO - [2024-04-12T21:49:25.592+0000] {dag.py:2585} INFO - Sync 1 DAGs
[2024-04-12T21:49:25.606+0000] {logging_mixin.py:120} INFO - [2024-04-12T21:49:25.606+0000] {dag.py:3340} INFO - Setting next_dagrun for example_sla_dag to 2024-04-12T21:46:00+00:00, run_after=2024-04-12T21:48:00+00:00
[2024-04-12T21:49:25.615+0000] {processor.py:176} INFO - Processing /home/airflow/.local/lib/python3.7/site-packages/airflow/example_dags/example_sla_dag.py took 0.059 seconds
[2024-04-12T21:49:55.750+0000] {processor.py:154} INFO - Started process (PID=201) to work on /home/airflow/.local/lib/python3.7/site-packages/airflow/example_dags/example_sla_dag.py
[2024-04-12T21:49:55.750+0000] {processor.py:756} INFO - Processing file /home/airflow/.local/lib/python3.7/site-packages/airflow/example_dags/example_sla_dag.py for tasks to queue
[2024-04-12T21:49:55.751+0000] {logging_mixin.py:120} INFO - [2024-04-12T21:49:55.751+0000] {dagbag.py:537} INFO - Filling up the DagBag from /home/airflow/.local/lib/python3.7/site-packages/airflow/example_dags/example_sla_dag.py
[2024-04-12T21:49:55.763+0000] {processor.py:766} INFO - DAG(s) dict_keys(['example_sla_dag']) retrieved from /home/airflow/.local/lib/python3.7/site-packages/airflow/example_dags/example_sla_dag.py
[2024-04-12T21:49:55.783+0000] {logging_mixin.py:120} INFO - [2024-04-12T21:49:55.782+0000] {dag.py:2585} INFO - Sync 1 DAGs
[2024-04-12T21:49:55.797+0000] {logging_mixin.py:120} INFO - [2024-04-12T21:49:55.797+0000] {dag.py:3340} INFO - Setting next_dagrun for example_sla_dag to 2024-04-12T21:46:00+00:00, run_after=2024-04-12T21:48:00+00:00
[2024-04-12T21:49:55.806+0000] {processor.py:176} INFO - Processing /home/airflow/.local/lib/python3.7/site-packages/airflow/example_dags/example_sla_dag.py took 0.058 seconds
[2024-04-12T21:50:26.650+0000] {processor.py:154} INFO - Started process (PID=262) to work on /home/airflow/.local/lib/python3.7/site-packages/airflow/example_dags/example_sla_dag.py
[2024-04-12T21:50:26.651+0000] {processor.py:756} INFO - Processing file /home/airflow/.local/lib/python3.7/site-packages/airflow/example_dags/example_sla_dag.py for tasks to queue
[2024-04-12T21:50:26.651+0000] {logging_mixin.py:120} INFO - [2024-04-12T21:50:26.651+0000] {dagbag.py:537} INFO - Filling up the DagBag from /home/airflow/.local/lib/python3.7/site-packages/airflow/example_dags/example_sla_dag.py
[2024-04-12T21:50:26.663+0000] {processor.py:766} INFO - DAG(s) dict_keys(['example_sla_dag']) retrieved from /home/airflow/.local/lib/python3.7/site-packages/airflow/example_dags/example_sla_dag.py
[2024-04-12T21:50:26.684+0000] {logging_mixin.py:120} INFO - [2024-04-12T21:50:26.684+0000] {dag.py:2585} INFO - Sync 1 DAGs
[2024-04-12T21:50:26.698+0000] {logging_mixin.py:120} INFO - [2024-04-12T21:50:26.698+0000] {dag.py:3340} INFO - Setting next_dagrun for example_sla_dag to 2024-04-12T21:48:00+00:00, run_after=2024-04-12T21:50:00+00:00
[2024-04-12T21:50:26.707+0000] {processor.py:176} INFO - Processing /home/airflow/.local/lib/python3.7/site-packages/airflow/example_dags/example_sla_dag.py took 0.058 seconds
[2024-04-12T21:50:57.470+0000] {processor.py:154} INFO - Started process (PID=316) to work on /home/airflow/.local/lib/python3.7/site-packages/airflow/example_dags/example_sla_dag.py
[2024-04-12T21:50:57.471+0000] {processor.py:756} INFO - Processing file /home/airflow/.local/lib/python3.7/site-packages/airflow/example_dags/example_sla_dag.py for tasks to queue
[2024-04-12T21:50:57.471+0000] {logging_mixin.py:120} INFO - [2024-04-12T21:50:57.471+0000] {dagbag.py:537} INFO - Filling up the DagBag from /home/airflow/.local/lib/python3.7/site-packages/airflow/example_dags/example_sla_dag.py
[2024-04-12T21:50:57.483+0000] {processor.py:766} INFO - DAG(s) dict_keys(['example_sla_dag']) retrieved from /home/airflow/.local/lib/python3.7/site-packages/airflow/example_dags/example_sla_dag.py
[2024-04-12T21:50:57.503+0000] {logging_mixin.py:120} INFO - [2024-04-12T21:50:57.503+0000] {dag.py:2585} INFO - Sync 1 DAGs
[2024-04-12T21:50:57.517+0000] {logging_mixin.py:120} INFO - [2024-04-12T21:50:57.517+0000] {dag.py:3340} INFO - Setting next_dagrun for example_sla_dag to 2024-04-12T21:48:00+00:00, run_after=2024-04-12T21:50:00+00:00
[2024-04-12T21:50:57.525+0000] {processor.py:176} INFO - Processing /home/airflow/.local/lib/python3.7/site-packages/airflow/example_dags/example_sla_dag.py took 0.057 seconds
[2024-04-12T21:51:28.503+0000] {processor.py:154} INFO - Started process (PID=378) to work on /home/airflow/.local/lib/python3.7/site-packages/airflow/example_dags/example_sla_dag.py
[2024-04-12T21:51:28.503+0000] {processor.py:756} INFO - Processing file /home/airflow/.local/lib/python3.7/site-packages/airflow/example_dags/example_sla_dag.py for tasks to queue
[2024-04-12T21:51:28.504+0000] {logging_mixin.py:120} INFO - [2024-04-12T21:51:28.504+0000] {dagbag.py:537} INFO - Filling up the DagBag from /home/airflow/.local/lib/python3.7/site-packages/airflow/example_dags/example_sla_dag.py
[2024-04-12T21:51:28.516+0000] {processor.py:766} INFO - DAG(s) dict_keys(['example_sla_dag']) retrieved from /home/airflow/.local/lib/python3.7/site-packages/airflow/example_dags/example_sla_dag.py
[2024-04-12T21:51:28.535+0000] {logging_mixin.py:120} INFO - [2024-04-12T21:51:28.535+0000] {dag.py:2585} INFO - Sync 1 DAGs
[2024-04-12T21:51:28.550+0000] {logging_mixin.py:120} INFO - [2024-04-12T21:51:28.550+0000] {dag.py:3340} INFO - Setting next_dagrun for example_sla_dag to 2024-04-12T21:48:00+00:00, run_after=2024-04-12T21:50:00+00:00
[2024-04-12T21:51:28.559+0000] {processor.py:176} INFO - Processing /home/airflow/.local/lib/python3.7/site-packages/airflow/example_dags/example_sla_dag.py took 0.058 seconds
