[2024-04-12T21:48:55.501+0000] {processor.py:154} INFO - Started process (PID=75) to work on /home/airflow/.local/lib/python3.7/site-packages/airflow/example_dags/example_short_circuit_decorator.py
[2024-04-12T21:48:55.502+0000] {processor.py:756} INFO - Processing file /home/airflow/.local/lib/python3.7/site-packages/airflow/example_dags/example_short_circuit_decorator.py for tasks to queue
[2024-04-12T21:48:55.503+0000] {logging_mixin.py:120} INFO - [2024-04-12T21:48:55.503+0000] {dagbag.py:537} INFO - Filling up the DagBag from /home/airflow/.local/lib/python3.7/site-packages/airflow/example_dags/example_short_circuit_decorator.py
[2024-04-12T21:48:55.515+0000] {processor.py:766} INFO - DAG(s) dict_keys(['example_short_circuit_decorator']) retrieved from /home/airflow/.local/lib/python3.7/site-packages/airflow/example_dags/example_short_circuit_decorator.py
[2024-04-12T21:48:55.584+0000] {logging_mixin.py:120} INFO - [2024-04-12T21:48:55.584+0000] {manager.py:507} INFO - Created Permission View: can read on DAG:example_short_circuit_decorator
[2024-04-12T21:48:55.589+0000] {logging_mixin.py:120} INFO - [2024-04-12T21:48:55.589+0000] {manager.py:507} INFO - Created Permission View: can edit on DAG:example_short_circuit_decorator
[2024-04-12T21:48:55.593+0000] {logging_mixin.py:120} INFO - [2024-04-12T21:48:55.593+0000] {manager.py:507} INFO - Created Permission View: can delete on DAG:example_short_circuit_decorator
[2024-04-12T21:48:55.594+0000] {logging_mixin.py:120} INFO - [2024-04-12T21:48:55.594+0000] {dag.py:2585} INFO - Sync 1 DAGs
[2024-04-12T21:48:55.604+0000] {logging_mixin.py:120} INFO - [2024-04-12T21:48:55.604+0000] {dag.py:2606} INFO - Creating ORM DAG for example_short_circuit_decorator
[2024-04-12T21:48:55.613+0000] {logging_mixin.py:120} INFO - [2024-04-12T21:48:55.613+0000] {dag.py:3340} INFO - Setting next_dagrun for example_short_circuit_decorator to 2024-04-11T21:48:55.613248+00:00, run_after=2024-04-12T21:48:55.613248+00:00
[2024-04-12T21:48:55.625+0000] {processor.py:176} INFO - Processing /home/airflow/.local/lib/python3.7/site-packages/airflow/example_dags/example_short_circuit_decorator.py took 0.126 seconds
[2024-04-12T21:49:26.593+0000] {processor.py:154} INFO - Started process (PID=138) to work on /home/airflow/.local/lib/python3.7/site-packages/airflow/example_dags/example_short_circuit_decorator.py
[2024-04-12T21:49:26.595+0000] {processor.py:756} INFO - Processing file /home/airflow/.local/lib/python3.7/site-packages/airflow/example_dags/example_short_circuit_decorator.py for tasks to queue
[2024-04-12T21:49:26.596+0000] {logging_mixin.py:120} INFO - [2024-04-12T21:49:26.596+0000] {dagbag.py:537} INFO - Filling up the DagBag from /home/airflow/.local/lib/python3.7/site-packages/airflow/example_dags/example_short_circuit_decorator.py
[2024-04-12T21:49:26.618+0000] {processor.py:766} INFO - DAG(s) dict_keys(['example_short_circuit_decorator']) retrieved from /home/airflow/.local/lib/python3.7/site-packages/airflow/example_dags/example_short_circuit_decorator.py
[2024-04-12T21:49:26.642+0000] {logging_mixin.py:120} INFO - [2024-04-12T21:49:26.642+0000] {dag.py:2585} INFO - Sync 1 DAGs
[2024-04-12T21:49:26.656+0000] {logging_mixin.py:120} INFO - [2024-04-12T21:49:26.656+0000] {dag.py:3340} INFO - Setting next_dagrun for example_short_circuit_decorator to 2024-04-11T21:49:26.656282+00:00, run_after=2024-04-12T21:49:26.656282+00:00
[2024-04-12T21:49:26.666+0000] {processor.py:176} INFO - Processing /home/airflow/.local/lib/python3.7/site-packages/airflow/example_dags/example_short_circuit_decorator.py took 0.077 seconds
[2024-04-12T21:49:56.817+0000] {processor.py:154} INFO - Started process (PID=202) to work on /home/airflow/.local/lib/python3.7/site-packages/airflow/example_dags/example_short_circuit_decorator.py
[2024-04-12T21:49:56.818+0000] {processor.py:756} INFO - Processing file /home/airflow/.local/lib/python3.7/site-packages/airflow/example_dags/example_short_circuit_decorator.py for tasks to queue
[2024-04-12T21:49:56.819+0000] {logging_mixin.py:120} INFO - [2024-04-12T21:49:56.819+0000] {dagbag.py:537} INFO - Filling up the DagBag from /home/airflow/.local/lib/python3.7/site-packages/airflow/example_dags/example_short_circuit_decorator.py
[2024-04-12T21:49:56.842+0000] {processor.py:766} INFO - DAG(s) dict_keys(['example_short_circuit_decorator']) retrieved from /home/airflow/.local/lib/python3.7/site-packages/airflow/example_dags/example_short_circuit_decorator.py
[2024-04-12T21:49:56.869+0000] {logging_mixin.py:120} INFO - [2024-04-12T21:49:56.869+0000] {dag.py:2585} INFO - Sync 1 DAGs
[2024-04-12T21:49:56.882+0000] {logging_mixin.py:120} INFO - [2024-04-12T21:49:56.882+0000] {dag.py:3340} INFO - Setting next_dagrun for example_short_circuit_decorator to 2024-04-11T21:49:56.882429+00:00, run_after=2024-04-12T21:49:56.882429+00:00
[2024-04-12T21:49:56.891+0000] {processor.py:176} INFO - Processing /home/airflow/.local/lib/python3.7/site-packages/airflow/example_dags/example_short_circuit_decorator.py took 0.078 seconds
[2024-04-12T21:50:27.695+0000] {processor.py:154} INFO - Started process (PID=263) to work on /home/airflow/.local/lib/python3.7/site-packages/airflow/example_dags/example_short_circuit_decorator.py
[2024-04-12T21:50:27.697+0000] {processor.py:756} INFO - Processing file /home/airflow/.local/lib/python3.7/site-packages/airflow/example_dags/example_short_circuit_decorator.py for tasks to queue
[2024-04-12T21:50:27.697+0000] {logging_mixin.py:120} INFO - [2024-04-12T21:50:27.697+0000] {dagbag.py:537} INFO - Filling up the DagBag from /home/airflow/.local/lib/python3.7/site-packages/airflow/example_dags/example_short_circuit_decorator.py
[2024-04-12T21:50:27.716+0000] {processor.py:766} INFO - DAG(s) dict_keys(['example_short_circuit_decorator']) retrieved from /home/airflow/.local/lib/python3.7/site-packages/airflow/example_dags/example_short_circuit_decorator.py
[2024-04-12T21:50:27.741+0000] {logging_mixin.py:120} INFO - [2024-04-12T21:50:27.741+0000] {dag.py:2585} INFO - Sync 1 DAGs
[2024-04-12T21:50:27.753+0000] {logging_mixin.py:120} INFO - [2024-04-12T21:50:27.753+0000] {dag.py:3340} INFO - Setting next_dagrun for example_short_circuit_decorator to 2024-04-11T21:50:27.753299+00:00, run_after=2024-04-12T21:50:27.753299+00:00
[2024-04-12T21:50:27.762+0000] {processor.py:176} INFO - Processing /home/airflow/.local/lib/python3.7/site-packages/airflow/example_dags/example_short_circuit_decorator.py took 0.071 seconds
[2024-04-12T21:50:58.513+0000] {processor.py:154} INFO - Started process (PID=326) to work on /home/airflow/.local/lib/python3.7/site-packages/airflow/example_dags/example_short_circuit_decorator.py
[2024-04-12T21:50:58.514+0000] {processor.py:756} INFO - Processing file /home/airflow/.local/lib/python3.7/site-packages/airflow/example_dags/example_short_circuit_decorator.py for tasks to queue
[2024-04-12T21:50:58.515+0000] {logging_mixin.py:120} INFO - [2024-04-12T21:50:58.515+0000] {dagbag.py:537} INFO - Filling up the DagBag from /home/airflow/.local/lib/python3.7/site-packages/airflow/example_dags/example_short_circuit_decorator.py
[2024-04-12T21:50:58.528+0000] {processor.py:766} INFO - DAG(s) dict_keys(['example_short_circuit_decorator']) retrieved from /home/airflow/.local/lib/python3.7/site-packages/airflow/example_dags/example_short_circuit_decorator.py
[2024-04-12T21:50:58.552+0000] {logging_mixin.py:120} INFO - [2024-04-12T21:50:58.552+0000] {dag.py:2585} INFO - Sync 1 DAGs
[2024-04-12T21:50:58.567+0000] {logging_mixin.py:120} INFO - [2024-04-12T21:50:58.567+0000] {dag.py:3340} INFO - Setting next_dagrun for example_short_circuit_decorator to 2024-04-11T21:50:58.567608+00:00, run_after=2024-04-12T21:50:58.567608+00:00
[2024-04-12T21:50:58.579+0000] {processor.py:176} INFO - Processing /home/airflow/.local/lib/python3.7/site-packages/airflow/example_dags/example_short_circuit_decorator.py took 0.068 seconds
[2024-04-12T21:51:29.554+0000] {processor.py:154} INFO - Started process (PID=379) to work on /home/airflow/.local/lib/python3.7/site-packages/airflow/example_dags/example_short_circuit_decorator.py
[2024-04-12T21:51:29.556+0000] {processor.py:756} INFO - Processing file /home/airflow/.local/lib/python3.7/site-packages/airflow/example_dags/example_short_circuit_decorator.py for tasks to queue
[2024-04-12T21:51:29.557+0000] {logging_mixin.py:120} INFO - [2024-04-12T21:51:29.557+0000] {dagbag.py:537} INFO - Filling up the DagBag from /home/airflow/.local/lib/python3.7/site-packages/airflow/example_dags/example_short_circuit_decorator.py
[2024-04-12T21:51:29.573+0000] {processor.py:766} INFO - DAG(s) dict_keys(['example_short_circuit_decorator']) retrieved from /home/airflow/.local/lib/python3.7/site-packages/airflow/example_dags/example_short_circuit_decorator.py
[2024-04-12T21:51:29.595+0000] {logging_mixin.py:120} INFO - [2024-04-12T21:51:29.595+0000] {dag.py:2585} INFO - Sync 1 DAGs
[2024-04-12T21:51:29.609+0000] {logging_mixin.py:120} INFO - [2024-04-12T21:51:29.609+0000] {dag.py:3340} INFO - Setting next_dagrun for example_short_circuit_decorator to 2024-04-11T21:51:29.608989+00:00, run_after=2024-04-12T21:51:29.608989+00:00
[2024-04-12T21:51:29.618+0000] {processor.py:176} INFO - Processing /home/airflow/.local/lib/python3.7/site-packages/airflow/example_dags/example_short_circuit_decorator.py took 0.068 seconds
