[2024-04-12T21:48:55.639+0000] {processor.py:154} INFO - Started process (PID=77) to work on /home/airflow/.local/lib/python3.7/site-packages/airflow/example_dags/example_time_delta_sensor_async.py
[2024-04-12T21:48:55.640+0000] {processor.py:756} INFO - Processing file /home/airflow/.local/lib/python3.7/site-packages/airflow/example_dags/example_time_delta_sensor_async.py for tasks to queue
[2024-04-12T21:48:55.640+0000] {logging_mixin.py:120} INFO - [2024-04-12T21:48:55.640+0000] {dagbag.py:537} INFO - Filling up the DagBag from /home/airflow/.local/lib/python3.7/site-packages/airflow/example_dags/example_time_delta_sensor_async.py
[2024-04-12T21:48:55.648+0000] {processor.py:766} INFO - DAG(s) dict_keys(['example_time_delta_sensor_async']) retrieved from /home/airflow/.local/lib/python3.7/site-packages/airflow/example_dags/example_time_delta_sensor_async.py
[2024-04-12T21:48:55.797+0000] {logging_mixin.py:120} INFO - [2024-04-12T21:48:55.797+0000] {manager.py:507} INFO - Created Permission View: can read on DAG:example_time_delta_sensor_async
[2024-04-12T21:48:55.803+0000] {logging_mixin.py:120} INFO - [2024-04-12T21:48:55.803+0000] {manager.py:507} INFO - Created Permission View: can edit on DAG:example_time_delta_sensor_async
[2024-04-12T21:48:55.808+0000] {logging_mixin.py:120} INFO - [2024-04-12T21:48:55.808+0000] {manager.py:507} INFO - Created Permission View: can delete on DAG:example_time_delta_sensor_async
[2024-04-12T21:48:55.810+0000] {logging_mixin.py:120} INFO - [2024-04-12T21:48:55.810+0000] {dag.py:2585} INFO - Sync 1 DAGs
[2024-04-12T21:48:55.817+0000] {logging_mixin.py:120} INFO - [2024-04-12T21:48:55.817+0000] {dag.py:2606} INFO - Creating ORM DAG for example_time_delta_sensor_async
[2024-04-12T21:48:55.823+0000] {logging_mixin.py:120} INFO - [2024-04-12T21:48:55.823+0000] {dag.py:3340} INFO - Setting next_dagrun for example_time_delta_sensor_async to None, run_after=None
[2024-04-12T21:48:55.834+0000] {processor.py:176} INFO - Processing /home/airflow/.local/lib/python3.7/site-packages/airflow/example_dags/example_time_delta_sensor_async.py took 0.197 seconds
[2024-04-12T21:49:26.678+0000] {processor.py:154} INFO - Started process (PID=140) to work on /home/airflow/.local/lib/python3.7/site-packages/airflow/example_dags/example_time_delta_sensor_async.py
[2024-04-12T21:49:26.679+0000] {processor.py:756} INFO - Processing file /home/airflow/.local/lib/python3.7/site-packages/airflow/example_dags/example_time_delta_sensor_async.py for tasks to queue
[2024-04-12T21:49:26.679+0000] {logging_mixin.py:120} INFO - [2024-04-12T21:49:26.679+0000] {dagbag.py:537} INFO - Filling up the DagBag from /home/airflow/.local/lib/python3.7/site-packages/airflow/example_dags/example_time_delta_sensor_async.py
[2024-04-12T21:49:26.686+0000] {processor.py:766} INFO - DAG(s) dict_keys(['example_time_delta_sensor_async']) retrieved from /home/airflow/.local/lib/python3.7/site-packages/airflow/example_dags/example_time_delta_sensor_async.py
[2024-04-12T21:49:26.773+0000] {logging_mixin.py:120} INFO - [2024-04-12T21:49:26.773+0000] {dag.py:2585} INFO - Sync 1 DAGs
[2024-04-12T21:49:26.785+0000] {logging_mixin.py:120} INFO - [2024-04-12T21:49:26.785+0000] {dag.py:3340} INFO - Setting next_dagrun for example_time_delta_sensor_async to None, run_after=None
[2024-04-12T21:49:26.794+0000] {processor.py:176} INFO - Processing /home/airflow/.local/lib/python3.7/site-packages/airflow/example_dags/example_time_delta_sensor_async.py took 0.118 seconds
[2024-04-12T21:49:56.896+0000] {processor.py:154} INFO - Started process (PID=204) to work on /home/airflow/.local/lib/python3.7/site-packages/airflow/example_dags/example_time_delta_sensor_async.py
[2024-04-12T21:49:56.897+0000] {processor.py:756} INFO - Processing file /home/airflow/.local/lib/python3.7/site-packages/airflow/example_dags/example_time_delta_sensor_async.py for tasks to queue
[2024-04-12T21:49:56.897+0000] {logging_mixin.py:120} INFO - [2024-04-12T21:49:56.897+0000] {dagbag.py:537} INFO - Filling up the DagBag from /home/airflow/.local/lib/python3.7/site-packages/airflow/example_dags/example_time_delta_sensor_async.py
[2024-04-12T21:49:56.905+0000] {processor.py:766} INFO - DAG(s) dict_keys(['example_time_delta_sensor_async']) retrieved from /home/airflow/.local/lib/python3.7/site-packages/airflow/example_dags/example_time_delta_sensor_async.py
[2024-04-12T21:49:56.995+0000] {logging_mixin.py:120} INFO - [2024-04-12T21:49:56.995+0000] {dag.py:2585} INFO - Sync 1 DAGs
[2024-04-12T21:49:57.008+0000] {logging_mixin.py:120} INFO - [2024-04-12T21:49:57.008+0000] {dag.py:3340} INFO - Setting next_dagrun for example_time_delta_sensor_async to None, run_after=None
[2024-04-12T21:49:57.016+0000] {processor.py:176} INFO - Processing /home/airflow/.local/lib/python3.7/site-packages/airflow/example_dags/example_time_delta_sensor_async.py took 0.121 seconds
[2024-04-12T21:50:27.774+0000] {processor.py:154} INFO - Started process (PID=265) to work on /home/airflow/.local/lib/python3.7/site-packages/airflow/example_dags/example_time_delta_sensor_async.py
[2024-04-12T21:50:27.774+0000] {processor.py:756} INFO - Processing file /home/airflow/.local/lib/python3.7/site-packages/airflow/example_dags/example_time_delta_sensor_async.py for tasks to queue
[2024-04-12T21:50:27.775+0000] {logging_mixin.py:120} INFO - [2024-04-12T21:50:27.775+0000] {dagbag.py:537} INFO - Filling up the DagBag from /home/airflow/.local/lib/python3.7/site-packages/airflow/example_dags/example_time_delta_sensor_async.py
[2024-04-12T21:50:27.781+0000] {processor.py:766} INFO - DAG(s) dict_keys(['example_time_delta_sensor_async']) retrieved from /home/airflow/.local/lib/python3.7/site-packages/airflow/example_dags/example_time_delta_sensor_async.py
[2024-04-12T21:50:27.868+0000] {logging_mixin.py:120} INFO - [2024-04-12T21:50:27.868+0000] {dag.py:2585} INFO - Sync 1 DAGs
[2024-04-12T21:50:27.880+0000] {logging_mixin.py:120} INFO - [2024-04-12T21:50:27.880+0000] {dag.py:3340} INFO - Setting next_dagrun for example_time_delta_sensor_async to None, run_after=None
[2024-04-12T21:50:27.890+0000] {processor.py:176} INFO - Processing /home/airflow/.local/lib/python3.7/site-packages/airflow/example_dags/example_time_delta_sensor_async.py took 0.118 seconds
[2024-04-12T21:50:58.591+0000] {processor.py:154} INFO - Started process (PID=328) to work on /home/airflow/.local/lib/python3.7/site-packages/airflow/example_dags/example_time_delta_sensor_async.py
[2024-04-12T21:50:58.592+0000] {processor.py:756} INFO - Processing file /home/airflow/.local/lib/python3.7/site-packages/airflow/example_dags/example_time_delta_sensor_async.py for tasks to queue
[2024-04-12T21:50:58.592+0000] {logging_mixin.py:120} INFO - [2024-04-12T21:50:58.592+0000] {dagbag.py:537} INFO - Filling up the DagBag from /home/airflow/.local/lib/python3.7/site-packages/airflow/example_dags/example_time_delta_sensor_async.py
[2024-04-12T21:50:58.599+0000] {processor.py:766} INFO - DAG(s) dict_keys(['example_time_delta_sensor_async']) retrieved from /home/airflow/.local/lib/python3.7/site-packages/airflow/example_dags/example_time_delta_sensor_async.py
[2024-04-12T21:50:58.700+0000] {logging_mixin.py:120} INFO - [2024-04-12T21:50:58.700+0000] {dag.py:2585} INFO - Sync 1 DAGs
[2024-04-12T21:50:58.717+0000] {logging_mixin.py:120} INFO - [2024-04-12T21:50:58.717+0000] {dag.py:3340} INFO - Setting next_dagrun for example_time_delta_sensor_async to None, run_after=None
[2024-04-12T21:50:58.730+0000] {processor.py:176} INFO - Processing /home/airflow/.local/lib/python3.7/site-packages/airflow/example_dags/example_time_delta_sensor_async.py took 0.141 seconds
[2024-04-12T21:51:29.630+0000] {processor.py:154} INFO - Started process (PID=381) to work on /home/airflow/.local/lib/python3.7/site-packages/airflow/example_dags/example_time_delta_sensor_async.py
[2024-04-12T21:51:29.630+0000] {processor.py:756} INFO - Processing file /home/airflow/.local/lib/python3.7/site-packages/airflow/example_dags/example_time_delta_sensor_async.py for tasks to queue
[2024-04-12T21:51:29.631+0000] {logging_mixin.py:120} INFO - [2024-04-12T21:51:29.631+0000] {dagbag.py:537} INFO - Filling up the DagBag from /home/airflow/.local/lib/python3.7/site-packages/airflow/example_dags/example_time_delta_sensor_async.py
[2024-04-12T21:51:29.638+0000] {processor.py:766} INFO - DAG(s) dict_keys(['example_time_delta_sensor_async']) retrieved from /home/airflow/.local/lib/python3.7/site-packages/airflow/example_dags/example_time_delta_sensor_async.py
[2024-04-12T21:51:29.731+0000] {logging_mixin.py:120} INFO - [2024-04-12T21:51:29.731+0000] {dag.py:2585} INFO - Sync 1 DAGs
[2024-04-12T21:51:29.744+0000] {logging_mixin.py:120} INFO - [2024-04-12T21:51:29.744+0000] {dag.py:3340} INFO - Setting next_dagrun for example_time_delta_sensor_async to None, run_after=None
[2024-04-12T21:51:29.755+0000] {processor.py:176} INFO - Processing /home/airflow/.local/lib/python3.7/site-packages/airflow/example_dags/example_time_delta_sensor_async.py took 0.127 seconds
