[2024-04-12T21:48:52.432+0000] {processor.py:154} INFO - Started process (PID=51) to work on /home/airflow/.local/lib/python3.7/site-packages/airflow/example_dags/example_branch_operator_decorator.py
[2024-04-12T21:48:52.433+0000] {processor.py:756} INFO - Processing file /home/airflow/.local/lib/python3.7/site-packages/airflow/example_dags/example_branch_operator_decorator.py for tasks to queue
[2024-04-12T21:48:52.435+0000] {logging_mixin.py:120} INFO - [2024-04-12T21:48:52.434+0000] {dagbag.py:537} INFO - Filling up the DagBag from /home/airflow/.local/lib/python3.7/site-packages/airflow/example_dags/example_branch_operator_decorator.py
[2024-04-12T21:48:52.453+0000] {processor.py:766} INFO - DAG(s) dict_keys(['example_branch_python_operator_decorator']) retrieved from /home/airflow/.local/lib/python3.7/site-packages/airflow/example_dags/example_branch_operator_decorator.py
[2024-04-12T21:48:52.557+0000] {logging_mixin.py:120} INFO - [2024-04-12T21:48:52.557+0000] {manager.py:507} INFO - Created Permission View: can read on DAG:example_branch_python_operator_decorator
[2024-04-12T21:48:52.565+0000] {logging_mixin.py:120} INFO - [2024-04-12T21:48:52.564+0000] {manager.py:507} INFO - Created Permission View: can edit on DAG:example_branch_python_operator_decorator
[2024-04-12T21:48:52.570+0000] {logging_mixin.py:120} INFO - [2024-04-12T21:48:52.570+0000] {manager.py:507} INFO - Created Permission View: can delete on DAG:example_branch_python_operator_decorator
[2024-04-12T21:48:52.571+0000] {logging_mixin.py:120} INFO - [2024-04-12T21:48:52.571+0000] {dag.py:2585} INFO - Sync 1 DAGs
[2024-04-12T21:48:52.584+0000] {logging_mixin.py:120} INFO - [2024-04-12T21:48:52.583+0000] {dag.py:2606} INFO - Creating ORM DAG for example_branch_python_operator_decorator
[2024-04-12T21:48:52.595+0000] {logging_mixin.py:120} INFO - [2024-04-12T21:48:52.595+0000] {dag.py:3340} INFO - Setting next_dagrun for example_branch_python_operator_decorator to 2024-04-11T00:00:00+00:00, run_after=2024-04-12T00:00:00+00:00
[2024-04-12T21:48:52.615+0000] {processor.py:176} INFO - Processing /home/airflow/.local/lib/python3.7/site-packages/airflow/example_dags/example_branch_operator_decorator.py took 0.185 seconds
[2024-04-12T21:49:23.460+0000] {processor.py:154} INFO - Started process (PID=114) to work on /home/airflow/.local/lib/python3.7/site-packages/airflow/example_dags/example_branch_operator_decorator.py
[2024-04-12T21:49:23.460+0000] {processor.py:756} INFO - Processing file /home/airflow/.local/lib/python3.7/site-packages/airflow/example_dags/example_branch_operator_decorator.py for tasks to queue
[2024-04-12T21:49:23.461+0000] {logging_mixin.py:120} INFO - [2024-04-12T21:49:23.461+0000] {dagbag.py:537} INFO - Filling up the DagBag from /home/airflow/.local/lib/python3.7/site-packages/airflow/example_dags/example_branch_operator_decorator.py
[2024-04-12T21:49:23.474+0000] {processor.py:766} INFO - DAG(s) dict_keys(['example_branch_python_operator_decorator']) retrieved from /home/airflow/.local/lib/python3.7/site-packages/airflow/example_dags/example_branch_operator_decorator.py
[2024-04-12T21:49:23.495+0000] {logging_mixin.py:120} INFO - [2024-04-12T21:49:23.495+0000] {dag.py:2585} INFO - Sync 1 DAGs
[2024-04-12T21:49:23.512+0000] {logging_mixin.py:120} INFO - [2024-04-12T21:49:23.512+0000] {dag.py:3340} INFO - Setting next_dagrun for example_branch_python_operator_decorator to 2024-04-11T00:00:00+00:00, run_after=2024-04-12T00:00:00+00:00
[2024-04-12T21:49:23.522+0000] {processor.py:176} INFO - Processing /home/airflow/.local/lib/python3.7/site-packages/airflow/example_dags/example_branch_operator_decorator.py took 0.064 seconds
[2024-04-12T21:49:53.532+0000] {processor.py:154} INFO - Started process (PID=168) to work on /home/airflow/.local/lib/python3.7/site-packages/airflow/example_dags/example_branch_operator_decorator.py
[2024-04-12T21:49:53.533+0000] {processor.py:756} INFO - Processing file /home/airflow/.local/lib/python3.7/site-packages/airflow/example_dags/example_branch_operator_decorator.py for tasks to queue
[2024-04-12T21:49:53.533+0000] {logging_mixin.py:120} INFO - [2024-04-12T21:49:53.533+0000] {dagbag.py:537} INFO - Filling up the DagBag from /home/airflow/.local/lib/python3.7/site-packages/airflow/example_dags/example_branch_operator_decorator.py
[2024-04-12T21:49:53.547+0000] {processor.py:766} INFO - DAG(s) dict_keys(['example_branch_python_operator_decorator']) retrieved from /home/airflow/.local/lib/python3.7/site-packages/airflow/example_dags/example_branch_operator_decorator.py
[2024-04-12T21:49:53.568+0000] {logging_mixin.py:120} INFO - [2024-04-12T21:49:53.568+0000] {dag.py:2585} INFO - Sync 1 DAGs
[2024-04-12T21:49:53.581+0000] {logging_mixin.py:120} INFO - [2024-04-12T21:49:53.581+0000] {dag.py:3340} INFO - Setting next_dagrun for example_branch_python_operator_decorator to 2024-04-11T00:00:00+00:00, run_after=2024-04-12T00:00:00+00:00
[2024-04-12T21:49:53.592+0000] {processor.py:176} INFO - Processing /home/airflow/.local/lib/python3.7/site-packages/airflow/example_dags/example_branch_operator_decorator.py took 0.061 seconds
[2024-04-12T21:50:24.584+0000] {processor.py:154} INFO - Started process (PID=230) to work on /home/airflow/.local/lib/python3.7/site-packages/airflow/example_dags/example_branch_operator_decorator.py
[2024-04-12T21:50:24.586+0000] {processor.py:756} INFO - Processing file /home/airflow/.local/lib/python3.7/site-packages/airflow/example_dags/example_branch_operator_decorator.py for tasks to queue
[2024-04-12T21:50:24.587+0000] {logging_mixin.py:120} INFO - [2024-04-12T21:50:24.586+0000] {dagbag.py:537} INFO - Filling up the DagBag from /home/airflow/.local/lib/python3.7/site-packages/airflow/example_dags/example_branch_operator_decorator.py
[2024-04-12T21:50:24.611+0000] {processor.py:766} INFO - DAG(s) dict_keys(['example_branch_python_operator_decorator']) retrieved from /home/airflow/.local/lib/python3.7/site-packages/airflow/example_dags/example_branch_operator_decorator.py
[2024-04-12T21:50:24.637+0000] {logging_mixin.py:120} INFO - [2024-04-12T21:50:24.637+0000] {dag.py:2585} INFO - Sync 1 DAGs
[2024-04-12T21:50:24.651+0000] {logging_mixin.py:120} INFO - [2024-04-12T21:50:24.651+0000] {dag.py:3340} INFO - Setting next_dagrun for example_branch_python_operator_decorator to 2024-04-11T00:00:00+00:00, run_after=2024-04-12T00:00:00+00:00
[2024-04-12T21:50:24.660+0000] {processor.py:176} INFO - Processing /home/airflow/.local/lib/python3.7/site-packages/airflow/example_dags/example_branch_operator_decorator.py took 0.080 seconds
[2024-04-12T21:50:55.522+0000] {processor.py:154} INFO - Started process (PID=293) to work on /home/airflow/.local/lib/python3.7/site-packages/airflow/example_dags/example_branch_operator_decorator.py
[2024-04-12T21:50:55.524+0000] {processor.py:756} INFO - Processing file /home/airflow/.local/lib/python3.7/site-packages/airflow/example_dags/example_branch_operator_decorator.py for tasks to queue
[2024-04-12T21:50:55.525+0000] {logging_mixin.py:120} INFO - [2024-04-12T21:50:55.524+0000] {dagbag.py:537} INFO - Filling up the DagBag from /home/airflow/.local/lib/python3.7/site-packages/airflow/example_dags/example_branch_operator_decorator.py
[2024-04-12T21:50:55.546+0000] {processor.py:766} INFO - DAG(s) dict_keys(['example_branch_python_operator_decorator']) retrieved from /home/airflow/.local/lib/python3.7/site-packages/airflow/example_dags/example_branch_operator_decorator.py
[2024-04-12T21:50:55.573+0000] {logging_mixin.py:120} INFO - [2024-04-12T21:50:55.573+0000] {dag.py:2585} INFO - Sync 1 DAGs
[2024-04-12T21:50:55.588+0000] {logging_mixin.py:120} INFO - [2024-04-12T21:50:55.588+0000] {dag.py:3340} INFO - Setting next_dagrun for example_branch_python_operator_decorator to 2024-04-11T00:00:00+00:00, run_after=2024-04-12T00:00:00+00:00
[2024-04-12T21:50:55.599+0000] {processor.py:176} INFO - Processing /home/airflow/.local/lib/python3.7/site-packages/airflow/example_dags/example_branch_operator_decorator.py took 0.080 seconds
[2024-04-12T21:51:26.368+0000] {processor.py:154} INFO - Started process (PID=355) to work on /home/airflow/.local/lib/python3.7/site-packages/airflow/example_dags/example_branch_operator_decorator.py
[2024-04-12T21:51:26.370+0000] {processor.py:756} INFO - Processing file /home/airflow/.local/lib/python3.7/site-packages/airflow/example_dags/example_branch_operator_decorator.py for tasks to queue
[2024-04-12T21:51:26.371+0000] {logging_mixin.py:120} INFO - [2024-04-12T21:51:26.371+0000] {dagbag.py:537} INFO - Filling up the DagBag from /home/airflow/.local/lib/python3.7/site-packages/airflow/example_dags/example_branch_operator_decorator.py
[2024-04-12T21:51:26.394+0000] {processor.py:766} INFO - DAG(s) dict_keys(['example_branch_python_operator_decorator']) retrieved from /home/airflow/.local/lib/python3.7/site-packages/airflow/example_dags/example_branch_operator_decorator.py
[2024-04-12T21:51:26.419+0000] {logging_mixin.py:120} INFO - [2024-04-12T21:51:26.419+0000] {dag.py:2585} INFO - Sync 1 DAGs
[2024-04-12T21:51:26.433+0000] {logging_mixin.py:120} INFO - [2024-04-12T21:51:26.433+0000] {dag.py:3340} INFO - Setting next_dagrun for example_branch_python_operator_decorator to 2024-04-11T00:00:00+00:00, run_after=2024-04-12T00:00:00+00:00
[2024-04-12T21:51:26.443+0000] {processor.py:176} INFO - Processing /home/airflow/.local/lib/python3.7/site-packages/airflow/example_dags/example_branch_operator_decorator.py took 0.079 seconds
