[2024-04-12T21:48:52.301+0000] {processor.py:154} INFO - Started process (PID=50) to work on /home/airflow/.local/lib/python3.7/site-packages/airflow/example_dags/example_branch_labels.py
[2024-04-12T21:48:52.303+0000] {processor.py:756} INFO - Processing file /home/airflow/.local/lib/python3.7/site-packages/airflow/example_dags/example_branch_labels.py for tasks to queue
[2024-04-12T21:48:52.304+0000] {logging_mixin.py:120} INFO - [2024-04-12T21:48:52.304+0000] {dagbag.py:537} INFO - Filling up the DagBag from /home/airflow/.local/lib/python3.7/site-packages/airflow/example_dags/example_branch_labels.py
[2024-04-12T21:48:52.316+0000] {processor.py:766} INFO - DAG(s) dict_keys(['example_branch_labels']) retrieved from /home/airflow/.local/lib/python3.7/site-packages/airflow/example_dags/example_branch_labels.py
[2024-04-12T21:48:52.426+0000] {logging_mixin.py:120} INFO - [2024-04-12T21:48:52.426+0000] {manager.py:507} INFO - Created Permission View: can read on DAG:example_branch_labels
[2024-04-12T21:48:52.438+0000] {logging_mixin.py:120} INFO - [2024-04-12T21:48:52.437+0000] {manager.py:507} INFO - Created Permission View: can edit on DAG:example_branch_labels
[2024-04-12T21:48:52.446+0000] {logging_mixin.py:120} INFO - [2024-04-12T21:48:52.446+0000] {manager.py:507} INFO - Created Permission View: can delete on DAG:example_branch_labels
[2024-04-12T21:48:52.447+0000] {logging_mixin.py:120} INFO - [2024-04-12T21:48:52.447+0000] {dag.py:2585} INFO - Sync 1 DAGs
[2024-04-12T21:48:52.458+0000] {logging_mixin.py:120} INFO - [2024-04-12T21:48:52.458+0000] {dag.py:2606} INFO - Creating ORM DAG for example_branch_labels
[2024-04-12T21:48:52.468+0000] {logging_mixin.py:120} INFO - [2024-04-12T21:48:52.467+0000] {dag.py:3340} INFO - Setting next_dagrun for example_branch_labels to 2024-04-11T00:00:00+00:00, run_after=2024-04-12T00:00:00+00:00
[2024-04-12T21:48:52.479+0000] {processor.py:176} INFO - Processing /home/airflow/.local/lib/python3.7/site-packages/airflow/example_dags/example_branch_labels.py took 0.180 seconds
[2024-04-12T21:49:23.381+0000] {processor.py:154} INFO - Started process (PID=113) to work on /home/airflow/.local/lib/python3.7/site-packages/airflow/example_dags/example_branch_labels.py
[2024-04-12T21:49:23.383+0000] {processor.py:756} INFO - Processing file /home/airflow/.local/lib/python3.7/site-packages/airflow/example_dags/example_branch_labels.py for tasks to queue
[2024-04-12T21:49:23.384+0000] {logging_mixin.py:120} INFO - [2024-04-12T21:49:23.384+0000] {dagbag.py:537} INFO - Filling up the DagBag from /home/airflow/.local/lib/python3.7/site-packages/airflow/example_dags/example_branch_labels.py
[2024-04-12T21:49:23.399+0000] {processor.py:766} INFO - DAG(s) dict_keys(['example_branch_labels']) retrieved from /home/airflow/.local/lib/python3.7/site-packages/airflow/example_dags/example_branch_labels.py
[2024-04-12T21:49:23.426+0000] {logging_mixin.py:120} INFO - [2024-04-12T21:49:23.426+0000] {dag.py:2585} INFO - Sync 1 DAGs
[2024-04-12T21:49:23.440+0000] {logging_mixin.py:120} INFO - [2024-04-12T21:49:23.440+0000] {dag.py:3340} INFO - Setting next_dagrun for example_branch_labels to 2024-04-11T00:00:00+00:00, run_after=2024-04-12T00:00:00+00:00
[2024-04-12T21:49:23.450+0000] {processor.py:176} INFO - Processing /home/airflow/.local/lib/python3.7/site-packages/airflow/example_dags/example_branch_labels.py took 0.072 seconds
[2024-04-12T21:49:53.466+0000] {processor.py:154} INFO - Started process (PID=167) to work on /home/airflow/.local/lib/python3.7/site-packages/airflow/example_dags/example_branch_labels.py
[2024-04-12T21:49:53.467+0000] {processor.py:756} INFO - Processing file /home/airflow/.local/lib/python3.7/site-packages/airflow/example_dags/example_branch_labels.py for tasks to queue
[2024-04-12T21:49:53.467+0000] {logging_mixin.py:120} INFO - [2024-04-12T21:49:53.467+0000] {dagbag.py:537} INFO - Filling up the DagBag from /home/airflow/.local/lib/python3.7/site-packages/airflow/example_dags/example_branch_labels.py
[2024-04-12T21:49:53.477+0000] {processor.py:766} INFO - DAG(s) dict_keys(['example_branch_labels']) retrieved from /home/airflow/.local/lib/python3.7/site-packages/airflow/example_dags/example_branch_labels.py
[2024-04-12T21:49:53.499+0000] {logging_mixin.py:120} INFO - [2024-04-12T21:49:53.499+0000] {dag.py:2585} INFO - Sync 1 DAGs
[2024-04-12T21:49:53.513+0000] {logging_mixin.py:120} INFO - [2024-04-12T21:49:53.513+0000] {dag.py:3340} INFO - Setting next_dagrun for example_branch_labels to 2024-04-11T00:00:00+00:00, run_after=2024-04-12T00:00:00+00:00
[2024-04-12T21:49:53.522+0000] {processor.py:176} INFO - Processing /home/airflow/.local/lib/python3.7/site-packages/airflow/example_dags/example_branch_labels.py took 0.058 seconds
[2024-04-12T21:50:23.534+0000] {processor.py:154} INFO - Started process (PID=228) to work on /home/airflow/.local/lib/python3.7/site-packages/airflow/example_dags/example_branch_labels.py
[2024-04-12T21:50:23.535+0000] {processor.py:756} INFO - Processing file /home/airflow/.local/lib/python3.7/site-packages/airflow/example_dags/example_branch_labels.py for tasks to queue
[2024-04-12T21:50:23.535+0000] {logging_mixin.py:120} INFO - [2024-04-12T21:50:23.535+0000] {dagbag.py:537} INFO - Filling up the DagBag from /home/airflow/.local/lib/python3.7/site-packages/airflow/example_dags/example_branch_labels.py
[2024-04-12T21:50:23.542+0000] {processor.py:766} INFO - DAG(s) dict_keys(['example_branch_labels']) retrieved from /home/airflow/.local/lib/python3.7/site-packages/airflow/example_dags/example_branch_labels.py
[2024-04-12T21:50:23.562+0000] {logging_mixin.py:120} INFO - [2024-04-12T21:50:23.562+0000] {dag.py:2585} INFO - Sync 1 DAGs
[2024-04-12T21:50:23.576+0000] {logging_mixin.py:120} INFO - [2024-04-12T21:50:23.576+0000] {dag.py:3340} INFO - Setting next_dagrun for example_branch_labels to 2024-04-11T00:00:00+00:00, run_after=2024-04-12T00:00:00+00:00
[2024-04-12T21:50:23.585+0000] {processor.py:176} INFO - Processing /home/airflow/.local/lib/python3.7/site-packages/airflow/example_dags/example_branch_labels.py took 0.053 seconds
[2024-04-12T21:50:54.471+0000] {processor.py:154} INFO - Started process (PID=291) to work on /home/airflow/.local/lib/python3.7/site-packages/airflow/example_dags/example_branch_labels.py
[2024-04-12T21:50:54.471+0000] {processor.py:756} INFO - Processing file /home/airflow/.local/lib/python3.7/site-packages/airflow/example_dags/example_branch_labels.py for tasks to queue
[2024-04-12T21:50:54.472+0000] {logging_mixin.py:120} INFO - [2024-04-12T21:50:54.472+0000] {dagbag.py:537} INFO - Filling up the DagBag from /home/airflow/.local/lib/python3.7/site-packages/airflow/example_dags/example_branch_labels.py
[2024-04-12T21:50:54.479+0000] {processor.py:766} INFO - DAG(s) dict_keys(['example_branch_labels']) retrieved from /home/airflow/.local/lib/python3.7/site-packages/airflow/example_dags/example_branch_labels.py
[2024-04-12T21:50:54.500+0000] {logging_mixin.py:120} INFO - [2024-04-12T21:50:54.500+0000] {dag.py:2585} INFO - Sync 1 DAGs
[2024-04-12T21:50:54.513+0000] {logging_mixin.py:120} INFO - [2024-04-12T21:50:54.513+0000] {dag.py:3340} INFO - Setting next_dagrun for example_branch_labels to 2024-04-11T00:00:00+00:00, run_after=2024-04-12T00:00:00+00:00
[2024-04-12T21:50:54.521+0000] {processor.py:176} INFO - Processing /home/airflow/.local/lib/python3.7/site-packages/airflow/example_dags/example_branch_labels.py took 0.052 seconds
[2024-04-12T21:51:25.312+0000] {processor.py:154} INFO - Started process (PID=353) to work on /home/airflow/.local/lib/python3.7/site-packages/airflow/example_dags/example_branch_labels.py
[2024-04-12T21:51:25.312+0000] {processor.py:756} INFO - Processing file /home/airflow/.local/lib/python3.7/site-packages/airflow/example_dags/example_branch_labels.py for tasks to queue
[2024-04-12T21:51:25.313+0000] {logging_mixin.py:120} INFO - [2024-04-12T21:51:25.313+0000] {dagbag.py:537} INFO - Filling up the DagBag from /home/airflow/.local/lib/python3.7/site-packages/airflow/example_dags/example_branch_labels.py
[2024-04-12T21:51:25.321+0000] {processor.py:766} INFO - DAG(s) dict_keys(['example_branch_labels']) retrieved from /home/airflow/.local/lib/python3.7/site-packages/airflow/example_dags/example_branch_labels.py
[2024-04-12T21:51:25.344+0000] {logging_mixin.py:120} INFO - [2024-04-12T21:51:25.343+0000] {dag.py:2585} INFO - Sync 1 DAGs
[2024-04-12T21:51:25.358+0000] {logging_mixin.py:120} INFO - [2024-04-12T21:51:25.358+0000] {dag.py:3340} INFO - Setting next_dagrun for example_branch_labels to 2024-04-11T00:00:00+00:00, run_after=2024-04-12T00:00:00+00:00
[2024-04-12T21:51:25.368+0000] {processor.py:176} INFO - Processing /home/airflow/.local/lib/python3.7/site-packages/airflow/example_dags/example_branch_labels.py took 0.058 seconds
