[2024-04-12T21:48:54.939+0000] {processor.py:154} INFO - Started process (PID=68) to work on /home/airflow/.local/lib/python3.7/site-packages/airflow/example_dags/example_task_group_decorator.py
[2024-04-12T21:48:54.940+0000] {processor.py:756} INFO - Processing file /home/airflow/.local/lib/python3.7/site-packages/airflow/example_dags/example_task_group_decorator.py for tasks to queue
[2024-04-12T21:48:54.941+0000] {logging_mixin.py:120} INFO - [2024-04-12T21:48:54.941+0000] {dagbag.py:537} INFO - Filling up the DagBag from /home/airflow/.local/lib/python3.7/site-packages/airflow/example_dags/example_task_group_decorator.py
[2024-04-12T21:48:54.959+0000] {processor.py:766} INFO - DAG(s) dict_keys(['example_task_group_decorator']) retrieved from /home/airflow/.local/lib/python3.7/site-packages/airflow/example_dags/example_task_group_decorator.py
[2024-04-12T21:48:55.031+0000] {logging_mixin.py:120} INFO - [2024-04-12T21:48:55.031+0000] {manager.py:507} INFO - Created Permission View: can read on DAG:example_task_group_decorator
[2024-04-12T21:48:55.036+0000] {logging_mixin.py:120} INFO - [2024-04-12T21:48:55.036+0000] {manager.py:507} INFO - Created Permission View: can edit on DAG:example_task_group_decorator
[2024-04-12T21:48:55.040+0000] {logging_mixin.py:120} INFO - [2024-04-12T21:48:55.040+0000] {manager.py:507} INFO - Created Permission View: can delete on DAG:example_task_group_decorator
[2024-04-12T21:48:55.041+0000] {logging_mixin.py:120} INFO - [2024-04-12T21:48:55.041+0000] {dag.py:2585} INFO - Sync 1 DAGs
[2024-04-12T21:48:55.050+0000] {logging_mixin.py:120} INFO - [2024-04-12T21:48:55.050+0000] {dag.py:2606} INFO - Creating ORM DAG for example_task_group_decorator
[2024-04-12T21:48:55.058+0000] {logging_mixin.py:120} INFO - [2024-04-12T21:48:55.058+0000] {dag.py:3340} INFO - Setting next_dagrun for example_task_group_decorator to 2024-04-11T21:48:55.058549+00:00, run_after=2024-04-12T21:48:55.058549+00:00
[2024-04-12T21:48:55.069+0000] {processor.py:176} INFO - Processing /home/airflow/.local/lib/python3.7/site-packages/airflow/example_dags/example_task_group_decorator.py took 0.133 seconds
[2024-04-12T21:49:25.275+0000] {processor.py:154} INFO - Started process (PID=131) to work on /home/airflow/.local/lib/python3.7/site-packages/airflow/example_dags/example_task_group_decorator.py
[2024-04-12T21:49:25.275+0000] {processor.py:756} INFO - Processing file /home/airflow/.local/lib/python3.7/site-packages/airflow/example_dags/example_task_group_decorator.py for tasks to queue
[2024-04-12T21:49:25.276+0000] {logging_mixin.py:120} INFO - [2024-04-12T21:49:25.276+0000] {dagbag.py:537} INFO - Filling up the DagBag from /home/airflow/.local/lib/python3.7/site-packages/airflow/example_dags/example_task_group_decorator.py
[2024-04-12T21:49:25.290+0000] {processor.py:766} INFO - DAG(s) dict_keys(['example_task_group_decorator']) retrieved from /home/airflow/.local/lib/python3.7/site-packages/airflow/example_dags/example_task_group_decorator.py
[2024-04-12T21:49:25.310+0000] {logging_mixin.py:120} INFO - [2024-04-12T21:49:25.310+0000] {dag.py:2585} INFO - Sync 1 DAGs
[2024-04-12T21:49:25.322+0000] {logging_mixin.py:120} INFO - [2024-04-12T21:49:25.322+0000] {dag.py:3340} INFO - Setting next_dagrun for example_task_group_decorator to 2024-04-11T21:49:25.322580+00:00, run_after=2024-04-12T21:49:25.322580+00:00
[2024-04-12T21:49:25.331+0000] {processor.py:176} INFO - Processing /home/airflow/.local/lib/python3.7/site-packages/airflow/example_dags/example_task_group_decorator.py took 0.058 seconds
[2024-04-12T21:49:55.514+0000] {processor.py:154} INFO - Started process (PID=195) to work on /home/airflow/.local/lib/python3.7/site-packages/airflow/example_dags/example_task_group_decorator.py
[2024-04-12T21:49:55.515+0000] {processor.py:756} INFO - Processing file /home/airflow/.local/lib/python3.7/site-packages/airflow/example_dags/example_task_group_decorator.py for tasks to queue
[2024-04-12T21:49:55.515+0000] {logging_mixin.py:120} INFO - [2024-04-12T21:49:55.515+0000] {dagbag.py:537} INFO - Filling up the DagBag from /home/airflow/.local/lib/python3.7/site-packages/airflow/example_dags/example_task_group_decorator.py
[2024-04-12T21:49:55.529+0000] {processor.py:766} INFO - DAG(s) dict_keys(['example_task_group_decorator']) retrieved from /home/airflow/.local/lib/python3.7/site-packages/airflow/example_dags/example_task_group_decorator.py
[2024-04-12T21:49:55.549+0000] {logging_mixin.py:120} INFO - [2024-04-12T21:49:55.549+0000] {dag.py:2585} INFO - Sync 1 DAGs
[2024-04-12T21:49:55.561+0000] {logging_mixin.py:120} INFO - [2024-04-12T21:49:55.561+0000] {dag.py:3340} INFO - Setting next_dagrun for example_task_group_decorator to 2024-04-11T21:49:55.561461+00:00, run_after=2024-04-12T21:49:55.561461+00:00
[2024-04-12T21:49:55.571+0000] {processor.py:176} INFO - Processing /home/airflow/.local/lib/python3.7/site-packages/airflow/example_dags/example_task_group_decorator.py took 0.059 seconds
[2024-04-12T21:50:26.353+0000] {processor.py:154} INFO - Started process (PID=256) to work on /home/airflow/.local/lib/python3.7/site-packages/airflow/example_dags/example_task_group_decorator.py
[2024-04-12T21:50:26.354+0000] {processor.py:756} INFO - Processing file /home/airflow/.local/lib/python3.7/site-packages/airflow/example_dags/example_task_group_decorator.py for tasks to queue
[2024-04-12T21:50:26.354+0000] {logging_mixin.py:120} INFO - [2024-04-12T21:50:26.354+0000] {dagbag.py:537} INFO - Filling up the DagBag from /home/airflow/.local/lib/python3.7/site-packages/airflow/example_dags/example_task_group_decorator.py
[2024-04-12T21:50:26.368+0000] {processor.py:766} INFO - DAG(s) dict_keys(['example_task_group_decorator']) retrieved from /home/airflow/.local/lib/python3.7/site-packages/airflow/example_dags/example_task_group_decorator.py
[2024-04-12T21:50:26.390+0000] {logging_mixin.py:120} INFO - [2024-04-12T21:50:26.390+0000] {dag.py:2585} INFO - Sync 1 DAGs
[2024-04-12T21:50:26.403+0000] {logging_mixin.py:120} INFO - [2024-04-12T21:50:26.403+0000] {dag.py:3340} INFO - Setting next_dagrun for example_task_group_decorator to 2024-04-11T21:50:26.403424+00:00, run_after=2024-04-12T21:50:26.403424+00:00
[2024-04-12T21:50:26.414+0000] {processor.py:176} INFO - Processing /home/airflow/.local/lib/python3.7/site-packages/airflow/example_dags/example_task_group_decorator.py took 0.063 seconds
[2024-04-12T21:50:57.229+0000] {processor.py:154} INFO - Started process (PID=310) to work on /home/airflow/.local/lib/python3.7/site-packages/airflow/example_dags/example_task_group_decorator.py
[2024-04-12T21:50:57.230+0000] {processor.py:756} INFO - Processing file /home/airflow/.local/lib/python3.7/site-packages/airflow/example_dags/example_task_group_decorator.py for tasks to queue
[2024-04-12T21:50:57.230+0000] {logging_mixin.py:120} INFO - [2024-04-12T21:50:57.230+0000] {dagbag.py:537} INFO - Filling up the DagBag from /home/airflow/.local/lib/python3.7/site-packages/airflow/example_dags/example_task_group_decorator.py
[2024-04-12T21:50:57.244+0000] {processor.py:766} INFO - DAG(s) dict_keys(['example_task_group_decorator']) retrieved from /home/airflow/.local/lib/python3.7/site-packages/airflow/example_dags/example_task_group_decorator.py
[2024-04-12T21:50:57.271+0000] {logging_mixin.py:120} INFO - [2024-04-12T21:50:57.271+0000] {dag.py:2585} INFO - Sync 1 DAGs
[2024-04-12T21:50:57.284+0000] {logging_mixin.py:120} INFO - [2024-04-12T21:50:57.284+0000] {dag.py:3340} INFO - Setting next_dagrun for example_task_group_decorator to 2024-04-11T21:50:57.284342+00:00, run_after=2024-04-12T21:50:57.284342+00:00
[2024-04-12T21:50:57.295+0000] {processor.py:176} INFO - Processing /home/airflow/.local/lib/python3.7/site-packages/airflow/example_dags/example_task_group_decorator.py took 0.068 seconds
[2024-04-12T21:51:28.218+0000] {processor.py:154} INFO - Started process (PID=372) to work on /home/airflow/.local/lib/python3.7/site-packages/airflow/example_dags/example_task_group_decorator.py
[2024-04-12T21:51:28.219+0000] {processor.py:756} INFO - Processing file /home/airflow/.local/lib/python3.7/site-packages/airflow/example_dags/example_task_group_decorator.py for tasks to queue
[2024-04-12T21:51:28.220+0000] {logging_mixin.py:120} INFO - [2024-04-12T21:51:28.220+0000] {dagbag.py:537} INFO - Filling up the DagBag from /home/airflow/.local/lib/python3.7/site-packages/airflow/example_dags/example_task_group_decorator.py
[2024-04-12T21:51:28.235+0000] {processor.py:766} INFO - DAG(s) dict_keys(['example_task_group_decorator']) retrieved from /home/airflow/.local/lib/python3.7/site-packages/airflow/example_dags/example_task_group_decorator.py
[2024-04-12T21:51:28.257+0000] {logging_mixin.py:120} INFO - [2024-04-12T21:51:28.257+0000] {dag.py:2585} INFO - Sync 1 DAGs
[2024-04-12T21:51:28.270+0000] {logging_mixin.py:120} INFO - [2024-04-12T21:51:28.270+0000] {dag.py:3340} INFO - Setting next_dagrun for example_task_group_decorator to 2024-04-11T21:51:28.270358+00:00, run_after=2024-04-12T21:51:28.270358+00:00
[2024-04-12T21:51:28.279+0000] {processor.py:176} INFO - Processing /home/airflow/.local/lib/python3.7/site-packages/airflow/example_dags/example_task_group_decorator.py took 0.063 seconds
