[2024-04-12T21:48:55.694+0000] {processor.py:154} INFO - Started process (PID=78) to work on /home/airflow/.local/lib/python3.7/site-packages/airflow/example_dags/example_latest_only.py
[2024-04-12T21:48:55.695+0000] {processor.py:756} INFO - Processing file /home/airflow/.local/lib/python3.7/site-packages/airflow/example_dags/example_latest_only.py for tasks to queue
[2024-04-12T21:48:55.695+0000] {logging_mixin.py:120} INFO - [2024-04-12T21:48:55.695+0000] {dagbag.py:537} INFO - Filling up the DagBag from /home/airflow/.local/lib/python3.7/site-packages/airflow/example_dags/example_latest_only.py
[2024-04-12T21:48:55.703+0000] {processor.py:766} INFO - DAG(s) dict_keys(['latest_only']) retrieved from /home/airflow/.local/lib/python3.7/site-packages/airflow/example_dags/example_latest_only.py
[2024-04-12T21:48:55.770+0000] {logging_mixin.py:120} INFO - [2024-04-12T21:48:55.769+0000] {manager.py:507} INFO - Created Permission View: can read on DAG:latest_only
[2024-04-12T21:48:55.775+0000] {logging_mixin.py:120} INFO - [2024-04-12T21:48:55.775+0000] {manager.py:507} INFO - Created Permission View: can edit on DAG:latest_only
[2024-04-12T21:48:55.778+0000] {logging_mixin.py:120} INFO - [2024-04-12T21:48:55.778+0000] {manager.py:507} INFO - Created Permission View: can delete on DAG:latest_only
[2024-04-12T21:48:55.779+0000] {logging_mixin.py:120} INFO - [2024-04-12T21:48:55.779+0000] {dag.py:2585} INFO - Sync 1 DAGs
[2024-04-12T21:48:55.786+0000] {logging_mixin.py:120} INFO - [2024-04-12T21:48:55.786+0000] {dag.py:2606} INFO - Creating ORM DAG for latest_only
[2024-04-12T21:48:55.793+0000] {logging_mixin.py:120} INFO - [2024-04-12T21:48:55.793+0000] {dag.py:3340} INFO - Setting next_dagrun for latest_only to 2024-04-12T17:48:55.793723+00:00, run_after=2024-04-12T21:48:55.793723+00:00
[2024-04-12T21:48:55.806+0000] {processor.py:176} INFO - Processing /home/airflow/.local/lib/python3.7/site-packages/airflow/example_dags/example_latest_only.py took 0.114 seconds
[2024-04-12T21:49:26.804+0000] {processor.py:154} INFO - Started process (PID=141) to work on /home/airflow/.local/lib/python3.7/site-packages/airflow/example_dags/example_latest_only.py
[2024-04-12T21:49:26.804+0000] {processor.py:756} INFO - Processing file /home/airflow/.local/lib/python3.7/site-packages/airflow/example_dags/example_latest_only.py for tasks to queue
[2024-04-12T21:49:26.805+0000] {logging_mixin.py:120} INFO - [2024-04-12T21:49:26.805+0000] {dagbag.py:537} INFO - Filling up the DagBag from /home/airflow/.local/lib/python3.7/site-packages/airflow/example_dags/example_latest_only.py
[2024-04-12T21:49:26.812+0000] {processor.py:766} INFO - DAG(s) dict_keys(['latest_only']) retrieved from /home/airflow/.local/lib/python3.7/site-packages/airflow/example_dags/example_latest_only.py
[2024-04-12T21:49:26.833+0000] {logging_mixin.py:120} INFO - [2024-04-12T21:49:26.833+0000] {dag.py:2585} INFO - Sync 1 DAGs
[2024-04-12T21:49:26.847+0000] {logging_mixin.py:120} INFO - [2024-04-12T21:49:26.847+0000] {dag.py:3340} INFO - Setting next_dagrun for latest_only to 2024-04-12T17:49:26.847351+00:00, run_after=2024-04-12T21:49:26.847351+00:00
[2024-04-12T21:49:26.858+0000] {processor.py:176} INFO - Processing /home/airflow/.local/lib/python3.7/site-packages/airflow/example_dags/example_latest_only.py took 0.056 seconds
[2024-04-12T21:49:56.902+0000] {processor.py:154} INFO - Started process (PID=205) to work on /home/airflow/.local/lib/python3.7/site-packages/airflow/example_dags/example_latest_only.py
[2024-04-12T21:49:56.903+0000] {processor.py:756} INFO - Processing file /home/airflow/.local/lib/python3.7/site-packages/airflow/example_dags/example_latest_only.py for tasks to queue
[2024-04-12T21:49:56.903+0000] {logging_mixin.py:120} INFO - [2024-04-12T21:49:56.903+0000] {dagbag.py:537} INFO - Filling up the DagBag from /home/airflow/.local/lib/python3.7/site-packages/airflow/example_dags/example_latest_only.py
[2024-04-12T21:49:56.910+0000] {processor.py:766} INFO - DAG(s) dict_keys(['latest_only']) retrieved from /home/airflow/.local/lib/python3.7/site-packages/airflow/example_dags/example_latest_only.py
[2024-04-12T21:49:56.929+0000] {logging_mixin.py:120} INFO - [2024-04-12T21:49:56.929+0000] {dag.py:2585} INFO - Sync 1 DAGs
[2024-04-12T21:49:56.943+0000] {logging_mixin.py:120} INFO - [2024-04-12T21:49:56.943+0000] {dag.py:3340} INFO - Setting next_dagrun for latest_only to 2024-04-12T17:49:56.943031+00:00, run_after=2024-04-12T21:49:56.943031+00:00
[2024-04-12T21:49:56.953+0000] {processor.py:176} INFO - Processing /home/airflow/.local/lib/python3.7/site-packages/airflow/example_dags/example_latest_only.py took 0.052 seconds
[2024-04-12T21:50:27.901+0000] {processor.py:154} INFO - Started process (PID=266) to work on /home/airflow/.local/lib/python3.7/site-packages/airflow/example_dags/example_latest_only.py
[2024-04-12T21:50:27.901+0000] {processor.py:756} INFO - Processing file /home/airflow/.local/lib/python3.7/site-packages/airflow/example_dags/example_latest_only.py for tasks to queue
[2024-04-12T21:50:27.902+0000] {logging_mixin.py:120} INFO - [2024-04-12T21:50:27.902+0000] {dagbag.py:537} INFO - Filling up the DagBag from /home/airflow/.local/lib/python3.7/site-packages/airflow/example_dags/example_latest_only.py
[2024-04-12T21:50:27.910+0000] {processor.py:766} INFO - DAG(s) dict_keys(['latest_only']) retrieved from /home/airflow/.local/lib/python3.7/site-packages/airflow/example_dags/example_latest_only.py
[2024-04-12T21:50:27.931+0000] {logging_mixin.py:120} INFO - [2024-04-12T21:50:27.931+0000] {dag.py:2585} INFO - Sync 1 DAGs
[2024-04-12T21:50:27.944+0000] {logging_mixin.py:120} INFO - [2024-04-12T21:50:27.944+0000] {dag.py:3340} INFO - Setting next_dagrun for latest_only to 2024-04-12T17:50:27.944342+00:00, run_after=2024-04-12T21:50:27.944342+00:00
[2024-04-12T21:50:27.957+0000] {processor.py:176} INFO - Processing /home/airflow/.local/lib/python3.7/site-packages/airflow/example_dags/example_latest_only.py took 0.058 seconds
[2024-04-12T21:50:58.751+0000] {processor.py:154} INFO - Started process (PID=329) to work on /home/airflow/.local/lib/python3.7/site-packages/airflow/example_dags/example_latest_only.py
[2024-04-12T21:50:58.752+0000] {processor.py:756} INFO - Processing file /home/airflow/.local/lib/python3.7/site-packages/airflow/example_dags/example_latest_only.py for tasks to queue
[2024-04-12T21:50:58.753+0000] {logging_mixin.py:120} INFO - [2024-04-12T21:50:58.753+0000] {dagbag.py:537} INFO - Filling up the DagBag from /home/airflow/.local/lib/python3.7/site-packages/airflow/example_dags/example_latest_only.py
[2024-04-12T21:50:58.763+0000] {processor.py:766} INFO - DAG(s) dict_keys(['latest_only']) retrieved from /home/airflow/.local/lib/python3.7/site-packages/airflow/example_dags/example_latest_only.py
[2024-04-12T21:50:58.790+0000] {logging_mixin.py:120} INFO - [2024-04-12T21:50:58.790+0000] {dag.py:2585} INFO - Sync 1 DAGs
[2024-04-12T21:50:58.805+0000] {logging_mixin.py:120} INFO - [2024-04-12T21:50:58.805+0000] {dag.py:3340} INFO - Setting next_dagrun for latest_only to 2024-04-12T17:50:58.805777+00:00, run_after=2024-04-12T21:50:58.805777+00:00
[2024-04-12T21:50:58.815+0000] {processor.py:176} INFO - Processing /home/airflow/.local/lib/python3.7/site-packages/airflow/example_dags/example_latest_only.py took 0.067 seconds
[2024-04-12T21:51:29.631+0000] {processor.py:154} INFO - Started process (PID=382) to work on /home/airflow/.local/lib/python3.7/site-packages/airflow/example_dags/example_latest_only.py
[2024-04-12T21:51:29.632+0000] {processor.py:756} INFO - Processing file /home/airflow/.local/lib/python3.7/site-packages/airflow/example_dags/example_latest_only.py for tasks to queue
[2024-04-12T21:51:29.632+0000] {logging_mixin.py:120} INFO - [2024-04-12T21:51:29.632+0000] {dagbag.py:537} INFO - Filling up the DagBag from /home/airflow/.local/lib/python3.7/site-packages/airflow/example_dags/example_latest_only.py
[2024-04-12T21:51:29.639+0000] {processor.py:766} INFO - DAG(s) dict_keys(['latest_only']) retrieved from /home/airflow/.local/lib/python3.7/site-packages/airflow/example_dags/example_latest_only.py
[2024-04-12T21:51:29.658+0000] {logging_mixin.py:120} INFO - [2024-04-12T21:51:29.658+0000] {dag.py:2585} INFO - Sync 1 DAGs
[2024-04-12T21:51:29.671+0000] {logging_mixin.py:120} INFO - [2024-04-12T21:51:29.671+0000] {dag.py:3340} INFO - Setting next_dagrun for latest_only to 2024-04-12T17:51:29.671284+00:00, run_after=2024-04-12T21:51:29.671284+00:00
[2024-04-12T21:51:29.681+0000] {processor.py:176} INFO - Processing /home/airflow/.local/lib/python3.7/site-packages/airflow/example_dags/example_latest_only.py took 0.052 seconds
