[2024-04-12T21:48:51.443+0000] {processor.py:154} INFO - Started process (PID=47) to work on /home/airflow/.local/lib/python3.7/site-packages/airflow/example_dags/example_datasets.py
[2024-04-12T21:48:51.444+0000] {processor.py:756} INFO - Processing file /home/airflow/.local/lib/python3.7/site-packages/airflow/example_dags/example_datasets.py for tasks to queue
[2024-04-12T21:48:51.445+0000] {logging_mixin.py:120} INFO - [2024-04-12T21:48:51.445+0000] {dagbag.py:537} INFO - Filling up the DagBag from /home/airflow/.local/lib/python3.7/site-packages/airflow/example_dags/example_datasets.py
[2024-04-12T21:48:51.461+0000] {processor.py:766} INFO - DAG(s) dict_keys(['dataset_consumes_unknown_never_scheduled', 'dataset_produces_2', 'dataset_consumes_1_never_scheduled', 'dataset_consumes_1', 'dataset_produces_1', 'dataset_consumes_1_and_2']) retrieved from /home/airflow/.local/lib/python3.7/site-packages/airflow/example_dags/example_datasets.py
[2024-04-12T21:48:51.666+0000] {logging_mixin.py:120} INFO - [2024-04-12T21:48:51.666+0000] {manager.py:507} INFO - Created Permission View: can read on DAG:dataset_consumes_unknown_never_scheduled
[2024-04-12T21:48:51.677+0000] {logging_mixin.py:120} INFO - [2024-04-12T21:48:51.676+0000] {manager.py:507} INFO - Created Permission View: can edit on DAG:dataset_consumes_unknown_never_scheduled
[2024-04-12T21:48:51.685+0000] {logging_mixin.py:120} INFO - [2024-04-12T21:48:51.685+0000] {manager.py:507} INFO - Created Permission View: can delete on DAG:dataset_consumes_unknown_never_scheduled
[2024-04-12T21:48:51.705+0000] {logging_mixin.py:120} INFO - [2024-04-12T21:48:51.705+0000] {manager.py:507} INFO - Created Permission View: can read on DAG:dataset_produces_2
[2024-04-12T21:48:51.719+0000] {logging_mixin.py:120} INFO - [2024-04-12T21:48:51.719+0000] {manager.py:507} INFO - Created Permission View: can edit on DAG:dataset_produces_2
[2024-04-12T21:48:51.731+0000] {logging_mixin.py:120} INFO - [2024-04-12T21:48:51.731+0000] {manager.py:507} INFO - Created Permission View: can delete on DAG:dataset_produces_2
[2024-04-12T21:48:51.751+0000] {logging_mixin.py:120} INFO - [2024-04-12T21:48:51.751+0000] {manager.py:507} INFO - Created Permission View: can read on DAG:dataset_consumes_1_never_scheduled
[2024-04-12T21:48:51.760+0000] {logging_mixin.py:120} INFO - [2024-04-12T21:48:51.760+0000] {manager.py:507} INFO - Created Permission View: can edit on DAG:dataset_consumes_1_never_scheduled
[2024-04-12T21:48:51.770+0000] {logging_mixin.py:120} INFO - [2024-04-12T21:48:51.770+0000] {manager.py:507} INFO - Created Permission View: can delete on DAG:dataset_consumes_1_never_scheduled
[2024-04-12T21:48:51.788+0000] {logging_mixin.py:120} INFO - [2024-04-12T21:48:51.788+0000] {manager.py:507} INFO - Created Permission View: can read on DAG:dataset_consumes_1
[2024-04-12T21:48:51.797+0000] {logging_mixin.py:120} INFO - [2024-04-12T21:48:51.797+0000] {manager.py:507} INFO - Created Permission View: can edit on DAG:dataset_consumes_1
[2024-04-12T21:48:51.804+0000] {logging_mixin.py:120} INFO - [2024-04-12T21:48:51.804+0000] {manager.py:507} INFO - Created Permission View: can delete on DAG:dataset_consumes_1
[2024-04-12T21:48:51.820+0000] {logging_mixin.py:120} INFO - [2024-04-12T21:48:51.820+0000] {manager.py:507} INFO - Created Permission View: can read on DAG:dataset_produces_1
[2024-04-12T21:48:51.831+0000] {logging_mixin.py:120} INFO - [2024-04-12T21:48:51.830+0000] {manager.py:507} INFO - Created Permission View: can edit on DAG:dataset_produces_1
[2024-04-12T21:48:51.843+0000] {logging_mixin.py:120} INFO - [2024-04-12T21:48:51.843+0000] {manager.py:507} INFO - Created Permission View: can delete on DAG:dataset_produces_1
[2024-04-12T21:48:51.880+0000] {logging_mixin.py:120} INFO - [2024-04-12T21:48:51.880+0000] {manager.py:507} INFO - Created Permission View: can read on DAG:dataset_consumes_1_and_2
[2024-04-12T21:48:51.889+0000] {logging_mixin.py:120} INFO - [2024-04-12T21:48:51.889+0000] {manager.py:507} INFO - Created Permission View: can edit on DAG:dataset_consumes_1_and_2
[2024-04-12T21:48:51.900+0000] {logging_mixin.py:120} INFO - [2024-04-12T21:48:51.900+0000] {manager.py:507} INFO - Created Permission View: can delete on DAG:dataset_consumes_1_and_2
[2024-04-12T21:48:51.901+0000] {logging_mixin.py:120} INFO - [2024-04-12T21:48:51.901+0000] {dag.py:2585} INFO - Sync 6 DAGs
[2024-04-12T21:48:51.925+0000] {logging_mixin.py:120} INFO - [2024-04-12T21:48:51.925+0000] {dag.py:2606} INFO - Creating ORM DAG for dataset_consumes_unknown_never_scheduled
[2024-04-12T21:48:51.928+0000] {logging_mixin.py:120} INFO - [2024-04-12T21:48:51.928+0000] {dag.py:2606} INFO - Creating ORM DAG for dataset_produces_2
[2024-04-12T21:48:51.930+0000] {logging_mixin.py:120} INFO - [2024-04-12T21:48:51.929+0000] {dag.py:2606} INFO - Creating ORM DAG for dataset_consumes_1_never_scheduled
[2024-04-12T21:48:51.933+0000] {logging_mixin.py:120} INFO - [2024-04-12T21:48:51.933+0000] {dag.py:2606} INFO - Creating ORM DAG for dataset_produces_1
[2024-04-12T21:48:51.934+0000] {logging_mixin.py:120} INFO - [2024-04-12T21:48:51.934+0000] {dag.py:2606} INFO - Creating ORM DAG for dataset_consumes_1_and_2
[2024-04-12T21:48:51.936+0000] {logging_mixin.py:120} INFO - [2024-04-12T21:48:51.936+0000] {dag.py:2606} INFO - Creating ORM DAG for dataset_consumes_1
[2024-04-12T21:48:51.951+0000] {logging_mixin.py:120} INFO - [2024-04-12T21:48:51.951+0000] {dag.py:3340} INFO - Setting next_dagrun for dataset_consumes_1 to None, run_after=None
[2024-04-12T21:48:51.954+0000] {logging_mixin.py:120} INFO - [2024-04-12T21:48:51.954+0000] {dag.py:3340} INFO - Setting next_dagrun for dataset_consumes_1_and_2 to None, run_after=None
[2024-04-12T21:48:51.955+0000] {logging_mixin.py:120} INFO - [2024-04-12T21:48:51.955+0000] {dag.py:3340} INFO - Setting next_dagrun for dataset_consumes_1_never_scheduled to None, run_after=None
[2024-04-12T21:48:51.956+0000] {logging_mixin.py:120} INFO - [2024-04-12T21:48:51.955+0000] {dag.py:3340} INFO - Setting next_dagrun for dataset_consumes_unknown_never_scheduled to None, run_after=None
[2024-04-12T21:48:51.958+0000] {logging_mixin.py:120} INFO - [2024-04-12T21:48:51.958+0000] {dag.py:3340} INFO - Setting next_dagrun for dataset_produces_1 to 2024-04-11T00:00:00+00:00, run_after=2024-04-12T00:00:00+00:00
[2024-04-12T21:48:51.960+0000] {logging_mixin.py:120} INFO - [2024-04-12T21:48:51.959+0000] {dag.py:3340} INFO - Setting next_dagrun for dataset_produces_2 to None, run_after=None
[2024-04-12T21:48:52.025+0000] {processor.py:176} INFO - Processing /home/airflow/.local/lib/python3.7/site-packages/airflow/example_dags/example_datasets.py took 0.585 seconds
[2024-04-12T21:49:22.257+0000] {processor.py:154} INFO - Started process (PID=110) to work on /home/airflow/.local/lib/python3.7/site-packages/airflow/example_dags/example_datasets.py
[2024-04-12T21:49:22.257+0000] {processor.py:756} INFO - Processing file /home/airflow/.local/lib/python3.7/site-packages/airflow/example_dags/example_datasets.py for tasks to queue
[2024-04-12T21:49:22.258+0000] {logging_mixin.py:120} INFO - [2024-04-12T21:49:22.258+0000] {dagbag.py:537} INFO - Filling up the DagBag from /home/airflow/.local/lib/python3.7/site-packages/airflow/example_dags/example_datasets.py
[2024-04-12T21:49:22.267+0000] {processor.py:766} INFO - DAG(s) dict_keys(['dataset_consumes_unknown_never_scheduled', 'dataset_produces_2', 'dataset_consumes_1', 'dataset_produces_1', 'dataset_consumes_1_and_2', 'dataset_consumes_1_never_scheduled']) retrieved from /home/airflow/.local/lib/python3.7/site-packages/airflow/example_dags/example_datasets.py
[2024-04-12T21:49:22.294+0000] {logging_mixin.py:120} INFO - [2024-04-12T21:49:22.294+0000] {dag.py:2585} INFO - Sync 6 DAGs
[2024-04-12T21:49:22.307+0000] {logging_mixin.py:120} INFO - [2024-04-12T21:49:22.307+0000] {dag.py:3340} INFO - Setting next_dagrun for dataset_consumes_1 to None, run_after=None
[2024-04-12T21:49:22.309+0000] {logging_mixin.py:120} INFO - [2024-04-12T21:49:22.309+0000] {dag.py:3340} INFO - Setting next_dagrun for dataset_consumes_1_and_2 to None, run_after=None
[2024-04-12T21:49:22.310+0000] {logging_mixin.py:120} INFO - [2024-04-12T21:49:22.310+0000] {dag.py:3340} INFO - Setting next_dagrun for dataset_consumes_1_never_scheduled to None, run_after=None
[2024-04-12T21:49:22.311+0000] {logging_mixin.py:120} INFO - [2024-04-12T21:49:22.311+0000] {dag.py:3340} INFO - Setting next_dagrun for dataset_consumes_unknown_never_scheduled to None, run_after=None
[2024-04-12T21:49:22.312+0000] {logging_mixin.py:120} INFO - [2024-04-12T21:49:22.312+0000] {dag.py:3340} INFO - Setting next_dagrun for dataset_produces_1 to 2024-04-11T00:00:00+00:00, run_after=2024-04-12T00:00:00+00:00
[2024-04-12T21:49:22.313+0000] {logging_mixin.py:120} INFO - [2024-04-12T21:49:22.313+0000] {dag.py:3340} INFO - Setting next_dagrun for dataset_produces_2 to None, run_after=None
[2024-04-12T21:49:22.328+0000] {processor.py:176} INFO - Processing /home/airflow/.local/lib/python3.7/site-packages/airflow/example_dags/example_datasets.py took 0.073 seconds
[2024-04-12T21:49:53.285+0000] {processor.py:154} INFO - Started process (PID=165) to work on /home/airflow/.local/lib/python3.7/site-packages/airflow/example_dags/example_datasets.py
[2024-04-12T21:49:53.286+0000] {processor.py:756} INFO - Processing file /home/airflow/.local/lib/python3.7/site-packages/airflow/example_dags/example_datasets.py for tasks to queue
[2024-04-12T21:49:53.286+0000] {logging_mixin.py:120} INFO - [2024-04-12T21:49:53.286+0000] {dagbag.py:537} INFO - Filling up the DagBag from /home/airflow/.local/lib/python3.7/site-packages/airflow/example_dags/example_datasets.py
[2024-04-12T21:49:53.297+0000] {processor.py:766} INFO - DAG(s) dict_keys(['dataset_consumes_unknown_never_scheduled', 'dataset_produces_1', 'dataset_consumes_1', 'dataset_consumes_1_and_2', 'dataset_consumes_1_never_scheduled', 'dataset_produces_2']) retrieved from /home/airflow/.local/lib/python3.7/site-packages/airflow/example_dags/example_datasets.py
[2024-04-12T21:49:53.354+0000] {logging_mixin.py:120} INFO - [2024-04-12T21:49:53.354+0000] {dag.py:2585} INFO - Sync 6 DAGs
[2024-04-12T21:49:53.369+0000] {logging_mixin.py:120} INFO - [2024-04-12T21:49:53.369+0000] {dag.py:3340} INFO - Setting next_dagrun for dataset_consumes_1 to None, run_after=None
[2024-04-12T21:49:53.371+0000] {logging_mixin.py:120} INFO - [2024-04-12T21:49:53.371+0000] {dag.py:3340} INFO - Setting next_dagrun for dataset_consumes_1_and_2 to None, run_after=None
[2024-04-12T21:49:53.371+0000] {logging_mixin.py:120} INFO - [2024-04-12T21:49:53.371+0000] {dag.py:3340} INFO - Setting next_dagrun for dataset_consumes_1_never_scheduled to None, run_after=None
[2024-04-12T21:49:53.372+0000] {logging_mixin.py:120} INFO - [2024-04-12T21:49:53.372+0000] {dag.py:3340} INFO - Setting next_dagrun for dataset_consumes_unknown_never_scheduled to None, run_after=None
[2024-04-12T21:49:53.373+0000] {logging_mixin.py:120} INFO - [2024-04-12T21:49:53.373+0000] {dag.py:3340} INFO - Setting next_dagrun for dataset_produces_1 to 2024-04-11T00:00:00+00:00, run_after=2024-04-12T00:00:00+00:00
[2024-04-12T21:49:53.374+0000] {logging_mixin.py:120} INFO - [2024-04-12T21:49:53.374+0000] {dag.py:3340} INFO - Setting next_dagrun for dataset_produces_2 to None, run_after=None
[2024-04-12T21:49:53.387+0000] {processor.py:176} INFO - Processing /home/airflow/.local/lib/python3.7/site-packages/airflow/example_dags/example_datasets.py took 0.105 seconds
[2024-04-12T21:50:23.455+0000] {processor.py:154} INFO - Started process (PID=226) to work on /home/airflow/.local/lib/python3.7/site-packages/airflow/example_dags/example_datasets.py
[2024-04-12T21:50:23.455+0000] {processor.py:756} INFO - Processing file /home/airflow/.local/lib/python3.7/site-packages/airflow/example_dags/example_datasets.py for tasks to queue
[2024-04-12T21:50:23.456+0000] {logging_mixin.py:120} INFO - [2024-04-12T21:50:23.456+0000] {dagbag.py:537} INFO - Filling up the DagBag from /home/airflow/.local/lib/python3.7/site-packages/airflow/example_dags/example_datasets.py
[2024-04-12T21:50:23.464+0000] {processor.py:766} INFO - DAG(s) dict_keys(['dataset_produces_1', 'dataset_consumes_1_never_scheduled', 'dataset_produces_2', 'dataset_consumes_unknown_never_scheduled', 'dataset_consumes_1', 'dataset_consumes_1_and_2']) retrieved from /home/airflow/.local/lib/python3.7/site-packages/airflow/example_dags/example_datasets.py
[2024-04-12T21:50:23.491+0000] {logging_mixin.py:120} INFO - [2024-04-12T21:50:23.491+0000] {dag.py:2585} INFO - Sync 6 DAGs
[2024-04-12T21:50:23.505+0000] {logging_mixin.py:120} INFO - [2024-04-12T21:50:23.505+0000] {dag.py:3340} INFO - Setting next_dagrun for dataset_consumes_1 to None, run_after=None
[2024-04-12T21:50:23.507+0000] {logging_mixin.py:120} INFO - [2024-04-12T21:50:23.507+0000] {dag.py:3340} INFO - Setting next_dagrun for dataset_consumes_1_and_2 to None, run_after=None
[2024-04-12T21:50:23.507+0000] {logging_mixin.py:120} INFO - [2024-04-12T21:50:23.507+0000] {dag.py:3340} INFO - Setting next_dagrun for dataset_consumes_1_never_scheduled to None, run_after=None
[2024-04-12T21:50:23.508+0000] {logging_mixin.py:120} INFO - [2024-04-12T21:50:23.508+0000] {dag.py:3340} INFO - Setting next_dagrun for dataset_consumes_unknown_never_scheduled to None, run_after=None
[2024-04-12T21:50:23.509+0000] {logging_mixin.py:120} INFO - [2024-04-12T21:50:23.509+0000] {dag.py:3340} INFO - Setting next_dagrun for dataset_produces_1 to 2024-04-11T00:00:00+00:00, run_after=2024-04-12T00:00:00+00:00
[2024-04-12T21:50:23.510+0000] {logging_mixin.py:120} INFO - [2024-04-12T21:50:23.510+0000] {dag.py:3340} INFO - Setting next_dagrun for dataset_produces_2 to None, run_after=None
[2024-04-12T21:50:23.523+0000] {processor.py:176} INFO - Processing /home/airflow/.local/lib/python3.7/site-packages/airflow/example_dags/example_datasets.py took 0.070 seconds
[2024-04-12T21:50:54.401+0000] {processor.py:154} INFO - Started process (PID=289) to work on /home/airflow/.local/lib/python3.7/site-packages/airflow/example_dags/example_datasets.py
[2024-04-12T21:50:54.402+0000] {processor.py:756} INFO - Processing file /home/airflow/.local/lib/python3.7/site-packages/airflow/example_dags/example_datasets.py for tasks to queue
[2024-04-12T21:50:54.402+0000] {logging_mixin.py:120} INFO - [2024-04-12T21:50:54.402+0000] {dagbag.py:537} INFO - Filling up the DagBag from /home/airflow/.local/lib/python3.7/site-packages/airflow/example_dags/example_datasets.py
[2024-04-12T21:50:54.411+0000] {processor.py:766} INFO - DAG(s) dict_keys(['dataset_consumes_1', 'dataset_produces_2', 'dataset_consumes_unknown_never_scheduled', 'dataset_consumes_1_and_2', 'dataset_consumes_1_never_scheduled', 'dataset_produces_1']) retrieved from /home/airflow/.local/lib/python3.7/site-packages/airflow/example_dags/example_datasets.py
[2024-04-12T21:50:54.439+0000] {logging_mixin.py:120} INFO - [2024-04-12T21:50:54.439+0000] {dag.py:2585} INFO - Sync 6 DAGs
[2024-04-12T21:50:54.451+0000] {logging_mixin.py:120} INFO - [2024-04-12T21:50:54.451+0000] {dag.py:3340} INFO - Setting next_dagrun for dataset_consumes_1 to None, run_after=None
[2024-04-12T21:50:54.453+0000] {logging_mixin.py:120} INFO - [2024-04-12T21:50:54.453+0000] {dag.py:3340} INFO - Setting next_dagrun for dataset_consumes_1_and_2 to None, run_after=None
[2024-04-12T21:50:54.454+0000] {logging_mixin.py:120} INFO - [2024-04-12T21:50:54.454+0000] {dag.py:3340} INFO - Setting next_dagrun for dataset_consumes_1_never_scheduled to None, run_after=None
[2024-04-12T21:50:54.455+0000] {logging_mixin.py:120} INFO - [2024-04-12T21:50:54.455+0000] {dag.py:3340} INFO - Setting next_dagrun for dataset_consumes_unknown_never_scheduled to None, run_after=None
[2024-04-12T21:50:54.456+0000] {logging_mixin.py:120} INFO - [2024-04-12T21:50:54.456+0000] {dag.py:3340} INFO - Setting next_dagrun for dataset_produces_1 to 2024-04-11T00:00:00+00:00, run_after=2024-04-12T00:00:00+00:00
[2024-04-12T21:50:54.457+0000] {logging_mixin.py:120} INFO - [2024-04-12T21:50:54.457+0000] {dag.py:3340} INFO - Setting next_dagrun for dataset_produces_2 to None, run_after=None
[2024-04-12T21:50:54.471+0000] {processor.py:176} INFO - Processing /home/airflow/.local/lib/python3.7/site-packages/airflow/example_dags/example_datasets.py took 0.071 seconds
[2024-04-12T21:51:25.241+0000] {processor.py:154} INFO - Started process (PID=351) to work on /home/airflow/.local/lib/python3.7/site-packages/airflow/example_dags/example_datasets.py
[2024-04-12T21:51:25.242+0000] {processor.py:756} INFO - Processing file /home/airflow/.local/lib/python3.7/site-packages/airflow/example_dags/example_datasets.py for tasks to queue
[2024-04-12T21:51:25.242+0000] {logging_mixin.py:120} INFO - [2024-04-12T21:51:25.242+0000] {dagbag.py:537} INFO - Filling up the DagBag from /home/airflow/.local/lib/python3.7/site-packages/airflow/example_dags/example_datasets.py
[2024-04-12T21:51:25.251+0000] {processor.py:766} INFO - DAG(s) dict_keys(['dataset_consumes_1_and_2', 'dataset_consumes_1', 'dataset_produces_1', 'dataset_consumes_unknown_never_scheduled', 'dataset_produces_2', 'dataset_consumes_1_never_scheduled']) retrieved from /home/airflow/.local/lib/python3.7/site-packages/airflow/example_dags/example_datasets.py
[2024-04-12T21:51:25.281+0000] {logging_mixin.py:120} INFO - [2024-04-12T21:51:25.281+0000] {dag.py:2585} INFO - Sync 6 DAGs
[2024-04-12T21:51:25.295+0000] {logging_mixin.py:120} INFO - [2024-04-12T21:51:25.295+0000] {dag.py:3340} INFO - Setting next_dagrun for dataset_consumes_1 to None, run_after=None
[2024-04-12T21:51:25.297+0000] {logging_mixin.py:120} INFO - [2024-04-12T21:51:25.297+0000] {dag.py:3340} INFO - Setting next_dagrun for dataset_consumes_1_and_2 to None, run_after=None
[2024-04-12T21:51:25.298+0000] {logging_mixin.py:120} INFO - [2024-04-12T21:51:25.298+0000] {dag.py:3340} INFO - Setting next_dagrun for dataset_consumes_1_never_scheduled to None, run_after=None
[2024-04-12T21:51:25.299+0000] {logging_mixin.py:120} INFO - [2024-04-12T21:51:25.299+0000] {dag.py:3340} INFO - Setting next_dagrun for dataset_consumes_unknown_never_scheduled to None, run_after=None
[2024-04-12T21:51:25.300+0000] {logging_mixin.py:120} INFO - [2024-04-12T21:51:25.300+0000] {dag.py:3340} INFO - Setting next_dagrun for dataset_produces_1 to 2024-04-11T00:00:00+00:00, run_after=2024-04-12T00:00:00+00:00
[2024-04-12T21:51:25.301+0000] {logging_mixin.py:120} INFO - [2024-04-12T21:51:25.301+0000] {dag.py:3340} INFO - Setting next_dagrun for dataset_produces_2 to None, run_after=None
[2024-04-12T21:51:25.317+0000] {processor.py:176} INFO - Processing /home/airflow/.local/lib/python3.7/site-packages/airflow/example_dags/example_datasets.py took 0.077 seconds
