[2024-04-12T21:48:53.460+0000] {processor.py:154} INFO - Started process (PID=59) to work on /home/airflow/.local/lib/python3.7/site-packages/airflow/example_dags/example_trigger_target_dag.py
[2024-04-12T21:48:53.461+0000] {processor.py:756} INFO - Processing file /home/airflow/.local/lib/python3.7/site-packages/airflow/example_dags/example_trigger_target_dag.py for tasks to queue
[2024-04-12T21:48:53.462+0000] {logging_mixin.py:120} INFO - [2024-04-12T21:48:53.462+0000] {dagbag.py:537} INFO - Filling up the DagBag from /home/airflow/.local/lib/python3.7/site-packages/airflow/example_dags/example_trigger_target_dag.py
[2024-04-12T21:48:53.478+0000] {processor.py:766} INFO - DAG(s) dict_keys(['example_trigger_target_dag']) retrieved from /home/airflow/.local/lib/python3.7/site-packages/airflow/example_dags/example_trigger_target_dag.py
[2024-04-12T21:48:53.614+0000] {logging_mixin.py:120} INFO - [2024-04-12T21:48:53.614+0000] {manager.py:507} INFO - Created Permission View: can read on DAG:example_trigger_target_dag
[2024-04-12T21:48:53.632+0000] {logging_mixin.py:120} INFO - [2024-04-12T21:48:53.632+0000] {manager.py:507} INFO - Created Permission View: can edit on DAG:example_trigger_target_dag
[2024-04-12T21:48:53.639+0000] {logging_mixin.py:120} INFO - [2024-04-12T21:48:53.639+0000] {manager.py:507} INFO - Created Permission View: can delete on DAG:example_trigger_target_dag
[2024-04-12T21:48:53.640+0000] {logging_mixin.py:120} INFO - [2024-04-12T21:48:53.639+0000] {dag.py:2585} INFO - Sync 1 DAGs
[2024-04-12T21:48:53.658+0000] {logging_mixin.py:120} INFO - [2024-04-12T21:48:53.658+0000] {dag.py:2606} INFO - Creating ORM DAG for example_trigger_target_dag
[2024-04-12T21:48:53.669+0000] {logging_mixin.py:120} INFO - [2024-04-12T21:48:53.669+0000] {dag.py:3340} INFO - Setting next_dagrun for example_trigger_target_dag to None, run_after=None
[2024-04-12T21:48:53.688+0000] {processor.py:176} INFO - Processing /home/airflow/.local/lib/python3.7/site-packages/airflow/example_dags/example_trigger_target_dag.py took 0.233 seconds
[2024-04-12T21:49:23.891+0000] {processor.py:154} INFO - Started process (PID=122) to work on /home/airflow/.local/lib/python3.7/site-packages/airflow/example_dags/example_trigger_target_dag.py
[2024-04-12T21:49:23.892+0000] {processor.py:756} INFO - Processing file /home/airflow/.local/lib/python3.7/site-packages/airflow/example_dags/example_trigger_target_dag.py for tasks to queue
[2024-04-12T21:49:23.892+0000] {logging_mixin.py:120} INFO - [2024-04-12T21:49:23.892+0000] {dagbag.py:537} INFO - Filling up the DagBag from /home/airflow/.local/lib/python3.7/site-packages/airflow/example_dags/example_trigger_target_dag.py
[2024-04-12T21:49:23.904+0000] {processor.py:766} INFO - DAG(s) dict_keys(['example_trigger_target_dag']) retrieved from /home/airflow/.local/lib/python3.7/site-packages/airflow/example_dags/example_trigger_target_dag.py
[2024-04-12T21:49:23.924+0000] {logging_mixin.py:120} INFO - [2024-04-12T21:49:23.924+0000] {dag.py:2585} INFO - Sync 1 DAGs
[2024-04-12T21:49:23.936+0000] {logging_mixin.py:120} INFO - [2024-04-12T21:49:23.936+0000] {dag.py:3340} INFO - Setting next_dagrun for example_trigger_target_dag to None, run_after=None
[2024-04-12T21:49:23.946+0000] {processor.py:176} INFO - Processing /home/airflow/.local/lib/python3.7/site-packages/airflow/example_dags/example_trigger_target_dag.py took 0.056 seconds
[2024-04-12T21:49:54.112+0000] {processor.py:154} INFO - Started process (PID=186) to work on /home/airflow/.local/lib/python3.7/site-packages/airflow/example_dags/example_trigger_target_dag.py
[2024-04-12T21:49:54.112+0000] {processor.py:756} INFO - Processing file /home/airflow/.local/lib/python3.7/site-packages/airflow/example_dags/example_trigger_target_dag.py for tasks to queue
[2024-04-12T21:49:54.113+0000] {logging_mixin.py:120} INFO - [2024-04-12T21:49:54.113+0000] {dagbag.py:537} INFO - Filling up the DagBag from /home/airflow/.local/lib/python3.7/site-packages/airflow/example_dags/example_trigger_target_dag.py
[2024-04-12T21:49:54.124+0000] {processor.py:766} INFO - DAG(s) dict_keys(['example_trigger_target_dag']) retrieved from /home/airflow/.local/lib/python3.7/site-packages/airflow/example_dags/example_trigger_target_dag.py
[2024-04-12T21:49:54.149+0000] {logging_mixin.py:120} INFO - [2024-04-12T21:49:54.149+0000] {dag.py:2585} INFO - Sync 1 DAGs
[2024-04-12T21:49:54.165+0000] {logging_mixin.py:120} INFO - [2024-04-12T21:49:54.165+0000] {dag.py:3340} INFO - Setting next_dagrun for example_trigger_target_dag to None, run_after=None
[2024-04-12T21:49:54.178+0000] {processor.py:176} INFO - Processing /home/airflow/.local/lib/python3.7/site-packages/airflow/example_dags/example_trigger_target_dag.py took 0.068 seconds
[2024-04-12T21:50:25.011+0000] {processor.py:154} INFO - Started process (PID=238) to work on /home/airflow/.local/lib/python3.7/site-packages/airflow/example_dags/example_trigger_target_dag.py
[2024-04-12T21:50:25.011+0000] {processor.py:756} INFO - Processing file /home/airflow/.local/lib/python3.7/site-packages/airflow/example_dags/example_trigger_target_dag.py for tasks to queue
[2024-04-12T21:50:25.012+0000] {logging_mixin.py:120} INFO - [2024-04-12T21:50:25.012+0000] {dagbag.py:537} INFO - Filling up the DagBag from /home/airflow/.local/lib/python3.7/site-packages/airflow/example_dags/example_trigger_target_dag.py
[2024-04-12T21:50:25.023+0000] {processor.py:766} INFO - DAG(s) dict_keys(['example_trigger_target_dag']) retrieved from /home/airflow/.local/lib/python3.7/site-packages/airflow/example_dags/example_trigger_target_dag.py
[2024-04-12T21:50:25.044+0000] {logging_mixin.py:120} INFO - [2024-04-12T21:50:25.044+0000] {dag.py:2585} INFO - Sync 1 DAGs
[2024-04-12T21:50:25.057+0000] {logging_mixin.py:120} INFO - [2024-04-12T21:50:25.057+0000] {dag.py:3340} INFO - Setting next_dagrun for example_trigger_target_dag to None, run_after=None
[2024-04-12T21:50:25.066+0000] {processor.py:176} INFO - Processing /home/airflow/.local/lib/python3.7/site-packages/airflow/example_dags/example_trigger_target_dag.py took 0.057 seconds
[2024-04-12T21:50:55.895+0000] {processor.py:154} INFO - Started process (PID=301) to work on /home/airflow/.local/lib/python3.7/site-packages/airflow/example_dags/example_trigger_target_dag.py
[2024-04-12T21:50:55.896+0000] {processor.py:756} INFO - Processing file /home/airflow/.local/lib/python3.7/site-packages/airflow/example_dags/example_trigger_target_dag.py for tasks to queue
[2024-04-12T21:50:55.896+0000] {logging_mixin.py:120} INFO - [2024-04-12T21:50:55.896+0000] {dagbag.py:537} INFO - Filling up the DagBag from /home/airflow/.local/lib/python3.7/site-packages/airflow/example_dags/example_trigger_target_dag.py
[2024-04-12T21:50:55.907+0000] {processor.py:766} INFO - DAG(s) dict_keys(['example_trigger_target_dag']) retrieved from /home/airflow/.local/lib/python3.7/site-packages/airflow/example_dags/example_trigger_target_dag.py
[2024-04-12T21:50:55.927+0000] {logging_mixin.py:120} INFO - [2024-04-12T21:50:55.927+0000] {dag.py:2585} INFO - Sync 1 DAGs
[2024-04-12T21:50:55.939+0000] {logging_mixin.py:120} INFO - [2024-04-12T21:50:55.939+0000] {dag.py:3340} INFO - Setting next_dagrun for example_trigger_target_dag to None, run_after=None
[2024-04-12T21:50:55.948+0000] {processor.py:176} INFO - Processing /home/airflow/.local/lib/python3.7/site-packages/airflow/example_dags/example_trigger_target_dag.py took 0.054 seconds
[2024-04-12T21:51:26.805+0000] {processor.py:154} INFO - Started process (PID=363) to work on /home/airflow/.local/lib/python3.7/site-packages/airflow/example_dags/example_trigger_target_dag.py
[2024-04-12T21:51:26.806+0000] {processor.py:756} INFO - Processing file /home/airflow/.local/lib/python3.7/site-packages/airflow/example_dags/example_trigger_target_dag.py for tasks to queue
[2024-04-12T21:51:26.807+0000] {logging_mixin.py:120} INFO - [2024-04-12T21:51:26.806+0000] {dagbag.py:537} INFO - Filling up the DagBag from /home/airflow/.local/lib/python3.7/site-packages/airflow/example_dags/example_trigger_target_dag.py
[2024-04-12T21:51:26.817+0000] {processor.py:766} INFO - DAG(s) dict_keys(['example_trigger_target_dag']) retrieved from /home/airflow/.local/lib/python3.7/site-packages/airflow/example_dags/example_trigger_target_dag.py
[2024-04-12T21:51:26.838+0000] {logging_mixin.py:120} INFO - [2024-04-12T21:51:26.838+0000] {dag.py:2585} INFO - Sync 1 DAGs
[2024-04-12T21:51:26.852+0000] {logging_mixin.py:120} INFO - [2024-04-12T21:51:26.852+0000] {dag.py:3340} INFO - Setting next_dagrun for example_trigger_target_dag to None, run_after=None
[2024-04-12T21:51:26.863+0000] {processor.py:176} INFO - Processing /home/airflow/.local/lib/python3.7/site-packages/airflow/example_dags/example_trigger_target_dag.py took 0.060 seconds
