[2024-04-12T21:48:52.506+0000] {processor.py:154} INFO - Started process (PID=52) to work on /home/airflow/.local/lib/python3.7/site-packages/airflow/example_dags/example_branch_datetime_operator.py
[2024-04-12T21:48:52.509+0000] {processor.py:756} INFO - Processing file /home/airflow/.local/lib/python3.7/site-packages/airflow/example_dags/example_branch_datetime_operator.py for tasks to queue
[2024-04-12T21:48:52.510+0000] {logging_mixin.py:120} INFO - [2024-04-12T21:48:52.510+0000] {dagbag.py:537} INFO - Filling up the DagBag from /home/airflow/.local/lib/python3.7/site-packages/airflow/example_dags/example_branch_datetime_operator.py
[2024-04-12T21:48:52.531+0000] {processor.py:766} INFO - DAG(s) dict_keys(['example_branch_datetime_operator', 'example_branch_datetime_operator_2', 'example_branch_datetime_operator_3']) retrieved from /home/airflow/.local/lib/python3.7/site-packages/airflow/example_dags/example_branch_datetime_operator.py
[2024-04-12T21:48:52.652+0000] {logging_mixin.py:120} INFO - [2024-04-12T21:48:52.652+0000] {manager.py:507} INFO - Created Permission View: can read on DAG:example_branch_datetime_operator
[2024-04-12T21:48:52.662+0000] {logging_mixin.py:120} INFO - [2024-04-12T21:48:52.662+0000] {manager.py:507} INFO - Created Permission View: can edit on DAG:example_branch_datetime_operator
[2024-04-12T21:48:52.675+0000] {logging_mixin.py:120} INFO - [2024-04-12T21:48:52.674+0000] {manager.py:507} INFO - Created Permission View: can delete on DAG:example_branch_datetime_operator
[2024-04-12T21:48:52.687+0000] {logging_mixin.py:120} INFO - [2024-04-12T21:48:52.687+0000] {manager.py:507} INFO - Created Permission View: can read on DAG:example_branch_datetime_operator_2
[2024-04-12T21:48:52.693+0000] {logging_mixin.py:120} INFO - [2024-04-12T21:48:52.693+0000] {manager.py:507} INFO - Created Permission View: can edit on DAG:example_branch_datetime_operator_2
[2024-04-12T21:48:52.704+0000] {logging_mixin.py:120} INFO - [2024-04-12T21:48:52.704+0000] {manager.py:507} INFO - Created Permission View: can delete on DAG:example_branch_datetime_operator_2
[2024-04-12T21:48:52.716+0000] {logging_mixin.py:120} INFO - [2024-04-12T21:48:52.715+0000] {manager.py:507} INFO - Created Permission View: can read on DAG:example_branch_datetime_operator_3
[2024-04-12T21:48:52.721+0000] {logging_mixin.py:120} INFO - [2024-04-12T21:48:52.721+0000] {manager.py:507} INFO - Created Permission View: can edit on DAG:example_branch_datetime_operator_3
[2024-04-12T21:48:52.726+0000] {logging_mixin.py:120} INFO - [2024-04-12T21:48:52.726+0000] {manager.py:507} INFO - Created Permission View: can delete on DAG:example_branch_datetime_operator_3
[2024-04-12T21:48:52.726+0000] {logging_mixin.py:120} INFO - [2024-04-12T21:48:52.726+0000] {dag.py:2585} INFO - Sync 3 DAGs
[2024-04-12T21:48:52.736+0000] {logging_mixin.py:120} INFO - [2024-04-12T21:48:52.736+0000] {dag.py:2606} INFO - Creating ORM DAG for example_branch_datetime_operator
[2024-04-12T21:48:52.737+0000] {logging_mixin.py:120} INFO - [2024-04-12T21:48:52.737+0000] {dag.py:2606} INFO - Creating ORM DAG for example_branch_datetime_operator_2
[2024-04-12T21:48:52.737+0000] {logging_mixin.py:120} INFO - [2024-04-12T21:48:52.737+0000] {dag.py:2606} INFO - Creating ORM DAG for example_branch_datetime_operator_3
[2024-04-12T21:48:52.746+0000] {logging_mixin.py:120} INFO - [2024-04-12T21:48:52.746+0000] {dag.py:3340} INFO - Setting next_dagrun for example_branch_datetime_operator to 2024-04-11T00:00:00+00:00, run_after=2024-04-12T00:00:00+00:00
[2024-04-12T21:48:52.747+0000] {logging_mixin.py:120} INFO - [2024-04-12T21:48:52.747+0000] {dag.py:3340} INFO - Setting next_dagrun for example_branch_datetime_operator_2 to 2024-04-11T00:00:00+00:00, run_after=2024-04-12T00:00:00+00:00
[2024-04-12T21:48:52.750+0000] {logging_mixin.py:120} INFO - [2024-04-12T21:48:52.750+0000] {dag.py:3340} INFO - Setting next_dagrun for example_branch_datetime_operator_3 to 2024-04-11T00:00:00+00:00, run_after=2024-04-12T00:00:00+00:00
[2024-04-12T21:48:52.771+0000] {processor.py:176} INFO - Processing /home/airflow/.local/lib/python3.7/site-packages/airflow/example_dags/example_branch_datetime_operator.py took 0.271 seconds
[2024-04-12T21:49:23.535+0000] {processor.py:154} INFO - Started process (PID=115) to work on /home/airflow/.local/lib/python3.7/site-packages/airflow/example_dags/example_branch_datetime_operator.py
[2024-04-12T21:49:23.535+0000] {processor.py:756} INFO - Processing file /home/airflow/.local/lib/python3.7/site-packages/airflow/example_dags/example_branch_datetime_operator.py for tasks to queue
[2024-04-12T21:49:23.536+0000] {logging_mixin.py:120} INFO - [2024-04-12T21:49:23.536+0000] {dagbag.py:537} INFO - Filling up the DagBag from /home/airflow/.local/lib/python3.7/site-packages/airflow/example_dags/example_branch_datetime_operator.py
[2024-04-12T21:49:23.545+0000] {processor.py:766} INFO - DAG(s) dict_keys(['example_branch_datetime_operator', 'example_branch_datetime_operator_3', 'example_branch_datetime_operator_2']) retrieved from /home/airflow/.local/lib/python3.7/site-packages/airflow/example_dags/example_branch_datetime_operator.py
[2024-04-12T21:49:23.567+0000] {logging_mixin.py:120} INFO - [2024-04-12T21:49:23.567+0000] {dag.py:2585} INFO - Sync 3 DAGs
[2024-04-12T21:49:23.582+0000] {logging_mixin.py:120} INFO - [2024-04-12T21:49:23.582+0000] {dag.py:3340} INFO - Setting next_dagrun for example_branch_datetime_operator to 2024-04-11T00:00:00+00:00, run_after=2024-04-12T00:00:00+00:00
[2024-04-12T21:49:23.584+0000] {logging_mixin.py:120} INFO - [2024-04-12T21:49:23.584+0000] {dag.py:3340} INFO - Setting next_dagrun for example_branch_datetime_operator_2 to 2024-04-11T00:00:00+00:00, run_after=2024-04-12T00:00:00+00:00
[2024-04-12T21:49:23.586+0000] {logging_mixin.py:120} INFO - [2024-04-12T21:49:23.586+0000] {dag.py:3340} INFO - Setting next_dagrun for example_branch_datetime_operator_3 to 2024-04-11T00:00:00+00:00, run_after=2024-04-12T00:00:00+00:00
[2024-04-12T21:49:23.596+0000] {processor.py:176} INFO - Processing /home/airflow/.local/lib/python3.7/site-packages/airflow/example_dags/example_branch_datetime_operator.py took 0.062 seconds
[2024-04-12T21:49:53.733+0000] {processor.py:154} INFO - Started process (PID=170) to work on /home/airflow/.local/lib/python3.7/site-packages/airflow/example_dags/example_branch_datetime_operator.py
[2024-04-12T21:49:53.734+0000] {processor.py:756} INFO - Processing file /home/airflow/.local/lib/python3.7/site-packages/airflow/example_dags/example_branch_datetime_operator.py for tasks to queue
[2024-04-12T21:49:53.734+0000] {logging_mixin.py:120} INFO - [2024-04-12T21:49:53.734+0000] {dagbag.py:537} INFO - Filling up the DagBag from /home/airflow/.local/lib/python3.7/site-packages/airflow/example_dags/example_branch_datetime_operator.py
[2024-04-12T21:49:53.744+0000] {processor.py:766} INFO - DAG(s) dict_keys(['example_branch_datetime_operator_3', 'example_branch_datetime_operator', 'example_branch_datetime_operator_2']) retrieved from /home/airflow/.local/lib/python3.7/site-packages/airflow/example_dags/example_branch_datetime_operator.py
[2024-04-12T21:49:53.770+0000] {logging_mixin.py:120} INFO - [2024-04-12T21:49:53.769+0000] {dag.py:2585} INFO - Sync 3 DAGs
[2024-04-12T21:49:53.785+0000] {logging_mixin.py:120} INFO - [2024-04-12T21:49:53.785+0000] {dag.py:3340} INFO - Setting next_dagrun for example_branch_datetime_operator to 2024-04-11T00:00:00+00:00, run_after=2024-04-12T00:00:00+00:00
[2024-04-12T21:49:53.788+0000] {logging_mixin.py:120} INFO - [2024-04-12T21:49:53.788+0000] {dag.py:3340} INFO - Setting next_dagrun for example_branch_datetime_operator_2 to 2024-04-11T00:00:00+00:00, run_after=2024-04-12T00:00:00+00:00
[2024-04-12T21:49:53.789+0000] {logging_mixin.py:120} INFO - [2024-04-12T21:49:53.789+0000] {dag.py:3340} INFO - Setting next_dagrun for example_branch_datetime_operator_3 to 2024-04-11T00:00:00+00:00, run_after=2024-04-12T00:00:00+00:00
[2024-04-12T21:49:53.799+0000] {processor.py:176} INFO - Processing /home/airflow/.local/lib/python3.7/site-packages/airflow/example_dags/example_branch_datetime_operator.py took 0.067 seconds
[2024-04-12T21:50:24.670+0000] {processor.py:154} INFO - Started process (PID=231) to work on /home/airflow/.local/lib/python3.7/site-packages/airflow/example_dags/example_branch_datetime_operator.py
[2024-04-12T21:50:24.671+0000] {processor.py:756} INFO - Processing file /home/airflow/.local/lib/python3.7/site-packages/airflow/example_dags/example_branch_datetime_operator.py for tasks to queue
[2024-04-12T21:50:24.671+0000] {logging_mixin.py:120} INFO - [2024-04-12T21:50:24.671+0000] {dagbag.py:537} INFO - Filling up the DagBag from /home/airflow/.local/lib/python3.7/site-packages/airflow/example_dags/example_branch_datetime_operator.py
[2024-04-12T21:50:24.680+0000] {processor.py:766} INFO - DAG(s) dict_keys(['example_branch_datetime_operator', 'example_branch_datetime_operator_2', 'example_branch_datetime_operator_3']) retrieved from /home/airflow/.local/lib/python3.7/site-packages/airflow/example_dags/example_branch_datetime_operator.py
[2024-04-12T21:50:24.705+0000] {logging_mixin.py:120} INFO - [2024-04-12T21:50:24.705+0000] {dag.py:2585} INFO - Sync 3 DAGs
[2024-04-12T21:50:24.719+0000] {logging_mixin.py:120} INFO - [2024-04-12T21:50:24.719+0000] {dag.py:3340} INFO - Setting next_dagrun for example_branch_datetime_operator to 2024-04-11T00:00:00+00:00, run_after=2024-04-12T00:00:00+00:00
[2024-04-12T21:50:24.721+0000] {logging_mixin.py:120} INFO - [2024-04-12T21:50:24.721+0000] {dag.py:3340} INFO - Setting next_dagrun for example_branch_datetime_operator_2 to 2024-04-11T00:00:00+00:00, run_after=2024-04-12T00:00:00+00:00
[2024-04-12T21:50:24.722+0000] {logging_mixin.py:120} INFO - [2024-04-12T21:50:24.722+0000] {dag.py:3340} INFO - Setting next_dagrun for example_branch_datetime_operator_3 to 2024-04-11T00:00:00+00:00, run_after=2024-04-12T00:00:00+00:00
[2024-04-12T21:50:24.731+0000] {processor.py:176} INFO - Processing /home/airflow/.local/lib/python3.7/site-packages/airflow/example_dags/example_branch_datetime_operator.py took 0.063 seconds
[2024-04-12T21:50:55.609+0000] {processor.py:154} INFO - Started process (PID=294) to work on /home/airflow/.local/lib/python3.7/site-packages/airflow/example_dags/example_branch_datetime_operator.py
[2024-04-12T21:50:55.609+0000] {processor.py:756} INFO - Processing file /home/airflow/.local/lib/python3.7/site-packages/airflow/example_dags/example_branch_datetime_operator.py for tasks to queue
[2024-04-12T21:50:55.610+0000] {logging_mixin.py:120} INFO - [2024-04-12T21:50:55.610+0000] {dagbag.py:537} INFO - Filling up the DagBag from /home/airflow/.local/lib/python3.7/site-packages/airflow/example_dags/example_branch_datetime_operator.py
[2024-04-12T21:50:55.619+0000] {processor.py:766} INFO - DAG(s) dict_keys(['example_branch_datetime_operator_2', 'example_branch_datetime_operator_3', 'example_branch_datetime_operator']) retrieved from /home/airflow/.local/lib/python3.7/site-packages/airflow/example_dags/example_branch_datetime_operator.py
[2024-04-12T21:50:55.643+0000] {logging_mixin.py:120} INFO - [2024-04-12T21:50:55.643+0000] {dag.py:2585} INFO - Sync 3 DAGs
[2024-04-12T21:50:55.658+0000] {logging_mixin.py:120} INFO - [2024-04-12T21:50:55.658+0000] {dag.py:3340} INFO - Setting next_dagrun for example_branch_datetime_operator to 2024-04-11T00:00:00+00:00, run_after=2024-04-12T00:00:00+00:00
[2024-04-12T21:50:55.661+0000] {logging_mixin.py:120} INFO - [2024-04-12T21:50:55.661+0000] {dag.py:3340} INFO - Setting next_dagrun for example_branch_datetime_operator_2 to 2024-04-11T00:00:00+00:00, run_after=2024-04-12T00:00:00+00:00
[2024-04-12T21:50:55.663+0000] {logging_mixin.py:120} INFO - [2024-04-12T21:50:55.663+0000] {dag.py:3340} INFO - Setting next_dagrun for example_branch_datetime_operator_3 to 2024-04-11T00:00:00+00:00, run_after=2024-04-12T00:00:00+00:00
[2024-04-12T21:50:55.675+0000] {processor.py:176} INFO - Processing /home/airflow/.local/lib/python3.7/site-packages/airflow/example_dags/example_branch_datetime_operator.py took 0.068 seconds
[2024-04-12T21:51:26.454+0000] {processor.py:154} INFO - Started process (PID=356) to work on /home/airflow/.local/lib/python3.7/site-packages/airflow/example_dags/example_branch_datetime_operator.py
[2024-04-12T21:51:26.454+0000] {processor.py:756} INFO - Processing file /home/airflow/.local/lib/python3.7/site-packages/airflow/example_dags/example_branch_datetime_operator.py for tasks to queue
[2024-04-12T21:51:26.455+0000] {logging_mixin.py:120} INFO - [2024-04-12T21:51:26.455+0000] {dagbag.py:537} INFO - Filling up the DagBag from /home/airflow/.local/lib/python3.7/site-packages/airflow/example_dags/example_branch_datetime_operator.py
[2024-04-12T21:51:26.464+0000] {processor.py:766} INFO - DAG(s) dict_keys(['example_branch_datetime_operator', 'example_branch_datetime_operator_2', 'example_branch_datetime_operator_3']) retrieved from /home/airflow/.local/lib/python3.7/site-packages/airflow/example_dags/example_branch_datetime_operator.py
[2024-04-12T21:51:26.488+0000] {logging_mixin.py:120} INFO - [2024-04-12T21:51:26.488+0000] {dag.py:2585} INFO - Sync 3 DAGs
[2024-04-12T21:51:26.501+0000] {logging_mixin.py:120} INFO - [2024-04-12T21:51:26.501+0000] {dag.py:3340} INFO - Setting next_dagrun for example_branch_datetime_operator to 2024-04-11T00:00:00+00:00, run_after=2024-04-12T00:00:00+00:00
[2024-04-12T21:51:26.503+0000] {logging_mixin.py:120} INFO - [2024-04-12T21:51:26.503+0000] {dag.py:3340} INFO - Setting next_dagrun for example_branch_datetime_operator_2 to 2024-04-11T00:00:00+00:00, run_after=2024-04-12T00:00:00+00:00
[2024-04-12T21:51:26.504+0000] {logging_mixin.py:120} INFO - [2024-04-12T21:51:26.504+0000] {dag.py:3340} INFO - Setting next_dagrun for example_branch_datetime_operator_3 to 2024-04-11T00:00:00+00:00, run_after=2024-04-12T00:00:00+00:00
[2024-04-12T21:51:26.513+0000] {processor.py:176} INFO - Processing /home/airflow/.local/lib/python3.7/site-packages/airflow/example_dags/example_branch_datetime_operator.py took 0.061 seconds
