[2024-04-12T21:48:52.634+0000] {processor.py:154} INFO - Started process (PID=53) to work on /home/airflow/.local/lib/python3.7/site-packages/airflow/example_dags/example_complex.py
[2024-04-12T21:48:52.635+0000] {processor.py:756} INFO - Processing file /home/airflow/.local/lib/python3.7/site-packages/airflow/example_dags/example_complex.py for tasks to queue
[2024-04-12T21:48:52.636+0000] {logging_mixin.py:120} INFO - [2024-04-12T21:48:52.636+0000] {dagbag.py:537} INFO - Filling up the DagBag from /home/airflow/.local/lib/python3.7/site-packages/airflow/example_dags/example_complex.py
[2024-04-12T21:48:52.649+0000] {logging_mixin.py:120} INFO - [2024-04-12T21:48:52.649+0000] {taskmixin.py:205} WARNING - Dependency <Task(BashOperator): create_entry_group>, delete_entry_group already registered for DAG: example_complex
[2024-04-12T21:48:52.650+0000] {logging_mixin.py:120} INFO - [2024-04-12T21:48:52.650+0000] {taskmixin.py:205} WARNING - Dependency <Task(BashOperator): delete_entry_group>, create_entry_group already registered for DAG: example_complex
[2024-04-12T21:48:52.650+0000] {logging_mixin.py:120} INFO - [2024-04-12T21:48:52.650+0000] {taskmixin.py:205} WARNING - Dependency <Task(BashOperator): create_entry_gcs>, delete_entry already registered for DAG: example_complex
[2024-04-12T21:48:52.650+0000] {logging_mixin.py:120} INFO - [2024-04-12T21:48:52.650+0000] {taskmixin.py:205} WARNING - Dependency <Task(BashOperator): delete_entry>, create_entry_gcs already registered for DAG: example_complex
[2024-04-12T21:48:52.651+0000] {logging_mixin.py:120} INFO - [2024-04-12T21:48:52.651+0000] {taskmixin.py:205} WARNING - Dependency <Task(BashOperator): create_tag>, delete_tag already registered for DAG: example_complex
[2024-04-12T21:48:52.651+0000] {logging_mixin.py:120} INFO - [2024-04-12T21:48:52.651+0000] {taskmixin.py:205} WARNING - Dependency <Task(BashOperator): delete_tag>, create_tag already registered for DAG: example_complex
[2024-04-12T21:48:52.657+0000] {processor.py:766} INFO - DAG(s) dict_keys(['example_complex']) retrieved from /home/airflow/.local/lib/python3.7/site-packages/airflow/example_dags/example_complex.py
[2024-04-12T21:48:52.790+0000] {logging_mixin.py:120} INFO - [2024-04-12T21:48:52.790+0000] {manager.py:507} INFO - Created Permission View: can read on DAG:example_complex
[2024-04-12T21:48:52.800+0000] {logging_mixin.py:120} INFO - [2024-04-12T21:48:52.799+0000] {manager.py:507} INFO - Created Permission View: can edit on DAG:example_complex
[2024-04-12T21:48:52.807+0000] {logging_mixin.py:120} INFO - [2024-04-12T21:48:52.807+0000] {manager.py:507} INFO - Created Permission View: can delete on DAG:example_complex
[2024-04-12T21:48:52.808+0000] {logging_mixin.py:120} INFO - [2024-04-12T21:48:52.807+0000] {dag.py:2585} INFO - Sync 1 DAGs
[2024-04-12T21:48:52.819+0000] {logging_mixin.py:120} INFO - [2024-04-12T21:48:52.819+0000] {dag.py:2606} INFO - Creating ORM DAG for example_complex
[2024-04-12T21:48:52.834+0000] {logging_mixin.py:120} INFO - [2024-04-12T21:48:52.834+0000] {dag.py:3340} INFO - Setting next_dagrun for example_complex to None, run_after=None
[2024-04-12T21:48:52.859+0000] {processor.py:176} INFO - Processing /home/airflow/.local/lib/python3.7/site-packages/airflow/example_dags/example_complex.py took 0.228 seconds
[2024-04-12T21:49:23.607+0000] {processor.py:154} INFO - Started process (PID=116) to work on /home/airflow/.local/lib/python3.7/site-packages/airflow/example_dags/example_complex.py
[2024-04-12T21:49:23.607+0000] {processor.py:756} INFO - Processing file /home/airflow/.local/lib/python3.7/site-packages/airflow/example_dags/example_complex.py for tasks to queue
[2024-04-12T21:49:23.608+0000] {logging_mixin.py:120} INFO - [2024-04-12T21:49:23.608+0000] {dagbag.py:537} INFO - Filling up the DagBag from /home/airflow/.local/lib/python3.7/site-packages/airflow/example_dags/example_complex.py
[2024-04-12T21:49:23.614+0000] {logging_mixin.py:120} INFO - [2024-04-12T21:49:23.614+0000] {taskmixin.py:205} WARNING - Dependency <Task(BashOperator): create_entry_group>, delete_entry_group already registered for DAG: example_complex
[2024-04-12T21:49:23.614+0000] {logging_mixin.py:120} INFO - [2024-04-12T21:49:23.614+0000] {taskmixin.py:205} WARNING - Dependency <Task(BashOperator): delete_entry_group>, create_entry_group already registered for DAG: example_complex
[2024-04-12T21:49:23.614+0000] {logging_mixin.py:120} INFO - [2024-04-12T21:49:23.614+0000] {taskmixin.py:205} WARNING - Dependency <Task(BashOperator): create_entry_gcs>, delete_entry already registered for DAG: example_complex
[2024-04-12T21:49:23.614+0000] {logging_mixin.py:120} INFO - [2024-04-12T21:49:23.614+0000] {taskmixin.py:205} WARNING - Dependency <Task(BashOperator): delete_entry>, create_entry_gcs already registered for DAG: example_complex
[2024-04-12T21:49:23.615+0000] {logging_mixin.py:120} INFO - [2024-04-12T21:49:23.615+0000] {taskmixin.py:205} WARNING - Dependency <Task(BashOperator): create_tag>, delete_tag already registered for DAG: example_complex
[2024-04-12T21:49:23.615+0000] {logging_mixin.py:120} INFO - [2024-04-12T21:49:23.615+0000] {taskmixin.py:205} WARNING - Dependency <Task(BashOperator): delete_tag>, create_tag already registered for DAG: example_complex
[2024-04-12T21:49:23.619+0000] {processor.py:766} INFO - DAG(s) dict_keys(['example_complex']) retrieved from /home/airflow/.local/lib/python3.7/site-packages/airflow/example_dags/example_complex.py
[2024-04-12T21:49:23.643+0000] {logging_mixin.py:120} INFO - [2024-04-12T21:49:23.643+0000] {dag.py:2585} INFO - Sync 1 DAGs
[2024-04-12T21:49:23.656+0000] {logging_mixin.py:120} INFO - [2024-04-12T21:49:23.656+0000] {dag.py:3340} INFO - Setting next_dagrun for example_complex to None, run_after=None
[2024-04-12T21:49:23.666+0000] {processor.py:176} INFO - Processing /home/airflow/.local/lib/python3.7/site-packages/airflow/example_dags/example_complex.py took 0.061 seconds
[2024-04-12T21:49:53.734+0000] {processor.py:154} INFO - Started process (PID=171) to work on /home/airflow/.local/lib/python3.7/site-packages/airflow/example_dags/example_complex.py
[2024-04-12T21:49:53.735+0000] {processor.py:756} INFO - Processing file /home/airflow/.local/lib/python3.7/site-packages/airflow/example_dags/example_complex.py for tasks to queue
[2024-04-12T21:49:53.735+0000] {logging_mixin.py:120} INFO - [2024-04-12T21:49:53.735+0000] {dagbag.py:537} INFO - Filling up the DagBag from /home/airflow/.local/lib/python3.7/site-packages/airflow/example_dags/example_complex.py
[2024-04-12T21:49:53.741+0000] {logging_mixin.py:120} INFO - [2024-04-12T21:49:53.741+0000] {taskmixin.py:205} WARNING - Dependency <Task(BashOperator): create_entry_group>, delete_entry_group already registered for DAG: example_complex
[2024-04-12T21:49:53.741+0000] {logging_mixin.py:120} INFO - [2024-04-12T21:49:53.741+0000] {taskmixin.py:205} WARNING - Dependency <Task(BashOperator): delete_entry_group>, create_entry_group already registered for DAG: example_complex
[2024-04-12T21:49:53.742+0000] {logging_mixin.py:120} INFO - [2024-04-12T21:49:53.742+0000] {taskmixin.py:205} WARNING - Dependency <Task(BashOperator): create_entry_gcs>, delete_entry already registered for DAG: example_complex
[2024-04-12T21:49:53.742+0000] {logging_mixin.py:120} INFO - [2024-04-12T21:49:53.742+0000] {taskmixin.py:205} WARNING - Dependency <Task(BashOperator): delete_entry>, create_entry_gcs already registered for DAG: example_complex
[2024-04-12T21:49:53.742+0000] {logging_mixin.py:120} INFO - [2024-04-12T21:49:53.742+0000] {taskmixin.py:205} WARNING - Dependency <Task(BashOperator): create_tag>, delete_tag already registered for DAG: example_complex
[2024-04-12T21:49:53.742+0000] {logging_mixin.py:120} INFO - [2024-04-12T21:49:53.742+0000] {taskmixin.py:205} WARNING - Dependency <Task(BashOperator): delete_tag>, create_tag already registered for DAG: example_complex
[2024-04-12T21:49:53.746+0000] {processor.py:766} INFO - DAG(s) dict_keys(['example_complex']) retrieved from /home/airflow/.local/lib/python3.7/site-packages/airflow/example_dags/example_complex.py
[2024-04-12T21:49:53.769+0000] {logging_mixin.py:120} INFO - [2024-04-12T21:49:53.769+0000] {dag.py:2585} INFO - Sync 1 DAGs
[2024-04-12T21:49:53.784+0000] {logging_mixin.py:120} INFO - [2024-04-12T21:49:53.784+0000] {dag.py:3340} INFO - Setting next_dagrun for example_complex to None, run_after=None
[2024-04-12T21:49:53.795+0000] {processor.py:176} INFO - Processing /home/airflow/.local/lib/python3.7/site-packages/airflow/example_dags/example_complex.py took 0.062 seconds
[2024-04-12T21:50:24.742+0000] {processor.py:154} INFO - Started process (PID=232) to work on /home/airflow/.local/lib/python3.7/site-packages/airflow/example_dags/example_complex.py
[2024-04-12T21:50:24.742+0000] {processor.py:756} INFO - Processing file /home/airflow/.local/lib/python3.7/site-packages/airflow/example_dags/example_complex.py for tasks to queue
[2024-04-12T21:50:24.743+0000] {logging_mixin.py:120} INFO - [2024-04-12T21:50:24.743+0000] {dagbag.py:537} INFO - Filling up the DagBag from /home/airflow/.local/lib/python3.7/site-packages/airflow/example_dags/example_complex.py
[2024-04-12T21:50:24.748+0000] {logging_mixin.py:120} INFO - [2024-04-12T21:50:24.748+0000] {taskmixin.py:205} WARNING - Dependency <Task(BashOperator): create_entry_group>, delete_entry_group already registered for DAG: example_complex
[2024-04-12T21:50:24.749+0000] {logging_mixin.py:120} INFO - [2024-04-12T21:50:24.749+0000] {taskmixin.py:205} WARNING - Dependency <Task(BashOperator): delete_entry_group>, create_entry_group already registered for DAG: example_complex
[2024-04-12T21:50:24.749+0000] {logging_mixin.py:120} INFO - [2024-04-12T21:50:24.749+0000] {taskmixin.py:205} WARNING - Dependency <Task(BashOperator): create_entry_gcs>, delete_entry already registered for DAG: example_complex
[2024-04-12T21:50:24.749+0000] {logging_mixin.py:120} INFO - [2024-04-12T21:50:24.749+0000] {taskmixin.py:205} WARNING - Dependency <Task(BashOperator): delete_entry>, create_entry_gcs already registered for DAG: example_complex
[2024-04-12T21:50:24.749+0000] {logging_mixin.py:120} INFO - [2024-04-12T21:50:24.749+0000] {taskmixin.py:205} WARNING - Dependency <Task(BashOperator): create_tag>, delete_tag already registered for DAG: example_complex
[2024-04-12T21:50:24.749+0000] {logging_mixin.py:120} INFO - [2024-04-12T21:50:24.749+0000] {taskmixin.py:205} WARNING - Dependency <Task(BashOperator): delete_tag>, create_tag already registered for DAG: example_complex
[2024-04-12T21:50:24.753+0000] {processor.py:766} INFO - DAG(s) dict_keys(['example_complex']) retrieved from /home/airflow/.local/lib/python3.7/site-packages/airflow/example_dags/example_complex.py
[2024-04-12T21:50:24.776+0000] {logging_mixin.py:120} INFO - [2024-04-12T21:50:24.776+0000] {dag.py:2585} INFO - Sync 1 DAGs
[2024-04-12T21:50:24.788+0000] {logging_mixin.py:120} INFO - [2024-04-12T21:50:24.788+0000] {dag.py:3340} INFO - Setting next_dagrun for example_complex to None, run_after=None
[2024-04-12T21:50:24.797+0000] {processor.py:176} INFO - Processing /home/airflow/.local/lib/python3.7/site-packages/airflow/example_dags/example_complex.py took 0.057 seconds
[2024-04-12T21:50:55.673+0000] {processor.py:154} INFO - Started process (PID=295) to work on /home/airflow/.local/lib/python3.7/site-packages/airflow/example_dags/example_complex.py
[2024-04-12T21:50:55.674+0000] {processor.py:756} INFO - Processing file /home/airflow/.local/lib/python3.7/site-packages/airflow/example_dags/example_complex.py for tasks to queue
[2024-04-12T21:50:55.674+0000] {logging_mixin.py:120} INFO - [2024-04-12T21:50:55.674+0000] {dagbag.py:537} INFO - Filling up the DagBag from /home/airflow/.local/lib/python3.7/site-packages/airflow/example_dags/example_complex.py
[2024-04-12T21:50:55.680+0000] {logging_mixin.py:120} INFO - [2024-04-12T21:50:55.680+0000] {taskmixin.py:205} WARNING - Dependency <Task(BashOperator): create_entry_group>, delete_entry_group already registered for DAG: example_complex
[2024-04-12T21:50:55.680+0000] {logging_mixin.py:120} INFO - [2024-04-12T21:50:55.680+0000] {taskmixin.py:205} WARNING - Dependency <Task(BashOperator): delete_entry_group>, create_entry_group already registered for DAG: example_complex
[2024-04-12T21:50:55.681+0000] {logging_mixin.py:120} INFO - [2024-04-12T21:50:55.680+0000] {taskmixin.py:205} WARNING - Dependency <Task(BashOperator): create_entry_gcs>, delete_entry already registered for DAG: example_complex
[2024-04-12T21:50:55.681+0000] {logging_mixin.py:120} INFO - [2024-04-12T21:50:55.681+0000] {taskmixin.py:205} WARNING - Dependency <Task(BashOperator): delete_entry>, create_entry_gcs already registered for DAG: example_complex
[2024-04-12T21:50:55.681+0000] {logging_mixin.py:120} INFO - [2024-04-12T21:50:55.681+0000] {taskmixin.py:205} WARNING - Dependency <Task(BashOperator): create_tag>, delete_tag already registered for DAG: example_complex
[2024-04-12T21:50:55.681+0000] {logging_mixin.py:120} INFO - [2024-04-12T21:50:55.681+0000] {taskmixin.py:205} WARNING - Dependency <Task(BashOperator): delete_tag>, create_tag already registered for DAG: example_complex
[2024-04-12T21:50:55.685+0000] {processor.py:766} INFO - DAG(s) dict_keys(['example_complex']) retrieved from /home/airflow/.local/lib/python3.7/site-packages/airflow/example_dags/example_complex.py
[2024-04-12T21:50:55.711+0000] {logging_mixin.py:120} INFO - [2024-04-12T21:50:55.710+0000] {dag.py:2585} INFO - Sync 1 DAGs
[2024-04-12T21:50:55.723+0000] {logging_mixin.py:120} INFO - [2024-04-12T21:50:55.723+0000] {dag.py:3340} INFO - Setting next_dagrun for example_complex to None, run_after=None
[2024-04-12T21:50:55.733+0000] {processor.py:176} INFO - Processing /home/airflow/.local/lib/python3.7/site-packages/airflow/example_dags/example_complex.py took 0.061 seconds
[2024-04-12T21:51:26.521+0000] {processor.py:154} INFO - Started process (PID=357) to work on /home/airflow/.local/lib/python3.7/site-packages/airflow/example_dags/example_complex.py
[2024-04-12T21:51:26.522+0000] {processor.py:756} INFO - Processing file /home/airflow/.local/lib/python3.7/site-packages/airflow/example_dags/example_complex.py for tasks to queue
[2024-04-12T21:51:26.522+0000] {logging_mixin.py:120} INFO - [2024-04-12T21:51:26.522+0000] {dagbag.py:537} INFO - Filling up the DagBag from /home/airflow/.local/lib/python3.7/site-packages/airflow/example_dags/example_complex.py
[2024-04-12T21:51:26.528+0000] {logging_mixin.py:120} INFO - [2024-04-12T21:51:26.528+0000] {taskmixin.py:205} WARNING - Dependency <Task(BashOperator): create_entry_group>, delete_entry_group already registered for DAG: example_complex
[2024-04-12T21:51:26.528+0000] {logging_mixin.py:120} INFO - [2024-04-12T21:51:26.528+0000] {taskmixin.py:205} WARNING - Dependency <Task(BashOperator): delete_entry_group>, create_entry_group already registered for DAG: example_complex
[2024-04-12T21:51:26.529+0000] {logging_mixin.py:120} INFO - [2024-04-12T21:51:26.529+0000] {taskmixin.py:205} WARNING - Dependency <Task(BashOperator): create_entry_gcs>, delete_entry already registered for DAG: example_complex
[2024-04-12T21:51:26.529+0000] {logging_mixin.py:120} INFO - [2024-04-12T21:51:26.529+0000] {taskmixin.py:205} WARNING - Dependency <Task(BashOperator): delete_entry>, create_entry_gcs already registered for DAG: example_complex
[2024-04-12T21:51:26.529+0000] {logging_mixin.py:120} INFO - [2024-04-12T21:51:26.529+0000] {taskmixin.py:205} WARNING - Dependency <Task(BashOperator): create_tag>, delete_tag already registered for DAG: example_complex
[2024-04-12T21:51:26.529+0000] {logging_mixin.py:120} INFO - [2024-04-12T21:51:26.529+0000] {taskmixin.py:205} WARNING - Dependency <Task(BashOperator): delete_tag>, create_tag already registered for DAG: example_complex
[2024-04-12T21:51:26.533+0000] {processor.py:766} INFO - DAG(s) dict_keys(['example_complex']) retrieved from /home/airflow/.local/lib/python3.7/site-packages/airflow/example_dags/example_complex.py
[2024-04-12T21:51:26.558+0000] {logging_mixin.py:120} INFO - [2024-04-12T21:51:26.558+0000] {dag.py:2585} INFO - Sync 1 DAGs
[2024-04-12T21:51:26.572+0000] {logging_mixin.py:120} INFO - [2024-04-12T21:51:26.571+0000] {dag.py:3340} INFO - Setting next_dagrun for example_complex to None, run_after=None
[2024-04-12T21:51:26.582+0000] {processor.py:176} INFO - Processing /home/airflow/.local/lib/python3.7/site-packages/airflow/example_dags/example_complex.py took 0.063 seconds
