[2024-04-12T21:48:54.017+0000] {processor.py:154} INFO - Started process (PID=63) to work on /home/airflow/.local/lib/python3.7/site-packages/airflow/example_dags/example_branch_day_of_week_operator.py
[2024-04-12T21:48:54.018+0000] {processor.py:756} INFO - Processing file /home/airflow/.local/lib/python3.7/site-packages/airflow/example_dags/example_branch_day_of_week_operator.py for tasks to queue
[2024-04-12T21:48:54.019+0000] {logging_mixin.py:120} INFO - [2024-04-12T21:48:54.019+0000] {dagbag.py:537} INFO - Filling up the DagBag from /home/airflow/.local/lib/python3.7/site-packages/airflow/example_dags/example_branch_day_of_week_operator.py
[2024-04-12T21:48:54.032+0000] {processor.py:766} INFO - DAG(s) dict_keys(['example_weekday_branch_operator']) retrieved from /home/airflow/.local/lib/python3.7/site-packages/airflow/example_dags/example_branch_day_of_week_operator.py
[2024-04-12T21:48:54.157+0000] {logging_mixin.py:120} INFO - [2024-04-12T21:48:54.157+0000] {manager.py:507} INFO - Created Permission View: can read on DAG:example_weekday_branch_operator
[2024-04-12T21:48:54.167+0000] {logging_mixin.py:120} INFO - [2024-04-12T21:48:54.166+0000] {manager.py:507} INFO - Created Permission View: can edit on DAG:example_weekday_branch_operator
[2024-04-12T21:48:54.173+0000] {logging_mixin.py:120} INFO - [2024-04-12T21:48:54.173+0000] {manager.py:507} INFO - Created Permission View: can delete on DAG:example_weekday_branch_operator
[2024-04-12T21:48:54.173+0000] {logging_mixin.py:120} INFO - [2024-04-12T21:48:54.173+0000] {dag.py:2585} INFO - Sync 1 DAGs
[2024-04-12T21:48:54.190+0000] {logging_mixin.py:120} INFO - [2024-04-12T21:48:54.189+0000] {dag.py:2606} INFO - Creating ORM DAG for example_weekday_branch_operator
[2024-04-12T21:48:54.200+0000] {logging_mixin.py:120} INFO - [2024-04-12T21:48:54.200+0000] {dag.py:3340} INFO - Setting next_dagrun for example_weekday_branch_operator to 2024-04-11T00:00:00+00:00, run_after=2024-04-12T00:00:00+00:00
[2024-04-12T21:48:54.231+0000] {processor.py:176} INFO - Processing /home/airflow/.local/lib/python3.7/site-packages/airflow/example_dags/example_branch_day_of_week_operator.py took 0.217 seconds
[2024-04-12T21:49:25.068+0000] {processor.py:154} INFO - Started process (PID=126) to work on /home/airflow/.local/lib/python3.7/site-packages/airflow/example_dags/example_branch_day_of_week_operator.py
[2024-04-12T21:49:25.070+0000] {processor.py:756} INFO - Processing file /home/airflow/.local/lib/python3.7/site-packages/airflow/example_dags/example_branch_day_of_week_operator.py for tasks to queue
[2024-04-12T21:49:25.071+0000] {logging_mixin.py:120} INFO - [2024-04-12T21:49:25.071+0000] {dagbag.py:537} INFO - Filling up the DagBag from /home/airflow/.local/lib/python3.7/site-packages/airflow/example_dags/example_branch_day_of_week_operator.py
[2024-04-12T21:49:25.087+0000] {processor.py:766} INFO - DAG(s) dict_keys(['example_weekday_branch_operator']) retrieved from /home/airflow/.local/lib/python3.7/site-packages/airflow/example_dags/example_branch_day_of_week_operator.py
[2024-04-12T21:49:25.115+0000] {logging_mixin.py:120} INFO - [2024-04-12T21:49:25.115+0000] {dag.py:2585} INFO - Sync 1 DAGs
[2024-04-12T21:49:25.129+0000] {logging_mixin.py:120} INFO - [2024-04-12T21:49:25.129+0000] {dag.py:3340} INFO - Setting next_dagrun for example_weekday_branch_operator to 2024-04-11T00:00:00+00:00, run_after=2024-04-12T00:00:00+00:00
[2024-04-12T21:49:25.139+0000] {processor.py:176} INFO - Processing /home/airflow/.local/lib/python3.7/site-packages/airflow/example_dags/example_branch_day_of_week_operator.py took 0.075 seconds
[2024-04-12T21:49:55.297+0000] {processor.py:154} INFO - Started process (PID=190) to work on /home/airflow/.local/lib/python3.7/site-packages/airflow/example_dags/example_branch_day_of_week_operator.py
[2024-04-12T21:49:55.299+0000] {processor.py:756} INFO - Processing file /home/airflow/.local/lib/python3.7/site-packages/airflow/example_dags/example_branch_day_of_week_operator.py for tasks to queue
[2024-04-12T21:49:55.300+0000] {logging_mixin.py:120} INFO - [2024-04-12T21:49:55.299+0000] {dagbag.py:537} INFO - Filling up the DagBag from /home/airflow/.local/lib/python3.7/site-packages/airflow/example_dags/example_branch_day_of_week_operator.py
[2024-04-12T21:49:55.315+0000] {processor.py:766} INFO - DAG(s) dict_keys(['example_weekday_branch_operator']) retrieved from /home/airflow/.local/lib/python3.7/site-packages/airflow/example_dags/example_branch_day_of_week_operator.py
[2024-04-12T21:49:55.340+0000] {logging_mixin.py:120} INFO - [2024-04-12T21:49:55.340+0000] {dag.py:2585} INFO - Sync 1 DAGs
[2024-04-12T21:49:55.355+0000] {logging_mixin.py:120} INFO - [2024-04-12T21:49:55.355+0000] {dag.py:3340} INFO - Setting next_dagrun for example_weekday_branch_operator to 2024-04-11T00:00:00+00:00, run_after=2024-04-12T00:00:00+00:00
[2024-04-12T21:49:55.374+0000] {processor.py:176} INFO - Processing /home/airflow/.local/lib/python3.7/site-packages/airflow/example_dags/example_branch_day_of_week_operator.py took 0.081 seconds
[2024-04-12T21:50:26.148+0000] {processor.py:154} INFO - Started process (PID=251) to work on /home/airflow/.local/lib/python3.7/site-packages/airflow/example_dags/example_branch_day_of_week_operator.py
[2024-04-12T21:50:26.149+0000] {processor.py:756} INFO - Processing file /home/airflow/.local/lib/python3.7/site-packages/airflow/example_dags/example_branch_day_of_week_operator.py for tasks to queue
[2024-04-12T21:50:26.149+0000] {logging_mixin.py:120} INFO - [2024-04-12T21:50:26.149+0000] {dagbag.py:537} INFO - Filling up the DagBag from /home/airflow/.local/lib/python3.7/site-packages/airflow/example_dags/example_branch_day_of_week_operator.py
[2024-04-12T21:50:26.157+0000] {processor.py:766} INFO - DAG(s) dict_keys(['example_weekday_branch_operator']) retrieved from /home/airflow/.local/lib/python3.7/site-packages/airflow/example_dags/example_branch_day_of_week_operator.py
[2024-04-12T21:50:26.178+0000] {logging_mixin.py:120} INFO - [2024-04-12T21:50:26.178+0000] {dag.py:2585} INFO - Sync 1 DAGs
[2024-04-12T21:50:26.193+0000] {logging_mixin.py:120} INFO - [2024-04-12T21:50:26.193+0000] {dag.py:3340} INFO - Setting next_dagrun for example_weekday_branch_operator to 2024-04-11T00:00:00+00:00, run_after=2024-04-12T00:00:00+00:00
[2024-04-12T21:50:26.203+0000] {processor.py:176} INFO - Processing /home/airflow/.local/lib/python3.7/site-packages/airflow/example_dags/example_branch_day_of_week_operator.py took 0.056 seconds
[2024-04-12T21:50:57.067+0000] {processor.py:154} INFO - Started process (PID=305) to work on /home/airflow/.local/lib/python3.7/site-packages/airflow/example_dags/example_branch_day_of_week_operator.py
[2024-04-12T21:50:57.068+0000] {processor.py:756} INFO - Processing file /home/airflow/.local/lib/python3.7/site-packages/airflow/example_dags/example_branch_day_of_week_operator.py for tasks to queue
[2024-04-12T21:50:57.069+0000] {logging_mixin.py:120} INFO - [2024-04-12T21:50:57.069+0000] {dagbag.py:537} INFO - Filling up the DagBag from /home/airflow/.local/lib/python3.7/site-packages/airflow/example_dags/example_branch_day_of_week_operator.py
[2024-04-12T21:50:57.085+0000] {processor.py:766} INFO - DAG(s) dict_keys(['example_weekday_branch_operator']) retrieved from /home/airflow/.local/lib/python3.7/site-packages/airflow/example_dags/example_branch_day_of_week_operator.py
[2024-04-12T21:50:57.115+0000] {logging_mixin.py:120} INFO - [2024-04-12T21:50:57.115+0000] {dag.py:2585} INFO - Sync 1 DAGs
[2024-04-12T21:50:57.130+0000] {logging_mixin.py:120} INFO - [2024-04-12T21:50:57.130+0000] {dag.py:3340} INFO - Setting next_dagrun for example_weekday_branch_operator to 2024-04-11T00:00:00+00:00, run_after=2024-04-12T00:00:00+00:00
[2024-04-12T21:50:57.144+0000] {processor.py:176} INFO - Processing /home/airflow/.local/lib/python3.7/site-packages/airflow/example_dags/example_branch_day_of_week_operator.py took 0.080 seconds
[2024-04-12T21:51:27.999+0000] {processor.py:154} INFO - Started process (PID=367) to work on /home/airflow/.local/lib/python3.7/site-packages/airflow/example_dags/example_branch_day_of_week_operator.py
[2024-04-12T21:51:28.000+0000] {processor.py:756} INFO - Processing file /home/airflow/.local/lib/python3.7/site-packages/airflow/example_dags/example_branch_day_of_week_operator.py for tasks to queue
[2024-04-12T21:51:28.001+0000] {logging_mixin.py:120} INFO - [2024-04-12T21:51:28.001+0000] {dagbag.py:537} INFO - Filling up the DagBag from /home/airflow/.local/lib/python3.7/site-packages/airflow/example_dags/example_branch_day_of_week_operator.py
[2024-04-12T21:51:28.019+0000] {processor.py:766} INFO - DAG(s) dict_keys(['example_weekday_branch_operator']) retrieved from /home/airflow/.local/lib/python3.7/site-packages/airflow/example_dags/example_branch_day_of_week_operator.py
[2024-04-12T21:51:28.048+0000] {logging_mixin.py:120} INFO - [2024-04-12T21:51:28.048+0000] {dag.py:2585} INFO - Sync 1 DAGs
[2024-04-12T21:51:28.063+0000] {logging_mixin.py:120} INFO - [2024-04-12T21:51:28.063+0000] {dag.py:3340} INFO - Setting next_dagrun for example_weekday_branch_operator to 2024-04-11T00:00:00+00:00, run_after=2024-04-12T00:00:00+00:00
[2024-04-12T21:51:28.073+0000] {processor.py:176} INFO - Processing /home/airflow/.local/lib/python3.7/site-packages/airflow/example_dags/example_branch_day_of_week_operator.py took 0.080 seconds
