[2024-04-12T21:48:52.890+0000] {processor.py:154} INFO - Started process (PID=55) to work on /home/airflow/.local/lib/python3.7/site-packages/airflow/example_dags/example_nested_branch_dag.py
[2024-04-12T21:48:52.891+0000] {processor.py:756} INFO - Processing file /home/airflow/.local/lib/python3.7/site-packages/airflow/example_dags/example_nested_branch_dag.py for tasks to queue
[2024-04-12T21:48:52.892+0000] {logging_mixin.py:120} INFO - [2024-04-12T21:48:52.892+0000] {dagbag.py:537} INFO - Filling up the DagBag from /home/airflow/.local/lib/python3.7/site-packages/airflow/example_dags/example_nested_branch_dag.py
[2024-04-12T21:48:52.921+0000] {processor.py:766} INFO - DAG(s) dict_keys(['example_nested_branch_dag']) retrieved from /home/airflow/.local/lib/python3.7/site-packages/airflow/example_dags/example_nested_branch_dag.py
[2024-04-12T21:48:53.054+0000] {logging_mixin.py:120} INFO - [2024-04-12T21:48:53.054+0000] {manager.py:507} INFO - Created Permission View: can read on DAG:example_nested_branch_dag
[2024-04-12T21:48:53.061+0000] {logging_mixin.py:120} INFO - [2024-04-12T21:48:53.061+0000] {manager.py:507} INFO - Created Permission View: can edit on DAG:example_nested_branch_dag
[2024-04-12T21:48:53.067+0000] {logging_mixin.py:120} INFO - [2024-04-12T21:48:53.067+0000] {manager.py:507} INFO - Created Permission View: can delete on DAG:example_nested_branch_dag
[2024-04-12T21:48:53.067+0000] {logging_mixin.py:120} INFO - [2024-04-12T21:48:53.067+0000] {dag.py:2585} INFO - Sync 1 DAGs
[2024-04-12T21:48:53.080+0000] {logging_mixin.py:120} INFO - [2024-04-12T21:48:53.079+0000] {dag.py:2606} INFO - Creating ORM DAG for example_nested_branch_dag
[2024-04-12T21:48:53.091+0000] {logging_mixin.py:120} INFO - [2024-04-12T21:48:53.091+0000] {dag.py:3340} INFO - Setting next_dagrun for example_nested_branch_dag to 2024-04-11T00:00:00+00:00, run_after=2024-04-12T00:00:00+00:00
[2024-04-12T21:48:53.109+0000] {processor.py:176} INFO - Processing /home/airflow/.local/lib/python3.7/site-packages/airflow/example_dags/example_nested_branch_dag.py took 0.222 seconds
[2024-04-12T21:49:23.677+0000] {processor.py:154} INFO - Started process (PID=118) to work on /home/airflow/.local/lib/python3.7/site-packages/airflow/example_dags/example_nested_branch_dag.py
[2024-04-12T21:49:23.678+0000] {processor.py:756} INFO - Processing file /home/airflow/.local/lib/python3.7/site-packages/airflow/example_dags/example_nested_branch_dag.py for tasks to queue
[2024-04-12T21:49:23.679+0000] {logging_mixin.py:120} INFO - [2024-04-12T21:49:23.679+0000] {dagbag.py:537} INFO - Filling up the DagBag from /home/airflow/.local/lib/python3.7/site-packages/airflow/example_dags/example_nested_branch_dag.py
[2024-04-12T21:49:23.692+0000] {processor.py:766} INFO - DAG(s) dict_keys(['example_nested_branch_dag']) retrieved from /home/airflow/.local/lib/python3.7/site-packages/airflow/example_dags/example_nested_branch_dag.py
[2024-04-12T21:49:23.714+0000] {logging_mixin.py:120} INFO - [2024-04-12T21:49:23.714+0000] {dag.py:2585} INFO - Sync 1 DAGs
[2024-04-12T21:49:23.727+0000] {logging_mixin.py:120} INFO - [2024-04-12T21:49:23.727+0000] {dag.py:3340} INFO - Setting next_dagrun for example_nested_branch_dag to 2024-04-11T00:00:00+00:00, run_after=2024-04-12T00:00:00+00:00
[2024-04-12T21:49:23.737+0000] {processor.py:176} INFO - Processing /home/airflow/.local/lib/python3.7/site-packages/airflow/example_dags/example_nested_branch_dag.py took 0.061 seconds
[2024-04-12T21:49:53.882+0000] {processor.py:154} INFO - Started process (PID=179) to work on /home/airflow/.local/lib/python3.7/site-packages/airflow/example_dags/example_nested_branch_dag.py
[2024-04-12T21:49:53.882+0000] {processor.py:756} INFO - Processing file /home/airflow/.local/lib/python3.7/site-packages/airflow/example_dags/example_nested_branch_dag.py for tasks to queue
[2024-04-12T21:49:53.883+0000] {logging_mixin.py:120} INFO - [2024-04-12T21:49:53.883+0000] {dagbag.py:537} INFO - Filling up the DagBag from /home/airflow/.local/lib/python3.7/site-packages/airflow/example_dags/example_nested_branch_dag.py
[2024-04-12T21:49:53.897+0000] {processor.py:766} INFO - DAG(s) dict_keys(['example_nested_branch_dag']) retrieved from /home/airflow/.local/lib/python3.7/site-packages/airflow/example_dags/example_nested_branch_dag.py
[2024-04-12T21:49:53.923+0000] {logging_mixin.py:120} INFO - [2024-04-12T21:49:53.923+0000] {dag.py:2585} INFO - Sync 1 DAGs
[2024-04-12T21:49:53.938+0000] {logging_mixin.py:120} INFO - [2024-04-12T21:49:53.938+0000] {dag.py:3340} INFO - Setting next_dagrun for example_nested_branch_dag to 2024-04-11T00:00:00+00:00, run_after=2024-04-12T00:00:00+00:00
[2024-04-12T21:49:53.949+0000] {processor.py:176} INFO - Processing /home/airflow/.local/lib/python3.7/site-packages/airflow/example_dags/example_nested_branch_dag.py took 0.070 seconds
[2024-04-12T21:50:24.809+0000] {processor.py:154} INFO - Started process (PID=234) to work on /home/airflow/.local/lib/python3.7/site-packages/airflow/example_dags/example_nested_branch_dag.py
[2024-04-12T21:50:24.810+0000] {processor.py:756} INFO - Processing file /home/airflow/.local/lib/python3.7/site-packages/airflow/example_dags/example_nested_branch_dag.py for tasks to queue
[2024-04-12T21:50:24.810+0000] {logging_mixin.py:120} INFO - [2024-04-12T21:50:24.810+0000] {dagbag.py:537} INFO - Filling up the DagBag from /home/airflow/.local/lib/python3.7/site-packages/airflow/example_dags/example_nested_branch_dag.py
[2024-04-12T21:50:24.821+0000] {processor.py:766} INFO - DAG(s) dict_keys(['example_nested_branch_dag']) retrieved from /home/airflow/.local/lib/python3.7/site-packages/airflow/example_dags/example_nested_branch_dag.py
[2024-04-12T21:50:24.842+0000] {logging_mixin.py:120} INFO - [2024-04-12T21:50:24.842+0000] {dag.py:2585} INFO - Sync 1 DAGs
[2024-04-12T21:50:24.855+0000] {logging_mixin.py:120} INFO - [2024-04-12T21:50:24.855+0000] {dag.py:3340} INFO - Setting next_dagrun for example_nested_branch_dag to 2024-04-11T00:00:00+00:00, run_after=2024-04-12T00:00:00+00:00
[2024-04-12T21:50:24.863+0000] {processor.py:176} INFO - Processing /home/airflow/.local/lib/python3.7/site-packages/airflow/example_dags/example_nested_branch_dag.py took 0.056 seconds
[2024-04-12T21:50:55.743+0000] {processor.py:154} INFO - Started process (PID=297) to work on /home/airflow/.local/lib/python3.7/site-packages/airflow/example_dags/example_nested_branch_dag.py
[2024-04-12T21:50:55.744+0000] {processor.py:756} INFO - Processing file /home/airflow/.local/lib/python3.7/site-packages/airflow/example_dags/example_nested_branch_dag.py for tasks to queue
[2024-04-12T21:50:55.744+0000] {logging_mixin.py:120} INFO - [2024-04-12T21:50:55.744+0000] {dagbag.py:537} INFO - Filling up the DagBag from /home/airflow/.local/lib/python3.7/site-packages/airflow/example_dags/example_nested_branch_dag.py
[2024-04-12T21:50:55.757+0000] {processor.py:766} INFO - DAG(s) dict_keys(['example_nested_branch_dag']) retrieved from /home/airflow/.local/lib/python3.7/site-packages/airflow/example_dags/example_nested_branch_dag.py
[2024-04-12T21:50:55.778+0000] {logging_mixin.py:120} INFO - [2024-04-12T21:50:55.778+0000] {dag.py:2585} INFO - Sync 1 DAGs
[2024-04-12T21:50:55.792+0000] {logging_mixin.py:120} INFO - [2024-04-12T21:50:55.792+0000] {dag.py:3340} INFO - Setting next_dagrun for example_nested_branch_dag to 2024-04-11T00:00:00+00:00, run_after=2024-04-12T00:00:00+00:00
[2024-04-12T21:50:55.801+0000] {processor.py:176} INFO - Processing /home/airflow/.local/lib/python3.7/site-packages/airflow/example_dags/example_nested_branch_dag.py took 0.060 seconds
[2024-04-12T21:51:26.597+0000] {processor.py:154} INFO - Started process (PID=359) to work on /home/airflow/.local/lib/python3.7/site-packages/airflow/example_dags/example_nested_branch_dag.py
[2024-04-12T21:51:26.597+0000] {processor.py:756} INFO - Processing file /home/airflow/.local/lib/python3.7/site-packages/airflow/example_dags/example_nested_branch_dag.py for tasks to queue
[2024-04-12T21:51:26.598+0000] {logging_mixin.py:120} INFO - [2024-04-12T21:51:26.598+0000] {dagbag.py:537} INFO - Filling up the DagBag from /home/airflow/.local/lib/python3.7/site-packages/airflow/example_dags/example_nested_branch_dag.py
[2024-04-12T21:51:26.610+0000] {processor.py:766} INFO - DAG(s) dict_keys(['example_nested_branch_dag']) retrieved from /home/airflow/.local/lib/python3.7/site-packages/airflow/example_dags/example_nested_branch_dag.py
[2024-04-12T21:51:26.630+0000] {logging_mixin.py:120} INFO - [2024-04-12T21:51:26.630+0000] {dag.py:2585} INFO - Sync 1 DAGs
[2024-04-12T21:51:26.643+0000] {logging_mixin.py:120} INFO - [2024-04-12T21:51:26.643+0000] {dag.py:3340} INFO - Setting next_dagrun for example_nested_branch_dag to 2024-04-11T00:00:00+00:00, run_after=2024-04-12T00:00:00+00:00
[2024-04-12T21:51:26.652+0000] {processor.py:176} INFO - Processing /home/airflow/.local/lib/python3.7/site-packages/airflow/example_dags/example_nested_branch_dag.py took 0.057 seconds
