[2024-04-12T21:48:53.711+0000] {processor.py:154} INFO - Started process (PID=61) to work on /home/airflow/.local/lib/python3.7/site-packages/airflow/example_dags/tutorial_taskflow_api_virtualenv.py
[2024-04-12T21:48:53.713+0000] {processor.py:756} INFO - Processing file /home/airflow/.local/lib/python3.7/site-packages/airflow/example_dags/tutorial_taskflow_api_virtualenv.py for tasks to queue
[2024-04-12T21:48:53.714+0000] {logging_mixin.py:120} INFO - [2024-04-12T21:48:53.714+0000] {dagbag.py:537} INFO - Filling up the DagBag from /home/airflow/.local/lib/python3.7/site-packages/airflow/example_dags/tutorial_taskflow_api_virtualenv.py
[2024-04-12T21:48:53.729+0000] {processor.py:766} INFO - DAG(s) dict_keys(['tutorial_taskflow_api_virtualenv']) retrieved from /home/airflow/.local/lib/python3.7/site-packages/airflow/example_dags/tutorial_taskflow_api_virtualenv.py
[2024-04-12T21:48:53.953+0000] {logging_mixin.py:120} INFO - [2024-04-12T21:48:53.953+0000] {manager.py:507} INFO - Created Permission View: can read on DAG:tutorial_taskflow_api_virtualenv
[2024-04-12T21:48:53.959+0000] {logging_mixin.py:120} INFO - [2024-04-12T21:48:53.958+0000] {manager.py:507} INFO - Created Permission View: can edit on DAG:tutorial_taskflow_api_virtualenv
[2024-04-12T21:48:53.963+0000] {logging_mixin.py:120} INFO - [2024-04-12T21:48:53.963+0000] {manager.py:507} INFO - Created Permission View: can delete on DAG:tutorial_taskflow_api_virtualenv
[2024-04-12T21:48:53.963+0000] {logging_mixin.py:120} INFO - [2024-04-12T21:48:53.963+0000] {dag.py:2585} INFO - Sync 1 DAGs
[2024-04-12T21:48:53.971+0000] {logging_mixin.py:120} INFO - [2024-04-12T21:48:53.971+0000] {dag.py:2606} INFO - Creating ORM DAG for tutorial_taskflow_api_virtualenv
[2024-04-12T21:48:53.979+0000] {logging_mixin.py:120} INFO - [2024-04-12T21:48:53.979+0000] {dag.py:3340} INFO - Setting next_dagrun for tutorial_taskflow_api_virtualenv to None, run_after=None
[2024-04-12T21:48:53.996+0000] {processor.py:176} INFO - Processing /home/airflow/.local/lib/python3.7/site-packages/airflow/example_dags/tutorial_taskflow_api_virtualenv.py took 0.287 seconds
[2024-04-12T21:49:24.033+0000] {processor.py:154} INFO - Started process (PID=124) to work on /home/airflow/.local/lib/python3.7/site-packages/airflow/example_dags/tutorial_taskflow_api_virtualenv.py
[2024-04-12T21:49:24.034+0000] {processor.py:756} INFO - Processing file /home/airflow/.local/lib/python3.7/site-packages/airflow/example_dags/tutorial_taskflow_api_virtualenv.py for tasks to queue
[2024-04-12T21:49:24.034+0000] {logging_mixin.py:120} INFO - [2024-04-12T21:49:24.034+0000] {dagbag.py:537} INFO - Filling up the DagBag from /home/airflow/.local/lib/python3.7/site-packages/airflow/example_dags/tutorial_taskflow_api_virtualenv.py
[2024-04-12T21:49:24.046+0000] {processor.py:766} INFO - DAG(s) dict_keys(['tutorial_taskflow_api_virtualenv']) retrieved from /home/airflow/.local/lib/python3.7/site-packages/airflow/example_dags/tutorial_taskflow_api_virtualenv.py
[2024-04-12T21:49:24.067+0000] {logging_mixin.py:120} INFO - [2024-04-12T21:49:24.067+0000] {dag.py:2585} INFO - Sync 1 DAGs
[2024-04-12T21:49:24.081+0000] {logging_mixin.py:120} INFO - [2024-04-12T21:49:24.081+0000] {dag.py:3340} INFO - Setting next_dagrun for tutorial_taskflow_api_virtualenv to None, run_after=None
[2024-04-12T21:49:24.091+0000] {processor.py:176} INFO - Processing /home/airflow/.local/lib/python3.7/site-packages/airflow/example_dags/tutorial_taskflow_api_virtualenv.py took 0.060 seconds
[2024-04-12T21:49:54.273+0000] {processor.py:154} INFO - Started process (PID=188) to work on /home/airflow/.local/lib/python3.7/site-packages/airflow/example_dags/tutorial_taskflow_api_virtualenv.py
[2024-04-12T21:49:54.273+0000] {processor.py:756} INFO - Processing file /home/airflow/.local/lib/python3.7/site-packages/airflow/example_dags/tutorial_taskflow_api_virtualenv.py for tasks to queue
[2024-04-12T21:49:54.274+0000] {logging_mixin.py:120} INFO - [2024-04-12T21:49:54.274+0000] {dagbag.py:537} INFO - Filling up the DagBag from /home/airflow/.local/lib/python3.7/site-packages/airflow/example_dags/tutorial_taskflow_api_virtualenv.py
[2024-04-12T21:49:54.286+0000] {processor.py:766} INFO - DAG(s) dict_keys(['tutorial_taskflow_api_virtualenv']) retrieved from /home/airflow/.local/lib/python3.7/site-packages/airflow/example_dags/tutorial_taskflow_api_virtualenv.py
[2024-04-12T21:49:54.313+0000] {logging_mixin.py:120} INFO - [2024-04-12T21:49:54.313+0000] {dag.py:2585} INFO - Sync 1 DAGs
[2024-04-12T21:49:54.328+0000] {logging_mixin.py:120} INFO - [2024-04-12T21:49:54.328+0000] {dag.py:3340} INFO - Setting next_dagrun for tutorial_taskflow_api_virtualenv to None, run_after=None
[2024-04-12T21:49:54.339+0000] {processor.py:176} INFO - Processing /home/airflow/.local/lib/python3.7/site-packages/airflow/example_dags/tutorial_taskflow_api_virtualenv.py took 0.068 seconds
[2024-04-12T21:50:25.077+0000] {processor.py:154} INFO - Started process (PID=240) to work on /home/airflow/.local/lib/python3.7/site-packages/airflow/example_dags/tutorial_taskflow_api_virtualenv.py
[2024-04-12T21:50:25.078+0000] {processor.py:756} INFO - Processing file /home/airflow/.local/lib/python3.7/site-packages/airflow/example_dags/tutorial_taskflow_api_virtualenv.py for tasks to queue
[2024-04-12T21:50:25.078+0000] {logging_mixin.py:120} INFO - [2024-04-12T21:50:25.078+0000] {dagbag.py:537} INFO - Filling up the DagBag from /home/airflow/.local/lib/python3.7/site-packages/airflow/example_dags/tutorial_taskflow_api_virtualenv.py
[2024-04-12T21:50:25.089+0000] {processor.py:766} INFO - DAG(s) dict_keys(['tutorial_taskflow_api_virtualenv']) retrieved from /home/airflow/.local/lib/python3.7/site-packages/airflow/example_dags/tutorial_taskflow_api_virtualenv.py
[2024-04-12T21:50:25.110+0000] {logging_mixin.py:120} INFO - [2024-04-12T21:50:25.110+0000] {dag.py:2585} INFO - Sync 1 DAGs
[2024-04-12T21:50:25.123+0000] {logging_mixin.py:120} INFO - [2024-04-12T21:50:25.123+0000] {dag.py:3340} INFO - Setting next_dagrun for tutorial_taskflow_api_virtualenv to None, run_after=None
[2024-04-12T21:50:25.132+0000] {processor.py:176} INFO - Processing /home/airflow/.local/lib/python3.7/site-packages/airflow/example_dags/tutorial_taskflow_api_virtualenv.py took 0.057 seconds
[2024-04-12T21:50:55.960+0000] {processor.py:154} INFO - Started process (PID=303) to work on /home/airflow/.local/lib/python3.7/site-packages/airflow/example_dags/tutorial_taskflow_api_virtualenv.py
[2024-04-12T21:50:55.960+0000] {processor.py:756} INFO - Processing file /home/airflow/.local/lib/python3.7/site-packages/airflow/example_dags/tutorial_taskflow_api_virtualenv.py for tasks to queue
[2024-04-12T21:50:55.960+0000] {logging_mixin.py:120} INFO - [2024-04-12T21:50:55.960+0000] {dagbag.py:537} INFO - Filling up the DagBag from /home/airflow/.local/lib/python3.7/site-packages/airflow/example_dags/tutorial_taskflow_api_virtualenv.py
[2024-04-12T21:50:55.971+0000] {processor.py:766} INFO - DAG(s) dict_keys(['tutorial_taskflow_api_virtualenv']) retrieved from /home/airflow/.local/lib/python3.7/site-packages/airflow/example_dags/tutorial_taskflow_api_virtualenv.py
[2024-04-12T21:50:55.992+0000] {logging_mixin.py:120} INFO - [2024-04-12T21:50:55.991+0000] {dag.py:2585} INFO - Sync 1 DAGs
[2024-04-12T21:50:56.004+0000] {logging_mixin.py:120} INFO - [2024-04-12T21:50:56.004+0000] {dag.py:3340} INFO - Setting next_dagrun for tutorial_taskflow_api_virtualenv to None, run_after=None
[2024-04-12T21:50:56.014+0000] {processor.py:176} INFO - Processing /home/airflow/.local/lib/python3.7/site-packages/airflow/example_dags/tutorial_taskflow_api_virtualenv.py took 0.057 seconds
[2024-04-12T21:51:26.891+0000] {processor.py:154} INFO - Started process (PID=365) to work on /home/airflow/.local/lib/python3.7/site-packages/airflow/example_dags/tutorial_taskflow_api_virtualenv.py
[2024-04-12T21:51:26.892+0000] {processor.py:756} INFO - Processing file /home/airflow/.local/lib/python3.7/site-packages/airflow/example_dags/tutorial_taskflow_api_virtualenv.py for tasks to queue
[2024-04-12T21:51:26.892+0000] {logging_mixin.py:120} INFO - [2024-04-12T21:51:26.892+0000] {dagbag.py:537} INFO - Filling up the DagBag from /home/airflow/.local/lib/python3.7/site-packages/airflow/example_dags/tutorial_taskflow_api_virtualenv.py
[2024-04-12T21:51:26.904+0000] {processor.py:766} INFO - DAG(s) dict_keys(['tutorial_taskflow_api_virtualenv']) retrieved from /home/airflow/.local/lib/python3.7/site-packages/airflow/example_dags/tutorial_taskflow_api_virtualenv.py
[2024-04-12T21:51:26.927+0000] {logging_mixin.py:120} INFO - [2024-04-12T21:51:26.927+0000] {dag.py:2585} INFO - Sync 1 DAGs
[2024-04-12T21:51:26.941+0000] {logging_mixin.py:120} INFO - [2024-04-12T21:51:26.941+0000] {dag.py:3340} INFO - Setting next_dagrun for tutorial_taskflow_api_virtualenv to None, run_after=None
[2024-04-12T21:51:26.952+0000] {processor.py:176} INFO - Processing /home/airflow/.local/lib/python3.7/site-packages/airflow/example_dags/tutorial_taskflow_api_virtualenv.py took 0.063 seconds
