[2024-04-12T21:48:54.623+0000] {processor.py:154} INFO - Started process (PID=67) to work on /home/airflow/.local/lib/python3.7/site-packages/airflow/example_dags/tutorial_taskflow_api.py
[2024-04-12T21:48:54.627+0000] {processor.py:756} INFO - Processing file /home/airflow/.local/lib/python3.7/site-packages/airflow/example_dags/tutorial_taskflow_api.py for tasks to queue
[2024-04-12T21:48:54.632+0000] {logging_mixin.py:120} INFO - [2024-04-12T21:48:54.632+0000] {dagbag.py:537} INFO - Filling up the DagBag from /home/airflow/.local/lib/python3.7/site-packages/airflow/example_dags/tutorial_taskflow_api.py
[2024-04-12T21:48:54.681+0000] {processor.py:766} INFO - DAG(s) dict_keys(['tutorial_taskflow_api']) retrieved from /home/airflow/.local/lib/python3.7/site-packages/airflow/example_dags/tutorial_taskflow_api.py
[2024-04-12T21:48:54.862+0000] {logging_mixin.py:120} INFO - [2024-04-12T21:48:54.862+0000] {manager.py:507} INFO - Created Permission View: can read on DAG:tutorial_taskflow_api
[2024-04-12T21:48:54.871+0000] {logging_mixin.py:120} INFO - [2024-04-12T21:48:54.871+0000] {manager.py:507} INFO - Created Permission View: can edit on DAG:tutorial_taskflow_api
[2024-04-12T21:48:54.878+0000] {logging_mixin.py:120} INFO - [2024-04-12T21:48:54.878+0000] {manager.py:507} INFO - Created Permission View: can delete on DAG:tutorial_taskflow_api
[2024-04-12T21:48:54.880+0000] {logging_mixin.py:120} INFO - [2024-04-12T21:48:54.879+0000] {dag.py:2585} INFO - Sync 1 DAGs
[2024-04-12T21:48:54.892+0000] {logging_mixin.py:120} INFO - [2024-04-12T21:48:54.892+0000] {dag.py:2606} INFO - Creating ORM DAG for tutorial_taskflow_api
[2024-04-12T21:48:54.901+0000] {logging_mixin.py:120} INFO - [2024-04-12T21:48:54.901+0000] {dag.py:3340} INFO - Setting next_dagrun for tutorial_taskflow_api to None, run_after=None
[2024-04-12T21:48:54.922+0000] {processor.py:176} INFO - Processing /home/airflow/.local/lib/python3.7/site-packages/airflow/example_dags/tutorial_taskflow_api.py took 0.309 seconds
[2024-04-12T21:49:25.211+0000] {processor.py:154} INFO - Started process (PID=130) to work on /home/airflow/.local/lib/python3.7/site-packages/airflow/example_dags/tutorial_taskflow_api.py
[2024-04-12T21:49:25.211+0000] {processor.py:756} INFO - Processing file /home/airflow/.local/lib/python3.7/site-packages/airflow/example_dags/tutorial_taskflow_api.py for tasks to queue
[2024-04-12T21:49:25.211+0000] {logging_mixin.py:120} INFO - [2024-04-12T21:49:25.211+0000] {dagbag.py:537} INFO - Filling up the DagBag from /home/airflow/.local/lib/python3.7/site-packages/airflow/example_dags/tutorial_taskflow_api.py
[2024-04-12T21:49:25.222+0000] {processor.py:766} INFO - DAG(s) dict_keys(['tutorial_taskflow_api']) retrieved from /home/airflow/.local/lib/python3.7/site-packages/airflow/example_dags/tutorial_taskflow_api.py
[2024-04-12T21:49:25.240+0000] {logging_mixin.py:120} INFO - [2024-04-12T21:49:25.240+0000] {dag.py:2585} INFO - Sync 1 DAGs
[2024-04-12T21:49:25.253+0000] {logging_mixin.py:120} INFO - [2024-04-12T21:49:25.253+0000] {dag.py:3340} INFO - Setting next_dagrun for tutorial_taskflow_api to None, run_after=None
[2024-04-12T21:49:25.263+0000] {processor.py:176} INFO - Processing /home/airflow/.local/lib/python3.7/site-packages/airflow/example_dags/tutorial_taskflow_api.py took 0.054 seconds
[2024-04-12T21:49:55.448+0000] {processor.py:154} INFO - Started process (PID=194) to work on /home/airflow/.local/lib/python3.7/site-packages/airflow/example_dags/tutorial_taskflow_api.py
[2024-04-12T21:49:55.449+0000] {processor.py:756} INFO - Processing file /home/airflow/.local/lib/python3.7/site-packages/airflow/example_dags/tutorial_taskflow_api.py for tasks to queue
[2024-04-12T21:49:55.449+0000] {logging_mixin.py:120} INFO - [2024-04-12T21:49:55.449+0000] {dagbag.py:537} INFO - Filling up the DagBag from /home/airflow/.local/lib/python3.7/site-packages/airflow/example_dags/tutorial_taskflow_api.py
[2024-04-12T21:49:55.460+0000] {processor.py:766} INFO - DAG(s) dict_keys(['tutorial_taskflow_api']) retrieved from /home/airflow/.local/lib/python3.7/site-packages/airflow/example_dags/tutorial_taskflow_api.py
[2024-04-12T21:49:55.480+0000] {logging_mixin.py:120} INFO - [2024-04-12T21:49:55.480+0000] {dag.py:2585} INFO - Sync 1 DAGs
[2024-04-12T21:49:55.493+0000] {logging_mixin.py:120} INFO - [2024-04-12T21:49:55.493+0000] {dag.py:3340} INFO - Setting next_dagrun for tutorial_taskflow_api to None, run_after=None
[2024-04-12T21:49:55.503+0000] {processor.py:176} INFO - Processing /home/airflow/.local/lib/python3.7/site-packages/airflow/example_dags/tutorial_taskflow_api.py took 0.056 seconds
[2024-04-12T21:50:26.285+0000] {processor.py:154} INFO - Started process (PID=255) to work on /home/airflow/.local/lib/python3.7/site-packages/airflow/example_dags/tutorial_taskflow_api.py
[2024-04-12T21:50:26.286+0000] {processor.py:756} INFO - Processing file /home/airflow/.local/lib/python3.7/site-packages/airflow/example_dags/tutorial_taskflow_api.py for tasks to queue
[2024-04-12T21:50:26.286+0000] {logging_mixin.py:120} INFO - [2024-04-12T21:50:26.286+0000] {dagbag.py:537} INFO - Filling up the DagBag from /home/airflow/.local/lib/python3.7/site-packages/airflow/example_dags/tutorial_taskflow_api.py
[2024-04-12T21:50:26.296+0000] {processor.py:766} INFO - DAG(s) dict_keys(['tutorial_taskflow_api']) retrieved from /home/airflow/.local/lib/python3.7/site-packages/airflow/example_dags/tutorial_taskflow_api.py
[2024-04-12T21:50:26.318+0000] {logging_mixin.py:120} INFO - [2024-04-12T21:50:26.318+0000] {dag.py:2585} INFO - Sync 1 DAGs
[2024-04-12T21:50:26.332+0000] {logging_mixin.py:120} INFO - [2024-04-12T21:50:26.332+0000] {dag.py:3340} INFO - Setting next_dagrun for tutorial_taskflow_api to None, run_after=None
[2024-04-12T21:50:26.342+0000] {processor.py:176} INFO - Processing /home/airflow/.local/lib/python3.7/site-packages/airflow/example_dags/tutorial_taskflow_api.py took 0.059 seconds
[2024-04-12T21:50:57.225+0000] {processor.py:154} INFO - Started process (PID=309) to work on /home/airflow/.local/lib/python3.7/site-packages/airflow/example_dags/tutorial_taskflow_api.py
[2024-04-12T21:50:57.225+0000] {processor.py:756} INFO - Processing file /home/airflow/.local/lib/python3.7/site-packages/airflow/example_dags/tutorial_taskflow_api.py for tasks to queue
[2024-04-12T21:50:57.226+0000] {logging_mixin.py:120} INFO - [2024-04-12T21:50:57.226+0000] {dagbag.py:537} INFO - Filling up the DagBag from /home/airflow/.local/lib/python3.7/site-packages/airflow/example_dags/tutorial_taskflow_api.py
[2024-04-12T21:50:57.237+0000] {processor.py:766} INFO - DAG(s) dict_keys(['tutorial_taskflow_api']) retrieved from /home/airflow/.local/lib/python3.7/site-packages/airflow/example_dags/tutorial_taskflow_api.py
[2024-04-12T21:50:57.260+0000] {logging_mixin.py:120} INFO - [2024-04-12T21:50:57.260+0000] {dag.py:2585} INFO - Sync 1 DAGs
[2024-04-12T21:50:57.277+0000] {logging_mixin.py:120} INFO - [2024-04-12T21:50:57.276+0000] {dag.py:3340} INFO - Setting next_dagrun for tutorial_taskflow_api to None, run_after=None
[2024-04-12T21:50:57.287+0000] {processor.py:176} INFO - Processing /home/airflow/.local/lib/python3.7/site-packages/airflow/example_dags/tutorial_taskflow_api.py took 0.065 seconds
[2024-04-12T21:51:28.152+0000] {processor.py:154} INFO - Started process (PID=371) to work on /home/airflow/.local/lib/python3.7/site-packages/airflow/example_dags/tutorial_taskflow_api.py
[2024-04-12T21:51:28.152+0000] {processor.py:756} INFO - Processing file /home/airflow/.local/lib/python3.7/site-packages/airflow/example_dags/tutorial_taskflow_api.py for tasks to queue
[2024-04-12T21:51:28.152+0000] {logging_mixin.py:120} INFO - [2024-04-12T21:51:28.152+0000] {dagbag.py:537} INFO - Filling up the DagBag from /home/airflow/.local/lib/python3.7/site-packages/airflow/example_dags/tutorial_taskflow_api.py
[2024-04-12T21:51:28.163+0000] {processor.py:766} INFO - DAG(s) dict_keys(['tutorial_taskflow_api']) retrieved from /home/airflow/.local/lib/python3.7/site-packages/airflow/example_dags/tutorial_taskflow_api.py
[2024-04-12T21:51:28.182+0000] {logging_mixin.py:120} INFO - [2024-04-12T21:51:28.182+0000] {dag.py:2585} INFO - Sync 1 DAGs
[2024-04-12T21:51:28.195+0000] {logging_mixin.py:120} INFO - [2024-04-12T21:51:28.195+0000] {dag.py:3340} INFO - Setting next_dagrun for tutorial_taskflow_api to None, run_after=None
[2024-04-12T21:51:28.205+0000] {processor.py:176} INFO - Processing /home/airflow/.local/lib/python3.7/site-packages/airflow/example_dags/tutorial_taskflow_api.py took 0.055 seconds
