[2024-07-25T16:12:19.499+0000] {processor.py:154} INFO - Started process (PID=55) to work on /home/airflow/.local/lib/python3.7/site-packages/airflow/example_dags/example_xcom.py
[2024-07-25T16:12:19.501+0000] {processor.py:756} INFO - Processing file /home/airflow/.local/lib/python3.7/site-packages/airflow/example_dags/example_xcom.py for tasks to queue
[2024-07-25T16:12:19.505+0000] {logging_mixin.py:120} INFO - [2024-07-25T16:12:19.505+0000] {dagbag.py:537} INFO - Filling up the DagBag from /home/airflow/.local/lib/python3.7/site-packages/airflow/example_dags/example_xcom.py
[2024-07-25T16:12:19.545+0000] {processor.py:766} INFO - DAG(s) dict_keys(['example_xcom']) retrieved from /home/airflow/.local/lib/python3.7/site-packages/airflow/example_dags/example_xcom.py
[2024-07-25T16:12:19.589+0000] {logging_mixin.py:120} INFO - [2024-07-25T16:12:19.589+0000] {dag.py:2585} INFO - Sync 1 DAGs
[2024-07-25T16:12:19.618+0000] {logging_mixin.py:120} INFO - [2024-07-25T16:12:19.617+0000] {dag.py:3340} INFO - Setting next_dagrun for example_xcom to 2021-01-01T00:00:00+00:00, run_after=2021-01-01T00:00:00+00:00
[2024-07-25T16:12:19.652+0000] {processor.py:176} INFO - Processing /home/airflow/.local/lib/python3.7/site-packages/airflow/example_dags/example_xcom.py took 0.159 seconds
[2024-07-25T16:12:49.674+0000] {processor.py:154} INFO - Started process (PID=119) to work on /home/airflow/.local/lib/python3.7/site-packages/airflow/example_dags/example_xcom.py
[2024-07-25T16:12:49.675+0000] {processor.py:756} INFO - Processing file /home/airflow/.local/lib/python3.7/site-packages/airflow/example_dags/example_xcom.py for tasks to queue
[2024-07-25T16:12:49.676+0000] {logging_mixin.py:120} INFO - [2024-07-25T16:12:49.676+0000] {dagbag.py:537} INFO - Filling up the DagBag from /home/airflow/.local/lib/python3.7/site-packages/airflow/example_dags/example_xcom.py
[2024-07-25T16:12:49.689+0000] {processor.py:766} INFO - DAG(s) dict_keys(['example_xcom']) retrieved from /home/airflow/.local/lib/python3.7/site-packages/airflow/example_dags/example_xcom.py
[2024-07-25T16:12:49.711+0000] {logging_mixin.py:120} INFO - [2024-07-25T16:12:49.711+0000] {dag.py:2585} INFO - Sync 1 DAGs
[2024-07-25T16:12:49.724+0000] {logging_mixin.py:120} INFO - [2024-07-25T16:12:49.724+0000] {dag.py:3340} INFO - Setting next_dagrun for example_xcom to 2021-01-01T00:00:00+00:00, run_after=2021-01-01T00:00:00+00:00
[2024-07-25T16:12:49.735+0000] {processor.py:176} INFO - Processing /home/airflow/.local/lib/python3.7/site-packages/airflow/example_dags/example_xcom.py took 0.063 seconds
[2024-07-25T16:13:20.673+0000] {processor.py:154} INFO - Started process (PID=184) to work on /home/airflow/.local/lib/python3.7/site-packages/airflow/example_dags/example_xcom.py
[2024-07-25T16:13:20.674+0000] {processor.py:756} INFO - Processing file /home/airflow/.local/lib/python3.7/site-packages/airflow/example_dags/example_xcom.py for tasks to queue
[2024-07-25T16:13:20.675+0000] {logging_mixin.py:120} INFO - [2024-07-25T16:13:20.675+0000] {dagbag.py:537} INFO - Filling up the DagBag from /home/airflow/.local/lib/python3.7/site-packages/airflow/example_dags/example_xcom.py
[2024-07-25T16:13:20.688+0000] {processor.py:766} INFO - DAG(s) dict_keys(['example_xcom']) retrieved from /home/airflow/.local/lib/python3.7/site-packages/airflow/example_dags/example_xcom.py
[2024-07-25T16:13:20.719+0000] {logging_mixin.py:120} INFO - [2024-07-25T16:13:20.719+0000] {dag.py:2585} INFO - Sync 1 DAGs
[2024-07-25T16:13:20.734+0000] {logging_mixin.py:120} INFO - [2024-07-25T16:13:20.734+0000] {dag.py:3340} INFO - Setting next_dagrun for example_xcom to 2021-01-01T00:00:00+00:00, run_after=2021-01-01T00:00:00+00:00
[2024-07-25T16:13:20.743+0000] {processor.py:176} INFO - Processing /home/airflow/.local/lib/python3.7/site-packages/airflow/example_dags/example_xcom.py took 0.071 seconds
[2024-07-25T16:13:51.591+0000] {processor.py:154} INFO - Started process (PID=248) to work on /home/airflow/.local/lib/python3.7/site-packages/airflow/example_dags/example_xcom.py
[2024-07-25T16:13:51.594+0000] {processor.py:756} INFO - Processing file /home/airflow/.local/lib/python3.7/site-packages/airflow/example_dags/example_xcom.py for tasks to queue
[2024-07-25T16:13:51.595+0000] {logging_mixin.py:120} INFO - [2024-07-25T16:13:51.595+0000] {dagbag.py:537} INFO - Filling up the DagBag from /home/airflow/.local/lib/python3.7/site-packages/airflow/example_dags/example_xcom.py
[2024-07-25T16:13:51.608+0000] {processor.py:766} INFO - DAG(s) dict_keys(['example_xcom']) retrieved from /home/airflow/.local/lib/python3.7/site-packages/airflow/example_dags/example_xcom.py
[2024-07-25T16:13:51.632+0000] {logging_mixin.py:120} INFO - [2024-07-25T16:13:51.632+0000] {dag.py:2585} INFO - Sync 1 DAGs
[2024-07-25T16:13:51.646+0000] {logging_mixin.py:120} INFO - [2024-07-25T16:13:51.646+0000] {dag.py:3340} INFO - Setting next_dagrun for example_xcom to 2021-01-01T00:00:00+00:00, run_after=2021-01-01T00:00:00+00:00
[2024-07-25T16:13:51.657+0000] {processor.py:176} INFO - Processing /home/airflow/.local/lib/python3.7/site-packages/airflow/example_dags/example_xcom.py took 0.067 seconds
[2024-07-25T16:14:22.081+0000] {processor.py:154} INFO - Started process (PID=309) to work on /home/airflow/.local/lib/python3.7/site-packages/airflow/example_dags/example_xcom.py
[2024-07-25T16:14:22.083+0000] {processor.py:756} INFO - Processing file /home/airflow/.local/lib/python3.7/site-packages/airflow/example_dags/example_xcom.py for tasks to queue
[2024-07-25T16:14:22.083+0000] {logging_mixin.py:120} INFO - [2024-07-25T16:14:22.083+0000] {dagbag.py:537} INFO - Filling up the DagBag from /home/airflow/.local/lib/python3.7/site-packages/airflow/example_dags/example_xcom.py
[2024-07-25T16:14:22.097+0000] {processor.py:766} INFO - DAG(s) dict_keys(['example_xcom']) retrieved from /home/airflow/.local/lib/python3.7/site-packages/airflow/example_dags/example_xcom.py
[2024-07-25T16:14:22.126+0000] {logging_mixin.py:120} INFO - [2024-07-25T16:14:22.126+0000] {dag.py:2585} INFO - Sync 1 DAGs
[2024-07-25T16:14:22.149+0000] {logging_mixin.py:120} INFO - [2024-07-25T16:14:22.149+0000] {dag.py:3340} INFO - Setting next_dagrun for example_xcom to 2021-01-01T00:00:00+00:00, run_after=2021-01-01T00:00:00+00:00
[2024-07-25T16:14:22.158+0000] {processor.py:176} INFO - Processing /home/airflow/.local/lib/python3.7/site-packages/airflow/example_dags/example_xcom.py took 0.079 seconds
[2024-07-25T16:14:53.109+0000] {processor.py:154} INFO - Started process (PID=366) to work on /home/airflow/.local/lib/python3.7/site-packages/airflow/example_dags/example_xcom.py
[2024-07-25T16:14:53.112+0000] {processor.py:756} INFO - Processing file /home/airflow/.local/lib/python3.7/site-packages/airflow/example_dags/example_xcom.py for tasks to queue
[2024-07-25T16:14:53.113+0000] {logging_mixin.py:120} INFO - [2024-07-25T16:14:53.113+0000] {dagbag.py:537} INFO - Filling up the DagBag from /home/airflow/.local/lib/python3.7/site-packages/airflow/example_dags/example_xcom.py
[2024-07-25T16:14:53.125+0000] {processor.py:766} INFO - DAG(s) dict_keys(['example_xcom']) retrieved from /home/airflow/.local/lib/python3.7/site-packages/airflow/example_dags/example_xcom.py
[2024-07-25T16:14:53.148+0000] {logging_mixin.py:120} INFO - [2024-07-25T16:14:53.148+0000] {dag.py:2585} INFO - Sync 1 DAGs
[2024-07-25T16:14:53.162+0000] {logging_mixin.py:120} INFO - [2024-07-25T16:14:53.161+0000] {dag.py:3340} INFO - Setting next_dagrun for example_xcom to 2021-01-01T00:00:00+00:00, run_after=2021-01-01T00:00:00+00:00
[2024-07-25T16:14:53.171+0000] {processor.py:176} INFO - Processing /home/airflow/.local/lib/python3.7/site-packages/airflow/example_dags/example_xcom.py took 0.065 seconds
[2024-07-25T16:15:23.363+0000] {processor.py:154} INFO - Started process (PID=430) to work on /home/airflow/.local/lib/python3.7/site-packages/airflow/example_dags/example_xcom.py
[2024-07-25T16:15:23.363+0000] {processor.py:756} INFO - Processing file /home/airflow/.local/lib/python3.7/site-packages/airflow/example_dags/example_xcom.py for tasks to queue
[2024-07-25T16:15:23.364+0000] {logging_mixin.py:120} INFO - [2024-07-25T16:15:23.364+0000] {dagbag.py:537} INFO - Filling up the DagBag from /home/airflow/.local/lib/python3.7/site-packages/airflow/example_dags/example_xcom.py
[2024-07-25T16:15:23.376+0000] {processor.py:766} INFO - DAG(s) dict_keys(['example_xcom']) retrieved from /home/airflow/.local/lib/python3.7/site-packages/airflow/example_dags/example_xcom.py
[2024-07-25T16:15:23.398+0000] {logging_mixin.py:120} INFO - [2024-07-25T16:15:23.398+0000] {dag.py:2585} INFO - Sync 1 DAGs
[2024-07-25T16:15:23.410+0000] {logging_mixin.py:120} INFO - [2024-07-25T16:15:23.410+0000] {dag.py:3340} INFO - Setting next_dagrun for example_xcom to 2021-01-01T00:00:00+00:00, run_after=2021-01-01T00:00:00+00:00
[2024-07-25T16:15:23.420+0000] {processor.py:176} INFO - Processing /home/airflow/.local/lib/python3.7/site-packages/airflow/example_dags/example_xcom.py took 0.059 seconds
[2024-07-25T16:15:54.457+0000] {processor.py:154} INFO - Started process (PID=494) to work on /home/airflow/.local/lib/python3.7/site-packages/airflow/example_dags/example_xcom.py
[2024-07-25T16:15:54.459+0000] {processor.py:756} INFO - Processing file /home/airflow/.local/lib/python3.7/site-packages/airflow/example_dags/example_xcom.py for tasks to queue
[2024-07-25T16:15:54.460+0000] {logging_mixin.py:120} INFO - [2024-07-25T16:15:54.459+0000] {dagbag.py:537} INFO - Filling up the DagBag from /home/airflow/.local/lib/python3.7/site-packages/airflow/example_dags/example_xcom.py
[2024-07-25T16:15:54.483+0000] {processor.py:766} INFO - DAG(s) dict_keys(['example_xcom']) retrieved from /home/airflow/.local/lib/python3.7/site-packages/airflow/example_dags/example_xcom.py
[2024-07-25T16:15:54.517+0000] {logging_mixin.py:120} INFO - [2024-07-25T16:15:54.517+0000] {dag.py:2585} INFO - Sync 1 DAGs
[2024-07-25T16:15:54.532+0000] {logging_mixin.py:120} INFO - [2024-07-25T16:15:54.532+0000] {dag.py:3340} INFO - Setting next_dagrun for example_xcom to 2021-01-01T00:00:00+00:00, run_after=2021-01-01T00:00:00+00:00
[2024-07-25T16:15:54.551+0000] {processor.py:176} INFO - Processing /home/airflow/.local/lib/python3.7/site-packages/airflow/example_dags/example_xcom.py took 0.097 seconds
[2024-07-25T16:16:25.493+0000] {processor.py:154} INFO - Started process (PID=558) to work on /home/airflow/.local/lib/python3.7/site-packages/airflow/example_dags/example_xcom.py
[2024-07-25T16:16:25.497+0000] {processor.py:756} INFO - Processing file /home/airflow/.local/lib/python3.7/site-packages/airflow/example_dags/example_xcom.py for tasks to queue
[2024-07-25T16:16:25.497+0000] {logging_mixin.py:120} INFO - [2024-07-25T16:16:25.497+0000] {dagbag.py:537} INFO - Filling up the DagBag from /home/airflow/.local/lib/python3.7/site-packages/airflow/example_dags/example_xcom.py
[2024-07-25T16:16:25.510+0000] {processor.py:766} INFO - DAG(s) dict_keys(['example_xcom']) retrieved from /home/airflow/.local/lib/python3.7/site-packages/airflow/example_dags/example_xcom.py
[2024-07-25T16:16:25.539+0000] {logging_mixin.py:120} INFO - [2024-07-25T16:16:25.539+0000] {dag.py:2585} INFO - Sync 1 DAGs
[2024-07-25T16:16:25.562+0000] {logging_mixin.py:120} INFO - [2024-07-25T16:16:25.561+0000] {dag.py:3340} INFO - Setting next_dagrun for example_xcom to 2021-01-01T00:00:00+00:00, run_after=2021-01-01T00:00:00+00:00
[2024-07-25T16:16:25.575+0000] {processor.py:176} INFO - Processing /home/airflow/.local/lib/python3.7/site-packages/airflow/example_dags/example_xcom.py took 0.084 seconds
[2024-07-25T16:16:56.284+0000] {processor.py:154} INFO - Started process (PID=621) to work on /home/airflow/.local/lib/python3.7/site-packages/airflow/example_dags/example_xcom.py
[2024-07-25T16:16:56.285+0000] {processor.py:756} INFO - Processing file /home/airflow/.local/lib/python3.7/site-packages/airflow/example_dags/example_xcom.py for tasks to queue
[2024-07-25T16:16:56.286+0000] {logging_mixin.py:120} INFO - [2024-07-25T16:16:56.286+0000] {dagbag.py:537} INFO - Filling up the DagBag from /home/airflow/.local/lib/python3.7/site-packages/airflow/example_dags/example_xcom.py
[2024-07-25T16:16:56.302+0000] {processor.py:766} INFO - DAG(s) dict_keys(['example_xcom']) retrieved from /home/airflow/.local/lib/python3.7/site-packages/airflow/example_dags/example_xcom.py
[2024-07-25T16:16:56.328+0000] {logging_mixin.py:120} INFO - [2024-07-25T16:16:56.328+0000] {dag.py:2585} INFO - Sync 1 DAGs
[2024-07-25T16:16:56.345+0000] {logging_mixin.py:120} INFO - [2024-07-25T16:16:56.345+0000] {dag.py:3340} INFO - Setting next_dagrun for example_xcom to 2021-01-01T00:00:00+00:00, run_after=2021-01-01T00:00:00+00:00
[2024-07-25T16:16:56.362+0000] {processor.py:176} INFO - Processing /home/airflow/.local/lib/python3.7/site-packages/airflow/example_dags/example_xcom.py took 0.080 seconds
[2024-07-25T16:17:27.251+0000] {processor.py:154} INFO - Started process (PID=684) to work on /home/airflow/.local/lib/python3.7/site-packages/airflow/example_dags/example_xcom.py
[2024-07-25T16:17:27.252+0000] {processor.py:756} INFO - Processing file /home/airflow/.local/lib/python3.7/site-packages/airflow/example_dags/example_xcom.py for tasks to queue
[2024-07-25T16:17:27.252+0000] {logging_mixin.py:120} INFO - [2024-07-25T16:17:27.252+0000] {dagbag.py:537} INFO - Filling up the DagBag from /home/airflow/.local/lib/python3.7/site-packages/airflow/example_dags/example_xcom.py
[2024-07-25T16:17:27.264+0000] {processor.py:766} INFO - DAG(s) dict_keys(['example_xcom']) retrieved from /home/airflow/.local/lib/python3.7/site-packages/airflow/example_dags/example_xcom.py
[2024-07-25T16:17:27.287+0000] {logging_mixin.py:120} INFO - [2024-07-25T16:17:27.287+0000] {dag.py:2585} INFO - Sync 1 DAGs
[2024-07-25T16:17:27.299+0000] {logging_mixin.py:120} INFO - [2024-07-25T16:17:27.299+0000] {dag.py:3340} INFO - Setting next_dagrun for example_xcom to 2021-01-01T00:00:00+00:00, run_after=2021-01-01T00:00:00+00:00
[2024-07-25T16:17:27.309+0000] {processor.py:176} INFO - Processing /home/airflow/.local/lib/python3.7/site-packages/airflow/example_dags/example_xcom.py took 0.060 seconds
[2024-07-25T16:17:57.489+0000] {processor.py:154} INFO - Started process (PID=747) to work on /home/airflow/.local/lib/python3.7/site-packages/airflow/example_dags/example_xcom.py
[2024-07-25T16:17:57.489+0000] {processor.py:756} INFO - Processing file /home/airflow/.local/lib/python3.7/site-packages/airflow/example_dags/example_xcom.py for tasks to queue
[2024-07-25T16:17:57.490+0000] {logging_mixin.py:120} INFO - [2024-07-25T16:17:57.490+0000] {dagbag.py:537} INFO - Filling up the DagBag from /home/airflow/.local/lib/python3.7/site-packages/airflow/example_dags/example_xcom.py
[2024-07-25T16:17:57.504+0000] {processor.py:766} INFO - DAG(s) dict_keys(['example_xcom']) retrieved from /home/airflow/.local/lib/python3.7/site-packages/airflow/example_dags/example_xcom.py
[2024-07-25T16:17:57.538+0000] {logging_mixin.py:120} INFO - [2024-07-25T16:17:57.538+0000] {dag.py:2585} INFO - Sync 1 DAGs
[2024-07-25T16:17:57.550+0000] {logging_mixin.py:120} INFO - [2024-07-25T16:17:57.550+0000] {dag.py:3340} INFO - Setting next_dagrun for example_xcom to 2021-01-01T00:00:00+00:00, run_after=2021-01-01T00:00:00+00:00
[2024-07-25T16:17:57.565+0000] {processor.py:176} INFO - Processing /home/airflow/.local/lib/python3.7/site-packages/airflow/example_dags/example_xcom.py took 0.078 seconds
[2024-07-25T16:18:27.633+0000] {processor.py:154} INFO - Started process (PID=801) to work on /home/airflow/.local/lib/python3.7/site-packages/airflow/example_dags/example_xcom.py
[2024-07-25T16:18:27.637+0000] {processor.py:756} INFO - Processing file /home/airflow/.local/lib/python3.7/site-packages/airflow/example_dags/example_xcom.py for tasks to queue
[2024-07-25T16:18:27.639+0000] {logging_mixin.py:120} INFO - [2024-07-25T16:18:27.638+0000] {dagbag.py:537} INFO - Filling up the DagBag from /home/airflow/.local/lib/python3.7/site-packages/airflow/example_dags/example_xcom.py
[2024-07-25T16:18:27.652+0000] {processor.py:766} INFO - DAG(s) dict_keys(['example_xcom']) retrieved from /home/airflow/.local/lib/python3.7/site-packages/airflow/example_dags/example_xcom.py
[2024-07-25T16:18:27.681+0000] {logging_mixin.py:120} INFO - [2024-07-25T16:18:27.681+0000] {dag.py:2585} INFO - Sync 1 DAGs
[2024-07-25T16:18:27.698+0000] {logging_mixin.py:120} INFO - [2024-07-25T16:18:27.698+0000] {dag.py:3340} INFO - Setting next_dagrun for example_xcom to 2021-01-01T00:00:00+00:00, run_after=2021-01-01T00:00:00+00:00
[2024-07-25T16:18:27.718+0000] {processor.py:176} INFO - Processing /home/airflow/.local/lib/python3.7/site-packages/airflow/example_dags/example_xcom.py took 0.087 seconds
[2024-07-25T16:18:57.822+0000] {processor.py:154} INFO - Started process (PID=865) to work on /home/airflow/.local/lib/python3.7/site-packages/airflow/example_dags/example_xcom.py
[2024-07-25T16:18:57.825+0000] {processor.py:756} INFO - Processing file /home/airflow/.local/lib/python3.7/site-packages/airflow/example_dags/example_xcom.py for tasks to queue
[2024-07-25T16:18:57.826+0000] {logging_mixin.py:120} INFO - [2024-07-25T16:18:57.826+0000] {dagbag.py:537} INFO - Filling up the DagBag from /home/airflow/.local/lib/python3.7/site-packages/airflow/example_dags/example_xcom.py
[2024-07-25T16:18:57.839+0000] {processor.py:766} INFO - DAG(s) dict_keys(['example_xcom']) retrieved from /home/airflow/.local/lib/python3.7/site-packages/airflow/example_dags/example_xcom.py
[2024-07-25T16:18:57.867+0000] {logging_mixin.py:120} INFO - [2024-07-25T16:18:57.867+0000] {dag.py:2585} INFO - Sync 1 DAGs
[2024-07-25T16:18:57.880+0000] {logging_mixin.py:120} INFO - [2024-07-25T16:18:57.880+0000] {dag.py:3340} INFO - Setting next_dagrun for example_xcom to 2021-01-01T00:00:00+00:00, run_after=2021-01-01T00:00:00+00:00
[2024-07-25T16:18:57.896+0000] {processor.py:176} INFO - Processing /home/airflow/.local/lib/python3.7/site-packages/airflow/example_dags/example_xcom.py took 0.075 seconds
[2024-07-25T16:19:28.011+0000] {processor.py:154} INFO - Started process (PID=929) to work on /home/airflow/.local/lib/python3.7/site-packages/airflow/example_dags/example_xcom.py
[2024-07-25T16:19:28.012+0000] {processor.py:756} INFO - Processing file /home/airflow/.local/lib/python3.7/site-packages/airflow/example_dags/example_xcom.py for tasks to queue
[2024-07-25T16:19:28.012+0000] {logging_mixin.py:120} INFO - [2024-07-25T16:19:28.012+0000] {dagbag.py:537} INFO - Filling up the DagBag from /home/airflow/.local/lib/python3.7/site-packages/airflow/example_dags/example_xcom.py
[2024-07-25T16:19:28.023+0000] {processor.py:766} INFO - DAG(s) dict_keys(['example_xcom']) retrieved from /home/airflow/.local/lib/python3.7/site-packages/airflow/example_dags/example_xcom.py
[2024-07-25T16:19:28.044+0000] {logging_mixin.py:120} INFO - [2024-07-25T16:19:28.044+0000] {dag.py:2585} INFO - Sync 1 DAGs
[2024-07-25T16:19:28.055+0000] {logging_mixin.py:120} INFO - [2024-07-25T16:19:28.055+0000] {dag.py:3340} INFO - Setting next_dagrun for example_xcom to 2021-01-01T00:00:00+00:00, run_after=2021-01-01T00:00:00+00:00
[2024-07-25T16:19:28.065+0000] {processor.py:176} INFO - Processing /home/airflow/.local/lib/python3.7/site-packages/airflow/example_dags/example_xcom.py took 0.056 seconds
[2024-07-25T16:19:58.785+0000] {processor.py:154} INFO - Started process (PID=992) to work on /home/airflow/.local/lib/python3.7/site-packages/airflow/example_dags/example_xcom.py
[2024-07-25T16:19:58.789+0000] {processor.py:756} INFO - Processing file /home/airflow/.local/lib/python3.7/site-packages/airflow/example_dags/example_xcom.py for tasks to queue
[2024-07-25T16:19:58.790+0000] {logging_mixin.py:120} INFO - [2024-07-25T16:19:58.790+0000] {dagbag.py:537} INFO - Filling up the DagBag from /home/airflow/.local/lib/python3.7/site-packages/airflow/example_dags/example_xcom.py
[2024-07-25T16:19:58.804+0000] {processor.py:766} INFO - DAG(s) dict_keys(['example_xcom']) retrieved from /home/airflow/.local/lib/python3.7/site-packages/airflow/example_dags/example_xcom.py
[2024-07-25T16:19:58.825+0000] {logging_mixin.py:120} INFO - [2024-07-25T16:19:58.825+0000] {dag.py:2585} INFO - Sync 1 DAGs
[2024-07-25T16:19:58.837+0000] {logging_mixin.py:120} INFO - [2024-07-25T16:19:58.837+0000] {dag.py:3340} INFO - Setting next_dagrun for example_xcom to 2021-01-01T00:00:00+00:00, run_after=2021-01-01T00:00:00+00:00
[2024-07-25T16:19:58.850+0000] {processor.py:176} INFO - Processing /home/airflow/.local/lib/python3.7/site-packages/airflow/example_dags/example_xcom.py took 0.067 seconds
[2024-07-25T16:20:29.590+0000] {processor.py:154} INFO - Started process (PID=1056) to work on /home/airflow/.local/lib/python3.7/site-packages/airflow/example_dags/example_xcom.py
[2024-07-25T16:20:29.591+0000] {processor.py:756} INFO - Processing file /home/airflow/.local/lib/python3.7/site-packages/airflow/example_dags/example_xcom.py for tasks to queue
[2024-07-25T16:20:29.591+0000] {logging_mixin.py:120} INFO - [2024-07-25T16:20:29.591+0000] {dagbag.py:537} INFO - Filling up the DagBag from /home/airflow/.local/lib/python3.7/site-packages/airflow/example_dags/example_xcom.py
[2024-07-25T16:20:29.604+0000] {processor.py:766} INFO - DAG(s) dict_keys(['example_xcom']) retrieved from /home/airflow/.local/lib/python3.7/site-packages/airflow/example_dags/example_xcom.py
[2024-07-25T16:20:29.629+0000] {logging_mixin.py:120} INFO - [2024-07-25T16:20:29.629+0000] {dag.py:2585} INFO - Sync 1 DAGs
[2024-07-25T16:20:29.643+0000] {logging_mixin.py:120} INFO - [2024-07-25T16:20:29.643+0000] {dag.py:3340} INFO - Setting next_dagrun for example_xcom to 2021-01-01T00:00:00+00:00, run_after=2021-01-01T00:00:00+00:00
[2024-07-25T16:20:29.660+0000] {processor.py:176} INFO - Processing /home/airflow/.local/lib/python3.7/site-packages/airflow/example_dags/example_xcom.py took 0.072 seconds
[2024-07-25T16:21:00.517+0000] {processor.py:154} INFO - Started process (PID=1120) to work on /home/airflow/.local/lib/python3.7/site-packages/airflow/example_dags/example_xcom.py
[2024-07-25T16:21:00.518+0000] {processor.py:756} INFO - Processing file /home/airflow/.local/lib/python3.7/site-packages/airflow/example_dags/example_xcom.py for tasks to queue
[2024-07-25T16:21:00.518+0000] {logging_mixin.py:120} INFO - [2024-07-25T16:21:00.518+0000] {dagbag.py:537} INFO - Filling up the DagBag from /home/airflow/.local/lib/python3.7/site-packages/airflow/example_dags/example_xcom.py
[2024-07-25T16:21:00.530+0000] {processor.py:766} INFO - DAG(s) dict_keys(['example_xcom']) retrieved from /home/airflow/.local/lib/python3.7/site-packages/airflow/example_dags/example_xcom.py
[2024-07-25T16:21:00.553+0000] {logging_mixin.py:120} INFO - [2024-07-25T16:21:00.553+0000] {dag.py:2585} INFO - Sync 1 DAGs
[2024-07-25T16:21:00.571+0000] {logging_mixin.py:120} INFO - [2024-07-25T16:21:00.571+0000] {dag.py:3340} INFO - Setting next_dagrun for example_xcom to 2021-01-01T00:00:00+00:00, run_after=2021-01-01T00:00:00+00:00
[2024-07-25T16:21:00.588+0000] {processor.py:176} INFO - Processing /home/airflow/.local/lib/python3.7/site-packages/airflow/example_dags/example_xcom.py took 0.073 seconds
[2024-07-25T16:21:31.301+0000] {processor.py:154} INFO - Started process (PID=1184) to work on /home/airflow/.local/lib/python3.7/site-packages/airflow/example_dags/example_xcom.py
[2024-07-25T16:21:31.302+0000] {processor.py:756} INFO - Processing file /home/airflow/.local/lib/python3.7/site-packages/airflow/example_dags/example_xcom.py for tasks to queue
[2024-07-25T16:21:31.303+0000] {logging_mixin.py:120} INFO - [2024-07-25T16:21:31.303+0000] {dagbag.py:537} INFO - Filling up the DagBag from /home/airflow/.local/lib/python3.7/site-packages/airflow/example_dags/example_xcom.py
[2024-07-25T16:21:31.315+0000] {processor.py:766} INFO - DAG(s) dict_keys(['example_xcom']) retrieved from /home/airflow/.local/lib/python3.7/site-packages/airflow/example_dags/example_xcom.py
[2024-07-25T16:21:31.342+0000] {logging_mixin.py:120} INFO - [2024-07-25T16:21:31.342+0000] {dag.py:2585} INFO - Sync 1 DAGs
[2024-07-25T16:21:31.356+0000] {logging_mixin.py:120} INFO - [2024-07-25T16:21:31.356+0000] {dag.py:3340} INFO - Setting next_dagrun for example_xcom to 2021-01-01T00:00:00+00:00, run_after=2021-01-01T00:00:00+00:00
[2024-07-25T16:21:31.371+0000] {processor.py:176} INFO - Processing /home/airflow/.local/lib/python3.7/site-packages/airflow/example_dags/example_xcom.py took 0.072 seconds
[2024-07-25T16:22:02.176+0000] {processor.py:154} INFO - Started process (PID=1239) to work on /home/airflow/.local/lib/python3.7/site-packages/airflow/example_dags/example_xcom.py
[2024-07-25T16:22:02.180+0000] {processor.py:756} INFO - Processing file /home/airflow/.local/lib/python3.7/site-packages/airflow/example_dags/example_xcom.py for tasks to queue
[2024-07-25T16:22:02.181+0000] {logging_mixin.py:120} INFO - [2024-07-25T16:22:02.181+0000] {dagbag.py:537} INFO - Filling up the DagBag from /home/airflow/.local/lib/python3.7/site-packages/airflow/example_dags/example_xcom.py
[2024-07-25T16:22:02.196+0000] {processor.py:766} INFO - DAG(s) dict_keys(['example_xcom']) retrieved from /home/airflow/.local/lib/python3.7/site-packages/airflow/example_dags/example_xcom.py
[2024-07-25T16:22:02.222+0000] {logging_mixin.py:120} INFO - [2024-07-25T16:22:02.222+0000] {dag.py:2585} INFO - Sync 1 DAGs
[2024-07-25T16:22:02.236+0000] {logging_mixin.py:120} INFO - [2024-07-25T16:22:02.236+0000] {dag.py:3340} INFO - Setting next_dagrun for example_xcom to 2021-01-01T00:00:00+00:00, run_after=2021-01-01T00:00:00+00:00
[2024-07-25T16:22:02.253+0000] {processor.py:176} INFO - Processing /home/airflow/.local/lib/python3.7/site-packages/airflow/example_dags/example_xcom.py took 0.078 seconds
[2024-07-25T16:22:32.932+0000] {processor.py:154} INFO - Started process (PID=1303) to work on /home/airflow/.local/lib/python3.7/site-packages/airflow/example_dags/example_xcom.py
[2024-07-25T16:22:32.934+0000] {processor.py:756} INFO - Processing file /home/airflow/.local/lib/python3.7/site-packages/airflow/example_dags/example_xcom.py for tasks to queue
[2024-07-25T16:22:32.935+0000] {logging_mixin.py:120} INFO - [2024-07-25T16:22:32.934+0000] {dagbag.py:537} INFO - Filling up the DagBag from /home/airflow/.local/lib/python3.7/site-packages/airflow/example_dags/example_xcom.py
[2024-07-25T16:22:32.945+0000] {processor.py:766} INFO - DAG(s) dict_keys(['example_xcom']) retrieved from /home/airflow/.local/lib/python3.7/site-packages/airflow/example_dags/example_xcom.py
[2024-07-25T16:22:32.969+0000] {logging_mixin.py:120} INFO - [2024-07-25T16:22:32.969+0000] {dag.py:2585} INFO - Sync 1 DAGs
[2024-07-25T16:22:32.984+0000] {logging_mixin.py:120} INFO - [2024-07-25T16:22:32.983+0000] {dag.py:3340} INFO - Setting next_dagrun for example_xcom to 2021-01-01T00:00:00+00:00, run_after=2021-01-01T00:00:00+00:00
[2024-07-25T16:22:32.993+0000] {processor.py:176} INFO - Processing /home/airflow/.local/lib/python3.7/site-packages/airflow/example_dags/example_xcom.py took 0.063 seconds
[2024-07-25T16:23:03.652+0000] {processor.py:154} INFO - Started process (PID=1367) to work on /home/airflow/.local/lib/python3.7/site-packages/airflow/example_dags/example_xcom.py
[2024-07-25T16:23:03.653+0000] {processor.py:756} INFO - Processing file /home/airflow/.local/lib/python3.7/site-packages/airflow/example_dags/example_xcom.py for tasks to queue
[2024-07-25T16:23:03.657+0000] {logging_mixin.py:120} INFO - [2024-07-25T16:23:03.656+0000] {dagbag.py:537} INFO - Filling up the DagBag from /home/airflow/.local/lib/python3.7/site-packages/airflow/example_dags/example_xcom.py
[2024-07-25T16:23:03.668+0000] {processor.py:766} INFO - DAG(s) dict_keys(['example_xcom']) retrieved from /home/airflow/.local/lib/python3.7/site-packages/airflow/example_dags/example_xcom.py
[2024-07-25T16:23:03.691+0000] {logging_mixin.py:120} INFO - [2024-07-25T16:23:03.691+0000] {dag.py:2585} INFO - Sync 1 DAGs
[2024-07-25T16:23:03.706+0000] {logging_mixin.py:120} INFO - [2024-07-25T16:23:03.706+0000] {dag.py:3340} INFO - Setting next_dagrun for example_xcom to 2021-01-01T00:00:00+00:00, run_after=2021-01-01T00:00:00+00:00
[2024-07-25T16:23:03.717+0000] {processor.py:176} INFO - Processing /home/airflow/.local/lib/python3.7/site-packages/airflow/example_dags/example_xcom.py took 0.066 seconds
[2024-07-25T16:23:34.404+0000] {processor.py:154} INFO - Started process (PID=1430) to work on /home/airflow/.local/lib/python3.7/site-packages/airflow/example_dags/example_xcom.py
[2024-07-25T16:23:34.407+0000] {processor.py:756} INFO - Processing file /home/airflow/.local/lib/python3.7/site-packages/airflow/example_dags/example_xcom.py for tasks to queue
[2024-07-25T16:23:34.407+0000] {logging_mixin.py:120} INFO - [2024-07-25T16:23:34.407+0000] {dagbag.py:537} INFO - Filling up the DagBag from /home/airflow/.local/lib/python3.7/site-packages/airflow/example_dags/example_xcom.py
[2024-07-25T16:23:34.418+0000] {processor.py:766} INFO - DAG(s) dict_keys(['example_xcom']) retrieved from /home/airflow/.local/lib/python3.7/site-packages/airflow/example_dags/example_xcom.py
[2024-07-25T16:23:34.441+0000] {logging_mixin.py:120} INFO - [2024-07-25T16:23:34.441+0000] {dag.py:2585} INFO - Sync 1 DAGs
[2024-07-25T16:23:34.456+0000] {logging_mixin.py:120} INFO - [2024-07-25T16:23:34.456+0000] {dag.py:3340} INFO - Setting next_dagrun for example_xcom to 2021-01-01T00:00:00+00:00, run_after=2021-01-01T00:00:00+00:00
[2024-07-25T16:23:34.465+0000] {processor.py:176} INFO - Processing /home/airflow/.local/lib/python3.7/site-packages/airflow/example_dags/example_xcom.py took 0.063 seconds
[2024-07-25T16:24:05.164+0000] {processor.py:154} INFO - Started process (PID=1494) to work on /home/airflow/.local/lib/python3.7/site-packages/airflow/example_dags/example_xcom.py
[2024-07-25T16:24:05.164+0000] {processor.py:756} INFO - Processing file /home/airflow/.local/lib/python3.7/site-packages/airflow/example_dags/example_xcom.py for tasks to queue
[2024-07-25T16:24:05.166+0000] {logging_mixin.py:120} INFO - [2024-07-25T16:24:05.166+0000] {dagbag.py:537} INFO - Filling up the DagBag from /home/airflow/.local/lib/python3.7/site-packages/airflow/example_dags/example_xcom.py
[2024-07-25T16:24:05.178+0000] {processor.py:766} INFO - DAG(s) dict_keys(['example_xcom']) retrieved from /home/airflow/.local/lib/python3.7/site-packages/airflow/example_dags/example_xcom.py
[2024-07-25T16:24:05.201+0000] {logging_mixin.py:120} INFO - [2024-07-25T16:24:05.201+0000] {dag.py:2585} INFO - Sync 1 DAGs
[2024-07-25T16:24:05.217+0000] {logging_mixin.py:120} INFO - [2024-07-25T16:24:05.216+0000] {dag.py:3340} INFO - Setting next_dagrun for example_xcom to 2021-01-01T00:00:00+00:00, run_after=2021-01-01T00:00:00+00:00
[2024-07-25T16:24:05.226+0000] {processor.py:176} INFO - Processing /home/airflow/.local/lib/python3.7/site-packages/airflow/example_dags/example_xcom.py took 0.063 seconds
[2024-07-25T16:24:35.763+0000] {processor.py:154} INFO - Started process (PID=1558) to work on /home/airflow/.local/lib/python3.7/site-packages/airflow/example_dags/example_xcom.py
[2024-07-25T16:24:35.763+0000] {processor.py:756} INFO - Processing file /home/airflow/.local/lib/python3.7/site-packages/airflow/example_dags/example_xcom.py for tasks to queue
[2024-07-25T16:24:35.764+0000] {logging_mixin.py:120} INFO - [2024-07-25T16:24:35.764+0000] {dagbag.py:537} INFO - Filling up the DagBag from /home/airflow/.local/lib/python3.7/site-packages/airflow/example_dags/example_xcom.py
[2024-07-25T16:24:35.779+0000] {processor.py:766} INFO - DAG(s) dict_keys(['example_xcom']) retrieved from /home/airflow/.local/lib/python3.7/site-packages/airflow/example_dags/example_xcom.py
[2024-07-25T16:24:35.800+0000] {logging_mixin.py:120} INFO - [2024-07-25T16:24:35.800+0000] {dag.py:2585} INFO - Sync 1 DAGs
[2024-07-25T16:24:35.813+0000] {logging_mixin.py:120} INFO - [2024-07-25T16:24:35.813+0000] {dag.py:3340} INFO - Setting next_dagrun for example_xcom to 2021-01-01T00:00:00+00:00, run_after=2021-01-01T00:00:00+00:00
[2024-07-25T16:24:35.825+0000] {processor.py:176} INFO - Processing /home/airflow/.local/lib/python3.7/site-packages/airflow/example_dags/example_xcom.py took 0.065 seconds
[2024-07-25T16:25:06.574+0000] {processor.py:154} INFO - Started process (PID=1622) to work on /home/airflow/.local/lib/python3.7/site-packages/airflow/example_dags/example_xcom.py
[2024-07-25T16:25:06.575+0000] {processor.py:756} INFO - Processing file /home/airflow/.local/lib/python3.7/site-packages/airflow/example_dags/example_xcom.py for tasks to queue
[2024-07-25T16:25:06.576+0000] {logging_mixin.py:120} INFO - [2024-07-25T16:25:06.575+0000] {dagbag.py:537} INFO - Filling up the DagBag from /home/airflow/.local/lib/python3.7/site-packages/airflow/example_dags/example_xcom.py
[2024-07-25T16:25:06.591+0000] {processor.py:766} INFO - DAG(s) dict_keys(['example_xcom']) retrieved from /home/airflow/.local/lib/python3.7/site-packages/airflow/example_dags/example_xcom.py
[2024-07-25T16:25:06.616+0000] {logging_mixin.py:120} INFO - [2024-07-25T16:25:06.616+0000] {dag.py:2585} INFO - Sync 1 DAGs
[2024-07-25T16:25:06.632+0000] {logging_mixin.py:120} INFO - [2024-07-25T16:25:06.632+0000] {dag.py:3340} INFO - Setting next_dagrun for example_xcom to 2021-01-01T00:00:00+00:00, run_after=2021-01-01T00:00:00+00:00
[2024-07-25T16:25:06.643+0000] {processor.py:176} INFO - Processing /home/airflow/.local/lib/python3.7/site-packages/airflow/example_dags/example_xcom.py took 0.070 seconds
[2024-07-25T16:25:37.442+0000] {processor.py:154} INFO - Started process (PID=1686) to work on /home/airflow/.local/lib/python3.7/site-packages/airflow/example_dags/example_xcom.py
[2024-07-25T16:25:37.443+0000] {processor.py:756} INFO - Processing file /home/airflow/.local/lib/python3.7/site-packages/airflow/example_dags/example_xcom.py for tasks to queue
[2024-07-25T16:25:37.445+0000] {logging_mixin.py:120} INFO - [2024-07-25T16:25:37.445+0000] {dagbag.py:537} INFO - Filling up the DagBag from /home/airflow/.local/lib/python3.7/site-packages/airflow/example_dags/example_xcom.py
[2024-07-25T16:25:37.457+0000] {processor.py:766} INFO - DAG(s) dict_keys(['example_xcom']) retrieved from /home/airflow/.local/lib/python3.7/site-packages/airflow/example_dags/example_xcom.py
[2024-07-25T16:25:37.479+0000] {logging_mixin.py:120} INFO - [2024-07-25T16:25:37.479+0000] {dag.py:2585} INFO - Sync 1 DAGs
[2024-07-25T16:25:37.490+0000] {logging_mixin.py:120} INFO - [2024-07-25T16:25:37.490+0000] {dag.py:3340} INFO - Setting next_dagrun for example_xcom to 2021-01-01T00:00:00+00:00, run_after=2021-01-01T00:00:00+00:00
[2024-07-25T16:25:37.500+0000] {processor.py:176} INFO - Processing /home/airflow/.local/lib/python3.7/site-packages/airflow/example_dags/example_xcom.py took 0.060 seconds
[2024-07-25T16:26:08.517+0000] {processor.py:154} INFO - Started process (PID=1740) to work on /home/airflow/.local/lib/python3.7/site-packages/airflow/example_dags/example_xcom.py
[2024-07-25T16:26:08.519+0000] {processor.py:756} INFO - Processing file /home/airflow/.local/lib/python3.7/site-packages/airflow/example_dags/example_xcom.py for tasks to queue
[2024-07-25T16:26:08.519+0000] {logging_mixin.py:120} INFO - [2024-07-25T16:26:08.519+0000] {dagbag.py:537} INFO - Filling up the DagBag from /home/airflow/.local/lib/python3.7/site-packages/airflow/example_dags/example_xcom.py
[2024-07-25T16:26:08.536+0000] {processor.py:766} INFO - DAG(s) dict_keys(['example_xcom']) retrieved from /home/airflow/.local/lib/python3.7/site-packages/airflow/example_dags/example_xcom.py
[2024-07-25T16:26:08.569+0000] {logging_mixin.py:120} INFO - [2024-07-25T16:26:08.569+0000] {dag.py:2585} INFO - Sync 1 DAGs
[2024-07-25T16:26:08.586+0000] {logging_mixin.py:120} INFO - [2024-07-25T16:26:08.586+0000] {dag.py:3340} INFO - Setting next_dagrun for example_xcom to 2021-01-01T00:00:00+00:00, run_after=2021-01-01T00:00:00+00:00
[2024-07-25T16:26:08.601+0000] {processor.py:176} INFO - Processing /home/airflow/.local/lib/python3.7/site-packages/airflow/example_dags/example_xcom.py took 0.086 seconds
[2024-07-25T16:26:39.044+0000] {processor.py:154} INFO - Started process (PID=1804) to work on /home/airflow/.local/lib/python3.7/site-packages/airflow/example_dags/example_xcom.py
[2024-07-25T16:26:39.045+0000] {processor.py:756} INFO - Processing file /home/airflow/.local/lib/python3.7/site-packages/airflow/example_dags/example_xcom.py for tasks to queue
[2024-07-25T16:26:39.047+0000] {logging_mixin.py:120} INFO - [2024-07-25T16:26:39.047+0000] {dagbag.py:537} INFO - Filling up the DagBag from /home/airflow/.local/lib/python3.7/site-packages/airflow/example_dags/example_xcom.py
[2024-07-25T16:26:39.065+0000] {processor.py:766} INFO - DAG(s) dict_keys(['example_xcom']) retrieved from /home/airflow/.local/lib/python3.7/site-packages/airflow/example_dags/example_xcom.py
[2024-07-25T16:26:39.099+0000] {logging_mixin.py:120} INFO - [2024-07-25T16:26:39.098+0000] {dag.py:2585} INFO - Sync 1 DAGs
[2024-07-25T16:26:39.118+0000] {logging_mixin.py:120} INFO - [2024-07-25T16:26:39.118+0000] {dag.py:3340} INFO - Setting next_dagrun for example_xcom to 2021-01-01T00:00:00+00:00, run_after=2021-01-01T00:00:00+00:00
[2024-07-25T16:26:39.134+0000] {processor.py:176} INFO - Processing /home/airflow/.local/lib/python3.7/site-packages/airflow/example_dags/example_xcom.py took 0.093 seconds
[2024-07-25T16:27:09.191+0000] {processor.py:154} INFO - Started process (PID=1868) to work on /home/airflow/.local/lib/python3.7/site-packages/airflow/example_dags/example_xcom.py
[2024-07-25T16:27:09.192+0000] {processor.py:756} INFO - Processing file /home/airflow/.local/lib/python3.7/site-packages/airflow/example_dags/example_xcom.py for tasks to queue
[2024-07-25T16:27:09.193+0000] {logging_mixin.py:120} INFO - [2024-07-25T16:27:09.193+0000] {dagbag.py:537} INFO - Filling up the DagBag from /home/airflow/.local/lib/python3.7/site-packages/airflow/example_dags/example_xcom.py
[2024-07-25T16:27:09.212+0000] {processor.py:766} INFO - DAG(s) dict_keys(['example_xcom']) retrieved from /home/airflow/.local/lib/python3.7/site-packages/airflow/example_dags/example_xcom.py
[2024-07-25T16:27:09.247+0000] {logging_mixin.py:120} INFO - [2024-07-25T16:27:09.247+0000] {dag.py:2585} INFO - Sync 1 DAGs
[2024-07-25T16:27:09.267+0000] {logging_mixin.py:120} INFO - [2024-07-25T16:27:09.267+0000] {dag.py:3340} INFO - Setting next_dagrun for example_xcom to 2021-01-01T00:00:00+00:00, run_after=2021-01-01T00:00:00+00:00
[2024-07-25T16:27:09.286+0000] {processor.py:176} INFO - Processing /home/airflow/.local/lib/python3.7/site-packages/airflow/example_dags/example_xcom.py took 0.098 seconds
[2024-07-25T16:27:39.429+0000] {processor.py:154} INFO - Started process (PID=1932) to work on /home/airflow/.local/lib/python3.7/site-packages/airflow/example_dags/example_xcom.py
[2024-07-25T16:27:39.430+0000] {processor.py:756} INFO - Processing file /home/airflow/.local/lib/python3.7/site-packages/airflow/example_dags/example_xcom.py for tasks to queue
[2024-07-25T16:27:39.431+0000] {logging_mixin.py:120} INFO - [2024-07-25T16:27:39.431+0000] {dagbag.py:537} INFO - Filling up the DagBag from /home/airflow/.local/lib/python3.7/site-packages/airflow/example_dags/example_xcom.py
[2024-07-25T16:27:39.449+0000] {processor.py:766} INFO - DAG(s) dict_keys(['example_xcom']) retrieved from /home/airflow/.local/lib/python3.7/site-packages/airflow/example_dags/example_xcom.py
[2024-07-25T16:27:39.483+0000] {logging_mixin.py:120} INFO - [2024-07-25T16:27:39.483+0000] {dag.py:2585} INFO - Sync 1 DAGs
[2024-07-25T16:27:39.502+0000] {logging_mixin.py:120} INFO - [2024-07-25T16:27:39.502+0000] {dag.py:3340} INFO - Setting next_dagrun for example_xcom to 2021-01-01T00:00:00+00:00, run_after=2021-01-01T00:00:00+00:00
[2024-07-25T16:27:39.522+0000] {processor.py:176} INFO - Processing /home/airflow/.local/lib/python3.7/site-packages/airflow/example_dags/example_xcom.py took 0.095 seconds
[2024-07-25T16:28:10.036+0000] {processor.py:154} INFO - Started process (PID=1987) to work on /home/airflow/.local/lib/python3.7/site-packages/airflow/example_dags/example_xcom.py
[2024-07-25T16:28:10.037+0000] {processor.py:756} INFO - Processing file /home/airflow/.local/lib/python3.7/site-packages/airflow/example_dags/example_xcom.py for tasks to queue
[2024-07-25T16:28:10.038+0000] {logging_mixin.py:120} INFO - [2024-07-25T16:28:10.038+0000] {dagbag.py:537} INFO - Filling up the DagBag from /home/airflow/.local/lib/python3.7/site-packages/airflow/example_dags/example_xcom.py
[2024-07-25T16:28:10.055+0000] {processor.py:766} INFO - DAG(s) dict_keys(['example_xcom']) retrieved from /home/airflow/.local/lib/python3.7/site-packages/airflow/example_dags/example_xcom.py
[2024-07-25T16:28:10.083+0000] {logging_mixin.py:120} INFO - [2024-07-25T16:28:10.083+0000] {dag.py:2585} INFO - Sync 1 DAGs
[2024-07-25T16:28:10.099+0000] {logging_mixin.py:120} INFO - [2024-07-25T16:28:10.099+0000] {dag.py:3340} INFO - Setting next_dagrun for example_xcom to 2021-01-01T00:00:00+00:00, run_after=2021-01-01T00:00:00+00:00
[2024-07-25T16:28:10.115+0000] {processor.py:176} INFO - Processing /home/airflow/.local/lib/python3.7/site-packages/airflow/example_dags/example_xcom.py took 0.082 seconds
[2024-07-25T16:28:40.477+0000] {processor.py:154} INFO - Started process (PID=2051) to work on /home/airflow/.local/lib/python3.7/site-packages/airflow/example_dags/example_xcom.py
[2024-07-25T16:28:40.478+0000] {processor.py:756} INFO - Processing file /home/airflow/.local/lib/python3.7/site-packages/airflow/example_dags/example_xcom.py for tasks to queue
[2024-07-25T16:28:40.478+0000] {logging_mixin.py:120} INFO - [2024-07-25T16:28:40.478+0000] {dagbag.py:537} INFO - Filling up the DagBag from /home/airflow/.local/lib/python3.7/site-packages/airflow/example_dags/example_xcom.py
[2024-07-25T16:28:40.492+0000] {processor.py:766} INFO - DAG(s) dict_keys(['example_xcom']) retrieved from /home/airflow/.local/lib/python3.7/site-packages/airflow/example_dags/example_xcom.py
[2024-07-25T16:28:40.526+0000] {logging_mixin.py:120} INFO - [2024-07-25T16:28:40.526+0000] {dag.py:2585} INFO - Sync 1 DAGs
[2024-07-25T16:28:40.563+0000] {logging_mixin.py:120} INFO - [2024-07-25T16:28:40.563+0000] {dag.py:3340} INFO - Setting next_dagrun for example_xcom to 2021-01-01T00:00:00+00:00, run_after=2021-01-01T00:00:00+00:00
[2024-07-25T16:28:40.583+0000] {processor.py:176} INFO - Processing /home/airflow/.local/lib/python3.7/site-packages/airflow/example_dags/example_xcom.py took 0.108 seconds
[2024-07-25T16:29:11.409+0000] {processor.py:154} INFO - Started process (PID=2114) to work on /home/airflow/.local/lib/python3.7/site-packages/airflow/example_dags/example_xcom.py
[2024-07-25T16:29:11.410+0000] {processor.py:756} INFO - Processing file /home/airflow/.local/lib/python3.7/site-packages/airflow/example_dags/example_xcom.py for tasks to queue
[2024-07-25T16:29:11.414+0000] {logging_mixin.py:120} INFO - [2024-07-25T16:29:11.414+0000] {dagbag.py:537} INFO - Filling up the DagBag from /home/airflow/.local/lib/python3.7/site-packages/airflow/example_dags/example_xcom.py
[2024-07-25T16:29:11.426+0000] {processor.py:766} INFO - DAG(s) dict_keys(['example_xcom']) retrieved from /home/airflow/.local/lib/python3.7/site-packages/airflow/example_dags/example_xcom.py
[2024-07-25T16:29:11.447+0000] {logging_mixin.py:120} INFO - [2024-07-25T16:29:11.447+0000] {dag.py:2585} INFO - Sync 1 DAGs
[2024-07-25T16:29:11.459+0000] {logging_mixin.py:120} INFO - [2024-07-25T16:29:11.459+0000] {dag.py:3340} INFO - Setting next_dagrun for example_xcom to 2021-01-01T00:00:00+00:00, run_after=2021-01-01T00:00:00+00:00
[2024-07-25T16:29:11.469+0000] {processor.py:176} INFO - Processing /home/airflow/.local/lib/python3.7/site-packages/airflow/example_dags/example_xcom.py took 0.061 seconds
[2024-07-25T16:29:42.033+0000] {processor.py:154} INFO - Started process (PID=2177) to work on /home/airflow/.local/lib/python3.7/site-packages/airflow/example_dags/example_xcom.py
[2024-07-25T16:29:42.034+0000] {processor.py:756} INFO - Processing file /home/airflow/.local/lib/python3.7/site-packages/airflow/example_dags/example_xcom.py for tasks to queue
[2024-07-25T16:29:42.034+0000] {logging_mixin.py:120} INFO - [2024-07-25T16:29:42.034+0000] {dagbag.py:537} INFO - Filling up the DagBag from /home/airflow/.local/lib/python3.7/site-packages/airflow/example_dags/example_xcom.py
[2024-07-25T16:29:42.045+0000] {processor.py:766} INFO - DAG(s) dict_keys(['example_xcom']) retrieved from /home/airflow/.local/lib/python3.7/site-packages/airflow/example_dags/example_xcom.py
[2024-07-25T16:29:42.067+0000] {logging_mixin.py:120} INFO - [2024-07-25T16:29:42.067+0000] {dag.py:2585} INFO - Sync 1 DAGs
[2024-07-25T16:29:42.081+0000] {logging_mixin.py:120} INFO - [2024-07-25T16:29:42.080+0000] {dag.py:3340} INFO - Setting next_dagrun for example_xcom to 2021-01-01T00:00:00+00:00, run_after=2021-01-01T00:00:00+00:00
[2024-07-25T16:29:42.091+0000] {processor.py:176} INFO - Processing /home/airflow/.local/lib/python3.7/site-packages/airflow/example_dags/example_xcom.py took 0.060 seconds
[2024-07-25T16:30:12.785+0000] {processor.py:154} INFO - Started process (PID=2241) to work on /home/airflow/.local/lib/python3.7/site-packages/airflow/example_dags/example_xcom.py
[2024-07-25T16:30:12.786+0000] {processor.py:756} INFO - Processing file /home/airflow/.local/lib/python3.7/site-packages/airflow/example_dags/example_xcom.py for tasks to queue
[2024-07-25T16:30:12.786+0000] {logging_mixin.py:120} INFO - [2024-07-25T16:30:12.786+0000] {dagbag.py:537} INFO - Filling up the DagBag from /home/airflow/.local/lib/python3.7/site-packages/airflow/example_dags/example_xcom.py
[2024-07-25T16:30:12.798+0000] {processor.py:766} INFO - DAG(s) dict_keys(['example_xcom']) retrieved from /home/airflow/.local/lib/python3.7/site-packages/airflow/example_dags/example_xcom.py
[2024-07-25T16:30:12.818+0000] {logging_mixin.py:120} INFO - [2024-07-25T16:30:12.818+0000] {dag.py:2585} INFO - Sync 1 DAGs
[2024-07-25T16:30:12.830+0000] {logging_mixin.py:120} INFO - [2024-07-25T16:30:12.830+0000] {dag.py:3340} INFO - Setting next_dagrun for example_xcom to 2021-01-01T00:00:00+00:00, run_after=2021-01-01T00:00:00+00:00
[2024-07-25T16:30:12.839+0000] {processor.py:176} INFO - Processing /home/airflow/.local/lib/python3.7/site-packages/airflow/example_dags/example_xcom.py took 0.056 seconds
[2024-07-25T16:30:43.365+0000] {processor.py:154} INFO - Started process (PID=2305) to work on /home/airflow/.local/lib/python3.7/site-packages/airflow/example_dags/example_xcom.py
[2024-07-25T16:30:43.369+0000] {processor.py:756} INFO - Processing file /home/airflow/.local/lib/python3.7/site-packages/airflow/example_dags/example_xcom.py for tasks to queue
[2024-07-25T16:30:43.369+0000] {logging_mixin.py:120} INFO - [2024-07-25T16:30:43.369+0000] {dagbag.py:537} INFO - Filling up the DagBag from /home/airflow/.local/lib/python3.7/site-packages/airflow/example_dags/example_xcom.py
[2024-07-25T16:30:43.381+0000] {processor.py:766} INFO - DAG(s) dict_keys(['example_xcom']) retrieved from /home/airflow/.local/lib/python3.7/site-packages/airflow/example_dags/example_xcom.py
[2024-07-25T16:30:43.402+0000] {logging_mixin.py:120} INFO - [2024-07-25T16:30:43.402+0000] {dag.py:2585} INFO - Sync 1 DAGs
[2024-07-25T16:30:43.415+0000] {logging_mixin.py:120} INFO - [2024-07-25T16:30:43.414+0000] {dag.py:3340} INFO - Setting next_dagrun for example_xcom to 2021-01-01T00:00:00+00:00, run_after=2021-01-01T00:00:00+00:00
[2024-07-25T16:30:43.424+0000] {processor.py:176} INFO - Processing /home/airflow/.local/lib/python3.7/site-packages/airflow/example_dags/example_xcom.py took 0.061 seconds
[2024-07-25T16:31:14.052+0000] {processor.py:154} INFO - Started process (PID=2369) to work on /home/airflow/.local/lib/python3.7/site-packages/airflow/example_dags/example_xcom.py
[2024-07-25T16:31:14.052+0000] {processor.py:756} INFO - Processing file /home/airflow/.local/lib/python3.7/site-packages/airflow/example_dags/example_xcom.py for tasks to queue
[2024-07-25T16:31:14.053+0000] {logging_mixin.py:120} INFO - [2024-07-25T16:31:14.053+0000] {dagbag.py:537} INFO - Filling up the DagBag from /home/airflow/.local/lib/python3.7/site-packages/airflow/example_dags/example_xcom.py
[2024-07-25T16:31:14.065+0000] {processor.py:766} INFO - DAG(s) dict_keys(['example_xcom']) retrieved from /home/airflow/.local/lib/python3.7/site-packages/airflow/example_dags/example_xcom.py
[2024-07-25T16:31:14.085+0000] {logging_mixin.py:120} INFO - [2024-07-25T16:31:14.085+0000] {dag.py:2585} INFO - Sync 1 DAGs
[2024-07-25T16:31:14.098+0000] {logging_mixin.py:120} INFO - [2024-07-25T16:31:14.097+0000] {dag.py:3340} INFO - Setting next_dagrun for example_xcom to 2021-01-01T00:00:00+00:00, run_after=2021-01-01T00:00:00+00:00
[2024-07-25T16:31:14.110+0000] {processor.py:176} INFO - Processing /home/airflow/.local/lib/python3.7/site-packages/airflow/example_dags/example_xcom.py took 0.060 seconds
[2024-07-25T16:40:52.559+0000] {processor.py:154} INFO - Started process (PID=2430) to work on /home/airflow/.local/lib/python3.7/site-packages/airflow/example_dags/example_xcom.py
[2024-07-25T16:40:52.561+0000] {processor.py:756} INFO - Processing file /home/airflow/.local/lib/python3.7/site-packages/airflow/example_dags/example_xcom.py for tasks to queue
[2024-07-25T16:40:52.562+0000] {logging_mixin.py:120} INFO - [2024-07-25T16:40:52.561+0000] {dagbag.py:537} INFO - Filling up the DagBag from /home/airflow/.local/lib/python3.7/site-packages/airflow/example_dags/example_xcom.py
[2024-07-25T16:40:52.578+0000] {processor.py:766} INFO - DAG(s) dict_keys(['example_xcom']) retrieved from /home/airflow/.local/lib/python3.7/site-packages/airflow/example_dags/example_xcom.py
[2024-07-25T16:40:52.606+0000] {logging_mixin.py:120} INFO - [2024-07-25T16:40:52.606+0000] {dag.py:2585} INFO - Sync 1 DAGs
[2024-07-25T16:40:52.621+0000] {logging_mixin.py:120} INFO - [2024-07-25T16:40:52.621+0000] {dag.py:3340} INFO - Setting next_dagrun for example_xcom to 2021-01-01T00:00:00+00:00, run_after=2021-01-01T00:00:00+00:00
[2024-07-25T16:40:52.644+0000] {processor.py:176} INFO - Processing /home/airflow/.local/lib/python3.7/site-packages/airflow/example_dags/example_xcom.py took 0.087 seconds
[2024-07-25T16:41:34.979+0000] {processor.py:154} INFO - Started process (PID=2494) to work on /home/airflow/.local/lib/python3.7/site-packages/airflow/example_dags/example_xcom.py
[2024-07-25T16:41:34.981+0000] {processor.py:756} INFO - Processing file /home/airflow/.local/lib/python3.7/site-packages/airflow/example_dags/example_xcom.py for tasks to queue
[2024-07-25T16:41:34.981+0000] {logging_mixin.py:120} INFO - [2024-07-25T16:41:34.981+0000] {dagbag.py:537} INFO - Filling up the DagBag from /home/airflow/.local/lib/python3.7/site-packages/airflow/example_dags/example_xcom.py
[2024-07-25T16:41:34.993+0000] {processor.py:766} INFO - DAG(s) dict_keys(['example_xcom']) retrieved from /home/airflow/.local/lib/python3.7/site-packages/airflow/example_dags/example_xcom.py
[2024-07-25T16:41:35.020+0000] {logging_mixin.py:120} INFO - [2024-07-25T16:41:35.020+0000] {dag.py:2585} INFO - Sync 1 DAGs
[2024-07-25T16:41:35.033+0000] {logging_mixin.py:120} INFO - [2024-07-25T16:41:35.032+0000] {dag.py:3340} INFO - Setting next_dagrun for example_xcom to 2021-01-01T00:00:00+00:00, run_after=2021-01-01T00:00:00+00:00
[2024-07-25T16:41:35.050+0000] {processor.py:176} INFO - Processing /home/airflow/.local/lib/python3.7/site-packages/airflow/example_dags/example_xcom.py took 0.073 seconds
[2024-07-25T16:42:06.099+0000] {processor.py:154} INFO - Started process (PID=2558) to work on /home/airflow/.local/lib/python3.7/site-packages/airflow/example_dags/example_xcom.py
[2024-07-25T16:42:06.100+0000] {processor.py:756} INFO - Processing file /home/airflow/.local/lib/python3.7/site-packages/airflow/example_dags/example_xcom.py for tasks to queue
[2024-07-25T16:42:06.100+0000] {logging_mixin.py:120} INFO - [2024-07-25T16:42:06.100+0000] {dagbag.py:537} INFO - Filling up the DagBag from /home/airflow/.local/lib/python3.7/site-packages/airflow/example_dags/example_xcom.py
[2024-07-25T16:42:06.111+0000] {processor.py:766} INFO - DAG(s) dict_keys(['example_xcom']) retrieved from /home/airflow/.local/lib/python3.7/site-packages/airflow/example_dags/example_xcom.py
[2024-07-25T16:42:06.131+0000] {logging_mixin.py:120} INFO - [2024-07-25T16:42:06.131+0000] {dag.py:2585} INFO - Sync 1 DAGs
[2024-07-25T16:42:06.142+0000] {logging_mixin.py:120} INFO - [2024-07-25T16:42:06.142+0000] {dag.py:3340} INFO - Setting next_dagrun for example_xcom to 2021-01-01T00:00:00+00:00, run_after=2021-01-01T00:00:00+00:00
[2024-07-25T16:42:06.151+0000] {processor.py:176} INFO - Processing /home/airflow/.local/lib/python3.7/site-packages/airflow/example_dags/example_xcom.py took 0.054 seconds
[2024-07-25T16:52:18.254+0000] {processor.py:154} INFO - Started process (PID=2622) to work on /home/airflow/.local/lib/python3.7/site-packages/airflow/example_dags/example_xcom.py
[2024-07-25T16:52:18.257+0000] {processor.py:756} INFO - Processing file /home/airflow/.local/lib/python3.7/site-packages/airflow/example_dags/example_xcom.py for tasks to queue
[2024-07-25T16:52:18.258+0000] {logging_mixin.py:120} INFO - [2024-07-25T16:52:18.257+0000] {dagbag.py:537} INFO - Filling up the DagBag from /home/airflow/.local/lib/python3.7/site-packages/airflow/example_dags/example_xcom.py
[2024-07-25T16:52:18.280+0000] {processor.py:766} INFO - DAG(s) dict_keys(['example_xcom']) retrieved from /home/airflow/.local/lib/python3.7/site-packages/airflow/example_dags/example_xcom.py
[2024-07-25T16:52:18.322+0000] {logging_mixin.py:120} INFO - [2024-07-25T16:52:18.322+0000] {dag.py:2585} INFO - Sync 1 DAGs
[2024-07-25T16:52:18.345+0000] {logging_mixin.py:120} INFO - [2024-07-25T16:52:18.345+0000] {dag.py:3340} INFO - Setting next_dagrun for example_xcom to 2021-01-01T00:00:00+00:00, run_after=2021-01-01T00:00:00+00:00
[2024-07-25T16:52:18.363+0000] {processor.py:176} INFO - Processing /home/airflow/.local/lib/python3.7/site-packages/airflow/example_dags/example_xcom.py took 0.113 seconds
[2024-07-25T16:52:48.514+0000] {processor.py:154} INFO - Started process (PID=2677) to work on /home/airflow/.local/lib/python3.7/site-packages/airflow/example_dags/example_xcom.py
[2024-07-25T16:52:48.516+0000] {processor.py:756} INFO - Processing file /home/airflow/.local/lib/python3.7/site-packages/airflow/example_dags/example_xcom.py for tasks to queue
[2024-07-25T16:52:48.517+0000] {logging_mixin.py:120} INFO - [2024-07-25T16:52:48.517+0000] {dagbag.py:537} INFO - Filling up the DagBag from /home/airflow/.local/lib/python3.7/site-packages/airflow/example_dags/example_xcom.py
[2024-07-25T16:52:48.533+0000] {processor.py:766} INFO - DAG(s) dict_keys(['example_xcom']) retrieved from /home/airflow/.local/lib/python3.7/site-packages/airflow/example_dags/example_xcom.py
[2024-07-25T16:52:48.565+0000] {logging_mixin.py:120} INFO - [2024-07-25T16:52:48.565+0000] {dag.py:2585} INFO - Sync 1 DAGs
[2024-07-25T16:52:48.581+0000] {logging_mixin.py:120} INFO - [2024-07-25T16:52:48.581+0000] {dag.py:3340} INFO - Setting next_dagrun for example_xcom to 2021-01-01T00:00:00+00:00, run_after=2021-01-01T00:00:00+00:00
[2024-07-25T16:52:48.595+0000] {processor.py:176} INFO - Processing /home/airflow/.local/lib/python3.7/site-packages/airflow/example_dags/example_xcom.py took 0.082 seconds
[2024-07-25T16:53:19.729+0000] {processor.py:154} INFO - Started process (PID=2741) to work on /home/airflow/.local/lib/python3.7/site-packages/airflow/example_dags/example_xcom.py
[2024-07-25T16:53:19.730+0000] {processor.py:756} INFO - Processing file /home/airflow/.local/lib/python3.7/site-packages/airflow/example_dags/example_xcom.py for tasks to queue
[2024-07-25T16:53:19.732+0000] {logging_mixin.py:120} INFO - [2024-07-25T16:53:19.732+0000] {dagbag.py:537} INFO - Filling up the DagBag from /home/airflow/.local/lib/python3.7/site-packages/airflow/example_dags/example_xcom.py
[2024-07-25T16:53:19.764+0000] {processor.py:766} INFO - DAG(s) dict_keys(['example_xcom']) retrieved from /home/airflow/.local/lib/python3.7/site-packages/airflow/example_dags/example_xcom.py
[2024-07-25T16:53:19.785+0000] {logging_mixin.py:120} INFO - [2024-07-25T16:53:19.785+0000] {dag.py:2585} INFO - Sync 1 DAGs
[2024-07-25T16:53:19.800+0000] {logging_mixin.py:120} INFO - [2024-07-25T16:53:19.800+0000] {dag.py:3340} INFO - Setting next_dagrun for example_xcom to 2021-01-01T00:00:00+00:00, run_after=2021-01-01T00:00:00+00:00
[2024-07-25T16:53:19.818+0000] {processor.py:176} INFO - Processing /home/airflow/.local/lib/python3.7/site-packages/airflow/example_dags/example_xcom.py took 0.092 seconds
[2024-07-25T16:53:50.685+0000] {processor.py:154} INFO - Started process (PID=2804) to work on /home/airflow/.local/lib/python3.7/site-packages/airflow/example_dags/example_xcom.py
[2024-07-25T16:53:50.688+0000] {processor.py:756} INFO - Processing file /home/airflow/.local/lib/python3.7/site-packages/airflow/example_dags/example_xcom.py for tasks to queue
[2024-07-25T16:53:50.688+0000] {logging_mixin.py:120} INFO - [2024-07-25T16:53:50.688+0000] {dagbag.py:537} INFO - Filling up the DagBag from /home/airflow/.local/lib/python3.7/site-packages/airflow/example_dags/example_xcom.py
[2024-07-25T16:53:50.700+0000] {processor.py:766} INFO - DAG(s) dict_keys(['example_xcom']) retrieved from /home/airflow/.local/lib/python3.7/site-packages/airflow/example_dags/example_xcom.py
[2024-07-25T16:53:50.729+0000] {logging_mixin.py:120} INFO - [2024-07-25T16:53:50.729+0000] {dag.py:2585} INFO - Sync 1 DAGs
[2024-07-25T16:53:50.743+0000] {logging_mixin.py:120} INFO - [2024-07-25T16:53:50.743+0000] {dag.py:3340} INFO - Setting next_dagrun for example_xcom to 2021-01-01T00:00:00+00:00, run_after=2021-01-01T00:00:00+00:00
[2024-07-25T16:53:50.764+0000] {processor.py:176} INFO - Processing /home/airflow/.local/lib/python3.7/site-packages/airflow/example_dags/example_xcom.py took 0.081 seconds
[2024-07-25T16:54:21.787+0000] {processor.py:154} INFO - Started process (PID=2868) to work on /home/airflow/.local/lib/python3.7/site-packages/airflow/example_dags/example_xcom.py
[2024-07-25T16:54:21.789+0000] {processor.py:756} INFO - Processing file /home/airflow/.local/lib/python3.7/site-packages/airflow/example_dags/example_xcom.py for tasks to queue
[2024-07-25T16:54:21.791+0000] {logging_mixin.py:120} INFO - [2024-07-25T16:54:21.791+0000] {dagbag.py:537} INFO - Filling up the DagBag from /home/airflow/.local/lib/python3.7/site-packages/airflow/example_dags/example_xcom.py
[2024-07-25T16:54:21.805+0000] {processor.py:766} INFO - DAG(s) dict_keys(['example_xcom']) retrieved from /home/airflow/.local/lib/python3.7/site-packages/airflow/example_dags/example_xcom.py
[2024-07-25T16:54:21.831+0000] {logging_mixin.py:120} INFO - [2024-07-25T16:54:21.831+0000] {dag.py:2585} INFO - Sync 1 DAGs
[2024-07-25T16:54:21.845+0000] {logging_mixin.py:120} INFO - [2024-07-25T16:54:21.845+0000] {dag.py:3340} INFO - Setting next_dagrun for example_xcom to 2021-01-01T00:00:00+00:00, run_after=2021-01-01T00:00:00+00:00
[2024-07-25T16:54:21.860+0000] {processor.py:176} INFO - Processing /home/airflow/.local/lib/python3.7/site-packages/airflow/example_dags/example_xcom.py took 0.075 seconds
[2024-07-25T16:54:52.743+0000] {processor.py:154} INFO - Started process (PID=2932) to work on /home/airflow/.local/lib/python3.7/site-packages/airflow/example_dags/example_xcom.py
[2024-07-25T16:54:52.744+0000] {processor.py:756} INFO - Processing file /home/airflow/.local/lib/python3.7/site-packages/airflow/example_dags/example_xcom.py for tasks to queue
[2024-07-25T16:54:52.745+0000] {logging_mixin.py:120} INFO - [2024-07-25T16:54:52.744+0000] {dagbag.py:537} INFO - Filling up the DagBag from /home/airflow/.local/lib/python3.7/site-packages/airflow/example_dags/example_xcom.py
[2024-07-25T16:54:52.758+0000] {processor.py:766} INFO - DAG(s) dict_keys(['example_xcom']) retrieved from /home/airflow/.local/lib/python3.7/site-packages/airflow/example_dags/example_xcom.py
[2024-07-25T16:54:52.781+0000] {logging_mixin.py:120} INFO - [2024-07-25T16:54:52.781+0000] {dag.py:2585} INFO - Sync 1 DAGs
[2024-07-25T16:54:52.798+0000] {logging_mixin.py:120} INFO - [2024-07-25T16:54:52.798+0000] {dag.py:3340} INFO - Setting next_dagrun for example_xcom to 2021-01-01T00:00:00+00:00, run_after=2021-01-01T00:00:00+00:00
[2024-07-25T16:54:52.812+0000] {processor.py:176} INFO - Processing /home/airflow/.local/lib/python3.7/site-packages/airflow/example_dags/example_xcom.py took 0.071 seconds
[2024-07-25T16:55:23.625+0000] {processor.py:154} INFO - Started process (PID=2995) to work on /home/airflow/.local/lib/python3.7/site-packages/airflow/example_dags/example_xcom.py
[2024-07-25T16:55:23.626+0000] {processor.py:756} INFO - Processing file /home/airflow/.local/lib/python3.7/site-packages/airflow/example_dags/example_xcom.py for tasks to queue
[2024-07-25T16:55:23.626+0000] {logging_mixin.py:120} INFO - [2024-07-25T16:55:23.626+0000] {dagbag.py:537} INFO - Filling up the DagBag from /home/airflow/.local/lib/python3.7/site-packages/airflow/example_dags/example_xcom.py
[2024-07-25T16:55:23.640+0000] {processor.py:766} INFO - DAG(s) dict_keys(['example_xcom']) retrieved from /home/airflow/.local/lib/python3.7/site-packages/airflow/example_dags/example_xcom.py
[2024-07-25T16:55:23.672+0000] {logging_mixin.py:120} INFO - [2024-07-25T16:55:23.672+0000] {dag.py:2585} INFO - Sync 1 DAGs
[2024-07-25T16:55:23.686+0000] {logging_mixin.py:120} INFO - [2024-07-25T16:55:23.686+0000] {dag.py:3340} INFO - Setting next_dagrun for example_xcom to 2021-01-01T00:00:00+00:00, run_after=2021-01-01T00:00:00+00:00
[2024-07-25T16:55:23.701+0000] {processor.py:176} INFO - Processing /home/airflow/.local/lib/python3.7/site-packages/airflow/example_dags/example_xcom.py took 0.078 seconds
[2024-07-25T16:55:54.934+0000] {processor.py:154} INFO - Started process (PID=3059) to work on /home/airflow/.local/lib/python3.7/site-packages/airflow/example_dags/example_xcom.py
[2024-07-25T16:55:54.935+0000] {processor.py:756} INFO - Processing file /home/airflow/.local/lib/python3.7/site-packages/airflow/example_dags/example_xcom.py for tasks to queue
[2024-07-25T16:55:54.936+0000] {logging_mixin.py:120} INFO - [2024-07-25T16:55:54.936+0000] {dagbag.py:537} INFO - Filling up the DagBag from /home/airflow/.local/lib/python3.7/site-packages/airflow/example_dags/example_xcom.py
[2024-07-25T16:55:54.951+0000] {processor.py:766} INFO - DAG(s) dict_keys(['example_xcom']) retrieved from /home/airflow/.local/lib/python3.7/site-packages/airflow/example_dags/example_xcom.py
[2024-07-25T16:55:54.978+0000] {logging_mixin.py:120} INFO - [2024-07-25T16:55:54.977+0000] {dag.py:2585} INFO - Sync 1 DAGs
[2024-07-25T16:55:54.993+0000] {logging_mixin.py:120} INFO - [2024-07-25T16:55:54.993+0000] {dag.py:3340} INFO - Setting next_dagrun for example_xcom to 2021-01-01T00:00:00+00:00, run_after=2021-01-01T00:00:00+00:00
[2024-07-25T16:55:55.006+0000] {processor.py:176} INFO - Processing /home/airflow/.local/lib/python3.7/site-packages/airflow/example_dags/example_xcom.py took 0.074 seconds
[2024-07-25T16:56:25.877+0000] {processor.py:154} INFO - Started process (PID=3123) to work on /home/airflow/.local/lib/python3.7/site-packages/airflow/example_dags/example_xcom.py
[2024-07-25T16:56:25.878+0000] {processor.py:756} INFO - Processing file /home/airflow/.local/lib/python3.7/site-packages/airflow/example_dags/example_xcom.py for tasks to queue
[2024-07-25T16:56:25.879+0000] {logging_mixin.py:120} INFO - [2024-07-25T16:56:25.879+0000] {dagbag.py:537} INFO - Filling up the DagBag from /home/airflow/.local/lib/python3.7/site-packages/airflow/example_dags/example_xcom.py
[2024-07-25T16:56:25.894+0000] {processor.py:766} INFO - DAG(s) dict_keys(['example_xcom']) retrieved from /home/airflow/.local/lib/python3.7/site-packages/airflow/example_dags/example_xcom.py
[2024-07-25T16:56:25.916+0000] {logging_mixin.py:120} INFO - [2024-07-25T16:56:25.916+0000] {dag.py:2585} INFO - Sync 1 DAGs
[2024-07-25T16:56:25.931+0000] {logging_mixin.py:120} INFO - [2024-07-25T16:56:25.931+0000] {dag.py:3340} INFO - Setting next_dagrun for example_xcom to 2021-01-01T00:00:00+00:00, run_after=2021-01-01T00:00:00+00:00
[2024-07-25T16:56:25.942+0000] {processor.py:176} INFO - Processing /home/airflow/.local/lib/python3.7/site-packages/airflow/example_dags/example_xcom.py took 0.067 seconds
[2024-07-25T16:56:56.678+0000] {processor.py:154} INFO - Started process (PID=3187) to work on /home/airflow/.local/lib/python3.7/site-packages/airflow/example_dags/example_xcom.py
[2024-07-25T16:56:56.679+0000] {processor.py:756} INFO - Processing file /home/airflow/.local/lib/python3.7/site-packages/airflow/example_dags/example_xcom.py for tasks to queue
[2024-07-25T16:56:56.680+0000] {logging_mixin.py:120} INFO - [2024-07-25T16:56:56.680+0000] {dagbag.py:537} INFO - Filling up the DagBag from /home/airflow/.local/lib/python3.7/site-packages/airflow/example_dags/example_xcom.py
[2024-07-25T16:56:56.692+0000] {processor.py:766} INFO - DAG(s) dict_keys(['example_xcom']) retrieved from /home/airflow/.local/lib/python3.7/site-packages/airflow/example_dags/example_xcom.py
[2024-07-25T16:56:56.721+0000] {logging_mixin.py:120} INFO - [2024-07-25T16:56:56.721+0000] {dag.py:2585} INFO - Sync 1 DAGs
[2024-07-25T16:56:56.736+0000] {logging_mixin.py:120} INFO - [2024-07-25T16:56:56.736+0000] {dag.py:3340} INFO - Setting next_dagrun for example_xcom to 2021-01-01T00:00:00+00:00, run_after=2021-01-01T00:00:00+00:00
[2024-07-25T16:56:56.751+0000] {processor.py:176} INFO - Processing /home/airflow/.local/lib/python3.7/site-packages/airflow/example_dags/example_xcom.py took 0.075 seconds
[2024-07-25T16:57:27.529+0000] {processor.py:154} INFO - Started process (PID=3250) to work on /home/airflow/.local/lib/python3.7/site-packages/airflow/example_dags/example_xcom.py
[2024-07-25T16:57:27.530+0000] {processor.py:756} INFO - Processing file /home/airflow/.local/lib/python3.7/site-packages/airflow/example_dags/example_xcom.py for tasks to queue
[2024-07-25T16:57:27.534+0000] {logging_mixin.py:120} INFO - [2024-07-25T16:57:27.534+0000] {dagbag.py:537} INFO - Filling up the DagBag from /home/airflow/.local/lib/python3.7/site-packages/airflow/example_dags/example_xcom.py
[2024-07-25T16:57:27.547+0000] {processor.py:766} INFO - DAG(s) dict_keys(['example_xcom']) retrieved from /home/airflow/.local/lib/python3.7/site-packages/airflow/example_dags/example_xcom.py
[2024-07-25T16:57:27.578+0000] {logging_mixin.py:120} INFO - [2024-07-25T16:57:27.578+0000] {dag.py:2585} INFO - Sync 1 DAGs
[2024-07-25T16:57:27.594+0000] {logging_mixin.py:120} INFO - [2024-07-25T16:57:27.594+0000] {dag.py:3340} INFO - Setting next_dagrun for example_xcom to 2021-01-01T00:00:00+00:00, run_after=2021-01-01T00:00:00+00:00
[2024-07-25T16:57:27.612+0000] {processor.py:176} INFO - Processing /home/airflow/.local/lib/python3.7/site-packages/airflow/example_dags/example_xcom.py took 0.085 seconds
[2024-07-25T16:57:58.348+0000] {processor.py:154} INFO - Started process (PID=3305) to work on /home/airflow/.local/lib/python3.7/site-packages/airflow/example_dags/example_xcom.py
[2024-07-25T16:57:58.349+0000] {processor.py:756} INFO - Processing file /home/airflow/.local/lib/python3.7/site-packages/airflow/example_dags/example_xcom.py for tasks to queue
[2024-07-25T16:57:58.349+0000] {logging_mixin.py:120} INFO - [2024-07-25T16:57:58.349+0000] {dagbag.py:537} INFO - Filling up the DagBag from /home/airflow/.local/lib/python3.7/site-packages/airflow/example_dags/example_xcom.py
[2024-07-25T16:57:58.363+0000] {processor.py:766} INFO - DAG(s) dict_keys(['example_xcom']) retrieved from /home/airflow/.local/lib/python3.7/site-packages/airflow/example_dags/example_xcom.py
[2024-07-25T16:57:58.389+0000] {logging_mixin.py:120} INFO - [2024-07-25T16:57:58.389+0000] {dag.py:2585} INFO - Sync 1 DAGs
[2024-07-25T16:57:58.402+0000] {logging_mixin.py:120} INFO - [2024-07-25T16:57:58.401+0000] {dag.py:3340} INFO - Setting next_dagrun for example_xcom to 2021-01-01T00:00:00+00:00, run_after=2021-01-01T00:00:00+00:00
[2024-07-25T16:57:58.416+0000] {processor.py:176} INFO - Processing /home/airflow/.local/lib/python3.7/site-packages/airflow/example_dags/example_xcom.py took 0.069 seconds
[2024-07-25T16:58:29.221+0000] {processor.py:154} INFO - Started process (PID=3368) to work on /home/airflow/.local/lib/python3.7/site-packages/airflow/example_dags/example_xcom.py
[2024-07-25T16:58:29.222+0000] {processor.py:756} INFO - Processing file /home/airflow/.local/lib/python3.7/site-packages/airflow/example_dags/example_xcom.py for tasks to queue
[2024-07-25T16:58:29.222+0000] {logging_mixin.py:120} INFO - [2024-07-25T16:58:29.222+0000] {dagbag.py:537} INFO - Filling up the DagBag from /home/airflow/.local/lib/python3.7/site-packages/airflow/example_dags/example_xcom.py
[2024-07-25T16:58:29.235+0000] {processor.py:766} INFO - DAG(s) dict_keys(['example_xcom']) retrieved from /home/airflow/.local/lib/python3.7/site-packages/airflow/example_dags/example_xcom.py
[2024-07-25T16:58:29.258+0000] {logging_mixin.py:120} INFO - [2024-07-25T16:58:29.258+0000] {dag.py:2585} INFO - Sync 1 DAGs
[2024-07-25T16:58:29.272+0000] {logging_mixin.py:120} INFO - [2024-07-25T16:58:29.272+0000] {dag.py:3340} INFO - Setting next_dagrun for example_xcom to 2021-01-01T00:00:00+00:00, run_after=2021-01-01T00:00:00+00:00
[2024-07-25T16:58:29.290+0000] {processor.py:176} INFO - Processing /home/airflow/.local/lib/python3.7/site-packages/airflow/example_dags/example_xcom.py took 0.070 seconds
[2024-07-25T16:59:00.108+0000] {processor.py:154} INFO - Started process (PID=3432) to work on /home/airflow/.local/lib/python3.7/site-packages/airflow/example_dags/example_xcom.py
[2024-07-25T16:59:00.108+0000] {processor.py:756} INFO - Processing file /home/airflow/.local/lib/python3.7/site-packages/airflow/example_dags/example_xcom.py for tasks to queue
[2024-07-25T16:59:00.109+0000] {logging_mixin.py:120} INFO - [2024-07-25T16:59:00.109+0000] {dagbag.py:537} INFO - Filling up the DagBag from /home/airflow/.local/lib/python3.7/site-packages/airflow/example_dags/example_xcom.py
[2024-07-25T16:59:00.121+0000] {processor.py:766} INFO - DAG(s) dict_keys(['example_xcom']) retrieved from /home/airflow/.local/lib/python3.7/site-packages/airflow/example_dags/example_xcom.py
[2024-07-25T16:59:00.147+0000] {logging_mixin.py:120} INFO - [2024-07-25T16:59:00.147+0000] {dag.py:2585} INFO - Sync 1 DAGs
[2024-07-25T16:59:00.160+0000] {logging_mixin.py:120} INFO - [2024-07-25T16:59:00.160+0000] {dag.py:3340} INFO - Setting next_dagrun for example_xcom to 2021-01-01T00:00:00+00:00, run_after=2021-01-01T00:00:00+00:00
[2024-07-25T16:59:00.175+0000] {processor.py:176} INFO - Processing /home/airflow/.local/lib/python3.7/site-packages/airflow/example_dags/example_xcom.py took 0.069 seconds
[2024-07-25T16:59:30.294+0000] {processor.py:154} INFO - Started process (PID=3485) to work on /home/airflow/.local/lib/python3.7/site-packages/airflow/example_dags/example_xcom.py
[2024-07-25T16:59:30.298+0000] {processor.py:756} INFO - Processing file /home/airflow/.local/lib/python3.7/site-packages/airflow/example_dags/example_xcom.py for tasks to queue
[2024-07-25T16:59:30.298+0000] {logging_mixin.py:120} INFO - [2024-07-25T16:59:30.298+0000] {dagbag.py:537} INFO - Filling up the DagBag from /home/airflow/.local/lib/python3.7/site-packages/airflow/example_dags/example_xcom.py
[2024-07-25T16:59:30.312+0000] {processor.py:766} INFO - DAG(s) dict_keys(['example_xcom']) retrieved from /home/airflow/.local/lib/python3.7/site-packages/airflow/example_dags/example_xcom.py
[2024-07-25T16:59:30.338+0000] {logging_mixin.py:120} INFO - [2024-07-25T16:59:30.338+0000] {dag.py:2585} INFO - Sync 1 DAGs
[2024-07-25T16:59:30.356+0000] {logging_mixin.py:120} INFO - [2024-07-25T16:59:30.356+0000] {dag.py:3340} INFO - Setting next_dagrun for example_xcom to 2021-01-01T00:00:00+00:00, run_after=2021-01-01T00:00:00+00:00
[2024-07-25T16:59:30.375+0000] {processor.py:176} INFO - Processing /home/airflow/.local/lib/python3.7/site-packages/airflow/example_dags/example_xcom.py took 0.083 seconds
[2024-07-25T17:36:23.861+0000] {processor.py:154} INFO - Started process (PID=3549) to work on /home/airflow/.local/lib/python3.7/site-packages/airflow/example_dags/example_xcom.py
[2024-07-25T17:36:23.862+0000] {processor.py:756} INFO - Processing file /home/airflow/.local/lib/python3.7/site-packages/airflow/example_dags/example_xcom.py for tasks to queue
[2024-07-25T17:36:23.863+0000] {logging_mixin.py:120} INFO - [2024-07-25T17:36:23.863+0000] {dagbag.py:537} INFO - Filling up the DagBag from /home/airflow/.local/lib/python3.7/site-packages/airflow/example_dags/example_xcom.py
[2024-07-25T17:36:23.875+0000] {processor.py:766} INFO - DAG(s) dict_keys(['example_xcom']) retrieved from /home/airflow/.local/lib/python3.7/site-packages/airflow/example_dags/example_xcom.py
[2024-07-25T17:36:23.908+0000] {logging_mixin.py:120} INFO - [2024-07-25T17:36:23.908+0000] {dag.py:2585} INFO - Sync 1 DAGs
[2024-07-25T17:36:23.924+0000] {logging_mixin.py:120} INFO - [2024-07-25T17:36:23.924+0000] {dag.py:3340} INFO - Setting next_dagrun for example_xcom to 2021-01-01T00:00:00+00:00, run_after=2021-01-01T00:00:00+00:00
[2024-07-25T17:36:23.944+0000] {processor.py:176} INFO - Processing /home/airflow/.local/lib/python3.7/site-packages/airflow/example_dags/example_xcom.py took 0.085 seconds
[2024-07-25T18:03:43.501+0000] {processor.py:154} INFO - Started process (PID=3613) to work on /home/airflow/.local/lib/python3.7/site-packages/airflow/example_dags/example_xcom.py
[2024-07-25T18:03:43.505+0000] {processor.py:756} INFO - Processing file /home/airflow/.local/lib/python3.7/site-packages/airflow/example_dags/example_xcom.py for tasks to queue
[2024-07-25T18:03:43.531+0000] {logging_mixin.py:120} INFO - [2024-07-25T18:03:43.531+0000] {dagbag.py:537} INFO - Filling up the DagBag from /home/airflow/.local/lib/python3.7/site-packages/airflow/example_dags/example_xcom.py
[2024-07-25T18:03:43.576+0000] {processor.py:766} INFO - DAG(s) dict_keys(['example_xcom']) retrieved from /home/airflow/.local/lib/python3.7/site-packages/airflow/example_dags/example_xcom.py
[2024-07-25T18:03:43.951+0000] {logging_mixin.py:120} INFO - [2024-07-25T18:03:43.950+0000] {dag.py:2585} INFO - Sync 1 DAGs
[2024-07-25T18:03:43.978+0000] {logging_mixin.py:120} INFO - [2024-07-25T18:03:43.978+0000] {dag.py:3340} INFO - Setting next_dagrun for example_xcom to 2021-01-01T00:00:00+00:00, run_after=2021-01-01T00:00:00+00:00
[2024-07-25T18:03:44.027+0000] {processor.py:176} INFO - Processing /home/airflow/.local/lib/python3.7/site-packages/airflow/example_dags/example_xcom.py took 0.542 seconds
[2024-07-25T18:31:48.016+0000] {processor.py:154} INFO - Started process (PID=3668) to work on /home/airflow/.local/lib/python3.7/site-packages/airflow/example_dags/example_xcom.py
[2024-07-25T18:31:48.017+0000] {processor.py:756} INFO - Processing file /home/airflow/.local/lib/python3.7/site-packages/airflow/example_dags/example_xcom.py for tasks to queue
[2024-07-25T18:31:48.017+0000] {logging_mixin.py:120} INFO - [2024-07-25T18:31:48.017+0000] {dagbag.py:537} INFO - Filling up the DagBag from /home/airflow/.local/lib/python3.7/site-packages/airflow/example_dags/example_xcom.py
[2024-07-25T18:31:48.030+0000] {processor.py:766} INFO - DAG(s) dict_keys(['example_xcom']) retrieved from /home/airflow/.local/lib/python3.7/site-packages/airflow/example_dags/example_xcom.py
[2024-07-25T18:31:48.059+0000] {logging_mixin.py:120} INFO - [2024-07-25T18:31:48.059+0000] {dag.py:2585} INFO - Sync 1 DAGs
[2024-07-25T18:31:48.073+0000] {logging_mixin.py:120} INFO - [2024-07-25T18:31:48.073+0000] {dag.py:3340} INFO - Setting next_dagrun for example_xcom to 2021-01-01T00:00:00+00:00, run_after=2021-01-01T00:00:00+00:00
[2024-07-25T18:31:48.083+0000] {processor.py:176} INFO - Processing /home/airflow/.local/lib/python3.7/site-packages/airflow/example_dags/example_xcom.py took 0.069 seconds
[2024-07-25T19:12:31.530+0000] {processor.py:154} INFO - Started process (PID=3732) to work on /home/airflow/.local/lib/python3.7/site-packages/airflow/example_dags/example_xcom.py
[2024-07-25T19:12:31.532+0000] {processor.py:756} INFO - Processing file /home/airflow/.local/lib/python3.7/site-packages/airflow/example_dags/example_xcom.py for tasks to queue
[2024-07-25T19:12:31.533+0000] {logging_mixin.py:120} INFO - [2024-07-25T19:12:31.533+0000] {dagbag.py:537} INFO - Filling up the DagBag from /home/airflow/.local/lib/python3.7/site-packages/airflow/example_dags/example_xcom.py
[2024-07-25T19:12:31.549+0000] {processor.py:766} INFO - DAG(s) dict_keys(['example_xcom']) retrieved from /home/airflow/.local/lib/python3.7/site-packages/airflow/example_dags/example_xcom.py
[2024-07-25T19:12:31.580+0000] {logging_mixin.py:120} INFO - [2024-07-25T19:12:31.580+0000] {dag.py:2585} INFO - Sync 1 DAGs
[2024-07-25T19:12:31.597+0000] {logging_mixin.py:120} INFO - [2024-07-25T19:12:31.597+0000] {dag.py:3340} INFO - Setting next_dagrun for example_xcom to 2021-01-01T00:00:00+00:00, run_after=2021-01-01T00:00:00+00:00
[2024-07-25T19:12:31.616+0000] {processor.py:176} INFO - Processing /home/airflow/.local/lib/python3.7/site-packages/airflow/example_dags/example_xcom.py took 0.089 seconds
[2024-07-25T19:53:13.460+0000] {processor.py:154} INFO - Started process (PID=3795) to work on /home/airflow/.local/lib/python3.7/site-packages/airflow/example_dags/example_xcom.py
[2024-07-25T19:53:13.461+0000] {processor.py:756} INFO - Processing file /home/airflow/.local/lib/python3.7/site-packages/airflow/example_dags/example_xcom.py for tasks to queue
[2024-07-25T19:53:13.461+0000] {logging_mixin.py:120} INFO - [2024-07-25T19:53:13.461+0000] {dagbag.py:537} INFO - Filling up the DagBag from /home/airflow/.local/lib/python3.7/site-packages/airflow/example_dags/example_xcom.py
[2024-07-25T19:53:13.478+0000] {processor.py:766} INFO - DAG(s) dict_keys(['example_xcom']) retrieved from /home/airflow/.local/lib/python3.7/site-packages/airflow/example_dags/example_xcom.py
[2024-07-25T19:53:13.516+0000] {logging_mixin.py:120} INFO - [2024-07-25T19:53:13.516+0000] {dag.py:2585} INFO - Sync 1 DAGs
[2024-07-25T19:53:13.537+0000] {logging_mixin.py:120} INFO - [2024-07-25T19:53:13.536+0000] {dag.py:3340} INFO - Setting next_dagrun for example_xcom to 2021-01-01T00:00:00+00:00, run_after=2021-01-01T00:00:00+00:00
[2024-07-25T19:53:13.560+0000] {processor.py:176} INFO - Processing /home/airflow/.local/lib/python3.7/site-packages/airflow/example_dags/example_xcom.py took 0.102 seconds
[2024-07-25T20:27:16.891+0000] {processor.py:154} INFO - Started process (PID=3859) to work on /home/airflow/.local/lib/python3.7/site-packages/airflow/example_dags/example_xcom.py
[2024-07-25T20:27:16.893+0000] {processor.py:756} INFO - Processing file /home/airflow/.local/lib/python3.7/site-packages/airflow/example_dags/example_xcom.py for tasks to queue
[2024-07-25T20:27:16.894+0000] {logging_mixin.py:120} INFO - [2024-07-25T20:27:16.894+0000] {dagbag.py:537} INFO - Filling up the DagBag from /home/airflow/.local/lib/python3.7/site-packages/airflow/example_dags/example_xcom.py
[2024-07-25T20:27:16.909+0000] {processor.py:766} INFO - DAG(s) dict_keys(['example_xcom']) retrieved from /home/airflow/.local/lib/python3.7/site-packages/airflow/example_dags/example_xcom.py
[2024-07-25T20:27:16.940+0000] {logging_mixin.py:120} INFO - [2024-07-25T20:27:16.939+0000] {dag.py:2585} INFO - Sync 1 DAGs
[2024-07-25T20:27:16.955+0000] {logging_mixin.py:120} INFO - [2024-07-25T20:27:16.955+0000] {dag.py:3340} INFO - Setting next_dagrun for example_xcom to 2021-01-01T00:00:00+00:00, run_after=2021-01-01T00:00:00+00:00
[2024-07-25T20:27:16.972+0000] {processor.py:176} INFO - Processing /home/airflow/.local/lib/python3.7/site-packages/airflow/example_dags/example_xcom.py took 0.083 seconds
[2024-07-25T21:02:12.469+0000] {processor.py:154} INFO - Started process (PID=3915) to work on /home/airflow/.local/lib/python3.7/site-packages/airflow/example_dags/example_xcom.py
[2024-07-25T21:02:12.470+0000] {processor.py:756} INFO - Processing file /home/airflow/.local/lib/python3.7/site-packages/airflow/example_dags/example_xcom.py for tasks to queue
[2024-07-25T21:02:12.471+0000] {logging_mixin.py:120} INFO - [2024-07-25T21:02:12.471+0000] {dagbag.py:537} INFO - Filling up the DagBag from /home/airflow/.local/lib/python3.7/site-packages/airflow/example_dags/example_xcom.py
[2024-07-25T21:02:12.492+0000] {processor.py:766} INFO - DAG(s) dict_keys(['example_xcom']) retrieved from /home/airflow/.local/lib/python3.7/site-packages/airflow/example_dags/example_xcom.py
[2024-07-25T21:02:12.545+0000] {logging_mixin.py:120} INFO - [2024-07-25T21:02:12.545+0000] {dag.py:2585} INFO - Sync 1 DAGs
[2024-07-25T21:02:12.563+0000] {logging_mixin.py:120} INFO - [2024-07-25T21:02:12.563+0000] {dag.py:3340} INFO - Setting next_dagrun for example_xcom to 2021-01-01T00:00:00+00:00, run_after=2021-01-01T00:00:00+00:00
[2024-07-25T21:02:12.589+0000] {processor.py:176} INFO - Processing /home/airflow/.local/lib/python3.7/site-packages/airflow/example_dags/example_xcom.py took 0.123 seconds
[2024-07-25T21:03:14.409+0000] {processor.py:154} INFO - Started process (PID=3978) to work on /home/airflow/.local/lib/python3.7/site-packages/airflow/example_dags/example_xcom.py
[2024-07-25T21:03:14.411+0000] {processor.py:756} INFO - Processing file /home/airflow/.local/lib/python3.7/site-packages/airflow/example_dags/example_xcom.py for tasks to queue
[2024-07-25T21:03:14.411+0000] {logging_mixin.py:120} INFO - [2024-07-25T21:03:14.411+0000] {dagbag.py:537} INFO - Filling up the DagBag from /home/airflow/.local/lib/python3.7/site-packages/airflow/example_dags/example_xcom.py
[2024-07-25T21:03:14.423+0000] {processor.py:766} INFO - DAG(s) dict_keys(['example_xcom']) retrieved from /home/airflow/.local/lib/python3.7/site-packages/airflow/example_dags/example_xcom.py
[2024-07-25T21:03:14.453+0000] {logging_mixin.py:120} INFO - [2024-07-25T21:03:14.453+0000] {dag.py:2585} INFO - Sync 1 DAGs
[2024-07-25T21:03:14.466+0000] {logging_mixin.py:120} INFO - [2024-07-25T21:03:14.466+0000] {dag.py:3340} INFO - Setting next_dagrun for example_xcom to 2021-01-01T00:00:00+00:00, run_after=2021-01-01T00:00:00+00:00
[2024-07-25T21:03:14.482+0000] {processor.py:176} INFO - Processing /home/airflow/.local/lib/python3.7/site-packages/airflow/example_dags/example_xcom.py took 0.075 seconds
[2024-07-25T21:49:01.613+0000] {processor.py:154} INFO - Started process (PID=4042) to work on /home/airflow/.local/lib/python3.7/site-packages/airflow/example_dags/example_xcom.py
[2024-07-25T21:49:01.613+0000] {processor.py:756} INFO - Processing file /home/airflow/.local/lib/python3.7/site-packages/airflow/example_dags/example_xcom.py for tasks to queue
[2024-07-25T21:49:01.614+0000] {logging_mixin.py:120} INFO - [2024-07-25T21:49:01.614+0000] {dagbag.py:537} INFO - Filling up the DagBag from /home/airflow/.local/lib/python3.7/site-packages/airflow/example_dags/example_xcom.py
[2024-07-25T21:49:01.627+0000] {processor.py:766} INFO - DAG(s) dict_keys(['example_xcom']) retrieved from /home/airflow/.local/lib/python3.7/site-packages/airflow/example_dags/example_xcom.py
[2024-07-25T21:49:01.667+0000] {logging_mixin.py:120} INFO - [2024-07-25T21:49:01.667+0000] {dag.py:2585} INFO - Sync 1 DAGs
[2024-07-25T21:49:01.682+0000] {logging_mixin.py:120} INFO - [2024-07-25T21:49:01.682+0000] {dag.py:3340} INFO - Setting next_dagrun for example_xcom to 2021-01-01T00:00:00+00:00, run_after=2021-01-01T00:00:00+00:00
[2024-07-25T21:49:01.704+0000] {processor.py:176} INFO - Processing /home/airflow/.local/lib/python3.7/site-packages/airflow/example_dags/example_xcom.py took 0.094 seconds
[2024-07-25T21:50:29.333+0000] {processor.py:154} INFO - Started process (PID=4106) to work on /home/airflow/.local/lib/python3.7/site-packages/airflow/example_dags/example_xcom.py
[2024-07-25T21:50:29.334+0000] {processor.py:756} INFO - Processing file /home/airflow/.local/lib/python3.7/site-packages/airflow/example_dags/example_xcom.py for tasks to queue
[2024-07-25T21:50:29.335+0000] {logging_mixin.py:120} INFO - [2024-07-25T21:50:29.335+0000] {dagbag.py:537} INFO - Filling up the DagBag from /home/airflow/.local/lib/python3.7/site-packages/airflow/example_dags/example_xcom.py
[2024-07-25T21:50:29.347+0000] {processor.py:766} INFO - DAG(s) dict_keys(['example_xcom']) retrieved from /home/airflow/.local/lib/python3.7/site-packages/airflow/example_dags/example_xcom.py
[2024-07-25T21:50:29.374+0000] {logging_mixin.py:120} INFO - [2024-07-25T21:50:29.374+0000] {dag.py:2585} INFO - Sync 1 DAGs
[2024-07-25T21:50:29.387+0000] {logging_mixin.py:120} INFO - [2024-07-25T21:50:29.387+0000] {dag.py:3340} INFO - Setting next_dagrun for example_xcom to 2021-01-01T00:00:00+00:00, run_after=2021-01-01T00:00:00+00:00
[2024-07-25T21:50:29.403+0000] {processor.py:176} INFO - Processing /home/airflow/.local/lib/python3.7/site-packages/airflow/example_dags/example_xcom.py took 0.073 seconds
[2024-07-25T21:57:40.176+0000] {processor.py:154} INFO - Started process (PID=4170) to work on /home/airflow/.local/lib/python3.7/site-packages/airflow/example_dags/example_xcom.py
[2024-07-25T21:57:40.177+0000] {processor.py:756} INFO - Processing file /home/airflow/.local/lib/python3.7/site-packages/airflow/example_dags/example_xcom.py for tasks to queue
[2024-07-25T21:57:40.178+0000] {logging_mixin.py:120} INFO - [2024-07-25T21:57:40.177+0000] {dagbag.py:537} INFO - Filling up the DagBag from /home/airflow/.local/lib/python3.7/site-packages/airflow/example_dags/example_xcom.py
[2024-07-25T21:57:40.189+0000] {processor.py:766} INFO - DAG(s) dict_keys(['example_xcom']) retrieved from /home/airflow/.local/lib/python3.7/site-packages/airflow/example_dags/example_xcom.py
[2024-07-25T21:57:40.217+0000] {logging_mixin.py:120} INFO - [2024-07-25T21:57:40.217+0000] {dag.py:2585} INFO - Sync 1 DAGs
[2024-07-25T21:57:40.237+0000] {logging_mixin.py:120} INFO - [2024-07-25T21:57:40.236+0000] {dag.py:3340} INFO - Setting next_dagrun for example_xcom to 2021-01-01T00:00:00+00:00, run_after=2021-01-01T00:00:00+00:00
[2024-07-25T21:57:40.276+0000] {processor.py:176} INFO - Processing /home/airflow/.local/lib/python3.7/site-packages/airflow/example_dags/example_xcom.py took 0.102 seconds
[2024-07-25T22:03:13.765+0000] {processor.py:154} INFO - Started process (PID=4225) to work on /home/airflow/.local/lib/python3.7/site-packages/airflow/example_dags/example_xcom.py
[2024-07-25T22:03:13.766+0000] {processor.py:756} INFO - Processing file /home/airflow/.local/lib/python3.7/site-packages/airflow/example_dags/example_xcom.py for tasks to queue
[2024-07-25T22:03:13.766+0000] {logging_mixin.py:120} INFO - [2024-07-25T22:03:13.766+0000] {dagbag.py:537} INFO - Filling up the DagBag from /home/airflow/.local/lib/python3.7/site-packages/airflow/example_dags/example_xcom.py
[2024-07-25T22:03:13.781+0000] {processor.py:766} INFO - DAG(s) dict_keys(['example_xcom']) retrieved from /home/airflow/.local/lib/python3.7/site-packages/airflow/example_dags/example_xcom.py
[2024-07-25T22:03:13.822+0000] {logging_mixin.py:120} INFO - [2024-07-25T22:03:13.822+0000] {dag.py:2585} INFO - Sync 1 DAGs
[2024-07-25T22:03:13.850+0000] {logging_mixin.py:120} INFO - [2024-07-25T22:03:13.849+0000] {dag.py:3340} INFO - Setting next_dagrun for example_xcom to 2021-01-01T00:00:00+00:00, run_after=2021-01-01T00:00:00+00:00
[2024-07-25T22:03:13.871+0000] {processor.py:176} INFO - Processing /home/airflow/.local/lib/python3.7/site-packages/airflow/example_dags/example_xcom.py took 0.108 seconds
[2024-07-25T22:04:46.580+0000] {processor.py:154} INFO - Started process (PID=4288) to work on /home/airflow/.local/lib/python3.7/site-packages/airflow/example_dags/example_xcom.py
[2024-07-25T22:04:46.583+0000] {processor.py:756} INFO - Processing file /home/airflow/.local/lib/python3.7/site-packages/airflow/example_dags/example_xcom.py for tasks to queue
[2024-07-25T22:04:46.584+0000] {logging_mixin.py:120} INFO - [2024-07-25T22:04:46.584+0000] {dagbag.py:537} INFO - Filling up the DagBag from /home/airflow/.local/lib/python3.7/site-packages/airflow/example_dags/example_xcom.py
[2024-07-25T22:04:46.596+0000] {processor.py:766} INFO - DAG(s) dict_keys(['example_xcom']) retrieved from /home/airflow/.local/lib/python3.7/site-packages/airflow/example_dags/example_xcom.py
[2024-07-25T22:04:46.627+0000] {logging_mixin.py:120} INFO - [2024-07-25T22:04:46.627+0000] {dag.py:2585} INFO - Sync 1 DAGs
[2024-07-25T22:04:46.642+0000] {logging_mixin.py:120} INFO - [2024-07-25T22:04:46.642+0000] {dag.py:3340} INFO - Setting next_dagrun for example_xcom to 2021-01-01T00:00:00+00:00, run_after=2021-01-01T00:00:00+00:00
[2024-07-25T22:04:46.655+0000] {processor.py:176} INFO - Processing /home/airflow/.local/lib/python3.7/site-packages/airflow/example_dags/example_xcom.py took 0.078 seconds
[2024-07-25T22:06:56.449+0000] {processor.py:154} INFO - Started process (PID=4352) to work on /home/airflow/.local/lib/python3.7/site-packages/airflow/example_dags/example_xcom.py
[2024-07-25T22:06:56.450+0000] {processor.py:756} INFO - Processing file /home/airflow/.local/lib/python3.7/site-packages/airflow/example_dags/example_xcom.py for tasks to queue
[2024-07-25T22:06:56.451+0000] {logging_mixin.py:120} INFO - [2024-07-25T22:06:56.451+0000] {dagbag.py:537} INFO - Filling up the DagBag from /home/airflow/.local/lib/python3.7/site-packages/airflow/example_dags/example_xcom.py
[2024-07-25T22:06:56.462+0000] {processor.py:766} INFO - DAG(s) dict_keys(['example_xcom']) retrieved from /home/airflow/.local/lib/python3.7/site-packages/airflow/example_dags/example_xcom.py
[2024-07-25T22:06:56.486+0000] {logging_mixin.py:120} INFO - [2024-07-25T22:06:56.486+0000] {dag.py:2585} INFO - Sync 1 DAGs
[2024-07-25T22:06:56.502+0000] {logging_mixin.py:120} INFO - [2024-07-25T22:06:56.502+0000] {dag.py:3340} INFO - Setting next_dagrun for example_xcom to 2021-01-01T00:00:00+00:00, run_after=2021-01-01T00:00:00+00:00
[2024-07-25T22:06:56.517+0000] {processor.py:176} INFO - Processing /home/airflow/.local/lib/python3.7/site-packages/airflow/example_dags/example_xcom.py took 0.069 seconds
[2024-07-25T22:08:41.527+0000] {processor.py:154} INFO - Started process (PID=4416) to work on /home/airflow/.local/lib/python3.7/site-packages/airflow/example_dags/example_xcom.py
[2024-07-25T22:08:41.529+0000] {processor.py:756} INFO - Processing file /home/airflow/.local/lib/python3.7/site-packages/airflow/example_dags/example_xcom.py for tasks to queue
[2024-07-25T22:08:41.530+0000] {logging_mixin.py:120} INFO - [2024-07-25T22:08:41.530+0000] {dagbag.py:537} INFO - Filling up the DagBag from /home/airflow/.local/lib/python3.7/site-packages/airflow/example_dags/example_xcom.py
[2024-07-25T22:08:41.542+0000] {processor.py:766} INFO - DAG(s) dict_keys(['example_xcom']) retrieved from /home/airflow/.local/lib/python3.7/site-packages/airflow/example_dags/example_xcom.py
[2024-07-25T22:08:41.567+0000] {logging_mixin.py:120} INFO - [2024-07-25T22:08:41.567+0000] {dag.py:2585} INFO - Sync 1 DAGs
[2024-07-25T22:08:41.581+0000] {logging_mixin.py:120} INFO - [2024-07-25T22:08:41.581+0000] {dag.py:3340} INFO - Setting next_dagrun for example_xcom to 2021-01-01T00:00:00+00:00, run_after=2021-01-01T00:00:00+00:00
[2024-07-25T22:08:41.591+0000] {processor.py:176} INFO - Processing /home/airflow/.local/lib/python3.7/site-packages/airflow/example_dags/example_xcom.py took 0.066 seconds
[2024-07-25T22:09:40.935+0000] {processor.py:154} INFO - Started process (PID=4480) to work on /home/airflow/.local/lib/python3.7/site-packages/airflow/example_dags/example_xcom.py
[2024-07-25T22:09:40.935+0000] {processor.py:756} INFO - Processing file /home/airflow/.local/lib/python3.7/site-packages/airflow/example_dags/example_xcom.py for tasks to queue
[2024-07-25T22:09:40.936+0000] {logging_mixin.py:120} INFO - [2024-07-25T22:09:40.936+0000] {dagbag.py:537} INFO - Filling up the DagBag from /home/airflow/.local/lib/python3.7/site-packages/airflow/example_dags/example_xcom.py
[2024-07-25T22:09:40.949+0000] {processor.py:766} INFO - DAG(s) dict_keys(['example_xcom']) retrieved from /home/airflow/.local/lib/python3.7/site-packages/airflow/example_dags/example_xcom.py
[2024-07-25T22:09:40.971+0000] {logging_mixin.py:120} INFO - [2024-07-25T22:09:40.971+0000] {dag.py:2585} INFO - Sync 1 DAGs
[2024-07-25T22:09:40.990+0000] {logging_mixin.py:120} INFO - [2024-07-25T22:09:40.990+0000] {dag.py:3340} INFO - Setting next_dagrun for example_xcom to 2021-01-01T00:00:00+00:00, run_after=2021-01-01T00:00:00+00:00
[2024-07-25T22:09:41.008+0000] {processor.py:176} INFO - Processing /home/airflow/.local/lib/python3.7/site-packages/airflow/example_dags/example_xcom.py took 0.075 seconds
[2024-07-25T22:18:09.065+0000] {processor.py:154} INFO - Started process (PID=4534) to work on /home/airflow/.local/lib/python3.7/site-packages/airflow/example_dags/example_xcom.py
[2024-07-25T22:18:09.070+0000] {processor.py:756} INFO - Processing file /home/airflow/.local/lib/python3.7/site-packages/airflow/example_dags/example_xcom.py for tasks to queue
[2024-07-25T22:18:09.071+0000] {logging_mixin.py:120} INFO - [2024-07-25T22:18:09.071+0000] {dagbag.py:537} INFO - Filling up the DagBag from /home/airflow/.local/lib/python3.7/site-packages/airflow/example_dags/example_xcom.py
[2024-07-25T22:18:09.090+0000] {processor.py:766} INFO - DAG(s) dict_keys(['example_xcom']) retrieved from /home/airflow/.local/lib/python3.7/site-packages/airflow/example_dags/example_xcom.py
[2024-07-25T22:18:09.136+0000] {logging_mixin.py:120} INFO - [2024-07-25T22:18:09.136+0000] {dag.py:2585} INFO - Sync 1 DAGs
[2024-07-25T22:18:09.160+0000] {logging_mixin.py:120} INFO - [2024-07-25T22:18:09.159+0000] {dag.py:3340} INFO - Setting next_dagrun for example_xcom to 2021-01-01T00:00:00+00:00, run_after=2021-01-01T00:00:00+00:00
[2024-07-25T22:18:09.195+0000] {processor.py:176} INFO - Processing /home/airflow/.local/lib/python3.7/site-packages/airflow/example_dags/example_xcom.py took 0.134 seconds
[2024-07-25T22:19:02.501+0000] {processor.py:154} INFO - Started process (PID=4598) to work on /home/airflow/.local/lib/python3.7/site-packages/airflow/example_dags/example_xcom.py
[2024-07-25T22:19:02.502+0000] {processor.py:756} INFO - Processing file /home/airflow/.local/lib/python3.7/site-packages/airflow/example_dags/example_xcom.py for tasks to queue
[2024-07-25T22:19:02.503+0000] {logging_mixin.py:120} INFO - [2024-07-25T22:19:02.503+0000] {dagbag.py:537} INFO - Filling up the DagBag from /home/airflow/.local/lib/python3.7/site-packages/airflow/example_dags/example_xcom.py
[2024-07-25T22:19:02.517+0000] {processor.py:766} INFO - DAG(s) dict_keys(['example_xcom']) retrieved from /home/airflow/.local/lib/python3.7/site-packages/airflow/example_dags/example_xcom.py
[2024-07-25T22:19:02.552+0000] {logging_mixin.py:120} INFO - [2024-07-25T22:19:02.552+0000] {dag.py:2585} INFO - Sync 1 DAGs
[2024-07-25T22:19:02.567+0000] {logging_mixin.py:120} INFO - [2024-07-25T22:19:02.567+0000] {dag.py:3340} INFO - Setting next_dagrun for example_xcom to 2021-01-01T00:00:00+00:00, run_after=2021-01-01T00:00:00+00:00
[2024-07-25T22:19:02.586+0000] {processor.py:176} INFO - Processing /home/airflow/.local/lib/python3.7/site-packages/airflow/example_dags/example_xcom.py took 0.087 seconds
[2024-07-25T22:56:33.392+0000] {processor.py:154} INFO - Started process (PID=4661) to work on /home/airflow/.local/lib/python3.7/site-packages/airflow/example_dags/example_xcom.py
[2024-07-25T22:56:33.393+0000] {processor.py:756} INFO - Processing file /home/airflow/.local/lib/python3.7/site-packages/airflow/example_dags/example_xcom.py for tasks to queue
[2024-07-25T22:56:33.394+0000] {logging_mixin.py:120} INFO - [2024-07-25T22:56:33.394+0000] {dagbag.py:537} INFO - Filling up the DagBag from /home/airflow/.local/lib/python3.7/site-packages/airflow/example_dags/example_xcom.py
[2024-07-25T22:56:33.406+0000] {processor.py:766} INFO - DAG(s) dict_keys(['example_xcom']) retrieved from /home/airflow/.local/lib/python3.7/site-packages/airflow/example_dags/example_xcom.py
[2024-07-25T22:56:33.440+0000] {logging_mixin.py:120} INFO - [2024-07-25T22:56:33.440+0000] {dag.py:2585} INFO - Sync 1 DAGs
[2024-07-25T22:56:33.455+0000] {logging_mixin.py:120} INFO - [2024-07-25T22:56:33.455+0000] {dag.py:3340} INFO - Setting next_dagrun for example_xcom to 2021-01-01T00:00:00+00:00, run_after=2021-01-01T00:00:00+00:00
[2024-07-25T22:56:33.475+0000] {processor.py:176} INFO - Processing /home/airflow/.local/lib/python3.7/site-packages/airflow/example_dags/example_xcom.py took 0.085 seconds
[2024-07-25T23:21:44.832+0000] {processor.py:154} INFO - Started process (PID=4724) to work on /home/airflow/.local/lib/python3.7/site-packages/airflow/example_dags/example_xcom.py
[2024-07-25T23:21:44.834+0000] {processor.py:756} INFO - Processing file /home/airflow/.local/lib/python3.7/site-packages/airflow/example_dags/example_xcom.py for tasks to queue
[2024-07-25T23:21:44.835+0000] {logging_mixin.py:120} INFO - [2024-07-25T23:21:44.835+0000] {dagbag.py:537} INFO - Filling up the DagBag from /home/airflow/.local/lib/python3.7/site-packages/airflow/example_dags/example_xcom.py
[2024-07-25T23:21:44.856+0000] {processor.py:766} INFO - DAG(s) dict_keys(['example_xcom']) retrieved from /home/airflow/.local/lib/python3.7/site-packages/airflow/example_dags/example_xcom.py
[2024-07-25T23:21:44.892+0000] {logging_mixin.py:120} INFO - [2024-07-25T23:21:44.892+0000] {dag.py:2585} INFO - Sync 1 DAGs
[2024-07-25T23:21:44.916+0000] {logging_mixin.py:120} INFO - [2024-07-25T23:21:44.916+0000] {dag.py:3340} INFO - Setting next_dagrun for example_xcom to 2021-01-01T00:00:00+00:00, run_after=2021-01-01T00:00:00+00:00
[2024-07-25T23:21:44.936+0000] {processor.py:176} INFO - Processing /home/airflow/.local/lib/python3.7/site-packages/airflow/example_dags/example_xcom.py took 0.106 seconds
