[2024-07-25T16:12:20.961+0000] {processor.py:154} INFO - Started process (PID=67) to work on /home/airflow/.local/lib/python3.7/site-packages/airflow/example_dags/example_sla_dag.py
[2024-07-25T16:12:20.968+0000] {processor.py:756} INFO - Processing file /home/airflow/.local/lib/python3.7/site-packages/airflow/example_dags/example_sla_dag.py for tasks to queue
[2024-07-25T16:12:20.976+0000] {logging_mixin.py:120} INFO - [2024-07-25T16:12:20.976+0000] {dagbag.py:537} INFO - Filling up the DagBag from /home/airflow/.local/lib/python3.7/site-packages/airflow/example_dags/example_sla_dag.py
[2024-07-25T16:12:21.013+0000] {processor.py:766} INFO - DAG(s) dict_keys(['example_sla_dag']) retrieved from /home/airflow/.local/lib/python3.7/site-packages/airflow/example_dags/example_sla_dag.py
[2024-07-25T16:12:21.071+0000] {logging_mixin.py:120} INFO - [2024-07-25T16:12:21.071+0000] {dag.py:2585} INFO - Sync 1 DAGs
[2024-07-25T16:12:21.143+0000] {logging_mixin.py:120} INFO - [2024-07-25T16:12:21.143+0000] {dag.py:3340} INFO - Setting next_dagrun for example_sla_dag to 2024-07-25T16:10:00+00:00, run_after=2024-07-25T16:12:00+00:00
[2024-07-25T16:12:21.170+0000] {processor.py:176} INFO - Processing /home/airflow/.local/lib/python3.7/site-packages/airflow/example_dags/example_sla_dag.py took 0.220 seconds
[2024-07-25T16:12:51.258+0000] {processor.py:154} INFO - Started process (PID=131) to work on /home/airflow/.local/lib/python3.7/site-packages/airflow/example_dags/example_sla_dag.py
[2024-07-25T16:12:51.259+0000] {processor.py:756} INFO - Processing file /home/airflow/.local/lib/python3.7/site-packages/airflow/example_dags/example_sla_dag.py for tasks to queue
[2024-07-25T16:12:51.259+0000] {logging_mixin.py:120} INFO - [2024-07-25T16:12:51.259+0000] {dagbag.py:537} INFO - Filling up the DagBag from /home/airflow/.local/lib/python3.7/site-packages/airflow/example_dags/example_sla_dag.py
[2024-07-25T16:12:51.272+0000] {processor.py:766} INFO - DAG(s) dict_keys(['example_sla_dag']) retrieved from /home/airflow/.local/lib/python3.7/site-packages/airflow/example_dags/example_sla_dag.py
[2024-07-25T16:12:51.302+0000] {logging_mixin.py:120} INFO - [2024-07-25T16:12:51.302+0000] {dag.py:2585} INFO - Sync 1 DAGs
[2024-07-25T16:12:51.317+0000] {logging_mixin.py:120} INFO - [2024-07-25T16:12:51.317+0000] {dag.py:3340} INFO - Setting next_dagrun for example_sla_dag to 2024-07-25T16:10:00+00:00, run_after=2024-07-25T16:12:00+00:00
[2024-07-25T16:12:51.339+0000] {processor.py:176} INFO - Processing /home/airflow/.local/lib/python3.7/site-packages/airflow/example_dags/example_sla_dag.py took 0.083 seconds
[2024-07-25T16:13:22.261+0000] {processor.py:154} INFO - Started process (PID=196) to work on /home/airflow/.local/lib/python3.7/site-packages/airflow/example_dags/example_sla_dag.py
[2024-07-25T16:13:22.263+0000] {processor.py:756} INFO - Processing file /home/airflow/.local/lib/python3.7/site-packages/airflow/example_dags/example_sla_dag.py for tasks to queue
[2024-07-25T16:13:22.264+0000] {logging_mixin.py:120} INFO - [2024-07-25T16:13:22.264+0000] {dagbag.py:537} INFO - Filling up the DagBag from /home/airflow/.local/lib/python3.7/site-packages/airflow/example_dags/example_sla_dag.py
[2024-07-25T16:13:22.284+0000] {processor.py:766} INFO - DAG(s) dict_keys(['example_sla_dag']) retrieved from /home/airflow/.local/lib/python3.7/site-packages/airflow/example_dags/example_sla_dag.py
[2024-07-25T16:13:22.314+0000] {logging_mixin.py:120} INFO - [2024-07-25T16:13:22.314+0000] {dag.py:2585} INFO - Sync 1 DAGs
[2024-07-25T16:13:22.333+0000] {logging_mixin.py:120} INFO - [2024-07-25T16:13:22.333+0000] {dag.py:3340} INFO - Setting next_dagrun for example_sla_dag to 2024-07-25T16:10:00+00:00, run_after=2024-07-25T16:12:00+00:00
[2024-07-25T16:13:22.346+0000] {processor.py:176} INFO - Processing /home/airflow/.local/lib/python3.7/site-packages/airflow/example_dags/example_sla_dag.py took 0.087 seconds
[2024-07-25T16:13:53.115+0000] {processor.py:154} INFO - Started process (PID=260) to work on /home/airflow/.local/lib/python3.7/site-packages/airflow/example_dags/example_sla_dag.py
[2024-07-25T16:13:53.118+0000] {processor.py:756} INFO - Processing file /home/airflow/.local/lib/python3.7/site-packages/airflow/example_dags/example_sla_dag.py for tasks to queue
[2024-07-25T16:13:53.118+0000] {logging_mixin.py:120} INFO - [2024-07-25T16:13:53.118+0000] {dagbag.py:537} INFO - Filling up the DagBag from /home/airflow/.local/lib/python3.7/site-packages/airflow/example_dags/example_sla_dag.py
[2024-07-25T16:13:53.131+0000] {processor.py:766} INFO - DAG(s) dict_keys(['example_sla_dag']) retrieved from /home/airflow/.local/lib/python3.7/site-packages/airflow/example_dags/example_sla_dag.py
[2024-07-25T16:13:53.159+0000] {logging_mixin.py:120} INFO - [2024-07-25T16:13:53.159+0000] {dag.py:2585} INFO - Sync 1 DAGs
[2024-07-25T16:13:53.177+0000] {logging_mixin.py:120} INFO - [2024-07-25T16:13:53.177+0000] {dag.py:3340} INFO - Setting next_dagrun for example_sla_dag to 2024-07-25T16:10:00+00:00, run_after=2024-07-25T16:12:00+00:00
[2024-07-25T16:13:53.192+0000] {processor.py:176} INFO - Processing /home/airflow/.local/lib/python3.7/site-packages/airflow/example_dags/example_sla_dag.py took 0.079 seconds
[2024-07-25T16:14:23.681+0000] {processor.py:154} INFO - Started process (PID=323) to work on /home/airflow/.local/lib/python3.7/site-packages/airflow/example_dags/example_sla_dag.py
[2024-07-25T16:14:23.683+0000] {processor.py:756} INFO - Processing file /home/airflow/.local/lib/python3.7/site-packages/airflow/example_dags/example_sla_dag.py for tasks to queue
[2024-07-25T16:14:23.684+0000] {logging_mixin.py:120} INFO - [2024-07-25T16:14:23.683+0000] {dagbag.py:537} INFO - Filling up the DagBag from /home/airflow/.local/lib/python3.7/site-packages/airflow/example_dags/example_sla_dag.py
[2024-07-25T16:14:23.701+0000] {processor.py:766} INFO - DAG(s) dict_keys(['example_sla_dag']) retrieved from /home/airflow/.local/lib/python3.7/site-packages/airflow/example_dags/example_sla_dag.py
[2024-07-25T16:14:23.726+0000] {logging_mixin.py:120} INFO - [2024-07-25T16:14:23.726+0000] {dag.py:2585} INFO - Sync 1 DAGs
[2024-07-25T16:14:23.748+0000] {logging_mixin.py:120} INFO - [2024-07-25T16:14:23.748+0000] {dag.py:3340} INFO - Setting next_dagrun for example_sla_dag to 2024-07-25T16:12:00+00:00, run_after=2024-07-25T16:14:00+00:00
[2024-07-25T16:14:23.767+0000] {processor.py:176} INFO - Processing /home/airflow/.local/lib/python3.7/site-packages/airflow/example_dags/example_sla_dag.py took 0.088 seconds
[2024-07-25T16:14:54.696+0000] {processor.py:154} INFO - Started process (PID=387) to work on /home/airflow/.local/lib/python3.7/site-packages/airflow/example_dags/example_sla_dag.py
[2024-07-25T16:14:54.700+0000] {processor.py:756} INFO - Processing file /home/airflow/.local/lib/python3.7/site-packages/airflow/example_dags/example_sla_dag.py for tasks to queue
[2024-07-25T16:14:54.701+0000] {logging_mixin.py:120} INFO - [2024-07-25T16:14:54.701+0000] {dagbag.py:537} INFO - Filling up the DagBag from /home/airflow/.local/lib/python3.7/site-packages/airflow/example_dags/example_sla_dag.py
[2024-07-25T16:14:54.714+0000] {processor.py:766} INFO - DAG(s) dict_keys(['example_sla_dag']) retrieved from /home/airflow/.local/lib/python3.7/site-packages/airflow/example_dags/example_sla_dag.py
[2024-07-25T16:14:54.750+0000] {logging_mixin.py:120} INFO - [2024-07-25T16:14:54.750+0000] {dag.py:2585} INFO - Sync 1 DAGs
[2024-07-25T16:14:54.773+0000] {logging_mixin.py:120} INFO - [2024-07-25T16:14:54.773+0000] {dag.py:3340} INFO - Setting next_dagrun for example_sla_dag to 2024-07-25T16:12:00+00:00, run_after=2024-07-25T16:14:00+00:00
[2024-07-25T16:14:54.790+0000] {processor.py:176} INFO - Processing /home/airflow/.local/lib/python3.7/site-packages/airflow/example_dags/example_sla_dag.py took 0.095 seconds
[2024-07-25T16:15:24.899+0000] {processor.py:154} INFO - Started process (PID=442) to work on /home/airflow/.local/lib/python3.7/site-packages/airflow/example_dags/example_sla_dag.py
[2024-07-25T16:15:24.903+0000] {processor.py:756} INFO - Processing file /home/airflow/.local/lib/python3.7/site-packages/airflow/example_dags/example_sla_dag.py for tasks to queue
[2024-07-25T16:15:24.903+0000] {logging_mixin.py:120} INFO - [2024-07-25T16:15:24.903+0000] {dagbag.py:537} INFO - Filling up the DagBag from /home/airflow/.local/lib/python3.7/site-packages/airflow/example_dags/example_sla_dag.py
[2024-07-25T16:15:24.916+0000] {processor.py:766} INFO - DAG(s) dict_keys(['example_sla_dag']) retrieved from /home/airflow/.local/lib/python3.7/site-packages/airflow/example_dags/example_sla_dag.py
[2024-07-25T16:15:24.944+0000] {logging_mixin.py:120} INFO - [2024-07-25T16:15:24.944+0000] {dag.py:2585} INFO - Sync 1 DAGs
[2024-07-25T16:15:24.964+0000] {logging_mixin.py:120} INFO - [2024-07-25T16:15:24.964+0000] {dag.py:3340} INFO - Setting next_dagrun for example_sla_dag to 2024-07-25T16:12:00+00:00, run_after=2024-07-25T16:14:00+00:00
[2024-07-25T16:15:24.977+0000] {processor.py:176} INFO - Processing /home/airflow/.local/lib/python3.7/site-packages/airflow/example_dags/example_sla_dag.py took 0.080 seconds
[2024-07-25T16:15:55.070+0000] {processor.py:154} INFO - Started process (PID=506) to work on /home/airflow/.local/lib/python3.7/site-packages/airflow/example_dags/example_sla_dag.py
[2024-07-25T16:15:55.071+0000] {processor.py:756} INFO - Processing file /home/airflow/.local/lib/python3.7/site-packages/airflow/example_dags/example_sla_dag.py for tasks to queue
[2024-07-25T16:15:55.080+0000] {logging_mixin.py:120} INFO - [2024-07-25T16:15:55.079+0000] {dagbag.py:537} INFO - Filling up the DagBag from /home/airflow/.local/lib/python3.7/site-packages/airflow/example_dags/example_sla_dag.py
[2024-07-25T16:15:55.093+0000] {processor.py:766} INFO - DAG(s) dict_keys(['example_sla_dag']) retrieved from /home/airflow/.local/lib/python3.7/site-packages/airflow/example_dags/example_sla_dag.py
[2024-07-25T16:15:55.122+0000] {logging_mixin.py:120} INFO - [2024-07-25T16:15:55.122+0000] {dag.py:2585} INFO - Sync 1 DAGs
[2024-07-25T16:15:55.139+0000] {logging_mixin.py:120} INFO - [2024-07-25T16:15:55.139+0000] {dag.py:3340} INFO - Setting next_dagrun for example_sla_dag to 2024-07-25T16:12:00+00:00, run_after=2024-07-25T16:14:00+00:00
[2024-07-25T16:15:55.157+0000] {processor.py:176} INFO - Processing /home/airflow/.local/lib/python3.7/site-packages/airflow/example_dags/example_sla_dag.py took 0.089 seconds
[2024-07-25T16:16:26.073+0000] {processor.py:154} INFO - Started process (PID=570) to work on /home/airflow/.local/lib/python3.7/site-packages/airflow/example_dags/example_sla_dag.py
[2024-07-25T16:16:26.076+0000] {processor.py:756} INFO - Processing file /home/airflow/.local/lib/python3.7/site-packages/airflow/example_dags/example_sla_dag.py for tasks to queue
[2024-07-25T16:16:26.076+0000] {logging_mixin.py:120} INFO - [2024-07-25T16:16:26.076+0000] {dagbag.py:537} INFO - Filling up the DagBag from /home/airflow/.local/lib/python3.7/site-packages/airflow/example_dags/example_sla_dag.py
[2024-07-25T16:16:26.090+0000] {processor.py:766} INFO - DAG(s) dict_keys(['example_sla_dag']) retrieved from /home/airflow/.local/lib/python3.7/site-packages/airflow/example_dags/example_sla_dag.py
[2024-07-25T16:16:26.116+0000] {logging_mixin.py:120} INFO - [2024-07-25T16:16:26.116+0000] {dag.py:2585} INFO - Sync 1 DAGs
[2024-07-25T16:16:26.133+0000] {logging_mixin.py:120} INFO - [2024-07-25T16:16:26.133+0000] {dag.py:3340} INFO - Setting next_dagrun for example_sla_dag to 2024-07-25T16:14:00+00:00, run_after=2024-07-25T16:16:00+00:00
[2024-07-25T16:16:26.149+0000] {processor.py:176} INFO - Processing /home/airflow/.local/lib/python3.7/site-packages/airflow/example_dags/example_sla_dag.py took 0.077 seconds
[2024-07-25T16:16:56.832+0000] {processor.py:154} INFO - Started process (PID=633) to work on /home/airflow/.local/lib/python3.7/site-packages/airflow/example_dags/example_sla_dag.py
[2024-07-25T16:16:56.834+0000] {processor.py:756} INFO - Processing file /home/airflow/.local/lib/python3.7/site-packages/airflow/example_dags/example_sla_dag.py for tasks to queue
[2024-07-25T16:16:56.834+0000] {logging_mixin.py:120} INFO - [2024-07-25T16:16:56.834+0000] {dagbag.py:537} INFO - Filling up the DagBag from /home/airflow/.local/lib/python3.7/site-packages/airflow/example_dags/example_sla_dag.py
[2024-07-25T16:16:56.849+0000] {processor.py:766} INFO - DAG(s) dict_keys(['example_sla_dag']) retrieved from /home/airflow/.local/lib/python3.7/site-packages/airflow/example_dags/example_sla_dag.py
[2024-07-25T16:16:56.873+0000] {logging_mixin.py:120} INFO - [2024-07-25T16:16:56.873+0000] {dag.py:2585} INFO - Sync 1 DAGs
[2024-07-25T16:16:56.889+0000] {logging_mixin.py:120} INFO - [2024-07-25T16:16:56.889+0000] {dag.py:3340} INFO - Setting next_dagrun for example_sla_dag to 2024-07-25T16:14:00+00:00, run_after=2024-07-25T16:16:00+00:00
[2024-07-25T16:16:56.902+0000] {processor.py:176} INFO - Processing /home/airflow/.local/lib/python3.7/site-packages/airflow/example_dags/example_sla_dag.py took 0.072 seconds
[2024-07-25T16:17:27.828+0000] {processor.py:154} INFO - Started process (PID=696) to work on /home/airflow/.local/lib/python3.7/site-packages/airflow/example_dags/example_sla_dag.py
[2024-07-25T16:17:27.830+0000] {processor.py:756} INFO - Processing file /home/airflow/.local/lib/python3.7/site-packages/airflow/example_dags/example_sla_dag.py for tasks to queue
[2024-07-25T16:17:27.832+0000] {logging_mixin.py:120} INFO - [2024-07-25T16:17:27.832+0000] {dagbag.py:537} INFO - Filling up the DagBag from /home/airflow/.local/lib/python3.7/site-packages/airflow/example_dags/example_sla_dag.py
[2024-07-25T16:17:27.849+0000] {processor.py:766} INFO - DAG(s) dict_keys(['example_sla_dag']) retrieved from /home/airflow/.local/lib/python3.7/site-packages/airflow/example_dags/example_sla_dag.py
[2024-07-25T16:17:27.878+0000] {logging_mixin.py:120} INFO - [2024-07-25T16:17:27.878+0000] {dag.py:2585} INFO - Sync 1 DAGs
[2024-07-25T16:17:27.893+0000] {logging_mixin.py:120} INFO - [2024-07-25T16:17:27.893+0000] {dag.py:3340} INFO - Setting next_dagrun for example_sla_dag to 2024-07-25T16:14:00+00:00, run_after=2024-07-25T16:16:00+00:00
[2024-07-25T16:17:27.904+0000] {processor.py:176} INFO - Processing /home/airflow/.local/lib/python3.7/site-packages/airflow/example_dags/example_sla_dag.py took 0.078 seconds
[2024-07-25T16:17:58.081+0000] {processor.py:154} INFO - Started process (PID=759) to work on /home/airflow/.local/lib/python3.7/site-packages/airflow/example_dags/example_sla_dag.py
[2024-07-25T16:17:58.082+0000] {processor.py:756} INFO - Processing file /home/airflow/.local/lib/python3.7/site-packages/airflow/example_dags/example_sla_dag.py for tasks to queue
[2024-07-25T16:17:58.082+0000] {logging_mixin.py:120} INFO - [2024-07-25T16:17:58.082+0000] {dagbag.py:537} INFO - Filling up the DagBag from /home/airflow/.local/lib/python3.7/site-packages/airflow/example_dags/example_sla_dag.py
[2024-07-25T16:17:58.099+0000] {processor.py:766} INFO - DAG(s) dict_keys(['example_sla_dag']) retrieved from /home/airflow/.local/lib/python3.7/site-packages/airflow/example_dags/example_sla_dag.py
[2024-07-25T16:17:58.131+0000] {logging_mixin.py:120} INFO - [2024-07-25T16:17:58.131+0000] {dag.py:2585} INFO - Sync 1 DAGs
[2024-07-25T16:17:58.153+0000] {logging_mixin.py:120} INFO - [2024-07-25T16:17:58.153+0000] {dag.py:3340} INFO - Setting next_dagrun for example_sla_dag to 2024-07-25T16:14:00+00:00, run_after=2024-07-25T16:16:00+00:00
[2024-07-25T16:17:58.170+0000] {processor.py:176} INFO - Processing /home/airflow/.local/lib/python3.7/site-packages/airflow/example_dags/example_sla_dag.py took 0.090 seconds
[2024-07-25T16:18:28.322+0000] {processor.py:154} INFO - Started process (PID=822) to work on /home/airflow/.local/lib/python3.7/site-packages/airflow/example_dags/example_sla_dag.py
[2024-07-25T16:18:28.326+0000] {processor.py:756} INFO - Processing file /home/airflow/.local/lib/python3.7/site-packages/airflow/example_dags/example_sla_dag.py for tasks to queue
[2024-07-25T16:18:28.327+0000] {logging_mixin.py:120} INFO - [2024-07-25T16:18:28.327+0000] {dagbag.py:537} INFO - Filling up the DagBag from /home/airflow/.local/lib/python3.7/site-packages/airflow/example_dags/example_sla_dag.py
[2024-07-25T16:18:28.344+0000] {processor.py:766} INFO - DAG(s) dict_keys(['example_sla_dag']) retrieved from /home/airflow/.local/lib/python3.7/site-packages/airflow/example_dags/example_sla_dag.py
[2024-07-25T16:18:28.371+0000] {logging_mixin.py:120} INFO - [2024-07-25T16:18:28.371+0000] {dag.py:2585} INFO - Sync 1 DAGs
[2024-07-25T16:18:28.392+0000] {logging_mixin.py:120} INFO - [2024-07-25T16:18:28.392+0000] {dag.py:3340} INFO - Setting next_dagrun for example_sla_dag to 2024-07-25T16:16:00+00:00, run_after=2024-07-25T16:18:00+00:00
[2024-07-25T16:18:28.413+0000] {processor.py:176} INFO - Processing /home/airflow/.local/lib/python3.7/site-packages/airflow/example_dags/example_sla_dag.py took 0.092 seconds
[2024-07-25T16:18:58.556+0000] {processor.py:154} INFO - Started process (PID=877) to work on /home/airflow/.local/lib/python3.7/site-packages/airflow/example_dags/example_sla_dag.py
[2024-07-25T16:18:58.557+0000] {processor.py:756} INFO - Processing file /home/airflow/.local/lib/python3.7/site-packages/airflow/example_dags/example_sla_dag.py for tasks to queue
[2024-07-25T16:18:58.558+0000] {logging_mixin.py:120} INFO - [2024-07-25T16:18:58.558+0000] {dagbag.py:537} INFO - Filling up the DagBag from /home/airflow/.local/lib/python3.7/site-packages/airflow/example_dags/example_sla_dag.py
[2024-07-25T16:18:58.573+0000] {processor.py:766} INFO - DAG(s) dict_keys(['example_sla_dag']) retrieved from /home/airflow/.local/lib/python3.7/site-packages/airflow/example_dags/example_sla_dag.py
[2024-07-25T16:18:58.595+0000] {logging_mixin.py:120} INFO - [2024-07-25T16:18:58.595+0000] {dag.py:2585} INFO - Sync 1 DAGs
[2024-07-25T16:18:58.608+0000] {logging_mixin.py:120} INFO - [2024-07-25T16:18:58.608+0000] {dag.py:3340} INFO - Setting next_dagrun for example_sla_dag to 2024-07-25T16:16:00+00:00, run_after=2024-07-25T16:18:00+00:00
[2024-07-25T16:18:58.624+0000] {processor.py:176} INFO - Processing /home/airflow/.local/lib/python3.7/site-packages/airflow/example_dags/example_sla_dag.py took 0.070 seconds
[2024-07-25T16:19:29.567+0000] {processor.py:154} INFO - Started process (PID=941) to work on /home/airflow/.local/lib/python3.7/site-packages/airflow/example_dags/example_sla_dag.py
[2024-07-25T16:19:29.569+0000] {processor.py:756} INFO - Processing file /home/airflow/.local/lib/python3.7/site-packages/airflow/example_dags/example_sla_dag.py for tasks to queue
[2024-07-25T16:19:29.569+0000] {logging_mixin.py:120} INFO - [2024-07-25T16:19:29.569+0000] {dagbag.py:537} INFO - Filling up the DagBag from /home/airflow/.local/lib/python3.7/site-packages/airflow/example_dags/example_sla_dag.py
[2024-07-25T16:19:29.582+0000] {processor.py:766} INFO - DAG(s) dict_keys(['example_sla_dag']) retrieved from /home/airflow/.local/lib/python3.7/site-packages/airflow/example_dags/example_sla_dag.py
[2024-07-25T16:19:29.611+0000] {logging_mixin.py:120} INFO - [2024-07-25T16:19:29.611+0000] {dag.py:2585} INFO - Sync 1 DAGs
[2024-07-25T16:19:29.627+0000] {logging_mixin.py:120} INFO - [2024-07-25T16:19:29.627+0000] {dag.py:3340} INFO - Setting next_dagrun for example_sla_dag to 2024-07-25T16:16:00+00:00, run_after=2024-07-25T16:18:00+00:00
[2024-07-25T16:19:29.642+0000] {processor.py:176} INFO - Processing /home/airflow/.local/lib/python3.7/site-packages/airflow/example_dags/example_sla_dag.py took 0.077 seconds
[2024-07-25T16:20:00.267+0000] {processor.py:154} INFO - Started process (PID=1004) to work on /home/airflow/.local/lib/python3.7/site-packages/airflow/example_dags/example_sla_dag.py
[2024-07-25T16:20:00.270+0000] {processor.py:756} INFO - Processing file /home/airflow/.local/lib/python3.7/site-packages/airflow/example_dags/example_sla_dag.py for tasks to queue
[2024-07-25T16:20:00.270+0000] {logging_mixin.py:120} INFO - [2024-07-25T16:20:00.270+0000] {dagbag.py:537} INFO - Filling up the DagBag from /home/airflow/.local/lib/python3.7/site-packages/airflow/example_dags/example_sla_dag.py
[2024-07-25T16:20:00.284+0000] {processor.py:766} INFO - DAG(s) dict_keys(['example_sla_dag']) retrieved from /home/airflow/.local/lib/python3.7/site-packages/airflow/example_dags/example_sla_dag.py
[2024-07-25T16:20:00.311+0000] {logging_mixin.py:120} INFO - [2024-07-25T16:20:00.311+0000] {dag.py:2585} INFO - Sync 1 DAGs
[2024-07-25T16:20:00.327+0000] {logging_mixin.py:120} INFO - [2024-07-25T16:20:00.327+0000] {dag.py:3340} INFO - Setting next_dagrun for example_sla_dag to 2024-07-25T16:18:00+00:00, run_after=2024-07-25T16:20:00+00:00
[2024-07-25T16:20:00.342+0000] {processor.py:176} INFO - Processing /home/airflow/.local/lib/python3.7/site-packages/airflow/example_dags/example_sla_dag.py took 0.076 seconds
[2024-07-25T16:20:31.226+0000] {processor.py:154} INFO - Started process (PID=1068) to work on /home/airflow/.local/lib/python3.7/site-packages/airflow/example_dags/example_sla_dag.py
[2024-07-25T16:20:31.226+0000] {processor.py:756} INFO - Processing file /home/airflow/.local/lib/python3.7/site-packages/airflow/example_dags/example_sla_dag.py for tasks to queue
[2024-07-25T16:20:31.227+0000] {logging_mixin.py:120} INFO - [2024-07-25T16:20:31.227+0000] {dagbag.py:537} INFO - Filling up the DagBag from /home/airflow/.local/lib/python3.7/site-packages/airflow/example_dags/example_sla_dag.py
[2024-07-25T16:20:31.239+0000] {processor.py:766} INFO - DAG(s) dict_keys(['example_sla_dag']) retrieved from /home/airflow/.local/lib/python3.7/site-packages/airflow/example_dags/example_sla_dag.py
[2024-07-25T16:20:31.261+0000] {logging_mixin.py:120} INFO - [2024-07-25T16:20:31.261+0000] {dag.py:2585} INFO - Sync 1 DAGs
[2024-07-25T16:20:31.282+0000] {logging_mixin.py:120} INFO - [2024-07-25T16:20:31.281+0000] {dag.py:3340} INFO - Setting next_dagrun for example_sla_dag to 2024-07-25T16:18:00+00:00, run_after=2024-07-25T16:20:00+00:00
[2024-07-25T16:20:31.301+0000] {processor.py:176} INFO - Processing /home/airflow/.local/lib/python3.7/site-packages/airflow/example_dags/example_sla_dag.py took 0.077 seconds
[2024-07-25T16:21:02.030+0000] {processor.py:154} INFO - Started process (PID=1132) to work on /home/airflow/.local/lib/python3.7/site-packages/airflow/example_dags/example_sla_dag.py
[2024-07-25T16:21:02.032+0000] {processor.py:756} INFO - Processing file /home/airflow/.local/lib/python3.7/site-packages/airflow/example_dags/example_sla_dag.py for tasks to queue
[2024-07-25T16:21:02.032+0000] {logging_mixin.py:120} INFO - [2024-07-25T16:21:02.032+0000] {dagbag.py:537} INFO - Filling up the DagBag from /home/airflow/.local/lib/python3.7/site-packages/airflow/example_dags/example_sla_dag.py
[2024-07-25T16:21:02.043+0000] {processor.py:766} INFO - DAG(s) dict_keys(['example_sla_dag']) retrieved from /home/airflow/.local/lib/python3.7/site-packages/airflow/example_dags/example_sla_dag.py
[2024-07-25T16:21:02.066+0000] {logging_mixin.py:120} INFO - [2024-07-25T16:21:02.066+0000] {dag.py:2585} INFO - Sync 1 DAGs
[2024-07-25T16:21:02.082+0000] {logging_mixin.py:120} INFO - [2024-07-25T16:21:02.082+0000] {dag.py:3340} INFO - Setting next_dagrun for example_sla_dag to 2024-07-25T16:18:00+00:00, run_after=2024-07-25T16:20:00+00:00
[2024-07-25T16:21:02.096+0000] {processor.py:176} INFO - Processing /home/airflow/.local/lib/python3.7/site-packages/airflow/example_dags/example_sla_dag.py took 0.068 seconds
[2024-07-25T16:21:32.822+0000] {processor.py:154} INFO - Started process (PID=1196) to work on /home/airflow/.local/lib/python3.7/site-packages/airflow/example_dags/example_sla_dag.py
[2024-07-25T16:21:32.823+0000] {processor.py:756} INFO - Processing file /home/airflow/.local/lib/python3.7/site-packages/airflow/example_dags/example_sla_dag.py for tasks to queue
[2024-07-25T16:21:32.823+0000] {logging_mixin.py:120} INFO - [2024-07-25T16:21:32.823+0000] {dagbag.py:537} INFO - Filling up the DagBag from /home/airflow/.local/lib/python3.7/site-packages/airflow/example_dags/example_sla_dag.py
[2024-07-25T16:21:32.835+0000] {processor.py:766} INFO - DAG(s) dict_keys(['example_sla_dag']) retrieved from /home/airflow/.local/lib/python3.7/site-packages/airflow/example_dags/example_sla_dag.py
[2024-07-25T16:21:32.863+0000] {logging_mixin.py:120} INFO - [2024-07-25T16:21:32.863+0000] {dag.py:2585} INFO - Sync 1 DAGs
[2024-07-25T16:21:32.883+0000] {logging_mixin.py:120} INFO - [2024-07-25T16:21:32.883+0000] {dag.py:3340} INFO - Setting next_dagrun for example_sla_dag to 2024-07-25T16:18:00+00:00, run_after=2024-07-25T16:20:00+00:00
[2024-07-25T16:21:32.898+0000] {processor.py:176} INFO - Processing /home/airflow/.local/lib/python3.7/site-packages/airflow/example_dags/example_sla_dag.py took 0.078 seconds
[2024-07-25T16:22:03.717+0000] {processor.py:154} INFO - Started process (PID=1260) to work on /home/airflow/.local/lib/python3.7/site-packages/airflow/example_dags/example_sla_dag.py
[2024-07-25T16:22:03.719+0000] {processor.py:756} INFO - Processing file /home/airflow/.local/lib/python3.7/site-packages/airflow/example_dags/example_sla_dag.py for tasks to queue
[2024-07-25T16:22:03.720+0000] {logging_mixin.py:120} INFO - [2024-07-25T16:22:03.720+0000] {dagbag.py:537} INFO - Filling up the DagBag from /home/airflow/.local/lib/python3.7/site-packages/airflow/example_dags/example_sla_dag.py
[2024-07-25T16:22:03.734+0000] {processor.py:766} INFO - DAG(s) dict_keys(['example_sla_dag']) retrieved from /home/airflow/.local/lib/python3.7/site-packages/airflow/example_dags/example_sla_dag.py
[2024-07-25T16:22:03.759+0000] {logging_mixin.py:120} INFO - [2024-07-25T16:22:03.759+0000] {dag.py:2585} INFO - Sync 1 DAGs
[2024-07-25T16:22:03.776+0000] {logging_mixin.py:120} INFO - [2024-07-25T16:22:03.776+0000] {dag.py:3340} INFO - Setting next_dagrun for example_sla_dag to 2024-07-25T16:20:00+00:00, run_after=2024-07-25T16:22:00+00:00
[2024-07-25T16:22:03.796+0000] {processor.py:176} INFO - Processing /home/airflow/.local/lib/python3.7/site-packages/airflow/example_dags/example_sla_dag.py took 0.080 seconds
[2024-07-25T16:22:34.411+0000] {processor.py:154} INFO - Started process (PID=1315) to work on /home/airflow/.local/lib/python3.7/site-packages/airflow/example_dags/example_sla_dag.py
[2024-07-25T16:22:34.415+0000] {processor.py:756} INFO - Processing file /home/airflow/.local/lib/python3.7/site-packages/airflow/example_dags/example_sla_dag.py for tasks to queue
[2024-07-25T16:22:34.416+0000] {logging_mixin.py:120} INFO - [2024-07-25T16:22:34.415+0000] {dagbag.py:537} INFO - Filling up the DagBag from /home/airflow/.local/lib/python3.7/site-packages/airflow/example_dags/example_sla_dag.py
[2024-07-25T16:22:34.426+0000] {processor.py:766} INFO - DAG(s) dict_keys(['example_sla_dag']) retrieved from /home/airflow/.local/lib/python3.7/site-packages/airflow/example_dags/example_sla_dag.py
[2024-07-25T16:22:34.446+0000] {logging_mixin.py:120} INFO - [2024-07-25T16:22:34.446+0000] {dag.py:2585} INFO - Sync 1 DAGs
[2024-07-25T16:22:34.463+0000] {logging_mixin.py:120} INFO - [2024-07-25T16:22:34.463+0000] {dag.py:3340} INFO - Setting next_dagrun for example_sla_dag to 2024-07-25T16:20:00+00:00, run_after=2024-07-25T16:22:00+00:00
[2024-07-25T16:22:34.474+0000] {processor.py:176} INFO - Processing /home/airflow/.local/lib/python3.7/site-packages/airflow/example_dags/example_sla_dag.py took 0.064 seconds
[2024-07-25T16:23:05.155+0000] {processor.py:154} INFO - Started process (PID=1379) to work on /home/airflow/.local/lib/python3.7/site-packages/airflow/example_dags/example_sla_dag.py
[2024-07-25T16:23:05.156+0000] {processor.py:756} INFO - Processing file /home/airflow/.local/lib/python3.7/site-packages/airflow/example_dags/example_sla_dag.py for tasks to queue
[2024-07-25T16:23:05.159+0000] {logging_mixin.py:120} INFO - [2024-07-25T16:23:05.159+0000] {dagbag.py:537} INFO - Filling up the DagBag from /home/airflow/.local/lib/python3.7/site-packages/airflow/example_dags/example_sla_dag.py
[2024-07-25T16:23:05.171+0000] {processor.py:766} INFO - DAG(s) dict_keys(['example_sla_dag']) retrieved from /home/airflow/.local/lib/python3.7/site-packages/airflow/example_dags/example_sla_dag.py
[2024-07-25T16:23:05.193+0000] {logging_mixin.py:120} INFO - [2024-07-25T16:23:05.192+0000] {dag.py:2585} INFO - Sync 1 DAGs
[2024-07-25T16:23:05.207+0000] {logging_mixin.py:120} INFO - [2024-07-25T16:23:05.207+0000] {dag.py:3340} INFO - Setting next_dagrun for example_sla_dag to 2024-07-25T16:20:00+00:00, run_after=2024-07-25T16:22:00+00:00
[2024-07-25T16:23:05.218+0000] {processor.py:176} INFO - Processing /home/airflow/.local/lib/python3.7/site-packages/airflow/example_dags/example_sla_dag.py took 0.065 seconds
[2024-07-25T16:23:35.911+0000] {processor.py:154} INFO - Started process (PID=1442) to work on /home/airflow/.local/lib/python3.7/site-packages/airflow/example_dags/example_sla_dag.py
[2024-07-25T16:23:35.915+0000] {processor.py:756} INFO - Processing file /home/airflow/.local/lib/python3.7/site-packages/airflow/example_dags/example_sla_dag.py for tasks to queue
[2024-07-25T16:23:35.915+0000] {logging_mixin.py:120} INFO - [2024-07-25T16:23:35.915+0000] {dagbag.py:537} INFO - Filling up the DagBag from /home/airflow/.local/lib/python3.7/site-packages/airflow/example_dags/example_sla_dag.py
[2024-07-25T16:23:35.927+0000] {processor.py:766} INFO - DAG(s) dict_keys(['example_sla_dag']) retrieved from /home/airflow/.local/lib/python3.7/site-packages/airflow/example_dags/example_sla_dag.py
[2024-07-25T16:23:35.948+0000] {logging_mixin.py:120} INFO - [2024-07-25T16:23:35.948+0000] {dag.py:2585} INFO - Sync 1 DAGs
[2024-07-25T16:23:35.964+0000] {logging_mixin.py:120} INFO - [2024-07-25T16:23:35.964+0000] {dag.py:3340} INFO - Setting next_dagrun for example_sla_dag to 2024-07-25T16:20:00+00:00, run_after=2024-07-25T16:22:00+00:00
[2024-07-25T16:23:35.975+0000] {processor.py:176} INFO - Processing /home/airflow/.local/lib/python3.7/site-packages/airflow/example_dags/example_sla_dag.py took 0.066 seconds
[2024-07-25T16:24:06.642+0000] {processor.py:154} INFO - Started process (PID=1506) to work on /home/airflow/.local/lib/python3.7/site-packages/airflow/example_dags/example_sla_dag.py
[2024-07-25T16:24:06.643+0000] {processor.py:756} INFO - Processing file /home/airflow/.local/lib/python3.7/site-packages/airflow/example_dags/example_sla_dag.py for tasks to queue
[2024-07-25T16:24:06.644+0000] {logging_mixin.py:120} INFO - [2024-07-25T16:24:06.643+0000] {dagbag.py:537} INFO - Filling up the DagBag from /home/airflow/.local/lib/python3.7/site-packages/airflow/example_dags/example_sla_dag.py
[2024-07-25T16:24:06.656+0000] {processor.py:766} INFO - DAG(s) dict_keys(['example_sla_dag']) retrieved from /home/airflow/.local/lib/python3.7/site-packages/airflow/example_dags/example_sla_dag.py
[2024-07-25T16:24:06.676+0000] {logging_mixin.py:120} INFO - [2024-07-25T16:24:06.676+0000] {dag.py:2585} INFO - Sync 1 DAGs
[2024-07-25T16:24:06.691+0000] {logging_mixin.py:120} INFO - [2024-07-25T16:24:06.691+0000] {dag.py:3340} INFO - Setting next_dagrun for example_sla_dag to 2024-07-25T16:22:00+00:00, run_after=2024-07-25T16:24:00+00:00
[2024-07-25T16:24:06.700+0000] {processor.py:176} INFO - Processing /home/airflow/.local/lib/python3.7/site-packages/airflow/example_dags/example_sla_dag.py took 0.060 seconds
[2024-07-25T16:24:37.270+0000] {processor.py:154} INFO - Started process (PID=1570) to work on /home/airflow/.local/lib/python3.7/site-packages/airflow/example_dags/example_sla_dag.py
[2024-07-25T16:24:37.274+0000] {processor.py:756} INFO - Processing file /home/airflow/.local/lib/python3.7/site-packages/airflow/example_dags/example_sla_dag.py for tasks to queue
[2024-07-25T16:24:37.274+0000] {logging_mixin.py:120} INFO - [2024-07-25T16:24:37.274+0000] {dagbag.py:537} INFO - Filling up the DagBag from /home/airflow/.local/lib/python3.7/site-packages/airflow/example_dags/example_sla_dag.py
[2024-07-25T16:24:37.286+0000] {processor.py:766} INFO - DAG(s) dict_keys(['example_sla_dag']) retrieved from /home/airflow/.local/lib/python3.7/site-packages/airflow/example_dags/example_sla_dag.py
[2024-07-25T16:24:37.307+0000] {logging_mixin.py:120} INFO - [2024-07-25T16:24:37.307+0000] {dag.py:2585} INFO - Sync 1 DAGs
[2024-07-25T16:24:37.323+0000] {logging_mixin.py:120} INFO - [2024-07-25T16:24:37.323+0000] {dag.py:3340} INFO - Setting next_dagrun for example_sla_dag to 2024-07-25T16:22:00+00:00, run_after=2024-07-25T16:24:00+00:00
[2024-07-25T16:24:37.334+0000] {processor.py:176} INFO - Processing /home/airflow/.local/lib/python3.7/site-packages/airflow/example_dags/example_sla_dag.py took 0.066 seconds
[2024-07-25T16:25:08.113+0000] {processor.py:154} INFO - Started process (PID=1634) to work on /home/airflow/.local/lib/python3.7/site-packages/airflow/example_dags/example_sla_dag.py
[2024-07-25T16:25:08.113+0000] {processor.py:756} INFO - Processing file /home/airflow/.local/lib/python3.7/site-packages/airflow/example_dags/example_sla_dag.py for tasks to queue
[2024-07-25T16:25:08.117+0000] {logging_mixin.py:120} INFO - [2024-07-25T16:25:08.117+0000] {dagbag.py:537} INFO - Filling up the DagBag from /home/airflow/.local/lib/python3.7/site-packages/airflow/example_dags/example_sla_dag.py
[2024-07-25T16:25:08.131+0000] {processor.py:766} INFO - DAG(s) dict_keys(['example_sla_dag']) retrieved from /home/airflow/.local/lib/python3.7/site-packages/airflow/example_dags/example_sla_dag.py
[2024-07-25T16:25:08.157+0000] {logging_mixin.py:120} INFO - [2024-07-25T16:25:08.157+0000] {dag.py:2585} INFO - Sync 1 DAGs
[2024-07-25T16:25:08.177+0000] {logging_mixin.py:120} INFO - [2024-07-25T16:25:08.177+0000] {dag.py:3340} INFO - Setting next_dagrun for example_sla_dag to 2024-07-25T16:22:00+00:00, run_after=2024-07-25T16:24:00+00:00
[2024-07-25T16:25:08.190+0000] {processor.py:176} INFO - Processing /home/airflow/.local/lib/python3.7/site-packages/airflow/example_dags/example_sla_dag.py took 0.080 seconds
[2024-07-25T16:25:38.965+0000] {processor.py:154} INFO - Started process (PID=1698) to work on /home/airflow/.local/lib/python3.7/site-packages/airflow/example_dags/example_sla_dag.py
[2024-07-25T16:25:38.967+0000] {processor.py:756} INFO - Processing file /home/airflow/.local/lib/python3.7/site-packages/airflow/example_dags/example_sla_dag.py for tasks to queue
[2024-07-25T16:25:38.967+0000] {logging_mixin.py:120} INFO - [2024-07-25T16:25:38.967+0000] {dagbag.py:537} INFO - Filling up the DagBag from /home/airflow/.local/lib/python3.7/site-packages/airflow/example_dags/example_sla_dag.py
[2024-07-25T16:25:38.981+0000] {processor.py:766} INFO - DAG(s) dict_keys(['example_sla_dag']) retrieved from /home/airflow/.local/lib/python3.7/site-packages/airflow/example_dags/example_sla_dag.py
[2024-07-25T16:25:39.003+0000] {logging_mixin.py:120} INFO - [2024-07-25T16:25:39.003+0000] {dag.py:2585} INFO - Sync 1 DAGs
[2024-07-25T16:25:39.018+0000] {logging_mixin.py:120} INFO - [2024-07-25T16:25:39.018+0000] {dag.py:3340} INFO - Setting next_dagrun for example_sla_dag to 2024-07-25T16:22:00+00:00, run_after=2024-07-25T16:24:00+00:00
[2024-07-25T16:25:39.031+0000] {processor.py:176} INFO - Processing /home/airflow/.local/lib/python3.7/site-packages/airflow/example_dags/example_sla_dag.py took 0.068 seconds
[2024-07-25T16:26:09.434+0000] {processor.py:154} INFO - Started process (PID=1761) to work on /home/airflow/.local/lib/python3.7/site-packages/airflow/example_dags/example_sla_dag.py
[2024-07-25T16:26:09.435+0000] {processor.py:756} INFO - Processing file /home/airflow/.local/lib/python3.7/site-packages/airflow/example_dags/example_sla_dag.py for tasks to queue
[2024-07-25T16:26:09.436+0000] {logging_mixin.py:120} INFO - [2024-07-25T16:26:09.436+0000] {dagbag.py:537} INFO - Filling up the DagBag from /home/airflow/.local/lib/python3.7/site-packages/airflow/example_dags/example_sla_dag.py
[2024-07-25T16:26:09.455+0000] {processor.py:766} INFO - DAG(s) dict_keys(['example_sla_dag']) retrieved from /home/airflow/.local/lib/python3.7/site-packages/airflow/example_dags/example_sla_dag.py
[2024-07-25T16:26:09.491+0000] {logging_mixin.py:120} INFO - [2024-07-25T16:26:09.491+0000] {dag.py:2585} INFO - Sync 1 DAGs
[2024-07-25T16:26:09.520+0000] {logging_mixin.py:120} INFO - [2024-07-25T16:26:09.520+0000] {dag.py:3340} INFO - Setting next_dagrun for example_sla_dag to 2024-07-25T16:24:00+00:00, run_after=2024-07-25T16:26:00+00:00
[2024-07-25T16:26:09.549+0000] {processor.py:176} INFO - Processing /home/airflow/.local/lib/python3.7/site-packages/airflow/example_dags/example_sla_dag.py took 0.118 seconds
[2024-07-25T16:26:39.783+0000] {processor.py:154} INFO - Started process (PID=1816) to work on /home/airflow/.local/lib/python3.7/site-packages/airflow/example_dags/example_sla_dag.py
[2024-07-25T16:26:39.784+0000] {processor.py:756} INFO - Processing file /home/airflow/.local/lib/python3.7/site-packages/airflow/example_dags/example_sla_dag.py for tasks to queue
[2024-07-25T16:26:39.785+0000] {logging_mixin.py:120} INFO - [2024-07-25T16:26:39.785+0000] {dagbag.py:537} INFO - Filling up the DagBag from /home/airflow/.local/lib/python3.7/site-packages/airflow/example_dags/example_sla_dag.py
[2024-07-25T16:26:39.801+0000] {processor.py:766} INFO - DAG(s) dict_keys(['example_sla_dag']) retrieved from /home/airflow/.local/lib/python3.7/site-packages/airflow/example_dags/example_sla_dag.py
[2024-07-25T16:26:39.833+0000] {logging_mixin.py:120} INFO - [2024-07-25T16:26:39.833+0000] {dag.py:2585} INFO - Sync 1 DAGs
[2024-07-25T16:26:39.859+0000] {logging_mixin.py:120} INFO - [2024-07-25T16:26:39.858+0000] {dag.py:3340} INFO - Setting next_dagrun for example_sla_dag to 2024-07-25T16:24:00+00:00, run_after=2024-07-25T16:26:00+00:00
[2024-07-25T16:26:39.872+0000] {processor.py:176} INFO - Processing /home/airflow/.local/lib/python3.7/site-packages/airflow/example_dags/example_sla_dag.py took 0.093 seconds
[2024-07-25T16:27:09.895+0000] {processor.py:154} INFO - Started process (PID=1880) to work on /home/airflow/.local/lib/python3.7/site-packages/airflow/example_dags/example_sla_dag.py
[2024-07-25T16:27:09.896+0000] {processor.py:756} INFO - Processing file /home/airflow/.local/lib/python3.7/site-packages/airflow/example_dags/example_sla_dag.py for tasks to queue
[2024-07-25T16:27:09.897+0000] {logging_mixin.py:120} INFO - [2024-07-25T16:27:09.897+0000] {dagbag.py:537} INFO - Filling up the DagBag from /home/airflow/.local/lib/python3.7/site-packages/airflow/example_dags/example_sla_dag.py
[2024-07-25T16:27:09.915+0000] {processor.py:766} INFO - DAG(s) dict_keys(['example_sla_dag']) retrieved from /home/airflow/.local/lib/python3.7/site-packages/airflow/example_dags/example_sla_dag.py
[2024-07-25T16:27:09.948+0000] {logging_mixin.py:120} INFO - [2024-07-25T16:27:09.948+0000] {dag.py:2585} INFO - Sync 1 DAGs
[2024-07-25T16:27:09.976+0000] {logging_mixin.py:120} INFO - [2024-07-25T16:27:09.976+0000] {dag.py:3340} INFO - Setting next_dagrun for example_sla_dag to 2024-07-25T16:24:00+00:00, run_after=2024-07-25T16:26:00+00:00
[2024-07-25T16:27:10.006+0000] {processor.py:176} INFO - Processing /home/airflow/.local/lib/python3.7/site-packages/airflow/example_dags/example_sla_dag.py took 0.114 seconds
[2024-07-25T16:27:40.116+0000] {processor.py:154} INFO - Started process (PID=1944) to work on /home/airflow/.local/lib/python3.7/site-packages/airflow/example_dags/example_sla_dag.py
[2024-07-25T16:27:40.120+0000] {processor.py:756} INFO - Processing file /home/airflow/.local/lib/python3.7/site-packages/airflow/example_dags/example_sla_dag.py for tasks to queue
[2024-07-25T16:27:40.121+0000] {logging_mixin.py:120} INFO - [2024-07-25T16:27:40.121+0000] {dagbag.py:537} INFO - Filling up the DagBag from /home/airflow/.local/lib/python3.7/site-packages/airflow/example_dags/example_sla_dag.py
[2024-07-25T16:27:40.137+0000] {processor.py:766} INFO - DAG(s) dict_keys(['example_sla_dag']) retrieved from /home/airflow/.local/lib/python3.7/site-packages/airflow/example_dags/example_sla_dag.py
[2024-07-25T16:27:40.173+0000] {logging_mixin.py:120} INFO - [2024-07-25T16:27:40.172+0000] {dag.py:2585} INFO - Sync 1 DAGs
[2024-07-25T16:27:40.197+0000] {logging_mixin.py:120} INFO - [2024-07-25T16:27:40.197+0000] {dag.py:3340} INFO - Setting next_dagrun for example_sla_dag to 2024-07-25T16:24:00+00:00, run_after=2024-07-25T16:26:00+00:00
[2024-07-25T16:27:40.217+0000] {processor.py:176} INFO - Processing /home/airflow/.local/lib/python3.7/site-packages/airflow/example_dags/example_sla_dag.py took 0.120 seconds
[2024-07-25T16:28:10.841+0000] {processor.py:154} INFO - Started process (PID=2008) to work on /home/airflow/.local/lib/python3.7/site-packages/airflow/example_dags/example_sla_dag.py
[2024-07-25T16:28:10.842+0000] {processor.py:756} INFO - Processing file /home/airflow/.local/lib/python3.7/site-packages/airflow/example_dags/example_sla_dag.py for tasks to queue
[2024-07-25T16:28:10.843+0000] {logging_mixin.py:120} INFO - [2024-07-25T16:28:10.843+0000] {dagbag.py:537} INFO - Filling up the DagBag from /home/airflow/.local/lib/python3.7/site-packages/airflow/example_dags/example_sla_dag.py
[2024-07-25T16:28:10.865+0000] {processor.py:766} INFO - DAG(s) dict_keys(['example_sla_dag']) retrieved from /home/airflow/.local/lib/python3.7/site-packages/airflow/example_dags/example_sla_dag.py
[2024-07-25T16:28:10.907+0000] {logging_mixin.py:120} INFO - [2024-07-25T16:28:10.907+0000] {dag.py:2585} INFO - Sync 1 DAGs
[2024-07-25T16:28:10.938+0000] {logging_mixin.py:120} INFO - [2024-07-25T16:28:10.938+0000] {dag.py:3340} INFO - Setting next_dagrun for example_sla_dag to 2024-07-25T16:26:00+00:00, run_after=2024-07-25T16:28:00+00:00
[2024-07-25T16:28:10.965+0000] {processor.py:176} INFO - Processing /home/airflow/.local/lib/python3.7/site-packages/airflow/example_dags/example_sla_dag.py took 0.129 seconds
[2024-07-25T16:28:41.135+0000] {processor.py:154} INFO - Started process (PID=2063) to work on /home/airflow/.local/lib/python3.7/site-packages/airflow/example_dags/example_sla_dag.py
[2024-07-25T16:28:41.135+0000] {processor.py:756} INFO - Processing file /home/airflow/.local/lib/python3.7/site-packages/airflow/example_dags/example_sla_dag.py for tasks to queue
[2024-07-25T16:28:41.136+0000] {logging_mixin.py:120} INFO - [2024-07-25T16:28:41.136+0000] {dagbag.py:537} INFO - Filling up the DagBag from /home/airflow/.local/lib/python3.7/site-packages/airflow/example_dags/example_sla_dag.py
[2024-07-25T16:28:41.153+0000] {processor.py:766} INFO - DAG(s) dict_keys(['example_sla_dag']) retrieved from /home/airflow/.local/lib/python3.7/site-packages/airflow/example_dags/example_sla_dag.py
[2024-07-25T16:28:41.182+0000] {logging_mixin.py:120} INFO - [2024-07-25T16:28:41.182+0000] {dag.py:2585} INFO - Sync 1 DAGs
[2024-07-25T16:28:41.201+0000] {logging_mixin.py:120} INFO - [2024-07-25T16:28:41.201+0000] {dag.py:3340} INFO - Setting next_dagrun for example_sla_dag to 2024-07-25T16:26:00+00:00, run_after=2024-07-25T16:28:00+00:00
[2024-07-25T16:28:41.215+0000] {processor.py:176} INFO - Processing /home/airflow/.local/lib/python3.7/site-packages/airflow/example_dags/example_sla_dag.py took 0.083 seconds
[2024-07-25T16:29:11.869+0000] {processor.py:154} INFO - Started process (PID=2126) to work on /home/airflow/.local/lib/python3.7/site-packages/airflow/example_dags/example_sla_dag.py
[2024-07-25T16:29:11.871+0000] {processor.py:756} INFO - Processing file /home/airflow/.local/lib/python3.7/site-packages/airflow/example_dags/example_sla_dag.py for tasks to queue
[2024-07-25T16:29:11.872+0000] {logging_mixin.py:120} INFO - [2024-07-25T16:29:11.872+0000] {dagbag.py:537} INFO - Filling up the DagBag from /home/airflow/.local/lib/python3.7/site-packages/airflow/example_dags/example_sla_dag.py
[2024-07-25T16:29:11.886+0000] {processor.py:766} INFO - DAG(s) dict_keys(['example_sla_dag']) retrieved from /home/airflow/.local/lib/python3.7/site-packages/airflow/example_dags/example_sla_dag.py
[2024-07-25T16:29:11.907+0000] {logging_mixin.py:120} INFO - [2024-07-25T16:29:11.907+0000] {dag.py:2585} INFO - Sync 1 DAGs
[2024-07-25T16:29:11.920+0000] {logging_mixin.py:120} INFO - [2024-07-25T16:29:11.920+0000] {dag.py:3340} INFO - Setting next_dagrun for example_sla_dag to 2024-07-25T16:26:00+00:00, run_after=2024-07-25T16:28:00+00:00
[2024-07-25T16:29:11.928+0000] {processor.py:176} INFO - Processing /home/airflow/.local/lib/python3.7/site-packages/airflow/example_dags/example_sla_dag.py took 0.061 seconds
[2024-07-25T16:29:42.495+0000] {processor.py:154} INFO - Started process (PID=2189) to work on /home/airflow/.local/lib/python3.7/site-packages/airflow/example_dags/example_sla_dag.py
[2024-07-25T16:29:42.496+0000] {processor.py:756} INFO - Processing file /home/airflow/.local/lib/python3.7/site-packages/airflow/example_dags/example_sla_dag.py for tasks to queue
[2024-07-25T16:29:42.499+0000] {logging_mixin.py:120} INFO - [2024-07-25T16:29:42.499+0000] {dagbag.py:537} INFO - Filling up the DagBag from /home/airflow/.local/lib/python3.7/site-packages/airflow/example_dags/example_sla_dag.py
[2024-07-25T16:29:42.513+0000] {processor.py:766} INFO - DAG(s) dict_keys(['example_sla_dag']) retrieved from /home/airflow/.local/lib/python3.7/site-packages/airflow/example_dags/example_sla_dag.py
[2024-07-25T16:29:42.537+0000] {logging_mixin.py:120} INFO - [2024-07-25T16:29:42.537+0000] {dag.py:2585} INFO - Sync 1 DAGs
[2024-07-25T16:29:42.551+0000] {logging_mixin.py:120} INFO - [2024-07-25T16:29:42.551+0000] {dag.py:3340} INFO - Setting next_dagrun for example_sla_dag to 2024-07-25T16:26:00+00:00, run_after=2024-07-25T16:28:00+00:00
[2024-07-25T16:29:42.562+0000] {processor.py:176} INFO - Processing /home/airflow/.local/lib/python3.7/site-packages/airflow/example_dags/example_sla_dag.py took 0.069 seconds
[2024-07-25T16:30:13.214+0000] {processor.py:154} INFO - Started process (PID=2253) to work on /home/airflow/.local/lib/python3.7/site-packages/airflow/example_dags/example_sla_dag.py
[2024-07-25T16:30:13.215+0000] {processor.py:756} INFO - Processing file /home/airflow/.local/lib/python3.7/site-packages/airflow/example_dags/example_sla_dag.py for tasks to queue
[2024-07-25T16:30:13.215+0000] {logging_mixin.py:120} INFO - [2024-07-25T16:30:13.215+0000] {dagbag.py:537} INFO - Filling up the DagBag from /home/airflow/.local/lib/python3.7/site-packages/airflow/example_dags/example_sla_dag.py
[2024-07-25T16:30:13.227+0000] {processor.py:766} INFO - DAG(s) dict_keys(['example_sla_dag']) retrieved from /home/airflow/.local/lib/python3.7/site-packages/airflow/example_dags/example_sla_dag.py
[2024-07-25T16:30:13.246+0000] {logging_mixin.py:120} INFO - [2024-07-25T16:30:13.246+0000] {dag.py:2585} INFO - Sync 1 DAGs
[2024-07-25T16:30:13.262+0000] {logging_mixin.py:120} INFO - [2024-07-25T16:30:13.262+0000] {dag.py:3340} INFO - Setting next_dagrun for example_sla_dag to 2024-07-25T16:28:00+00:00, run_after=2024-07-25T16:30:00+00:00
[2024-07-25T16:30:13.272+0000] {processor.py:176} INFO - Processing /home/airflow/.local/lib/python3.7/site-packages/airflow/example_dags/example_sla_dag.py took 0.059 seconds
[2024-07-25T16:30:43.834+0000] {processor.py:154} INFO - Started process (PID=2317) to work on /home/airflow/.local/lib/python3.7/site-packages/airflow/example_dags/example_sla_dag.py
[2024-07-25T16:30:43.836+0000] {processor.py:756} INFO - Processing file /home/airflow/.local/lib/python3.7/site-packages/airflow/example_dags/example_sla_dag.py for tasks to queue
[2024-07-25T16:30:43.837+0000] {logging_mixin.py:120} INFO - [2024-07-25T16:30:43.836+0000] {dagbag.py:537} INFO - Filling up the DagBag from /home/airflow/.local/lib/python3.7/site-packages/airflow/example_dags/example_sla_dag.py
[2024-07-25T16:30:43.849+0000] {processor.py:766} INFO - DAG(s) dict_keys(['example_sla_dag']) retrieved from /home/airflow/.local/lib/python3.7/site-packages/airflow/example_dags/example_sla_dag.py
[2024-07-25T16:30:43.869+0000] {logging_mixin.py:120} INFO - [2024-07-25T16:30:43.869+0000] {dag.py:2585} INFO - Sync 1 DAGs
[2024-07-25T16:30:43.883+0000] {logging_mixin.py:120} INFO - [2024-07-25T16:30:43.883+0000] {dag.py:3340} INFO - Setting next_dagrun for example_sla_dag to 2024-07-25T16:28:00+00:00, run_after=2024-07-25T16:30:00+00:00
[2024-07-25T16:30:43.892+0000] {processor.py:176} INFO - Processing /home/airflow/.local/lib/python3.7/site-packages/airflow/example_dags/example_sla_dag.py took 0.060 seconds
[2024-07-25T16:31:14.500+0000] {processor.py:154} INFO - Started process (PID=2381) to work on /home/airflow/.local/lib/python3.7/site-packages/airflow/example_dags/example_sla_dag.py
[2024-07-25T16:31:14.501+0000] {processor.py:756} INFO - Processing file /home/airflow/.local/lib/python3.7/site-packages/airflow/example_dags/example_sla_dag.py for tasks to queue
[2024-07-25T16:31:14.502+0000] {logging_mixin.py:120} INFO - [2024-07-25T16:31:14.502+0000] {dagbag.py:537} INFO - Filling up the DagBag from /home/airflow/.local/lib/python3.7/site-packages/airflow/example_dags/example_sla_dag.py
[2024-07-25T16:31:14.514+0000] {processor.py:766} INFO - DAG(s) dict_keys(['example_sla_dag']) retrieved from /home/airflow/.local/lib/python3.7/site-packages/airflow/example_dags/example_sla_dag.py
[2024-07-25T16:31:14.535+0000] {logging_mixin.py:120} INFO - [2024-07-25T16:31:14.535+0000] {dag.py:2585} INFO - Sync 1 DAGs
[2024-07-25T16:31:14.552+0000] {logging_mixin.py:120} INFO - [2024-07-25T16:31:14.552+0000] {dag.py:3340} INFO - Setting next_dagrun for example_sla_dag to 2024-07-25T16:28:00+00:00, run_after=2024-07-25T16:30:00+00:00
[2024-07-25T16:31:14.561+0000] {processor.py:176} INFO - Processing /home/airflow/.local/lib/python3.7/site-packages/airflow/example_dags/example_sla_dag.py took 0.063 seconds
[2024-07-25T16:40:53.186+0000] {processor.py:154} INFO - Started process (PID=2442) to work on /home/airflow/.local/lib/python3.7/site-packages/airflow/example_dags/example_sla_dag.py
[2024-07-25T16:40:53.187+0000] {processor.py:756} INFO - Processing file /home/airflow/.local/lib/python3.7/site-packages/airflow/example_dags/example_sla_dag.py for tasks to queue
[2024-07-25T16:40:53.188+0000] {logging_mixin.py:120} INFO - [2024-07-25T16:40:53.188+0000] {dagbag.py:537} INFO - Filling up the DagBag from /home/airflow/.local/lib/python3.7/site-packages/airflow/example_dags/example_sla_dag.py
[2024-07-25T16:40:53.200+0000] {processor.py:766} INFO - DAG(s) dict_keys(['example_sla_dag']) retrieved from /home/airflow/.local/lib/python3.7/site-packages/airflow/example_dags/example_sla_dag.py
[2024-07-25T16:40:53.220+0000] {logging_mixin.py:120} INFO - [2024-07-25T16:40:53.220+0000] {dag.py:2585} INFO - Sync 1 DAGs
[2024-07-25T16:40:53.234+0000] {logging_mixin.py:120} INFO - [2024-07-25T16:40:53.234+0000] {dag.py:3340} INFO - Setting next_dagrun for example_sla_dag to 2024-07-25T16:38:00+00:00, run_after=2024-07-25T16:40:00+00:00
[2024-07-25T16:40:53.246+0000] {processor.py:176} INFO - Processing /home/airflow/.local/lib/python3.7/site-packages/airflow/example_dags/example_sla_dag.py took 0.062 seconds
[2024-07-25T16:41:35.617+0000] {processor.py:154} INFO - Started process (PID=2506) to work on /home/airflow/.local/lib/python3.7/site-packages/airflow/example_dags/example_sla_dag.py
[2024-07-25T16:41:35.619+0000] {processor.py:756} INFO - Processing file /home/airflow/.local/lib/python3.7/site-packages/airflow/example_dags/example_sla_dag.py for tasks to queue
[2024-07-25T16:41:35.620+0000] {logging_mixin.py:120} INFO - [2024-07-25T16:41:35.620+0000] {dagbag.py:537} INFO - Filling up the DagBag from /home/airflow/.local/lib/python3.7/site-packages/airflow/example_dags/example_sla_dag.py
[2024-07-25T16:41:35.637+0000] {processor.py:766} INFO - DAG(s) dict_keys(['example_sla_dag']) retrieved from /home/airflow/.local/lib/python3.7/site-packages/airflow/example_dags/example_sla_dag.py
[2024-07-25T16:41:35.659+0000] {logging_mixin.py:120} INFO - [2024-07-25T16:41:35.659+0000] {dag.py:2585} INFO - Sync 1 DAGs
[2024-07-25T16:41:35.679+0000] {logging_mixin.py:120} INFO - [2024-07-25T16:41:35.679+0000] {dag.py:3340} INFO - Setting next_dagrun for example_sla_dag to 2024-07-25T16:38:00+00:00, run_after=2024-07-25T16:40:00+00:00
[2024-07-25T16:41:35.696+0000] {processor.py:176} INFO - Processing /home/airflow/.local/lib/python3.7/site-packages/airflow/example_dags/example_sla_dag.py took 0.082 seconds
[2024-07-25T16:42:06.665+0000] {processor.py:154} INFO - Started process (PID=2570) to work on /home/airflow/.local/lib/python3.7/site-packages/airflow/example_dags/example_sla_dag.py
[2024-07-25T16:42:06.666+0000] {processor.py:756} INFO - Processing file /home/airflow/.local/lib/python3.7/site-packages/airflow/example_dags/example_sla_dag.py for tasks to queue
[2024-07-25T16:42:06.666+0000] {logging_mixin.py:120} INFO - [2024-07-25T16:42:06.666+0000] {dagbag.py:537} INFO - Filling up the DagBag from /home/airflow/.local/lib/python3.7/site-packages/airflow/example_dags/example_sla_dag.py
[2024-07-25T16:42:06.681+0000] {processor.py:766} INFO - DAG(s) dict_keys(['example_sla_dag']) retrieved from /home/airflow/.local/lib/python3.7/site-packages/airflow/example_dags/example_sla_dag.py
[2024-07-25T16:42:06.706+0000] {logging_mixin.py:120} INFO - [2024-07-25T16:42:06.706+0000] {dag.py:2585} INFO - Sync 1 DAGs
[2024-07-25T16:42:06.721+0000] {logging_mixin.py:120} INFO - [2024-07-25T16:42:06.721+0000] {dag.py:3340} INFO - Setting next_dagrun for example_sla_dag to 2024-07-25T16:40:00+00:00, run_after=2024-07-25T16:42:00+00:00
[2024-07-25T16:42:06.733+0000] {processor.py:176} INFO - Processing /home/airflow/.local/lib/python3.7/site-packages/airflow/example_dags/example_sla_dag.py took 0.070 seconds
[2024-07-25T16:52:19.022+0000] {processor.py:154} INFO - Started process (PID=2634) to work on /home/airflow/.local/lib/python3.7/site-packages/airflow/example_dags/example_sla_dag.py
[2024-07-25T16:52:19.025+0000] {processor.py:756} INFO - Processing file /home/airflow/.local/lib/python3.7/site-packages/airflow/example_dags/example_sla_dag.py for tasks to queue
[2024-07-25T16:52:19.025+0000] {logging_mixin.py:120} INFO - [2024-07-25T16:52:19.025+0000] {dagbag.py:537} INFO - Filling up the DagBag from /home/airflow/.local/lib/python3.7/site-packages/airflow/example_dags/example_sla_dag.py
[2024-07-25T16:52:19.042+0000] {processor.py:766} INFO - DAG(s) dict_keys(['example_sla_dag']) retrieved from /home/airflow/.local/lib/python3.7/site-packages/airflow/example_dags/example_sla_dag.py
[2024-07-25T16:52:19.083+0000] {logging_mixin.py:120} INFO - [2024-07-25T16:52:19.083+0000] {dag.py:2585} INFO - Sync 1 DAGs
[2024-07-25T16:52:19.107+0000] {logging_mixin.py:120} INFO - [2024-07-25T16:52:19.107+0000] {dag.py:3340} INFO - Setting next_dagrun for example_sla_dag to 2024-07-25T16:50:00+00:00, run_after=2024-07-25T16:52:00+00:00
[2024-07-25T16:52:19.131+0000] {processor.py:176} INFO - Processing /home/airflow/.local/lib/python3.7/site-packages/airflow/example_dags/example_sla_dag.py took 0.111 seconds
[2024-07-25T16:52:49.214+0000] {processor.py:154} INFO - Started process (PID=2698) to work on /home/airflow/.local/lib/python3.7/site-packages/airflow/example_dags/example_sla_dag.py
[2024-07-25T16:52:49.215+0000] {processor.py:756} INFO - Processing file /home/airflow/.local/lib/python3.7/site-packages/airflow/example_dags/example_sla_dag.py for tasks to queue
[2024-07-25T16:52:49.215+0000] {logging_mixin.py:120} INFO - [2024-07-25T16:52:49.215+0000] {dagbag.py:537} INFO - Filling up the DagBag from /home/airflow/.local/lib/python3.7/site-packages/airflow/example_dags/example_sla_dag.py
[2024-07-25T16:52:49.232+0000] {processor.py:766} INFO - DAG(s) dict_keys(['example_sla_dag']) retrieved from /home/airflow/.local/lib/python3.7/site-packages/airflow/example_dags/example_sla_dag.py
[2024-07-25T16:52:49.263+0000] {logging_mixin.py:120} INFO - [2024-07-25T16:52:49.263+0000] {dag.py:2585} INFO - Sync 1 DAGs
[2024-07-25T16:52:49.279+0000] {logging_mixin.py:120} INFO - [2024-07-25T16:52:49.279+0000] {dag.py:3340} INFO - Setting next_dagrun for example_sla_dag to 2024-07-25T16:50:00+00:00, run_after=2024-07-25T16:52:00+00:00
[2024-07-25T16:52:49.295+0000] {processor.py:176} INFO - Processing /home/airflow/.local/lib/python3.7/site-packages/airflow/example_dags/example_sla_dag.py took 0.083 seconds
[2024-07-25T16:53:20.282+0000] {processor.py:154} INFO - Started process (PID=2753) to work on /home/airflow/.local/lib/python3.7/site-packages/airflow/example_dags/example_sla_dag.py
[2024-07-25T16:53:20.283+0000] {processor.py:756} INFO - Processing file /home/airflow/.local/lib/python3.7/site-packages/airflow/example_dags/example_sla_dag.py for tasks to queue
[2024-07-25T16:53:20.284+0000] {logging_mixin.py:120} INFO - [2024-07-25T16:53:20.284+0000] {dagbag.py:537} INFO - Filling up the DagBag from /home/airflow/.local/lib/python3.7/site-packages/airflow/example_dags/example_sla_dag.py
[2024-07-25T16:53:20.298+0000] {processor.py:766} INFO - DAG(s) dict_keys(['example_sla_dag']) retrieved from /home/airflow/.local/lib/python3.7/site-packages/airflow/example_dags/example_sla_dag.py
[2024-07-25T16:53:20.343+0000] {logging_mixin.py:120} INFO - [2024-07-25T16:53:20.343+0000] {dag.py:2585} INFO - Sync 1 DAGs
[2024-07-25T16:53:20.363+0000] {logging_mixin.py:120} INFO - [2024-07-25T16:53:20.363+0000] {dag.py:3340} INFO - Setting next_dagrun for example_sla_dag to 2024-07-25T16:50:00+00:00, run_after=2024-07-25T16:52:00+00:00
[2024-07-25T16:53:20.378+0000] {processor.py:176} INFO - Processing /home/airflow/.local/lib/python3.7/site-packages/airflow/example_dags/example_sla_dag.py took 0.098 seconds
[2024-07-25T16:53:51.261+0000] {processor.py:154} INFO - Started process (PID=2816) to work on /home/airflow/.local/lib/python3.7/site-packages/airflow/example_dags/example_sla_dag.py
[2024-07-25T16:53:51.262+0000] {processor.py:756} INFO - Processing file /home/airflow/.local/lib/python3.7/site-packages/airflow/example_dags/example_sla_dag.py for tasks to queue
[2024-07-25T16:53:51.262+0000] {logging_mixin.py:120} INFO - [2024-07-25T16:53:51.262+0000] {dagbag.py:537} INFO - Filling up the DagBag from /home/airflow/.local/lib/python3.7/site-packages/airflow/example_dags/example_sla_dag.py
[2024-07-25T16:53:51.275+0000] {processor.py:766} INFO - DAG(s) dict_keys(['example_sla_dag']) retrieved from /home/airflow/.local/lib/python3.7/site-packages/airflow/example_dags/example_sla_dag.py
[2024-07-25T16:53:51.296+0000] {logging_mixin.py:120} INFO - [2024-07-25T16:53:51.296+0000] {dag.py:2585} INFO - Sync 1 DAGs
[2024-07-25T16:53:51.309+0000] {logging_mixin.py:120} INFO - [2024-07-25T16:53:51.309+0000] {dag.py:3340} INFO - Setting next_dagrun for example_sla_dag to 2024-07-25T16:50:00+00:00, run_after=2024-07-25T16:52:00+00:00
[2024-07-25T16:53:51.319+0000] {processor.py:176} INFO - Processing /home/airflow/.local/lib/python3.7/site-packages/airflow/example_dags/example_sla_dag.py took 0.060 seconds
[2024-07-25T16:54:22.400+0000] {processor.py:154} INFO - Started process (PID=2880) to work on /home/airflow/.local/lib/python3.7/site-packages/airflow/example_dags/example_sla_dag.py
[2024-07-25T16:54:22.401+0000] {processor.py:756} INFO - Processing file /home/airflow/.local/lib/python3.7/site-packages/airflow/example_dags/example_sla_dag.py for tasks to queue
[2024-07-25T16:54:22.402+0000] {logging_mixin.py:120} INFO - [2024-07-25T16:54:22.402+0000] {dagbag.py:537} INFO - Filling up the DagBag from /home/airflow/.local/lib/python3.7/site-packages/airflow/example_dags/example_sla_dag.py
[2024-07-25T16:54:22.417+0000] {processor.py:766} INFO - DAG(s) dict_keys(['example_sla_dag']) retrieved from /home/airflow/.local/lib/python3.7/site-packages/airflow/example_dags/example_sla_dag.py
[2024-07-25T16:54:22.444+0000] {logging_mixin.py:120} INFO - [2024-07-25T16:54:22.444+0000] {dag.py:2585} INFO - Sync 1 DAGs
[2024-07-25T16:54:22.461+0000] {logging_mixin.py:120} INFO - [2024-07-25T16:54:22.461+0000] {dag.py:3340} INFO - Setting next_dagrun for example_sla_dag to 2024-07-25T16:52:00+00:00, run_after=2024-07-25T16:54:00+00:00
[2024-07-25T16:54:22.477+0000] {processor.py:176} INFO - Processing /home/airflow/.local/lib/python3.7/site-packages/airflow/example_dags/example_sla_dag.py took 0.078 seconds
[2024-07-25T16:54:53.248+0000] {processor.py:154} INFO - Started process (PID=2944) to work on /home/airflow/.local/lib/python3.7/site-packages/airflow/example_dags/example_sla_dag.py
[2024-07-25T16:54:53.249+0000] {processor.py:756} INFO - Processing file /home/airflow/.local/lib/python3.7/site-packages/airflow/example_dags/example_sla_dag.py for tasks to queue
[2024-07-25T16:54:53.251+0000] {logging_mixin.py:120} INFO - [2024-07-25T16:54:53.251+0000] {dagbag.py:537} INFO - Filling up the DagBag from /home/airflow/.local/lib/python3.7/site-packages/airflow/example_dags/example_sla_dag.py
[2024-07-25T16:54:53.266+0000] {processor.py:766} INFO - DAG(s) dict_keys(['example_sla_dag']) retrieved from /home/airflow/.local/lib/python3.7/site-packages/airflow/example_dags/example_sla_dag.py
[2024-07-25T16:54:53.288+0000] {logging_mixin.py:120} INFO - [2024-07-25T16:54:53.288+0000] {dag.py:2585} INFO - Sync 1 DAGs
[2024-07-25T16:54:53.307+0000] {logging_mixin.py:120} INFO - [2024-07-25T16:54:53.307+0000] {dag.py:3340} INFO - Setting next_dagrun for example_sla_dag to 2024-07-25T16:52:00+00:00, run_after=2024-07-25T16:54:00+00:00
[2024-07-25T16:54:53.324+0000] {processor.py:176} INFO - Processing /home/airflow/.local/lib/python3.7/site-packages/airflow/example_dags/example_sla_dag.py took 0.077 seconds
[2024-07-25T16:55:24.218+0000] {processor.py:154} INFO - Started process (PID=3007) to work on /home/airflow/.local/lib/python3.7/site-packages/airflow/example_dags/example_sla_dag.py
[2024-07-25T16:55:24.219+0000] {processor.py:756} INFO - Processing file /home/airflow/.local/lib/python3.7/site-packages/airflow/example_dags/example_sla_dag.py for tasks to queue
[2024-07-25T16:55:24.220+0000] {logging_mixin.py:120} INFO - [2024-07-25T16:55:24.220+0000] {dagbag.py:537} INFO - Filling up the DagBag from /home/airflow/.local/lib/python3.7/site-packages/airflow/example_dags/example_sla_dag.py
[2024-07-25T16:55:24.237+0000] {processor.py:766} INFO - DAG(s) dict_keys(['example_sla_dag']) retrieved from /home/airflow/.local/lib/python3.7/site-packages/airflow/example_dags/example_sla_dag.py
[2024-07-25T16:55:24.265+0000] {logging_mixin.py:120} INFO - [2024-07-25T16:55:24.264+0000] {dag.py:2585} INFO - Sync 1 DAGs
[2024-07-25T16:55:24.282+0000] {logging_mixin.py:120} INFO - [2024-07-25T16:55:24.282+0000] {dag.py:3340} INFO - Setting next_dagrun for example_sla_dag to 2024-07-25T16:52:00+00:00, run_after=2024-07-25T16:54:00+00:00
[2024-07-25T16:55:24.292+0000] {processor.py:176} INFO - Processing /home/airflow/.local/lib/python3.7/site-packages/airflow/example_dags/example_sla_dag.py took 0.075 seconds
[2024-07-25T16:55:55.477+0000] {processor.py:154} INFO - Started process (PID=3071) to work on /home/airflow/.local/lib/python3.7/site-packages/airflow/example_dags/example_sla_dag.py
[2024-07-25T16:55:55.479+0000] {processor.py:756} INFO - Processing file /home/airflow/.local/lib/python3.7/site-packages/airflow/example_dags/example_sla_dag.py for tasks to queue
[2024-07-25T16:55:55.480+0000] {logging_mixin.py:120} INFO - [2024-07-25T16:55:55.480+0000] {dagbag.py:537} INFO - Filling up the DagBag from /home/airflow/.local/lib/python3.7/site-packages/airflow/example_dags/example_sla_dag.py
[2024-07-25T16:55:55.495+0000] {processor.py:766} INFO - DAG(s) dict_keys(['example_sla_dag']) retrieved from /home/airflow/.local/lib/python3.7/site-packages/airflow/example_dags/example_sla_dag.py
[2024-07-25T16:55:55.521+0000] {logging_mixin.py:120} INFO - [2024-07-25T16:55:55.521+0000] {dag.py:2585} INFO - Sync 1 DAGs
[2024-07-25T16:55:55.543+0000] {logging_mixin.py:120} INFO - [2024-07-25T16:55:55.543+0000] {dag.py:3340} INFO - Setting next_dagrun for example_sla_dag to 2024-07-25T16:52:00+00:00, run_after=2024-07-25T16:54:00+00:00
[2024-07-25T16:55:55.562+0000] {processor.py:176} INFO - Processing /home/airflow/.local/lib/python3.7/site-packages/airflow/example_dags/example_sla_dag.py took 0.086 seconds
[2024-07-25T16:56:26.370+0000] {processor.py:154} INFO - Started process (PID=3135) to work on /home/airflow/.local/lib/python3.7/site-packages/airflow/example_dags/example_sla_dag.py
[2024-07-25T16:56:26.372+0000] {processor.py:756} INFO - Processing file /home/airflow/.local/lib/python3.7/site-packages/airflow/example_dags/example_sla_dag.py for tasks to queue
[2024-07-25T16:56:26.372+0000] {logging_mixin.py:120} INFO - [2024-07-25T16:56:26.372+0000] {dagbag.py:537} INFO - Filling up the DagBag from /home/airflow/.local/lib/python3.7/site-packages/airflow/example_dags/example_sla_dag.py
[2024-07-25T16:56:26.386+0000] {processor.py:766} INFO - DAG(s) dict_keys(['example_sla_dag']) retrieved from /home/airflow/.local/lib/python3.7/site-packages/airflow/example_dags/example_sla_dag.py
[2024-07-25T16:56:26.416+0000] {logging_mixin.py:120} INFO - [2024-07-25T16:56:26.416+0000] {dag.py:2585} INFO - Sync 1 DAGs
[2024-07-25T16:56:26.429+0000] {logging_mixin.py:120} INFO - [2024-07-25T16:56:26.429+0000] {dag.py:3340} INFO - Setting next_dagrun for example_sla_dag to 2024-07-25T16:54:00+00:00, run_after=2024-07-25T16:56:00+00:00
[2024-07-25T16:56:26.439+0000] {processor.py:176} INFO - Processing /home/airflow/.local/lib/python3.7/site-packages/airflow/example_dags/example_sla_dag.py took 0.071 seconds
[2024-07-25T16:56:57.208+0000] {processor.py:154} INFO - Started process (PID=3199) to work on /home/airflow/.local/lib/python3.7/site-packages/airflow/example_dags/example_sla_dag.py
[2024-07-25T16:56:57.209+0000] {processor.py:756} INFO - Processing file /home/airflow/.local/lib/python3.7/site-packages/airflow/example_dags/example_sla_dag.py for tasks to queue
[2024-07-25T16:56:57.210+0000] {logging_mixin.py:120} INFO - [2024-07-25T16:56:57.210+0000] {dagbag.py:537} INFO - Filling up the DagBag from /home/airflow/.local/lib/python3.7/site-packages/airflow/example_dags/example_sla_dag.py
[2024-07-25T16:56:57.223+0000] {processor.py:766} INFO - DAG(s) dict_keys(['example_sla_dag']) retrieved from /home/airflow/.local/lib/python3.7/site-packages/airflow/example_dags/example_sla_dag.py
[2024-07-25T16:56:57.250+0000] {logging_mixin.py:120} INFO - [2024-07-25T16:56:57.250+0000] {dag.py:2585} INFO - Sync 1 DAGs
[2024-07-25T16:56:57.268+0000] {logging_mixin.py:120} INFO - [2024-07-25T16:56:57.268+0000] {dag.py:3340} INFO - Setting next_dagrun for example_sla_dag to 2024-07-25T16:54:00+00:00, run_after=2024-07-25T16:56:00+00:00
[2024-07-25T16:56:57.284+0000] {processor.py:176} INFO - Processing /home/airflow/.local/lib/python3.7/site-packages/airflow/example_dags/example_sla_dag.py took 0.077 seconds
[2024-07-25T16:57:28.112+0000] {processor.py:154} INFO - Started process (PID=3262) to work on /home/airflow/.local/lib/python3.7/site-packages/airflow/example_dags/example_sla_dag.py
[2024-07-25T16:57:28.116+0000] {processor.py:756} INFO - Processing file /home/airflow/.local/lib/python3.7/site-packages/airflow/example_dags/example_sla_dag.py for tasks to queue
[2024-07-25T16:57:28.117+0000] {logging_mixin.py:120} INFO - [2024-07-25T16:57:28.117+0000] {dagbag.py:537} INFO - Filling up the DagBag from /home/airflow/.local/lib/python3.7/site-packages/airflow/example_dags/example_sla_dag.py
[2024-07-25T16:57:28.130+0000] {processor.py:766} INFO - DAG(s) dict_keys(['example_sla_dag']) retrieved from /home/airflow/.local/lib/python3.7/site-packages/airflow/example_dags/example_sla_dag.py
[2024-07-25T16:57:28.153+0000] {logging_mixin.py:120} INFO - [2024-07-25T16:57:28.153+0000] {dag.py:2585} INFO - Sync 1 DAGs
[2024-07-25T16:57:28.169+0000] {logging_mixin.py:120} INFO - [2024-07-25T16:57:28.169+0000] {dag.py:3340} INFO - Setting next_dagrun for example_sla_dag to 2024-07-25T16:54:00+00:00, run_after=2024-07-25T16:56:00+00:00
[2024-07-25T16:57:28.185+0000] {processor.py:176} INFO - Processing /home/airflow/.local/lib/python3.7/site-packages/airflow/example_dags/example_sla_dag.py took 0.075 seconds
[2024-07-25T16:57:58.811+0000] {processor.py:154} INFO - Started process (PID=3317) to work on /home/airflow/.local/lib/python3.7/site-packages/airflow/example_dags/example_sla_dag.py
[2024-07-25T16:57:58.812+0000] {processor.py:756} INFO - Processing file /home/airflow/.local/lib/python3.7/site-packages/airflow/example_dags/example_sla_dag.py for tasks to queue
[2024-07-25T16:57:58.812+0000] {logging_mixin.py:120} INFO - [2024-07-25T16:57:58.812+0000] {dagbag.py:537} INFO - Filling up the DagBag from /home/airflow/.local/lib/python3.7/site-packages/airflow/example_dags/example_sla_dag.py
[2024-07-25T16:57:58.825+0000] {processor.py:766} INFO - DAG(s) dict_keys(['example_sla_dag']) retrieved from /home/airflow/.local/lib/python3.7/site-packages/airflow/example_dags/example_sla_dag.py
[2024-07-25T16:57:58.848+0000] {logging_mixin.py:120} INFO - [2024-07-25T16:57:58.848+0000] {dag.py:2585} INFO - Sync 1 DAGs
[2024-07-25T16:57:58.867+0000] {logging_mixin.py:120} INFO - [2024-07-25T16:57:58.867+0000] {dag.py:3340} INFO - Setting next_dagrun for example_sla_dag to 2024-07-25T16:54:00+00:00, run_after=2024-07-25T16:56:00+00:00
[2024-07-25T16:57:58.879+0000] {processor.py:176} INFO - Processing /home/airflow/.local/lib/python3.7/site-packages/airflow/example_dags/example_sla_dag.py took 0.070 seconds
[2024-07-25T16:58:29.774+0000] {processor.py:154} INFO - Started process (PID=3380) to work on /home/airflow/.local/lib/python3.7/site-packages/airflow/example_dags/example_sla_dag.py
[2024-07-25T16:58:29.774+0000] {processor.py:756} INFO - Processing file /home/airflow/.local/lib/python3.7/site-packages/airflow/example_dags/example_sla_dag.py for tasks to queue
[2024-07-25T16:58:29.775+0000] {logging_mixin.py:120} INFO - [2024-07-25T16:58:29.775+0000] {dagbag.py:537} INFO - Filling up the DagBag from /home/airflow/.local/lib/python3.7/site-packages/airflow/example_dags/example_sla_dag.py
[2024-07-25T16:58:29.788+0000] {processor.py:766} INFO - DAG(s) dict_keys(['example_sla_dag']) retrieved from /home/airflow/.local/lib/python3.7/site-packages/airflow/example_dags/example_sla_dag.py
[2024-07-25T16:58:29.810+0000] {logging_mixin.py:120} INFO - [2024-07-25T16:58:29.810+0000] {dag.py:2585} INFO - Sync 1 DAGs
[2024-07-25T16:58:29.825+0000] {logging_mixin.py:120} INFO - [2024-07-25T16:58:29.825+0000] {dag.py:3340} INFO - Setting next_dagrun for example_sla_dag to 2024-07-25T16:56:00+00:00, run_after=2024-07-25T16:58:00+00:00
[2024-07-25T16:58:29.844+0000] {processor.py:176} INFO - Processing /home/airflow/.local/lib/python3.7/site-packages/airflow/example_dags/example_sla_dag.py took 0.073 seconds
[2024-07-25T16:59:00.668+0000] {processor.py:154} INFO - Started process (PID=3444) to work on /home/airflow/.local/lib/python3.7/site-packages/airflow/example_dags/example_sla_dag.py
[2024-07-25T16:59:00.670+0000] {processor.py:756} INFO - Processing file /home/airflow/.local/lib/python3.7/site-packages/airflow/example_dags/example_sla_dag.py for tasks to queue
[2024-07-25T16:59:00.671+0000] {logging_mixin.py:120} INFO - [2024-07-25T16:59:00.671+0000] {dagbag.py:537} INFO - Filling up the DagBag from /home/airflow/.local/lib/python3.7/site-packages/airflow/example_dags/example_sla_dag.py
[2024-07-25T16:59:00.682+0000] {processor.py:766} INFO - DAG(s) dict_keys(['example_sla_dag']) retrieved from /home/airflow/.local/lib/python3.7/site-packages/airflow/example_dags/example_sla_dag.py
[2024-07-25T16:59:00.709+0000] {logging_mixin.py:120} INFO - [2024-07-25T16:59:00.709+0000] {dag.py:2585} INFO - Sync 1 DAGs
[2024-07-25T16:59:00.724+0000] {logging_mixin.py:120} INFO - [2024-07-25T16:59:00.724+0000] {dag.py:3340} INFO - Setting next_dagrun for example_sla_dag to 2024-07-25T16:56:00+00:00, run_after=2024-07-25T16:58:00+00:00
[2024-07-25T16:59:00.737+0000] {processor.py:176} INFO - Processing /home/airflow/.local/lib/python3.7/site-packages/airflow/example_dags/example_sla_dag.py took 0.070 seconds
[2024-07-25T16:59:30.834+0000] {processor.py:154} INFO - Started process (PID=3497) to work on /home/airflow/.local/lib/python3.7/site-packages/airflow/example_dags/example_sla_dag.py
[2024-07-25T16:59:30.834+0000] {processor.py:756} INFO - Processing file /home/airflow/.local/lib/python3.7/site-packages/airflow/example_dags/example_sla_dag.py for tasks to queue
[2024-07-25T16:59:30.834+0000] {logging_mixin.py:120} INFO - [2024-07-25T16:59:30.834+0000] {dagbag.py:537} INFO - Filling up the DagBag from /home/airflow/.local/lib/python3.7/site-packages/airflow/example_dags/example_sla_dag.py
[2024-07-25T16:59:30.846+0000] {processor.py:766} INFO - DAG(s) dict_keys(['example_sla_dag']) retrieved from /home/airflow/.local/lib/python3.7/site-packages/airflow/example_dags/example_sla_dag.py
[2024-07-25T16:59:30.868+0000] {logging_mixin.py:120} INFO - [2024-07-25T16:59:30.868+0000] {dag.py:2585} INFO - Sync 1 DAGs
[2024-07-25T16:59:30.881+0000] {logging_mixin.py:120} INFO - [2024-07-25T16:59:30.881+0000] {dag.py:3340} INFO - Setting next_dagrun for example_sla_dag to 2024-07-25T16:56:00+00:00, run_after=2024-07-25T16:58:00+00:00
[2024-07-25T16:59:30.889+0000] {processor.py:176} INFO - Processing /home/airflow/.local/lib/python3.7/site-packages/airflow/example_dags/example_sla_dag.py took 0.057 seconds
[2024-07-25T17:36:24.509+0000] {processor.py:154} INFO - Started process (PID=3561) to work on /home/airflow/.local/lib/python3.7/site-packages/airflow/example_dags/example_sla_dag.py
[2024-07-25T17:36:24.510+0000] {processor.py:756} INFO - Processing file /home/airflow/.local/lib/python3.7/site-packages/airflow/example_dags/example_sla_dag.py for tasks to queue
[2024-07-25T17:36:24.511+0000] {logging_mixin.py:120} INFO - [2024-07-25T17:36:24.511+0000] {dagbag.py:537} INFO - Filling up the DagBag from /home/airflow/.local/lib/python3.7/site-packages/airflow/example_dags/example_sla_dag.py
[2024-07-25T17:36:24.525+0000] {processor.py:766} INFO - DAG(s) dict_keys(['example_sla_dag']) retrieved from /home/airflow/.local/lib/python3.7/site-packages/airflow/example_dags/example_sla_dag.py
[2024-07-25T17:36:24.555+0000] {logging_mixin.py:120} INFO - [2024-07-25T17:36:24.555+0000] {dag.py:2585} INFO - Sync 1 DAGs
[2024-07-25T17:36:24.575+0000] {logging_mixin.py:120} INFO - [2024-07-25T17:36:24.575+0000] {dag.py:3340} INFO - Setting next_dagrun for example_sla_dag to 2024-07-25T17:34:00+00:00, run_after=2024-07-25T17:36:00+00:00
[2024-07-25T17:36:24.596+0000] {processor.py:176} INFO - Processing /home/airflow/.local/lib/python3.7/site-packages/airflow/example_dags/example_sla_dag.py took 0.089 seconds
[2024-07-25T18:03:44.930+0000] {processor.py:154} INFO - Started process (PID=3625) to work on /home/airflow/.local/lib/python3.7/site-packages/airflow/example_dags/example_sla_dag.py
[2024-07-25T18:03:44.931+0000] {processor.py:756} INFO - Processing file /home/airflow/.local/lib/python3.7/site-packages/airflow/example_dags/example_sla_dag.py for tasks to queue
[2024-07-25T18:03:44.932+0000] {logging_mixin.py:120} INFO - [2024-07-25T18:03:44.932+0000] {dagbag.py:537} INFO - Filling up the DagBag from /home/airflow/.local/lib/python3.7/site-packages/airflow/example_dags/example_sla_dag.py
[2024-07-25T18:03:44.945+0000] {processor.py:766} INFO - DAG(s) dict_keys(['example_sla_dag']) retrieved from /home/airflow/.local/lib/python3.7/site-packages/airflow/example_dags/example_sla_dag.py
[2024-07-25T18:03:44.978+0000] {logging_mixin.py:120} INFO - [2024-07-25T18:03:44.978+0000] {dag.py:2585} INFO - Sync 1 DAGs
[2024-07-25T18:03:45.002+0000] {logging_mixin.py:120} INFO - [2024-07-25T18:03:45.002+0000] {dag.py:3340} INFO - Setting next_dagrun for example_sla_dag to 2024-07-25T18:00:00+00:00, run_after=2024-07-25T18:02:00+00:00
[2024-07-25T18:03:45.026+0000] {processor.py:176} INFO - Processing /home/airflow/.local/lib/python3.7/site-packages/airflow/example_dags/example_sla_dag.py took 0.099 seconds
[2024-07-25T18:31:48.670+0000] {processor.py:154} INFO - Started process (PID=3680) to work on /home/airflow/.local/lib/python3.7/site-packages/airflow/example_dags/example_sla_dag.py
[2024-07-25T18:31:48.674+0000] {processor.py:756} INFO - Processing file /home/airflow/.local/lib/python3.7/site-packages/airflow/example_dags/example_sla_dag.py for tasks to queue
[2024-07-25T18:31:48.675+0000] {logging_mixin.py:120} INFO - [2024-07-25T18:31:48.674+0000] {dagbag.py:537} INFO - Filling up the DagBag from /home/airflow/.local/lib/python3.7/site-packages/airflow/example_dags/example_sla_dag.py
[2024-07-25T18:31:48.688+0000] {processor.py:766} INFO - DAG(s) dict_keys(['example_sla_dag']) retrieved from /home/airflow/.local/lib/python3.7/site-packages/airflow/example_dags/example_sla_dag.py
[2024-07-25T18:31:48.718+0000] {logging_mixin.py:120} INFO - [2024-07-25T18:31:48.718+0000] {dag.py:2585} INFO - Sync 1 DAGs
[2024-07-25T18:31:48.733+0000] {logging_mixin.py:120} INFO - [2024-07-25T18:31:48.733+0000] {dag.py:3340} INFO - Setting next_dagrun for example_sla_dag to 2024-07-25T18:28:00+00:00, run_after=2024-07-25T18:30:00+00:00
[2024-07-25T18:31:48.747+0000] {processor.py:176} INFO - Processing /home/airflow/.local/lib/python3.7/site-packages/airflow/example_dags/example_sla_dag.py took 0.078 seconds
[2024-07-25T19:12:32.222+0000] {processor.py:154} INFO - Started process (PID=3744) to work on /home/airflow/.local/lib/python3.7/site-packages/airflow/example_dags/example_sla_dag.py
[2024-07-25T19:12:32.224+0000] {processor.py:756} INFO - Processing file /home/airflow/.local/lib/python3.7/site-packages/airflow/example_dags/example_sla_dag.py for tasks to queue
[2024-07-25T19:12:32.225+0000] {logging_mixin.py:120} INFO - [2024-07-25T19:12:32.225+0000] {dagbag.py:537} INFO - Filling up the DagBag from /home/airflow/.local/lib/python3.7/site-packages/airflow/example_dags/example_sla_dag.py
[2024-07-25T19:12:32.237+0000] {processor.py:766} INFO - DAG(s) dict_keys(['example_sla_dag']) retrieved from /home/airflow/.local/lib/python3.7/site-packages/airflow/example_dags/example_sla_dag.py
[2024-07-25T19:12:32.265+0000] {logging_mixin.py:120} INFO - [2024-07-25T19:12:32.264+0000] {dag.py:2585} INFO - Sync 1 DAGs
[2024-07-25T19:12:32.300+0000] {logging_mixin.py:120} INFO - [2024-07-25T19:12:32.300+0000] {dag.py:3340} INFO - Setting next_dagrun for example_sla_dag to 2024-07-25T19:10:00+00:00, run_after=2024-07-25T19:12:00+00:00
[2024-07-25T19:12:32.326+0000] {processor.py:176} INFO - Processing /home/airflow/.local/lib/python3.7/site-packages/airflow/example_dags/example_sla_dag.py took 0.105 seconds
[2024-07-25T19:53:14.202+0000] {processor.py:154} INFO - Started process (PID=3807) to work on /home/airflow/.local/lib/python3.7/site-packages/airflow/example_dags/example_sla_dag.py
[2024-07-25T19:53:14.203+0000] {processor.py:756} INFO - Processing file /home/airflow/.local/lib/python3.7/site-packages/airflow/example_dags/example_sla_dag.py for tasks to queue
[2024-07-25T19:53:14.204+0000] {logging_mixin.py:120} INFO - [2024-07-25T19:53:14.204+0000] {dagbag.py:537} INFO - Filling up the DagBag from /home/airflow/.local/lib/python3.7/site-packages/airflow/example_dags/example_sla_dag.py
[2024-07-25T19:53:14.223+0000] {processor.py:766} INFO - DAG(s) dict_keys(['example_sla_dag']) retrieved from /home/airflow/.local/lib/python3.7/site-packages/airflow/example_dags/example_sla_dag.py
[2024-07-25T19:53:14.262+0000] {logging_mixin.py:120} INFO - [2024-07-25T19:53:14.262+0000] {dag.py:2585} INFO - Sync 1 DAGs
[2024-07-25T19:53:14.286+0000] {logging_mixin.py:120} INFO - [2024-07-25T19:53:14.285+0000] {dag.py:3340} INFO - Setting next_dagrun for example_sla_dag to 2024-07-25T19:50:00+00:00, run_after=2024-07-25T19:52:00+00:00
[2024-07-25T19:53:14.308+0000] {processor.py:176} INFO - Processing /home/airflow/.local/lib/python3.7/site-packages/airflow/example_dags/example_sla_dag.py took 0.108 seconds
[2024-07-25T20:27:17.559+0000] {processor.py:154} INFO - Started process (PID=3871) to work on /home/airflow/.local/lib/python3.7/site-packages/airflow/example_dags/example_sla_dag.py
[2024-07-25T20:27:17.560+0000] {processor.py:756} INFO - Processing file /home/airflow/.local/lib/python3.7/site-packages/airflow/example_dags/example_sla_dag.py for tasks to queue
[2024-07-25T20:27:17.561+0000] {logging_mixin.py:120} INFO - [2024-07-25T20:27:17.561+0000] {dagbag.py:537} INFO - Filling up the DagBag from /home/airflow/.local/lib/python3.7/site-packages/airflow/example_dags/example_sla_dag.py
[2024-07-25T20:27:17.581+0000] {processor.py:766} INFO - DAG(s) dict_keys(['example_sla_dag']) retrieved from /home/airflow/.local/lib/python3.7/site-packages/airflow/example_dags/example_sla_dag.py
[2024-07-25T20:27:17.611+0000] {logging_mixin.py:120} INFO - [2024-07-25T20:27:17.611+0000] {dag.py:2585} INFO - Sync 1 DAGs
[2024-07-25T20:27:17.638+0000] {logging_mixin.py:120} INFO - [2024-07-25T20:27:17.638+0000] {dag.py:3340} INFO - Setting next_dagrun for example_sla_dag to 2024-07-25T20:24:00+00:00, run_after=2024-07-25T20:26:00+00:00
[2024-07-25T20:27:17.656+0000] {processor.py:176} INFO - Processing /home/airflow/.local/lib/python3.7/site-packages/airflow/example_dags/example_sla_dag.py took 0.098 seconds
[2024-07-25T21:02:13.335+0000] {processor.py:154} INFO - Started process (PID=3935) to work on /home/airflow/.local/lib/python3.7/site-packages/airflow/example_dags/example_sla_dag.py
[2024-07-25T21:02:13.336+0000] {processor.py:756} INFO - Processing file /home/airflow/.local/lib/python3.7/site-packages/airflow/example_dags/example_sla_dag.py for tasks to queue
[2024-07-25T21:02:13.337+0000] {logging_mixin.py:120} INFO - [2024-07-25T21:02:13.337+0000] {dagbag.py:537} INFO - Filling up the DagBag from /home/airflow/.local/lib/python3.7/site-packages/airflow/example_dags/example_sla_dag.py
[2024-07-25T21:02:13.352+0000] {processor.py:766} INFO - DAG(s) dict_keys(['example_sla_dag']) retrieved from /home/airflow/.local/lib/python3.7/site-packages/airflow/example_dags/example_sla_dag.py
[2024-07-25T21:02:13.376+0000] {logging_mixin.py:120} INFO - [2024-07-25T21:02:13.376+0000] {dag.py:2585} INFO - Sync 1 DAGs
[2024-07-25T21:02:13.393+0000] {logging_mixin.py:120} INFO - [2024-07-25T21:02:13.393+0000] {dag.py:3340} INFO - Setting next_dagrun for example_sla_dag to 2024-07-25T21:00:00+00:00, run_after=2024-07-25T21:02:00+00:00
[2024-07-25T21:02:13.403+0000] {processor.py:176} INFO - Processing /home/airflow/.local/lib/python3.7/site-packages/airflow/example_dags/example_sla_dag.py took 0.070 seconds
[2024-07-25T21:03:14.968+0000] {processor.py:154} INFO - Started process (PID=3990) to work on /home/airflow/.local/lib/python3.7/site-packages/airflow/example_dags/example_sla_dag.py
[2024-07-25T21:03:14.969+0000] {processor.py:756} INFO - Processing file /home/airflow/.local/lib/python3.7/site-packages/airflow/example_dags/example_sla_dag.py for tasks to queue
[2024-07-25T21:03:14.970+0000] {logging_mixin.py:120} INFO - [2024-07-25T21:03:14.969+0000] {dagbag.py:537} INFO - Filling up the DagBag from /home/airflow/.local/lib/python3.7/site-packages/airflow/example_dags/example_sla_dag.py
[2024-07-25T21:03:14.985+0000] {processor.py:766} INFO - DAG(s) dict_keys(['example_sla_dag']) retrieved from /home/airflow/.local/lib/python3.7/site-packages/airflow/example_dags/example_sla_dag.py
[2024-07-25T21:03:15.009+0000] {logging_mixin.py:120} INFO - [2024-07-25T21:03:15.009+0000] {dag.py:2585} INFO - Sync 1 DAGs
[2024-07-25T21:03:15.027+0000] {logging_mixin.py:120} INFO - [2024-07-25T21:03:15.027+0000] {dag.py:3340} INFO - Setting next_dagrun for example_sla_dag to 2024-07-25T21:00:00+00:00, run_after=2024-07-25T21:02:00+00:00
[2024-07-25T21:03:15.044+0000] {processor.py:176} INFO - Processing /home/airflow/.local/lib/python3.7/site-packages/airflow/example_dags/example_sla_dag.py took 0.079 seconds
[2024-07-25T21:49:02.320+0000] {processor.py:154} INFO - Started process (PID=4054) to work on /home/airflow/.local/lib/python3.7/site-packages/airflow/example_dags/example_sla_dag.py
[2024-07-25T21:49:02.322+0000] {processor.py:756} INFO - Processing file /home/airflow/.local/lib/python3.7/site-packages/airflow/example_dags/example_sla_dag.py for tasks to queue
[2024-07-25T21:49:02.322+0000] {logging_mixin.py:120} INFO - [2024-07-25T21:49:02.322+0000] {dagbag.py:537} INFO - Filling up the DagBag from /home/airflow/.local/lib/python3.7/site-packages/airflow/example_dags/example_sla_dag.py
[2024-07-25T21:49:02.337+0000] {processor.py:766} INFO - DAG(s) dict_keys(['example_sla_dag']) retrieved from /home/airflow/.local/lib/python3.7/site-packages/airflow/example_dags/example_sla_dag.py
[2024-07-25T21:49:02.387+0000] {logging_mixin.py:120} INFO - [2024-07-25T21:49:02.387+0000] {dag.py:2585} INFO - Sync 1 DAGs
[2024-07-25T21:49:02.414+0000] {logging_mixin.py:120} INFO - [2024-07-25T21:49:02.414+0000] {dag.py:3340} INFO - Setting next_dagrun for example_sla_dag to 2024-07-25T21:46:00+00:00, run_after=2024-07-25T21:48:00+00:00
[2024-07-25T21:49:02.481+0000] {processor.py:176} INFO - Processing /home/airflow/.local/lib/python3.7/site-packages/airflow/example_dags/example_sla_dag.py took 0.162 seconds
[2024-07-25T21:50:29.837+0000] {processor.py:154} INFO - Started process (PID=4118) to work on /home/airflow/.local/lib/python3.7/site-packages/airflow/example_dags/example_sla_dag.py
[2024-07-25T21:50:29.839+0000] {processor.py:756} INFO - Processing file /home/airflow/.local/lib/python3.7/site-packages/airflow/example_dags/example_sla_dag.py for tasks to queue
[2024-07-25T21:50:29.840+0000] {logging_mixin.py:120} INFO - [2024-07-25T21:50:29.840+0000] {dagbag.py:537} INFO - Filling up the DagBag from /home/airflow/.local/lib/python3.7/site-packages/airflow/example_dags/example_sla_dag.py
[2024-07-25T21:50:29.853+0000] {processor.py:766} INFO - DAG(s) dict_keys(['example_sla_dag']) retrieved from /home/airflow/.local/lib/python3.7/site-packages/airflow/example_dags/example_sla_dag.py
[2024-07-25T21:50:29.879+0000] {logging_mixin.py:120} INFO - [2024-07-25T21:50:29.879+0000] {dag.py:2585} INFO - Sync 1 DAGs
[2024-07-25T21:50:29.895+0000] {logging_mixin.py:120} INFO - [2024-07-25T21:50:29.895+0000] {dag.py:3340} INFO - Setting next_dagrun for example_sla_dag to 2024-07-25T21:48:00+00:00, run_after=2024-07-25T21:50:00+00:00
[2024-07-25T21:50:29.911+0000] {processor.py:176} INFO - Processing /home/airflow/.local/lib/python3.7/site-packages/airflow/example_dags/example_sla_dag.py took 0.075 seconds
[2024-07-25T21:57:40.889+0000] {processor.py:154} INFO - Started process (PID=4182) to work on /home/airflow/.local/lib/python3.7/site-packages/airflow/example_dags/example_sla_dag.py
[2024-07-25T21:57:40.892+0000] {processor.py:756} INFO - Processing file /home/airflow/.local/lib/python3.7/site-packages/airflow/example_dags/example_sla_dag.py for tasks to queue
[2024-07-25T21:57:40.894+0000] {logging_mixin.py:120} INFO - [2024-07-25T21:57:40.894+0000] {dagbag.py:537} INFO - Filling up the DagBag from /home/airflow/.local/lib/python3.7/site-packages/airflow/example_dags/example_sla_dag.py
[2024-07-25T21:57:40.917+0000] {processor.py:766} INFO - DAG(s) dict_keys(['example_sla_dag']) retrieved from /home/airflow/.local/lib/python3.7/site-packages/airflow/example_dags/example_sla_dag.py
[2024-07-25T21:57:40.956+0000] {logging_mixin.py:120} INFO - [2024-07-25T21:57:40.956+0000] {dag.py:2585} INFO - Sync 1 DAGs
[2024-07-25T21:57:40.978+0000] {logging_mixin.py:120} INFO - [2024-07-25T21:57:40.978+0000] {dag.py:3340} INFO - Setting next_dagrun for example_sla_dag to 2024-07-25T21:54:00+00:00, run_after=2024-07-25T21:56:00+00:00
[2024-07-25T21:57:41.001+0000] {processor.py:176} INFO - Processing /home/airflow/.local/lib/python3.7/site-packages/airflow/example_dags/example_sla_dag.py took 0.116 seconds
[2024-07-25T22:03:14.518+0000] {processor.py:154} INFO - Started process (PID=4243) to work on /home/airflow/.local/lib/python3.7/site-packages/airflow/example_dags/example_sla_dag.py
[2024-07-25T22:03:14.520+0000] {processor.py:756} INFO - Processing file /home/airflow/.local/lib/python3.7/site-packages/airflow/example_dags/example_sla_dag.py for tasks to queue
[2024-07-25T22:03:14.521+0000] {logging_mixin.py:120} INFO - [2024-07-25T22:03:14.521+0000] {dagbag.py:537} INFO - Filling up the DagBag from /home/airflow/.local/lib/python3.7/site-packages/airflow/example_dags/example_sla_dag.py
[2024-07-25T22:03:14.547+0000] {processor.py:766} INFO - DAG(s) dict_keys(['example_sla_dag']) retrieved from /home/airflow/.local/lib/python3.7/site-packages/airflow/example_dags/example_sla_dag.py
[2024-07-25T22:03:14.623+0000] {logging_mixin.py:120} INFO - [2024-07-25T22:03:14.622+0000] {dag.py:2585} INFO - Sync 1 DAGs
[2024-07-25T22:03:14.650+0000] {logging_mixin.py:120} INFO - [2024-07-25T22:03:14.650+0000] {dag.py:3340} INFO - Setting next_dagrun for example_sla_dag to 2024-07-25T22:00:00+00:00, run_after=2024-07-25T22:02:00+00:00
[2024-07-25T22:03:14.689+0000] {processor.py:176} INFO - Processing /home/airflow/.local/lib/python3.7/site-packages/airflow/example_dags/example_sla_dag.py took 0.175 seconds
[2024-07-25T22:04:47.205+0000] {processor.py:154} INFO - Started process (PID=4300) to work on /home/airflow/.local/lib/python3.7/site-packages/airflow/example_dags/example_sla_dag.py
[2024-07-25T22:04:47.208+0000] {processor.py:756} INFO - Processing file /home/airflow/.local/lib/python3.7/site-packages/airflow/example_dags/example_sla_dag.py for tasks to queue
[2024-07-25T22:04:47.208+0000] {logging_mixin.py:120} INFO - [2024-07-25T22:04:47.208+0000] {dagbag.py:537} INFO - Filling up the DagBag from /home/airflow/.local/lib/python3.7/site-packages/airflow/example_dags/example_sla_dag.py
[2024-07-25T22:04:47.221+0000] {processor.py:766} INFO - DAG(s) dict_keys(['example_sla_dag']) retrieved from /home/airflow/.local/lib/python3.7/site-packages/airflow/example_dags/example_sla_dag.py
[2024-07-25T22:04:47.252+0000] {logging_mixin.py:120} INFO - [2024-07-25T22:04:47.252+0000] {dag.py:2585} INFO - Sync 1 DAGs
[2024-07-25T22:04:47.269+0000] {logging_mixin.py:120} INFO - [2024-07-25T22:04:47.269+0000] {dag.py:3340} INFO - Setting next_dagrun for example_sla_dag to 2024-07-25T22:02:00+00:00, run_after=2024-07-25T22:04:00+00:00
[2024-07-25T22:04:47.283+0000] {processor.py:176} INFO - Processing /home/airflow/.local/lib/python3.7/site-packages/airflow/example_dags/example_sla_dag.py took 0.079 seconds
[2024-07-25T22:06:57.035+0000] {processor.py:154} INFO - Started process (PID=4364) to work on /home/airflow/.local/lib/python3.7/site-packages/airflow/example_dags/example_sla_dag.py
[2024-07-25T22:06:57.037+0000] {processor.py:756} INFO - Processing file /home/airflow/.local/lib/python3.7/site-packages/airflow/example_dags/example_sla_dag.py for tasks to queue
[2024-07-25T22:06:57.037+0000] {logging_mixin.py:120} INFO - [2024-07-25T22:06:57.037+0000] {dagbag.py:537} INFO - Filling up the DagBag from /home/airflow/.local/lib/python3.7/site-packages/airflow/example_dags/example_sla_dag.py
[2024-07-25T22:06:57.054+0000] {processor.py:766} INFO - DAG(s) dict_keys(['example_sla_dag']) retrieved from /home/airflow/.local/lib/python3.7/site-packages/airflow/example_dags/example_sla_dag.py
[2024-07-25T22:06:57.083+0000] {logging_mixin.py:120} INFO - [2024-07-25T22:06:57.083+0000] {dag.py:2585} INFO - Sync 1 DAGs
[2024-07-25T22:06:57.102+0000] {logging_mixin.py:120} INFO - [2024-07-25T22:06:57.102+0000] {dag.py:3340} INFO - Setting next_dagrun for example_sla_dag to 2024-07-25T22:04:00+00:00, run_after=2024-07-25T22:06:00+00:00
[2024-07-25T22:06:57.114+0000] {processor.py:176} INFO - Processing /home/airflow/.local/lib/python3.7/site-packages/airflow/example_dags/example_sla_dag.py took 0.081 seconds
[2024-07-25T22:08:42.043+0000] {processor.py:154} INFO - Started process (PID=4428) to work on /home/airflow/.local/lib/python3.7/site-packages/airflow/example_dags/example_sla_dag.py
[2024-07-25T22:08:42.044+0000] {processor.py:756} INFO - Processing file /home/airflow/.local/lib/python3.7/site-packages/airflow/example_dags/example_sla_dag.py for tasks to queue
[2024-07-25T22:08:42.045+0000] {logging_mixin.py:120} INFO - [2024-07-25T22:08:42.044+0000] {dagbag.py:537} INFO - Filling up the DagBag from /home/airflow/.local/lib/python3.7/site-packages/airflow/example_dags/example_sla_dag.py
[2024-07-25T22:08:42.056+0000] {processor.py:766} INFO - DAG(s) dict_keys(['example_sla_dag']) retrieved from /home/airflow/.local/lib/python3.7/site-packages/airflow/example_dags/example_sla_dag.py
[2024-07-25T22:08:42.081+0000] {logging_mixin.py:120} INFO - [2024-07-25T22:08:42.081+0000] {dag.py:2585} INFO - Sync 1 DAGs
[2024-07-25T22:08:42.096+0000] {logging_mixin.py:120} INFO - [2024-07-25T22:08:42.096+0000] {dag.py:3340} INFO - Setting next_dagrun for example_sla_dag to 2024-07-25T22:06:00+00:00, run_after=2024-07-25T22:08:00+00:00
[2024-07-25T22:08:42.112+0000] {processor.py:176} INFO - Processing /home/airflow/.local/lib/python3.7/site-packages/airflow/example_dags/example_sla_dag.py took 0.070 seconds
[2024-07-25T22:09:41.453+0000] {processor.py:154} INFO - Started process (PID=4492) to work on /home/airflow/.local/lib/python3.7/site-packages/airflow/example_dags/example_sla_dag.py
[2024-07-25T22:09:41.455+0000] {processor.py:756} INFO - Processing file /home/airflow/.local/lib/python3.7/site-packages/airflow/example_dags/example_sla_dag.py for tasks to queue
[2024-07-25T22:09:41.456+0000] {logging_mixin.py:120} INFO - [2024-07-25T22:09:41.455+0000] {dagbag.py:537} INFO - Filling up the DagBag from /home/airflow/.local/lib/python3.7/site-packages/airflow/example_dags/example_sla_dag.py
[2024-07-25T22:09:41.469+0000] {processor.py:766} INFO - DAG(s) dict_keys(['example_sla_dag']) retrieved from /home/airflow/.local/lib/python3.7/site-packages/airflow/example_dags/example_sla_dag.py
[2024-07-25T22:09:41.496+0000] {logging_mixin.py:120} INFO - [2024-07-25T22:09:41.496+0000] {dag.py:2585} INFO - Sync 1 DAGs
[2024-07-25T22:09:41.518+0000] {logging_mixin.py:120} INFO - [2024-07-25T22:09:41.518+0000] {dag.py:3340} INFO - Setting next_dagrun for example_sla_dag to 2024-07-25T22:06:00+00:00, run_after=2024-07-25T22:08:00+00:00
[2024-07-25T22:09:41.531+0000] {processor.py:176} INFO - Processing /home/airflow/.local/lib/python3.7/site-packages/airflow/example_dags/example_sla_dag.py took 0.080 seconds
[2024-07-25T22:18:09.866+0000] {processor.py:154} INFO - Started process (PID=4553) to work on /home/airflow/.local/lib/python3.7/site-packages/airflow/example_dags/example_sla_dag.py
[2024-07-25T22:18:09.868+0000] {processor.py:756} INFO - Processing file /home/airflow/.local/lib/python3.7/site-packages/airflow/example_dags/example_sla_dag.py for tasks to queue
[2024-07-25T22:18:09.869+0000] {logging_mixin.py:120} INFO - [2024-07-25T22:18:09.869+0000] {dagbag.py:537} INFO - Filling up the DagBag from /home/airflow/.local/lib/python3.7/site-packages/airflow/example_dags/example_sla_dag.py
[2024-07-25T22:18:09.887+0000] {processor.py:766} INFO - DAG(s) dict_keys(['example_sla_dag']) retrieved from /home/airflow/.local/lib/python3.7/site-packages/airflow/example_dags/example_sla_dag.py
[2024-07-25T22:18:09.943+0000] {logging_mixin.py:120} INFO - [2024-07-25T22:18:09.943+0000] {dag.py:2585} INFO - Sync 1 DAGs
[2024-07-25T22:18:09.975+0000] {logging_mixin.py:120} INFO - [2024-07-25T22:18:09.975+0000] {dag.py:3340} INFO - Setting next_dagrun for example_sla_dag to 2024-07-25T22:16:00+00:00, run_after=2024-07-25T22:18:00+00:00
[2024-07-25T22:18:10.005+0000] {processor.py:176} INFO - Processing /home/airflow/.local/lib/python3.7/site-packages/airflow/example_dags/example_sla_dag.py took 0.144 seconds
[2024-07-25T22:19:03.084+0000] {processor.py:154} INFO - Started process (PID=4610) to work on /home/airflow/.local/lib/python3.7/site-packages/airflow/example_dags/example_sla_dag.py
[2024-07-25T22:19:03.086+0000] {processor.py:756} INFO - Processing file /home/airflow/.local/lib/python3.7/site-packages/airflow/example_dags/example_sla_dag.py for tasks to queue
[2024-07-25T22:19:03.086+0000] {logging_mixin.py:120} INFO - [2024-07-25T22:19:03.086+0000] {dagbag.py:537} INFO - Filling up the DagBag from /home/airflow/.local/lib/python3.7/site-packages/airflow/example_dags/example_sla_dag.py
[2024-07-25T22:19:03.102+0000] {processor.py:766} INFO - DAG(s) dict_keys(['example_sla_dag']) retrieved from /home/airflow/.local/lib/python3.7/site-packages/airflow/example_dags/example_sla_dag.py
[2024-07-25T22:19:03.129+0000] {logging_mixin.py:120} INFO - [2024-07-25T22:19:03.129+0000] {dag.py:2585} INFO - Sync 1 DAGs
[2024-07-25T22:19:03.148+0000] {logging_mixin.py:120} INFO - [2024-07-25T22:19:03.148+0000] {dag.py:3340} INFO - Setting next_dagrun for example_sla_dag to 2024-07-25T22:16:00+00:00, run_after=2024-07-25T22:18:00+00:00
[2024-07-25T22:19:03.170+0000] {processor.py:176} INFO - Processing /home/airflow/.local/lib/python3.7/site-packages/airflow/example_dags/example_sla_dag.py took 0.088 seconds
[2024-07-25T22:56:34.576+0000] {processor.py:154} INFO - Started process (PID=4673) to work on /home/airflow/.local/lib/python3.7/site-packages/airflow/example_dags/example_sla_dag.py
[2024-07-25T22:56:34.577+0000] {processor.py:756} INFO - Processing file /home/airflow/.local/lib/python3.7/site-packages/airflow/example_dags/example_sla_dag.py for tasks to queue
[2024-07-25T22:56:34.577+0000] {logging_mixin.py:120} INFO - [2024-07-25T22:56:34.577+0000] {dagbag.py:537} INFO - Filling up the DagBag from /home/airflow/.local/lib/python3.7/site-packages/airflow/example_dags/example_sla_dag.py
[2024-07-25T22:56:34.590+0000] {processor.py:766} INFO - DAG(s) dict_keys(['example_sla_dag']) retrieved from /home/airflow/.local/lib/python3.7/site-packages/airflow/example_dags/example_sla_dag.py
[2024-07-25T22:56:34.613+0000] {logging_mixin.py:120} INFO - [2024-07-25T22:56:34.612+0000] {dag.py:2585} INFO - Sync 1 DAGs
[2024-07-25T22:56:34.627+0000] {logging_mixin.py:120} INFO - [2024-07-25T22:56:34.627+0000] {dag.py:3340} INFO - Setting next_dagrun for example_sla_dag to 2024-07-25T22:54:00+00:00, run_after=2024-07-25T22:56:00+00:00
[2024-07-25T22:56:34.638+0000] {processor.py:176} INFO - Processing /home/airflow/.local/lib/python3.7/site-packages/airflow/example_dags/example_sla_dag.py took 0.064 seconds
[2024-07-25T23:21:45.528+0000] {processor.py:154} INFO - Started process (PID=4736) to work on /home/airflow/.local/lib/python3.7/site-packages/airflow/example_dags/example_sla_dag.py
[2024-07-25T23:21:45.529+0000] {processor.py:756} INFO - Processing file /home/airflow/.local/lib/python3.7/site-packages/airflow/example_dags/example_sla_dag.py for tasks to queue
[2024-07-25T23:21:45.532+0000] {logging_mixin.py:120} INFO - [2024-07-25T23:21:45.532+0000] {dagbag.py:537} INFO - Filling up the DagBag from /home/airflow/.local/lib/python3.7/site-packages/airflow/example_dags/example_sla_dag.py
[2024-07-25T23:21:45.548+0000] {processor.py:766} INFO - DAG(s) dict_keys(['example_sla_dag']) retrieved from /home/airflow/.local/lib/python3.7/site-packages/airflow/example_dags/example_sla_dag.py
[2024-07-25T23:21:45.602+0000] {logging_mixin.py:120} INFO - [2024-07-25T23:21:45.602+0000] {dag.py:2585} INFO - Sync 1 DAGs
[2024-07-25T23:21:45.631+0000] {logging_mixin.py:120} INFO - [2024-07-25T23:21:45.630+0000] {dag.py:3340} INFO - Setting next_dagrun for example_sla_dag to 2024-07-25T23:18:00+00:00, run_after=2024-07-25T23:20:00+00:00
[2024-07-25T23:21:45.655+0000] {processor.py:176} INFO - Processing /home/airflow/.local/lib/python3.7/site-packages/airflow/example_dags/example_sla_dag.py took 0.129 seconds
