[2024-07-25T16:12:19.930+0000] {processor.py:154} INFO - Started process (PID=60) to work on /home/airflow/.local/lib/python3.7/site-packages/airflow/example_dags/tutorial_taskflow_api.py
[2024-07-25T16:12:19.931+0000] {processor.py:756} INFO - Processing file /home/airflow/.local/lib/python3.7/site-packages/airflow/example_dags/tutorial_taskflow_api.py for tasks to queue
[2024-07-25T16:12:19.932+0000] {logging_mixin.py:120} INFO - [2024-07-25T16:12:19.932+0000] {dagbag.py:537} INFO - Filling up the DagBag from /home/airflow/.local/lib/python3.7/site-packages/airflow/example_dags/tutorial_taskflow_api.py
[2024-07-25T16:12:19.970+0000] {processor.py:766} INFO - DAG(s) dict_keys(['tutorial_taskflow_api']) retrieved from /home/airflow/.local/lib/python3.7/site-packages/airflow/example_dags/tutorial_taskflow_api.py
[2024-07-25T16:12:20.008+0000] {logging_mixin.py:120} INFO - [2024-07-25T16:12:20.008+0000] {dag.py:2585} INFO - Sync 1 DAGs
[2024-07-25T16:12:20.053+0000] {logging_mixin.py:120} INFO - [2024-07-25T16:12:20.053+0000] {dag.py:3340} INFO - Setting next_dagrun for tutorial_taskflow_api to None, run_after=None
[2024-07-25T16:12:20.077+0000] {processor.py:176} INFO - Processing /home/airflow/.local/lib/python3.7/site-packages/airflow/example_dags/tutorial_taskflow_api.py took 0.151 seconds
[2024-07-25T16:12:50.859+0000] {processor.py:154} INFO - Started process (PID=124) to work on /home/airflow/.local/lib/python3.7/site-packages/airflow/example_dags/tutorial_taskflow_api.py
[2024-07-25T16:12:50.864+0000] {processor.py:756} INFO - Processing file /home/airflow/.local/lib/python3.7/site-packages/airflow/example_dags/tutorial_taskflow_api.py for tasks to queue
[2024-07-25T16:12:50.866+0000] {logging_mixin.py:120} INFO - [2024-07-25T16:12:50.866+0000] {dagbag.py:537} INFO - Filling up the DagBag from /home/airflow/.local/lib/python3.7/site-packages/airflow/example_dags/tutorial_taskflow_api.py
[2024-07-25T16:12:50.876+0000] {processor.py:766} INFO - DAG(s) dict_keys(['tutorial_taskflow_api']) retrieved from /home/airflow/.local/lib/python3.7/site-packages/airflow/example_dags/tutorial_taskflow_api.py
[2024-07-25T16:12:50.902+0000] {logging_mixin.py:120} INFO - [2024-07-25T16:12:50.901+0000] {dag.py:2585} INFO - Sync 1 DAGs
[2024-07-25T16:12:50.920+0000] {logging_mixin.py:120} INFO - [2024-07-25T16:12:50.920+0000] {dag.py:3340} INFO - Setting next_dagrun for tutorial_taskflow_api to None, run_after=None
[2024-07-25T16:12:50.934+0000] {processor.py:176} INFO - Processing /home/airflow/.local/lib/python3.7/site-packages/airflow/example_dags/tutorial_taskflow_api.py took 0.078 seconds
[2024-07-25T16:13:21.948+0000] {processor.py:154} INFO - Started process (PID=189) to work on /home/airflow/.local/lib/python3.7/site-packages/airflow/example_dags/tutorial_taskflow_api.py
[2024-07-25T16:13:21.949+0000] {processor.py:756} INFO - Processing file /home/airflow/.local/lib/python3.7/site-packages/airflow/example_dags/tutorial_taskflow_api.py for tasks to queue
[2024-07-25T16:13:21.950+0000] {logging_mixin.py:120} INFO - [2024-07-25T16:13:21.950+0000] {dagbag.py:537} INFO - Filling up the DagBag from /home/airflow/.local/lib/python3.7/site-packages/airflow/example_dags/tutorial_taskflow_api.py
[2024-07-25T16:13:21.962+0000] {processor.py:766} INFO - DAG(s) dict_keys(['tutorial_taskflow_api']) retrieved from /home/airflow/.local/lib/python3.7/site-packages/airflow/example_dags/tutorial_taskflow_api.py
[2024-07-25T16:13:21.984+0000] {logging_mixin.py:120} INFO - [2024-07-25T16:13:21.984+0000] {dag.py:2585} INFO - Sync 1 DAGs
[2024-07-25T16:13:22.000+0000] {logging_mixin.py:120} INFO - [2024-07-25T16:13:22.000+0000] {dag.py:3340} INFO - Setting next_dagrun for tutorial_taskflow_api to None, run_after=None
[2024-07-25T16:13:22.019+0000] {processor.py:176} INFO - Processing /home/airflow/.local/lib/python3.7/site-packages/airflow/example_dags/tutorial_taskflow_api.py took 0.073 seconds
[2024-07-25T16:13:52.810+0000] {processor.py:154} INFO - Started process (PID=253) to work on /home/airflow/.local/lib/python3.7/site-packages/airflow/example_dags/tutorial_taskflow_api.py
[2024-07-25T16:13:52.811+0000] {processor.py:756} INFO - Processing file /home/airflow/.local/lib/python3.7/site-packages/airflow/example_dags/tutorial_taskflow_api.py for tasks to queue
[2024-07-25T16:13:52.811+0000] {logging_mixin.py:120} INFO - [2024-07-25T16:13:52.811+0000] {dagbag.py:537} INFO - Filling up the DagBag from /home/airflow/.local/lib/python3.7/site-packages/airflow/example_dags/tutorial_taskflow_api.py
[2024-07-25T16:13:52.823+0000] {processor.py:766} INFO - DAG(s) dict_keys(['tutorial_taskflow_api']) retrieved from /home/airflow/.local/lib/python3.7/site-packages/airflow/example_dags/tutorial_taskflow_api.py
[2024-07-25T16:13:52.848+0000] {logging_mixin.py:120} INFO - [2024-07-25T16:13:52.847+0000] {dag.py:2585} INFO - Sync 1 DAGs
[2024-07-25T16:13:52.863+0000] {logging_mixin.py:120} INFO - [2024-07-25T16:13:52.863+0000] {dag.py:3340} INFO - Setting next_dagrun for tutorial_taskflow_api to None, run_after=None
[2024-07-25T16:13:52.882+0000] {processor.py:176} INFO - Processing /home/airflow/.local/lib/python3.7/site-packages/airflow/example_dags/tutorial_taskflow_api.py took 0.074 seconds
[2024-07-25T16:14:23.340+0000] {processor.py:154} INFO - Started process (PID=316) to work on /home/airflow/.local/lib/python3.7/site-packages/airflow/example_dags/tutorial_taskflow_api.py
[2024-07-25T16:14:23.341+0000] {processor.py:756} INFO - Processing file /home/airflow/.local/lib/python3.7/site-packages/airflow/example_dags/tutorial_taskflow_api.py for tasks to queue
[2024-07-25T16:14:23.341+0000] {logging_mixin.py:120} INFO - [2024-07-25T16:14:23.341+0000] {dagbag.py:537} INFO - Filling up the DagBag from /home/airflow/.local/lib/python3.7/site-packages/airflow/example_dags/tutorial_taskflow_api.py
[2024-07-25T16:14:23.355+0000] {processor.py:766} INFO - DAG(s) dict_keys(['tutorial_taskflow_api']) retrieved from /home/airflow/.local/lib/python3.7/site-packages/airflow/example_dags/tutorial_taskflow_api.py
[2024-07-25T16:14:23.390+0000] {logging_mixin.py:120} INFO - [2024-07-25T16:14:23.390+0000] {dag.py:2585} INFO - Sync 1 DAGs
[2024-07-25T16:14:23.410+0000] {logging_mixin.py:120} INFO - [2024-07-25T16:14:23.410+0000] {dag.py:3340} INFO - Setting next_dagrun for tutorial_taskflow_api to None, run_after=None
[2024-07-25T16:14:23.429+0000] {processor.py:176} INFO - Processing /home/airflow/.local/lib/python3.7/site-packages/airflow/example_dags/tutorial_taskflow_api.py took 0.091 seconds
[2024-07-25T16:14:54.321+0000] {processor.py:154} INFO - Started process (PID=380) to work on /home/airflow/.local/lib/python3.7/site-packages/airflow/example_dags/tutorial_taskflow_api.py
[2024-07-25T16:14:54.323+0000] {processor.py:756} INFO - Processing file /home/airflow/.local/lib/python3.7/site-packages/airflow/example_dags/tutorial_taskflow_api.py for tasks to queue
[2024-07-25T16:14:54.323+0000] {logging_mixin.py:120} INFO - [2024-07-25T16:14:54.323+0000] {dagbag.py:537} INFO - Filling up the DagBag from /home/airflow/.local/lib/python3.7/site-packages/airflow/example_dags/tutorial_taskflow_api.py
[2024-07-25T16:14:54.337+0000] {processor.py:766} INFO - DAG(s) dict_keys(['tutorial_taskflow_api']) retrieved from /home/airflow/.local/lib/python3.7/site-packages/airflow/example_dags/tutorial_taskflow_api.py
[2024-07-25T16:14:54.360+0000] {logging_mixin.py:120} INFO - [2024-07-25T16:14:54.360+0000] {dag.py:2585} INFO - Sync 1 DAGs
[2024-07-25T16:14:54.378+0000] {logging_mixin.py:120} INFO - [2024-07-25T16:14:54.378+0000] {dag.py:3340} INFO - Setting next_dagrun for tutorial_taskflow_api to None, run_after=None
[2024-07-25T16:14:54.396+0000] {processor.py:176} INFO - Processing /home/airflow/.local/lib/python3.7/site-packages/airflow/example_dags/tutorial_taskflow_api.py took 0.077 seconds
[2024-07-25T16:15:24.534+0000] {processor.py:154} INFO - Started process (PID=435) to work on /home/airflow/.local/lib/python3.7/site-packages/airflow/example_dags/tutorial_taskflow_api.py
[2024-07-25T16:15:24.535+0000] {processor.py:756} INFO - Processing file /home/airflow/.local/lib/python3.7/site-packages/airflow/example_dags/tutorial_taskflow_api.py for tasks to queue
[2024-07-25T16:15:24.537+0000] {logging_mixin.py:120} INFO - [2024-07-25T16:15:24.536+0000] {dagbag.py:537} INFO - Filling up the DagBag from /home/airflow/.local/lib/python3.7/site-packages/airflow/example_dags/tutorial_taskflow_api.py
[2024-07-25T16:15:24.547+0000] {processor.py:766} INFO - DAG(s) dict_keys(['tutorial_taskflow_api']) retrieved from /home/airflow/.local/lib/python3.7/site-packages/airflow/example_dags/tutorial_taskflow_api.py
[2024-07-25T16:15:24.570+0000] {logging_mixin.py:120} INFO - [2024-07-25T16:15:24.570+0000] {dag.py:2585} INFO - Sync 1 DAGs
[2024-07-25T16:15:24.588+0000] {logging_mixin.py:120} INFO - [2024-07-25T16:15:24.588+0000] {dag.py:3340} INFO - Setting next_dagrun for tutorial_taskflow_api to None, run_after=None
[2024-07-25T16:15:24.602+0000] {processor.py:176} INFO - Processing /home/airflow/.local/lib/python3.7/site-packages/airflow/example_dags/tutorial_taskflow_api.py took 0.070 seconds
[2024-07-25T16:15:54.731+0000] {processor.py:154} INFO - Started process (PID=499) to work on /home/airflow/.local/lib/python3.7/site-packages/airflow/example_dags/tutorial_taskflow_api.py
[2024-07-25T16:15:54.732+0000] {processor.py:756} INFO - Processing file /home/airflow/.local/lib/python3.7/site-packages/airflow/example_dags/tutorial_taskflow_api.py for tasks to queue
[2024-07-25T16:15:54.733+0000] {logging_mixin.py:120} INFO - [2024-07-25T16:15:54.733+0000] {dagbag.py:537} INFO - Filling up the DagBag from /home/airflow/.local/lib/python3.7/site-packages/airflow/example_dags/tutorial_taskflow_api.py
[2024-07-25T16:15:54.748+0000] {processor.py:766} INFO - DAG(s) dict_keys(['tutorial_taskflow_api']) retrieved from /home/airflow/.local/lib/python3.7/site-packages/airflow/example_dags/tutorial_taskflow_api.py
[2024-07-25T16:15:54.785+0000] {logging_mixin.py:120} INFO - [2024-07-25T16:15:54.785+0000] {dag.py:2585} INFO - Sync 1 DAGs
[2024-07-25T16:15:54.802+0000] {logging_mixin.py:120} INFO - [2024-07-25T16:15:54.802+0000] {dag.py:3340} INFO - Setting next_dagrun for tutorial_taskflow_api to None, run_after=None
[2024-07-25T16:15:54.831+0000] {processor.py:176} INFO - Processing /home/airflow/.local/lib/python3.7/site-packages/airflow/example_dags/tutorial_taskflow_api.py took 0.102 seconds
[2024-07-25T16:16:25.729+0000] {processor.py:154} INFO - Started process (PID=563) to work on /home/airflow/.local/lib/python3.7/site-packages/airflow/example_dags/tutorial_taskflow_api.py
[2024-07-25T16:16:25.730+0000] {processor.py:756} INFO - Processing file /home/airflow/.local/lib/python3.7/site-packages/airflow/example_dags/tutorial_taskflow_api.py for tasks to queue
[2024-07-25T16:16:25.730+0000] {logging_mixin.py:120} INFO - [2024-07-25T16:16:25.730+0000] {dagbag.py:537} INFO - Filling up the DagBag from /home/airflow/.local/lib/python3.7/site-packages/airflow/example_dags/tutorial_taskflow_api.py
[2024-07-25T16:16:25.740+0000] {processor.py:766} INFO - DAG(s) dict_keys(['tutorial_taskflow_api']) retrieved from /home/airflow/.local/lib/python3.7/site-packages/airflow/example_dags/tutorial_taskflow_api.py
[2024-07-25T16:16:25.771+0000] {logging_mixin.py:120} INFO - [2024-07-25T16:16:25.771+0000] {dag.py:2585} INFO - Sync 1 DAGs
[2024-07-25T16:16:25.789+0000] {logging_mixin.py:120} INFO - [2024-07-25T16:16:25.789+0000] {dag.py:3340} INFO - Setting next_dagrun for tutorial_taskflow_api to None, run_after=None
[2024-07-25T16:16:25.808+0000] {processor.py:176} INFO - Processing /home/airflow/.local/lib/python3.7/site-packages/airflow/example_dags/tutorial_taskflow_api.py took 0.081 seconds
[2024-07-25T16:16:56.496+0000] {processor.py:154} INFO - Started process (PID=626) to work on /home/airflow/.local/lib/python3.7/site-packages/airflow/example_dags/tutorial_taskflow_api.py
[2024-07-25T16:16:56.497+0000] {processor.py:756} INFO - Processing file /home/airflow/.local/lib/python3.7/site-packages/airflow/example_dags/tutorial_taskflow_api.py for tasks to queue
[2024-07-25T16:16:56.498+0000] {logging_mixin.py:120} INFO - [2024-07-25T16:16:56.498+0000] {dagbag.py:537} INFO - Filling up the DagBag from /home/airflow/.local/lib/python3.7/site-packages/airflow/example_dags/tutorial_taskflow_api.py
[2024-07-25T16:16:56.509+0000] {processor.py:766} INFO - DAG(s) dict_keys(['tutorial_taskflow_api']) retrieved from /home/airflow/.local/lib/python3.7/site-packages/airflow/example_dags/tutorial_taskflow_api.py
[2024-07-25T16:16:56.539+0000] {logging_mixin.py:120} INFO - [2024-07-25T16:16:56.539+0000] {dag.py:2585} INFO - Sync 1 DAGs
[2024-07-25T16:16:56.552+0000] {logging_mixin.py:120} INFO - [2024-07-25T16:16:56.552+0000] {dag.py:3340} INFO - Setting next_dagrun for tutorial_taskflow_api to None, run_after=None
[2024-07-25T16:16:56.574+0000] {processor.py:176} INFO - Processing /home/airflow/.local/lib/python3.7/site-packages/airflow/example_dags/tutorial_taskflow_api.py took 0.079 seconds
[2024-07-25T16:17:27.464+0000] {processor.py:154} INFO - Started process (PID=689) to work on /home/airflow/.local/lib/python3.7/site-packages/airflow/example_dags/tutorial_taskflow_api.py
[2024-07-25T16:17:27.467+0000] {processor.py:756} INFO - Processing file /home/airflow/.local/lib/python3.7/site-packages/airflow/example_dags/tutorial_taskflow_api.py for tasks to queue
[2024-07-25T16:17:27.470+0000] {logging_mixin.py:120} INFO - [2024-07-25T16:17:27.470+0000] {dagbag.py:537} INFO - Filling up the DagBag from /home/airflow/.local/lib/python3.7/site-packages/airflow/example_dags/tutorial_taskflow_api.py
[2024-07-25T16:17:27.483+0000] {processor.py:766} INFO - DAG(s) dict_keys(['tutorial_taskflow_api']) retrieved from /home/airflow/.local/lib/python3.7/site-packages/airflow/example_dags/tutorial_taskflow_api.py
[2024-07-25T16:17:27.510+0000] {logging_mixin.py:120} INFO - [2024-07-25T16:17:27.509+0000] {dag.py:2585} INFO - Sync 1 DAGs
[2024-07-25T16:17:27.526+0000] {logging_mixin.py:120} INFO - [2024-07-25T16:17:27.526+0000] {dag.py:3340} INFO - Setting next_dagrun for tutorial_taskflow_api to None, run_after=None
[2024-07-25T16:17:27.540+0000] {processor.py:176} INFO - Processing /home/airflow/.local/lib/python3.7/site-packages/airflow/example_dags/tutorial_taskflow_api.py took 0.077 seconds
[2024-07-25T16:17:57.704+0000] {processor.py:154} INFO - Started process (PID=752) to work on /home/airflow/.local/lib/python3.7/site-packages/airflow/example_dags/tutorial_taskflow_api.py
[2024-07-25T16:17:57.708+0000] {processor.py:756} INFO - Processing file /home/airflow/.local/lib/python3.7/site-packages/airflow/example_dags/tutorial_taskflow_api.py for tasks to queue
[2024-07-25T16:17:57.710+0000] {logging_mixin.py:120} INFO - [2024-07-25T16:17:57.710+0000] {dagbag.py:537} INFO - Filling up the DagBag from /home/airflow/.local/lib/python3.7/site-packages/airflow/example_dags/tutorial_taskflow_api.py
[2024-07-25T16:17:57.725+0000] {processor.py:766} INFO - DAG(s) dict_keys(['tutorial_taskflow_api']) retrieved from /home/airflow/.local/lib/python3.7/site-packages/airflow/example_dags/tutorial_taskflow_api.py
[2024-07-25T16:17:57.756+0000] {logging_mixin.py:120} INFO - [2024-07-25T16:17:57.754+0000] {dag.py:2585} INFO - Sync 1 DAGs
[2024-07-25T16:17:57.770+0000] {logging_mixin.py:120} INFO - [2024-07-25T16:17:57.770+0000] {dag.py:3340} INFO - Setting next_dagrun for tutorial_taskflow_api to None, run_after=None
[2024-07-25T16:17:57.787+0000] {processor.py:176} INFO - Processing /home/airflow/.local/lib/python3.7/site-packages/airflow/example_dags/tutorial_taskflow_api.py took 0.085 seconds
[2024-07-25T16:18:27.900+0000] {processor.py:154} INFO - Started process (PID=806) to work on /home/airflow/.local/lib/python3.7/site-packages/airflow/example_dags/tutorial_taskflow_api.py
[2024-07-25T16:18:27.902+0000] {processor.py:756} INFO - Processing file /home/airflow/.local/lib/python3.7/site-packages/airflow/example_dags/tutorial_taskflow_api.py for tasks to queue
[2024-07-25T16:18:27.902+0000] {logging_mixin.py:120} INFO - [2024-07-25T16:18:27.902+0000] {dagbag.py:537} INFO - Filling up the DagBag from /home/airflow/.local/lib/python3.7/site-packages/airflow/example_dags/tutorial_taskflow_api.py
[2024-07-25T16:18:27.916+0000] {processor.py:766} INFO - DAG(s) dict_keys(['tutorial_taskflow_api']) retrieved from /home/airflow/.local/lib/python3.7/site-packages/airflow/example_dags/tutorial_taskflow_api.py
[2024-07-25T16:18:27.949+0000] {logging_mixin.py:120} INFO - [2024-07-25T16:18:27.948+0000] {dag.py:2585} INFO - Sync 1 DAGs
[2024-07-25T16:18:27.965+0000] {logging_mixin.py:120} INFO - [2024-07-25T16:18:27.965+0000] {dag.py:3340} INFO - Setting next_dagrun for tutorial_taskflow_api to None, run_after=None
[2024-07-25T16:18:27.981+0000] {processor.py:176} INFO - Processing /home/airflow/.local/lib/python3.7/site-packages/airflow/example_dags/tutorial_taskflow_api.py took 0.083 seconds
[2024-07-25T16:18:58.073+0000] {processor.py:154} INFO - Started process (PID=870) to work on /home/airflow/.local/lib/python3.7/site-packages/airflow/example_dags/tutorial_taskflow_api.py
[2024-07-25T16:18:58.074+0000] {processor.py:756} INFO - Processing file /home/airflow/.local/lib/python3.7/site-packages/airflow/example_dags/tutorial_taskflow_api.py for tasks to queue
[2024-07-25T16:18:58.075+0000] {logging_mixin.py:120} INFO - [2024-07-25T16:18:58.075+0000] {dagbag.py:537} INFO - Filling up the DagBag from /home/airflow/.local/lib/python3.7/site-packages/airflow/example_dags/tutorial_taskflow_api.py
[2024-07-25T16:18:58.086+0000] {processor.py:766} INFO - DAG(s) dict_keys(['tutorial_taskflow_api']) retrieved from /home/airflow/.local/lib/python3.7/site-packages/airflow/example_dags/tutorial_taskflow_api.py
[2024-07-25T16:18:58.110+0000] {logging_mixin.py:120} INFO - [2024-07-25T16:18:58.110+0000] {dag.py:2585} INFO - Sync 1 DAGs
[2024-07-25T16:18:58.124+0000] {logging_mixin.py:120} INFO - [2024-07-25T16:18:58.124+0000] {dag.py:3340} INFO - Setting next_dagrun for tutorial_taskflow_api to None, run_after=None
[2024-07-25T16:18:58.135+0000] {processor.py:176} INFO - Processing /home/airflow/.local/lib/python3.7/site-packages/airflow/example_dags/tutorial_taskflow_api.py took 0.063 seconds
[2024-07-25T16:19:28.269+0000] {processor.py:154} INFO - Started process (PID=934) to work on /home/airflow/.local/lib/python3.7/site-packages/airflow/example_dags/tutorial_taskflow_api.py
[2024-07-25T16:19:28.269+0000] {processor.py:756} INFO - Processing file /home/airflow/.local/lib/python3.7/site-packages/airflow/example_dags/tutorial_taskflow_api.py for tasks to queue
[2024-07-25T16:19:28.270+0000] {logging_mixin.py:120} INFO - [2024-07-25T16:19:28.270+0000] {dagbag.py:537} INFO - Filling up the DagBag from /home/airflow/.local/lib/python3.7/site-packages/airflow/example_dags/tutorial_taskflow_api.py
[2024-07-25T16:19:28.282+0000] {processor.py:766} INFO - DAG(s) dict_keys(['tutorial_taskflow_api']) retrieved from /home/airflow/.local/lib/python3.7/site-packages/airflow/example_dags/tutorial_taskflow_api.py
[2024-07-25T16:19:28.307+0000] {logging_mixin.py:120} INFO - [2024-07-25T16:19:28.307+0000] {dag.py:2585} INFO - Sync 1 DAGs
[2024-07-25T16:19:28.322+0000] {logging_mixin.py:120} INFO - [2024-07-25T16:19:28.321+0000] {dag.py:3340} INFO - Setting next_dagrun for tutorial_taskflow_api to None, run_after=None
[2024-07-25T16:19:28.338+0000] {processor.py:176} INFO - Processing /home/airflow/.local/lib/python3.7/site-packages/airflow/example_dags/tutorial_taskflow_api.py took 0.071 seconds
[2024-07-25T16:19:58.985+0000] {processor.py:154} INFO - Started process (PID=997) to work on /home/airflow/.local/lib/python3.7/site-packages/airflow/example_dags/tutorial_taskflow_api.py
[2024-07-25T16:19:58.986+0000] {processor.py:756} INFO - Processing file /home/airflow/.local/lib/python3.7/site-packages/airflow/example_dags/tutorial_taskflow_api.py for tasks to queue
[2024-07-25T16:19:58.987+0000] {logging_mixin.py:120} INFO - [2024-07-25T16:19:58.986+0000] {dagbag.py:537} INFO - Filling up the DagBag from /home/airflow/.local/lib/python3.7/site-packages/airflow/example_dags/tutorial_taskflow_api.py
[2024-07-25T16:19:58.998+0000] {processor.py:766} INFO - DAG(s) dict_keys(['tutorial_taskflow_api']) retrieved from /home/airflow/.local/lib/python3.7/site-packages/airflow/example_dags/tutorial_taskflow_api.py
[2024-07-25T16:19:59.020+0000] {logging_mixin.py:120} INFO - [2024-07-25T16:19:59.020+0000] {dag.py:2585} INFO - Sync 1 DAGs
[2024-07-25T16:19:59.036+0000] {logging_mixin.py:120} INFO - [2024-07-25T16:19:59.036+0000] {dag.py:3340} INFO - Setting next_dagrun for tutorial_taskflow_api to None, run_after=None
[2024-07-25T16:19:59.050+0000] {processor.py:176} INFO - Processing /home/airflow/.local/lib/python3.7/site-packages/airflow/example_dags/tutorial_taskflow_api.py took 0.067 seconds
[2024-07-25T16:20:29.907+0000] {processor.py:154} INFO - Started process (PID=1061) to work on /home/airflow/.local/lib/python3.7/site-packages/airflow/example_dags/tutorial_taskflow_api.py
[2024-07-25T16:20:29.908+0000] {processor.py:756} INFO - Processing file /home/airflow/.local/lib/python3.7/site-packages/airflow/example_dags/tutorial_taskflow_api.py for tasks to queue
[2024-07-25T16:20:29.909+0000] {logging_mixin.py:120} INFO - [2024-07-25T16:20:29.909+0000] {dagbag.py:537} INFO - Filling up the DagBag from /home/airflow/.local/lib/python3.7/site-packages/airflow/example_dags/tutorial_taskflow_api.py
[2024-07-25T16:20:29.923+0000] {processor.py:766} INFO - DAG(s) dict_keys(['tutorial_taskflow_api']) retrieved from /home/airflow/.local/lib/python3.7/site-packages/airflow/example_dags/tutorial_taskflow_api.py
[2024-07-25T16:20:29.951+0000] {logging_mixin.py:120} INFO - [2024-07-25T16:20:29.951+0000] {dag.py:2585} INFO - Sync 1 DAGs
[2024-07-25T16:20:29.974+0000] {logging_mixin.py:120} INFO - [2024-07-25T16:20:29.973+0000] {dag.py:3340} INFO - Setting next_dagrun for tutorial_taskflow_api to None, run_after=None
[2024-07-25T16:20:29.992+0000] {processor.py:176} INFO - Processing /home/airflow/.local/lib/python3.7/site-packages/airflow/example_dags/tutorial_taskflow_api.py took 0.087 seconds
[2024-07-25T16:21:00.747+0000] {processor.py:154} INFO - Started process (PID=1125) to work on /home/airflow/.local/lib/python3.7/site-packages/airflow/example_dags/tutorial_taskflow_api.py
[2024-07-25T16:21:00.747+0000] {processor.py:756} INFO - Processing file /home/airflow/.local/lib/python3.7/site-packages/airflow/example_dags/tutorial_taskflow_api.py for tasks to queue
[2024-07-25T16:21:00.747+0000] {logging_mixin.py:120} INFO - [2024-07-25T16:21:00.747+0000] {dagbag.py:537} INFO - Filling up the DagBag from /home/airflow/.local/lib/python3.7/site-packages/airflow/example_dags/tutorial_taskflow_api.py
[2024-07-25T16:21:00.766+0000] {processor.py:766} INFO - DAG(s) dict_keys(['tutorial_taskflow_api']) retrieved from /home/airflow/.local/lib/python3.7/site-packages/airflow/example_dags/tutorial_taskflow_api.py
[2024-07-25T16:21:00.794+0000] {logging_mixin.py:120} INFO - [2024-07-25T16:21:00.794+0000] {dag.py:2585} INFO - Sync 1 DAGs
[2024-07-25T16:21:00.812+0000] {logging_mixin.py:120} INFO - [2024-07-25T16:21:00.811+0000] {dag.py:3340} INFO - Setting next_dagrun for tutorial_taskflow_api to None, run_after=None
[2024-07-25T16:21:00.824+0000] {processor.py:176} INFO - Processing /home/airflow/.local/lib/python3.7/site-packages/airflow/example_dags/tutorial_taskflow_api.py took 0.080 seconds
[2024-07-25T16:21:31.500+0000] {processor.py:154} INFO - Started process (PID=1189) to work on /home/airflow/.local/lib/python3.7/site-packages/airflow/example_dags/tutorial_taskflow_api.py
[2024-07-25T16:21:31.500+0000] {processor.py:756} INFO - Processing file /home/airflow/.local/lib/python3.7/site-packages/airflow/example_dags/tutorial_taskflow_api.py for tasks to queue
[2024-07-25T16:21:31.501+0000] {logging_mixin.py:120} INFO - [2024-07-25T16:21:31.501+0000] {dagbag.py:537} INFO - Filling up the DagBag from /home/airflow/.local/lib/python3.7/site-packages/airflow/example_dags/tutorial_taskflow_api.py
[2024-07-25T16:21:31.511+0000] {processor.py:766} INFO - DAG(s) dict_keys(['tutorial_taskflow_api']) retrieved from /home/airflow/.local/lib/python3.7/site-packages/airflow/example_dags/tutorial_taskflow_api.py
[2024-07-25T16:21:31.534+0000] {logging_mixin.py:120} INFO - [2024-07-25T16:21:31.534+0000] {dag.py:2585} INFO - Sync 1 DAGs
[2024-07-25T16:21:31.549+0000] {logging_mixin.py:120} INFO - [2024-07-25T16:21:31.549+0000] {dag.py:3340} INFO - Setting next_dagrun for tutorial_taskflow_api to None, run_after=None
[2024-07-25T16:21:31.563+0000] {processor.py:176} INFO - Processing /home/airflow/.local/lib/python3.7/site-packages/airflow/example_dags/tutorial_taskflow_api.py took 0.065 seconds
[2024-07-25T16:22:02.394+0000] {processor.py:154} INFO - Started process (PID=1244) to work on /home/airflow/.local/lib/python3.7/site-packages/airflow/example_dags/tutorial_taskflow_api.py
[2024-07-25T16:22:02.395+0000] {processor.py:756} INFO - Processing file /home/airflow/.local/lib/python3.7/site-packages/airflow/example_dags/tutorial_taskflow_api.py for tasks to queue
[2024-07-25T16:22:02.397+0000] {logging_mixin.py:120} INFO - [2024-07-25T16:22:02.397+0000] {dagbag.py:537} INFO - Filling up the DagBag from /home/airflow/.local/lib/python3.7/site-packages/airflow/example_dags/tutorial_taskflow_api.py
[2024-07-25T16:22:02.411+0000] {processor.py:766} INFO - DAG(s) dict_keys(['tutorial_taskflow_api']) retrieved from /home/airflow/.local/lib/python3.7/site-packages/airflow/example_dags/tutorial_taskflow_api.py
[2024-07-25T16:22:02.434+0000] {logging_mixin.py:120} INFO - [2024-07-25T16:22:02.434+0000] {dag.py:2585} INFO - Sync 1 DAGs
[2024-07-25T16:22:02.452+0000] {logging_mixin.py:120} INFO - [2024-07-25T16:22:02.452+0000] {dag.py:3340} INFO - Setting next_dagrun for tutorial_taskflow_api to None, run_after=None
[2024-07-25T16:22:02.469+0000] {processor.py:176} INFO - Processing /home/airflow/.local/lib/python3.7/site-packages/airflow/example_dags/tutorial_taskflow_api.py took 0.076 seconds
[2024-07-25T16:22:33.123+0000] {processor.py:154} INFO - Started process (PID=1308) to work on /home/airflow/.local/lib/python3.7/site-packages/airflow/example_dags/tutorial_taskflow_api.py
[2024-07-25T16:22:33.123+0000] {processor.py:756} INFO - Processing file /home/airflow/.local/lib/python3.7/site-packages/airflow/example_dags/tutorial_taskflow_api.py for tasks to queue
[2024-07-25T16:22:33.124+0000] {logging_mixin.py:120} INFO - [2024-07-25T16:22:33.124+0000] {dagbag.py:537} INFO - Filling up the DagBag from /home/airflow/.local/lib/python3.7/site-packages/airflow/example_dags/tutorial_taskflow_api.py
[2024-07-25T16:22:33.134+0000] {processor.py:766} INFO - DAG(s) dict_keys(['tutorial_taskflow_api']) retrieved from /home/airflow/.local/lib/python3.7/site-packages/airflow/example_dags/tutorial_taskflow_api.py
[2024-07-25T16:22:33.157+0000] {logging_mixin.py:120} INFO - [2024-07-25T16:22:33.157+0000] {dag.py:2585} INFO - Sync 1 DAGs
[2024-07-25T16:22:33.169+0000] {logging_mixin.py:120} INFO - [2024-07-25T16:22:33.169+0000] {dag.py:3340} INFO - Setting next_dagrun for tutorial_taskflow_api to None, run_after=None
[2024-07-25T16:22:33.178+0000] {processor.py:176} INFO - Processing /home/airflow/.local/lib/python3.7/site-packages/airflow/example_dags/tutorial_taskflow_api.py took 0.057 seconds
[2024-07-25T16:23:03.856+0000] {processor.py:154} INFO - Started process (PID=1372) to work on /home/airflow/.local/lib/python3.7/site-packages/airflow/example_dags/tutorial_taskflow_api.py
[2024-07-25T16:23:03.857+0000] {processor.py:756} INFO - Processing file /home/airflow/.local/lib/python3.7/site-packages/airflow/example_dags/tutorial_taskflow_api.py for tasks to queue
[2024-07-25T16:23:03.858+0000] {logging_mixin.py:120} INFO - [2024-07-25T16:23:03.858+0000] {dagbag.py:537} INFO - Filling up the DagBag from /home/airflow/.local/lib/python3.7/site-packages/airflow/example_dags/tutorial_taskflow_api.py
[2024-07-25T16:23:03.870+0000] {processor.py:766} INFO - DAG(s) dict_keys(['tutorial_taskflow_api']) retrieved from /home/airflow/.local/lib/python3.7/site-packages/airflow/example_dags/tutorial_taskflow_api.py
[2024-07-25T16:23:03.892+0000] {logging_mixin.py:120} INFO - [2024-07-25T16:23:03.892+0000] {dag.py:2585} INFO - Sync 1 DAGs
[2024-07-25T16:23:03.904+0000] {logging_mixin.py:120} INFO - [2024-07-25T16:23:03.904+0000] {dag.py:3340} INFO - Setting next_dagrun for tutorial_taskflow_api to None, run_after=None
[2024-07-25T16:23:03.914+0000] {processor.py:176} INFO - Processing /home/airflow/.local/lib/python3.7/site-packages/airflow/example_dags/tutorial_taskflow_api.py took 0.060 seconds
[2024-07-25T16:23:34.602+0000] {processor.py:154} INFO - Started process (PID=1435) to work on /home/airflow/.local/lib/python3.7/site-packages/airflow/example_dags/tutorial_taskflow_api.py
[2024-07-25T16:23:34.602+0000] {processor.py:756} INFO - Processing file /home/airflow/.local/lib/python3.7/site-packages/airflow/example_dags/tutorial_taskflow_api.py for tasks to queue
[2024-07-25T16:23:34.603+0000] {logging_mixin.py:120} INFO - [2024-07-25T16:23:34.603+0000] {dagbag.py:537} INFO - Filling up the DagBag from /home/airflow/.local/lib/python3.7/site-packages/airflow/example_dags/tutorial_taskflow_api.py
[2024-07-25T16:23:34.617+0000] {processor.py:766} INFO - DAG(s) dict_keys(['tutorial_taskflow_api']) retrieved from /home/airflow/.local/lib/python3.7/site-packages/airflow/example_dags/tutorial_taskflow_api.py
[2024-07-25T16:23:34.638+0000] {logging_mixin.py:120} INFO - [2024-07-25T16:23:34.638+0000] {dag.py:2585} INFO - Sync 1 DAGs
[2024-07-25T16:23:34.650+0000] {logging_mixin.py:120} INFO - [2024-07-25T16:23:34.650+0000] {dag.py:3340} INFO - Setting next_dagrun for tutorial_taskflow_api to None, run_after=None
[2024-07-25T16:23:34.660+0000] {processor.py:176} INFO - Processing /home/airflow/.local/lib/python3.7/site-packages/airflow/example_dags/tutorial_taskflow_api.py took 0.060 seconds
[2024-07-25T16:24:05.326+0000] {processor.py:154} INFO - Started process (PID=1499) to work on /home/airflow/.local/lib/python3.7/site-packages/airflow/example_dags/tutorial_taskflow_api.py
[2024-07-25T16:24:05.326+0000] {processor.py:756} INFO - Processing file /home/airflow/.local/lib/python3.7/site-packages/airflow/example_dags/tutorial_taskflow_api.py for tasks to queue
[2024-07-25T16:24:05.327+0000] {logging_mixin.py:120} INFO - [2024-07-25T16:24:05.327+0000] {dagbag.py:537} INFO - Filling up the DagBag from /home/airflow/.local/lib/python3.7/site-packages/airflow/example_dags/tutorial_taskflow_api.py
[2024-07-25T16:24:05.337+0000] {processor.py:766} INFO - DAG(s) dict_keys(['tutorial_taskflow_api']) retrieved from /home/airflow/.local/lib/python3.7/site-packages/airflow/example_dags/tutorial_taskflow_api.py
[2024-07-25T16:24:05.358+0000] {logging_mixin.py:120} INFO - [2024-07-25T16:24:05.358+0000] {dag.py:2585} INFO - Sync 1 DAGs
[2024-07-25T16:24:05.371+0000] {logging_mixin.py:120} INFO - [2024-07-25T16:24:05.371+0000] {dag.py:3340} INFO - Setting next_dagrun for tutorial_taskflow_api to None, run_after=None
[2024-07-25T16:24:05.382+0000] {processor.py:176} INFO - Processing /home/airflow/.local/lib/python3.7/site-packages/airflow/example_dags/tutorial_taskflow_api.py took 0.058 seconds
[2024-07-25T16:24:35.940+0000] {processor.py:154} INFO - Started process (PID=1563) to work on /home/airflow/.local/lib/python3.7/site-packages/airflow/example_dags/tutorial_taskflow_api.py
[2024-07-25T16:24:35.941+0000] {processor.py:756} INFO - Processing file /home/airflow/.local/lib/python3.7/site-packages/airflow/example_dags/tutorial_taskflow_api.py for tasks to queue
[2024-07-25T16:24:35.946+0000] {logging_mixin.py:120} INFO - [2024-07-25T16:24:35.946+0000] {dagbag.py:537} INFO - Filling up the DagBag from /home/airflow/.local/lib/python3.7/site-packages/airflow/example_dags/tutorial_taskflow_api.py
[2024-07-25T16:24:35.956+0000] {processor.py:766} INFO - DAG(s) dict_keys(['tutorial_taskflow_api']) retrieved from /home/airflow/.local/lib/python3.7/site-packages/airflow/example_dags/tutorial_taskflow_api.py
[2024-07-25T16:24:35.980+0000] {logging_mixin.py:120} INFO - [2024-07-25T16:24:35.980+0000] {dag.py:2585} INFO - Sync 1 DAGs
[2024-07-25T16:24:35.996+0000] {logging_mixin.py:120} INFO - [2024-07-25T16:24:35.996+0000] {dag.py:3340} INFO - Setting next_dagrun for tutorial_taskflow_api to None, run_after=None
[2024-07-25T16:24:36.006+0000] {processor.py:176} INFO - Processing /home/airflow/.local/lib/python3.7/site-packages/airflow/example_dags/tutorial_taskflow_api.py took 0.069 seconds
[2024-07-25T16:25:06.759+0000] {processor.py:154} INFO - Started process (PID=1627) to work on /home/airflow/.local/lib/python3.7/site-packages/airflow/example_dags/tutorial_taskflow_api.py
[2024-07-25T16:25:06.763+0000] {processor.py:756} INFO - Processing file /home/airflow/.local/lib/python3.7/site-packages/airflow/example_dags/tutorial_taskflow_api.py for tasks to queue
[2024-07-25T16:25:06.763+0000] {logging_mixin.py:120} INFO - [2024-07-25T16:25:06.763+0000] {dagbag.py:537} INFO - Filling up the DagBag from /home/airflow/.local/lib/python3.7/site-packages/airflow/example_dags/tutorial_taskflow_api.py
[2024-07-25T16:25:06.775+0000] {processor.py:766} INFO - DAG(s) dict_keys(['tutorial_taskflow_api']) retrieved from /home/airflow/.local/lib/python3.7/site-packages/airflow/example_dags/tutorial_taskflow_api.py
[2024-07-25T16:25:06.801+0000] {logging_mixin.py:120} INFO - [2024-07-25T16:25:06.801+0000] {dag.py:2585} INFO - Sync 1 DAGs
[2024-07-25T16:25:06.817+0000] {logging_mixin.py:120} INFO - [2024-07-25T16:25:06.817+0000] {dag.py:3340} INFO - Setting next_dagrun for tutorial_taskflow_api to None, run_after=None
[2024-07-25T16:25:06.828+0000] {processor.py:176} INFO - Processing /home/airflow/.local/lib/python3.7/site-packages/airflow/example_dags/tutorial_taskflow_api.py took 0.071 seconds
[2024-07-25T16:25:37.602+0000] {processor.py:154} INFO - Started process (PID=1691) to work on /home/airflow/.local/lib/python3.7/site-packages/airflow/example_dags/tutorial_taskflow_api.py
[2024-07-25T16:25:37.603+0000] {processor.py:756} INFO - Processing file /home/airflow/.local/lib/python3.7/site-packages/airflow/example_dags/tutorial_taskflow_api.py for tasks to queue
[2024-07-25T16:25:37.607+0000] {logging_mixin.py:120} INFO - [2024-07-25T16:25:37.607+0000] {dagbag.py:537} INFO - Filling up the DagBag from /home/airflow/.local/lib/python3.7/site-packages/airflow/example_dags/tutorial_taskflow_api.py
[2024-07-25T16:25:37.617+0000] {processor.py:766} INFO - DAG(s) dict_keys(['tutorial_taskflow_api']) retrieved from /home/airflow/.local/lib/python3.7/site-packages/airflow/example_dags/tutorial_taskflow_api.py
[2024-07-25T16:25:37.642+0000] {logging_mixin.py:120} INFO - [2024-07-25T16:25:37.642+0000] {dag.py:2585} INFO - Sync 1 DAGs
[2024-07-25T16:25:37.656+0000] {logging_mixin.py:120} INFO - [2024-07-25T16:25:37.655+0000] {dag.py:3340} INFO - Setting next_dagrun for tutorial_taskflow_api to None, run_after=None
[2024-07-25T16:25:37.667+0000] {processor.py:176} INFO - Processing /home/airflow/.local/lib/python3.7/site-packages/airflow/example_dags/tutorial_taskflow_api.py took 0.067 seconds
[2024-07-25T16:26:08.920+0000] {processor.py:154} INFO - Started process (PID=1754) to work on /home/airflow/.local/lib/python3.7/site-packages/airflow/example_dags/tutorial_taskflow_api.py
[2024-07-25T16:26:08.921+0000] {processor.py:756} INFO - Processing file /home/airflow/.local/lib/python3.7/site-packages/airflow/example_dags/tutorial_taskflow_api.py for tasks to queue
[2024-07-25T16:26:08.922+0000] {logging_mixin.py:120} INFO - [2024-07-25T16:26:08.921+0000] {dagbag.py:537} INFO - Filling up the DagBag from /home/airflow/.local/lib/python3.7/site-packages/airflow/example_dags/tutorial_taskflow_api.py
[2024-07-25T16:26:08.943+0000] {processor.py:766} INFO - DAG(s) dict_keys(['tutorial_taskflow_api']) retrieved from /home/airflow/.local/lib/python3.7/site-packages/airflow/example_dags/tutorial_taskflow_api.py
[2024-07-25T16:26:08.987+0000] {logging_mixin.py:120} INFO - [2024-07-25T16:26:08.987+0000] {dag.py:2585} INFO - Sync 1 DAGs
[2024-07-25T16:26:09.009+0000] {logging_mixin.py:120} INFO - [2024-07-25T16:26:09.009+0000] {dag.py:3340} INFO - Setting next_dagrun for tutorial_taskflow_api to None, run_after=None
[2024-07-25T16:26:09.028+0000] {processor.py:176} INFO - Processing /home/airflow/.local/lib/python3.7/site-packages/airflow/example_dags/tutorial_taskflow_api.py took 0.111 seconds
[2024-07-25T16:26:39.326+0000] {processor.py:154} INFO - Started process (PID=1809) to work on /home/airflow/.local/lib/python3.7/site-packages/airflow/example_dags/tutorial_taskflow_api.py
[2024-07-25T16:26:39.328+0000] {processor.py:756} INFO - Processing file /home/airflow/.local/lib/python3.7/site-packages/airflow/example_dags/tutorial_taskflow_api.py for tasks to queue
[2024-07-25T16:26:39.329+0000] {logging_mixin.py:120} INFO - [2024-07-25T16:26:39.329+0000] {dagbag.py:537} INFO - Filling up the DagBag from /home/airflow/.local/lib/python3.7/site-packages/airflow/example_dags/tutorial_taskflow_api.py
[2024-07-25T16:26:39.351+0000] {processor.py:766} INFO - DAG(s) dict_keys(['tutorial_taskflow_api']) retrieved from /home/airflow/.local/lib/python3.7/site-packages/airflow/example_dags/tutorial_taskflow_api.py
[2024-07-25T16:26:39.385+0000] {logging_mixin.py:120} INFO - [2024-07-25T16:26:39.385+0000] {dag.py:2585} INFO - Sync 1 DAGs
[2024-07-25T16:26:39.410+0000] {logging_mixin.py:120} INFO - [2024-07-25T16:26:39.410+0000] {dag.py:3340} INFO - Setting next_dagrun for tutorial_taskflow_api to None, run_after=None
[2024-07-25T16:26:39.431+0000] {processor.py:176} INFO - Processing /home/airflow/.local/lib/python3.7/site-packages/airflow/example_dags/tutorial_taskflow_api.py took 0.107 seconds
[2024-07-25T16:27:09.508+0000] {processor.py:154} INFO - Started process (PID=1873) to work on /home/airflow/.local/lib/python3.7/site-packages/airflow/example_dags/tutorial_taskflow_api.py
[2024-07-25T16:27:09.509+0000] {processor.py:756} INFO - Processing file /home/airflow/.local/lib/python3.7/site-packages/airflow/example_dags/tutorial_taskflow_api.py for tasks to queue
[2024-07-25T16:27:09.511+0000] {logging_mixin.py:120} INFO - [2024-07-25T16:27:09.511+0000] {dagbag.py:537} INFO - Filling up the DagBag from /home/airflow/.local/lib/python3.7/site-packages/airflow/example_dags/tutorial_taskflow_api.py
[2024-07-25T16:27:09.526+0000] {processor.py:766} INFO - DAG(s) dict_keys(['tutorial_taskflow_api']) retrieved from /home/airflow/.local/lib/python3.7/site-packages/airflow/example_dags/tutorial_taskflow_api.py
[2024-07-25T16:27:09.562+0000] {logging_mixin.py:120} INFO - [2024-07-25T16:27:09.562+0000] {dag.py:2585} INFO - Sync 1 DAGs
[2024-07-25T16:27:09.583+0000] {logging_mixin.py:120} INFO - [2024-07-25T16:27:09.583+0000] {dag.py:3340} INFO - Setting next_dagrun for tutorial_taskflow_api to None, run_after=None
[2024-07-25T16:27:09.598+0000] {processor.py:176} INFO - Processing /home/airflow/.local/lib/python3.7/site-packages/airflow/example_dags/tutorial_taskflow_api.py took 0.093 seconds
[2024-07-25T16:27:39.707+0000] {processor.py:154} INFO - Started process (PID=1937) to work on /home/airflow/.local/lib/python3.7/site-packages/airflow/example_dags/tutorial_taskflow_api.py
[2024-07-25T16:27:39.710+0000] {processor.py:756} INFO - Processing file /home/airflow/.local/lib/python3.7/site-packages/airflow/example_dags/tutorial_taskflow_api.py for tasks to queue
[2024-07-25T16:27:39.711+0000] {logging_mixin.py:120} INFO - [2024-07-25T16:27:39.711+0000] {dagbag.py:537} INFO - Filling up the DagBag from /home/airflow/.local/lib/python3.7/site-packages/airflow/example_dags/tutorial_taskflow_api.py
[2024-07-25T16:27:39.730+0000] {processor.py:766} INFO - DAG(s) dict_keys(['tutorial_taskflow_api']) retrieved from /home/airflow/.local/lib/python3.7/site-packages/airflow/example_dags/tutorial_taskflow_api.py
[2024-07-25T16:27:39.775+0000] {logging_mixin.py:120} INFO - [2024-07-25T16:27:39.775+0000] {dag.py:2585} INFO - Sync 1 DAGs
[2024-07-25T16:27:39.792+0000] {logging_mixin.py:120} INFO - [2024-07-25T16:27:39.792+0000] {dag.py:3340} INFO - Setting next_dagrun for tutorial_taskflow_api to None, run_after=None
[2024-07-25T16:27:39.805+0000] {processor.py:176} INFO - Processing /home/airflow/.local/lib/python3.7/site-packages/airflow/example_dags/tutorial_taskflow_api.py took 0.101 seconds
[2024-07-25T16:28:10.326+0000] {processor.py:154} INFO - Started process (PID=1999) to work on /home/airflow/.local/lib/python3.7/site-packages/airflow/example_dags/tutorial_taskflow_api.py
[2024-07-25T16:28:10.327+0000] {processor.py:756} INFO - Processing file /home/airflow/.local/lib/python3.7/site-packages/airflow/example_dags/tutorial_taskflow_api.py for tasks to queue
[2024-07-25T16:28:10.328+0000] {logging_mixin.py:120} INFO - [2024-07-25T16:28:10.328+0000] {dagbag.py:537} INFO - Filling up the DagBag from /home/airflow/.local/lib/python3.7/site-packages/airflow/example_dags/tutorial_taskflow_api.py
[2024-07-25T16:28:10.354+0000] {processor.py:766} INFO - DAG(s) dict_keys(['tutorial_taskflow_api']) retrieved from /home/airflow/.local/lib/python3.7/site-packages/airflow/example_dags/tutorial_taskflow_api.py
[2024-07-25T16:28:10.396+0000] {logging_mixin.py:120} INFO - [2024-07-25T16:28:10.395+0000] {dag.py:2585} INFO - Sync 1 DAGs
[2024-07-25T16:28:10.422+0000] {logging_mixin.py:120} INFO - [2024-07-25T16:28:10.422+0000] {dag.py:3340} INFO - Setting next_dagrun for tutorial_taskflow_api to None, run_after=None
[2024-07-25T16:28:10.444+0000] {processor.py:176} INFO - Processing /home/airflow/.local/lib/python3.7/site-packages/airflow/example_dags/tutorial_taskflow_api.py took 0.121 seconds
[2024-07-25T16:28:40.754+0000] {processor.py:154} INFO - Started process (PID=2056) to work on /home/airflow/.local/lib/python3.7/site-packages/airflow/example_dags/tutorial_taskflow_api.py
[2024-07-25T16:28:40.757+0000] {processor.py:756} INFO - Processing file /home/airflow/.local/lib/python3.7/site-packages/airflow/example_dags/tutorial_taskflow_api.py for tasks to queue
[2024-07-25T16:28:40.758+0000] {logging_mixin.py:120} INFO - [2024-07-25T16:28:40.758+0000] {dagbag.py:537} INFO - Filling up the DagBag from /home/airflow/.local/lib/python3.7/site-packages/airflow/example_dags/tutorial_taskflow_api.py
[2024-07-25T16:28:40.774+0000] {processor.py:766} INFO - DAG(s) dict_keys(['tutorial_taskflow_api']) retrieved from /home/airflow/.local/lib/python3.7/site-packages/airflow/example_dags/tutorial_taskflow_api.py
[2024-07-25T16:28:40.806+0000] {logging_mixin.py:120} INFO - [2024-07-25T16:28:40.806+0000] {dag.py:2585} INFO - Sync 1 DAGs
[2024-07-25T16:28:40.827+0000] {logging_mixin.py:120} INFO - [2024-07-25T16:28:40.827+0000] {dag.py:3340} INFO - Setting next_dagrun for tutorial_taskflow_api to None, run_after=None
[2024-07-25T16:28:40.843+0000] {processor.py:176} INFO - Processing /home/airflow/.local/lib/python3.7/site-packages/airflow/example_dags/tutorial_taskflow_api.py took 0.091 seconds
[2024-07-25T16:29:11.593+0000] {processor.py:154} INFO - Started process (PID=2119) to work on /home/airflow/.local/lib/python3.7/site-packages/airflow/example_dags/tutorial_taskflow_api.py
[2024-07-25T16:29:11.594+0000] {processor.py:756} INFO - Processing file /home/airflow/.local/lib/python3.7/site-packages/airflow/example_dags/tutorial_taskflow_api.py for tasks to queue
[2024-07-25T16:29:11.595+0000] {logging_mixin.py:120} INFO - [2024-07-25T16:29:11.595+0000] {dagbag.py:537} INFO - Filling up the DagBag from /home/airflow/.local/lib/python3.7/site-packages/airflow/example_dags/tutorial_taskflow_api.py
[2024-07-25T16:29:11.605+0000] {processor.py:766} INFO - DAG(s) dict_keys(['tutorial_taskflow_api']) retrieved from /home/airflow/.local/lib/python3.7/site-packages/airflow/example_dags/tutorial_taskflow_api.py
[2024-07-25T16:29:11.630+0000] {logging_mixin.py:120} INFO - [2024-07-25T16:29:11.630+0000] {dag.py:2585} INFO - Sync 1 DAGs
[2024-07-25T16:29:11.642+0000] {logging_mixin.py:120} INFO - [2024-07-25T16:29:11.642+0000] {dag.py:3340} INFO - Setting next_dagrun for tutorial_taskflow_api to None, run_after=None
[2024-07-25T16:29:11.651+0000] {processor.py:176} INFO - Processing /home/airflow/.local/lib/python3.7/site-packages/airflow/example_dags/tutorial_taskflow_api.py took 0.059 seconds
[2024-07-25T16:29:42.225+0000] {processor.py:154} INFO - Started process (PID=2182) to work on /home/airflow/.local/lib/python3.7/site-packages/airflow/example_dags/tutorial_taskflow_api.py
[2024-07-25T16:29:42.225+0000] {processor.py:756} INFO - Processing file /home/airflow/.local/lib/python3.7/site-packages/airflow/example_dags/tutorial_taskflow_api.py for tasks to queue
[2024-07-25T16:29:42.226+0000] {logging_mixin.py:120} INFO - [2024-07-25T16:29:42.226+0000] {dagbag.py:537} INFO - Filling up the DagBag from /home/airflow/.local/lib/python3.7/site-packages/airflow/example_dags/tutorial_taskflow_api.py
[2024-07-25T16:29:42.240+0000] {processor.py:766} INFO - DAG(s) dict_keys(['tutorial_taskflow_api']) retrieved from /home/airflow/.local/lib/python3.7/site-packages/airflow/example_dags/tutorial_taskflow_api.py
[2024-07-25T16:29:42.260+0000] {logging_mixin.py:120} INFO - [2024-07-25T16:29:42.260+0000] {dag.py:2585} INFO - Sync 1 DAGs
[2024-07-25T16:29:42.272+0000] {logging_mixin.py:120} INFO - [2024-07-25T16:29:42.271+0000] {dag.py:3340} INFO - Setting next_dagrun for tutorial_taskflow_api to None, run_after=None
[2024-07-25T16:29:42.281+0000] {processor.py:176} INFO - Processing /home/airflow/.local/lib/python3.7/site-packages/airflow/example_dags/tutorial_taskflow_api.py took 0.059 seconds
[2024-07-25T16:30:12.969+0000] {processor.py:154} INFO - Started process (PID=2246) to work on /home/airflow/.local/lib/python3.7/site-packages/airflow/example_dags/tutorial_taskflow_api.py
[2024-07-25T16:30:12.971+0000] {processor.py:756} INFO - Processing file /home/airflow/.local/lib/python3.7/site-packages/airflow/example_dags/tutorial_taskflow_api.py for tasks to queue
[2024-07-25T16:30:12.973+0000] {logging_mixin.py:120} INFO - [2024-07-25T16:30:12.973+0000] {dagbag.py:537} INFO - Filling up the DagBag from /home/airflow/.local/lib/python3.7/site-packages/airflow/example_dags/tutorial_taskflow_api.py
[2024-07-25T16:30:12.985+0000] {processor.py:766} INFO - DAG(s) dict_keys(['tutorial_taskflow_api']) retrieved from /home/airflow/.local/lib/python3.7/site-packages/airflow/example_dags/tutorial_taskflow_api.py
[2024-07-25T16:30:13.006+0000] {logging_mixin.py:120} INFO - [2024-07-25T16:30:13.006+0000] {dag.py:2585} INFO - Sync 1 DAGs
[2024-07-25T16:30:13.018+0000] {logging_mixin.py:120} INFO - [2024-07-25T16:30:13.018+0000] {dag.py:3340} INFO - Setting next_dagrun for tutorial_taskflow_api to None, run_after=None
[2024-07-25T16:30:13.026+0000] {processor.py:176} INFO - Processing /home/airflow/.local/lib/python3.7/site-packages/airflow/example_dags/tutorial_taskflow_api.py took 0.059 seconds
[2024-07-25T16:30:43.552+0000] {processor.py:154} INFO - Started process (PID=2310) to work on /home/airflow/.local/lib/python3.7/site-packages/airflow/example_dags/tutorial_taskflow_api.py
[2024-07-25T16:30:43.553+0000] {processor.py:756} INFO - Processing file /home/airflow/.local/lib/python3.7/site-packages/airflow/example_dags/tutorial_taskflow_api.py for tasks to queue
[2024-07-25T16:30:43.553+0000] {logging_mixin.py:120} INFO - [2024-07-25T16:30:43.553+0000] {dagbag.py:537} INFO - Filling up the DagBag from /home/airflow/.local/lib/python3.7/site-packages/airflow/example_dags/tutorial_taskflow_api.py
[2024-07-25T16:30:43.564+0000] {processor.py:766} INFO - DAG(s) dict_keys(['tutorial_taskflow_api']) retrieved from /home/airflow/.local/lib/python3.7/site-packages/airflow/example_dags/tutorial_taskflow_api.py
[2024-07-25T16:30:43.589+0000] {logging_mixin.py:120} INFO - [2024-07-25T16:30:43.589+0000] {dag.py:2585} INFO - Sync 1 DAGs
[2024-07-25T16:30:43.601+0000] {logging_mixin.py:120} INFO - [2024-07-25T16:30:43.601+0000] {dag.py:3340} INFO - Setting next_dagrun for tutorial_taskflow_api to None, run_after=None
[2024-07-25T16:30:43.610+0000] {processor.py:176} INFO - Processing /home/airflow/.local/lib/python3.7/site-packages/airflow/example_dags/tutorial_taskflow_api.py took 0.060 seconds
[2024-07-25T16:31:14.243+0000] {processor.py:154} INFO - Started process (PID=2374) to work on /home/airflow/.local/lib/python3.7/site-packages/airflow/example_dags/tutorial_taskflow_api.py
[2024-07-25T16:31:14.246+0000] {processor.py:756} INFO - Processing file /home/airflow/.local/lib/python3.7/site-packages/airflow/example_dags/tutorial_taskflow_api.py for tasks to queue
[2024-07-25T16:31:14.247+0000] {logging_mixin.py:120} INFO - [2024-07-25T16:31:14.247+0000] {dagbag.py:537} INFO - Filling up the DagBag from /home/airflow/.local/lib/python3.7/site-packages/airflow/example_dags/tutorial_taskflow_api.py
[2024-07-25T16:31:14.259+0000] {processor.py:766} INFO - DAG(s) dict_keys(['tutorial_taskflow_api']) retrieved from /home/airflow/.local/lib/python3.7/site-packages/airflow/example_dags/tutorial_taskflow_api.py
[2024-07-25T16:31:14.280+0000] {logging_mixin.py:120} INFO - [2024-07-25T16:31:14.279+0000] {dag.py:2585} INFO - Sync 1 DAGs
[2024-07-25T16:31:14.291+0000] {logging_mixin.py:120} INFO - [2024-07-25T16:31:14.291+0000] {dag.py:3340} INFO - Setting next_dagrun for tutorial_taskflow_api to None, run_after=None
[2024-07-25T16:31:14.300+0000] {processor.py:176} INFO - Processing /home/airflow/.local/lib/python3.7/site-packages/airflow/example_dags/tutorial_taskflow_api.py took 0.058 seconds
[2024-07-25T16:40:52.809+0000] {processor.py:154} INFO - Started process (PID=2435) to work on /home/airflow/.local/lib/python3.7/site-packages/airflow/example_dags/tutorial_taskflow_api.py
[2024-07-25T16:40:52.812+0000] {processor.py:756} INFO - Processing file /home/airflow/.local/lib/python3.7/site-packages/airflow/example_dags/tutorial_taskflow_api.py for tasks to queue
[2024-07-25T16:40:52.812+0000] {logging_mixin.py:120} INFO - [2024-07-25T16:40:52.812+0000] {dagbag.py:537} INFO - Filling up the DagBag from /home/airflow/.local/lib/python3.7/site-packages/airflow/example_dags/tutorial_taskflow_api.py
[2024-07-25T16:40:52.826+0000] {processor.py:766} INFO - DAG(s) dict_keys(['tutorial_taskflow_api']) retrieved from /home/airflow/.local/lib/python3.7/site-packages/airflow/example_dags/tutorial_taskflow_api.py
[2024-07-25T16:40:52.855+0000] {logging_mixin.py:120} INFO - [2024-07-25T16:40:52.855+0000] {dag.py:2585} INFO - Sync 1 DAGs
[2024-07-25T16:40:52.877+0000] {logging_mixin.py:120} INFO - [2024-07-25T16:40:52.877+0000] {dag.py:3340} INFO - Setting next_dagrun for tutorial_taskflow_api to None, run_after=None
[2024-07-25T16:40:52.892+0000] {processor.py:176} INFO - Processing /home/airflow/.local/lib/python3.7/site-packages/airflow/example_dags/tutorial_taskflow_api.py took 0.085 seconds
[2024-07-25T16:41:35.208+0000] {processor.py:154} INFO - Started process (PID=2499) to work on /home/airflow/.local/lib/python3.7/site-packages/airflow/example_dags/tutorial_taskflow_api.py
[2024-07-25T16:41:35.210+0000] {processor.py:756} INFO - Processing file /home/airflow/.local/lib/python3.7/site-packages/airflow/example_dags/tutorial_taskflow_api.py for tasks to queue
[2024-07-25T16:41:35.210+0000] {logging_mixin.py:120} INFO - [2024-07-25T16:41:35.210+0000] {dagbag.py:537} INFO - Filling up the DagBag from /home/airflow/.local/lib/python3.7/site-packages/airflow/example_dags/tutorial_taskflow_api.py
[2024-07-25T16:41:35.222+0000] {processor.py:766} INFO - DAG(s) dict_keys(['tutorial_taskflow_api']) retrieved from /home/airflow/.local/lib/python3.7/site-packages/airflow/example_dags/tutorial_taskflow_api.py
[2024-07-25T16:41:35.249+0000] {logging_mixin.py:120} INFO - [2024-07-25T16:41:35.249+0000] {dag.py:2585} INFO - Sync 1 DAGs
[2024-07-25T16:41:35.263+0000] {logging_mixin.py:120} INFO - [2024-07-25T16:41:35.263+0000] {dag.py:3340} INFO - Setting next_dagrun for tutorial_taskflow_api to None, run_after=None
[2024-07-25T16:41:35.277+0000] {processor.py:176} INFO - Processing /home/airflow/.local/lib/python3.7/site-packages/airflow/example_dags/tutorial_taskflow_api.py took 0.071 seconds
[2024-07-25T16:42:06.308+0000] {processor.py:154} INFO - Started process (PID=2563) to work on /home/airflow/.local/lib/python3.7/site-packages/airflow/example_dags/tutorial_taskflow_api.py
[2024-07-25T16:42:06.309+0000] {processor.py:756} INFO - Processing file /home/airflow/.local/lib/python3.7/site-packages/airflow/example_dags/tutorial_taskflow_api.py for tasks to queue
[2024-07-25T16:42:06.310+0000] {logging_mixin.py:120} INFO - [2024-07-25T16:42:06.310+0000] {dagbag.py:537} INFO - Filling up the DagBag from /home/airflow/.local/lib/python3.7/site-packages/airflow/example_dags/tutorial_taskflow_api.py
[2024-07-25T16:42:06.325+0000] {processor.py:766} INFO - DAG(s) dict_keys(['tutorial_taskflow_api']) retrieved from /home/airflow/.local/lib/python3.7/site-packages/airflow/example_dags/tutorial_taskflow_api.py
[2024-07-25T16:42:06.354+0000] {logging_mixin.py:120} INFO - [2024-07-25T16:42:06.354+0000] {dag.py:2585} INFO - Sync 1 DAGs
[2024-07-25T16:42:06.373+0000] {logging_mixin.py:120} INFO - [2024-07-25T16:42:06.373+0000] {dag.py:3340} INFO - Setting next_dagrun for tutorial_taskflow_api to None, run_after=None
[2024-07-25T16:42:06.388+0000] {processor.py:176} INFO - Processing /home/airflow/.local/lib/python3.7/site-packages/airflow/example_dags/tutorial_taskflow_api.py took 0.082 seconds
[2024-07-25T16:52:18.563+0000] {processor.py:154} INFO - Started process (PID=2627) to work on /home/airflow/.local/lib/python3.7/site-packages/airflow/example_dags/tutorial_taskflow_api.py
[2024-07-25T16:52:18.564+0000] {processor.py:756} INFO - Processing file /home/airflow/.local/lib/python3.7/site-packages/airflow/example_dags/tutorial_taskflow_api.py for tasks to queue
[2024-07-25T16:52:18.565+0000] {logging_mixin.py:120} INFO - [2024-07-25T16:52:18.565+0000] {dagbag.py:537} INFO - Filling up the DagBag from /home/airflow/.local/lib/python3.7/site-packages/airflow/example_dags/tutorial_taskflow_api.py
[2024-07-25T16:52:18.584+0000] {processor.py:766} INFO - DAG(s) dict_keys(['tutorial_taskflow_api']) retrieved from /home/airflow/.local/lib/python3.7/site-packages/airflow/example_dags/tutorial_taskflow_api.py
[2024-07-25T16:52:18.649+0000] {logging_mixin.py:120} INFO - [2024-07-25T16:52:18.649+0000] {dag.py:2585} INFO - Sync 1 DAGs
[2024-07-25T16:52:18.670+0000] {logging_mixin.py:120} INFO - [2024-07-25T16:52:18.670+0000] {dag.py:3340} INFO - Setting next_dagrun for tutorial_taskflow_api to None, run_after=None
[2024-07-25T16:52:18.696+0000] {processor.py:176} INFO - Processing /home/airflow/.local/lib/python3.7/site-packages/airflow/example_dags/tutorial_taskflow_api.py took 0.135 seconds
[2024-07-25T16:52:48.755+0000] {processor.py:154} INFO - Started process (PID=2682) to work on /home/airflow/.local/lib/python3.7/site-packages/airflow/example_dags/tutorial_taskflow_api.py
[2024-07-25T16:52:48.755+0000] {processor.py:756} INFO - Processing file /home/airflow/.local/lib/python3.7/site-packages/airflow/example_dags/tutorial_taskflow_api.py for tasks to queue
[2024-07-25T16:52:48.756+0000] {logging_mixin.py:120} INFO - [2024-07-25T16:52:48.756+0000] {dagbag.py:537} INFO - Filling up the DagBag from /home/airflow/.local/lib/python3.7/site-packages/airflow/example_dags/tutorial_taskflow_api.py
[2024-07-25T16:52:48.766+0000] {processor.py:766} INFO - DAG(s) dict_keys(['tutorial_taskflow_api']) retrieved from /home/airflow/.local/lib/python3.7/site-packages/airflow/example_dags/tutorial_taskflow_api.py
[2024-07-25T16:52:48.789+0000] {logging_mixin.py:120} INFO - [2024-07-25T16:52:48.789+0000] {dag.py:2585} INFO - Sync 1 DAGs
[2024-07-25T16:52:48.807+0000] {logging_mixin.py:120} INFO - [2024-07-25T16:52:48.807+0000] {dag.py:3340} INFO - Setting next_dagrun for tutorial_taskflow_api to None, run_after=None
[2024-07-25T16:52:48.824+0000] {processor.py:176} INFO - Processing /home/airflow/.local/lib/python3.7/site-packages/airflow/example_dags/tutorial_taskflow_api.py took 0.071 seconds
[2024-07-25T16:53:19.921+0000] {processor.py:154} INFO - Started process (PID=2746) to work on /home/airflow/.local/lib/python3.7/site-packages/airflow/example_dags/tutorial_taskflow_api.py
[2024-07-25T16:53:19.923+0000] {processor.py:756} INFO - Processing file /home/airflow/.local/lib/python3.7/site-packages/airflow/example_dags/tutorial_taskflow_api.py for tasks to queue
[2024-07-25T16:53:19.925+0000] {logging_mixin.py:120} INFO - [2024-07-25T16:53:19.924+0000] {dagbag.py:537} INFO - Filling up the DagBag from /home/airflow/.local/lib/python3.7/site-packages/airflow/example_dags/tutorial_taskflow_api.py
[2024-07-25T16:53:19.939+0000] {processor.py:766} INFO - DAG(s) dict_keys(['tutorial_taskflow_api']) retrieved from /home/airflow/.local/lib/python3.7/site-packages/airflow/example_dags/tutorial_taskflow_api.py
[2024-07-25T16:53:19.967+0000] {logging_mixin.py:120} INFO - [2024-07-25T16:53:19.967+0000] {dag.py:2585} INFO - Sync 1 DAGs
[2024-07-25T16:53:19.983+0000] {logging_mixin.py:120} INFO - [2024-07-25T16:53:19.983+0000] {dag.py:3340} INFO - Setting next_dagrun for tutorial_taskflow_api to None, run_after=None
[2024-07-25T16:53:19.996+0000] {processor.py:176} INFO - Processing /home/airflow/.local/lib/python3.7/site-packages/airflow/example_dags/tutorial_taskflow_api.py took 0.076 seconds
[2024-07-25T16:53:50.909+0000] {processor.py:154} INFO - Started process (PID=2809) to work on /home/airflow/.local/lib/python3.7/site-packages/airflow/example_dags/tutorial_taskflow_api.py
[2024-07-25T16:53:50.911+0000] {processor.py:756} INFO - Processing file /home/airflow/.local/lib/python3.7/site-packages/airflow/example_dags/tutorial_taskflow_api.py for tasks to queue
[2024-07-25T16:53:50.912+0000] {logging_mixin.py:120} INFO - [2024-07-25T16:53:50.912+0000] {dagbag.py:537} INFO - Filling up the DagBag from /home/airflow/.local/lib/python3.7/site-packages/airflow/example_dags/tutorial_taskflow_api.py
[2024-07-25T16:53:50.922+0000] {processor.py:766} INFO - DAG(s) dict_keys(['tutorial_taskflow_api']) retrieved from /home/airflow/.local/lib/python3.7/site-packages/airflow/example_dags/tutorial_taskflow_api.py
[2024-07-25T16:53:50.950+0000] {logging_mixin.py:120} INFO - [2024-07-25T16:53:50.950+0000] {dag.py:2585} INFO - Sync 1 DAGs
[2024-07-25T16:53:50.963+0000] {logging_mixin.py:120} INFO - [2024-07-25T16:53:50.963+0000] {dag.py:3340} INFO - Setting next_dagrun for tutorial_taskflow_api to None, run_after=None
[2024-07-25T16:53:50.979+0000] {processor.py:176} INFO - Processing /home/airflow/.local/lib/python3.7/site-packages/airflow/example_dags/tutorial_taskflow_api.py took 0.072 seconds
[2024-07-25T16:54:22.074+0000] {processor.py:154} INFO - Started process (PID=2873) to work on /home/airflow/.local/lib/python3.7/site-packages/airflow/example_dags/tutorial_taskflow_api.py
[2024-07-25T16:54:22.075+0000] {processor.py:756} INFO - Processing file /home/airflow/.local/lib/python3.7/site-packages/airflow/example_dags/tutorial_taskflow_api.py for tasks to queue
[2024-07-25T16:54:22.075+0000] {logging_mixin.py:120} INFO - [2024-07-25T16:54:22.075+0000] {dagbag.py:537} INFO - Filling up the DagBag from /home/airflow/.local/lib/python3.7/site-packages/airflow/example_dags/tutorial_taskflow_api.py
[2024-07-25T16:54:22.087+0000] {processor.py:766} INFO - DAG(s) dict_keys(['tutorial_taskflow_api']) retrieved from /home/airflow/.local/lib/python3.7/site-packages/airflow/example_dags/tutorial_taskflow_api.py
[2024-07-25T16:54:22.115+0000] {logging_mixin.py:120} INFO - [2024-07-25T16:54:22.115+0000] {dag.py:2585} INFO - Sync 1 DAGs
[2024-07-25T16:54:22.128+0000] {logging_mixin.py:120} INFO - [2024-07-25T16:54:22.128+0000] {dag.py:3340} INFO - Setting next_dagrun for tutorial_taskflow_api to None, run_after=None
[2024-07-25T16:54:22.142+0000] {processor.py:176} INFO - Processing /home/airflow/.local/lib/python3.7/site-packages/airflow/example_dags/tutorial_taskflow_api.py took 0.070 seconds
[2024-07-25T16:54:52.910+0000] {processor.py:154} INFO - Started process (PID=2937) to work on /home/airflow/.local/lib/python3.7/site-packages/airflow/example_dags/tutorial_taskflow_api.py
[2024-07-25T16:54:52.912+0000] {processor.py:756} INFO - Processing file /home/airflow/.local/lib/python3.7/site-packages/airflow/example_dags/tutorial_taskflow_api.py for tasks to queue
[2024-07-25T16:54:52.913+0000] {logging_mixin.py:120} INFO - [2024-07-25T16:54:52.913+0000] {dagbag.py:537} INFO - Filling up the DagBag from /home/airflow/.local/lib/python3.7/site-packages/airflow/example_dags/tutorial_taskflow_api.py
[2024-07-25T16:54:52.924+0000] {processor.py:766} INFO - DAG(s) dict_keys(['tutorial_taskflow_api']) retrieved from /home/airflow/.local/lib/python3.7/site-packages/airflow/example_dags/tutorial_taskflow_api.py
[2024-07-25T16:54:52.952+0000] {logging_mixin.py:120} INFO - [2024-07-25T16:54:52.952+0000] {dag.py:2585} INFO - Sync 1 DAGs
[2024-07-25T16:54:52.967+0000] {logging_mixin.py:120} INFO - [2024-07-25T16:54:52.967+0000] {dag.py:3340} INFO - Setting next_dagrun for tutorial_taskflow_api to None, run_after=None
[2024-07-25T16:54:52.979+0000] {processor.py:176} INFO - Processing /home/airflow/.local/lib/python3.7/site-packages/airflow/example_dags/tutorial_taskflow_api.py took 0.070 seconds
[2024-07-25T16:55:23.866+0000] {processor.py:154} INFO - Started process (PID=3000) to work on /home/airflow/.local/lib/python3.7/site-packages/airflow/example_dags/tutorial_taskflow_api.py
[2024-07-25T16:55:23.868+0000] {processor.py:756} INFO - Processing file /home/airflow/.local/lib/python3.7/site-packages/airflow/example_dags/tutorial_taskflow_api.py for tasks to queue
[2024-07-25T16:55:23.872+0000] {logging_mixin.py:120} INFO - [2024-07-25T16:55:23.872+0000] {dagbag.py:537} INFO - Filling up the DagBag from /home/airflow/.local/lib/python3.7/site-packages/airflow/example_dags/tutorial_taskflow_api.py
[2024-07-25T16:55:23.883+0000] {processor.py:766} INFO - DAG(s) dict_keys(['tutorial_taskflow_api']) retrieved from /home/airflow/.local/lib/python3.7/site-packages/airflow/example_dags/tutorial_taskflow_api.py
[2024-07-25T16:55:23.914+0000] {logging_mixin.py:120} INFO - [2024-07-25T16:55:23.914+0000] {dag.py:2585} INFO - Sync 1 DAGs
[2024-07-25T16:55:23.929+0000] {logging_mixin.py:120} INFO - [2024-07-25T16:55:23.929+0000] {dag.py:3340} INFO - Setting next_dagrun for tutorial_taskflow_api to None, run_after=None
[2024-07-25T16:55:23.945+0000] {processor.py:176} INFO - Processing /home/airflow/.local/lib/python3.7/site-packages/airflow/example_dags/tutorial_taskflow_api.py took 0.081 seconds
[2024-07-25T16:55:55.102+0000] {processor.py:154} INFO - Started process (PID=3064) to work on /home/airflow/.local/lib/python3.7/site-packages/airflow/example_dags/tutorial_taskflow_api.py
[2024-07-25T16:55:55.103+0000] {processor.py:756} INFO - Processing file /home/airflow/.local/lib/python3.7/site-packages/airflow/example_dags/tutorial_taskflow_api.py for tasks to queue
[2024-07-25T16:55:55.103+0000] {logging_mixin.py:120} INFO - [2024-07-25T16:55:55.103+0000] {dagbag.py:537} INFO - Filling up the DagBag from /home/airflow/.local/lib/python3.7/site-packages/airflow/example_dags/tutorial_taskflow_api.py
[2024-07-25T16:55:55.114+0000] {processor.py:766} INFO - DAG(s) dict_keys(['tutorial_taskflow_api']) retrieved from /home/airflow/.local/lib/python3.7/site-packages/airflow/example_dags/tutorial_taskflow_api.py
[2024-07-25T16:55:55.138+0000] {logging_mixin.py:120} INFO - [2024-07-25T16:55:55.138+0000] {dag.py:2585} INFO - Sync 1 DAGs
[2024-07-25T16:55:55.152+0000] {logging_mixin.py:120} INFO - [2024-07-25T16:55:55.152+0000] {dag.py:3340} INFO - Setting next_dagrun for tutorial_taskflow_api to None, run_after=None
[2024-07-25T16:55:55.164+0000] {processor.py:176} INFO - Processing /home/airflow/.local/lib/python3.7/site-packages/airflow/example_dags/tutorial_taskflow_api.py took 0.063 seconds
[2024-07-25T16:56:26.044+0000] {processor.py:154} INFO - Started process (PID=3128) to work on /home/airflow/.local/lib/python3.7/site-packages/airflow/example_dags/tutorial_taskflow_api.py
[2024-07-25T16:56:26.045+0000] {processor.py:756} INFO - Processing file /home/airflow/.local/lib/python3.7/site-packages/airflow/example_dags/tutorial_taskflow_api.py for tasks to queue
[2024-07-25T16:56:26.045+0000] {logging_mixin.py:120} INFO - [2024-07-25T16:56:26.045+0000] {dagbag.py:537} INFO - Filling up the DagBag from /home/airflow/.local/lib/python3.7/site-packages/airflow/example_dags/tutorial_taskflow_api.py
[2024-07-25T16:56:26.057+0000] {processor.py:766} INFO - DAG(s) dict_keys(['tutorial_taskflow_api']) retrieved from /home/airflow/.local/lib/python3.7/site-packages/airflow/example_dags/tutorial_taskflow_api.py
[2024-07-25T16:56:26.082+0000] {logging_mixin.py:120} INFO - [2024-07-25T16:56:26.082+0000] {dag.py:2585} INFO - Sync 1 DAGs
[2024-07-25T16:56:26.093+0000] {logging_mixin.py:120} INFO - [2024-07-25T16:56:26.093+0000] {dag.py:3340} INFO - Setting next_dagrun for tutorial_taskflow_api to None, run_after=None
[2024-07-25T16:56:26.108+0000] {processor.py:176} INFO - Processing /home/airflow/.local/lib/python3.7/site-packages/airflow/example_dags/tutorial_taskflow_api.py took 0.066 seconds
[2024-07-25T16:56:56.897+0000] {processor.py:154} INFO - Started process (PID=3192) to work on /home/airflow/.local/lib/python3.7/site-packages/airflow/example_dags/tutorial_taskflow_api.py
[2024-07-25T16:56:56.897+0000] {processor.py:756} INFO - Processing file /home/airflow/.local/lib/python3.7/site-packages/airflow/example_dags/tutorial_taskflow_api.py for tasks to queue
[2024-07-25T16:56:56.897+0000] {logging_mixin.py:120} INFO - [2024-07-25T16:56:56.897+0000] {dagbag.py:537} INFO - Filling up the DagBag from /home/airflow/.local/lib/python3.7/site-packages/airflow/example_dags/tutorial_taskflow_api.py
[2024-07-25T16:56:56.908+0000] {processor.py:766} INFO - DAG(s) dict_keys(['tutorial_taskflow_api']) retrieved from /home/airflow/.local/lib/python3.7/site-packages/airflow/example_dags/tutorial_taskflow_api.py
[2024-07-25T16:56:56.927+0000] {logging_mixin.py:120} INFO - [2024-07-25T16:56:56.927+0000] {dag.py:2585} INFO - Sync 1 DAGs
[2024-07-25T16:56:56.939+0000] {logging_mixin.py:120} INFO - [2024-07-25T16:56:56.939+0000] {dag.py:3340} INFO - Setting next_dagrun for tutorial_taskflow_api to None, run_after=None
[2024-07-25T16:56:56.947+0000] {processor.py:176} INFO - Processing /home/airflow/.local/lib/python3.7/site-packages/airflow/example_dags/tutorial_taskflow_api.py took 0.052 seconds
[2024-07-25T16:57:27.817+0000] {processor.py:154} INFO - Started process (PID=3255) to work on /home/airflow/.local/lib/python3.7/site-packages/airflow/example_dags/tutorial_taskflow_api.py
[2024-07-25T16:57:27.818+0000] {processor.py:756} INFO - Processing file /home/airflow/.local/lib/python3.7/site-packages/airflow/example_dags/tutorial_taskflow_api.py for tasks to queue
[2024-07-25T16:57:27.818+0000] {logging_mixin.py:120} INFO - [2024-07-25T16:57:27.818+0000] {dagbag.py:537} INFO - Filling up the DagBag from /home/airflow/.local/lib/python3.7/site-packages/airflow/example_dags/tutorial_taskflow_api.py
[2024-07-25T16:57:27.830+0000] {processor.py:766} INFO - DAG(s) dict_keys(['tutorial_taskflow_api']) retrieved from /home/airflow/.local/lib/python3.7/site-packages/airflow/example_dags/tutorial_taskflow_api.py
[2024-07-25T16:57:27.861+0000] {logging_mixin.py:120} INFO - [2024-07-25T16:57:27.861+0000] {dag.py:2585} INFO - Sync 1 DAGs
[2024-07-25T16:57:27.875+0000] {logging_mixin.py:120} INFO - [2024-07-25T16:57:27.875+0000] {dag.py:3340} INFO - Setting next_dagrun for tutorial_taskflow_api to None, run_after=None
[2024-07-25T16:57:27.889+0000] {processor.py:176} INFO - Processing /home/airflow/.local/lib/python3.7/site-packages/airflow/example_dags/tutorial_taskflow_api.py took 0.074 seconds
[2024-07-25T16:57:58.502+0000] {processor.py:154} INFO - Started process (PID=3310) to work on /home/airflow/.local/lib/python3.7/site-packages/airflow/example_dags/tutorial_taskflow_api.py
[2024-07-25T16:57:58.504+0000] {processor.py:756} INFO - Processing file /home/airflow/.local/lib/python3.7/site-packages/airflow/example_dags/tutorial_taskflow_api.py for tasks to queue
[2024-07-25T16:57:58.504+0000] {logging_mixin.py:120} INFO - [2024-07-25T16:57:58.504+0000] {dagbag.py:537} INFO - Filling up the DagBag from /home/airflow/.local/lib/python3.7/site-packages/airflow/example_dags/tutorial_taskflow_api.py
[2024-07-25T16:57:58.517+0000] {processor.py:766} INFO - DAG(s) dict_keys(['tutorial_taskflow_api']) retrieved from /home/airflow/.local/lib/python3.7/site-packages/airflow/example_dags/tutorial_taskflow_api.py
[2024-07-25T16:57:58.540+0000] {logging_mixin.py:120} INFO - [2024-07-25T16:57:58.540+0000] {dag.py:2585} INFO - Sync 1 DAGs
[2024-07-25T16:57:58.554+0000] {logging_mixin.py:120} INFO - [2024-07-25T16:57:58.554+0000] {dag.py:3340} INFO - Setting next_dagrun for tutorial_taskflow_api to None, run_after=None
[2024-07-25T16:57:58.566+0000] {processor.py:176} INFO - Processing /home/airflow/.local/lib/python3.7/site-packages/airflow/example_dags/tutorial_taskflow_api.py took 0.066 seconds
[2024-07-25T16:58:29.412+0000] {processor.py:154} INFO - Started process (PID=3373) to work on /home/airflow/.local/lib/python3.7/site-packages/airflow/example_dags/tutorial_taskflow_api.py
[2024-07-25T16:58:29.414+0000] {processor.py:756} INFO - Processing file /home/airflow/.local/lib/python3.7/site-packages/airflow/example_dags/tutorial_taskflow_api.py for tasks to queue
[2024-07-25T16:58:29.415+0000] {logging_mixin.py:120} INFO - [2024-07-25T16:58:29.415+0000] {dagbag.py:537} INFO - Filling up the DagBag from /home/airflow/.local/lib/python3.7/site-packages/airflow/example_dags/tutorial_taskflow_api.py
[2024-07-25T16:58:29.428+0000] {processor.py:766} INFO - DAG(s) dict_keys(['tutorial_taskflow_api']) retrieved from /home/airflow/.local/lib/python3.7/site-packages/airflow/example_dags/tutorial_taskflow_api.py
[2024-07-25T16:58:29.457+0000] {logging_mixin.py:120} INFO - [2024-07-25T16:58:29.457+0000] {dag.py:2585} INFO - Sync 1 DAGs
[2024-07-25T16:58:29.478+0000] {logging_mixin.py:120} INFO - [2024-07-25T16:58:29.478+0000] {dag.py:3340} INFO - Setting next_dagrun for tutorial_taskflow_api to None, run_after=None
[2024-07-25T16:58:29.491+0000] {processor.py:176} INFO - Processing /home/airflow/.local/lib/python3.7/site-packages/airflow/example_dags/tutorial_taskflow_api.py took 0.081 seconds
[2024-07-25T16:59:00.328+0000] {processor.py:154} INFO - Started process (PID=3437) to work on /home/airflow/.local/lib/python3.7/site-packages/airflow/example_dags/tutorial_taskflow_api.py
[2024-07-25T16:59:00.329+0000] {processor.py:756} INFO - Processing file /home/airflow/.local/lib/python3.7/site-packages/airflow/example_dags/tutorial_taskflow_api.py for tasks to queue
[2024-07-25T16:59:00.329+0000] {logging_mixin.py:120} INFO - [2024-07-25T16:59:00.329+0000] {dagbag.py:537} INFO - Filling up the DagBag from /home/airflow/.local/lib/python3.7/site-packages/airflow/example_dags/tutorial_taskflow_api.py
[2024-07-25T16:59:00.340+0000] {processor.py:766} INFO - DAG(s) dict_keys(['tutorial_taskflow_api']) retrieved from /home/airflow/.local/lib/python3.7/site-packages/airflow/example_dags/tutorial_taskflow_api.py
[2024-07-25T16:59:00.364+0000] {logging_mixin.py:120} INFO - [2024-07-25T16:59:00.364+0000] {dag.py:2585} INFO - Sync 1 DAGs
[2024-07-25T16:59:00.389+0000] {logging_mixin.py:120} INFO - [2024-07-25T16:59:00.388+0000] {dag.py:3340} INFO - Setting next_dagrun for tutorial_taskflow_api to None, run_after=None
[2024-07-25T16:59:00.403+0000] {processor.py:176} INFO - Processing /home/airflow/.local/lib/python3.7/site-packages/airflow/example_dags/tutorial_taskflow_api.py took 0.077 seconds
[2024-07-25T16:59:30.496+0000] {processor.py:154} INFO - Started process (PID=3490) to work on /home/airflow/.local/lib/python3.7/site-packages/airflow/example_dags/tutorial_taskflow_api.py
[2024-07-25T16:59:30.497+0000] {processor.py:756} INFO - Processing file /home/airflow/.local/lib/python3.7/site-packages/airflow/example_dags/tutorial_taskflow_api.py for tasks to queue
[2024-07-25T16:59:30.498+0000] {logging_mixin.py:120} INFO - [2024-07-25T16:59:30.498+0000] {dagbag.py:537} INFO - Filling up the DagBag from /home/airflow/.local/lib/python3.7/site-packages/airflow/example_dags/tutorial_taskflow_api.py
[2024-07-25T16:59:30.508+0000] {processor.py:766} INFO - DAG(s) dict_keys(['tutorial_taskflow_api']) retrieved from /home/airflow/.local/lib/python3.7/site-packages/airflow/example_dags/tutorial_taskflow_api.py
[2024-07-25T16:59:30.535+0000] {logging_mixin.py:120} INFO - [2024-07-25T16:59:30.535+0000] {dag.py:2585} INFO - Sync 1 DAGs
[2024-07-25T16:59:30.547+0000] {logging_mixin.py:120} INFO - [2024-07-25T16:59:30.547+0000] {dag.py:3340} INFO - Setting next_dagrun for tutorial_taskflow_api to None, run_after=None
[2024-07-25T16:59:30.565+0000] {processor.py:176} INFO - Processing /home/airflow/.local/lib/python3.7/site-packages/airflow/example_dags/tutorial_taskflow_api.py took 0.072 seconds
[2024-07-25T17:36:24.169+0000] {processor.py:154} INFO - Started process (PID=3554) to work on /home/airflow/.local/lib/python3.7/site-packages/airflow/example_dags/tutorial_taskflow_api.py
[2024-07-25T17:36:24.169+0000] {processor.py:756} INFO - Processing file /home/airflow/.local/lib/python3.7/site-packages/airflow/example_dags/tutorial_taskflow_api.py for tasks to queue
[2024-07-25T17:36:24.170+0000] {logging_mixin.py:120} INFO - [2024-07-25T17:36:24.170+0000] {dagbag.py:537} INFO - Filling up the DagBag from /home/airflow/.local/lib/python3.7/site-packages/airflow/example_dags/tutorial_taskflow_api.py
[2024-07-25T17:36:24.184+0000] {processor.py:766} INFO - DAG(s) dict_keys(['tutorial_taskflow_api']) retrieved from /home/airflow/.local/lib/python3.7/site-packages/airflow/example_dags/tutorial_taskflow_api.py
[2024-07-25T17:36:24.219+0000] {logging_mixin.py:120} INFO - [2024-07-25T17:36:24.219+0000] {dag.py:2585} INFO - Sync 1 DAGs
[2024-07-25T17:36:24.233+0000] {logging_mixin.py:120} INFO - [2024-07-25T17:36:24.233+0000] {dag.py:3340} INFO - Setting next_dagrun for tutorial_taskflow_api to None, run_after=None
[2024-07-25T17:36:24.251+0000] {processor.py:176} INFO - Processing /home/airflow/.local/lib/python3.7/site-packages/airflow/example_dags/tutorial_taskflow_api.py took 0.085 seconds
[2024-07-25T18:03:44.447+0000] {processor.py:154} INFO - Started process (PID=3618) to work on /home/airflow/.local/lib/python3.7/site-packages/airflow/example_dags/tutorial_taskflow_api.py
[2024-07-25T18:03:44.452+0000] {processor.py:756} INFO - Processing file /home/airflow/.local/lib/python3.7/site-packages/airflow/example_dags/tutorial_taskflow_api.py for tasks to queue
[2024-07-25T18:03:44.459+0000] {logging_mixin.py:120} INFO - [2024-07-25T18:03:44.459+0000] {dagbag.py:537} INFO - Filling up the DagBag from /home/airflow/.local/lib/python3.7/site-packages/airflow/example_dags/tutorial_taskflow_api.py
[2024-07-25T18:03:44.507+0000] {processor.py:766} INFO - DAG(s) dict_keys(['tutorial_taskflow_api']) retrieved from /home/airflow/.local/lib/python3.7/site-packages/airflow/example_dags/tutorial_taskflow_api.py
[2024-07-25T18:03:44.561+0000] {logging_mixin.py:120} INFO - [2024-07-25T18:03:44.561+0000] {dag.py:2585} INFO - Sync 1 DAGs
[2024-07-25T18:03:44.583+0000] {logging_mixin.py:120} INFO - [2024-07-25T18:03:44.582+0000] {dag.py:3340} INFO - Setting next_dagrun for tutorial_taskflow_api to None, run_after=None
[2024-07-25T18:03:44.606+0000] {processor.py:176} INFO - Processing /home/airflow/.local/lib/python3.7/site-packages/airflow/example_dags/tutorial_taskflow_api.py took 0.164 seconds
[2024-07-25T18:31:48.272+0000] {processor.py:154} INFO - Started process (PID=3673) to work on /home/airflow/.local/lib/python3.7/site-packages/airflow/example_dags/tutorial_taskflow_api.py
[2024-07-25T18:31:48.275+0000] {processor.py:756} INFO - Processing file /home/airflow/.local/lib/python3.7/site-packages/airflow/example_dags/tutorial_taskflow_api.py for tasks to queue
[2024-07-25T18:31:48.276+0000] {logging_mixin.py:120} INFO - [2024-07-25T18:31:48.276+0000] {dagbag.py:537} INFO - Filling up the DagBag from /home/airflow/.local/lib/python3.7/site-packages/airflow/example_dags/tutorial_taskflow_api.py
[2024-07-25T18:31:48.291+0000] {processor.py:766} INFO - DAG(s) dict_keys(['tutorial_taskflow_api']) retrieved from /home/airflow/.local/lib/python3.7/site-packages/airflow/example_dags/tutorial_taskflow_api.py
[2024-07-25T18:31:48.323+0000] {logging_mixin.py:120} INFO - [2024-07-25T18:31:48.323+0000] {dag.py:2585} INFO - Sync 1 DAGs
[2024-07-25T18:31:48.340+0000] {logging_mixin.py:120} INFO - [2024-07-25T18:31:48.340+0000] {dag.py:3340} INFO - Setting next_dagrun for tutorial_taskflow_api to None, run_after=None
[2024-07-25T18:31:48.354+0000] {processor.py:176} INFO - Processing /home/airflow/.local/lib/python3.7/site-packages/airflow/example_dags/tutorial_taskflow_api.py took 0.084 seconds
[2024-07-25T19:12:31.787+0000] {processor.py:154} INFO - Started process (PID=3737) to work on /home/airflow/.local/lib/python3.7/site-packages/airflow/example_dags/tutorial_taskflow_api.py
[2024-07-25T19:12:31.789+0000] {processor.py:756} INFO - Processing file /home/airflow/.local/lib/python3.7/site-packages/airflow/example_dags/tutorial_taskflow_api.py for tasks to queue
[2024-07-25T19:12:31.791+0000] {logging_mixin.py:120} INFO - [2024-07-25T19:12:31.791+0000] {dagbag.py:537} INFO - Filling up the DagBag from /home/airflow/.local/lib/python3.7/site-packages/airflow/example_dags/tutorial_taskflow_api.py
[2024-07-25T19:12:31.807+0000] {processor.py:766} INFO - DAG(s) dict_keys(['tutorial_taskflow_api']) retrieved from /home/airflow/.local/lib/python3.7/site-packages/airflow/example_dags/tutorial_taskflow_api.py
[2024-07-25T19:12:31.833+0000] {logging_mixin.py:120} INFO - [2024-07-25T19:12:31.833+0000] {dag.py:2585} INFO - Sync 1 DAGs
[2024-07-25T19:12:31.849+0000] {logging_mixin.py:120} INFO - [2024-07-25T19:12:31.849+0000] {dag.py:3340} INFO - Setting next_dagrun for tutorial_taskflow_api to None, run_after=None
[2024-07-25T19:12:31.862+0000] {processor.py:176} INFO - Processing /home/airflow/.local/lib/python3.7/site-packages/airflow/example_dags/tutorial_taskflow_api.py took 0.077 seconds
[2024-07-25T19:53:13.778+0000] {processor.py:154} INFO - Started process (PID=3800) to work on /home/airflow/.local/lib/python3.7/site-packages/airflow/example_dags/tutorial_taskflow_api.py
[2024-07-25T19:53:13.784+0000] {processor.py:756} INFO - Processing file /home/airflow/.local/lib/python3.7/site-packages/airflow/example_dags/tutorial_taskflow_api.py for tasks to queue
[2024-07-25T19:53:13.784+0000] {logging_mixin.py:120} INFO - [2024-07-25T19:53:13.784+0000] {dagbag.py:537} INFO - Filling up the DagBag from /home/airflow/.local/lib/python3.7/site-packages/airflow/example_dags/tutorial_taskflow_api.py
[2024-07-25T19:53:13.801+0000] {processor.py:766} INFO - DAG(s) dict_keys(['tutorial_taskflow_api']) retrieved from /home/airflow/.local/lib/python3.7/site-packages/airflow/example_dags/tutorial_taskflow_api.py
[2024-07-25T19:53:13.834+0000] {logging_mixin.py:120} INFO - [2024-07-25T19:53:13.834+0000] {dag.py:2585} INFO - Sync 1 DAGs
[2024-07-25T19:53:13.849+0000] {logging_mixin.py:120} INFO - [2024-07-25T19:53:13.849+0000] {dag.py:3340} INFO - Setting next_dagrun for tutorial_taskflow_api to None, run_after=None
[2024-07-25T19:53:13.870+0000] {processor.py:176} INFO - Processing /home/airflow/.local/lib/python3.7/site-packages/airflow/example_dags/tutorial_taskflow_api.py took 0.098 seconds
[2024-07-25T20:27:17.214+0000] {processor.py:154} INFO - Started process (PID=3864) to work on /home/airflow/.local/lib/python3.7/site-packages/airflow/example_dags/tutorial_taskflow_api.py
[2024-07-25T20:27:17.215+0000] {processor.py:756} INFO - Processing file /home/airflow/.local/lib/python3.7/site-packages/airflow/example_dags/tutorial_taskflow_api.py for tasks to queue
[2024-07-25T20:27:17.215+0000] {logging_mixin.py:120} INFO - [2024-07-25T20:27:17.215+0000] {dagbag.py:537} INFO - Filling up the DagBag from /home/airflow/.local/lib/python3.7/site-packages/airflow/example_dags/tutorial_taskflow_api.py
[2024-07-25T20:27:17.227+0000] {processor.py:766} INFO - DAG(s) dict_keys(['tutorial_taskflow_api']) retrieved from /home/airflow/.local/lib/python3.7/site-packages/airflow/example_dags/tutorial_taskflow_api.py
[2024-07-25T20:27:17.254+0000] {logging_mixin.py:120} INFO - [2024-07-25T20:27:17.254+0000] {dag.py:2585} INFO - Sync 1 DAGs
[2024-07-25T20:27:17.276+0000] {logging_mixin.py:120} INFO - [2024-07-25T20:27:17.276+0000] {dag.py:3340} INFO - Setting next_dagrun for tutorial_taskflow_api to None, run_after=None
[2024-07-25T20:27:17.293+0000] {processor.py:176} INFO - Processing /home/airflow/.local/lib/python3.7/site-packages/airflow/example_dags/tutorial_taskflow_api.py took 0.082 seconds
[2024-07-25T21:02:12.834+0000] {processor.py:154} INFO - Started process (PID=3928) to work on /home/airflow/.local/lib/python3.7/site-packages/airflow/example_dags/tutorial_taskflow_api.py
[2024-07-25T21:02:12.836+0000] {processor.py:756} INFO - Processing file /home/airflow/.local/lib/python3.7/site-packages/airflow/example_dags/tutorial_taskflow_api.py for tasks to queue
[2024-07-25T21:02:12.838+0000] {logging_mixin.py:120} INFO - [2024-07-25T21:02:12.837+0000] {dagbag.py:537} INFO - Filling up the DagBag from /home/airflow/.local/lib/python3.7/site-packages/airflow/example_dags/tutorial_taskflow_api.py
[2024-07-25T21:02:12.853+0000] {processor.py:766} INFO - DAG(s) dict_keys(['tutorial_taskflow_api']) retrieved from /home/airflow/.local/lib/python3.7/site-packages/airflow/example_dags/tutorial_taskflow_api.py
[2024-07-25T21:02:12.892+0000] {logging_mixin.py:120} INFO - [2024-07-25T21:02:12.892+0000] {dag.py:2585} INFO - Sync 1 DAGs
[2024-07-25T21:02:12.926+0000] {logging_mixin.py:120} INFO - [2024-07-25T21:02:12.924+0000] {dag.py:3340} INFO - Setting next_dagrun for tutorial_taskflow_api to None, run_after=None
[2024-07-25T21:02:12.949+0000] {processor.py:176} INFO - Processing /home/airflow/.local/lib/python3.7/site-packages/airflow/example_dags/tutorial_taskflow_api.py took 0.117 seconds
[2024-07-25T21:03:14.659+0000] {processor.py:154} INFO - Started process (PID=3983) to work on /home/airflow/.local/lib/python3.7/site-packages/airflow/example_dags/tutorial_taskflow_api.py
[2024-07-25T21:03:14.660+0000] {processor.py:756} INFO - Processing file /home/airflow/.local/lib/python3.7/site-packages/airflow/example_dags/tutorial_taskflow_api.py for tasks to queue
[2024-07-25T21:03:14.660+0000] {logging_mixin.py:120} INFO - [2024-07-25T21:03:14.660+0000] {dagbag.py:537} INFO - Filling up the DagBag from /home/airflow/.local/lib/python3.7/site-packages/airflow/example_dags/tutorial_taskflow_api.py
[2024-07-25T21:03:14.671+0000] {processor.py:766} INFO - DAG(s) dict_keys(['tutorial_taskflow_api']) retrieved from /home/airflow/.local/lib/python3.7/site-packages/airflow/example_dags/tutorial_taskflow_api.py
[2024-07-25T21:03:14.702+0000] {logging_mixin.py:120} INFO - [2024-07-25T21:03:14.702+0000] {dag.py:2585} INFO - Sync 1 DAGs
[2024-07-25T21:03:14.718+0000] {logging_mixin.py:120} INFO - [2024-07-25T21:03:14.718+0000] {dag.py:3340} INFO - Setting next_dagrun for tutorial_taskflow_api to None, run_after=None
[2024-07-25T21:03:14.734+0000] {processor.py:176} INFO - Processing /home/airflow/.local/lib/python3.7/site-packages/airflow/example_dags/tutorial_taskflow_api.py took 0.077 seconds
[2024-07-25T21:49:01.857+0000] {processor.py:154} INFO - Started process (PID=4047) to work on /home/airflow/.local/lib/python3.7/site-packages/airflow/example_dags/tutorial_taskflow_api.py
[2024-07-25T21:49:01.858+0000] {processor.py:756} INFO - Processing file /home/airflow/.local/lib/python3.7/site-packages/airflow/example_dags/tutorial_taskflow_api.py for tasks to queue
[2024-07-25T21:49:01.859+0000] {logging_mixin.py:120} INFO - [2024-07-25T21:49:01.859+0000] {dagbag.py:537} INFO - Filling up the DagBag from /home/airflow/.local/lib/python3.7/site-packages/airflow/example_dags/tutorial_taskflow_api.py
[2024-07-25T21:49:01.872+0000] {processor.py:766} INFO - DAG(s) dict_keys(['tutorial_taskflow_api']) retrieved from /home/airflow/.local/lib/python3.7/site-packages/airflow/example_dags/tutorial_taskflow_api.py
[2024-07-25T21:49:01.922+0000] {logging_mixin.py:120} INFO - [2024-07-25T21:49:01.922+0000] {dag.py:2585} INFO - Sync 1 DAGs
[2024-07-25T21:49:01.945+0000] {logging_mixin.py:120} INFO - [2024-07-25T21:49:01.944+0000] {dag.py:3340} INFO - Setting next_dagrun for tutorial_taskflow_api to None, run_after=None
[2024-07-25T21:49:01.981+0000] {processor.py:176} INFO - Processing /home/airflow/.local/lib/python3.7/site-packages/airflow/example_dags/tutorial_taskflow_api.py took 0.126 seconds
[2024-07-25T21:50:29.554+0000] {processor.py:154} INFO - Started process (PID=4111) to work on /home/airflow/.local/lib/python3.7/site-packages/airflow/example_dags/tutorial_taskflow_api.py
[2024-07-25T21:50:29.555+0000] {processor.py:756} INFO - Processing file /home/airflow/.local/lib/python3.7/site-packages/airflow/example_dags/tutorial_taskflow_api.py for tasks to queue
[2024-07-25T21:50:29.555+0000] {logging_mixin.py:120} INFO - [2024-07-25T21:50:29.555+0000] {dagbag.py:537} INFO - Filling up the DagBag from /home/airflow/.local/lib/python3.7/site-packages/airflow/example_dags/tutorial_taskflow_api.py
[2024-07-25T21:50:29.566+0000] {processor.py:766} INFO - DAG(s) dict_keys(['tutorial_taskflow_api']) retrieved from /home/airflow/.local/lib/python3.7/site-packages/airflow/example_dags/tutorial_taskflow_api.py
[2024-07-25T21:50:29.588+0000] {logging_mixin.py:120} INFO - [2024-07-25T21:50:29.588+0000] {dag.py:2585} INFO - Sync 1 DAGs
[2024-07-25T21:50:29.607+0000] {logging_mixin.py:120} INFO - [2024-07-25T21:50:29.607+0000] {dag.py:3340} INFO - Setting next_dagrun for tutorial_taskflow_api to None, run_after=None
[2024-07-25T21:50:29.620+0000] {processor.py:176} INFO - Processing /home/airflow/.local/lib/python3.7/site-packages/airflow/example_dags/tutorial_taskflow_api.py took 0.067 seconds
[2024-07-25T21:57:40.458+0000] {processor.py:154} INFO - Started process (PID=4175) to work on /home/airflow/.local/lib/python3.7/site-packages/airflow/example_dags/tutorial_taskflow_api.py
[2024-07-25T21:57:40.459+0000] {processor.py:756} INFO - Processing file /home/airflow/.local/lib/python3.7/site-packages/airflow/example_dags/tutorial_taskflow_api.py for tasks to queue
[2024-07-25T21:57:40.461+0000] {logging_mixin.py:120} INFO - [2024-07-25T21:57:40.461+0000] {dagbag.py:537} INFO - Filling up the DagBag from /home/airflow/.local/lib/python3.7/site-packages/airflow/example_dags/tutorial_taskflow_api.py
[2024-07-25T21:57:40.473+0000] {processor.py:766} INFO - DAG(s) dict_keys(['tutorial_taskflow_api']) retrieved from /home/airflow/.local/lib/python3.7/site-packages/airflow/example_dags/tutorial_taskflow_api.py
[2024-07-25T21:57:40.500+0000] {logging_mixin.py:120} INFO - [2024-07-25T21:57:40.500+0000] {dag.py:2585} INFO - Sync 1 DAGs
[2024-07-25T21:57:40.515+0000] {logging_mixin.py:120} INFO - [2024-07-25T21:57:40.515+0000] {dag.py:3340} INFO - Setting next_dagrun for tutorial_taskflow_api to None, run_after=None
[2024-07-25T21:57:40.528+0000] {processor.py:176} INFO - Processing /home/airflow/.local/lib/python3.7/site-packages/airflow/example_dags/tutorial_taskflow_api.py took 0.074 seconds
[2024-07-25T22:03:14.047+0000] {processor.py:154} INFO - Started process (PID=4230) to work on /home/airflow/.local/lib/python3.7/site-packages/airflow/example_dags/tutorial_taskflow_api.py
[2024-07-25T22:03:14.054+0000] {processor.py:756} INFO - Processing file /home/airflow/.local/lib/python3.7/site-packages/airflow/example_dags/tutorial_taskflow_api.py for tasks to queue
[2024-07-25T22:03:14.055+0000] {logging_mixin.py:120} INFO - [2024-07-25T22:03:14.055+0000] {dagbag.py:537} INFO - Filling up the DagBag from /home/airflow/.local/lib/python3.7/site-packages/airflow/example_dags/tutorial_taskflow_api.py
[2024-07-25T22:03:14.070+0000] {processor.py:766} INFO - DAG(s) dict_keys(['tutorial_taskflow_api']) retrieved from /home/airflow/.local/lib/python3.7/site-packages/airflow/example_dags/tutorial_taskflow_api.py
[2024-07-25T22:03:14.110+0000] {logging_mixin.py:120} INFO - [2024-07-25T22:03:14.110+0000] {dag.py:2585} INFO - Sync 1 DAGs
[2024-07-25T22:03:14.131+0000] {logging_mixin.py:120} INFO - [2024-07-25T22:03:14.130+0000] {dag.py:3340} INFO - Setting next_dagrun for tutorial_taskflow_api to None, run_after=None
[2024-07-25T22:03:14.144+0000] {processor.py:176} INFO - Processing /home/airflow/.local/lib/python3.7/site-packages/airflow/example_dags/tutorial_taskflow_api.py took 0.099 seconds
[2024-07-25T22:04:46.865+0000] {processor.py:154} INFO - Started process (PID=4293) to work on /home/airflow/.local/lib/python3.7/site-packages/airflow/example_dags/tutorial_taskflow_api.py
[2024-07-25T22:04:46.865+0000] {processor.py:756} INFO - Processing file /home/airflow/.local/lib/python3.7/site-packages/airflow/example_dags/tutorial_taskflow_api.py for tasks to queue
[2024-07-25T22:04:46.866+0000] {logging_mixin.py:120} INFO - [2024-07-25T22:04:46.866+0000] {dagbag.py:537} INFO - Filling up the DagBag from /home/airflow/.local/lib/python3.7/site-packages/airflow/example_dags/tutorial_taskflow_api.py
[2024-07-25T22:04:46.879+0000] {processor.py:766} INFO - DAG(s) dict_keys(['tutorial_taskflow_api']) retrieved from /home/airflow/.local/lib/python3.7/site-packages/airflow/example_dags/tutorial_taskflow_api.py
[2024-07-25T22:04:46.912+0000] {logging_mixin.py:120} INFO - [2024-07-25T22:04:46.911+0000] {dag.py:2585} INFO - Sync 1 DAGs
[2024-07-25T22:04:46.926+0000] {logging_mixin.py:120} INFO - [2024-07-25T22:04:46.926+0000] {dag.py:3340} INFO - Setting next_dagrun for tutorial_taskflow_api to None, run_after=None
[2024-07-25T22:04:46.943+0000] {processor.py:176} INFO - Processing /home/airflow/.local/lib/python3.7/site-packages/airflow/example_dags/tutorial_taskflow_api.py took 0.080 seconds
[2024-07-25T22:06:56.677+0000] {processor.py:154} INFO - Started process (PID=4357) to work on /home/airflow/.local/lib/python3.7/site-packages/airflow/example_dags/tutorial_taskflow_api.py
[2024-07-25T22:06:56.680+0000] {processor.py:756} INFO - Processing file /home/airflow/.local/lib/python3.7/site-packages/airflow/example_dags/tutorial_taskflow_api.py for tasks to queue
[2024-07-25T22:06:56.682+0000] {logging_mixin.py:120} INFO - [2024-07-25T22:06:56.682+0000] {dagbag.py:537} INFO - Filling up the DagBag from /home/airflow/.local/lib/python3.7/site-packages/airflow/example_dags/tutorial_taskflow_api.py
[2024-07-25T22:06:56.694+0000] {processor.py:766} INFO - DAG(s) dict_keys(['tutorial_taskflow_api']) retrieved from /home/airflow/.local/lib/python3.7/site-packages/airflow/example_dags/tutorial_taskflow_api.py
[2024-07-25T22:06:56.726+0000] {logging_mixin.py:120} INFO - [2024-07-25T22:06:56.726+0000] {dag.py:2585} INFO - Sync 1 DAGs
[2024-07-25T22:06:56.742+0000] {logging_mixin.py:120} INFO - [2024-07-25T22:06:56.742+0000] {dag.py:3340} INFO - Setting next_dagrun for tutorial_taskflow_api to None, run_after=None
[2024-07-25T22:06:56.752+0000] {processor.py:176} INFO - Processing /home/airflow/.local/lib/python3.7/site-packages/airflow/example_dags/tutorial_taskflow_api.py took 0.076 seconds
[2024-07-25T22:08:41.749+0000] {processor.py:154} INFO - Started process (PID=4421) to work on /home/airflow/.local/lib/python3.7/site-packages/airflow/example_dags/tutorial_taskflow_api.py
[2024-07-25T22:08:41.749+0000] {processor.py:756} INFO - Processing file /home/airflow/.local/lib/python3.7/site-packages/airflow/example_dags/tutorial_taskflow_api.py for tasks to queue
[2024-07-25T22:08:41.750+0000] {logging_mixin.py:120} INFO - [2024-07-25T22:08:41.750+0000] {dagbag.py:537} INFO - Filling up the DagBag from /home/airflow/.local/lib/python3.7/site-packages/airflow/example_dags/tutorial_taskflow_api.py
[2024-07-25T22:08:41.761+0000] {processor.py:766} INFO - DAG(s) dict_keys(['tutorial_taskflow_api']) retrieved from /home/airflow/.local/lib/python3.7/site-packages/airflow/example_dags/tutorial_taskflow_api.py
[2024-07-25T22:08:41.790+0000] {logging_mixin.py:120} INFO - [2024-07-25T22:08:41.790+0000] {dag.py:2585} INFO - Sync 1 DAGs
[2024-07-25T22:08:41.805+0000] {logging_mixin.py:120} INFO - [2024-07-25T22:08:41.805+0000] {dag.py:3340} INFO - Setting next_dagrun for tutorial_taskflow_api to None, run_after=None
[2024-07-25T22:08:41.820+0000] {processor.py:176} INFO - Processing /home/airflow/.local/lib/python3.7/site-packages/airflow/example_dags/tutorial_taskflow_api.py took 0.073 seconds
[2024-07-25T22:09:41.153+0000] {processor.py:154} INFO - Started process (PID=4485) to work on /home/airflow/.local/lib/python3.7/site-packages/airflow/example_dags/tutorial_taskflow_api.py
[2024-07-25T22:09:41.154+0000] {processor.py:756} INFO - Processing file /home/airflow/.local/lib/python3.7/site-packages/airflow/example_dags/tutorial_taskflow_api.py for tasks to queue
[2024-07-25T22:09:41.154+0000] {logging_mixin.py:120} INFO - [2024-07-25T22:09:41.154+0000] {dagbag.py:537} INFO - Filling up the DagBag from /home/airflow/.local/lib/python3.7/site-packages/airflow/example_dags/tutorial_taskflow_api.py
[2024-07-25T22:09:41.165+0000] {processor.py:766} INFO - DAG(s) dict_keys(['tutorial_taskflow_api']) retrieved from /home/airflow/.local/lib/python3.7/site-packages/airflow/example_dags/tutorial_taskflow_api.py
[2024-07-25T22:09:41.189+0000] {logging_mixin.py:120} INFO - [2024-07-25T22:09:41.189+0000] {dag.py:2585} INFO - Sync 1 DAGs
[2024-07-25T22:09:41.204+0000] {logging_mixin.py:120} INFO - [2024-07-25T22:09:41.204+0000] {dag.py:3340} INFO - Setting next_dagrun for tutorial_taskflow_api to None, run_after=None
[2024-07-25T22:09:41.221+0000] {processor.py:176} INFO - Processing /home/airflow/.local/lib/python3.7/site-packages/airflow/example_dags/tutorial_taskflow_api.py took 0.070 seconds
[2024-07-25T22:18:09.399+0000] {processor.py:154} INFO - Started process (PID=4539) to work on /home/airflow/.local/lib/python3.7/site-packages/airflow/example_dags/tutorial_taskflow_api.py
[2024-07-25T22:18:09.400+0000] {processor.py:756} INFO - Processing file /home/airflow/.local/lib/python3.7/site-packages/airflow/example_dags/tutorial_taskflow_api.py for tasks to queue
[2024-07-25T22:18:09.403+0000] {logging_mixin.py:120} INFO - [2024-07-25T22:18:09.403+0000] {dagbag.py:537} INFO - Filling up the DagBag from /home/airflow/.local/lib/python3.7/site-packages/airflow/example_dags/tutorial_taskflow_api.py
[2024-07-25T22:18:09.417+0000] {processor.py:766} INFO - DAG(s) dict_keys(['tutorial_taskflow_api']) retrieved from /home/airflow/.local/lib/python3.7/site-packages/airflow/example_dags/tutorial_taskflow_api.py
[2024-07-25T22:18:09.446+0000] {logging_mixin.py:120} INFO - [2024-07-25T22:18:09.446+0000] {dag.py:2585} INFO - Sync 1 DAGs
[2024-07-25T22:18:09.463+0000] {logging_mixin.py:120} INFO - [2024-07-25T22:18:09.462+0000] {dag.py:3340} INFO - Setting next_dagrun for tutorial_taskflow_api to None, run_after=None
[2024-07-25T22:18:09.495+0000] {processor.py:176} INFO - Processing /home/airflow/.local/lib/python3.7/site-packages/airflow/example_dags/tutorial_taskflow_api.py took 0.099 seconds
[2024-07-25T22:19:02.737+0000] {processor.py:154} INFO - Started process (PID=4603) to work on /home/airflow/.local/lib/python3.7/site-packages/airflow/example_dags/tutorial_taskflow_api.py
[2024-07-25T22:19:02.738+0000] {processor.py:756} INFO - Processing file /home/airflow/.local/lib/python3.7/site-packages/airflow/example_dags/tutorial_taskflow_api.py for tasks to queue
[2024-07-25T22:19:02.741+0000] {logging_mixin.py:120} INFO - [2024-07-25T22:19:02.741+0000] {dagbag.py:537} INFO - Filling up the DagBag from /home/airflow/.local/lib/python3.7/site-packages/airflow/example_dags/tutorial_taskflow_api.py
[2024-07-25T22:19:02.752+0000] {processor.py:766} INFO - DAG(s) dict_keys(['tutorial_taskflow_api']) retrieved from /home/airflow/.local/lib/python3.7/site-packages/airflow/example_dags/tutorial_taskflow_api.py
[2024-07-25T22:19:02.779+0000] {logging_mixin.py:120} INFO - [2024-07-25T22:19:02.779+0000] {dag.py:2585} INFO - Sync 1 DAGs
[2024-07-25T22:19:02.800+0000] {logging_mixin.py:120} INFO - [2024-07-25T22:19:02.800+0000] {dag.py:3340} INFO - Setting next_dagrun for tutorial_taskflow_api to None, run_after=None
[2024-07-25T22:19:02.820+0000] {processor.py:176} INFO - Processing /home/airflow/.local/lib/python3.7/site-packages/airflow/example_dags/tutorial_taskflow_api.py took 0.085 seconds
[2024-07-25T22:56:33.922+0000] {processor.py:154} INFO - Started process (PID=4666) to work on /home/airflow/.local/lib/python3.7/site-packages/airflow/example_dags/tutorial_taskflow_api.py
[2024-07-25T22:56:33.928+0000] {processor.py:756} INFO - Processing file /home/airflow/.local/lib/python3.7/site-packages/airflow/example_dags/tutorial_taskflow_api.py for tasks to queue
[2024-07-25T22:56:33.932+0000] {logging_mixin.py:120} INFO - [2024-07-25T22:56:33.932+0000] {dagbag.py:537} INFO - Filling up the DagBag from /home/airflow/.local/lib/python3.7/site-packages/airflow/example_dags/tutorial_taskflow_api.py
[2024-07-25T22:56:33.953+0000] {processor.py:766} INFO - DAG(s) dict_keys(['tutorial_taskflow_api']) retrieved from /home/airflow/.local/lib/python3.7/site-packages/airflow/example_dags/tutorial_taskflow_api.py
[2024-07-25T22:56:34.006+0000] {logging_mixin.py:120} INFO - [2024-07-25T22:56:34.006+0000] {dag.py:2585} INFO - Sync 1 DAGs
[2024-07-25T22:56:34.034+0000] {logging_mixin.py:120} INFO - [2024-07-25T22:56:34.034+0000] {dag.py:3340} INFO - Setting next_dagrun for tutorial_taskflow_api to None, run_after=None
[2024-07-25T22:56:34.067+0000] {processor.py:176} INFO - Processing /home/airflow/.local/lib/python3.7/site-packages/airflow/example_dags/tutorial_taskflow_api.py took 0.150 seconds
[2024-07-25T23:21:45.121+0000] {processor.py:154} INFO - Started process (PID=4729) to work on /home/airflow/.local/lib/python3.7/site-packages/airflow/example_dags/tutorial_taskflow_api.py
[2024-07-25T23:21:45.122+0000] {processor.py:756} INFO - Processing file /home/airflow/.local/lib/python3.7/site-packages/airflow/example_dags/tutorial_taskflow_api.py for tasks to queue
[2024-07-25T23:21:45.123+0000] {logging_mixin.py:120} INFO - [2024-07-25T23:21:45.123+0000] {dagbag.py:537} INFO - Filling up the DagBag from /home/airflow/.local/lib/python3.7/site-packages/airflow/example_dags/tutorial_taskflow_api.py
[2024-07-25T23:21:45.135+0000] {processor.py:766} INFO - DAG(s) dict_keys(['tutorial_taskflow_api']) retrieved from /home/airflow/.local/lib/python3.7/site-packages/airflow/example_dags/tutorial_taskflow_api.py
[2024-07-25T23:21:45.157+0000] {logging_mixin.py:120} INFO - [2024-07-25T23:21:45.157+0000] {dag.py:2585} INFO - Sync 1 DAGs
[2024-07-25T23:21:45.170+0000] {logging_mixin.py:120} INFO - [2024-07-25T23:21:45.170+0000] {dag.py:3340} INFO - Setting next_dagrun for tutorial_taskflow_api to None, run_after=None
[2024-07-25T23:21:45.179+0000] {processor.py:176} INFO - Processing /home/airflow/.local/lib/python3.7/site-packages/airflow/example_dags/tutorial_taskflow_api.py took 0.063 seconds
