[2024-07-25T16:12:19.675+0000] {processor.py:154} INFO - Started process (PID=57) to work on /home/airflow/.local/lib/python3.7/site-packages/airflow/example_dags/tutorial_dag.py
[2024-07-25T16:12:19.677+0000] {processor.py:756} INFO - Processing file /home/airflow/.local/lib/python3.7/site-packages/airflow/example_dags/tutorial_dag.py for tasks to queue
[2024-07-25T16:12:19.679+0000] {logging_mixin.py:120} INFO - [2024-07-25T16:12:19.678+0000] {dagbag.py:537} INFO - Filling up the DagBag from /home/airflow/.local/lib/python3.7/site-packages/airflow/example_dags/tutorial_dag.py
[2024-07-25T16:12:19.700+0000] {processor.py:766} INFO - DAG(s) dict_keys(['tutorial_dag']) retrieved from /home/airflow/.local/lib/python3.7/site-packages/airflow/example_dags/tutorial_dag.py
[2024-07-25T16:12:19.753+0000] {logging_mixin.py:120} INFO - [2024-07-25T16:12:19.753+0000] {dag.py:2585} INFO - Sync 1 DAGs
[2024-07-25T16:12:19.778+0000] {logging_mixin.py:120} INFO - [2024-07-25T16:12:19.778+0000] {dag.py:3340} INFO - Setting next_dagrun for tutorial_dag to None, run_after=None
[2024-07-25T16:12:19.812+0000] {processor.py:176} INFO - Processing /home/airflow/.local/lib/python3.7/site-packages/airflow/example_dags/tutorial_dag.py took 0.139 seconds
[2024-07-25T16:12:50.699+0000] {processor.py:154} INFO - Started process (PID=121) to work on /home/airflow/.local/lib/python3.7/site-packages/airflow/example_dags/tutorial_dag.py
[2024-07-25T16:12:50.701+0000] {processor.py:756} INFO - Processing file /home/airflow/.local/lib/python3.7/site-packages/airflow/example_dags/tutorial_dag.py for tasks to queue
[2024-07-25T16:12:50.703+0000] {logging_mixin.py:120} INFO - [2024-07-25T16:12:50.703+0000] {dagbag.py:537} INFO - Filling up the DagBag from /home/airflow/.local/lib/python3.7/site-packages/airflow/example_dags/tutorial_dag.py
[2024-07-25T16:12:50.719+0000] {processor.py:766} INFO - DAG(s) dict_keys(['tutorial_dag']) retrieved from /home/airflow/.local/lib/python3.7/site-packages/airflow/example_dags/tutorial_dag.py
[2024-07-25T16:12:50.746+0000] {logging_mixin.py:120} INFO - [2024-07-25T16:12:50.746+0000] {dag.py:2585} INFO - Sync 1 DAGs
[2024-07-25T16:12:50.761+0000] {logging_mixin.py:120} INFO - [2024-07-25T16:12:50.761+0000] {dag.py:3340} INFO - Setting next_dagrun for tutorial_dag to None, run_after=None
[2024-07-25T16:12:50.777+0000] {processor.py:176} INFO - Processing /home/airflow/.local/lib/python3.7/site-packages/airflow/example_dags/tutorial_dag.py took 0.081 seconds
[2024-07-25T16:13:21.758+0000] {processor.py:154} INFO - Started process (PID=186) to work on /home/airflow/.local/lib/python3.7/site-packages/airflow/example_dags/tutorial_dag.py
[2024-07-25T16:13:21.759+0000] {processor.py:756} INFO - Processing file /home/airflow/.local/lib/python3.7/site-packages/airflow/example_dags/tutorial_dag.py for tasks to queue
[2024-07-25T16:13:21.760+0000] {logging_mixin.py:120} INFO - [2024-07-25T16:13:21.760+0000] {dagbag.py:537} INFO - Filling up the DagBag from /home/airflow/.local/lib/python3.7/site-packages/airflow/example_dags/tutorial_dag.py
[2024-07-25T16:13:21.773+0000] {processor.py:766} INFO - DAG(s) dict_keys(['tutorial_dag']) retrieved from /home/airflow/.local/lib/python3.7/site-packages/airflow/example_dags/tutorial_dag.py
[2024-07-25T16:13:21.805+0000] {logging_mixin.py:120} INFO - [2024-07-25T16:13:21.805+0000] {dag.py:2585} INFO - Sync 1 DAGs
[2024-07-25T16:13:21.836+0000] {logging_mixin.py:120} INFO - [2024-07-25T16:13:21.836+0000] {dag.py:3340} INFO - Setting next_dagrun for tutorial_dag to None, run_after=None
[2024-07-25T16:13:21.858+0000] {processor.py:176} INFO - Processing /home/airflow/.local/lib/python3.7/site-packages/airflow/example_dags/tutorial_dag.py took 0.104 seconds
[2024-07-25T16:13:52.653+0000] {processor.py:154} INFO - Started process (PID=250) to work on /home/airflow/.local/lib/python3.7/site-packages/airflow/example_dags/tutorial_dag.py
[2024-07-25T16:13:52.660+0000] {processor.py:756} INFO - Processing file /home/airflow/.local/lib/python3.7/site-packages/airflow/example_dags/tutorial_dag.py for tasks to queue
[2024-07-25T16:13:52.660+0000] {logging_mixin.py:120} INFO - [2024-07-25T16:13:52.660+0000] {dagbag.py:537} INFO - Filling up the DagBag from /home/airflow/.local/lib/python3.7/site-packages/airflow/example_dags/tutorial_dag.py
[2024-07-25T16:13:52.668+0000] {processor.py:766} INFO - DAG(s) dict_keys(['tutorial_dag']) retrieved from /home/airflow/.local/lib/python3.7/site-packages/airflow/example_dags/tutorial_dag.py
[2024-07-25T16:13:52.693+0000] {logging_mixin.py:120} INFO - [2024-07-25T16:13:52.693+0000] {dag.py:2585} INFO - Sync 1 DAGs
[2024-07-25T16:13:52.710+0000] {logging_mixin.py:120} INFO - [2024-07-25T16:13:52.710+0000] {dag.py:3340} INFO - Setting next_dagrun for tutorial_dag to None, run_after=None
[2024-07-25T16:13:52.727+0000] {processor.py:176} INFO - Processing /home/airflow/.local/lib/python3.7/site-packages/airflow/example_dags/tutorial_dag.py took 0.076 seconds
[2024-07-25T16:14:23.158+0000] {processor.py:154} INFO - Started process (PID=313) to work on /home/airflow/.local/lib/python3.7/site-packages/airflow/example_dags/tutorial_dag.py
[2024-07-25T16:14:23.160+0000] {processor.py:756} INFO - Processing file /home/airflow/.local/lib/python3.7/site-packages/airflow/example_dags/tutorial_dag.py for tasks to queue
[2024-07-25T16:14:23.161+0000] {logging_mixin.py:120} INFO - [2024-07-25T16:14:23.161+0000] {dagbag.py:537} INFO - Filling up the DagBag from /home/airflow/.local/lib/python3.7/site-packages/airflow/example_dags/tutorial_dag.py
[2024-07-25T16:14:23.170+0000] {processor.py:766} INFO - DAG(s) dict_keys(['tutorial_dag']) retrieved from /home/airflow/.local/lib/python3.7/site-packages/airflow/example_dags/tutorial_dag.py
[2024-07-25T16:14:23.203+0000] {logging_mixin.py:120} INFO - [2024-07-25T16:14:23.203+0000] {dag.py:2585} INFO - Sync 1 DAGs
[2024-07-25T16:14:23.216+0000] {logging_mixin.py:120} INFO - [2024-07-25T16:14:23.216+0000] {dag.py:3340} INFO - Setting next_dagrun for tutorial_dag to None, run_after=None
[2024-07-25T16:14:23.233+0000] {processor.py:176} INFO - Processing /home/airflow/.local/lib/python3.7/site-packages/airflow/example_dags/tutorial_dag.py took 0.077 seconds
[2024-07-25T16:14:54.165+0000] {processor.py:154} INFO - Started process (PID=375) to work on /home/airflow/.local/lib/python3.7/site-packages/airflow/example_dags/tutorial_dag.py
[2024-07-25T16:14:54.167+0000] {processor.py:756} INFO - Processing file /home/airflow/.local/lib/python3.7/site-packages/airflow/example_dags/tutorial_dag.py for tasks to queue
[2024-07-25T16:14:54.171+0000] {logging_mixin.py:120} INFO - [2024-07-25T16:14:54.171+0000] {dagbag.py:537} INFO - Filling up the DagBag from /home/airflow/.local/lib/python3.7/site-packages/airflow/example_dags/tutorial_dag.py
[2024-07-25T16:14:54.184+0000] {processor.py:766} INFO - DAG(s) dict_keys(['tutorial_dag']) retrieved from /home/airflow/.local/lib/python3.7/site-packages/airflow/example_dags/tutorial_dag.py
[2024-07-25T16:14:54.210+0000] {logging_mixin.py:120} INFO - [2024-07-25T16:14:54.210+0000] {dag.py:2585} INFO - Sync 1 DAGs
[2024-07-25T16:14:54.228+0000] {logging_mixin.py:120} INFO - [2024-07-25T16:14:54.228+0000] {dag.py:3340} INFO - Setting next_dagrun for tutorial_dag to None, run_after=None
[2024-07-25T16:14:54.246+0000] {processor.py:176} INFO - Processing /home/airflow/.local/lib/python3.7/site-packages/airflow/example_dags/tutorial_dag.py took 0.082 seconds
[2024-07-25T16:15:24.388+0000] {processor.py:154} INFO - Started process (PID=432) to work on /home/airflow/.local/lib/python3.7/site-packages/airflow/example_dags/tutorial_dag.py
[2024-07-25T16:15:24.389+0000] {processor.py:756} INFO - Processing file /home/airflow/.local/lib/python3.7/site-packages/airflow/example_dags/tutorial_dag.py for tasks to queue
[2024-07-25T16:15:24.390+0000] {logging_mixin.py:120} INFO - [2024-07-25T16:15:24.390+0000] {dagbag.py:537} INFO - Filling up the DagBag from /home/airflow/.local/lib/python3.7/site-packages/airflow/example_dags/tutorial_dag.py
[2024-07-25T16:15:24.401+0000] {processor.py:766} INFO - DAG(s) dict_keys(['tutorial_dag']) retrieved from /home/airflow/.local/lib/python3.7/site-packages/airflow/example_dags/tutorial_dag.py
[2024-07-25T16:15:24.429+0000] {logging_mixin.py:120} INFO - [2024-07-25T16:15:24.429+0000] {dag.py:2585} INFO - Sync 1 DAGs
[2024-07-25T16:15:24.446+0000] {logging_mixin.py:120} INFO - [2024-07-25T16:15:24.446+0000] {dag.py:3340} INFO - Setting next_dagrun for tutorial_dag to None, run_after=None
[2024-07-25T16:15:24.460+0000] {processor.py:176} INFO - Processing /home/airflow/.local/lib/python3.7/site-packages/airflow/example_dags/tutorial_dag.py took 0.077 seconds
[2024-07-25T16:15:54.567+0000] {processor.py:154} INFO - Started process (PID=496) to work on /home/airflow/.local/lib/python3.7/site-packages/airflow/example_dags/tutorial_dag.py
[2024-07-25T16:15:54.570+0000] {processor.py:756} INFO - Processing file /home/airflow/.local/lib/python3.7/site-packages/airflow/example_dags/tutorial_dag.py for tasks to queue
[2024-07-25T16:15:54.570+0000] {logging_mixin.py:120} INFO - [2024-07-25T16:15:54.570+0000] {dagbag.py:537} INFO - Filling up the DagBag from /home/airflow/.local/lib/python3.7/site-packages/airflow/example_dags/tutorial_dag.py
[2024-07-25T16:15:54.583+0000] {processor.py:766} INFO - DAG(s) dict_keys(['tutorial_dag']) retrieved from /home/airflow/.local/lib/python3.7/site-packages/airflow/example_dags/tutorial_dag.py
[2024-07-25T16:15:54.631+0000] {logging_mixin.py:120} INFO - [2024-07-25T16:15:54.630+0000] {dag.py:2585} INFO - Sync 1 DAGs
[2024-07-25T16:15:54.646+0000] {logging_mixin.py:120} INFO - [2024-07-25T16:15:54.646+0000] {dag.py:3340} INFO - Setting next_dagrun for tutorial_dag to None, run_after=None
[2024-07-25T16:15:54.661+0000] {processor.py:176} INFO - Processing /home/airflow/.local/lib/python3.7/site-packages/airflow/example_dags/tutorial_dag.py took 0.097 seconds
[2024-07-25T16:16:25.587+0000] {processor.py:154} INFO - Started process (PID=560) to work on /home/airflow/.local/lib/python3.7/site-packages/airflow/example_dags/tutorial_dag.py
[2024-07-25T16:16:25.587+0000] {processor.py:756} INFO - Processing file /home/airflow/.local/lib/python3.7/site-packages/airflow/example_dags/tutorial_dag.py for tasks to queue
[2024-07-25T16:16:25.588+0000] {logging_mixin.py:120} INFO - [2024-07-25T16:16:25.588+0000] {dagbag.py:537} INFO - Filling up the DagBag from /home/airflow/.local/lib/python3.7/site-packages/airflow/example_dags/tutorial_dag.py
[2024-07-25T16:16:25.595+0000] {processor.py:766} INFO - DAG(s) dict_keys(['tutorial_dag']) retrieved from /home/airflow/.local/lib/python3.7/site-packages/airflow/example_dags/tutorial_dag.py
[2024-07-25T16:16:25.615+0000] {logging_mixin.py:120} INFO - [2024-07-25T16:16:25.615+0000] {dag.py:2585} INFO - Sync 1 DAGs
[2024-07-25T16:16:25.627+0000] {logging_mixin.py:120} INFO - [2024-07-25T16:16:25.627+0000] {dag.py:3340} INFO - Setting next_dagrun for tutorial_dag to None, run_after=None
[2024-07-25T16:16:25.636+0000] {processor.py:176} INFO - Processing /home/airflow/.local/lib/python3.7/site-packages/airflow/example_dags/tutorial_dag.py took 0.051 seconds
[2024-07-25T16:16:56.376+0000] {processor.py:154} INFO - Started process (PID=623) to work on /home/airflow/.local/lib/python3.7/site-packages/airflow/example_dags/tutorial_dag.py
[2024-07-25T16:16:56.377+0000] {processor.py:756} INFO - Processing file /home/airflow/.local/lib/python3.7/site-packages/airflow/example_dags/tutorial_dag.py for tasks to queue
[2024-07-25T16:16:56.379+0000] {logging_mixin.py:120} INFO - [2024-07-25T16:16:56.379+0000] {dagbag.py:537} INFO - Filling up the DagBag from /home/airflow/.local/lib/python3.7/site-packages/airflow/example_dags/tutorial_dag.py
[2024-07-25T16:16:56.390+0000] {processor.py:766} INFO - DAG(s) dict_keys(['tutorial_dag']) retrieved from /home/airflow/.local/lib/python3.7/site-packages/airflow/example_dags/tutorial_dag.py
[2024-07-25T16:16:56.413+0000] {logging_mixin.py:120} INFO - [2024-07-25T16:16:56.413+0000] {dag.py:2585} INFO - Sync 1 DAGs
[2024-07-25T16:16:56.430+0000] {logging_mixin.py:120} INFO - [2024-07-25T16:16:56.430+0000] {dag.py:3340} INFO - Setting next_dagrun for tutorial_dag to None, run_after=None
[2024-07-25T16:16:56.447+0000] {processor.py:176} INFO - Processing /home/airflow/.local/lib/python3.7/site-packages/airflow/example_dags/tutorial_dag.py took 0.073 seconds
[2024-07-25T16:17:27.321+0000] {processor.py:154} INFO - Started process (PID=686) to work on /home/airflow/.local/lib/python3.7/site-packages/airflow/example_dags/tutorial_dag.py
[2024-07-25T16:17:27.322+0000] {processor.py:756} INFO - Processing file /home/airflow/.local/lib/python3.7/site-packages/airflow/example_dags/tutorial_dag.py for tasks to queue
[2024-07-25T16:17:27.322+0000] {logging_mixin.py:120} INFO - [2024-07-25T16:17:27.322+0000] {dagbag.py:537} INFO - Filling up the DagBag from /home/airflow/.local/lib/python3.7/site-packages/airflow/example_dags/tutorial_dag.py
[2024-07-25T16:17:27.330+0000] {processor.py:766} INFO - DAG(s) dict_keys(['tutorial_dag']) retrieved from /home/airflow/.local/lib/python3.7/site-packages/airflow/example_dags/tutorial_dag.py
[2024-07-25T16:17:27.354+0000] {logging_mixin.py:120} INFO - [2024-07-25T16:17:27.354+0000] {dag.py:2585} INFO - Sync 1 DAGs
[2024-07-25T16:17:27.367+0000] {logging_mixin.py:120} INFO - [2024-07-25T16:17:27.367+0000] {dag.py:3340} INFO - Setting next_dagrun for tutorial_dag to None, run_after=None
[2024-07-25T16:17:27.381+0000] {processor.py:176} INFO - Processing /home/airflow/.local/lib/python3.7/site-packages/airflow/example_dags/tutorial_dag.py took 0.062 seconds
[2024-07-25T16:17:57.576+0000] {processor.py:154} INFO - Started process (PID=749) to work on /home/airflow/.local/lib/python3.7/site-packages/airflow/example_dags/tutorial_dag.py
[2024-07-25T16:17:57.577+0000] {processor.py:756} INFO - Processing file /home/airflow/.local/lib/python3.7/site-packages/airflow/example_dags/tutorial_dag.py for tasks to queue
[2024-07-25T16:17:57.577+0000] {logging_mixin.py:120} INFO - [2024-07-25T16:17:57.577+0000] {dagbag.py:537} INFO - Filling up the DagBag from /home/airflow/.local/lib/python3.7/site-packages/airflow/example_dags/tutorial_dag.py
[2024-07-25T16:17:57.584+0000] {processor.py:766} INFO - DAG(s) dict_keys(['tutorial_dag']) retrieved from /home/airflow/.local/lib/python3.7/site-packages/airflow/example_dags/tutorial_dag.py
[2024-07-25T16:17:57.605+0000] {logging_mixin.py:120} INFO - [2024-07-25T16:17:57.605+0000] {dag.py:2585} INFO - Sync 1 DAGs
[2024-07-25T16:17:57.617+0000] {logging_mixin.py:120} INFO - [2024-07-25T16:17:57.617+0000] {dag.py:3340} INFO - Setting next_dagrun for tutorial_dag to None, run_after=None
[2024-07-25T16:17:57.626+0000] {processor.py:176} INFO - Processing /home/airflow/.local/lib/python3.7/site-packages/airflow/example_dags/tutorial_dag.py took 0.051 seconds
[2024-07-25T16:18:27.735+0000] {processor.py:154} INFO - Started process (PID=803) to work on /home/airflow/.local/lib/python3.7/site-packages/airflow/example_dags/tutorial_dag.py
[2024-07-25T16:18:27.743+0000] {processor.py:756} INFO - Processing file /home/airflow/.local/lib/python3.7/site-packages/airflow/example_dags/tutorial_dag.py for tasks to queue
[2024-07-25T16:18:27.744+0000] {logging_mixin.py:120} INFO - [2024-07-25T16:18:27.744+0000] {dagbag.py:537} INFO - Filling up the DagBag from /home/airflow/.local/lib/python3.7/site-packages/airflow/example_dags/tutorial_dag.py
[2024-07-25T16:18:27.752+0000] {processor.py:766} INFO - DAG(s) dict_keys(['tutorial_dag']) retrieved from /home/airflow/.local/lib/python3.7/site-packages/airflow/example_dags/tutorial_dag.py
[2024-07-25T16:18:27.783+0000] {logging_mixin.py:120} INFO - [2024-07-25T16:18:27.782+0000] {dag.py:2585} INFO - Sync 1 DAGs
[2024-07-25T16:18:27.796+0000] {logging_mixin.py:120} INFO - [2024-07-25T16:18:27.796+0000] {dag.py:3340} INFO - Setting next_dagrun for tutorial_dag to None, run_after=None
[2024-07-25T16:18:27.814+0000] {processor.py:176} INFO - Processing /home/airflow/.local/lib/python3.7/site-packages/airflow/example_dags/tutorial_dag.py took 0.082 seconds
[2024-07-25T16:18:57.911+0000] {processor.py:154} INFO - Started process (PID=867) to work on /home/airflow/.local/lib/python3.7/site-packages/airflow/example_dags/tutorial_dag.py
[2024-07-25T16:18:57.913+0000] {processor.py:756} INFO - Processing file /home/airflow/.local/lib/python3.7/site-packages/airflow/example_dags/tutorial_dag.py for tasks to queue
[2024-07-25T16:18:57.914+0000] {logging_mixin.py:120} INFO - [2024-07-25T16:18:57.914+0000] {dagbag.py:537} INFO - Filling up the DagBag from /home/airflow/.local/lib/python3.7/site-packages/airflow/example_dags/tutorial_dag.py
[2024-07-25T16:18:57.924+0000] {processor.py:766} INFO - DAG(s) dict_keys(['tutorial_dag']) retrieved from /home/airflow/.local/lib/python3.7/site-packages/airflow/example_dags/tutorial_dag.py
[2024-07-25T16:18:57.952+0000] {logging_mixin.py:120} INFO - [2024-07-25T16:18:57.952+0000] {dag.py:2585} INFO - Sync 1 DAGs
[2024-07-25T16:18:57.966+0000] {logging_mixin.py:120} INFO - [2024-07-25T16:18:57.966+0000] {dag.py:3340} INFO - Setting next_dagrun for tutorial_dag to None, run_after=None
[2024-07-25T16:18:57.981+0000] {processor.py:176} INFO - Processing /home/airflow/.local/lib/python3.7/site-packages/airflow/example_dags/tutorial_dag.py took 0.073 seconds
[2024-07-25T16:19:28.079+0000] {processor.py:154} INFO - Started process (PID=931) to work on /home/airflow/.local/lib/python3.7/site-packages/airflow/example_dags/tutorial_dag.py
[2024-07-25T16:19:28.081+0000] {processor.py:756} INFO - Processing file /home/airflow/.local/lib/python3.7/site-packages/airflow/example_dags/tutorial_dag.py for tasks to queue
[2024-07-25T16:19:28.082+0000] {logging_mixin.py:120} INFO - [2024-07-25T16:19:28.082+0000] {dagbag.py:537} INFO - Filling up the DagBag from /home/airflow/.local/lib/python3.7/site-packages/airflow/example_dags/tutorial_dag.py
[2024-07-25T16:19:28.088+0000] {processor.py:766} INFO - DAG(s) dict_keys(['tutorial_dag']) retrieved from /home/airflow/.local/lib/python3.7/site-packages/airflow/example_dags/tutorial_dag.py
[2024-07-25T16:19:28.109+0000] {logging_mixin.py:120} INFO - [2024-07-25T16:19:28.109+0000] {dag.py:2585} INFO - Sync 1 DAGs
[2024-07-25T16:19:28.123+0000] {logging_mixin.py:120} INFO - [2024-07-25T16:19:28.123+0000] {dag.py:3340} INFO - Setting next_dagrun for tutorial_dag to None, run_after=None
[2024-07-25T16:19:28.137+0000] {processor.py:176} INFO - Processing /home/airflow/.local/lib/python3.7/site-packages/airflow/example_dags/tutorial_dag.py took 0.060 seconds
[2024-07-25T16:19:58.864+0000] {processor.py:154} INFO - Started process (PID=994) to work on /home/airflow/.local/lib/python3.7/site-packages/airflow/example_dags/tutorial_dag.py
[2024-07-25T16:19:58.866+0000] {processor.py:756} INFO - Processing file /home/airflow/.local/lib/python3.7/site-packages/airflow/example_dags/tutorial_dag.py for tasks to queue
[2024-07-25T16:19:58.867+0000] {logging_mixin.py:120} INFO - [2024-07-25T16:19:58.866+0000] {dagbag.py:537} INFO - Filling up the DagBag from /home/airflow/.local/lib/python3.7/site-packages/airflow/example_dags/tutorial_dag.py
[2024-07-25T16:19:58.874+0000] {processor.py:766} INFO - DAG(s) dict_keys(['tutorial_dag']) retrieved from /home/airflow/.local/lib/python3.7/site-packages/airflow/example_dags/tutorial_dag.py
[2024-07-25T16:19:58.895+0000] {logging_mixin.py:120} INFO - [2024-07-25T16:19:58.895+0000] {dag.py:2585} INFO - Sync 1 DAGs
[2024-07-25T16:19:58.908+0000] {logging_mixin.py:120} INFO - [2024-07-25T16:19:58.908+0000] {dag.py:3340} INFO - Setting next_dagrun for tutorial_dag to None, run_after=None
[2024-07-25T16:19:58.920+0000] {processor.py:176} INFO - Processing /home/airflow/.local/lib/python3.7/site-packages/airflow/example_dags/tutorial_dag.py took 0.058 seconds
[2024-07-25T16:20:29.675+0000] {processor.py:154} INFO - Started process (PID=1058) to work on /home/airflow/.local/lib/python3.7/site-packages/airflow/example_dags/tutorial_dag.py
[2024-07-25T16:20:29.677+0000] {processor.py:756} INFO - Processing file /home/airflow/.local/lib/python3.7/site-packages/airflow/example_dags/tutorial_dag.py for tasks to queue
[2024-07-25T16:20:29.677+0000] {logging_mixin.py:120} INFO - [2024-07-25T16:20:29.677+0000] {dagbag.py:537} INFO - Filling up the DagBag from /home/airflow/.local/lib/python3.7/site-packages/airflow/example_dags/tutorial_dag.py
[2024-07-25T16:20:29.686+0000] {processor.py:766} INFO - DAG(s) dict_keys(['tutorial_dag']) retrieved from /home/airflow/.local/lib/python3.7/site-packages/airflow/example_dags/tutorial_dag.py
[2024-07-25T16:20:29.712+0000] {logging_mixin.py:120} INFO - [2024-07-25T16:20:29.712+0000] {dag.py:2585} INFO - Sync 1 DAGs
[2024-07-25T16:20:29.728+0000] {logging_mixin.py:120} INFO - [2024-07-25T16:20:29.728+0000] {dag.py:3340} INFO - Setting next_dagrun for tutorial_dag to None, run_after=None
[2024-07-25T16:20:29.744+0000] {processor.py:176} INFO - Processing /home/airflow/.local/lib/python3.7/site-packages/airflow/example_dags/tutorial_dag.py took 0.071 seconds
[2024-07-25T16:21:00.600+0000] {processor.py:154} INFO - Started process (PID=1122) to work on /home/airflow/.local/lib/python3.7/site-packages/airflow/example_dags/tutorial_dag.py
[2024-07-25T16:21:00.603+0000] {processor.py:756} INFO - Processing file /home/airflow/.local/lib/python3.7/site-packages/airflow/example_dags/tutorial_dag.py for tasks to queue
[2024-07-25T16:21:00.604+0000] {logging_mixin.py:120} INFO - [2024-07-25T16:21:00.604+0000] {dagbag.py:537} INFO - Filling up the DagBag from /home/airflow/.local/lib/python3.7/site-packages/airflow/example_dags/tutorial_dag.py
[2024-07-25T16:21:00.611+0000] {processor.py:766} INFO - DAG(s) dict_keys(['tutorial_dag']) retrieved from /home/airflow/.local/lib/python3.7/site-packages/airflow/example_dags/tutorial_dag.py
[2024-07-25T16:21:00.639+0000] {logging_mixin.py:120} INFO - [2024-07-25T16:21:00.639+0000] {dag.py:2585} INFO - Sync 1 DAGs
[2024-07-25T16:21:00.659+0000] {logging_mixin.py:120} INFO - [2024-07-25T16:21:00.659+0000] {dag.py:3340} INFO - Setting next_dagrun for tutorial_dag to None, run_after=None
[2024-07-25T16:21:00.673+0000] {processor.py:176} INFO - Processing /home/airflow/.local/lib/python3.7/site-packages/airflow/example_dags/tutorial_dag.py took 0.075 seconds
[2024-07-25T16:21:31.383+0000] {processor.py:154} INFO - Started process (PID=1186) to work on /home/airflow/.local/lib/python3.7/site-packages/airflow/example_dags/tutorial_dag.py
[2024-07-25T16:21:31.384+0000] {processor.py:756} INFO - Processing file /home/airflow/.local/lib/python3.7/site-packages/airflow/example_dags/tutorial_dag.py for tasks to queue
[2024-07-25T16:21:31.385+0000] {logging_mixin.py:120} INFO - [2024-07-25T16:21:31.385+0000] {dagbag.py:537} INFO - Filling up the DagBag from /home/airflow/.local/lib/python3.7/site-packages/airflow/example_dags/tutorial_dag.py
[2024-07-25T16:21:31.391+0000] {processor.py:766} INFO - DAG(s) dict_keys(['tutorial_dag']) retrieved from /home/airflow/.local/lib/python3.7/site-packages/airflow/example_dags/tutorial_dag.py
[2024-07-25T16:21:31.412+0000] {logging_mixin.py:120} INFO - [2024-07-25T16:21:31.412+0000] {dag.py:2585} INFO - Sync 1 DAGs
[2024-07-25T16:21:31.423+0000] {logging_mixin.py:120} INFO - [2024-07-25T16:21:31.423+0000] {dag.py:3340} INFO - Setting next_dagrun for tutorial_dag to None, run_after=None
[2024-07-25T16:21:31.432+0000] {processor.py:176} INFO - Processing /home/airflow/.local/lib/python3.7/site-packages/airflow/example_dags/tutorial_dag.py took 0.050 seconds
[2024-07-25T16:22:02.268+0000] {processor.py:154} INFO - Started process (PID=1241) to work on /home/airflow/.local/lib/python3.7/site-packages/airflow/example_dags/tutorial_dag.py
[2024-07-25T16:22:02.269+0000] {processor.py:756} INFO - Processing file /home/airflow/.local/lib/python3.7/site-packages/airflow/example_dags/tutorial_dag.py for tasks to queue
[2024-07-25T16:22:02.269+0000] {logging_mixin.py:120} INFO - [2024-07-25T16:22:02.269+0000] {dagbag.py:537} INFO - Filling up the DagBag from /home/airflow/.local/lib/python3.7/site-packages/airflow/example_dags/tutorial_dag.py
[2024-07-25T16:22:02.276+0000] {processor.py:766} INFO - DAG(s) dict_keys(['tutorial_dag']) retrieved from /home/airflow/.local/lib/python3.7/site-packages/airflow/example_dags/tutorial_dag.py
[2024-07-25T16:22:02.299+0000] {logging_mixin.py:120} INFO - [2024-07-25T16:22:02.299+0000] {dag.py:2585} INFO - Sync 1 DAGs
[2024-07-25T16:22:02.314+0000] {logging_mixin.py:120} INFO - [2024-07-25T16:22:02.314+0000] {dag.py:3340} INFO - Setting next_dagrun for tutorial_dag to None, run_after=None
[2024-07-25T16:22:02.332+0000] {processor.py:176} INFO - Processing /home/airflow/.local/lib/python3.7/site-packages/airflow/example_dags/tutorial_dag.py took 0.066 seconds
[2024-07-25T16:22:33.006+0000] {processor.py:154} INFO - Started process (PID=1305) to work on /home/airflow/.local/lib/python3.7/site-packages/airflow/example_dags/tutorial_dag.py
[2024-07-25T16:22:33.006+0000] {processor.py:756} INFO - Processing file /home/airflow/.local/lib/python3.7/site-packages/airflow/example_dags/tutorial_dag.py for tasks to queue
[2024-07-25T16:22:33.007+0000] {logging_mixin.py:120} INFO - [2024-07-25T16:22:33.007+0000] {dagbag.py:537} INFO - Filling up the DagBag from /home/airflow/.local/lib/python3.7/site-packages/airflow/example_dags/tutorial_dag.py
[2024-07-25T16:22:33.014+0000] {processor.py:766} INFO - DAG(s) dict_keys(['tutorial_dag']) retrieved from /home/airflow/.local/lib/python3.7/site-packages/airflow/example_dags/tutorial_dag.py
[2024-07-25T16:22:33.034+0000] {logging_mixin.py:120} INFO - [2024-07-25T16:22:33.034+0000] {dag.py:2585} INFO - Sync 1 DAGs
[2024-07-25T16:22:33.049+0000] {logging_mixin.py:120} INFO - [2024-07-25T16:22:33.049+0000] {dag.py:3340} INFO - Setting next_dagrun for tutorial_dag to None, run_after=None
[2024-07-25T16:22:33.061+0000] {processor.py:176} INFO - Processing /home/airflow/.local/lib/python3.7/site-packages/airflow/example_dags/tutorial_dag.py took 0.057 seconds
[2024-07-25T16:23:03.730+0000] {processor.py:154} INFO - Started process (PID=1369) to work on /home/airflow/.local/lib/python3.7/site-packages/airflow/example_dags/tutorial_dag.py
[2024-07-25T16:23:03.730+0000] {processor.py:756} INFO - Processing file /home/airflow/.local/lib/python3.7/site-packages/airflow/example_dags/tutorial_dag.py for tasks to queue
[2024-07-25T16:23:03.731+0000] {logging_mixin.py:120} INFO - [2024-07-25T16:23:03.731+0000] {dagbag.py:537} INFO - Filling up the DagBag from /home/airflow/.local/lib/python3.7/site-packages/airflow/example_dags/tutorial_dag.py
[2024-07-25T16:23:03.738+0000] {processor.py:766} INFO - DAG(s) dict_keys(['tutorial_dag']) retrieved from /home/airflow/.local/lib/python3.7/site-packages/airflow/example_dags/tutorial_dag.py
[2024-07-25T16:23:03.763+0000] {logging_mixin.py:120} INFO - [2024-07-25T16:23:03.762+0000] {dag.py:2585} INFO - Sync 1 DAGs
[2024-07-25T16:23:03.777+0000] {logging_mixin.py:120} INFO - [2024-07-25T16:23:03.777+0000] {dag.py:3340} INFO - Setting next_dagrun for tutorial_dag to None, run_after=None
[2024-07-25T16:23:03.789+0000] {processor.py:176} INFO - Processing /home/airflow/.local/lib/python3.7/site-packages/airflow/example_dags/tutorial_dag.py took 0.061 seconds
[2024-07-25T16:23:34.479+0000] {processor.py:154} INFO - Started process (PID=1432) to work on /home/airflow/.local/lib/python3.7/site-packages/airflow/example_dags/tutorial_dag.py
[2024-07-25T16:23:34.479+0000] {processor.py:756} INFO - Processing file /home/airflow/.local/lib/python3.7/site-packages/airflow/example_dags/tutorial_dag.py for tasks to queue
[2024-07-25T16:23:34.480+0000] {logging_mixin.py:120} INFO - [2024-07-25T16:23:34.479+0000] {dagbag.py:537} INFO - Filling up the DagBag from /home/airflow/.local/lib/python3.7/site-packages/airflow/example_dags/tutorial_dag.py
[2024-07-25T16:23:34.486+0000] {processor.py:766} INFO - DAG(s) dict_keys(['tutorial_dag']) retrieved from /home/airflow/.local/lib/python3.7/site-packages/airflow/example_dags/tutorial_dag.py
[2024-07-25T16:23:34.507+0000] {logging_mixin.py:120} INFO - [2024-07-25T16:23:34.507+0000] {dag.py:2585} INFO - Sync 1 DAGs
[2024-07-25T16:23:34.523+0000] {logging_mixin.py:120} INFO - [2024-07-25T16:23:34.523+0000] {dag.py:3340} INFO - Setting next_dagrun for tutorial_dag to None, run_after=None
[2024-07-25T16:23:34.532+0000] {processor.py:176} INFO - Processing /home/airflow/.local/lib/python3.7/site-packages/airflow/example_dags/tutorial_dag.py took 0.056 seconds
[2024-07-25T16:24:05.239+0000] {processor.py:154} INFO - Started process (PID=1496) to work on /home/airflow/.local/lib/python3.7/site-packages/airflow/example_dags/tutorial_dag.py
[2024-07-25T16:24:05.240+0000] {processor.py:756} INFO - Processing file /home/airflow/.local/lib/python3.7/site-packages/airflow/example_dags/tutorial_dag.py for tasks to queue
[2024-07-25T16:24:05.240+0000] {logging_mixin.py:120} INFO - [2024-07-25T16:24:05.240+0000] {dagbag.py:537} INFO - Filling up the DagBag from /home/airflow/.local/lib/python3.7/site-packages/airflow/example_dags/tutorial_dag.py
[2024-07-25T16:24:05.248+0000] {processor.py:766} INFO - DAG(s) dict_keys(['tutorial_dag']) retrieved from /home/airflow/.local/lib/python3.7/site-packages/airflow/example_dags/tutorial_dag.py
[2024-07-25T16:24:05.269+0000] {logging_mixin.py:120} INFO - [2024-07-25T16:24:05.269+0000] {dag.py:2585} INFO - Sync 1 DAGs
[2024-07-25T16:24:05.280+0000] {logging_mixin.py:120} INFO - [2024-07-25T16:24:05.280+0000] {dag.py:3340} INFO - Setting next_dagrun for tutorial_dag to None, run_after=None
[2024-07-25T16:24:05.289+0000] {processor.py:176} INFO - Processing /home/airflow/.local/lib/python3.7/site-packages/airflow/example_dags/tutorial_dag.py took 0.052 seconds
[2024-07-25T16:24:35.842+0000] {processor.py:154} INFO - Started process (PID=1560) to work on /home/airflow/.local/lib/python3.7/site-packages/airflow/example_dags/tutorial_dag.py
[2024-07-25T16:24:35.843+0000] {processor.py:756} INFO - Processing file /home/airflow/.local/lib/python3.7/site-packages/airflow/example_dags/tutorial_dag.py for tasks to queue
[2024-07-25T16:24:35.844+0000] {logging_mixin.py:120} INFO - [2024-07-25T16:24:35.844+0000] {dagbag.py:537} INFO - Filling up the DagBag from /home/airflow/.local/lib/python3.7/site-packages/airflow/example_dags/tutorial_dag.py
[2024-07-25T16:24:35.851+0000] {processor.py:766} INFO - DAG(s) dict_keys(['tutorial_dag']) retrieved from /home/airflow/.local/lib/python3.7/site-packages/airflow/example_dags/tutorial_dag.py
[2024-07-25T16:24:35.876+0000] {logging_mixin.py:120} INFO - [2024-07-25T16:24:35.876+0000] {dag.py:2585} INFO - Sync 1 DAGs
[2024-07-25T16:24:35.890+0000] {logging_mixin.py:120} INFO - [2024-07-25T16:24:35.890+0000] {dag.py:3340} INFO - Setting next_dagrun for tutorial_dag to None, run_after=None
[2024-07-25T16:24:35.900+0000] {processor.py:176} INFO - Processing /home/airflow/.local/lib/python3.7/site-packages/airflow/example_dags/tutorial_dag.py took 0.060 seconds
[2024-07-25T16:25:06.655+0000] {processor.py:154} INFO - Started process (PID=1624) to work on /home/airflow/.local/lib/python3.7/site-packages/airflow/example_dags/tutorial_dag.py
[2024-07-25T16:25:06.656+0000] {processor.py:756} INFO - Processing file /home/airflow/.local/lib/python3.7/site-packages/airflow/example_dags/tutorial_dag.py for tasks to queue
[2024-07-25T16:25:06.657+0000] {logging_mixin.py:120} INFO - [2024-07-25T16:25:06.657+0000] {dagbag.py:537} INFO - Filling up the DagBag from /home/airflow/.local/lib/python3.7/site-packages/airflow/example_dags/tutorial_dag.py
[2024-07-25T16:25:06.666+0000] {processor.py:766} INFO - DAG(s) dict_keys(['tutorial_dag']) retrieved from /home/airflow/.local/lib/python3.7/site-packages/airflow/example_dags/tutorial_dag.py
[2024-07-25T16:25:06.693+0000] {logging_mixin.py:120} INFO - [2024-07-25T16:25:06.693+0000] {dag.py:2585} INFO - Sync 1 DAGs
[2024-07-25T16:25:06.706+0000] {logging_mixin.py:120} INFO - [2024-07-25T16:25:06.706+0000] {dag.py:3340} INFO - Setting next_dagrun for tutorial_dag to None, run_after=None
[2024-07-25T16:25:06.718+0000] {processor.py:176} INFO - Processing /home/airflow/.local/lib/python3.7/site-packages/airflow/example_dags/tutorial_dag.py took 0.065 seconds
[2024-07-25T16:25:37.511+0000] {processor.py:154} INFO - Started process (PID=1688) to work on /home/airflow/.local/lib/python3.7/site-packages/airflow/example_dags/tutorial_dag.py
[2024-07-25T16:25:37.512+0000] {processor.py:756} INFO - Processing file /home/airflow/.local/lib/python3.7/site-packages/airflow/example_dags/tutorial_dag.py for tasks to queue
[2024-07-25T16:25:37.512+0000] {logging_mixin.py:120} INFO - [2024-07-25T16:25:37.512+0000] {dagbag.py:537} INFO - Filling up the DagBag from /home/airflow/.local/lib/python3.7/site-packages/airflow/example_dags/tutorial_dag.py
[2024-07-25T16:25:37.520+0000] {processor.py:766} INFO - DAG(s) dict_keys(['tutorial_dag']) retrieved from /home/airflow/.local/lib/python3.7/site-packages/airflow/example_dags/tutorial_dag.py
[2024-07-25T16:25:37.545+0000] {logging_mixin.py:120} INFO - [2024-07-25T16:25:37.545+0000] {dag.py:2585} INFO - Sync 1 DAGs
[2024-07-25T16:25:37.557+0000] {logging_mixin.py:120} INFO - [2024-07-25T16:25:37.557+0000] {dag.py:3340} INFO - Setting next_dagrun for tutorial_dag to None, run_after=None
[2024-07-25T16:25:37.567+0000] {processor.py:176} INFO - Processing /home/airflow/.local/lib/python3.7/site-packages/airflow/example_dags/tutorial_dag.py took 0.058 seconds
[2024-07-25T16:26:08.622+0000] {processor.py:154} INFO - Started process (PID=1742) to work on /home/airflow/.local/lib/python3.7/site-packages/airflow/example_dags/tutorial_dag.py
[2024-07-25T16:26:08.624+0000] {processor.py:756} INFO - Processing file /home/airflow/.local/lib/python3.7/site-packages/airflow/example_dags/tutorial_dag.py for tasks to queue
[2024-07-25T16:26:08.625+0000] {logging_mixin.py:120} INFO - [2024-07-25T16:26:08.625+0000] {dagbag.py:537} INFO - Filling up the DagBag from /home/airflow/.local/lib/python3.7/site-packages/airflow/example_dags/tutorial_dag.py
[2024-07-25T16:26:08.635+0000] {processor.py:766} INFO - DAG(s) dict_keys(['tutorial_dag']) retrieved from /home/airflow/.local/lib/python3.7/site-packages/airflow/example_dags/tutorial_dag.py
[2024-07-25T16:26:08.674+0000] {logging_mixin.py:120} INFO - [2024-07-25T16:26:08.674+0000] {dag.py:2585} INFO - Sync 1 DAGs
[2024-07-25T16:26:08.722+0000] {logging_mixin.py:120} INFO - [2024-07-25T16:26:08.722+0000] {dag.py:3340} INFO - Setting next_dagrun for tutorial_dag to None, run_after=None
[2024-07-25T16:26:08.750+0000] {processor.py:176} INFO - Processing /home/airflow/.local/lib/python3.7/site-packages/airflow/example_dags/tutorial_dag.py took 0.131 seconds
[2024-07-25T16:26:39.149+0000] {processor.py:154} INFO - Started process (PID=1806) to work on /home/airflow/.local/lib/python3.7/site-packages/airflow/example_dags/tutorial_dag.py
[2024-07-25T16:26:39.150+0000] {processor.py:756} INFO - Processing file /home/airflow/.local/lib/python3.7/site-packages/airflow/example_dags/tutorial_dag.py for tasks to queue
[2024-07-25T16:26:39.150+0000] {logging_mixin.py:120} INFO - [2024-07-25T16:26:39.150+0000] {dagbag.py:537} INFO - Filling up the DagBag from /home/airflow/.local/lib/python3.7/site-packages/airflow/example_dags/tutorial_dag.py
[2024-07-25T16:26:39.159+0000] {processor.py:766} INFO - DAG(s) dict_keys(['tutorial_dag']) retrieved from /home/airflow/.local/lib/python3.7/site-packages/airflow/example_dags/tutorial_dag.py
[2024-07-25T16:26:39.186+0000] {logging_mixin.py:120} INFO - [2024-07-25T16:26:39.186+0000] {dag.py:2585} INFO - Sync 1 DAGs
[2024-07-25T16:26:39.202+0000] {logging_mixin.py:120} INFO - [2024-07-25T16:26:39.201+0000] {dag.py:3340} INFO - Setting next_dagrun for tutorial_dag to None, run_after=None
[2024-07-25T16:26:39.216+0000] {processor.py:176} INFO - Processing /home/airflow/.local/lib/python3.7/site-packages/airflow/example_dags/tutorial_dag.py took 0.069 seconds
[2024-07-25T16:27:09.313+0000] {processor.py:154} INFO - Started process (PID=1870) to work on /home/airflow/.local/lib/python3.7/site-packages/airflow/example_dags/tutorial_dag.py
[2024-07-25T16:27:09.314+0000] {processor.py:756} INFO - Processing file /home/airflow/.local/lib/python3.7/site-packages/airflow/example_dags/tutorial_dag.py for tasks to queue
[2024-07-25T16:27:09.315+0000] {logging_mixin.py:120} INFO - [2024-07-25T16:27:09.314+0000] {dagbag.py:537} INFO - Filling up the DagBag from /home/airflow/.local/lib/python3.7/site-packages/airflow/example_dags/tutorial_dag.py
[2024-07-25T16:27:09.342+0000] {processor.py:766} INFO - DAG(s) dict_keys(['tutorial_dag']) retrieved from /home/airflow/.local/lib/python3.7/site-packages/airflow/example_dags/tutorial_dag.py
[2024-07-25T16:27:09.377+0000] {logging_mixin.py:120} INFO - [2024-07-25T16:27:09.376+0000] {dag.py:2585} INFO - Sync 1 DAGs
[2024-07-25T16:27:09.396+0000] {logging_mixin.py:120} INFO - [2024-07-25T16:27:09.396+0000] {dag.py:3340} INFO - Setting next_dagrun for tutorial_dag to None, run_after=None
[2024-07-25T16:27:09.412+0000] {processor.py:176} INFO - Processing /home/airflow/.local/lib/python3.7/site-packages/airflow/example_dags/tutorial_dag.py took 0.102 seconds
[2024-07-25T16:27:39.549+0000] {processor.py:154} INFO - Started process (PID=1934) to work on /home/airflow/.local/lib/python3.7/site-packages/airflow/example_dags/tutorial_dag.py
[2024-07-25T16:27:39.555+0000] {processor.py:756} INFO - Processing file /home/airflow/.local/lib/python3.7/site-packages/airflow/example_dags/tutorial_dag.py for tasks to queue
[2024-07-25T16:27:39.556+0000] {logging_mixin.py:120} INFO - [2024-07-25T16:27:39.556+0000] {dagbag.py:537} INFO - Filling up the DagBag from /home/airflow/.local/lib/python3.7/site-packages/airflow/example_dags/tutorial_dag.py
[2024-07-25T16:27:39.567+0000] {processor.py:766} INFO - DAG(s) dict_keys(['tutorial_dag']) retrieved from /home/airflow/.local/lib/python3.7/site-packages/airflow/example_dags/tutorial_dag.py
[2024-07-25T16:27:39.601+0000] {logging_mixin.py:120} INFO - [2024-07-25T16:27:39.601+0000] {dag.py:2585} INFO - Sync 1 DAGs
[2024-07-25T16:27:39.620+0000] {logging_mixin.py:120} INFO - [2024-07-25T16:27:39.620+0000] {dag.py:3340} INFO - Setting next_dagrun for tutorial_dag to None, run_after=None
[2024-07-25T16:27:39.635+0000] {processor.py:176} INFO - Processing /home/airflow/.local/lib/python3.7/site-packages/airflow/example_dags/tutorial_dag.py took 0.091 seconds
[2024-07-25T16:28:10.132+0000] {processor.py:154} INFO - Started process (PID=1989) to work on /home/airflow/.local/lib/python3.7/site-packages/airflow/example_dags/tutorial_dag.py
[2024-07-25T16:28:10.133+0000] {processor.py:756} INFO - Processing file /home/airflow/.local/lib/python3.7/site-packages/airflow/example_dags/tutorial_dag.py for tasks to queue
[2024-07-25T16:28:10.134+0000] {logging_mixin.py:120} INFO - [2024-07-25T16:28:10.134+0000] {dagbag.py:537} INFO - Filling up the DagBag from /home/airflow/.local/lib/python3.7/site-packages/airflow/example_dags/tutorial_dag.py
[2024-07-25T16:28:10.141+0000] {processor.py:766} INFO - DAG(s) dict_keys(['tutorial_dag']) retrieved from /home/airflow/.local/lib/python3.7/site-packages/airflow/example_dags/tutorial_dag.py
[2024-07-25T16:28:10.167+0000] {logging_mixin.py:120} INFO - [2024-07-25T16:28:10.167+0000] {dag.py:2585} INFO - Sync 1 DAGs
[2024-07-25T16:28:10.184+0000] {logging_mixin.py:120} INFO - [2024-07-25T16:28:10.184+0000] {dag.py:3340} INFO - Setting next_dagrun for tutorial_dag to None, run_after=None
[2024-07-25T16:28:10.202+0000] {processor.py:176} INFO - Processing /home/airflow/.local/lib/python3.7/site-packages/airflow/example_dags/tutorial_dag.py took 0.073 seconds
[2024-07-25T16:28:40.603+0000] {processor.py:154} INFO - Started process (PID=2053) to work on /home/airflow/.local/lib/python3.7/site-packages/airflow/example_dags/tutorial_dag.py
[2024-07-25T16:28:40.606+0000] {processor.py:756} INFO - Processing file /home/airflow/.local/lib/python3.7/site-packages/airflow/example_dags/tutorial_dag.py for tasks to queue
[2024-07-25T16:28:40.606+0000] {logging_mixin.py:120} INFO - [2024-07-25T16:28:40.606+0000] {dagbag.py:537} INFO - Filling up the DagBag from /home/airflow/.local/lib/python3.7/site-packages/airflow/example_dags/tutorial_dag.py
[2024-07-25T16:28:40.615+0000] {processor.py:766} INFO - DAG(s) dict_keys(['tutorial_dag']) retrieved from /home/airflow/.local/lib/python3.7/site-packages/airflow/example_dags/tutorial_dag.py
[2024-07-25T16:28:40.644+0000] {logging_mixin.py:120} INFO - [2024-07-25T16:28:40.644+0000] {dag.py:2585} INFO - Sync 1 DAGs
[2024-07-25T16:28:40.661+0000] {logging_mixin.py:120} INFO - [2024-07-25T16:28:40.661+0000] {dag.py:3340} INFO - Setting next_dagrun for tutorial_dag to None, run_after=None
[2024-07-25T16:28:40.672+0000] {processor.py:176} INFO - Processing /home/airflow/.local/lib/python3.7/site-packages/airflow/example_dags/tutorial_dag.py took 0.073 seconds
[2024-07-25T16:29:11.482+0000] {processor.py:154} INFO - Started process (PID=2116) to work on /home/airflow/.local/lib/python3.7/site-packages/airflow/example_dags/tutorial_dag.py
[2024-07-25T16:29:11.483+0000] {processor.py:756} INFO - Processing file /home/airflow/.local/lib/python3.7/site-packages/airflow/example_dags/tutorial_dag.py for tasks to queue
[2024-07-25T16:29:11.483+0000] {logging_mixin.py:120} INFO - [2024-07-25T16:29:11.483+0000] {dagbag.py:537} INFO - Filling up the DagBag from /home/airflow/.local/lib/python3.7/site-packages/airflow/example_dags/tutorial_dag.py
[2024-07-25T16:29:11.490+0000] {processor.py:766} INFO - DAG(s) dict_keys(['tutorial_dag']) retrieved from /home/airflow/.local/lib/python3.7/site-packages/airflow/example_dags/tutorial_dag.py
[2024-07-25T16:29:11.511+0000] {logging_mixin.py:120} INFO - [2024-07-25T16:29:11.511+0000] {dag.py:2585} INFO - Sync 1 DAGs
[2024-07-25T16:29:11.523+0000] {logging_mixin.py:120} INFO - [2024-07-25T16:29:11.523+0000] {dag.py:3340} INFO - Setting next_dagrun for tutorial_dag to None, run_after=None
[2024-07-25T16:29:11.536+0000] {processor.py:176} INFO - Processing /home/airflow/.local/lib/python3.7/site-packages/airflow/example_dags/tutorial_dag.py took 0.055 seconds
[2024-07-25T16:29:42.104+0000] {processor.py:154} INFO - Started process (PID=2179) to work on /home/airflow/.local/lib/python3.7/site-packages/airflow/example_dags/tutorial_dag.py
[2024-07-25T16:29:42.104+0000] {processor.py:756} INFO - Processing file /home/airflow/.local/lib/python3.7/site-packages/airflow/example_dags/tutorial_dag.py for tasks to queue
[2024-07-25T16:29:42.105+0000] {logging_mixin.py:120} INFO - [2024-07-25T16:29:42.105+0000] {dagbag.py:537} INFO - Filling up the DagBag from /home/airflow/.local/lib/python3.7/site-packages/airflow/example_dags/tutorial_dag.py
[2024-07-25T16:29:42.111+0000] {processor.py:766} INFO - DAG(s) dict_keys(['tutorial_dag']) retrieved from /home/airflow/.local/lib/python3.7/site-packages/airflow/example_dags/tutorial_dag.py
[2024-07-25T16:29:42.134+0000] {logging_mixin.py:120} INFO - [2024-07-25T16:29:42.134+0000] {dag.py:2585} INFO - Sync 1 DAGs
[2024-07-25T16:29:42.148+0000] {logging_mixin.py:120} INFO - [2024-07-25T16:29:42.148+0000] {dag.py:3340} INFO - Setting next_dagrun for tutorial_dag to None, run_after=None
[2024-07-25T16:29:42.158+0000] {processor.py:176} INFO - Processing /home/airflow/.local/lib/python3.7/site-packages/airflow/example_dags/tutorial_dag.py took 0.056 seconds
[2024-07-25T16:30:12.850+0000] {processor.py:154} INFO - Started process (PID=2243) to work on /home/airflow/.local/lib/python3.7/site-packages/airflow/example_dags/tutorial_dag.py
[2024-07-25T16:30:12.850+0000] {processor.py:756} INFO - Processing file /home/airflow/.local/lib/python3.7/site-packages/airflow/example_dags/tutorial_dag.py for tasks to queue
[2024-07-25T16:30:12.850+0000] {logging_mixin.py:120} INFO - [2024-07-25T16:30:12.850+0000] {dagbag.py:537} INFO - Filling up the DagBag from /home/airflow/.local/lib/python3.7/site-packages/airflow/example_dags/tutorial_dag.py
[2024-07-25T16:30:12.857+0000] {processor.py:766} INFO - DAG(s) dict_keys(['tutorial_dag']) retrieved from /home/airflow/.local/lib/python3.7/site-packages/airflow/example_dags/tutorial_dag.py
[2024-07-25T16:30:12.877+0000] {logging_mixin.py:120} INFO - [2024-07-25T16:30:12.877+0000] {dag.py:2585} INFO - Sync 1 DAGs
[2024-07-25T16:30:12.888+0000] {logging_mixin.py:120} INFO - [2024-07-25T16:30:12.888+0000] {dag.py:3340} INFO - Setting next_dagrun for tutorial_dag to None, run_after=None
[2024-07-25T16:30:12.897+0000] {processor.py:176} INFO - Processing /home/airflow/.local/lib/python3.7/site-packages/airflow/example_dags/tutorial_dag.py took 0.049 seconds
[2024-07-25T16:30:43.443+0000] {processor.py:154} INFO - Started process (PID=2307) to work on /home/airflow/.local/lib/python3.7/site-packages/airflow/example_dags/tutorial_dag.py
[2024-07-25T16:30:43.444+0000] {processor.py:756} INFO - Processing file /home/airflow/.local/lib/python3.7/site-packages/airflow/example_dags/tutorial_dag.py for tasks to queue
[2024-07-25T16:30:43.446+0000] {logging_mixin.py:120} INFO - [2024-07-25T16:30:43.446+0000] {dagbag.py:537} INFO - Filling up the DagBag from /home/airflow/.local/lib/python3.7/site-packages/airflow/example_dags/tutorial_dag.py
[2024-07-25T16:30:43.452+0000] {processor.py:766} INFO - DAG(s) dict_keys(['tutorial_dag']) retrieved from /home/airflow/.local/lib/python3.7/site-packages/airflow/example_dags/tutorial_dag.py
[2024-07-25T16:30:43.472+0000] {logging_mixin.py:120} INFO - [2024-07-25T16:30:43.472+0000] {dag.py:2585} INFO - Sync 1 DAGs
[2024-07-25T16:30:43.485+0000] {logging_mixin.py:120} INFO - [2024-07-25T16:30:43.485+0000] {dag.py:3340} INFO - Setting next_dagrun for tutorial_dag to None, run_after=None
[2024-07-25T16:30:43.496+0000] {processor.py:176} INFO - Processing /home/airflow/.local/lib/python3.7/site-packages/airflow/example_dags/tutorial_dag.py took 0.055 seconds
[2024-07-25T16:31:14.122+0000] {processor.py:154} INFO - Started process (PID=2371) to work on /home/airflow/.local/lib/python3.7/site-packages/airflow/example_dags/tutorial_dag.py
[2024-07-25T16:31:14.122+0000] {processor.py:756} INFO - Processing file /home/airflow/.local/lib/python3.7/site-packages/airflow/example_dags/tutorial_dag.py for tasks to queue
[2024-07-25T16:31:14.123+0000] {logging_mixin.py:120} INFO - [2024-07-25T16:31:14.122+0000] {dagbag.py:537} INFO - Filling up the DagBag from /home/airflow/.local/lib/python3.7/site-packages/airflow/example_dags/tutorial_dag.py
[2024-07-25T16:31:14.129+0000] {processor.py:766} INFO - DAG(s) dict_keys(['tutorial_dag']) retrieved from /home/airflow/.local/lib/python3.7/site-packages/airflow/example_dags/tutorial_dag.py
[2024-07-25T16:31:14.154+0000] {logging_mixin.py:120} INFO - [2024-07-25T16:31:14.154+0000] {dag.py:2585} INFO - Sync 1 DAGs
[2024-07-25T16:31:14.167+0000] {logging_mixin.py:120} INFO - [2024-07-25T16:31:14.167+0000] {dag.py:3340} INFO - Setting next_dagrun for tutorial_dag to None, run_after=None
[2024-07-25T16:31:14.177+0000] {processor.py:176} INFO - Processing /home/airflow/.local/lib/python3.7/site-packages/airflow/example_dags/tutorial_dag.py took 0.057 seconds
[2024-07-25T16:40:52.656+0000] {processor.py:154} INFO - Started process (PID=2432) to work on /home/airflow/.local/lib/python3.7/site-packages/airflow/example_dags/tutorial_dag.py
[2024-07-25T16:40:52.659+0000] {processor.py:756} INFO - Processing file /home/airflow/.local/lib/python3.7/site-packages/airflow/example_dags/tutorial_dag.py for tasks to queue
[2024-07-25T16:40:52.660+0000] {logging_mixin.py:120} INFO - [2024-07-25T16:40:52.660+0000] {dagbag.py:537} INFO - Filling up the DagBag from /home/airflow/.local/lib/python3.7/site-packages/airflow/example_dags/tutorial_dag.py
[2024-07-25T16:40:52.670+0000] {processor.py:766} INFO - DAG(s) dict_keys(['tutorial_dag']) retrieved from /home/airflow/.local/lib/python3.7/site-packages/airflow/example_dags/tutorial_dag.py
[2024-07-25T16:40:52.702+0000] {logging_mixin.py:120} INFO - [2024-07-25T16:40:52.702+0000] {dag.py:2585} INFO - Sync 1 DAGs
[2024-07-25T16:40:52.717+0000] {logging_mixin.py:120} INFO - [2024-07-25T16:40:52.717+0000] {dag.py:3340} INFO - Setting next_dagrun for tutorial_dag to None, run_after=None
[2024-07-25T16:40:52.736+0000] {processor.py:176} INFO - Processing /home/airflow/.local/lib/python3.7/site-packages/airflow/example_dags/tutorial_dag.py took 0.082 seconds
[2024-07-25T16:41:35.121+0000] {processor.py:154} INFO - Started process (PID=2496) to work on /home/airflow/.local/lib/python3.7/site-packages/airflow/example_dags/tutorial_dag.py
[2024-07-25T16:41:35.122+0000] {processor.py:756} INFO - Processing file /home/airflow/.local/lib/python3.7/site-packages/airflow/example_dags/tutorial_dag.py for tasks to queue
[2024-07-25T16:41:35.123+0000] {logging_mixin.py:120} INFO - [2024-07-25T16:41:35.123+0000] {dagbag.py:537} INFO - Filling up the DagBag from /home/airflow/.local/lib/python3.7/site-packages/airflow/example_dags/tutorial_dag.py
[2024-07-25T16:41:35.133+0000] {processor.py:766} INFO - DAG(s) dict_keys(['tutorial_dag']) retrieved from /home/airflow/.local/lib/python3.7/site-packages/airflow/example_dags/tutorial_dag.py
[2024-07-25T16:41:35.162+0000] {logging_mixin.py:120} INFO - [2024-07-25T16:41:35.162+0000] {dag.py:2585} INFO - Sync 1 DAGs
[2024-07-25T16:41:35.180+0000] {logging_mixin.py:120} INFO - [2024-07-25T16:41:35.180+0000] {dag.py:3340} INFO - Setting next_dagrun for tutorial_dag to None, run_after=None
[2024-07-25T16:41:35.194+0000] {processor.py:176} INFO - Processing /home/airflow/.local/lib/python3.7/site-packages/airflow/example_dags/tutorial_dag.py took 0.075 seconds
[2024-07-25T16:42:06.220+0000] {processor.py:154} INFO - Started process (PID=2560) to work on /home/airflow/.local/lib/python3.7/site-packages/airflow/example_dags/tutorial_dag.py
[2024-07-25T16:42:06.221+0000] {processor.py:756} INFO - Processing file /home/airflow/.local/lib/python3.7/site-packages/airflow/example_dags/tutorial_dag.py for tasks to queue
[2024-07-25T16:42:06.221+0000] {logging_mixin.py:120} INFO - [2024-07-25T16:42:06.221+0000] {dagbag.py:537} INFO - Filling up the DagBag from /home/airflow/.local/lib/python3.7/site-packages/airflow/example_dags/tutorial_dag.py
[2024-07-25T16:42:06.228+0000] {processor.py:766} INFO - DAG(s) dict_keys(['tutorial_dag']) retrieved from /home/airflow/.local/lib/python3.7/site-packages/airflow/example_dags/tutorial_dag.py
[2024-07-25T16:42:06.253+0000] {logging_mixin.py:120} INFO - [2024-07-25T16:42:06.253+0000] {dag.py:2585} INFO - Sync 1 DAGs
[2024-07-25T16:42:06.273+0000] {logging_mixin.py:120} INFO - [2024-07-25T16:42:06.273+0000] {dag.py:3340} INFO - Setting next_dagrun for tutorial_dag to None, run_after=None
[2024-07-25T16:42:06.290+0000] {processor.py:176} INFO - Processing /home/airflow/.local/lib/python3.7/site-packages/airflow/example_dags/tutorial_dag.py took 0.071 seconds
[2024-07-25T16:52:18.386+0000] {processor.py:154} INFO - Started process (PID=2624) to work on /home/airflow/.local/lib/python3.7/site-packages/airflow/example_dags/tutorial_dag.py
[2024-07-25T16:52:18.388+0000] {processor.py:756} INFO - Processing file /home/airflow/.local/lib/python3.7/site-packages/airflow/example_dags/tutorial_dag.py for tasks to queue
[2024-07-25T16:52:18.390+0000] {logging_mixin.py:120} INFO - [2024-07-25T16:52:18.390+0000] {dagbag.py:537} INFO - Filling up the DagBag from /home/airflow/.local/lib/python3.7/site-packages/airflow/example_dags/tutorial_dag.py
[2024-07-25T16:52:18.403+0000] {processor.py:766} INFO - DAG(s) dict_keys(['tutorial_dag']) retrieved from /home/airflow/.local/lib/python3.7/site-packages/airflow/example_dags/tutorial_dag.py
[2024-07-25T16:52:18.459+0000] {logging_mixin.py:120} INFO - [2024-07-25T16:52:18.459+0000] {dag.py:2585} INFO - Sync 1 DAGs
[2024-07-25T16:52:18.481+0000] {logging_mixin.py:120} INFO - [2024-07-25T16:52:18.481+0000] {dag.py:3340} INFO - Setting next_dagrun for tutorial_dag to None, run_after=None
[2024-07-25T16:52:18.497+0000] {processor.py:176} INFO - Processing /home/airflow/.local/lib/python3.7/site-packages/airflow/example_dags/tutorial_dag.py took 0.113 seconds
[2024-07-25T16:52:48.607+0000] {processor.py:154} INFO - Started process (PID=2679) to work on /home/airflow/.local/lib/python3.7/site-packages/airflow/example_dags/tutorial_dag.py
[2024-07-25T16:52:48.610+0000] {processor.py:756} INFO - Processing file /home/airflow/.local/lib/python3.7/site-packages/airflow/example_dags/tutorial_dag.py for tasks to queue
[2024-07-25T16:52:48.612+0000] {logging_mixin.py:120} INFO - [2024-07-25T16:52:48.612+0000] {dagbag.py:537} INFO - Filling up the DagBag from /home/airflow/.local/lib/python3.7/site-packages/airflow/example_dags/tutorial_dag.py
[2024-07-25T16:52:48.623+0000] {processor.py:766} INFO - DAG(s) dict_keys(['tutorial_dag']) retrieved from /home/airflow/.local/lib/python3.7/site-packages/airflow/example_dags/tutorial_dag.py
[2024-07-25T16:52:48.647+0000] {logging_mixin.py:120} INFO - [2024-07-25T16:52:48.647+0000] {dag.py:2585} INFO - Sync 1 DAGs
[2024-07-25T16:52:48.665+0000] {logging_mixin.py:120} INFO - [2024-07-25T16:52:48.664+0000] {dag.py:3340} INFO - Setting next_dagrun for tutorial_dag to None, run_after=None
[2024-07-25T16:52:48.682+0000] {processor.py:176} INFO - Processing /home/airflow/.local/lib/python3.7/site-packages/airflow/example_dags/tutorial_dag.py took 0.077 seconds
[2024-07-25T16:53:19.833+0000] {processor.py:154} INFO - Started process (PID=2743) to work on /home/airflow/.local/lib/python3.7/site-packages/airflow/example_dags/tutorial_dag.py
[2024-07-25T16:53:19.834+0000] {processor.py:756} INFO - Processing file /home/airflow/.local/lib/python3.7/site-packages/airflow/example_dags/tutorial_dag.py for tasks to queue
[2024-07-25T16:53:19.834+0000] {logging_mixin.py:120} INFO - [2024-07-25T16:53:19.834+0000] {dagbag.py:537} INFO - Filling up the DagBag from /home/airflow/.local/lib/python3.7/site-packages/airflow/example_dags/tutorial_dag.py
[2024-07-25T16:53:19.842+0000] {processor.py:766} INFO - DAG(s) dict_keys(['tutorial_dag']) retrieved from /home/airflow/.local/lib/python3.7/site-packages/airflow/example_dags/tutorial_dag.py
[2024-07-25T16:53:19.866+0000] {logging_mixin.py:120} INFO - [2024-07-25T16:53:19.865+0000] {dag.py:2585} INFO - Sync 1 DAGs
[2024-07-25T16:53:19.879+0000] {logging_mixin.py:120} INFO - [2024-07-25T16:53:19.879+0000] {dag.py:3340} INFO - Setting next_dagrun for tutorial_dag to None, run_after=None
[2024-07-25T16:53:19.898+0000] {processor.py:176} INFO - Processing /home/airflow/.local/lib/python3.7/site-packages/airflow/example_dags/tutorial_dag.py took 0.068 seconds
[2024-07-25T16:53:50.777+0000] {processor.py:154} INFO - Started process (PID=2806) to work on /home/airflow/.local/lib/python3.7/site-packages/airflow/example_dags/tutorial_dag.py
[2024-07-25T16:53:50.781+0000] {processor.py:756} INFO - Processing file /home/airflow/.local/lib/python3.7/site-packages/airflow/example_dags/tutorial_dag.py for tasks to queue
[2024-07-25T16:53:50.782+0000] {logging_mixin.py:120} INFO - [2024-07-25T16:53:50.782+0000] {dagbag.py:537} INFO - Filling up the DagBag from /home/airflow/.local/lib/python3.7/site-packages/airflow/example_dags/tutorial_dag.py
[2024-07-25T16:53:50.789+0000] {processor.py:766} INFO - DAG(s) dict_keys(['tutorial_dag']) retrieved from /home/airflow/.local/lib/python3.7/site-packages/airflow/example_dags/tutorial_dag.py
[2024-07-25T16:53:50.817+0000] {logging_mixin.py:120} INFO - [2024-07-25T16:53:50.817+0000] {dag.py:2585} INFO - Sync 1 DAGs
[2024-07-25T16:53:50.831+0000] {logging_mixin.py:120} INFO - [2024-07-25T16:53:50.830+0000] {dag.py:3340} INFO - Setting next_dagrun for tutorial_dag to None, run_after=None
[2024-07-25T16:53:50.847+0000] {processor.py:176} INFO - Processing /home/airflow/.local/lib/python3.7/site-packages/airflow/example_dags/tutorial_dag.py took 0.072 seconds
[2024-07-25T16:54:21.929+0000] {processor.py:154} INFO - Started process (PID=2870) to work on /home/airflow/.local/lib/python3.7/site-packages/airflow/example_dags/tutorial_dag.py
[2024-07-25T16:54:21.930+0000] {processor.py:756} INFO - Processing file /home/airflow/.local/lib/python3.7/site-packages/airflow/example_dags/tutorial_dag.py for tasks to queue
[2024-07-25T16:54:21.930+0000] {logging_mixin.py:120} INFO - [2024-07-25T16:54:21.930+0000] {dagbag.py:537} INFO - Filling up the DagBag from /home/airflow/.local/lib/python3.7/site-packages/airflow/example_dags/tutorial_dag.py
[2024-07-25T16:54:21.938+0000] {processor.py:766} INFO - DAG(s) dict_keys(['tutorial_dag']) retrieved from /home/airflow/.local/lib/python3.7/site-packages/airflow/example_dags/tutorial_dag.py
[2024-07-25T16:54:21.967+0000] {logging_mixin.py:120} INFO - [2024-07-25T16:54:21.967+0000] {dag.py:2585} INFO - Sync 1 DAGs
[2024-07-25T16:54:21.983+0000] {logging_mixin.py:120} INFO - [2024-07-25T16:54:21.983+0000] {dag.py:3340} INFO - Setting next_dagrun for tutorial_dag to None, run_after=None
[2024-07-25T16:54:21.997+0000] {processor.py:176} INFO - Processing /home/airflow/.local/lib/python3.7/site-packages/airflow/example_dags/tutorial_dag.py took 0.070 seconds
[2024-07-25T16:54:52.825+0000] {processor.py:154} INFO - Started process (PID=2934) to work on /home/airflow/.local/lib/python3.7/site-packages/airflow/example_dags/tutorial_dag.py
[2024-07-25T16:54:52.826+0000] {processor.py:756} INFO - Processing file /home/airflow/.local/lib/python3.7/site-packages/airflow/example_dags/tutorial_dag.py for tasks to queue
[2024-07-25T16:54:52.826+0000] {logging_mixin.py:120} INFO - [2024-07-25T16:54:52.826+0000] {dagbag.py:537} INFO - Filling up the DagBag from /home/airflow/.local/lib/python3.7/site-packages/airflow/example_dags/tutorial_dag.py
[2024-07-25T16:54:52.834+0000] {processor.py:766} INFO - DAG(s) dict_keys(['tutorial_dag']) retrieved from /home/airflow/.local/lib/python3.7/site-packages/airflow/example_dags/tutorial_dag.py
[2024-07-25T16:54:52.859+0000] {logging_mixin.py:120} INFO - [2024-07-25T16:54:52.859+0000] {dag.py:2585} INFO - Sync 1 DAGs
[2024-07-25T16:54:52.872+0000] {logging_mixin.py:120} INFO - [2024-07-25T16:54:52.872+0000] {dag.py:3340} INFO - Setting next_dagrun for tutorial_dag to None, run_after=None
[2024-07-25T16:54:52.888+0000] {processor.py:176} INFO - Processing /home/airflow/.local/lib/python3.7/site-packages/airflow/example_dags/tutorial_dag.py took 0.065 seconds
[2024-07-25T16:55:23.777+0000] {processor.py:154} INFO - Started process (PID=2997) to work on /home/airflow/.local/lib/python3.7/site-packages/airflow/example_dags/tutorial_dag.py
[2024-07-25T16:55:23.778+0000] {processor.py:756} INFO - Processing file /home/airflow/.local/lib/python3.7/site-packages/airflow/example_dags/tutorial_dag.py for tasks to queue
[2024-07-25T16:55:23.779+0000] {logging_mixin.py:120} INFO - [2024-07-25T16:55:23.779+0000] {dagbag.py:537} INFO - Filling up the DagBag from /home/airflow/.local/lib/python3.7/site-packages/airflow/example_dags/tutorial_dag.py
[2024-07-25T16:55:23.788+0000] {processor.py:766} INFO - DAG(s) dict_keys(['tutorial_dag']) retrieved from /home/airflow/.local/lib/python3.7/site-packages/airflow/example_dags/tutorial_dag.py
[2024-07-25T16:55:23.814+0000] {logging_mixin.py:120} INFO - [2024-07-25T16:55:23.814+0000] {dag.py:2585} INFO - Sync 1 DAGs
[2024-07-25T16:55:23.832+0000] {logging_mixin.py:120} INFO - [2024-07-25T16:55:23.832+0000] {dag.py:3340} INFO - Setting next_dagrun for tutorial_dag to None, run_after=None
[2024-07-25T16:55:23.847+0000] {processor.py:176} INFO - Processing /home/airflow/.local/lib/python3.7/site-packages/airflow/example_dags/tutorial_dag.py took 0.072 seconds
[2024-07-25T16:55:55.017+0000] {processor.py:154} INFO - Started process (PID=3061) to work on /home/airflow/.local/lib/python3.7/site-packages/airflow/example_dags/tutorial_dag.py
[2024-07-25T16:55:55.018+0000] {processor.py:756} INFO - Processing file /home/airflow/.local/lib/python3.7/site-packages/airflow/example_dags/tutorial_dag.py for tasks to queue
[2024-07-25T16:55:55.018+0000] {logging_mixin.py:120} INFO - [2024-07-25T16:55:55.018+0000] {dagbag.py:537} INFO - Filling up the DagBag from /home/airflow/.local/lib/python3.7/site-packages/airflow/example_dags/tutorial_dag.py
[2024-07-25T16:55:55.027+0000] {processor.py:766} INFO - DAG(s) dict_keys(['tutorial_dag']) retrieved from /home/airflow/.local/lib/python3.7/site-packages/airflow/example_dags/tutorial_dag.py
[2024-07-25T16:55:55.056+0000] {logging_mixin.py:120} INFO - [2024-07-25T16:55:55.056+0000] {dag.py:2585} INFO - Sync 1 DAGs
[2024-07-25T16:55:55.070+0000] {logging_mixin.py:120} INFO - [2024-07-25T16:55:55.070+0000] {dag.py:3340} INFO - Setting next_dagrun for tutorial_dag to None, run_after=None
[2024-07-25T16:55:55.082+0000] {processor.py:176} INFO - Processing /home/airflow/.local/lib/python3.7/site-packages/airflow/example_dags/tutorial_dag.py took 0.067 seconds
[2024-07-25T16:56:25.955+0000] {processor.py:154} INFO - Started process (PID=3125) to work on /home/airflow/.local/lib/python3.7/site-packages/airflow/example_dags/tutorial_dag.py
[2024-07-25T16:56:25.956+0000] {processor.py:756} INFO - Processing file /home/airflow/.local/lib/python3.7/site-packages/airflow/example_dags/tutorial_dag.py for tasks to queue
[2024-07-25T16:56:25.956+0000] {logging_mixin.py:120} INFO - [2024-07-25T16:56:25.956+0000] {dagbag.py:537} INFO - Filling up the DagBag from /home/airflow/.local/lib/python3.7/site-packages/airflow/example_dags/tutorial_dag.py
[2024-07-25T16:56:25.964+0000] {processor.py:766} INFO - DAG(s) dict_keys(['tutorial_dag']) retrieved from /home/airflow/.local/lib/python3.7/site-packages/airflow/example_dags/tutorial_dag.py
[2024-07-25T16:56:25.988+0000] {logging_mixin.py:120} INFO - [2024-07-25T16:56:25.988+0000] {dag.py:2585} INFO - Sync 1 DAGs
[2024-07-25T16:56:26.004+0000] {logging_mixin.py:120} INFO - [2024-07-25T16:56:26.004+0000] {dag.py:3340} INFO - Setting next_dagrun for tutorial_dag to None, run_after=None
[2024-07-25T16:56:26.019+0000] {processor.py:176} INFO - Processing /home/airflow/.local/lib/python3.7/site-packages/airflow/example_dags/tutorial_dag.py took 0.066 seconds
[2024-07-25T16:56:56.761+0000] {processor.py:154} INFO - Started process (PID=3189) to work on /home/airflow/.local/lib/python3.7/site-packages/airflow/example_dags/tutorial_dag.py
[2024-07-25T16:56:56.762+0000] {processor.py:756} INFO - Processing file /home/airflow/.local/lib/python3.7/site-packages/airflow/example_dags/tutorial_dag.py for tasks to queue
[2024-07-25T16:56:56.762+0000] {logging_mixin.py:120} INFO - [2024-07-25T16:56:56.762+0000] {dagbag.py:537} INFO - Filling up the DagBag from /home/airflow/.local/lib/python3.7/site-packages/airflow/example_dags/tutorial_dag.py
[2024-07-25T16:56:56.769+0000] {processor.py:766} INFO - DAG(s) dict_keys(['tutorial_dag']) retrieved from /home/airflow/.local/lib/python3.7/site-packages/airflow/example_dags/tutorial_dag.py
[2024-07-25T16:56:56.789+0000] {logging_mixin.py:120} INFO - [2024-07-25T16:56:56.789+0000] {dag.py:2585} INFO - Sync 1 DAGs
[2024-07-25T16:56:56.800+0000] {logging_mixin.py:120} INFO - [2024-07-25T16:56:56.800+0000] {dag.py:3340} INFO - Setting next_dagrun for tutorial_dag to None, run_after=None
[2024-07-25T16:56:56.809+0000] {processor.py:176} INFO - Processing /home/airflow/.local/lib/python3.7/site-packages/airflow/example_dags/tutorial_dag.py took 0.049 seconds
[2024-07-25T16:57:27.629+0000] {processor.py:154} INFO - Started process (PID=3252) to work on /home/airflow/.local/lib/python3.7/site-packages/airflow/example_dags/tutorial_dag.py
[2024-07-25T16:57:27.631+0000] {processor.py:756} INFO - Processing file /home/airflow/.local/lib/python3.7/site-packages/airflow/example_dags/tutorial_dag.py for tasks to queue
[2024-07-25T16:57:27.639+0000] {logging_mixin.py:120} INFO - [2024-07-25T16:57:27.639+0000] {dagbag.py:537} INFO - Filling up the DagBag from /home/airflow/.local/lib/python3.7/site-packages/airflow/example_dags/tutorial_dag.py
[2024-07-25T16:57:27.648+0000] {processor.py:766} INFO - DAG(s) dict_keys(['tutorial_dag']) retrieved from /home/airflow/.local/lib/python3.7/site-packages/airflow/example_dags/tutorial_dag.py
[2024-07-25T16:57:27.684+0000] {logging_mixin.py:120} INFO - [2024-07-25T16:57:27.684+0000] {dag.py:2585} INFO - Sync 1 DAGs
[2024-07-25T16:57:27.703+0000] {logging_mixin.py:120} INFO - [2024-07-25T16:57:27.702+0000] {dag.py:3340} INFO - Setting next_dagrun for tutorial_dag to None, run_after=None
[2024-07-25T16:57:27.719+0000] {processor.py:176} INFO - Processing /home/airflow/.local/lib/python3.7/site-packages/airflow/example_dags/tutorial_dag.py took 0.096 seconds
[2024-07-25T16:57:58.426+0000] {processor.py:154} INFO - Started process (PID=3307) to work on /home/airflow/.local/lib/python3.7/site-packages/airflow/example_dags/tutorial_dag.py
[2024-07-25T16:57:58.427+0000] {processor.py:756} INFO - Processing file /home/airflow/.local/lib/python3.7/site-packages/airflow/example_dags/tutorial_dag.py for tasks to queue
[2024-07-25T16:57:58.427+0000] {logging_mixin.py:120} INFO - [2024-07-25T16:57:58.427+0000] {dagbag.py:537} INFO - Filling up the DagBag from /home/airflow/.local/lib/python3.7/site-packages/airflow/example_dags/tutorial_dag.py
[2024-07-25T16:57:58.434+0000] {processor.py:766} INFO - DAG(s) dict_keys(['tutorial_dag']) retrieved from /home/airflow/.local/lib/python3.7/site-packages/airflow/example_dags/tutorial_dag.py
[2024-07-25T16:57:58.461+0000] {logging_mixin.py:120} INFO - [2024-07-25T16:57:58.460+0000] {dag.py:2585} INFO - Sync 1 DAGs
[2024-07-25T16:57:58.472+0000] {logging_mixin.py:120} INFO - [2024-07-25T16:57:58.472+0000] {dag.py:3340} INFO - Setting next_dagrun for tutorial_dag to None, run_after=None
[2024-07-25T16:57:58.486+0000] {processor.py:176} INFO - Processing /home/airflow/.local/lib/python3.7/site-packages/airflow/example_dags/tutorial_dag.py took 0.062 seconds
[2024-07-25T16:58:29.302+0000] {processor.py:154} INFO - Started process (PID=3370) to work on /home/airflow/.local/lib/python3.7/site-packages/airflow/example_dags/tutorial_dag.py
[2024-07-25T16:58:29.303+0000] {processor.py:756} INFO - Processing file /home/airflow/.local/lib/python3.7/site-packages/airflow/example_dags/tutorial_dag.py for tasks to queue
[2024-07-25T16:58:29.306+0000] {logging_mixin.py:120} INFO - [2024-07-25T16:58:29.306+0000] {dagbag.py:537} INFO - Filling up the DagBag from /home/airflow/.local/lib/python3.7/site-packages/airflow/example_dags/tutorial_dag.py
[2024-07-25T16:58:29.316+0000] {processor.py:766} INFO - DAG(s) dict_keys(['tutorial_dag']) retrieved from /home/airflow/.local/lib/python3.7/site-packages/airflow/example_dags/tutorial_dag.py
[2024-07-25T16:58:29.340+0000] {logging_mixin.py:120} INFO - [2024-07-25T16:58:29.340+0000] {dag.py:2585} INFO - Sync 1 DAGs
[2024-07-25T16:58:29.358+0000] {logging_mixin.py:120} INFO - [2024-07-25T16:58:29.358+0000] {dag.py:3340} INFO - Setting next_dagrun for tutorial_dag to None, run_after=None
[2024-07-25T16:58:29.373+0000] {processor.py:176} INFO - Processing /home/airflow/.local/lib/python3.7/site-packages/airflow/example_dags/tutorial_dag.py took 0.072 seconds
[2024-07-25T16:59:00.187+0000] {processor.py:154} INFO - Started process (PID=3434) to work on /home/airflow/.local/lib/python3.7/site-packages/airflow/example_dags/tutorial_dag.py
[2024-07-25T16:59:00.188+0000] {processor.py:756} INFO - Processing file /home/airflow/.local/lib/python3.7/site-packages/airflow/example_dags/tutorial_dag.py for tasks to queue
[2024-07-25T16:59:00.188+0000] {logging_mixin.py:120} INFO - [2024-07-25T16:59:00.188+0000] {dagbag.py:537} INFO - Filling up the DagBag from /home/airflow/.local/lib/python3.7/site-packages/airflow/example_dags/tutorial_dag.py
[2024-07-25T16:59:00.196+0000] {processor.py:766} INFO - DAG(s) dict_keys(['tutorial_dag']) retrieved from /home/airflow/.local/lib/python3.7/site-packages/airflow/example_dags/tutorial_dag.py
[2024-07-25T16:59:00.219+0000] {logging_mixin.py:120} INFO - [2024-07-25T16:59:00.219+0000] {dag.py:2585} INFO - Sync 1 DAGs
[2024-07-25T16:59:00.235+0000] {logging_mixin.py:120} INFO - [2024-07-25T16:59:00.235+0000] {dag.py:3340} INFO - Setting next_dagrun for tutorial_dag to None, run_after=None
[2024-07-25T16:59:00.256+0000] {processor.py:176} INFO - Processing /home/airflow/.local/lib/python3.7/site-packages/airflow/example_dags/tutorial_dag.py took 0.070 seconds
[2024-07-25T16:59:30.387+0000] {processor.py:154} INFO - Started process (PID=3487) to work on /home/airflow/.local/lib/python3.7/site-packages/airflow/example_dags/tutorial_dag.py
[2024-07-25T16:59:30.389+0000] {processor.py:756} INFO - Processing file /home/airflow/.local/lib/python3.7/site-packages/airflow/example_dags/tutorial_dag.py for tasks to queue
[2024-07-25T16:59:30.390+0000] {logging_mixin.py:120} INFO - [2024-07-25T16:59:30.390+0000] {dagbag.py:537} INFO - Filling up the DagBag from /home/airflow/.local/lib/python3.7/site-packages/airflow/example_dags/tutorial_dag.py
[2024-07-25T16:59:30.397+0000] {processor.py:766} INFO - DAG(s) dict_keys(['tutorial_dag']) retrieved from /home/airflow/.local/lib/python3.7/site-packages/airflow/example_dags/tutorial_dag.py
[2024-07-25T16:59:30.423+0000] {logging_mixin.py:120} INFO - [2024-07-25T16:59:30.423+0000] {dag.py:2585} INFO - Sync 1 DAGs
[2024-07-25T16:59:30.436+0000] {logging_mixin.py:120} INFO - [2024-07-25T16:59:30.436+0000] {dag.py:3340} INFO - Setting next_dagrun for tutorial_dag to None, run_after=None
[2024-07-25T16:59:30.452+0000] {processor.py:176} INFO - Processing /home/airflow/.local/lib/python3.7/site-packages/airflow/example_dags/tutorial_dag.py took 0.067 seconds
[2024-07-25T17:36:23.964+0000] {processor.py:154} INFO - Started process (PID=3551) to work on /home/airflow/.local/lib/python3.7/site-packages/airflow/example_dags/tutorial_dag.py
[2024-07-25T17:36:23.968+0000] {processor.py:756} INFO - Processing file /home/airflow/.local/lib/python3.7/site-packages/airflow/example_dags/tutorial_dag.py for tasks to queue
[2024-07-25T17:36:23.969+0000] {logging_mixin.py:120} INFO - [2024-07-25T17:36:23.969+0000] {dagbag.py:537} INFO - Filling up the DagBag from /home/airflow/.local/lib/python3.7/site-packages/airflow/example_dags/tutorial_dag.py
[2024-07-25T17:36:23.980+0000] {processor.py:766} INFO - DAG(s) dict_keys(['tutorial_dag']) retrieved from /home/airflow/.local/lib/python3.7/site-packages/airflow/example_dags/tutorial_dag.py
[2024-07-25T17:36:24.015+0000] {logging_mixin.py:120} INFO - [2024-07-25T17:36:24.015+0000] {dag.py:2585} INFO - Sync 1 DAGs
[2024-07-25T17:36:24.031+0000] {logging_mixin.py:120} INFO - [2024-07-25T17:36:24.031+0000] {dag.py:3340} INFO - Setting next_dagrun for tutorial_dag to None, run_after=None
[2024-07-25T17:36:24.052+0000] {processor.py:176} INFO - Processing /home/airflow/.local/lib/python3.7/site-packages/airflow/example_dags/tutorial_dag.py took 0.091 seconds
[2024-07-25T18:03:44.117+0000] {processor.py:154} INFO - Started process (PID=3615) to work on /home/airflow/.local/lib/python3.7/site-packages/airflow/example_dags/tutorial_dag.py
[2024-07-25T18:03:44.123+0000] {processor.py:756} INFO - Processing file /home/airflow/.local/lib/python3.7/site-packages/airflow/example_dags/tutorial_dag.py for tasks to queue
[2024-07-25T18:03:44.138+0000] {logging_mixin.py:120} INFO - [2024-07-25T18:03:44.137+0000] {dagbag.py:537} INFO - Filling up the DagBag from /home/airflow/.local/lib/python3.7/site-packages/airflow/example_dags/tutorial_dag.py
[2024-07-25T18:03:44.161+0000] {processor.py:766} INFO - DAG(s) dict_keys(['tutorial_dag']) retrieved from /home/airflow/.local/lib/python3.7/site-packages/airflow/example_dags/tutorial_dag.py
[2024-07-25T18:03:44.259+0000] {logging_mixin.py:120} INFO - [2024-07-25T18:03:44.259+0000] {dag.py:2585} INFO - Sync 1 DAGs
[2024-07-25T18:03:44.281+0000] {logging_mixin.py:120} INFO - [2024-07-25T18:03:44.281+0000] {dag.py:3340} INFO - Setting next_dagrun for tutorial_dag to None, run_after=None
[2024-07-25T18:03:44.321+0000] {processor.py:176} INFO - Processing /home/airflow/.local/lib/python3.7/site-packages/airflow/example_dags/tutorial_dag.py took 0.208 seconds
[2024-07-25T18:31:48.096+0000] {processor.py:154} INFO - Started process (PID=3670) to work on /home/airflow/.local/lib/python3.7/site-packages/airflow/example_dags/tutorial_dag.py
[2024-07-25T18:31:48.097+0000] {processor.py:756} INFO - Processing file /home/airflow/.local/lib/python3.7/site-packages/airflow/example_dags/tutorial_dag.py for tasks to queue
[2024-07-25T18:31:48.099+0000] {logging_mixin.py:120} INFO - [2024-07-25T18:31:48.099+0000] {dagbag.py:537} INFO - Filling up the DagBag from /home/airflow/.local/lib/python3.7/site-packages/airflow/example_dags/tutorial_dag.py
[2024-07-25T18:31:48.108+0000] {processor.py:766} INFO - DAG(s) dict_keys(['tutorial_dag']) retrieved from /home/airflow/.local/lib/python3.7/site-packages/airflow/example_dags/tutorial_dag.py
[2024-07-25T18:31:48.146+0000] {logging_mixin.py:120} INFO - [2024-07-25T18:31:48.146+0000] {dag.py:2585} INFO - Sync 1 DAGs
[2024-07-25T18:31:48.168+0000] {logging_mixin.py:120} INFO - [2024-07-25T18:31:48.168+0000] {dag.py:3340} INFO - Setting next_dagrun for tutorial_dag to None, run_after=None
[2024-07-25T18:31:48.185+0000] {processor.py:176} INFO - Processing /home/airflow/.local/lib/python3.7/site-packages/airflow/example_dags/tutorial_dag.py took 0.091 seconds
[2024-07-25T19:12:31.629+0000] {processor.py:154} INFO - Started process (PID=3734) to work on /home/airflow/.local/lib/python3.7/site-packages/airflow/example_dags/tutorial_dag.py
[2024-07-25T19:12:31.631+0000] {processor.py:756} INFO - Processing file /home/airflow/.local/lib/python3.7/site-packages/airflow/example_dags/tutorial_dag.py for tasks to queue
[2024-07-25T19:12:31.632+0000] {logging_mixin.py:120} INFO - [2024-07-25T19:12:31.632+0000] {dagbag.py:537} INFO - Filling up the DagBag from /home/airflow/.local/lib/python3.7/site-packages/airflow/example_dags/tutorial_dag.py
[2024-07-25T19:12:31.640+0000] {processor.py:766} INFO - DAG(s) dict_keys(['tutorial_dag']) retrieved from /home/airflow/.local/lib/python3.7/site-packages/airflow/example_dags/tutorial_dag.py
[2024-07-25T19:12:31.672+0000] {logging_mixin.py:120} INFO - [2024-07-25T19:12:31.672+0000] {dag.py:2585} INFO - Sync 1 DAGs
[2024-07-25T19:12:31.687+0000] {logging_mixin.py:120} INFO - [2024-07-25T19:12:31.687+0000] {dag.py:3340} INFO - Setting next_dagrun for tutorial_dag to None, run_after=None
[2024-07-25T19:12:31.709+0000] {processor.py:176} INFO - Processing /home/airflow/.local/lib/python3.7/site-packages/airflow/example_dags/tutorial_dag.py took 0.083 seconds
[2024-07-25T19:53:13.574+0000] {processor.py:154} INFO - Started process (PID=3797) to work on /home/airflow/.local/lib/python3.7/site-packages/airflow/example_dags/tutorial_dag.py
[2024-07-25T19:53:13.576+0000] {processor.py:756} INFO - Processing file /home/airflow/.local/lib/python3.7/site-packages/airflow/example_dags/tutorial_dag.py for tasks to queue
[2024-07-25T19:53:13.576+0000] {logging_mixin.py:120} INFO - [2024-07-25T19:53:13.576+0000] {dagbag.py:537} INFO - Filling up the DagBag from /home/airflow/.local/lib/python3.7/site-packages/airflow/example_dags/tutorial_dag.py
[2024-07-25T19:53:13.585+0000] {processor.py:766} INFO - DAG(s) dict_keys(['tutorial_dag']) retrieved from /home/airflow/.local/lib/python3.7/site-packages/airflow/example_dags/tutorial_dag.py
[2024-07-25T19:53:13.622+0000] {logging_mixin.py:120} INFO - [2024-07-25T19:53:13.622+0000] {dag.py:2585} INFO - Sync 1 DAGs
[2024-07-25T19:53:13.641+0000] {logging_mixin.py:120} INFO - [2024-07-25T19:53:13.641+0000] {dag.py:3340} INFO - Setting next_dagrun for tutorial_dag to None, run_after=None
[2024-07-25T19:53:13.652+0000] {processor.py:176} INFO - Processing /home/airflow/.local/lib/python3.7/site-packages/airflow/example_dags/tutorial_dag.py took 0.080 seconds
[2024-07-25T20:27:17.058+0000] {processor.py:154} INFO - Started process (PID=3861) to work on /home/airflow/.local/lib/python3.7/site-packages/airflow/example_dags/tutorial_dag.py
[2024-07-25T20:27:17.061+0000] {processor.py:756} INFO - Processing file /home/airflow/.local/lib/python3.7/site-packages/airflow/example_dags/tutorial_dag.py for tasks to queue
[2024-07-25T20:27:17.062+0000] {logging_mixin.py:120} INFO - [2024-07-25T20:27:17.062+0000] {dagbag.py:537} INFO - Filling up the DagBag from /home/airflow/.local/lib/python3.7/site-packages/airflow/example_dags/tutorial_dag.py
[2024-07-25T20:27:17.072+0000] {processor.py:766} INFO - DAG(s) dict_keys(['tutorial_dag']) retrieved from /home/airflow/.local/lib/python3.7/site-packages/airflow/example_dags/tutorial_dag.py
[2024-07-25T20:27:17.101+0000] {logging_mixin.py:120} INFO - [2024-07-25T20:27:17.101+0000] {dag.py:2585} INFO - Sync 1 DAGs
[2024-07-25T20:27:17.117+0000] {logging_mixin.py:120} INFO - [2024-07-25T20:27:17.117+0000] {dag.py:3340} INFO - Setting next_dagrun for tutorial_dag to None, run_after=None
[2024-07-25T20:27:17.137+0000] {processor.py:176} INFO - Processing /home/airflow/.local/lib/python3.7/site-packages/airflow/example_dags/tutorial_dag.py took 0.080 seconds
[2024-07-25T21:02:12.632+0000] {processor.py:154} INFO - Started process (PID=3923) to work on /home/airflow/.local/lib/python3.7/site-packages/airflow/example_dags/tutorial_dag.py
[2024-07-25T21:02:12.635+0000] {processor.py:756} INFO - Processing file /home/airflow/.local/lib/python3.7/site-packages/airflow/example_dags/tutorial_dag.py for tasks to queue
[2024-07-25T21:02:12.638+0000] {logging_mixin.py:120} INFO - [2024-07-25T21:02:12.638+0000] {dagbag.py:537} INFO - Filling up the DagBag from /home/airflow/.local/lib/python3.7/site-packages/airflow/example_dags/tutorial_dag.py
[2024-07-25T21:02:12.652+0000] {processor.py:766} INFO - DAG(s) dict_keys(['tutorial_dag']) retrieved from /home/airflow/.local/lib/python3.7/site-packages/airflow/example_dags/tutorial_dag.py
[2024-07-25T21:02:12.711+0000] {logging_mixin.py:120} INFO - [2024-07-25T21:02:12.710+0000] {dag.py:2585} INFO - Sync 1 DAGs
[2024-07-25T21:02:12.730+0000] {logging_mixin.py:120} INFO - [2024-07-25T21:02:12.730+0000] {dag.py:3340} INFO - Setting next_dagrun for tutorial_dag to None, run_after=None
[2024-07-25T21:02:12.749+0000] {processor.py:176} INFO - Processing /home/airflow/.local/lib/python3.7/site-packages/airflow/example_dags/tutorial_dag.py took 0.120 seconds
[2024-07-25T21:03:14.496+0000] {processor.py:154} INFO - Started process (PID=3980) to work on /home/airflow/.local/lib/python3.7/site-packages/airflow/example_dags/tutorial_dag.py
[2024-07-25T21:03:14.498+0000] {processor.py:756} INFO - Processing file /home/airflow/.local/lib/python3.7/site-packages/airflow/example_dags/tutorial_dag.py for tasks to queue
[2024-07-25T21:03:14.501+0000] {logging_mixin.py:120} INFO - [2024-07-25T21:03:14.501+0000] {dagbag.py:537} INFO - Filling up the DagBag from /home/airflow/.local/lib/python3.7/site-packages/airflow/example_dags/tutorial_dag.py
[2024-07-25T21:03:14.509+0000] {processor.py:766} INFO - DAG(s) dict_keys(['tutorial_dag']) retrieved from /home/airflow/.local/lib/python3.7/site-packages/airflow/example_dags/tutorial_dag.py
[2024-07-25T21:03:14.536+0000] {logging_mixin.py:120} INFO - [2024-07-25T21:03:14.536+0000] {dag.py:2585} INFO - Sync 1 DAGs
[2024-07-25T21:03:14.548+0000] {logging_mixin.py:120} INFO - [2024-07-25T21:03:14.548+0000] {dag.py:3340} INFO - Setting next_dagrun for tutorial_dag to None, run_after=None
[2024-07-25T21:03:14.563+0000] {processor.py:176} INFO - Processing /home/airflow/.local/lib/python3.7/site-packages/airflow/example_dags/tutorial_dag.py took 0.069 seconds
[2024-07-25T21:49:01.716+0000] {processor.py:154} INFO - Started process (PID=4044) to work on /home/airflow/.local/lib/python3.7/site-packages/airflow/example_dags/tutorial_dag.py
[2024-07-25T21:49:01.718+0000] {processor.py:756} INFO - Processing file /home/airflow/.local/lib/python3.7/site-packages/airflow/example_dags/tutorial_dag.py for tasks to queue
[2024-07-25T21:49:01.719+0000] {logging_mixin.py:120} INFO - [2024-07-25T21:49:01.718+0000] {dagbag.py:537} INFO - Filling up the DagBag from /home/airflow/.local/lib/python3.7/site-packages/airflow/example_dags/tutorial_dag.py
[2024-07-25T21:49:01.726+0000] {processor.py:766} INFO - DAG(s) dict_keys(['tutorial_dag']) retrieved from /home/airflow/.local/lib/python3.7/site-packages/airflow/example_dags/tutorial_dag.py
[2024-07-25T21:49:01.749+0000] {logging_mixin.py:120} INFO - [2024-07-25T21:49:01.749+0000] {dag.py:2585} INFO - Sync 1 DAGs
[2024-07-25T21:49:01.764+0000] {logging_mixin.py:120} INFO - [2024-07-25T21:49:01.764+0000] {dag.py:3340} INFO - Setting next_dagrun for tutorial_dag to None, run_after=None
[2024-07-25T21:49:01.783+0000] {processor.py:176} INFO - Processing /home/airflow/.local/lib/python3.7/site-packages/airflow/example_dags/tutorial_dag.py took 0.070 seconds
[2024-07-25T21:50:29.415+0000] {processor.py:154} INFO - Started process (PID=4108) to work on /home/airflow/.local/lib/python3.7/site-packages/airflow/example_dags/tutorial_dag.py
[2024-07-25T21:50:29.416+0000] {processor.py:756} INFO - Processing file /home/airflow/.local/lib/python3.7/site-packages/airflow/example_dags/tutorial_dag.py for tasks to queue
[2024-07-25T21:50:29.416+0000] {logging_mixin.py:120} INFO - [2024-07-25T21:50:29.416+0000] {dagbag.py:537} INFO - Filling up the DagBag from /home/airflow/.local/lib/python3.7/site-packages/airflow/example_dags/tutorial_dag.py
[2024-07-25T21:50:29.422+0000] {processor.py:766} INFO - DAG(s) dict_keys(['tutorial_dag']) retrieved from /home/airflow/.local/lib/python3.7/site-packages/airflow/example_dags/tutorial_dag.py
[2024-07-25T21:50:29.443+0000] {logging_mixin.py:120} INFO - [2024-07-25T21:50:29.443+0000] {dag.py:2585} INFO - Sync 1 DAGs
[2024-07-25T21:50:29.455+0000] {logging_mixin.py:120} INFO - [2024-07-25T21:50:29.455+0000] {dag.py:3340} INFO - Setting next_dagrun for tutorial_dag to None, run_after=None
[2024-07-25T21:50:29.464+0000] {processor.py:176} INFO - Processing /home/airflow/.local/lib/python3.7/site-packages/airflow/example_dags/tutorial_dag.py took 0.051 seconds
[2024-07-25T21:57:40.309+0000] {processor.py:154} INFO - Started process (PID=4172) to work on /home/airflow/.local/lib/python3.7/site-packages/airflow/example_dags/tutorial_dag.py
[2024-07-25T21:57:40.311+0000] {processor.py:756} INFO - Processing file /home/airflow/.local/lib/python3.7/site-packages/airflow/example_dags/tutorial_dag.py for tasks to queue
[2024-07-25T21:57:40.312+0000] {logging_mixin.py:120} INFO - [2024-07-25T21:57:40.312+0000] {dagbag.py:537} INFO - Filling up the DagBag from /home/airflow/.local/lib/python3.7/site-packages/airflow/example_dags/tutorial_dag.py
[2024-07-25T21:57:40.319+0000] {processor.py:766} INFO - DAG(s) dict_keys(['tutorial_dag']) retrieved from /home/airflow/.local/lib/python3.7/site-packages/airflow/example_dags/tutorial_dag.py
[2024-07-25T21:57:40.353+0000] {logging_mixin.py:120} INFO - [2024-07-25T21:57:40.353+0000] {dag.py:2585} INFO - Sync 1 DAGs
[2024-07-25T21:57:40.374+0000] {logging_mixin.py:120} INFO - [2024-07-25T21:57:40.374+0000] {dag.py:3340} INFO - Setting next_dagrun for tutorial_dag to None, run_after=None
[2024-07-25T21:57:40.387+0000] {processor.py:176} INFO - Processing /home/airflow/.local/lib/python3.7/site-packages/airflow/example_dags/tutorial_dag.py took 0.080 seconds
[2024-07-25T22:03:13.888+0000] {processor.py:154} INFO - Started process (PID=4227) to work on /home/airflow/.local/lib/python3.7/site-packages/airflow/example_dags/tutorial_dag.py
[2024-07-25T22:03:13.891+0000] {processor.py:756} INFO - Processing file /home/airflow/.local/lib/python3.7/site-packages/airflow/example_dags/tutorial_dag.py for tasks to queue
[2024-07-25T22:03:13.893+0000] {logging_mixin.py:120} INFO - [2024-07-25T22:03:13.893+0000] {dagbag.py:537} INFO - Filling up the DagBag from /home/airflow/.local/lib/python3.7/site-packages/airflow/example_dags/tutorial_dag.py
[2024-07-25T22:03:13.920+0000] {processor.py:766} INFO - DAG(s) dict_keys(['tutorial_dag']) retrieved from /home/airflow/.local/lib/python3.7/site-packages/airflow/example_dags/tutorial_dag.py
[2024-07-25T22:03:13.973+0000] {logging_mixin.py:120} INFO - [2024-07-25T22:03:13.972+0000] {dag.py:2585} INFO - Sync 1 DAGs
[2024-07-25T22:03:13.989+0000] {logging_mixin.py:120} INFO - [2024-07-25T22:03:13.989+0000] {dag.py:3340} INFO - Setting next_dagrun for tutorial_dag to None, run_after=None
[2024-07-25T22:03:14.009+0000] {processor.py:176} INFO - Processing /home/airflow/.local/lib/python3.7/site-packages/airflow/example_dags/tutorial_dag.py took 0.123 seconds
[2024-07-25T22:04:46.727+0000] {processor.py:154} INFO - Started process (PID=4290) to work on /home/airflow/.local/lib/python3.7/site-packages/airflow/example_dags/tutorial_dag.py
[2024-07-25T22:04:46.728+0000] {processor.py:756} INFO - Processing file /home/airflow/.local/lib/python3.7/site-packages/airflow/example_dags/tutorial_dag.py for tasks to queue
[2024-07-25T22:04:46.729+0000] {logging_mixin.py:120} INFO - [2024-07-25T22:04:46.729+0000] {dagbag.py:537} INFO - Filling up the DagBag from /home/airflow/.local/lib/python3.7/site-packages/airflow/example_dags/tutorial_dag.py
[2024-07-25T22:04:46.738+0000] {processor.py:766} INFO - DAG(s) dict_keys(['tutorial_dag']) retrieved from /home/airflow/.local/lib/python3.7/site-packages/airflow/example_dags/tutorial_dag.py
[2024-07-25T22:04:46.763+0000] {logging_mixin.py:120} INFO - [2024-07-25T22:04:46.763+0000] {dag.py:2585} INFO - Sync 1 DAGs
[2024-07-25T22:04:46.781+0000] {logging_mixin.py:120} INFO - [2024-07-25T22:04:46.781+0000] {dag.py:3340} INFO - Setting next_dagrun for tutorial_dag to None, run_after=None
[2024-07-25T22:04:46.795+0000] {processor.py:176} INFO - Processing /home/airflow/.local/lib/python3.7/site-packages/airflow/example_dags/tutorial_dag.py took 0.070 seconds
[2024-07-25T22:06:56.594+0000] {processor.py:154} INFO - Started process (PID=4354) to work on /home/airflow/.local/lib/python3.7/site-packages/airflow/example_dags/tutorial_dag.py
[2024-07-25T22:06:56.594+0000] {processor.py:756} INFO - Processing file /home/airflow/.local/lib/python3.7/site-packages/airflow/example_dags/tutorial_dag.py for tasks to queue
[2024-07-25T22:06:56.595+0000] {logging_mixin.py:120} INFO - [2024-07-25T22:06:56.595+0000] {dagbag.py:537} INFO - Filling up the DagBag from /home/airflow/.local/lib/python3.7/site-packages/airflow/example_dags/tutorial_dag.py
[2024-07-25T22:06:56.603+0000] {processor.py:766} INFO - DAG(s) dict_keys(['tutorial_dag']) retrieved from /home/airflow/.local/lib/python3.7/site-packages/airflow/example_dags/tutorial_dag.py
[2024-07-25T22:06:56.628+0000] {logging_mixin.py:120} INFO - [2024-07-25T22:06:56.628+0000] {dag.py:2585} INFO - Sync 1 DAGs
[2024-07-25T22:06:56.643+0000] {logging_mixin.py:120} INFO - [2024-07-25T22:06:56.643+0000] {dag.py:3340} INFO - Setting next_dagrun for tutorial_dag to None, run_after=None
[2024-07-25T22:06:56.660+0000] {processor.py:176} INFO - Processing /home/airflow/.local/lib/python3.7/site-packages/airflow/example_dags/tutorial_dag.py took 0.068 seconds
[2024-07-25T22:08:41.603+0000] {processor.py:154} INFO - Started process (PID=4418) to work on /home/airflow/.local/lib/python3.7/site-packages/airflow/example_dags/tutorial_dag.py
[2024-07-25T22:08:41.604+0000] {processor.py:756} INFO - Processing file /home/airflow/.local/lib/python3.7/site-packages/airflow/example_dags/tutorial_dag.py for tasks to queue
[2024-07-25T22:08:41.605+0000] {logging_mixin.py:120} INFO - [2024-07-25T22:08:41.605+0000] {dagbag.py:537} INFO - Filling up the DagBag from /home/airflow/.local/lib/python3.7/site-packages/airflow/example_dags/tutorial_dag.py
[2024-07-25T22:08:41.615+0000] {processor.py:766} INFO - DAG(s) dict_keys(['tutorial_dag']) retrieved from /home/airflow/.local/lib/python3.7/site-packages/airflow/example_dags/tutorial_dag.py
[2024-07-25T22:08:41.647+0000] {logging_mixin.py:120} INFO - [2024-07-25T22:08:41.647+0000] {dag.py:2585} INFO - Sync 1 DAGs
[2024-07-25T22:08:41.662+0000] {logging_mixin.py:120} INFO - [2024-07-25T22:08:41.662+0000] {dag.py:3340} INFO - Setting next_dagrun for tutorial_dag to None, run_after=None
[2024-07-25T22:08:41.671+0000] {processor.py:176} INFO - Processing /home/airflow/.local/lib/python3.7/site-packages/airflow/example_dags/tutorial_dag.py took 0.070 seconds
[2024-07-25T22:09:41.016+0000] {processor.py:154} INFO - Started process (PID=4482) to work on /home/airflow/.local/lib/python3.7/site-packages/airflow/example_dags/tutorial_dag.py
[2024-07-25T22:09:41.016+0000] {processor.py:756} INFO - Processing file /home/airflow/.local/lib/python3.7/site-packages/airflow/example_dags/tutorial_dag.py for tasks to queue
[2024-07-25T22:09:41.017+0000] {logging_mixin.py:120} INFO - [2024-07-25T22:09:41.017+0000] {dagbag.py:537} INFO - Filling up the DagBag from /home/airflow/.local/lib/python3.7/site-packages/airflow/example_dags/tutorial_dag.py
[2024-07-25T22:09:41.024+0000] {processor.py:766} INFO - DAG(s) dict_keys(['tutorial_dag']) retrieved from /home/airflow/.local/lib/python3.7/site-packages/airflow/example_dags/tutorial_dag.py
[2024-07-25T22:09:41.045+0000] {logging_mixin.py:120} INFO - [2024-07-25T22:09:41.045+0000] {dag.py:2585} INFO - Sync 1 DAGs
[2024-07-25T22:09:41.056+0000] {logging_mixin.py:120} INFO - [2024-07-25T22:09:41.056+0000] {dag.py:3340} INFO - Setting next_dagrun for tutorial_dag to None, run_after=None
[2024-07-25T22:09:41.065+0000] {processor.py:176} INFO - Processing /home/airflow/.local/lib/python3.7/site-packages/airflow/example_dags/tutorial_dag.py took 0.051 seconds
[2024-07-25T22:18:09.234+0000] {processor.py:154} INFO - Started process (PID=4536) to work on /home/airflow/.local/lib/python3.7/site-packages/airflow/example_dags/tutorial_dag.py
[2024-07-25T22:18:09.239+0000] {processor.py:756} INFO - Processing file /home/airflow/.local/lib/python3.7/site-packages/airflow/example_dags/tutorial_dag.py for tasks to queue
[2024-07-25T22:18:09.240+0000] {logging_mixin.py:120} INFO - [2024-07-25T22:18:09.240+0000] {dagbag.py:537} INFO - Filling up the DagBag from /home/airflow/.local/lib/python3.7/site-packages/airflow/example_dags/tutorial_dag.py
[2024-07-25T22:18:09.249+0000] {processor.py:766} INFO - DAG(s) dict_keys(['tutorial_dag']) retrieved from /home/airflow/.local/lib/python3.7/site-packages/airflow/example_dags/tutorial_dag.py
[2024-07-25T22:18:09.288+0000] {logging_mixin.py:120} INFO - [2024-07-25T22:18:09.288+0000] {dag.py:2585} INFO - Sync 1 DAGs
[2024-07-25T22:18:09.307+0000] {logging_mixin.py:120} INFO - [2024-07-25T22:18:09.307+0000] {dag.py:3340} INFO - Setting next_dagrun for tutorial_dag to None, run_after=None
[2024-07-25T22:18:09.327+0000] {processor.py:176} INFO - Processing /home/airflow/.local/lib/python3.7/site-packages/airflow/example_dags/tutorial_dag.py took 0.097 seconds
[2024-07-25T22:19:02.599+0000] {processor.py:154} INFO - Started process (PID=4600) to work on /home/airflow/.local/lib/python3.7/site-packages/airflow/example_dags/tutorial_dag.py
[2024-07-25T22:19:02.601+0000] {processor.py:756} INFO - Processing file /home/airflow/.local/lib/python3.7/site-packages/airflow/example_dags/tutorial_dag.py for tasks to queue
[2024-07-25T22:19:02.601+0000] {logging_mixin.py:120} INFO - [2024-07-25T22:19:02.601+0000] {dagbag.py:537} INFO - Filling up the DagBag from /home/airflow/.local/lib/python3.7/site-packages/airflow/example_dags/tutorial_dag.py
[2024-07-25T22:19:02.608+0000] {processor.py:766} INFO - DAG(s) dict_keys(['tutorial_dag']) retrieved from /home/airflow/.local/lib/python3.7/site-packages/airflow/example_dags/tutorial_dag.py
[2024-07-25T22:19:02.632+0000] {logging_mixin.py:120} INFO - [2024-07-25T22:19:02.632+0000] {dag.py:2585} INFO - Sync 1 DAGs
[2024-07-25T22:19:02.648+0000] {logging_mixin.py:120} INFO - [2024-07-25T22:19:02.648+0000] {dag.py:3340} INFO - Setting next_dagrun for tutorial_dag to None, run_after=None
[2024-07-25T22:19:02.657+0000] {processor.py:176} INFO - Processing /home/airflow/.local/lib/python3.7/site-packages/airflow/example_dags/tutorial_dag.py took 0.060 seconds
[2024-07-25T22:56:33.662+0000] {processor.py:154} INFO - Started process (PID=4663) to work on /home/airflow/.local/lib/python3.7/site-packages/airflow/example_dags/tutorial_dag.py
[2024-07-25T22:56:33.665+0000] {processor.py:756} INFO - Processing file /home/airflow/.local/lib/python3.7/site-packages/airflow/example_dags/tutorial_dag.py for tasks to queue
[2024-07-25T22:56:33.667+0000] {logging_mixin.py:120} INFO - [2024-07-25T22:56:33.667+0000] {dagbag.py:537} INFO - Filling up the DagBag from /home/airflow/.local/lib/python3.7/site-packages/airflow/example_dags/tutorial_dag.py
[2024-07-25T22:56:33.731+0000] {processor.py:766} INFO - DAG(s) dict_keys(['tutorial_dag']) retrieved from /home/airflow/.local/lib/python3.7/site-packages/airflow/example_dags/tutorial_dag.py
[2024-07-25T22:56:33.793+0000] {logging_mixin.py:120} INFO - [2024-07-25T22:56:33.792+0000] {dag.py:2585} INFO - Sync 1 DAGs
[2024-07-25T22:56:33.822+0000] {logging_mixin.py:120} INFO - [2024-07-25T22:56:33.822+0000] {dag.py:3340} INFO - Setting next_dagrun for tutorial_dag to None, run_after=None
[2024-07-25T22:56:33.854+0000] {processor.py:176} INFO - Processing /home/airflow/.local/lib/python3.7/site-packages/airflow/example_dags/tutorial_dag.py took 0.203 seconds
[2024-07-25T23:21:44.951+0000] {processor.py:154} INFO - Started process (PID=4726) to work on /home/airflow/.local/lib/python3.7/site-packages/airflow/example_dags/tutorial_dag.py
[2024-07-25T23:21:44.952+0000] {processor.py:756} INFO - Processing file /home/airflow/.local/lib/python3.7/site-packages/airflow/example_dags/tutorial_dag.py for tasks to queue
[2024-07-25T23:21:44.952+0000] {logging_mixin.py:120} INFO - [2024-07-25T23:21:44.952+0000] {dagbag.py:537} INFO - Filling up the DagBag from /home/airflow/.local/lib/python3.7/site-packages/airflow/example_dags/tutorial_dag.py
[2024-07-25T23:21:44.960+0000] {processor.py:766} INFO - DAG(s) dict_keys(['tutorial_dag']) retrieved from /home/airflow/.local/lib/python3.7/site-packages/airflow/example_dags/tutorial_dag.py
[2024-07-25T23:21:44.984+0000] {logging_mixin.py:120} INFO - [2024-07-25T23:21:44.984+0000] {dag.py:2585} INFO - Sync 1 DAGs
[2024-07-25T23:21:44.998+0000] {logging_mixin.py:120} INFO - [2024-07-25T23:21:44.998+0000] {dag.py:3340} INFO - Setting next_dagrun for tutorial_dag to None, run_after=None
[2024-07-25T23:21:45.008+0000] {processor.py:176} INFO - Processing /home/airflow/.local/lib/python3.7/site-packages/airflow/example_dags/tutorial_dag.py took 0.059 seconds
