[2024-07-26T00:02:53.176+0000] {processor.py:154} INFO - Started process (PID=4766) to work on /home/airflow/.local/lib/python3.7/site-packages/airflow/example_dags/example_external_task_marker_dag.py
[2024-07-26T00:02:53.176+0000] {processor.py:756} INFO - Processing file /home/airflow/.local/lib/python3.7/site-packages/airflow/example_dags/example_external_task_marker_dag.py for tasks to queue
[2024-07-26T00:02:53.178+0000] {logging_mixin.py:120} INFO - [2024-07-26T00:02:53.177+0000] {dagbag.py:537} INFO - Filling up the DagBag from /home/airflow/.local/lib/python3.7/site-packages/airflow/example_dags/example_external_task_marker_dag.py
[2024-07-26T00:02:53.191+0000] {processor.py:766} INFO - DAG(s) dict_keys(['example_external_task_marker_parent', 'example_external_task_marker_child']) retrieved from /home/airflow/.local/lib/python3.7/site-packages/airflow/example_dags/example_external_task_marker_dag.py
[2024-07-26T00:02:53.384+0000] {logging_mixin.py:120} INFO - [2024-07-26T00:02:53.383+0000] {dag.py:2585} INFO - Sync 2 DAGs
[2024-07-26T00:02:53.416+0000] {logging_mixin.py:120} INFO - [2024-07-26T00:02:53.416+0000] {dag.py:3340} INFO - Setting next_dagrun for example_external_task_marker_child to None, run_after=None
[2024-07-26T00:02:53.425+0000] {logging_mixin.py:120} INFO - [2024-07-26T00:02:53.425+0000] {dag.py:3340} INFO - Setting next_dagrun for example_external_task_marker_parent to None, run_after=None
[2024-07-26T00:02:53.455+0000] {processor.py:176} INFO - Processing /home/airflow/.local/lib/python3.7/site-packages/airflow/example_dags/example_external_task_marker_dag.py took 0.282 seconds
[2024-07-26T00:16:06.054+0000] {processor.py:154} INFO - Started process (PID=4830) to work on /home/airflow/.local/lib/python3.7/site-packages/airflow/example_dags/example_external_task_marker_dag.py
[2024-07-26T00:16:06.055+0000] {processor.py:756} INFO - Processing file /home/airflow/.local/lib/python3.7/site-packages/airflow/example_dags/example_external_task_marker_dag.py for tasks to queue
[2024-07-26T00:16:06.055+0000] {logging_mixin.py:120} INFO - [2024-07-26T00:16:06.055+0000] {dagbag.py:537} INFO - Filling up the DagBag from /home/airflow/.local/lib/python3.7/site-packages/airflow/example_dags/example_external_task_marker_dag.py
[2024-07-26T00:16:06.063+0000] {processor.py:766} INFO - DAG(s) dict_keys(['example_external_task_marker_child', 'example_external_task_marker_parent']) retrieved from /home/airflow/.local/lib/python3.7/site-packages/airflow/example_dags/example_external_task_marker_dag.py
[2024-07-26T00:16:06.184+0000] {logging_mixin.py:120} INFO - [2024-07-26T00:16:06.184+0000] {dag.py:2585} INFO - Sync 2 DAGs
[2024-07-26T00:16:06.198+0000] {logging_mixin.py:120} INFO - [2024-07-26T00:16:06.198+0000] {dag.py:3340} INFO - Setting next_dagrun for example_external_task_marker_child to None, run_after=None
[2024-07-26T00:16:06.202+0000] {logging_mixin.py:120} INFO - [2024-07-26T00:16:06.202+0000] {dag.py:3340} INFO - Setting next_dagrun for example_external_task_marker_parent to None, run_after=None
[2024-07-26T00:16:06.216+0000] {processor.py:176} INFO - Processing /home/airflow/.local/lib/python3.7/site-packages/airflow/example_dags/example_external_task_marker_dag.py took 0.164 seconds
[2024-07-26T00:40:51.592+0000] {processor.py:154} INFO - Started process (PID=4894) to work on /home/airflow/.local/lib/python3.7/site-packages/airflow/example_dags/example_external_task_marker_dag.py
[2024-07-26T00:40:51.593+0000] {processor.py:756} INFO - Processing file /home/airflow/.local/lib/python3.7/site-packages/airflow/example_dags/example_external_task_marker_dag.py for tasks to queue
[2024-07-26T00:40:51.593+0000] {logging_mixin.py:120} INFO - [2024-07-26T00:40:51.593+0000] {dagbag.py:537} INFO - Filling up the DagBag from /home/airflow/.local/lib/python3.7/site-packages/airflow/example_dags/example_external_task_marker_dag.py
[2024-07-26T00:40:51.607+0000] {processor.py:766} INFO - DAG(s) dict_keys(['example_external_task_marker_child', 'example_external_task_marker_parent']) retrieved from /home/airflow/.local/lib/python3.7/site-packages/airflow/example_dags/example_external_task_marker_dag.py
[2024-07-26T00:40:51.715+0000] {logging_mixin.py:120} INFO - [2024-07-26T00:40:51.715+0000] {dag.py:2585} INFO - Sync 2 DAGs
[2024-07-26T00:40:51.730+0000] {logging_mixin.py:120} INFO - [2024-07-26T00:40:51.730+0000] {dag.py:3340} INFO - Setting next_dagrun for example_external_task_marker_child to None, run_after=None
[2024-07-26T00:40:51.732+0000] {logging_mixin.py:120} INFO - [2024-07-26T00:40:51.732+0000] {dag.py:3340} INFO - Setting next_dagrun for example_external_task_marker_parent to None, run_after=None
[2024-07-26T00:40:51.742+0000] {processor.py:176} INFO - Processing /home/airflow/.local/lib/python3.7/site-packages/airflow/example_dags/example_external_task_marker_dag.py took 0.152 seconds
[2024-07-26T01:30:32.221+0000] {processor.py:154} INFO - Started process (PID=4958) to work on /home/airflow/.local/lib/python3.7/site-packages/airflow/example_dags/example_external_task_marker_dag.py
[2024-07-26T01:30:32.222+0000] {processor.py:756} INFO - Processing file /home/airflow/.local/lib/python3.7/site-packages/airflow/example_dags/example_external_task_marker_dag.py for tasks to queue
[2024-07-26T01:30:32.223+0000] {logging_mixin.py:120} INFO - [2024-07-26T01:30:32.223+0000] {dagbag.py:537} INFO - Filling up the DagBag from /home/airflow/.local/lib/python3.7/site-packages/airflow/example_dags/example_external_task_marker_dag.py
[2024-07-26T01:30:32.236+0000] {processor.py:766} INFO - DAG(s) dict_keys(['example_external_task_marker_parent', 'example_external_task_marker_child']) retrieved from /home/airflow/.local/lib/python3.7/site-packages/airflow/example_dags/example_external_task_marker_dag.py
[2024-07-26T01:30:32.341+0000] {logging_mixin.py:120} INFO - [2024-07-26T01:30:32.341+0000] {dag.py:2585} INFO - Sync 2 DAGs
[2024-07-26T01:30:32.357+0000] {logging_mixin.py:120} INFO - [2024-07-26T01:30:32.357+0000] {dag.py:3340} INFO - Setting next_dagrun for example_external_task_marker_child to None, run_after=None
[2024-07-26T01:30:32.360+0000] {logging_mixin.py:120} INFO - [2024-07-26T01:30:32.360+0000] {dag.py:3340} INFO - Setting next_dagrun for example_external_task_marker_parent to None, run_after=None
[2024-07-26T01:30:32.382+0000] {processor.py:176} INFO - Processing /home/airflow/.local/lib/python3.7/site-packages/airflow/example_dags/example_external_task_marker_dag.py took 0.163 seconds
[2024-07-26T02:00:28.419+0000] {processor.py:154} INFO - Started process (PID=5022) to work on /home/airflow/.local/lib/python3.7/site-packages/airflow/example_dags/example_external_task_marker_dag.py
[2024-07-26T02:00:28.422+0000] {processor.py:756} INFO - Processing file /home/airflow/.local/lib/python3.7/site-packages/airflow/example_dags/example_external_task_marker_dag.py for tasks to queue
[2024-07-26T02:00:28.425+0000] {logging_mixin.py:120} INFO - [2024-07-26T02:00:28.424+0000] {dagbag.py:537} INFO - Filling up the DagBag from /home/airflow/.local/lib/python3.7/site-packages/airflow/example_dags/example_external_task_marker_dag.py
[2024-07-26T02:00:28.436+0000] {processor.py:766} INFO - DAG(s) dict_keys(['example_external_task_marker_child', 'example_external_task_marker_parent']) retrieved from /home/airflow/.local/lib/python3.7/site-packages/airflow/example_dags/example_external_task_marker_dag.py
[2024-07-26T02:00:28.584+0000] {logging_mixin.py:120} INFO - [2024-07-26T02:00:28.584+0000] {dag.py:2585} INFO - Sync 2 DAGs
[2024-07-26T02:00:28.960+0000] {logging_mixin.py:120} INFO - [2024-07-26T02:00:28.959+0000] {dag.py:3340} INFO - Setting next_dagrun for example_external_task_marker_child to None, run_after=None
[2024-07-26T02:00:29.066+0000] {logging_mixin.py:120} INFO - [2024-07-26T02:00:29.066+0000] {dag.py:3340} INFO - Setting next_dagrun for example_external_task_marker_parent to None, run_after=None
[2024-07-26T02:00:29.165+0000] {processor.py:176} INFO - Processing /home/airflow/.local/lib/python3.7/site-packages/airflow/example_dags/example_external_task_marker_dag.py took 0.749 seconds
[2024-07-26T02:13:00.047+0000] {processor.py:154} INFO - Started process (PID=5077) to work on /home/airflow/.local/lib/python3.7/site-packages/airflow/example_dags/example_external_task_marker_dag.py
[2024-07-26T02:13:00.049+0000] {processor.py:756} INFO - Processing file /home/airflow/.local/lib/python3.7/site-packages/airflow/example_dags/example_external_task_marker_dag.py for tasks to queue
[2024-07-26T02:13:00.049+0000] {logging_mixin.py:120} INFO - [2024-07-26T02:13:00.049+0000] {dagbag.py:537} INFO - Filling up the DagBag from /home/airflow/.local/lib/python3.7/site-packages/airflow/example_dags/example_external_task_marker_dag.py
[2024-07-26T02:13:00.061+0000] {processor.py:766} INFO - DAG(s) dict_keys(['example_external_task_marker_parent', 'example_external_task_marker_child']) retrieved from /home/airflow/.local/lib/python3.7/site-packages/airflow/example_dags/example_external_task_marker_dag.py
[2024-07-26T02:13:00.264+0000] {logging_mixin.py:120} INFO - [2024-07-26T02:13:00.264+0000] {dag.py:2585} INFO - Sync 2 DAGs
[2024-07-26T02:13:00.304+0000] {logging_mixin.py:120} INFO - [2024-07-26T02:13:00.303+0000] {dag.py:3340} INFO - Setting next_dagrun for example_external_task_marker_child to None, run_after=None
[2024-07-26T02:13:00.317+0000] {logging_mixin.py:120} INFO - [2024-07-26T02:13:00.317+0000] {dag.py:3340} INFO - Setting next_dagrun for example_external_task_marker_parent to None, run_after=None
[2024-07-26T02:13:00.360+0000] {processor.py:176} INFO - Processing /home/airflow/.local/lib/python3.7/site-packages/airflow/example_dags/example_external_task_marker_dag.py took 0.314 seconds
[2024-07-26T02:39:11.078+0000] {processor.py:154} INFO - Started process (PID=5140) to work on /home/airflow/.local/lib/python3.7/site-packages/airflow/example_dags/example_external_task_marker_dag.py
[2024-07-26T02:39:11.082+0000] {processor.py:756} INFO - Processing file /home/airflow/.local/lib/python3.7/site-packages/airflow/example_dags/example_external_task_marker_dag.py for tasks to queue
[2024-07-26T02:39:11.084+0000] {logging_mixin.py:120} INFO - [2024-07-26T02:39:11.084+0000] {dagbag.py:537} INFO - Filling up the DagBag from /home/airflow/.local/lib/python3.7/site-packages/airflow/example_dags/example_external_task_marker_dag.py
[2024-07-26T02:39:11.106+0000] {processor.py:766} INFO - DAG(s) dict_keys(['example_external_task_marker_child', 'example_external_task_marker_parent']) retrieved from /home/airflow/.local/lib/python3.7/site-packages/airflow/example_dags/example_external_task_marker_dag.py
[2024-07-26T02:39:11.266+0000] {logging_mixin.py:120} INFO - [2024-07-26T02:39:11.266+0000] {dag.py:2585} INFO - Sync 2 DAGs
[2024-07-26T02:39:11.295+0000] {logging_mixin.py:120} INFO - [2024-07-26T02:39:11.295+0000] {dag.py:3340} INFO - Setting next_dagrun for example_external_task_marker_child to None, run_after=None
[2024-07-26T02:39:11.299+0000] {logging_mixin.py:120} INFO - [2024-07-26T02:39:11.299+0000] {dag.py:3340} INFO - Setting next_dagrun for example_external_task_marker_parent to None, run_after=None
[2024-07-26T02:39:11.313+0000] {processor.py:176} INFO - Processing /home/airflow/.local/lib/python3.7/site-packages/airflow/example_dags/example_external_task_marker_dag.py took 0.241 seconds
[2024-07-26T02:58:10.906+0000] {processor.py:154} INFO - Started process (PID=5204) to work on /home/airflow/.local/lib/python3.7/site-packages/airflow/example_dags/example_external_task_marker_dag.py
[2024-07-26T02:58:10.907+0000] {processor.py:756} INFO - Processing file /home/airflow/.local/lib/python3.7/site-packages/airflow/example_dags/example_external_task_marker_dag.py for tasks to queue
[2024-07-26T02:58:10.908+0000] {logging_mixin.py:120} INFO - [2024-07-26T02:58:10.908+0000] {dagbag.py:537} INFO - Filling up the DagBag from /home/airflow/.local/lib/python3.7/site-packages/airflow/example_dags/example_external_task_marker_dag.py
[2024-07-26T02:58:10.920+0000] {processor.py:766} INFO - DAG(s) dict_keys(['example_external_task_marker_child', 'example_external_task_marker_parent']) retrieved from /home/airflow/.local/lib/python3.7/site-packages/airflow/example_dags/example_external_task_marker_dag.py
[2024-07-26T02:58:11.033+0000] {logging_mixin.py:120} INFO - [2024-07-26T02:58:11.033+0000] {dag.py:2585} INFO - Sync 2 DAGs
[2024-07-26T02:58:11.054+0000] {logging_mixin.py:120} INFO - [2024-07-26T02:58:11.054+0000] {dag.py:3340} INFO - Setting next_dagrun for example_external_task_marker_child to None, run_after=None
[2024-07-26T02:58:11.056+0000] {logging_mixin.py:120} INFO - [2024-07-26T02:58:11.056+0000] {dag.py:3340} INFO - Setting next_dagrun for example_external_task_marker_parent to None, run_after=None
[2024-07-26T02:58:11.069+0000] {processor.py:176} INFO - Processing /home/airflow/.local/lib/python3.7/site-packages/airflow/example_dags/example_external_task_marker_dag.py took 0.164 seconds
[2024-07-26T03:01:33.489+0000] {processor.py:154} INFO - Started process (PID=5268) to work on /home/airflow/.local/lib/python3.7/site-packages/airflow/example_dags/example_external_task_marker_dag.py
[2024-07-26T03:01:33.492+0000] {processor.py:756} INFO - Processing file /home/airflow/.local/lib/python3.7/site-packages/airflow/example_dags/example_external_task_marker_dag.py for tasks to queue
[2024-07-26T03:01:33.494+0000] {logging_mixin.py:120} INFO - [2024-07-26T03:01:33.494+0000] {dagbag.py:537} INFO - Filling up the DagBag from /home/airflow/.local/lib/python3.7/site-packages/airflow/example_dags/example_external_task_marker_dag.py
[2024-07-26T03:01:33.509+0000] {processor.py:766} INFO - DAG(s) dict_keys(['example_external_task_marker_parent', 'example_external_task_marker_child']) retrieved from /home/airflow/.local/lib/python3.7/site-packages/airflow/example_dags/example_external_task_marker_dag.py
[2024-07-26T03:01:33.663+0000] {logging_mixin.py:120} INFO - [2024-07-26T03:01:33.663+0000] {dag.py:2585} INFO - Sync 2 DAGs
[2024-07-26T03:01:33.682+0000] {logging_mixin.py:120} INFO - [2024-07-26T03:01:33.682+0000] {dag.py:3340} INFO - Setting next_dagrun for example_external_task_marker_child to None, run_after=None
[2024-07-26T03:01:33.685+0000] {logging_mixin.py:120} INFO - [2024-07-26T03:01:33.685+0000] {dag.py:3340} INFO - Setting next_dagrun for example_external_task_marker_parent to None, run_after=None
[2024-07-26T03:01:33.697+0000] {processor.py:176} INFO - Processing /home/airflow/.local/lib/python3.7/site-packages/airflow/example_dags/example_external_task_marker_dag.py took 0.211 seconds
[2024-07-26T03:15:39.563+0000] {processor.py:154} INFO - Started process (PID=5330) to work on /home/airflow/.local/lib/python3.7/site-packages/airflow/example_dags/example_external_task_marker_dag.py
[2024-07-26T03:15:39.568+0000] {processor.py:756} INFO - Processing file /home/airflow/.local/lib/python3.7/site-packages/airflow/example_dags/example_external_task_marker_dag.py for tasks to queue
[2024-07-26T03:15:39.572+0000] {logging_mixin.py:120} INFO - [2024-07-26T03:15:39.572+0000] {dagbag.py:537} INFO - Filling up the DagBag from /home/airflow/.local/lib/python3.7/site-packages/airflow/example_dags/example_external_task_marker_dag.py
[2024-07-26T03:15:39.608+0000] {processor.py:766} INFO - DAG(s) dict_keys(['example_external_task_marker_child', 'example_external_task_marker_parent']) retrieved from /home/airflow/.local/lib/python3.7/site-packages/airflow/example_dags/example_external_task_marker_dag.py
[2024-07-26T03:15:39.882+0000] {logging_mixin.py:120} INFO - [2024-07-26T03:15:39.881+0000] {dag.py:2585} INFO - Sync 2 DAGs
[2024-07-26T03:15:39.917+0000] {logging_mixin.py:120} INFO - [2024-07-26T03:15:39.917+0000] {dag.py:3340} INFO - Setting next_dagrun for example_external_task_marker_child to None, run_after=None
[2024-07-26T03:15:39.920+0000] {logging_mixin.py:120} INFO - [2024-07-26T03:15:39.919+0000] {dag.py:3340} INFO - Setting next_dagrun for example_external_task_marker_parent to None, run_after=None
[2024-07-26T03:15:39.937+0000] {processor.py:176} INFO - Processing /home/airflow/.local/lib/python3.7/site-packages/airflow/example_dags/example_external_task_marker_dag.py took 0.381 seconds
[2024-07-26T03:32:15.098+0000] {processor.py:154} INFO - Started process (PID=5387) to work on /home/airflow/.local/lib/python3.7/site-packages/airflow/example_dags/example_external_task_marker_dag.py
[2024-07-26T03:32:15.099+0000] {processor.py:756} INFO - Processing file /home/airflow/.local/lib/python3.7/site-packages/airflow/example_dags/example_external_task_marker_dag.py for tasks to queue
[2024-07-26T03:32:15.100+0000] {logging_mixin.py:120} INFO - [2024-07-26T03:32:15.100+0000] {dagbag.py:537} INFO - Filling up the DagBag from /home/airflow/.local/lib/python3.7/site-packages/airflow/example_dags/example_external_task_marker_dag.py
[2024-07-26T03:32:15.111+0000] {processor.py:766} INFO - DAG(s) dict_keys(['example_external_task_marker_child', 'example_external_task_marker_parent']) retrieved from /home/airflow/.local/lib/python3.7/site-packages/airflow/example_dags/example_external_task_marker_dag.py
[2024-07-26T03:32:15.253+0000] {logging_mixin.py:120} INFO - [2024-07-26T03:32:15.253+0000] {dag.py:2585} INFO - Sync 2 DAGs
[2024-07-26T03:32:15.274+0000] {logging_mixin.py:120} INFO - [2024-07-26T03:32:15.274+0000] {dag.py:3340} INFO - Setting next_dagrun for example_external_task_marker_child to None, run_after=None
[2024-07-26T03:32:15.282+0000] {logging_mixin.py:120} INFO - [2024-07-26T03:32:15.282+0000] {dag.py:3340} INFO - Setting next_dagrun for example_external_task_marker_parent to None, run_after=None
[2024-07-26T03:32:15.295+0000] {processor.py:176} INFO - Processing /home/airflow/.local/lib/python3.7/site-packages/airflow/example_dags/example_external_task_marker_dag.py took 0.200 seconds
[2024-07-26T03:56:57.178+0000] {processor.py:154} INFO - Started process (PID=5451) to work on /home/airflow/.local/lib/python3.7/site-packages/airflow/example_dags/example_external_task_marker_dag.py
[2024-07-26T03:56:57.179+0000] {processor.py:756} INFO - Processing file /home/airflow/.local/lib/python3.7/site-packages/airflow/example_dags/example_external_task_marker_dag.py for tasks to queue
[2024-07-26T03:56:57.182+0000] {logging_mixin.py:120} INFO - [2024-07-26T03:56:57.182+0000] {dagbag.py:537} INFO - Filling up the DagBag from /home/airflow/.local/lib/python3.7/site-packages/airflow/example_dags/example_external_task_marker_dag.py
[2024-07-26T03:56:57.220+0000] {processor.py:766} INFO - DAG(s) dict_keys(['example_external_task_marker_parent', 'example_external_task_marker_child']) retrieved from /home/airflow/.local/lib/python3.7/site-packages/airflow/example_dags/example_external_task_marker_dag.py
[2024-07-26T03:56:57.459+0000] {logging_mixin.py:120} INFO - [2024-07-26T03:56:57.458+0000] {dag.py:2585} INFO - Sync 2 DAGs
[2024-07-26T03:56:57.482+0000] {logging_mixin.py:120} INFO - [2024-07-26T03:56:57.481+0000] {dag.py:3340} INFO - Setting next_dagrun for example_external_task_marker_child to None, run_after=None
[2024-07-26T03:56:57.498+0000] {logging_mixin.py:120} INFO - [2024-07-26T03:56:57.498+0000] {dag.py:3340} INFO - Setting next_dagrun for example_external_task_marker_parent to None, run_after=None
[2024-07-26T03:56:57.543+0000] {processor.py:176} INFO - Processing /home/airflow/.local/lib/python3.7/site-packages/airflow/example_dags/example_external_task_marker_dag.py took 0.368 seconds
[2024-07-26T04:02:03.641+0000] {processor.py:154} INFO - Started process (PID=5515) to work on /home/airflow/.local/lib/python3.7/site-packages/airflow/example_dags/example_external_task_marker_dag.py
[2024-07-26T04:02:03.642+0000] {processor.py:756} INFO - Processing file /home/airflow/.local/lib/python3.7/site-packages/airflow/example_dags/example_external_task_marker_dag.py for tasks to queue
[2024-07-26T04:02:03.643+0000] {logging_mixin.py:120} INFO - [2024-07-26T04:02:03.643+0000] {dagbag.py:537} INFO - Filling up the DagBag from /home/airflow/.local/lib/python3.7/site-packages/airflow/example_dags/example_external_task_marker_dag.py
[2024-07-26T04:02:03.655+0000] {processor.py:766} INFO - DAG(s) dict_keys(['example_external_task_marker_child', 'example_external_task_marker_parent']) retrieved from /home/airflow/.local/lib/python3.7/site-packages/airflow/example_dags/example_external_task_marker_dag.py
[2024-07-26T04:02:03.822+0000] {logging_mixin.py:120} INFO - [2024-07-26T04:02:03.822+0000] {dag.py:2585} INFO - Sync 2 DAGs
[2024-07-26T04:02:03.841+0000] {logging_mixin.py:120} INFO - [2024-07-26T04:02:03.841+0000] {dag.py:3340} INFO - Setting next_dagrun for example_external_task_marker_child to None, run_after=None
[2024-07-26T04:02:03.844+0000] {logging_mixin.py:120} INFO - [2024-07-26T04:02:03.844+0000] {dag.py:3340} INFO - Setting next_dagrun for example_external_task_marker_parent to None, run_after=None
[2024-07-26T04:02:03.862+0000] {processor.py:176} INFO - Processing /home/airflow/.local/lib/python3.7/site-packages/airflow/example_dags/example_external_task_marker_dag.py took 0.223 seconds
[2024-07-26T04:04:16.287+0000] {processor.py:154} INFO - Started process (PID=5579) to work on /home/airflow/.local/lib/python3.7/site-packages/airflow/example_dags/example_external_task_marker_dag.py
[2024-07-26T04:04:16.288+0000] {processor.py:756} INFO - Processing file /home/airflow/.local/lib/python3.7/site-packages/airflow/example_dags/example_external_task_marker_dag.py for tasks to queue
[2024-07-26T04:04:16.288+0000] {logging_mixin.py:120} INFO - [2024-07-26T04:04:16.288+0000] {dagbag.py:537} INFO - Filling up the DagBag from /home/airflow/.local/lib/python3.7/site-packages/airflow/example_dags/example_external_task_marker_dag.py
[2024-07-26T04:04:16.296+0000] {processor.py:766} INFO - DAG(s) dict_keys(['example_external_task_marker_child', 'example_external_task_marker_parent']) retrieved from /home/airflow/.local/lib/python3.7/site-packages/airflow/example_dags/example_external_task_marker_dag.py
[2024-07-26T04:04:16.412+0000] {logging_mixin.py:120} INFO - [2024-07-26T04:04:16.412+0000] {dag.py:2585} INFO - Sync 2 DAGs
[2024-07-26T04:04:16.429+0000] {logging_mixin.py:120} INFO - [2024-07-26T04:04:16.429+0000] {dag.py:3340} INFO - Setting next_dagrun for example_external_task_marker_child to None, run_after=None
[2024-07-26T04:04:16.431+0000] {logging_mixin.py:120} INFO - [2024-07-26T04:04:16.431+0000] {dag.py:3340} INFO - Setting next_dagrun for example_external_task_marker_parent to None, run_after=None
[2024-07-26T04:04:16.448+0000] {processor.py:176} INFO - Processing /home/airflow/.local/lib/python3.7/site-packages/airflow/example_dags/example_external_task_marker_dag.py took 0.163 seconds
[2024-07-26T04:06:03.055+0000] {processor.py:154} INFO - Started process (PID=5633) to work on /home/airflow/.local/lib/python3.7/site-packages/airflow/example_dags/example_external_task_marker_dag.py
[2024-07-26T04:06:03.057+0000] {processor.py:756} INFO - Processing file /home/airflow/.local/lib/python3.7/site-packages/airflow/example_dags/example_external_task_marker_dag.py for tasks to queue
[2024-07-26T04:06:03.057+0000] {logging_mixin.py:120} INFO - [2024-07-26T04:06:03.057+0000] {dagbag.py:537} INFO - Filling up the DagBag from /home/airflow/.local/lib/python3.7/site-packages/airflow/example_dags/example_external_task_marker_dag.py
[2024-07-26T04:06:03.070+0000] {processor.py:766} INFO - DAG(s) dict_keys(['example_external_task_marker_child', 'example_external_task_marker_parent']) retrieved from /home/airflow/.local/lib/python3.7/site-packages/airflow/example_dags/example_external_task_marker_dag.py
[2024-07-26T04:06:03.599+0000] {logging_mixin.py:120} INFO - [2024-07-26T04:06:03.598+0000] {dag.py:2585} INFO - Sync 2 DAGs
[2024-07-26T04:06:03.636+0000] {logging_mixin.py:120} INFO - [2024-07-26T04:06:03.636+0000] {dag.py:3340} INFO - Setting next_dagrun for example_external_task_marker_child to None, run_after=None
[2024-07-26T04:06:03.643+0000] {logging_mixin.py:120} INFO - [2024-07-26T04:06:03.643+0000] {dag.py:3340} INFO - Setting next_dagrun for example_external_task_marker_parent to None, run_after=None
[2024-07-26T04:06:03.673+0000] {processor.py:176} INFO - Processing /home/airflow/.local/lib/python3.7/site-packages/airflow/example_dags/example_external_task_marker_dag.py took 0.620 seconds
[2024-07-26T04:08:04.926+0000] {processor.py:154} INFO - Started process (PID=5697) to work on /home/airflow/.local/lib/python3.7/site-packages/airflow/example_dags/example_external_task_marker_dag.py
[2024-07-26T04:08:04.927+0000] {processor.py:756} INFO - Processing file /home/airflow/.local/lib/python3.7/site-packages/airflow/example_dags/example_external_task_marker_dag.py for tasks to queue
[2024-07-26T04:08:04.929+0000] {logging_mixin.py:120} INFO - [2024-07-26T04:08:04.929+0000] {dagbag.py:537} INFO - Filling up the DagBag from /home/airflow/.local/lib/python3.7/site-packages/airflow/example_dags/example_external_task_marker_dag.py
[2024-07-26T04:08:04.940+0000] {processor.py:766} INFO - DAG(s) dict_keys(['example_external_task_marker_parent', 'example_external_task_marker_child']) retrieved from /home/airflow/.local/lib/python3.7/site-packages/airflow/example_dags/example_external_task_marker_dag.py
[2024-07-26T04:08:05.038+0000] {logging_mixin.py:120} INFO - [2024-07-26T04:08:05.038+0000] {dag.py:2585} INFO - Sync 2 DAGs
[2024-07-26T04:08:05.057+0000] {logging_mixin.py:120} INFO - [2024-07-26T04:08:05.057+0000] {dag.py:3340} INFO - Setting next_dagrun for example_external_task_marker_child to None, run_after=None
[2024-07-26T04:08:05.060+0000] {logging_mixin.py:120} INFO - [2024-07-26T04:08:05.060+0000] {dag.py:3340} INFO - Setting next_dagrun for example_external_task_marker_parent to None, run_after=None
[2024-07-26T04:08:05.074+0000] {processor.py:176} INFO - Processing /home/airflow/.local/lib/python3.7/site-packages/airflow/example_dags/example_external_task_marker_dag.py took 0.149 seconds
[2024-07-26T04:09:00.972+0000] {processor.py:154} INFO - Started process (PID=5761) to work on /home/airflow/.local/lib/python3.7/site-packages/airflow/example_dags/example_external_task_marker_dag.py
[2024-07-26T04:09:00.974+0000] {processor.py:756} INFO - Processing file /home/airflow/.local/lib/python3.7/site-packages/airflow/example_dags/example_external_task_marker_dag.py for tasks to queue
[2024-07-26T04:09:00.975+0000] {logging_mixin.py:120} INFO - [2024-07-26T04:09:00.975+0000] {dagbag.py:537} INFO - Filling up the DagBag from /home/airflow/.local/lib/python3.7/site-packages/airflow/example_dags/example_external_task_marker_dag.py
[2024-07-26T04:09:00.983+0000] {processor.py:766} INFO - DAG(s) dict_keys(['example_external_task_marker_parent', 'example_external_task_marker_child']) retrieved from /home/airflow/.local/lib/python3.7/site-packages/airflow/example_dags/example_external_task_marker_dag.py
[2024-07-26T04:09:01.106+0000] {logging_mixin.py:120} INFO - [2024-07-26T04:09:01.106+0000] {dag.py:2585} INFO - Sync 2 DAGs
[2024-07-26T04:09:01.127+0000] {logging_mixin.py:120} INFO - [2024-07-26T04:09:01.127+0000] {dag.py:3340} INFO - Setting next_dagrun for example_external_task_marker_child to None, run_after=None
[2024-07-26T04:09:01.130+0000] {logging_mixin.py:120} INFO - [2024-07-26T04:09:01.130+0000] {dag.py:3340} INFO - Setting next_dagrun for example_external_task_marker_parent to None, run_after=None
[2024-07-26T04:09:01.144+0000] {processor.py:176} INFO - Processing /home/airflow/.local/lib/python3.7/site-packages/airflow/example_dags/example_external_task_marker_dag.py took 0.174 seconds
[2024-07-26T04:10:10.557+0000] {processor.py:154} INFO - Started process (PID=5826) to work on /home/airflow/.local/lib/python3.7/site-packages/airflow/example_dags/example_external_task_marker_dag.py
[2024-07-26T04:10:10.558+0000] {processor.py:756} INFO - Processing file /home/airflow/.local/lib/python3.7/site-packages/airflow/example_dags/example_external_task_marker_dag.py for tasks to queue
[2024-07-26T04:10:10.558+0000] {logging_mixin.py:120} INFO - [2024-07-26T04:10:10.558+0000] {dagbag.py:537} INFO - Filling up the DagBag from /home/airflow/.local/lib/python3.7/site-packages/airflow/example_dags/example_external_task_marker_dag.py
[2024-07-26T04:10:10.566+0000] {processor.py:766} INFO - DAG(s) dict_keys(['example_external_task_marker_child', 'example_external_task_marker_parent']) retrieved from /home/airflow/.local/lib/python3.7/site-packages/airflow/example_dags/example_external_task_marker_dag.py
[2024-07-26T04:10:10.679+0000] {logging_mixin.py:120} INFO - [2024-07-26T04:10:10.679+0000] {dag.py:2585} INFO - Sync 2 DAGs
[2024-07-26T04:10:10.695+0000] {logging_mixin.py:120} INFO - [2024-07-26T04:10:10.695+0000] {dag.py:3340} INFO - Setting next_dagrun for example_external_task_marker_child to None, run_after=None
[2024-07-26T04:10:10.698+0000] {logging_mixin.py:120} INFO - [2024-07-26T04:10:10.698+0000] {dag.py:3340} INFO - Setting next_dagrun for example_external_task_marker_parent to None, run_after=None
[2024-07-26T04:10:10.713+0000] {processor.py:176} INFO - Processing /home/airflow/.local/lib/python3.7/site-packages/airflow/example_dags/example_external_task_marker_dag.py took 0.157 seconds
[2024-07-26T04:11:36.845+0000] {processor.py:154} INFO - Started process (PID=5890) to work on /home/airflow/.local/lib/python3.7/site-packages/airflow/example_dags/example_external_task_marker_dag.py
[2024-07-26T04:11:36.845+0000] {processor.py:756} INFO - Processing file /home/airflow/.local/lib/python3.7/site-packages/airflow/example_dags/example_external_task_marker_dag.py for tasks to queue
[2024-07-26T04:11:36.846+0000] {logging_mixin.py:120} INFO - [2024-07-26T04:11:36.846+0000] {dagbag.py:537} INFO - Filling up the DagBag from /home/airflow/.local/lib/python3.7/site-packages/airflow/example_dags/example_external_task_marker_dag.py
[2024-07-26T04:11:36.853+0000] {processor.py:766} INFO - DAG(s) dict_keys(['example_external_task_marker_child', 'example_external_task_marker_parent']) retrieved from /home/airflow/.local/lib/python3.7/site-packages/airflow/example_dags/example_external_task_marker_dag.py
[2024-07-26T04:11:36.941+0000] {logging_mixin.py:120} INFO - [2024-07-26T04:11:36.941+0000] {dag.py:2585} INFO - Sync 2 DAGs
[2024-07-26T04:11:36.954+0000] {logging_mixin.py:120} INFO - [2024-07-26T04:11:36.954+0000] {dag.py:3340} INFO - Setting next_dagrun for example_external_task_marker_child to None, run_after=None
[2024-07-26T04:11:36.956+0000] {logging_mixin.py:120} INFO - [2024-07-26T04:11:36.956+0000] {dag.py:3340} INFO - Setting next_dagrun for example_external_task_marker_parent to None, run_after=None
[2024-07-26T04:11:36.964+0000] {processor.py:176} INFO - Processing /home/airflow/.local/lib/python3.7/site-packages/airflow/example_dags/example_external_task_marker_dag.py took 0.121 seconds
[2024-07-26T04:12:20.506+0000] {processor.py:154} INFO - Started process (PID=5945) to work on /home/airflow/.local/lib/python3.7/site-packages/airflow/example_dags/example_external_task_marker_dag.py
[2024-07-26T04:12:20.508+0000] {processor.py:756} INFO - Processing file /home/airflow/.local/lib/python3.7/site-packages/airflow/example_dags/example_external_task_marker_dag.py for tasks to queue
[2024-07-26T04:12:20.508+0000] {logging_mixin.py:120} INFO - [2024-07-26T04:12:20.508+0000] {dagbag.py:537} INFO - Filling up the DagBag from /home/airflow/.local/lib/python3.7/site-packages/airflow/example_dags/example_external_task_marker_dag.py
[2024-07-26T04:12:20.522+0000] {processor.py:766} INFO - DAG(s) dict_keys(['example_external_task_marker_child', 'example_external_task_marker_parent']) retrieved from /home/airflow/.local/lib/python3.7/site-packages/airflow/example_dags/example_external_task_marker_dag.py
[2024-07-26T04:12:20.630+0000] {logging_mixin.py:120} INFO - [2024-07-26T04:12:20.629+0000] {dag.py:2585} INFO - Sync 2 DAGs
[2024-07-26T04:12:20.647+0000] {logging_mixin.py:120} INFO - [2024-07-26T04:12:20.647+0000] {dag.py:3340} INFO - Setting next_dagrun for example_external_task_marker_child to None, run_after=None
[2024-07-26T04:12:20.650+0000] {logging_mixin.py:120} INFO - [2024-07-26T04:12:20.650+0000] {dag.py:3340} INFO - Setting next_dagrun for example_external_task_marker_parent to None, run_after=None
[2024-07-26T04:12:20.667+0000] {processor.py:176} INFO - Processing /home/airflow/.local/lib/python3.7/site-packages/airflow/example_dags/example_external_task_marker_dag.py took 0.163 seconds
[2024-07-26T04:13:13.710+0000] {processor.py:154} INFO - Started process (PID=6009) to work on /home/airflow/.local/lib/python3.7/site-packages/airflow/example_dags/example_external_task_marker_dag.py
[2024-07-26T04:13:13.711+0000] {processor.py:756} INFO - Processing file /home/airflow/.local/lib/python3.7/site-packages/airflow/example_dags/example_external_task_marker_dag.py for tasks to queue
[2024-07-26T04:13:13.712+0000] {logging_mixin.py:120} INFO - [2024-07-26T04:13:13.712+0000] {dagbag.py:537} INFO - Filling up the DagBag from /home/airflow/.local/lib/python3.7/site-packages/airflow/example_dags/example_external_task_marker_dag.py
[2024-07-26T04:13:13.723+0000] {processor.py:766} INFO - DAG(s) dict_keys(['example_external_task_marker_parent', 'example_external_task_marker_child']) retrieved from /home/airflow/.local/lib/python3.7/site-packages/airflow/example_dags/example_external_task_marker_dag.py
[2024-07-26T04:13:13.821+0000] {logging_mixin.py:120} INFO - [2024-07-26T04:13:13.821+0000] {dag.py:2585} INFO - Sync 2 DAGs
[2024-07-26T04:13:13.844+0000] {logging_mixin.py:120} INFO - [2024-07-26T04:13:13.844+0000] {dag.py:3340} INFO - Setting next_dagrun for example_external_task_marker_child to None, run_after=None
[2024-07-26T04:13:13.847+0000] {logging_mixin.py:120} INFO - [2024-07-26T04:13:13.847+0000] {dag.py:3340} INFO - Setting next_dagrun for example_external_task_marker_parent to None, run_after=None
[2024-07-26T04:13:13.861+0000] {processor.py:176} INFO - Processing /home/airflow/.local/lib/python3.7/site-packages/airflow/example_dags/example_external_task_marker_dag.py took 0.153 seconds
[2024-07-26T04:14:04.197+0000] {processor.py:154} INFO - Started process (PID=6072) to work on /home/airflow/.local/lib/python3.7/site-packages/airflow/example_dags/example_external_task_marker_dag.py
[2024-07-26T04:14:04.197+0000] {processor.py:756} INFO - Processing file /home/airflow/.local/lib/python3.7/site-packages/airflow/example_dags/example_external_task_marker_dag.py for tasks to queue
[2024-07-26T04:14:04.198+0000] {logging_mixin.py:120} INFO - [2024-07-26T04:14:04.198+0000] {dagbag.py:537} INFO - Filling up the DagBag from /home/airflow/.local/lib/python3.7/site-packages/airflow/example_dags/example_external_task_marker_dag.py
[2024-07-26T04:14:04.207+0000] {processor.py:766} INFO - DAG(s) dict_keys(['example_external_task_marker_child', 'example_external_task_marker_parent']) retrieved from /home/airflow/.local/lib/python3.7/site-packages/airflow/example_dags/example_external_task_marker_dag.py
[2024-07-26T04:14:04.322+0000] {logging_mixin.py:120} INFO - [2024-07-26T04:14:04.322+0000] {dag.py:2585} INFO - Sync 2 DAGs
[2024-07-26T04:14:04.337+0000] {logging_mixin.py:120} INFO - [2024-07-26T04:14:04.336+0000] {dag.py:3340} INFO - Setting next_dagrun for example_external_task_marker_child to None, run_after=None
[2024-07-26T04:14:04.340+0000] {logging_mixin.py:120} INFO - [2024-07-26T04:14:04.340+0000] {dag.py:3340} INFO - Setting next_dagrun for example_external_task_marker_parent to None, run_after=None
[2024-07-26T04:14:04.355+0000] {processor.py:176} INFO - Processing /home/airflow/.local/lib/python3.7/site-packages/airflow/example_dags/example_external_task_marker_dag.py took 0.160 seconds
[2024-07-26T04:18:32.258+0000] {processor.py:154} INFO - Started process (PID=6136) to work on /home/airflow/.local/lib/python3.7/site-packages/airflow/example_dags/example_external_task_marker_dag.py
[2024-07-26T04:18:32.260+0000] {processor.py:756} INFO - Processing file /home/airflow/.local/lib/python3.7/site-packages/airflow/example_dags/example_external_task_marker_dag.py for tasks to queue
[2024-07-26T04:18:32.261+0000] {logging_mixin.py:120} INFO - [2024-07-26T04:18:32.261+0000] {dagbag.py:537} INFO - Filling up the DagBag from /home/airflow/.local/lib/python3.7/site-packages/airflow/example_dags/example_external_task_marker_dag.py
[2024-07-26T04:18:32.279+0000] {processor.py:766} INFO - DAG(s) dict_keys(['example_external_task_marker_parent', 'example_external_task_marker_child']) retrieved from /home/airflow/.local/lib/python3.7/site-packages/airflow/example_dags/example_external_task_marker_dag.py
[2024-07-26T04:18:33.023+0000] {logging_mixin.py:120} INFO - [2024-07-26T04:18:33.022+0000] {dag.py:2585} INFO - Sync 2 DAGs
[2024-07-26T04:18:33.049+0000] {logging_mixin.py:120} INFO - [2024-07-26T04:18:33.049+0000] {dag.py:3340} INFO - Setting next_dagrun for example_external_task_marker_child to None, run_after=None
[2024-07-26T04:18:33.052+0000] {logging_mixin.py:120} INFO - [2024-07-26T04:18:33.052+0000] {dag.py:3340} INFO - Setting next_dagrun for example_external_task_marker_parent to None, run_after=None
[2024-07-26T04:18:33.100+0000] {processor.py:176} INFO - Processing /home/airflow/.local/lib/python3.7/site-packages/airflow/example_dags/example_external_task_marker_dag.py took 0.849 seconds
[2024-07-26T04:19:15.425+0000] {processor.py:154} INFO - Started process (PID=6200) to work on /home/airflow/.local/lib/python3.7/site-packages/airflow/example_dags/example_external_task_marker_dag.py
[2024-07-26T04:19:15.426+0000] {processor.py:756} INFO - Processing file /home/airflow/.local/lib/python3.7/site-packages/airflow/example_dags/example_external_task_marker_dag.py for tasks to queue
[2024-07-26T04:19:15.427+0000] {logging_mixin.py:120} INFO - [2024-07-26T04:19:15.427+0000] {dagbag.py:537} INFO - Filling up the DagBag from /home/airflow/.local/lib/python3.7/site-packages/airflow/example_dags/example_external_task_marker_dag.py
[2024-07-26T04:19:15.439+0000] {processor.py:766} INFO - DAG(s) dict_keys(['example_external_task_marker_parent', 'example_external_task_marker_child']) retrieved from /home/airflow/.local/lib/python3.7/site-packages/airflow/example_dags/example_external_task_marker_dag.py
[2024-07-26T04:19:15.559+0000] {logging_mixin.py:120} INFO - [2024-07-26T04:19:15.559+0000] {dag.py:2585} INFO - Sync 2 DAGs
[2024-07-26T04:19:15.575+0000] {logging_mixin.py:120} INFO - [2024-07-26T04:19:15.574+0000] {dag.py:3340} INFO - Setting next_dagrun for example_external_task_marker_child to None, run_after=None
[2024-07-26T04:19:15.577+0000] {logging_mixin.py:120} INFO - [2024-07-26T04:19:15.577+0000] {dag.py:3340} INFO - Setting next_dagrun for example_external_task_marker_parent to None, run_after=None
[2024-07-26T04:19:15.591+0000] {processor.py:176} INFO - Processing /home/airflow/.local/lib/python3.7/site-packages/airflow/example_dags/example_external_task_marker_dag.py took 0.168 seconds
[2024-07-26T04:20:37.079+0000] {processor.py:154} INFO - Started process (PID=6255) to work on /home/airflow/.local/lib/python3.7/site-packages/airflow/example_dags/example_external_task_marker_dag.py
[2024-07-26T04:20:37.080+0000] {processor.py:756} INFO - Processing file /home/airflow/.local/lib/python3.7/site-packages/airflow/example_dags/example_external_task_marker_dag.py for tasks to queue
[2024-07-26T04:20:37.080+0000] {logging_mixin.py:120} INFO - [2024-07-26T04:20:37.080+0000] {dagbag.py:537} INFO - Filling up the DagBag from /home/airflow/.local/lib/python3.7/site-packages/airflow/example_dags/example_external_task_marker_dag.py
[2024-07-26T04:20:37.088+0000] {processor.py:766} INFO - DAG(s) dict_keys(['example_external_task_marker_parent', 'example_external_task_marker_child']) retrieved from /home/airflow/.local/lib/python3.7/site-packages/airflow/example_dags/example_external_task_marker_dag.py
[2024-07-26T04:20:37.202+0000] {logging_mixin.py:120} INFO - [2024-07-26T04:20:37.202+0000] {dag.py:2585} INFO - Sync 2 DAGs
[2024-07-26T04:20:37.214+0000] {logging_mixin.py:120} INFO - [2024-07-26T04:20:37.213+0000] {dag.py:3340} INFO - Setting next_dagrun for example_external_task_marker_child to None, run_after=None
[2024-07-26T04:20:37.215+0000] {logging_mixin.py:120} INFO - [2024-07-26T04:20:37.215+0000] {dag.py:3340} INFO - Setting next_dagrun for example_external_task_marker_parent to None, run_after=None
[2024-07-26T04:20:37.228+0000] {processor.py:176} INFO - Processing /home/airflow/.local/lib/python3.7/site-packages/airflow/example_dags/example_external_task_marker_dag.py took 0.151 seconds
[2024-07-26T04:21:41.072+0000] {processor.py:154} INFO - Started process (PID=6318) to work on /home/airflow/.local/lib/python3.7/site-packages/airflow/example_dags/example_external_task_marker_dag.py
[2024-07-26T04:21:41.073+0000] {processor.py:756} INFO - Processing file /home/airflow/.local/lib/python3.7/site-packages/airflow/example_dags/example_external_task_marker_dag.py for tasks to queue
[2024-07-26T04:21:41.073+0000] {logging_mixin.py:120} INFO - [2024-07-26T04:21:41.073+0000] {dagbag.py:537} INFO - Filling up the DagBag from /home/airflow/.local/lib/python3.7/site-packages/airflow/example_dags/example_external_task_marker_dag.py
[2024-07-26T04:21:41.082+0000] {processor.py:766} INFO - DAG(s) dict_keys(['example_external_task_marker_child', 'example_external_task_marker_parent']) retrieved from /home/airflow/.local/lib/python3.7/site-packages/airflow/example_dags/example_external_task_marker_dag.py
[2024-07-26T04:21:41.202+0000] {logging_mixin.py:120} INFO - [2024-07-26T04:21:41.202+0000] {dag.py:2585} INFO - Sync 2 DAGs
[2024-07-26T04:21:41.222+0000] {logging_mixin.py:120} INFO - [2024-07-26T04:21:41.222+0000] {dag.py:3340} INFO - Setting next_dagrun for example_external_task_marker_child to None, run_after=None
[2024-07-26T04:21:41.227+0000] {logging_mixin.py:120} INFO - [2024-07-26T04:21:41.226+0000] {dag.py:3340} INFO - Setting next_dagrun for example_external_task_marker_parent to None, run_after=None
[2024-07-26T04:21:41.238+0000] {processor.py:176} INFO - Processing /home/airflow/.local/lib/python3.7/site-packages/airflow/example_dags/example_external_task_marker_dag.py took 0.168 seconds
[2024-07-26T04:22:47.402+0000] {processor.py:154} INFO - Started process (PID=6382) to work on /home/airflow/.local/lib/python3.7/site-packages/airflow/example_dags/example_external_task_marker_dag.py
[2024-07-26T04:22:47.403+0000] {processor.py:756} INFO - Processing file /home/airflow/.local/lib/python3.7/site-packages/airflow/example_dags/example_external_task_marker_dag.py for tasks to queue
[2024-07-26T04:22:47.403+0000] {logging_mixin.py:120} INFO - [2024-07-26T04:22:47.403+0000] {dagbag.py:537} INFO - Filling up the DagBag from /home/airflow/.local/lib/python3.7/site-packages/airflow/example_dags/example_external_task_marker_dag.py
[2024-07-26T04:22:47.411+0000] {processor.py:766} INFO - DAG(s) dict_keys(['example_external_task_marker_child', 'example_external_task_marker_parent']) retrieved from /home/airflow/.local/lib/python3.7/site-packages/airflow/example_dags/example_external_task_marker_dag.py
[2024-07-26T04:22:47.519+0000] {logging_mixin.py:120} INFO - [2024-07-26T04:22:47.519+0000] {dag.py:2585} INFO - Sync 2 DAGs
[2024-07-26T04:22:47.535+0000] {logging_mixin.py:120} INFO - [2024-07-26T04:22:47.535+0000] {dag.py:3340} INFO - Setting next_dagrun for example_external_task_marker_child to None, run_after=None
[2024-07-26T04:22:47.538+0000] {logging_mixin.py:120} INFO - [2024-07-26T04:22:47.538+0000] {dag.py:3340} INFO - Setting next_dagrun for example_external_task_marker_parent to None, run_after=None
[2024-07-26T04:22:47.552+0000] {processor.py:176} INFO - Processing /home/airflow/.local/lib/python3.7/site-packages/airflow/example_dags/example_external_task_marker_dag.py took 0.151 seconds
[2024-07-26T04:33:59.937+0000] {processor.py:154} INFO - Started process (PID=6446) to work on /home/airflow/.local/lib/python3.7/site-packages/airflow/example_dags/example_external_task_marker_dag.py
[2024-07-26T04:33:59.937+0000] {processor.py:756} INFO - Processing file /home/airflow/.local/lib/python3.7/site-packages/airflow/example_dags/example_external_task_marker_dag.py for tasks to queue
[2024-07-26T04:33:59.938+0000] {logging_mixin.py:120} INFO - [2024-07-26T04:33:59.938+0000] {dagbag.py:537} INFO - Filling up the DagBag from /home/airflow/.local/lib/python3.7/site-packages/airflow/example_dags/example_external_task_marker_dag.py
[2024-07-26T04:33:59.946+0000] {processor.py:766} INFO - DAG(s) dict_keys(['example_external_task_marker_child', 'example_external_task_marker_parent']) retrieved from /home/airflow/.local/lib/python3.7/site-packages/airflow/example_dags/example_external_task_marker_dag.py
[2024-07-26T04:34:00.051+0000] {logging_mixin.py:120} INFO - [2024-07-26T04:34:00.051+0000] {dag.py:2585} INFO - Sync 2 DAGs
[2024-07-26T04:34:00.068+0000] {logging_mixin.py:120} INFO - [2024-07-26T04:34:00.068+0000] {dag.py:3340} INFO - Setting next_dagrun for example_external_task_marker_child to None, run_after=None
[2024-07-26T04:34:00.071+0000] {logging_mixin.py:120} INFO - [2024-07-26T04:34:00.071+0000] {dag.py:3340} INFO - Setting next_dagrun for example_external_task_marker_parent to None, run_after=None
[2024-07-26T04:34:00.083+0000] {processor.py:176} INFO - Processing /home/airflow/.local/lib/python3.7/site-packages/airflow/example_dags/example_external_task_marker_dag.py took 0.149 seconds
[2024-07-26T04:49:12.427+0000] {processor.py:154} INFO - Started process (PID=6510) to work on /home/airflow/.local/lib/python3.7/site-packages/airflow/example_dags/example_external_task_marker_dag.py
[2024-07-26T04:49:12.428+0000] {processor.py:756} INFO - Processing file /home/airflow/.local/lib/python3.7/site-packages/airflow/example_dags/example_external_task_marker_dag.py for tasks to queue
[2024-07-26T04:49:12.429+0000] {logging_mixin.py:120} INFO - [2024-07-26T04:49:12.429+0000] {dagbag.py:537} INFO - Filling up the DagBag from /home/airflow/.local/lib/python3.7/site-packages/airflow/example_dags/example_external_task_marker_dag.py
[2024-07-26T04:49:12.440+0000] {processor.py:766} INFO - DAG(s) dict_keys(['example_external_task_marker_parent', 'example_external_task_marker_child']) retrieved from /home/airflow/.local/lib/python3.7/site-packages/airflow/example_dags/example_external_task_marker_dag.py
[2024-07-26T04:49:12.581+0000] {logging_mixin.py:120} INFO - [2024-07-26T04:49:12.580+0000] {dag.py:2585} INFO - Sync 2 DAGs
[2024-07-26T04:49:12.600+0000] {logging_mixin.py:120} INFO - [2024-07-26T04:49:12.600+0000] {dag.py:3340} INFO - Setting next_dagrun for example_external_task_marker_child to None, run_after=None
[2024-07-26T04:49:12.602+0000] {logging_mixin.py:120} INFO - [2024-07-26T04:49:12.602+0000] {dag.py:3340} INFO - Setting next_dagrun for example_external_task_marker_parent to None, run_after=None
[2024-07-26T04:49:12.612+0000] {processor.py:176} INFO - Processing /home/airflow/.local/lib/python3.7/site-packages/airflow/example_dags/example_external_task_marker_dag.py took 0.190 seconds
[2024-07-26T04:53:36.969+0000] {processor.py:154} INFO - Started process (PID=6565) to work on /home/airflow/.local/lib/python3.7/site-packages/airflow/example_dags/example_external_task_marker_dag.py
[2024-07-26T04:53:36.973+0000] {processor.py:756} INFO - Processing file /home/airflow/.local/lib/python3.7/site-packages/airflow/example_dags/example_external_task_marker_dag.py for tasks to queue
[2024-07-26T04:53:36.975+0000] {logging_mixin.py:120} INFO - [2024-07-26T04:53:36.974+0000] {dagbag.py:537} INFO - Filling up the DagBag from /home/airflow/.local/lib/python3.7/site-packages/airflow/example_dags/example_external_task_marker_dag.py
[2024-07-26T04:53:36.982+0000] {processor.py:766} INFO - DAG(s) dict_keys(['example_external_task_marker_child', 'example_external_task_marker_parent']) retrieved from /home/airflow/.local/lib/python3.7/site-packages/airflow/example_dags/example_external_task_marker_dag.py
[2024-07-26T04:53:37.097+0000] {logging_mixin.py:120} INFO - [2024-07-26T04:53:37.097+0000] {dag.py:2585} INFO - Sync 2 DAGs
[2024-07-26T04:53:37.108+0000] {logging_mixin.py:120} INFO - [2024-07-26T04:53:37.108+0000] {dag.py:3340} INFO - Setting next_dagrun for example_external_task_marker_child to None, run_after=None
[2024-07-26T04:53:37.111+0000] {logging_mixin.py:120} INFO - [2024-07-26T04:53:37.111+0000] {dag.py:3340} INFO - Setting next_dagrun for example_external_task_marker_parent to None, run_after=None
[2024-07-26T04:53:37.121+0000] {processor.py:176} INFO - Processing /home/airflow/.local/lib/python3.7/site-packages/airflow/example_dags/example_external_task_marker_dag.py took 0.154 seconds
[2024-07-26T05:02:49.255+0000] {processor.py:154} INFO - Started process (PID=6629) to work on /home/airflow/.local/lib/python3.7/site-packages/airflow/example_dags/example_external_task_marker_dag.py
[2024-07-26T05:02:49.260+0000] {processor.py:756} INFO - Processing file /home/airflow/.local/lib/python3.7/site-packages/airflow/example_dags/example_external_task_marker_dag.py for tasks to queue
[2024-07-26T05:02:49.262+0000] {logging_mixin.py:120} INFO - [2024-07-26T05:02:49.262+0000] {dagbag.py:537} INFO - Filling up the DagBag from /home/airflow/.local/lib/python3.7/site-packages/airflow/example_dags/example_external_task_marker_dag.py
[2024-07-26T05:02:49.286+0000] {processor.py:766} INFO - DAG(s) dict_keys(['example_external_task_marker_child', 'example_external_task_marker_parent']) retrieved from /home/airflow/.local/lib/python3.7/site-packages/airflow/example_dags/example_external_task_marker_dag.py
[2024-07-26T05:02:49.422+0000] {logging_mixin.py:120} INFO - [2024-07-26T05:02:49.421+0000] {dag.py:2585} INFO - Sync 2 DAGs
[2024-07-26T05:02:49.446+0000] {logging_mixin.py:120} INFO - [2024-07-26T05:02:49.446+0000] {dag.py:3340} INFO - Setting next_dagrun for example_external_task_marker_child to None, run_after=None
[2024-07-26T05:02:49.450+0000] {logging_mixin.py:120} INFO - [2024-07-26T05:02:49.450+0000] {dag.py:3340} INFO - Setting next_dagrun for example_external_task_marker_parent to None, run_after=None
[2024-07-26T05:02:49.477+0000] {processor.py:176} INFO - Processing /home/airflow/.local/lib/python3.7/site-packages/airflow/example_dags/example_external_task_marker_dag.py took 0.225 seconds
[2024-07-26T05:15:51.446+0000] {processor.py:154} INFO - Started process (PID=6693) to work on /home/airflow/.local/lib/python3.7/site-packages/airflow/example_dags/example_external_task_marker_dag.py
[2024-07-26T05:15:51.447+0000] {processor.py:756} INFO - Processing file /home/airflow/.local/lib/python3.7/site-packages/airflow/example_dags/example_external_task_marker_dag.py for tasks to queue
[2024-07-26T05:15:51.448+0000] {logging_mixin.py:120} INFO - [2024-07-26T05:15:51.448+0000] {dagbag.py:537} INFO - Filling up the DagBag from /home/airflow/.local/lib/python3.7/site-packages/airflow/example_dags/example_external_task_marker_dag.py
[2024-07-26T05:15:51.461+0000] {processor.py:766} INFO - DAG(s) dict_keys(['example_external_task_marker_parent', 'example_external_task_marker_child']) retrieved from /home/airflow/.local/lib/python3.7/site-packages/airflow/example_dags/example_external_task_marker_dag.py
[2024-07-26T05:15:51.565+0000] {logging_mixin.py:120} INFO - [2024-07-26T05:15:51.565+0000] {dag.py:2585} INFO - Sync 2 DAGs
[2024-07-26T05:15:51.584+0000] {logging_mixin.py:120} INFO - [2024-07-26T05:15:51.584+0000] {dag.py:3340} INFO - Setting next_dagrun for example_external_task_marker_child to None, run_after=None
[2024-07-26T05:15:51.588+0000] {logging_mixin.py:120} INFO - [2024-07-26T05:15:51.588+0000] {dag.py:3340} INFO - Setting next_dagrun for example_external_task_marker_parent to None, run_after=None
[2024-07-26T05:15:51.601+0000] {processor.py:176} INFO - Processing /home/airflow/.local/lib/python3.7/site-packages/airflow/example_dags/example_external_task_marker_dag.py took 0.157 seconds
[2024-07-26T05:33:28.313+0000] {processor.py:154} INFO - Started process (PID=6757) to work on /home/airflow/.local/lib/python3.7/site-packages/airflow/example_dags/example_external_task_marker_dag.py
[2024-07-26T05:33:28.316+0000] {processor.py:756} INFO - Processing file /home/airflow/.local/lib/python3.7/site-packages/airflow/example_dags/example_external_task_marker_dag.py for tasks to queue
[2024-07-26T05:33:28.317+0000] {logging_mixin.py:120} INFO - [2024-07-26T05:33:28.316+0000] {dagbag.py:537} INFO - Filling up the DagBag from /home/airflow/.local/lib/python3.7/site-packages/airflow/example_dags/example_external_task_marker_dag.py
[2024-07-26T05:33:28.326+0000] {processor.py:766} INFO - DAG(s) dict_keys(['example_external_task_marker_child', 'example_external_task_marker_parent']) retrieved from /home/airflow/.local/lib/python3.7/site-packages/airflow/example_dags/example_external_task_marker_dag.py
[2024-07-26T05:33:28.438+0000] {logging_mixin.py:120} INFO - [2024-07-26T05:33:28.438+0000] {dag.py:2585} INFO - Sync 2 DAGs
[2024-07-26T05:33:28.453+0000] {logging_mixin.py:120} INFO - [2024-07-26T05:33:28.453+0000] {dag.py:3340} INFO - Setting next_dagrun for example_external_task_marker_child to None, run_after=None
[2024-07-26T05:33:28.455+0000] {logging_mixin.py:120} INFO - [2024-07-26T05:33:28.455+0000] {dag.py:3340} INFO - Setting next_dagrun for example_external_task_marker_parent to None, run_after=None
[2024-07-26T05:33:28.470+0000] {processor.py:176} INFO - Processing /home/airflow/.local/lib/python3.7/site-packages/airflow/example_dags/example_external_task_marker_dag.py took 0.159 seconds
[2024-07-26T06:09:35.542+0000] {processor.py:154} INFO - Started process (PID=6818) to work on /home/airflow/.local/lib/python3.7/site-packages/airflow/example_dags/example_external_task_marker_dag.py
[2024-07-26T06:09:35.543+0000] {processor.py:756} INFO - Processing file /home/airflow/.local/lib/python3.7/site-packages/airflow/example_dags/example_external_task_marker_dag.py for tasks to queue
[2024-07-26T06:09:35.543+0000] {logging_mixin.py:120} INFO - [2024-07-26T06:09:35.543+0000] {dagbag.py:537} INFO - Filling up the DagBag from /home/airflow/.local/lib/python3.7/site-packages/airflow/example_dags/example_external_task_marker_dag.py
[2024-07-26T06:09:35.553+0000] {processor.py:766} INFO - DAG(s) dict_keys(['example_external_task_marker_child', 'example_external_task_marker_parent']) retrieved from /home/airflow/.local/lib/python3.7/site-packages/airflow/example_dags/example_external_task_marker_dag.py
[2024-07-26T06:09:35.679+0000] {logging_mixin.py:120} INFO - [2024-07-26T06:09:35.679+0000] {dag.py:2585} INFO - Sync 2 DAGs
[2024-07-26T06:09:35.698+0000] {logging_mixin.py:120} INFO - [2024-07-26T06:09:35.698+0000] {dag.py:3340} INFO - Setting next_dagrun for example_external_task_marker_child to None, run_after=None
[2024-07-26T06:09:35.701+0000] {logging_mixin.py:120} INFO - [2024-07-26T06:09:35.701+0000] {dag.py:3340} INFO - Setting next_dagrun for example_external_task_marker_parent to None, run_after=None
[2024-07-26T06:09:35.732+0000] {processor.py:176} INFO - Processing /home/airflow/.local/lib/python3.7/site-packages/airflow/example_dags/example_external_task_marker_dag.py took 0.192 seconds
[2024-07-26T07:10:32.701+0000] {processor.py:154} INFO - Started process (PID=6875) to work on /home/airflow/.local/lib/python3.7/site-packages/airflow/example_dags/example_external_task_marker_dag.py
[2024-07-26T07:10:32.704+0000] {processor.py:756} INFO - Processing file /home/airflow/.local/lib/python3.7/site-packages/airflow/example_dags/example_external_task_marker_dag.py for tasks to queue
[2024-07-26T07:10:32.706+0000] {logging_mixin.py:120} INFO - [2024-07-26T07:10:32.705+0000] {dagbag.py:537} INFO - Filling up the DagBag from /home/airflow/.local/lib/python3.7/site-packages/airflow/example_dags/example_external_task_marker_dag.py
[2024-07-26T07:10:32.720+0000] {processor.py:766} INFO - DAG(s) dict_keys(['example_external_task_marker_parent', 'example_external_task_marker_child']) retrieved from /home/airflow/.local/lib/python3.7/site-packages/airflow/example_dags/example_external_task_marker_dag.py
[2024-07-26T07:10:32.919+0000] {logging_mixin.py:120} INFO - [2024-07-26T07:10:32.919+0000] {dag.py:2585} INFO - Sync 2 DAGs
[2024-07-26T07:10:32.953+0000] {logging_mixin.py:120} INFO - [2024-07-26T07:10:32.953+0000] {dag.py:3340} INFO - Setting next_dagrun for example_external_task_marker_child to None, run_after=None
[2024-07-26T07:10:32.959+0000] {logging_mixin.py:120} INFO - [2024-07-26T07:10:32.959+0000] {dag.py:3340} INFO - Setting next_dagrun for example_external_task_marker_parent to None, run_after=None
[2024-07-26T07:10:32.978+0000] {processor.py:176} INFO - Processing /home/airflow/.local/lib/python3.7/site-packages/airflow/example_dags/example_external_task_marker_dag.py took 0.279 seconds
[2024-07-26T08:11:46.943+0000] {processor.py:154} INFO - Started process (PID=6939) to work on /home/airflow/.local/lib/python3.7/site-packages/airflow/example_dags/example_external_task_marker_dag.py
[2024-07-26T08:11:46.944+0000] {processor.py:756} INFO - Processing file /home/airflow/.local/lib/python3.7/site-packages/airflow/example_dags/example_external_task_marker_dag.py for tasks to queue
[2024-07-26T08:11:46.945+0000] {logging_mixin.py:120} INFO - [2024-07-26T08:11:46.945+0000] {dagbag.py:537} INFO - Filling up the DagBag from /home/airflow/.local/lib/python3.7/site-packages/airflow/example_dags/example_external_task_marker_dag.py
[2024-07-26T08:11:46.955+0000] {processor.py:766} INFO - DAG(s) dict_keys(['example_external_task_marker_child', 'example_external_task_marker_parent']) retrieved from /home/airflow/.local/lib/python3.7/site-packages/airflow/example_dags/example_external_task_marker_dag.py
[2024-07-26T08:11:47.296+0000] {logging_mixin.py:120} INFO - [2024-07-26T08:11:47.295+0000] {dag.py:2585} INFO - Sync 2 DAGs
[2024-07-26T08:11:47.374+0000] {logging_mixin.py:120} INFO - [2024-07-26T08:11:47.374+0000] {dag.py:3340} INFO - Setting next_dagrun for example_external_task_marker_child to None, run_after=None
[2024-07-26T08:11:47.379+0000] {logging_mixin.py:120} INFO - [2024-07-26T08:11:47.378+0000] {dag.py:3340} INFO - Setting next_dagrun for example_external_task_marker_parent to None, run_after=None
[2024-07-26T08:11:47.417+0000] {processor.py:176} INFO - Processing /home/airflow/.local/lib/python3.7/site-packages/airflow/example_dags/example_external_task_marker_dag.py took 0.477 seconds
[2024-07-26T08:36:10.875+0000] {processor.py:154} INFO - Started process (PID=7003) to work on /home/airflow/.local/lib/python3.7/site-packages/airflow/example_dags/example_external_task_marker_dag.py
[2024-07-26T08:36:10.883+0000] {processor.py:756} INFO - Processing file /home/airflow/.local/lib/python3.7/site-packages/airflow/example_dags/example_external_task_marker_dag.py for tasks to queue
[2024-07-26T08:36:10.884+0000] {logging_mixin.py:120} INFO - [2024-07-26T08:36:10.884+0000] {dagbag.py:537} INFO - Filling up the DagBag from /home/airflow/.local/lib/python3.7/site-packages/airflow/example_dags/example_external_task_marker_dag.py
[2024-07-26T08:36:10.903+0000] {processor.py:766} INFO - DAG(s) dict_keys(['example_external_task_marker_parent', 'example_external_task_marker_child']) retrieved from /home/airflow/.local/lib/python3.7/site-packages/airflow/example_dags/example_external_task_marker_dag.py
[2024-07-26T08:36:11.120+0000] {logging_mixin.py:120} INFO - [2024-07-26T08:36:11.119+0000] {dag.py:2585} INFO - Sync 2 DAGs
[2024-07-26T08:36:11.146+0000] {logging_mixin.py:120} INFO - [2024-07-26T08:36:11.146+0000] {dag.py:3340} INFO - Setting next_dagrun for example_external_task_marker_child to None, run_after=None
[2024-07-26T08:36:11.150+0000] {logging_mixin.py:120} INFO - [2024-07-26T08:36:11.150+0000] {dag.py:3340} INFO - Setting next_dagrun for example_external_task_marker_parent to None, run_after=None
[2024-07-26T08:36:11.170+0000] {processor.py:176} INFO - Processing /home/airflow/.local/lib/python3.7/site-packages/airflow/example_dags/example_external_task_marker_dag.py took 0.298 seconds
[2024-07-26T09:29:25.526+0000] {processor.py:154} INFO - Started process (PID=7067) to work on /home/airflow/.local/lib/python3.7/site-packages/airflow/example_dags/example_external_task_marker_dag.py
[2024-07-26T09:29:25.543+0000] {processor.py:756} INFO - Processing file /home/airflow/.local/lib/python3.7/site-packages/airflow/example_dags/example_external_task_marker_dag.py for tasks to queue
[2024-07-26T09:29:25.549+0000] {logging_mixin.py:120} INFO - [2024-07-26T09:29:25.549+0000] {dagbag.py:537} INFO - Filling up the DagBag from /home/airflow/.local/lib/python3.7/site-packages/airflow/example_dags/example_external_task_marker_dag.py
[2024-07-26T09:29:25.583+0000] {processor.py:766} INFO - DAG(s) dict_keys(['example_external_task_marker_child', 'example_external_task_marker_parent']) retrieved from /home/airflow/.local/lib/python3.7/site-packages/airflow/example_dags/example_external_task_marker_dag.py
[2024-07-26T09:29:25.799+0000] {logging_mixin.py:120} INFO - [2024-07-26T09:29:25.798+0000] {dag.py:2585} INFO - Sync 2 DAGs
[2024-07-26T09:29:25.829+0000] {logging_mixin.py:120} INFO - [2024-07-26T09:29:25.829+0000] {dag.py:3340} INFO - Setting next_dagrun for example_external_task_marker_child to None, run_after=None
[2024-07-26T09:29:25.831+0000] {logging_mixin.py:120} INFO - [2024-07-26T09:29:25.831+0000] {dag.py:3340} INFO - Setting next_dagrun for example_external_task_marker_parent to None, run_after=None
[2024-07-26T09:29:25.850+0000] {processor.py:176} INFO - Processing /home/airflow/.local/lib/python3.7/site-packages/airflow/example_dags/example_external_task_marker_dag.py took 0.331 seconds
[2024-07-26T10:30:29.987+0000] {processor.py:154} INFO - Started process (PID=7122) to work on /home/airflow/.local/lib/python3.7/site-packages/airflow/example_dags/example_external_task_marker_dag.py
[2024-07-26T10:30:29.992+0000] {processor.py:756} INFO - Processing file /home/airflow/.local/lib/python3.7/site-packages/airflow/example_dags/example_external_task_marker_dag.py for tasks to queue
[2024-07-26T10:30:29.995+0000] {logging_mixin.py:120} INFO - [2024-07-26T10:30:29.994+0000] {dagbag.py:537} INFO - Filling up the DagBag from /home/airflow/.local/lib/python3.7/site-packages/airflow/example_dags/example_external_task_marker_dag.py
[2024-07-26T10:30:30.003+0000] {processor.py:766} INFO - DAG(s) dict_keys(['example_external_task_marker_parent', 'example_external_task_marker_child']) retrieved from /home/airflow/.local/lib/python3.7/site-packages/airflow/example_dags/example_external_task_marker_dag.py
[2024-07-26T10:30:30.120+0000] {logging_mixin.py:120} INFO - [2024-07-26T10:30:30.120+0000] {dag.py:2585} INFO - Sync 2 DAGs
[2024-07-26T10:30:30.141+0000] {logging_mixin.py:120} INFO - [2024-07-26T10:30:30.141+0000] {dag.py:3340} INFO - Setting next_dagrun for example_external_task_marker_child to None, run_after=None
[2024-07-26T10:30:30.146+0000] {logging_mixin.py:120} INFO - [2024-07-26T10:30:30.146+0000] {dag.py:3340} INFO - Setting next_dagrun for example_external_task_marker_parent to None, run_after=None
[2024-07-26T10:30:30.168+0000] {processor.py:176} INFO - Processing /home/airflow/.local/lib/python3.7/site-packages/airflow/example_dags/example_external_task_marker_dag.py took 0.183 seconds
[2024-07-26T10:39:55.790+0000] {processor.py:154} INFO - Started process (PID=7186) to work on /home/airflow/.local/lib/python3.7/site-packages/airflow/example_dags/example_external_task_marker_dag.py
[2024-07-26T10:39:55.791+0000] {processor.py:756} INFO - Processing file /home/airflow/.local/lib/python3.7/site-packages/airflow/example_dags/example_external_task_marker_dag.py for tasks to queue
[2024-07-26T10:39:55.792+0000] {logging_mixin.py:120} INFO - [2024-07-26T10:39:55.792+0000] {dagbag.py:537} INFO - Filling up the DagBag from /home/airflow/.local/lib/python3.7/site-packages/airflow/example_dags/example_external_task_marker_dag.py
[2024-07-26T10:39:55.803+0000] {processor.py:766} INFO - DAG(s) dict_keys(['example_external_task_marker_child', 'example_external_task_marker_parent']) retrieved from /home/airflow/.local/lib/python3.7/site-packages/airflow/example_dags/example_external_task_marker_dag.py
[2024-07-26T10:39:55.921+0000] {logging_mixin.py:120} INFO - [2024-07-26T10:39:55.921+0000] {dag.py:2585} INFO - Sync 2 DAGs
[2024-07-26T10:39:55.936+0000] {logging_mixin.py:120} INFO - [2024-07-26T10:39:55.936+0000] {dag.py:3340} INFO - Setting next_dagrun for example_external_task_marker_child to None, run_after=None
[2024-07-26T10:39:55.939+0000] {logging_mixin.py:120} INFO - [2024-07-26T10:39:55.939+0000] {dag.py:3340} INFO - Setting next_dagrun for example_external_task_marker_parent to None, run_after=None
[2024-07-26T10:39:55.951+0000] {processor.py:176} INFO - Processing /home/airflow/.local/lib/python3.7/site-packages/airflow/example_dags/example_external_task_marker_dag.py took 0.163 seconds
[2024-07-26T11:48:30.079+0000] {processor.py:154} INFO - Started process (PID=7250) to work on /home/airflow/.local/lib/python3.7/site-packages/airflow/example_dags/example_external_task_marker_dag.py
[2024-07-26T11:48:30.080+0000] {processor.py:756} INFO - Processing file /home/airflow/.local/lib/python3.7/site-packages/airflow/example_dags/example_external_task_marker_dag.py for tasks to queue
[2024-07-26T11:48:30.081+0000] {logging_mixin.py:120} INFO - [2024-07-26T11:48:30.081+0000] {dagbag.py:537} INFO - Filling up the DagBag from /home/airflow/.local/lib/python3.7/site-packages/airflow/example_dags/example_external_task_marker_dag.py
[2024-07-26T11:48:30.093+0000] {processor.py:766} INFO - DAG(s) dict_keys(['example_external_task_marker_child', 'example_external_task_marker_parent']) retrieved from /home/airflow/.local/lib/python3.7/site-packages/airflow/example_dags/example_external_task_marker_dag.py
[2024-07-26T11:48:30.239+0000] {logging_mixin.py:120} INFO - [2024-07-26T11:48:30.238+0000] {dag.py:2585} INFO - Sync 2 DAGs
[2024-07-26T11:48:30.267+0000] {logging_mixin.py:120} INFO - [2024-07-26T11:48:30.267+0000] {dag.py:3340} INFO - Setting next_dagrun for example_external_task_marker_child to None, run_after=None
[2024-07-26T11:48:30.273+0000] {logging_mixin.py:120} INFO - [2024-07-26T11:48:30.273+0000] {dag.py:3340} INFO - Setting next_dagrun for example_external_task_marker_parent to None, run_after=None
[2024-07-26T11:48:30.291+0000] {processor.py:176} INFO - Processing /home/airflow/.local/lib/python3.7/site-packages/airflow/example_dags/example_external_task_marker_dag.py took 0.214 seconds
[2024-07-26T12:13:05.236+0000] {processor.py:154} INFO - Started process (PID=7314) to work on /home/airflow/.local/lib/python3.7/site-packages/airflow/example_dags/example_external_task_marker_dag.py
[2024-07-26T12:13:05.238+0000] {processor.py:756} INFO - Processing file /home/airflow/.local/lib/python3.7/site-packages/airflow/example_dags/example_external_task_marker_dag.py for tasks to queue
[2024-07-26T12:13:05.238+0000] {logging_mixin.py:120} INFO - [2024-07-26T12:13:05.238+0000] {dagbag.py:537} INFO - Filling up the DagBag from /home/airflow/.local/lib/python3.7/site-packages/airflow/example_dags/example_external_task_marker_dag.py
[2024-07-26T12:13:05.247+0000] {processor.py:766} INFO - DAG(s) dict_keys(['example_external_task_marker_parent', 'example_external_task_marker_child']) retrieved from /home/airflow/.local/lib/python3.7/site-packages/airflow/example_dags/example_external_task_marker_dag.py
[2024-07-26T12:13:05.359+0000] {logging_mixin.py:120} INFO - [2024-07-26T12:13:05.359+0000] {dag.py:2585} INFO - Sync 2 DAGs
[2024-07-26T12:13:05.387+0000] {logging_mixin.py:120} INFO - [2024-07-26T12:13:05.387+0000] {dag.py:3340} INFO - Setting next_dagrun for example_external_task_marker_child to None, run_after=None
[2024-07-26T12:13:05.394+0000] {logging_mixin.py:120} INFO - [2024-07-26T12:13:05.394+0000] {dag.py:3340} INFO - Setting next_dagrun for example_external_task_marker_parent to None, run_after=None
[2024-07-26T12:13:05.424+0000] {processor.py:176} INFO - Processing /home/airflow/.local/lib/python3.7/site-packages/airflow/example_dags/example_external_task_marker_dag.py took 0.191 seconds
[2024-07-26T12:19:25.198+0000] {processor.py:154} INFO - Started process (PID=7369) to work on /home/airflow/.local/lib/python3.7/site-packages/airflow/example_dags/example_external_task_marker_dag.py
[2024-07-26T12:19:25.199+0000] {processor.py:756} INFO - Processing file /home/airflow/.local/lib/python3.7/site-packages/airflow/example_dags/example_external_task_marker_dag.py for tasks to queue
[2024-07-26T12:19:25.201+0000] {logging_mixin.py:120} INFO - [2024-07-26T12:19:25.200+0000] {dagbag.py:537} INFO - Filling up the DagBag from /home/airflow/.local/lib/python3.7/site-packages/airflow/example_dags/example_external_task_marker_dag.py
[2024-07-26T12:19:25.213+0000] {processor.py:766} INFO - DAG(s) dict_keys(['example_external_task_marker_child', 'example_external_task_marker_parent']) retrieved from /home/airflow/.local/lib/python3.7/site-packages/airflow/example_dags/example_external_task_marker_dag.py
[2024-07-26T12:19:25.313+0000] {logging_mixin.py:120} INFO - [2024-07-26T12:19:25.313+0000] {dag.py:2585} INFO - Sync 2 DAGs
[2024-07-26T12:19:25.331+0000] {logging_mixin.py:120} INFO - [2024-07-26T12:19:25.331+0000] {dag.py:3340} INFO - Setting next_dagrun for example_external_task_marker_child to None, run_after=None
[2024-07-26T12:19:25.335+0000] {logging_mixin.py:120} INFO - [2024-07-26T12:19:25.335+0000] {dag.py:3340} INFO - Setting next_dagrun for example_external_task_marker_parent to None, run_after=None
[2024-07-26T12:19:25.351+0000] {processor.py:176} INFO - Processing /home/airflow/.local/lib/python3.7/site-packages/airflow/example_dags/example_external_task_marker_dag.py took 0.154 seconds
[2024-07-26T13:00:06.735+0000] {processor.py:154} INFO - Started process (PID=7432) to work on /home/airflow/.local/lib/python3.7/site-packages/airflow/example_dags/example_external_task_marker_dag.py
[2024-07-26T13:00:06.737+0000] {processor.py:756} INFO - Processing file /home/airflow/.local/lib/python3.7/site-packages/airflow/example_dags/example_external_task_marker_dag.py for tasks to queue
[2024-07-26T13:00:06.737+0000] {logging_mixin.py:120} INFO - [2024-07-26T13:00:06.737+0000] {dagbag.py:537} INFO - Filling up the DagBag from /home/airflow/.local/lib/python3.7/site-packages/airflow/example_dags/example_external_task_marker_dag.py
[2024-07-26T13:00:06.747+0000] {processor.py:766} INFO - DAG(s) dict_keys(['example_external_task_marker_parent', 'example_external_task_marker_child']) retrieved from /home/airflow/.local/lib/python3.7/site-packages/airflow/example_dags/example_external_task_marker_dag.py
[2024-07-26T13:00:06.868+0000] {logging_mixin.py:120} INFO - [2024-07-26T13:00:06.867+0000] {dag.py:2585} INFO - Sync 2 DAGs
[2024-07-26T13:00:06.890+0000] {logging_mixin.py:120} INFO - [2024-07-26T13:00:06.890+0000] {dag.py:3340} INFO - Setting next_dagrun for example_external_task_marker_child to None, run_after=None
[2024-07-26T13:00:06.894+0000] {logging_mixin.py:120} INFO - [2024-07-26T13:00:06.893+0000] {dag.py:3340} INFO - Setting next_dagrun for example_external_task_marker_parent to None, run_after=None
[2024-07-26T13:00:06.908+0000] {processor.py:176} INFO - Processing /home/airflow/.local/lib/python3.7/site-packages/airflow/example_dags/example_external_task_marker_dag.py took 0.175 seconds
[2024-07-26T13:12:27.116+0000] {processor.py:154} INFO - Started process (PID=7496) to work on /home/airflow/.local/lib/python3.7/site-packages/airflow/example_dags/example_external_task_marker_dag.py
[2024-07-26T13:12:27.117+0000] {processor.py:756} INFO - Processing file /home/airflow/.local/lib/python3.7/site-packages/airflow/example_dags/example_external_task_marker_dag.py for tasks to queue
[2024-07-26T13:12:27.119+0000] {logging_mixin.py:120} INFO - [2024-07-26T13:12:27.119+0000] {dagbag.py:537} INFO - Filling up the DagBag from /home/airflow/.local/lib/python3.7/site-packages/airflow/example_dags/example_external_task_marker_dag.py
[2024-07-26T13:12:27.133+0000] {processor.py:766} INFO - DAG(s) dict_keys(['example_external_task_marker_child', 'example_external_task_marker_parent']) retrieved from /home/airflow/.local/lib/python3.7/site-packages/airflow/example_dags/example_external_task_marker_dag.py
[2024-07-26T13:12:27.263+0000] {logging_mixin.py:120} INFO - [2024-07-26T13:12:27.263+0000] {dag.py:2585} INFO - Sync 2 DAGs
[2024-07-26T13:12:27.305+0000] {logging_mixin.py:120} INFO - [2024-07-26T13:12:27.304+0000] {dag.py:3340} INFO - Setting next_dagrun for example_external_task_marker_child to None, run_after=None
[2024-07-26T13:12:27.309+0000] {logging_mixin.py:120} INFO - [2024-07-26T13:12:27.309+0000] {dag.py:3340} INFO - Setting next_dagrun for example_external_task_marker_parent to None, run_after=None
[2024-07-26T13:12:27.341+0000] {processor.py:176} INFO - Processing /home/airflow/.local/lib/python3.7/site-packages/airflow/example_dags/example_external_task_marker_dag.py took 0.228 seconds
[2024-07-26T13:43:21.253+0000] {processor.py:154} INFO - Started process (PID=7560) to work on /home/airflow/.local/lib/python3.7/site-packages/airflow/example_dags/example_external_task_marker_dag.py
[2024-07-26T13:43:21.256+0000] {processor.py:756} INFO - Processing file /home/airflow/.local/lib/python3.7/site-packages/airflow/example_dags/example_external_task_marker_dag.py for tasks to queue
[2024-07-26T13:43:21.257+0000] {logging_mixin.py:120} INFO - [2024-07-26T13:43:21.257+0000] {dagbag.py:537} INFO - Filling up the DagBag from /home/airflow/.local/lib/python3.7/site-packages/airflow/example_dags/example_external_task_marker_dag.py
[2024-07-26T13:43:21.298+0000] {processor.py:766} INFO - DAG(s) dict_keys(['example_external_task_marker_child', 'example_external_task_marker_parent']) retrieved from /home/airflow/.local/lib/python3.7/site-packages/airflow/example_dags/example_external_task_marker_dag.py
[2024-07-26T13:43:21.522+0000] {logging_mixin.py:120} INFO - [2024-07-26T13:43:21.522+0000] {dag.py:2585} INFO - Sync 2 DAGs
[2024-07-26T13:43:21.542+0000] {logging_mixin.py:120} INFO - [2024-07-26T13:43:21.542+0000] {dag.py:3340} INFO - Setting next_dagrun for example_external_task_marker_child to None, run_after=None
[2024-07-26T13:43:21.547+0000] {logging_mixin.py:120} INFO - [2024-07-26T13:43:21.547+0000] {dag.py:3340} INFO - Setting next_dagrun for example_external_task_marker_parent to None, run_after=None
[2024-07-26T13:43:21.563+0000] {processor.py:176} INFO - Processing /home/airflow/.local/lib/python3.7/site-packages/airflow/example_dags/example_external_task_marker_dag.py took 0.318 seconds
[2024-07-26T13:46:53.127+0000] {processor.py:154} INFO - Started process (PID=7624) to work on /home/airflow/.local/lib/python3.7/site-packages/airflow/example_dags/example_external_task_marker_dag.py
[2024-07-26T13:46:53.132+0000] {processor.py:756} INFO - Processing file /home/airflow/.local/lib/python3.7/site-packages/airflow/example_dags/example_external_task_marker_dag.py for tasks to queue
[2024-07-26T13:46:53.133+0000] {logging_mixin.py:120} INFO - [2024-07-26T13:46:53.132+0000] {dagbag.py:537} INFO - Filling up the DagBag from /home/airflow/.local/lib/python3.7/site-packages/airflow/example_dags/example_external_task_marker_dag.py
[2024-07-26T13:46:53.150+0000] {processor.py:766} INFO - DAG(s) dict_keys(['example_external_task_marker_parent', 'example_external_task_marker_child']) retrieved from /home/airflow/.local/lib/python3.7/site-packages/airflow/example_dags/example_external_task_marker_dag.py
[2024-07-26T13:46:53.378+0000] {logging_mixin.py:120} INFO - [2024-07-26T13:46:53.378+0000] {dag.py:2585} INFO - Sync 2 DAGs
[2024-07-26T13:46:53.413+0000] {logging_mixin.py:120} INFO - [2024-07-26T13:46:53.413+0000] {dag.py:3340} INFO - Setting next_dagrun for example_external_task_marker_child to None, run_after=None
[2024-07-26T13:46:53.418+0000] {logging_mixin.py:120} INFO - [2024-07-26T13:46:53.418+0000] {dag.py:3340} INFO - Setting next_dagrun for example_external_task_marker_parent to None, run_after=None
[2024-07-26T13:46:53.453+0000] {processor.py:176} INFO - Processing /home/airflow/.local/lib/python3.7/site-packages/airflow/example_dags/example_external_task_marker_dag.py took 0.329 seconds
[2024-07-26T13:52:21.984+0000] {processor.py:154} INFO - Started process (PID=7679) to work on /home/airflow/.local/lib/python3.7/site-packages/airflow/example_dags/example_external_task_marker_dag.py
[2024-07-26T13:52:21.986+0000] {processor.py:756} INFO - Processing file /home/airflow/.local/lib/python3.7/site-packages/airflow/example_dags/example_external_task_marker_dag.py for tasks to queue
[2024-07-26T13:52:21.987+0000] {logging_mixin.py:120} INFO - [2024-07-26T13:52:21.987+0000] {dagbag.py:537} INFO - Filling up the DagBag from /home/airflow/.local/lib/python3.7/site-packages/airflow/example_dags/example_external_task_marker_dag.py
[2024-07-26T13:52:22.000+0000] {processor.py:766} INFO - DAG(s) dict_keys(['example_external_task_marker_child', 'example_external_task_marker_parent']) retrieved from /home/airflow/.local/lib/python3.7/site-packages/airflow/example_dags/example_external_task_marker_dag.py
[2024-07-26T13:52:22.146+0000] {logging_mixin.py:120} INFO - [2024-07-26T13:52:22.146+0000] {dag.py:2585} INFO - Sync 2 DAGs
[2024-07-26T13:52:22.166+0000] {logging_mixin.py:120} INFO - [2024-07-26T13:52:22.166+0000] {dag.py:3340} INFO - Setting next_dagrun for example_external_task_marker_child to None, run_after=None
[2024-07-26T13:52:22.170+0000] {logging_mixin.py:120} INFO - [2024-07-26T13:52:22.170+0000] {dag.py:3340} INFO - Setting next_dagrun for example_external_task_marker_parent to None, run_after=None
[2024-07-26T13:52:22.192+0000] {processor.py:176} INFO - Processing /home/airflow/.local/lib/python3.7/site-packages/airflow/example_dags/example_external_task_marker_dag.py took 0.212 seconds
[2024-07-26T13:54:20.795+0000] {processor.py:154} INFO - Started process (PID=7743) to work on /home/airflow/.local/lib/python3.7/site-packages/airflow/example_dags/example_external_task_marker_dag.py
[2024-07-26T13:54:20.795+0000] {processor.py:756} INFO - Processing file /home/airflow/.local/lib/python3.7/site-packages/airflow/example_dags/example_external_task_marker_dag.py for tasks to queue
[2024-07-26T13:54:20.796+0000] {logging_mixin.py:120} INFO - [2024-07-26T13:54:20.796+0000] {dagbag.py:537} INFO - Filling up the DagBag from /home/airflow/.local/lib/python3.7/site-packages/airflow/example_dags/example_external_task_marker_dag.py
[2024-07-26T13:54:20.805+0000] {processor.py:766} INFO - DAG(s) dict_keys(['example_external_task_marker_parent', 'example_external_task_marker_child']) retrieved from /home/airflow/.local/lib/python3.7/site-packages/airflow/example_dags/example_external_task_marker_dag.py
[2024-07-26T13:54:20.914+0000] {logging_mixin.py:120} INFO - [2024-07-26T13:54:20.914+0000] {dag.py:2585} INFO - Sync 2 DAGs
[2024-07-26T13:54:20.929+0000] {logging_mixin.py:120} INFO - [2024-07-26T13:54:20.929+0000] {dag.py:3340} INFO - Setting next_dagrun for example_external_task_marker_child to None, run_after=None
[2024-07-26T13:54:20.931+0000] {logging_mixin.py:120} INFO - [2024-07-26T13:54:20.931+0000] {dag.py:3340} INFO - Setting next_dagrun for example_external_task_marker_parent to None, run_after=None
[2024-07-26T13:54:20.944+0000] {processor.py:176} INFO - Processing /home/airflow/.local/lib/python3.7/site-packages/airflow/example_dags/example_external_task_marker_dag.py took 0.151 seconds
[2024-07-26T13:55:28.870+0000] {processor.py:154} INFO - Started process (PID=7807) to work on /home/airflow/.local/lib/python3.7/site-packages/airflow/example_dags/example_external_task_marker_dag.py
[2024-07-26T13:55:28.871+0000] {processor.py:756} INFO - Processing file /home/airflow/.local/lib/python3.7/site-packages/airflow/example_dags/example_external_task_marker_dag.py for tasks to queue
[2024-07-26T13:55:28.872+0000] {logging_mixin.py:120} INFO - [2024-07-26T13:55:28.872+0000] {dagbag.py:537} INFO - Filling up the DagBag from /home/airflow/.local/lib/python3.7/site-packages/airflow/example_dags/example_external_task_marker_dag.py
[2024-07-26T13:55:28.881+0000] {processor.py:766} INFO - DAG(s) dict_keys(['example_external_task_marker_child', 'example_external_task_marker_parent']) retrieved from /home/airflow/.local/lib/python3.7/site-packages/airflow/example_dags/example_external_task_marker_dag.py
[2024-07-26T13:55:28.982+0000] {logging_mixin.py:120} INFO - [2024-07-26T13:55:28.982+0000] {dag.py:2585} INFO - Sync 2 DAGs
[2024-07-26T13:55:28.996+0000] {logging_mixin.py:120} INFO - [2024-07-26T13:55:28.996+0000] {dag.py:3340} INFO - Setting next_dagrun for example_external_task_marker_child to None, run_after=None
[2024-07-26T13:55:28.999+0000] {logging_mixin.py:120} INFO - [2024-07-26T13:55:28.999+0000] {dag.py:3340} INFO - Setting next_dagrun for example_external_task_marker_parent to None, run_after=None
[2024-07-26T13:55:29.015+0000] {processor.py:176} INFO - Processing /home/airflow/.local/lib/python3.7/site-packages/airflow/example_dags/example_external_task_marker_dag.py took 0.146 seconds
[2024-07-26T14:05:30.275+0000] {processor.py:154} INFO - Started process (PID=7871) to work on /home/airflow/.local/lib/python3.7/site-packages/airflow/example_dags/example_external_task_marker_dag.py
[2024-07-26T14:05:30.275+0000] {processor.py:756} INFO - Processing file /home/airflow/.local/lib/python3.7/site-packages/airflow/example_dags/example_external_task_marker_dag.py for tasks to queue
[2024-07-26T14:05:30.276+0000] {logging_mixin.py:120} INFO - [2024-07-26T14:05:30.276+0000] {dagbag.py:537} INFO - Filling up the DagBag from /home/airflow/.local/lib/python3.7/site-packages/airflow/example_dags/example_external_task_marker_dag.py
[2024-07-26T14:05:30.283+0000] {processor.py:766} INFO - DAG(s) dict_keys(['example_external_task_marker_parent', 'example_external_task_marker_child']) retrieved from /home/airflow/.local/lib/python3.7/site-packages/airflow/example_dags/example_external_task_marker_dag.py
[2024-07-26T14:05:30.382+0000] {logging_mixin.py:120} INFO - [2024-07-26T14:05:30.382+0000] {dag.py:2585} INFO - Sync 2 DAGs
[2024-07-26T14:05:30.395+0000] {logging_mixin.py:120} INFO - [2024-07-26T14:05:30.394+0000] {dag.py:3340} INFO - Setting next_dagrun for example_external_task_marker_child to None, run_after=None
[2024-07-26T14:05:30.396+0000] {logging_mixin.py:120} INFO - [2024-07-26T14:05:30.396+0000] {dag.py:3340} INFO - Setting next_dagrun for example_external_task_marker_parent to None, run_after=None
[2024-07-26T14:05:30.406+0000] {processor.py:176} INFO - Processing /home/airflow/.local/lib/python3.7/site-packages/airflow/example_dags/example_external_task_marker_dag.py took 0.133 seconds
[2024-07-26T14:06:19.711+0000] {processor.py:154} INFO - Started process (PID=7925) to work on /home/airflow/.local/lib/python3.7/site-packages/airflow/example_dags/example_external_task_marker_dag.py
[2024-07-26T14:06:19.712+0000] {processor.py:756} INFO - Processing file /home/airflow/.local/lib/python3.7/site-packages/airflow/example_dags/example_external_task_marker_dag.py for tasks to queue
[2024-07-26T14:06:19.712+0000] {logging_mixin.py:120} INFO - [2024-07-26T14:06:19.712+0000] {dagbag.py:537} INFO - Filling up the DagBag from /home/airflow/.local/lib/python3.7/site-packages/airflow/example_dags/example_external_task_marker_dag.py
[2024-07-26T14:06:19.720+0000] {processor.py:766} INFO - DAG(s) dict_keys(['example_external_task_marker_parent', 'example_external_task_marker_child']) retrieved from /home/airflow/.local/lib/python3.7/site-packages/airflow/example_dags/example_external_task_marker_dag.py
[2024-07-26T14:06:19.850+0000] {logging_mixin.py:120} INFO - [2024-07-26T14:06:19.850+0000] {dag.py:2585} INFO - Sync 2 DAGs
[2024-07-26T14:06:19.869+0000] {logging_mixin.py:120} INFO - [2024-07-26T14:06:19.869+0000] {dag.py:3340} INFO - Setting next_dagrun for example_external_task_marker_child to None, run_after=None
[2024-07-26T14:06:19.872+0000] {logging_mixin.py:120} INFO - [2024-07-26T14:06:19.872+0000] {dag.py:3340} INFO - Setting next_dagrun for example_external_task_marker_parent to None, run_after=None
[2024-07-26T14:06:19.887+0000] {processor.py:176} INFO - Processing /home/airflow/.local/lib/python3.7/site-packages/airflow/example_dags/example_external_task_marker_dag.py took 0.178 seconds
