[2024-07-26T00:02:55.200+0000] {processor.py:154} INFO - Started process (PID=4803) to work on /home/airflow/.local/lib/python3.7/site-packages/airflow/example_dags/example_time_delta_sensor_async.py
[2024-07-26T00:02:55.203+0000] {processor.py:756} INFO - Processing file /home/airflow/.local/lib/python3.7/site-packages/airflow/example_dags/example_time_delta_sensor_async.py for tasks to queue
[2024-07-26T00:02:55.203+0000] {logging_mixin.py:120} INFO - [2024-07-26T00:02:55.203+0000] {dagbag.py:537} INFO - Filling up the DagBag from /home/airflow/.local/lib/python3.7/site-packages/airflow/example_dags/example_time_delta_sensor_async.py
[2024-07-26T00:02:55.210+0000] {processor.py:766} INFO - DAG(s) dict_keys(['example_time_delta_sensor_async']) retrieved from /home/airflow/.local/lib/python3.7/site-packages/airflow/example_dags/example_time_delta_sensor_async.py
[2024-07-26T00:02:55.329+0000] {logging_mixin.py:120} INFO - [2024-07-26T00:02:55.329+0000] {dag.py:2585} INFO - Sync 1 DAGs
[2024-07-26T00:02:55.344+0000] {logging_mixin.py:120} INFO - [2024-07-26T00:02:55.344+0000] {dag.py:3340} INFO - Setting next_dagrun for example_time_delta_sensor_async to None, run_after=None
[2024-07-26T00:02:55.366+0000] {processor.py:176} INFO - Processing /home/airflow/.local/lib/python3.7/site-packages/airflow/example_dags/example_time_delta_sensor_async.py took 0.167 seconds
[2024-07-26T00:16:07.803+0000] {processor.py:154} INFO - Started process (PID=4858) to work on /home/airflow/.local/lib/python3.7/site-packages/airflow/example_dags/example_time_delta_sensor_async.py
[2024-07-26T00:16:07.810+0000] {processor.py:756} INFO - Processing file /home/airflow/.local/lib/python3.7/site-packages/airflow/example_dags/example_time_delta_sensor_async.py for tasks to queue
[2024-07-26T00:16:07.812+0000] {logging_mixin.py:120} INFO - [2024-07-26T00:16:07.812+0000] {dagbag.py:537} INFO - Filling up the DagBag from /home/airflow/.local/lib/python3.7/site-packages/airflow/example_dags/example_time_delta_sensor_async.py
[2024-07-26T00:16:07.823+0000] {processor.py:766} INFO - DAG(s) dict_keys(['example_time_delta_sensor_async']) retrieved from /home/airflow/.local/lib/python3.7/site-packages/airflow/example_dags/example_time_delta_sensor_async.py
[2024-07-26T00:16:07.940+0000] {logging_mixin.py:120} INFO - [2024-07-26T00:16:07.940+0000] {dag.py:2585} INFO - Sync 1 DAGs
[2024-07-26T00:16:07.972+0000] {logging_mixin.py:120} INFO - [2024-07-26T00:16:07.971+0000] {dag.py:3340} INFO - Setting next_dagrun for example_time_delta_sensor_async to None, run_after=None
[2024-07-26T00:16:07.994+0000] {processor.py:176} INFO - Processing /home/airflow/.local/lib/python3.7/site-packages/airflow/example_dags/example_time_delta_sensor_async.py took 0.193 seconds
[2024-07-26T00:40:53.654+0000] {processor.py:154} INFO - Started process (PID=4922) to work on /home/airflow/.local/lib/python3.7/site-packages/airflow/example_dags/example_time_delta_sensor_async.py
[2024-07-26T00:40:53.656+0000] {processor.py:756} INFO - Processing file /home/airflow/.local/lib/python3.7/site-packages/airflow/example_dags/example_time_delta_sensor_async.py for tasks to queue
[2024-07-26T00:40:53.656+0000] {logging_mixin.py:120} INFO - [2024-07-26T00:40:53.656+0000] {dagbag.py:537} INFO - Filling up the DagBag from /home/airflow/.local/lib/python3.7/site-packages/airflow/example_dags/example_time_delta_sensor_async.py
[2024-07-26T00:40:53.664+0000] {processor.py:766} INFO - DAG(s) dict_keys(['example_time_delta_sensor_async']) retrieved from /home/airflow/.local/lib/python3.7/site-packages/airflow/example_dags/example_time_delta_sensor_async.py
[2024-07-26T00:40:53.762+0000] {logging_mixin.py:120} INFO - [2024-07-26T00:40:53.762+0000] {dag.py:2585} INFO - Sync 1 DAGs
[2024-07-26T00:40:53.778+0000] {logging_mixin.py:120} INFO - [2024-07-26T00:40:53.778+0000] {dag.py:3340} INFO - Setting next_dagrun for example_time_delta_sensor_async to None, run_after=None
[2024-07-26T00:40:53.791+0000] {processor.py:176} INFO - Processing /home/airflow/.local/lib/python3.7/site-packages/airflow/example_dags/example_time_delta_sensor_async.py took 0.139 seconds
[2024-07-26T01:30:34.289+0000] {processor.py:154} INFO - Started process (PID=4986) to work on /home/airflow/.local/lib/python3.7/site-packages/airflow/example_dags/example_time_delta_sensor_async.py
[2024-07-26T01:30:34.290+0000] {processor.py:756} INFO - Processing file /home/airflow/.local/lib/python3.7/site-packages/airflow/example_dags/example_time_delta_sensor_async.py for tasks to queue
[2024-07-26T01:30:34.290+0000] {logging_mixin.py:120} INFO - [2024-07-26T01:30:34.290+0000] {dagbag.py:537} INFO - Filling up the DagBag from /home/airflow/.local/lib/python3.7/site-packages/airflow/example_dags/example_time_delta_sensor_async.py
[2024-07-26T01:30:34.301+0000] {processor.py:766} INFO - DAG(s) dict_keys(['example_time_delta_sensor_async']) retrieved from /home/airflow/.local/lib/python3.7/site-packages/airflow/example_dags/example_time_delta_sensor_async.py
[2024-07-26T01:30:34.409+0000] {logging_mixin.py:120} INFO - [2024-07-26T01:30:34.409+0000] {dag.py:2585} INFO - Sync 1 DAGs
[2024-07-26T01:30:34.423+0000] {logging_mixin.py:120} INFO - [2024-07-26T01:30:34.423+0000] {dag.py:3340} INFO - Setting next_dagrun for example_time_delta_sensor_async to None, run_after=None
[2024-07-26T01:30:34.438+0000] {processor.py:176} INFO - Processing /home/airflow/.local/lib/python3.7/site-packages/airflow/example_dags/example_time_delta_sensor_async.py took 0.152 seconds
[2024-07-26T02:00:30.795+0000] {processor.py:154} INFO - Started process (PID=5050) to work on /home/airflow/.local/lib/python3.7/site-packages/airflow/example_dags/example_time_delta_sensor_async.py
[2024-07-26T02:00:30.796+0000] {processor.py:756} INFO - Processing file /home/airflow/.local/lib/python3.7/site-packages/airflow/example_dags/example_time_delta_sensor_async.py for tasks to queue
[2024-07-26T02:00:30.797+0000] {logging_mixin.py:120} INFO - [2024-07-26T02:00:30.797+0000] {dagbag.py:537} INFO - Filling up the DagBag from /home/airflow/.local/lib/python3.7/site-packages/airflow/example_dags/example_time_delta_sensor_async.py
[2024-07-26T02:00:30.809+0000] {processor.py:766} INFO - DAG(s) dict_keys(['example_time_delta_sensor_async']) retrieved from /home/airflow/.local/lib/python3.7/site-packages/airflow/example_dags/example_time_delta_sensor_async.py
[2024-07-26T02:00:30.926+0000] {logging_mixin.py:120} INFO - [2024-07-26T02:00:30.926+0000] {dag.py:2585} INFO - Sync 1 DAGs
[2024-07-26T02:00:30.945+0000] {logging_mixin.py:120} INFO - [2024-07-26T02:00:30.945+0000] {dag.py:3340} INFO - Setting next_dagrun for example_time_delta_sensor_async to None, run_after=None
[2024-07-26T02:00:30.963+0000] {processor.py:176} INFO - Processing /home/airflow/.local/lib/python3.7/site-packages/airflow/example_dags/example_time_delta_sensor_async.py took 0.172 seconds
[2024-07-26T02:13:03.444+0000] {processor.py:154} INFO - Started process (PID=5113) to work on /home/airflow/.local/lib/python3.7/site-packages/airflow/example_dags/example_time_delta_sensor_async.py
[2024-07-26T02:13:03.447+0000] {processor.py:756} INFO - Processing file /home/airflow/.local/lib/python3.7/site-packages/airflow/example_dags/example_time_delta_sensor_async.py for tasks to queue
[2024-07-26T02:13:03.448+0000] {logging_mixin.py:120} INFO - [2024-07-26T02:13:03.448+0000] {dagbag.py:537} INFO - Filling up the DagBag from /home/airflow/.local/lib/python3.7/site-packages/airflow/example_dags/example_time_delta_sensor_async.py
[2024-07-26T02:13:03.464+0000] {processor.py:766} INFO - DAG(s) dict_keys(['example_time_delta_sensor_async']) retrieved from /home/airflow/.local/lib/python3.7/site-packages/airflow/example_dags/example_time_delta_sensor_async.py
[2024-07-26T02:13:03.610+0000] {logging_mixin.py:120} INFO - [2024-07-26T02:13:03.610+0000] {dag.py:2585} INFO - Sync 1 DAGs
[2024-07-26T02:13:03.631+0000] {logging_mixin.py:120} INFO - [2024-07-26T02:13:03.631+0000] {dag.py:3340} INFO - Setting next_dagrun for example_time_delta_sensor_async to None, run_after=None
[2024-07-26T02:13:03.663+0000] {processor.py:176} INFO - Processing /home/airflow/.local/lib/python3.7/site-packages/airflow/example_dags/example_time_delta_sensor_async.py took 0.224 seconds
[2024-07-26T02:39:12.835+0000] {processor.py:154} INFO - Started process (PID=5168) to work on /home/airflow/.local/lib/python3.7/site-packages/airflow/example_dags/example_time_delta_sensor_async.py
[2024-07-26T02:39:12.839+0000] {processor.py:756} INFO - Processing file /home/airflow/.local/lib/python3.7/site-packages/airflow/example_dags/example_time_delta_sensor_async.py for tasks to queue
[2024-07-26T02:39:12.842+0000] {logging_mixin.py:120} INFO - [2024-07-26T02:39:12.842+0000] {dagbag.py:537} INFO - Filling up the DagBag from /home/airflow/.local/lib/python3.7/site-packages/airflow/example_dags/example_time_delta_sensor_async.py
[2024-07-26T02:39:12.851+0000] {processor.py:766} INFO - DAG(s) dict_keys(['example_time_delta_sensor_async']) retrieved from /home/airflow/.local/lib/python3.7/site-packages/airflow/example_dags/example_time_delta_sensor_async.py
[2024-07-26T02:39:12.955+0000] {logging_mixin.py:120} INFO - [2024-07-26T02:39:12.955+0000] {dag.py:2585} INFO - Sync 1 DAGs
[2024-07-26T02:39:12.971+0000] {logging_mixin.py:120} INFO - [2024-07-26T02:39:12.971+0000] {dag.py:3340} INFO - Setting next_dagrun for example_time_delta_sensor_async to None, run_after=None
[2024-07-26T02:39:12.983+0000] {processor.py:176} INFO - Processing /home/airflow/.local/lib/python3.7/site-packages/airflow/example_dags/example_time_delta_sensor_async.py took 0.150 seconds
[2024-07-26T02:58:12.335+0000] {processor.py:154} INFO - Started process (PID=5232) to work on /home/airflow/.local/lib/python3.7/site-packages/airflow/example_dags/example_time_delta_sensor_async.py
[2024-07-26T02:58:12.340+0000] {processor.py:756} INFO - Processing file /home/airflow/.local/lib/python3.7/site-packages/airflow/example_dags/example_time_delta_sensor_async.py for tasks to queue
[2024-07-26T02:58:12.341+0000] {logging_mixin.py:120} INFO - [2024-07-26T02:58:12.341+0000] {dagbag.py:537} INFO - Filling up the DagBag from /home/airflow/.local/lib/python3.7/site-packages/airflow/example_dags/example_time_delta_sensor_async.py
[2024-07-26T02:58:12.347+0000] {processor.py:766} INFO - DAG(s) dict_keys(['example_time_delta_sensor_async']) retrieved from /home/airflow/.local/lib/python3.7/site-packages/airflow/example_dags/example_time_delta_sensor_async.py
[2024-07-26T02:58:12.454+0000] {logging_mixin.py:120} INFO - [2024-07-26T02:58:12.454+0000] {dag.py:2585} INFO - Sync 1 DAGs
[2024-07-26T02:58:12.471+0000] {logging_mixin.py:120} INFO - [2024-07-26T02:58:12.471+0000] {dag.py:3340} INFO - Setting next_dagrun for example_time_delta_sensor_async to None, run_after=None
[2024-07-26T02:58:12.483+0000] {processor.py:176} INFO - Processing /home/airflow/.local/lib/python3.7/site-packages/airflow/example_dags/example_time_delta_sensor_async.py took 0.150 seconds
[2024-07-26T03:01:35.179+0000] {processor.py:154} INFO - Started process (PID=5296) to work on /home/airflow/.local/lib/python3.7/site-packages/airflow/example_dags/example_time_delta_sensor_async.py
[2024-07-26T03:01:35.181+0000] {processor.py:756} INFO - Processing file /home/airflow/.local/lib/python3.7/site-packages/airflow/example_dags/example_time_delta_sensor_async.py for tasks to queue
[2024-07-26T03:01:35.181+0000] {logging_mixin.py:120} INFO - [2024-07-26T03:01:35.181+0000] {dagbag.py:537} INFO - Filling up the DagBag from /home/airflow/.local/lib/python3.7/site-packages/airflow/example_dags/example_time_delta_sensor_async.py
[2024-07-26T03:01:35.193+0000] {processor.py:766} INFO - DAG(s) dict_keys(['example_time_delta_sensor_async']) retrieved from /home/airflow/.local/lib/python3.7/site-packages/airflow/example_dags/example_time_delta_sensor_async.py
[2024-07-26T03:01:35.303+0000] {logging_mixin.py:120} INFO - [2024-07-26T03:01:35.303+0000] {dag.py:2585} INFO - Sync 1 DAGs
[2024-07-26T03:01:35.329+0000] {logging_mixin.py:120} INFO - [2024-07-26T03:01:35.329+0000] {dag.py:3340} INFO - Setting next_dagrun for example_time_delta_sensor_async to None, run_after=None
[2024-07-26T03:01:35.345+0000] {processor.py:176} INFO - Processing /home/airflow/.local/lib/python3.7/site-packages/airflow/example_dags/example_time_delta_sensor_async.py took 0.168 seconds
[2024-07-26T03:15:41.748+0000] {processor.py:154} INFO - Started process (PID=5360) to work on /home/airflow/.local/lib/python3.7/site-packages/airflow/example_dags/example_time_delta_sensor_async.py
[2024-07-26T03:15:41.749+0000] {processor.py:756} INFO - Processing file /home/airflow/.local/lib/python3.7/site-packages/airflow/example_dags/example_time_delta_sensor_async.py for tasks to queue
[2024-07-26T03:15:41.750+0000] {logging_mixin.py:120} INFO - [2024-07-26T03:15:41.750+0000] {dagbag.py:537} INFO - Filling up the DagBag from /home/airflow/.local/lib/python3.7/site-packages/airflow/example_dags/example_time_delta_sensor_async.py
[2024-07-26T03:15:41.757+0000] {processor.py:766} INFO - DAG(s) dict_keys(['example_time_delta_sensor_async']) retrieved from /home/airflow/.local/lib/python3.7/site-packages/airflow/example_dags/example_time_delta_sensor_async.py
[2024-07-26T03:15:41.868+0000] {logging_mixin.py:120} INFO - [2024-07-26T03:15:41.868+0000] {dag.py:2585} INFO - Sync 1 DAGs
[2024-07-26T03:15:41.883+0000] {logging_mixin.py:120} INFO - [2024-07-26T03:15:41.883+0000] {dag.py:3340} INFO - Setting next_dagrun for example_time_delta_sensor_async to None, run_after=None
[2024-07-26T03:15:41.895+0000] {processor.py:176} INFO - Processing /home/airflow/.local/lib/python3.7/site-packages/airflow/example_dags/example_time_delta_sensor_async.py took 0.149 seconds
[2024-07-26T03:32:16.654+0000] {processor.py:154} INFO - Started process (PID=5415) to work on /home/airflow/.local/lib/python3.7/site-packages/airflow/example_dags/example_time_delta_sensor_async.py
[2024-07-26T03:32:16.657+0000] {processor.py:756} INFO - Processing file /home/airflow/.local/lib/python3.7/site-packages/airflow/example_dags/example_time_delta_sensor_async.py for tasks to queue
[2024-07-26T03:32:16.659+0000] {logging_mixin.py:120} INFO - [2024-07-26T03:32:16.659+0000] {dagbag.py:537} INFO - Filling up the DagBag from /home/airflow/.local/lib/python3.7/site-packages/airflow/example_dags/example_time_delta_sensor_async.py
[2024-07-26T03:32:16.669+0000] {processor.py:766} INFO - DAG(s) dict_keys(['example_time_delta_sensor_async']) retrieved from /home/airflow/.local/lib/python3.7/site-packages/airflow/example_dags/example_time_delta_sensor_async.py
[2024-07-26T03:32:16.780+0000] {logging_mixin.py:120} INFO - [2024-07-26T03:32:16.780+0000] {dag.py:2585} INFO - Sync 1 DAGs
[2024-07-26T03:32:16.824+0000] {logging_mixin.py:120} INFO - [2024-07-26T03:32:16.824+0000] {dag.py:3340} INFO - Setting next_dagrun for example_time_delta_sensor_async to None, run_after=None
[2024-07-26T03:32:16.852+0000] {processor.py:176} INFO - Processing /home/airflow/.local/lib/python3.7/site-packages/airflow/example_dags/example_time_delta_sensor_async.py took 0.200 seconds
[2024-07-26T03:56:59.541+0000] {processor.py:154} INFO - Started process (PID=5479) to work on /home/airflow/.local/lib/python3.7/site-packages/airflow/example_dags/example_time_delta_sensor_async.py
[2024-07-26T03:56:59.544+0000] {processor.py:756} INFO - Processing file /home/airflow/.local/lib/python3.7/site-packages/airflow/example_dags/example_time_delta_sensor_async.py for tasks to queue
[2024-07-26T03:56:59.548+0000] {logging_mixin.py:120} INFO - [2024-07-26T03:56:59.548+0000] {dagbag.py:537} INFO - Filling up the DagBag from /home/airflow/.local/lib/python3.7/site-packages/airflow/example_dags/example_time_delta_sensor_async.py
[2024-07-26T03:56:59.554+0000] {processor.py:766} INFO - DAG(s) dict_keys(['example_time_delta_sensor_async']) retrieved from /home/airflow/.local/lib/python3.7/site-packages/airflow/example_dags/example_time_delta_sensor_async.py
[2024-07-26T03:56:59.660+0000] {logging_mixin.py:120} INFO - [2024-07-26T03:56:59.659+0000] {dag.py:2585} INFO - Sync 1 DAGs
[2024-07-26T03:56:59.679+0000] {logging_mixin.py:120} INFO - [2024-07-26T03:56:59.679+0000] {dag.py:3340} INFO - Setting next_dagrun for example_time_delta_sensor_async to None, run_after=None
[2024-07-26T03:56:59.690+0000] {processor.py:176} INFO - Processing /home/airflow/.local/lib/python3.7/site-packages/airflow/example_dags/example_time_delta_sensor_async.py took 0.152 seconds
[2024-07-26T04:02:05.362+0000] {processor.py:154} INFO - Started process (PID=5543) to work on /home/airflow/.local/lib/python3.7/site-packages/airflow/example_dags/example_time_delta_sensor_async.py
[2024-07-26T04:02:05.364+0000] {processor.py:756} INFO - Processing file /home/airflow/.local/lib/python3.7/site-packages/airflow/example_dags/example_time_delta_sensor_async.py for tasks to queue
[2024-07-26T04:02:05.364+0000] {logging_mixin.py:120} INFO - [2024-07-26T04:02:05.364+0000] {dagbag.py:537} INFO - Filling up the DagBag from /home/airflow/.local/lib/python3.7/site-packages/airflow/example_dags/example_time_delta_sensor_async.py
[2024-07-26T04:02:05.372+0000] {processor.py:766} INFO - DAG(s) dict_keys(['example_time_delta_sensor_async']) retrieved from /home/airflow/.local/lib/python3.7/site-packages/airflow/example_dags/example_time_delta_sensor_async.py
[2024-07-26T04:02:05.482+0000] {logging_mixin.py:120} INFO - [2024-07-26T04:02:05.482+0000] {dag.py:2585} INFO - Sync 1 DAGs
[2024-07-26T04:02:05.501+0000] {logging_mixin.py:120} INFO - [2024-07-26T04:02:05.501+0000] {dag.py:3340} INFO - Setting next_dagrun for example_time_delta_sensor_async to None, run_after=None
[2024-07-26T04:02:05.518+0000] {processor.py:176} INFO - Processing /home/airflow/.local/lib/python3.7/site-packages/airflow/example_dags/example_time_delta_sensor_async.py took 0.157 seconds
[2024-07-26T04:04:17.885+0000] {processor.py:154} INFO - Started process (PID=5607) to work on /home/airflow/.local/lib/python3.7/site-packages/airflow/example_dags/example_time_delta_sensor_async.py
[2024-07-26T04:04:17.887+0000] {processor.py:756} INFO - Processing file /home/airflow/.local/lib/python3.7/site-packages/airflow/example_dags/example_time_delta_sensor_async.py for tasks to queue
[2024-07-26T04:04:17.887+0000] {logging_mixin.py:120} INFO - [2024-07-26T04:04:17.887+0000] {dagbag.py:537} INFO - Filling up the DagBag from /home/airflow/.local/lib/python3.7/site-packages/airflow/example_dags/example_time_delta_sensor_async.py
[2024-07-26T04:04:17.894+0000] {processor.py:766} INFO - DAG(s) dict_keys(['example_time_delta_sensor_async']) retrieved from /home/airflow/.local/lib/python3.7/site-packages/airflow/example_dags/example_time_delta_sensor_async.py
[2024-07-26T04:04:18.009+0000] {logging_mixin.py:120} INFO - [2024-07-26T04:04:18.009+0000] {dag.py:2585} INFO - Sync 1 DAGs
[2024-07-26T04:04:18.026+0000] {logging_mixin.py:120} INFO - [2024-07-26T04:04:18.025+0000] {dag.py:3340} INFO - Setting next_dagrun for example_time_delta_sensor_async to None, run_after=None
[2024-07-26T04:04:18.036+0000] {processor.py:176} INFO - Processing /home/airflow/.local/lib/python3.7/site-packages/airflow/example_dags/example_time_delta_sensor_async.py took 0.153 seconds
[2024-07-26T04:06:04.995+0000] {processor.py:154} INFO - Started process (PID=5670) to work on /home/airflow/.local/lib/python3.7/site-packages/airflow/example_dags/example_time_delta_sensor_async.py
[2024-07-26T04:06:04.998+0000] {processor.py:756} INFO - Processing file /home/airflow/.local/lib/python3.7/site-packages/airflow/example_dags/example_time_delta_sensor_async.py for tasks to queue
[2024-07-26T04:06:04.999+0000] {logging_mixin.py:120} INFO - [2024-07-26T04:06:04.999+0000] {dagbag.py:537} INFO - Filling up the DagBag from /home/airflow/.local/lib/python3.7/site-packages/airflow/example_dags/example_time_delta_sensor_async.py
[2024-07-26T04:06:05.008+0000] {processor.py:766} INFO - DAG(s) dict_keys(['example_time_delta_sensor_async']) retrieved from /home/airflow/.local/lib/python3.7/site-packages/airflow/example_dags/example_time_delta_sensor_async.py
[2024-07-26T04:06:05.113+0000] {logging_mixin.py:120} INFO - [2024-07-26T04:06:05.113+0000] {dag.py:2585} INFO - Sync 1 DAGs
[2024-07-26T04:06:05.129+0000] {logging_mixin.py:120} INFO - [2024-07-26T04:06:05.129+0000] {dag.py:3340} INFO - Setting next_dagrun for example_time_delta_sensor_async to None, run_after=None
[2024-07-26T04:06:05.138+0000] {processor.py:176} INFO - Processing /home/airflow/.local/lib/python3.7/site-packages/airflow/example_dags/example_time_delta_sensor_async.py took 0.145 seconds
[2024-07-26T04:08:06.282+0000] {processor.py:154} INFO - Started process (PID=5725) to work on /home/airflow/.local/lib/python3.7/site-packages/airflow/example_dags/example_time_delta_sensor_async.py
[2024-07-26T04:08:06.285+0000] {processor.py:756} INFO - Processing file /home/airflow/.local/lib/python3.7/site-packages/airflow/example_dags/example_time_delta_sensor_async.py for tasks to queue
[2024-07-26T04:08:06.285+0000] {logging_mixin.py:120} INFO - [2024-07-26T04:08:06.285+0000] {dagbag.py:537} INFO - Filling up the DagBag from /home/airflow/.local/lib/python3.7/site-packages/airflow/example_dags/example_time_delta_sensor_async.py
[2024-07-26T04:08:06.294+0000] {processor.py:766} INFO - DAG(s) dict_keys(['example_time_delta_sensor_async']) retrieved from /home/airflow/.local/lib/python3.7/site-packages/airflow/example_dags/example_time_delta_sensor_async.py
[2024-07-26T04:08:06.397+0000] {logging_mixin.py:120} INFO - [2024-07-26T04:08:06.397+0000] {dag.py:2585} INFO - Sync 1 DAGs
[2024-07-26T04:08:06.413+0000] {logging_mixin.py:120} INFO - [2024-07-26T04:08:06.413+0000] {dag.py:3340} INFO - Setting next_dagrun for example_time_delta_sensor_async to None, run_after=None
[2024-07-26T04:08:06.431+0000] {processor.py:176} INFO - Processing /home/airflow/.local/lib/python3.7/site-packages/airflow/example_dags/example_time_delta_sensor_async.py took 0.150 seconds
[2024-07-26T04:09:02.364+0000] {processor.py:154} INFO - Started process (PID=5789) to work on /home/airflow/.local/lib/python3.7/site-packages/airflow/example_dags/example_time_delta_sensor_async.py
[2024-07-26T04:09:02.367+0000] {processor.py:756} INFO - Processing file /home/airflow/.local/lib/python3.7/site-packages/airflow/example_dags/example_time_delta_sensor_async.py for tasks to queue
[2024-07-26T04:09:02.368+0000] {logging_mixin.py:120} INFO - [2024-07-26T04:09:02.368+0000] {dagbag.py:537} INFO - Filling up the DagBag from /home/airflow/.local/lib/python3.7/site-packages/airflow/example_dags/example_time_delta_sensor_async.py
[2024-07-26T04:09:02.374+0000] {processor.py:766} INFO - DAG(s) dict_keys(['example_time_delta_sensor_async']) retrieved from /home/airflow/.local/lib/python3.7/site-packages/airflow/example_dags/example_time_delta_sensor_async.py
[2024-07-26T04:09:02.481+0000] {logging_mixin.py:120} INFO - [2024-07-26T04:09:02.480+0000] {dag.py:2585} INFO - Sync 1 DAGs
[2024-07-26T04:09:02.494+0000] {logging_mixin.py:120} INFO - [2024-07-26T04:09:02.494+0000] {dag.py:3340} INFO - Setting next_dagrun for example_time_delta_sensor_async to None, run_after=None
[2024-07-26T04:09:02.508+0000] {processor.py:176} INFO - Processing /home/airflow/.local/lib/python3.7/site-packages/airflow/example_dags/example_time_delta_sensor_async.py took 0.145 seconds
[2024-07-26T04:10:11.921+0000] {processor.py:154} INFO - Started process (PID=5854) to work on /home/airflow/.local/lib/python3.7/site-packages/airflow/example_dags/example_time_delta_sensor_async.py
[2024-07-26T04:10:11.921+0000] {processor.py:756} INFO - Processing file /home/airflow/.local/lib/python3.7/site-packages/airflow/example_dags/example_time_delta_sensor_async.py for tasks to queue
[2024-07-26T04:10:11.922+0000] {logging_mixin.py:120} INFO - [2024-07-26T04:10:11.922+0000] {dagbag.py:537} INFO - Filling up the DagBag from /home/airflow/.local/lib/python3.7/site-packages/airflow/example_dags/example_time_delta_sensor_async.py
[2024-07-26T04:10:11.931+0000] {processor.py:766} INFO - DAG(s) dict_keys(['example_time_delta_sensor_async']) retrieved from /home/airflow/.local/lib/python3.7/site-packages/airflow/example_dags/example_time_delta_sensor_async.py
[2024-07-26T04:10:12.036+0000] {logging_mixin.py:120} INFO - [2024-07-26T04:10:12.036+0000] {dag.py:2585} INFO - Sync 1 DAGs
[2024-07-26T04:10:12.050+0000] {logging_mixin.py:120} INFO - [2024-07-26T04:10:12.050+0000] {dag.py:3340} INFO - Setting next_dagrun for example_time_delta_sensor_async to None, run_after=None
[2024-07-26T04:10:12.059+0000] {processor.py:176} INFO - Processing /home/airflow/.local/lib/python3.7/site-packages/airflow/example_dags/example_time_delta_sensor_async.py took 0.141 seconds
[2024-07-26T04:11:38.806+0000] {processor.py:154} INFO - Started process (PID=5918) to work on /home/airflow/.local/lib/python3.7/site-packages/airflow/example_dags/example_time_delta_sensor_async.py
[2024-07-26T04:11:38.807+0000] {processor.py:756} INFO - Processing file /home/airflow/.local/lib/python3.7/site-packages/airflow/example_dags/example_time_delta_sensor_async.py for tasks to queue
[2024-07-26T04:11:38.808+0000] {logging_mixin.py:120} INFO - [2024-07-26T04:11:38.808+0000] {dagbag.py:537} INFO - Filling up the DagBag from /home/airflow/.local/lib/python3.7/site-packages/airflow/example_dags/example_time_delta_sensor_async.py
[2024-07-26T04:11:38.814+0000] {processor.py:766} INFO - DAG(s) dict_keys(['example_time_delta_sensor_async']) retrieved from /home/airflow/.local/lib/python3.7/site-packages/airflow/example_dags/example_time_delta_sensor_async.py
[2024-07-26T04:11:38.919+0000] {logging_mixin.py:120} INFO - [2024-07-26T04:11:38.919+0000] {dag.py:2585} INFO - Sync 1 DAGs
[2024-07-26T04:11:38.932+0000] {logging_mixin.py:120} INFO - [2024-07-26T04:11:38.932+0000] {dag.py:3340} INFO - Setting next_dagrun for example_time_delta_sensor_async to None, run_after=None
[2024-07-26T04:11:38.942+0000] {processor.py:176} INFO - Processing /home/airflow/.local/lib/python3.7/site-packages/airflow/example_dags/example_time_delta_sensor_async.py took 0.138 seconds
[2024-07-26T04:12:21.852+0000] {processor.py:154} INFO - Started process (PID=5982) to work on /home/airflow/.local/lib/python3.7/site-packages/airflow/example_dags/example_time_delta_sensor_async.py
[2024-07-26T04:12:21.854+0000] {processor.py:756} INFO - Processing file /home/airflow/.local/lib/python3.7/site-packages/airflow/example_dags/example_time_delta_sensor_async.py for tasks to queue
[2024-07-26T04:12:21.854+0000] {logging_mixin.py:120} INFO - [2024-07-26T04:12:21.854+0000] {dagbag.py:537} INFO - Filling up the DagBag from /home/airflow/.local/lib/python3.7/site-packages/airflow/example_dags/example_time_delta_sensor_async.py
[2024-07-26T04:12:21.865+0000] {processor.py:766} INFO - DAG(s) dict_keys(['example_time_delta_sensor_async']) retrieved from /home/airflow/.local/lib/python3.7/site-packages/airflow/example_dags/example_time_delta_sensor_async.py
[2024-07-26T04:12:21.980+0000] {logging_mixin.py:120} INFO - [2024-07-26T04:12:21.980+0000] {dag.py:2585} INFO - Sync 1 DAGs
[2024-07-26T04:12:21.999+0000] {logging_mixin.py:120} INFO - [2024-07-26T04:12:21.998+0000] {dag.py:3340} INFO - Setting next_dagrun for example_time_delta_sensor_async to None, run_after=None
[2024-07-26T04:12:22.008+0000] {processor.py:176} INFO - Processing /home/airflow/.local/lib/python3.7/site-packages/airflow/example_dags/example_time_delta_sensor_async.py took 0.158 seconds
[2024-07-26T04:13:15.631+0000] {processor.py:154} INFO - Started process (PID=6037) to work on /home/airflow/.local/lib/python3.7/site-packages/airflow/example_dags/example_time_delta_sensor_async.py
[2024-07-26T04:13:15.633+0000] {processor.py:756} INFO - Processing file /home/airflow/.local/lib/python3.7/site-packages/airflow/example_dags/example_time_delta_sensor_async.py for tasks to queue
[2024-07-26T04:13:15.634+0000] {logging_mixin.py:120} INFO - [2024-07-26T04:13:15.634+0000] {dagbag.py:537} INFO - Filling up the DagBag from /home/airflow/.local/lib/python3.7/site-packages/airflow/example_dags/example_time_delta_sensor_async.py
[2024-07-26T04:13:15.641+0000] {processor.py:766} INFO - DAG(s) dict_keys(['example_time_delta_sensor_async']) retrieved from /home/airflow/.local/lib/python3.7/site-packages/airflow/example_dags/example_time_delta_sensor_async.py
[2024-07-26T04:13:15.754+0000] {logging_mixin.py:120} INFO - [2024-07-26T04:13:15.754+0000] {dag.py:2585} INFO - Sync 1 DAGs
[2024-07-26T04:13:15.770+0000] {logging_mixin.py:120} INFO - [2024-07-26T04:13:15.770+0000] {dag.py:3340} INFO - Setting next_dagrun for example_time_delta_sensor_async to None, run_after=None
[2024-07-26T04:13:15.781+0000] {processor.py:176} INFO - Processing /home/airflow/.local/lib/python3.7/site-packages/airflow/example_dags/example_time_delta_sensor_async.py took 0.152 seconds
[2024-07-26T04:14:06.070+0000] {processor.py:154} INFO - Started process (PID=6100) to work on /home/airflow/.local/lib/python3.7/site-packages/airflow/example_dags/example_time_delta_sensor_async.py
[2024-07-26T04:14:06.071+0000] {processor.py:756} INFO - Processing file /home/airflow/.local/lib/python3.7/site-packages/airflow/example_dags/example_time_delta_sensor_async.py for tasks to queue
[2024-07-26T04:14:06.071+0000] {logging_mixin.py:120} INFO - [2024-07-26T04:14:06.071+0000] {dagbag.py:537} INFO - Filling up the DagBag from /home/airflow/.local/lib/python3.7/site-packages/airflow/example_dags/example_time_delta_sensor_async.py
[2024-07-26T04:14:06.078+0000] {processor.py:766} INFO - DAG(s) dict_keys(['example_time_delta_sensor_async']) retrieved from /home/airflow/.local/lib/python3.7/site-packages/airflow/example_dags/example_time_delta_sensor_async.py
[2024-07-26T04:14:06.174+0000] {logging_mixin.py:120} INFO - [2024-07-26T04:14:06.173+0000] {dag.py:2585} INFO - Sync 1 DAGs
[2024-07-26T04:14:06.188+0000] {logging_mixin.py:120} INFO - [2024-07-26T04:14:06.188+0000] {dag.py:3340} INFO - Setting next_dagrun for example_time_delta_sensor_async to None, run_after=None
[2024-07-26T04:14:06.204+0000] {processor.py:176} INFO - Processing /home/airflow/.local/lib/python3.7/site-packages/airflow/example_dags/example_time_delta_sensor_async.py took 0.136 seconds
[2024-07-26T04:18:34.684+0000] {processor.py:154} INFO - Started process (PID=6164) to work on /home/airflow/.local/lib/python3.7/site-packages/airflow/example_dags/example_time_delta_sensor_async.py
[2024-07-26T04:18:34.689+0000] {processor.py:756} INFO - Processing file /home/airflow/.local/lib/python3.7/site-packages/airflow/example_dags/example_time_delta_sensor_async.py for tasks to queue
[2024-07-26T04:18:34.692+0000] {logging_mixin.py:120} INFO - [2024-07-26T04:18:34.692+0000] {dagbag.py:537} INFO - Filling up the DagBag from /home/airflow/.local/lib/python3.7/site-packages/airflow/example_dags/example_time_delta_sensor_async.py
[2024-07-26T04:18:34.704+0000] {processor.py:766} INFO - DAG(s) dict_keys(['example_time_delta_sensor_async']) retrieved from /home/airflow/.local/lib/python3.7/site-packages/airflow/example_dags/example_time_delta_sensor_async.py
[2024-07-26T04:18:34.819+0000] {logging_mixin.py:120} INFO - [2024-07-26T04:18:34.819+0000] {dag.py:2585} INFO - Sync 1 DAGs
[2024-07-26T04:18:34.834+0000] {logging_mixin.py:120} INFO - [2024-07-26T04:18:34.834+0000] {dag.py:3340} INFO - Setting next_dagrun for example_time_delta_sensor_async to None, run_after=None
[2024-07-26T04:18:34.850+0000] {processor.py:176} INFO - Processing /home/airflow/.local/lib/python3.7/site-packages/airflow/example_dags/example_time_delta_sensor_async.py took 0.169 seconds
[2024-07-26T04:19:16.906+0000] {processor.py:154} INFO - Started process (PID=6228) to work on /home/airflow/.local/lib/python3.7/site-packages/airflow/example_dags/example_time_delta_sensor_async.py
[2024-07-26T04:19:16.907+0000] {processor.py:756} INFO - Processing file /home/airflow/.local/lib/python3.7/site-packages/airflow/example_dags/example_time_delta_sensor_async.py for tasks to queue
[2024-07-26T04:19:16.907+0000] {logging_mixin.py:120} INFO - [2024-07-26T04:19:16.907+0000] {dagbag.py:537} INFO - Filling up the DagBag from /home/airflow/.local/lib/python3.7/site-packages/airflow/example_dags/example_time_delta_sensor_async.py
[2024-07-26T04:19:16.914+0000] {processor.py:766} INFO - DAG(s) dict_keys(['example_time_delta_sensor_async']) retrieved from /home/airflow/.local/lib/python3.7/site-packages/airflow/example_dags/example_time_delta_sensor_async.py
[2024-07-26T04:19:17.022+0000] {logging_mixin.py:120} INFO - [2024-07-26T04:19:17.022+0000] {dag.py:2585} INFO - Sync 1 DAGs
[2024-07-26T04:19:17.036+0000] {logging_mixin.py:120} INFO - [2024-07-26T04:19:17.036+0000] {dag.py:3340} INFO - Setting next_dagrun for example_time_delta_sensor_async to None, run_after=None
[2024-07-26T04:19:17.045+0000] {processor.py:176} INFO - Processing /home/airflow/.local/lib/python3.7/site-packages/airflow/example_dags/example_time_delta_sensor_async.py took 0.140 seconds
[2024-07-26T04:20:38.467+0000] {processor.py:154} INFO - Started process (PID=6291) to work on /home/airflow/.local/lib/python3.7/site-packages/airflow/example_dags/example_time_delta_sensor_async.py
[2024-07-26T04:20:38.468+0000] {processor.py:756} INFO - Processing file /home/airflow/.local/lib/python3.7/site-packages/airflow/example_dags/example_time_delta_sensor_async.py for tasks to queue
[2024-07-26T04:20:38.469+0000] {logging_mixin.py:120} INFO - [2024-07-26T04:20:38.469+0000] {dagbag.py:537} INFO - Filling up the DagBag from /home/airflow/.local/lib/python3.7/site-packages/airflow/example_dags/example_time_delta_sensor_async.py
[2024-07-26T04:20:38.481+0000] {processor.py:766} INFO - DAG(s) dict_keys(['example_time_delta_sensor_async']) retrieved from /home/airflow/.local/lib/python3.7/site-packages/airflow/example_dags/example_time_delta_sensor_async.py
[2024-07-26T04:20:38.578+0000] {logging_mixin.py:120} INFO - [2024-07-26T04:20:38.578+0000] {dag.py:2585} INFO - Sync 1 DAGs
[2024-07-26T04:20:38.594+0000] {logging_mixin.py:120} INFO - [2024-07-26T04:20:38.594+0000] {dag.py:3340} INFO - Setting next_dagrun for example_time_delta_sensor_async to None, run_after=None
[2024-07-26T04:20:38.603+0000] {processor.py:176} INFO - Processing /home/airflow/.local/lib/python3.7/site-packages/airflow/example_dags/example_time_delta_sensor_async.py took 0.139 seconds
[2024-07-26T04:21:42.364+0000] {processor.py:154} INFO - Started process (PID=6346) to work on /home/airflow/.local/lib/python3.7/site-packages/airflow/example_dags/example_time_delta_sensor_async.py
[2024-07-26T04:21:42.365+0000] {processor.py:756} INFO - Processing file /home/airflow/.local/lib/python3.7/site-packages/airflow/example_dags/example_time_delta_sensor_async.py for tasks to queue
[2024-07-26T04:21:42.365+0000] {logging_mixin.py:120} INFO - [2024-07-26T04:21:42.365+0000] {dagbag.py:537} INFO - Filling up the DagBag from /home/airflow/.local/lib/python3.7/site-packages/airflow/example_dags/example_time_delta_sensor_async.py
[2024-07-26T04:21:42.374+0000] {processor.py:766} INFO - DAG(s) dict_keys(['example_time_delta_sensor_async']) retrieved from /home/airflow/.local/lib/python3.7/site-packages/airflow/example_dags/example_time_delta_sensor_async.py
[2024-07-26T04:21:42.478+0000] {logging_mixin.py:120} INFO - [2024-07-26T04:21:42.478+0000] {dag.py:2585} INFO - Sync 1 DAGs
[2024-07-26T04:21:42.493+0000] {logging_mixin.py:120} INFO - [2024-07-26T04:21:42.493+0000] {dag.py:3340} INFO - Setting next_dagrun for example_time_delta_sensor_async to None, run_after=None
[2024-07-26T04:21:42.502+0000] {processor.py:176} INFO - Processing /home/airflow/.local/lib/python3.7/site-packages/airflow/example_dags/example_time_delta_sensor_async.py took 0.139 seconds
[2024-07-26T04:22:49.195+0000] {processor.py:154} INFO - Started process (PID=6410) to work on /home/airflow/.local/lib/python3.7/site-packages/airflow/example_dags/example_time_delta_sensor_async.py
[2024-07-26T04:22:49.195+0000] {processor.py:756} INFO - Processing file /home/airflow/.local/lib/python3.7/site-packages/airflow/example_dags/example_time_delta_sensor_async.py for tasks to queue
[2024-07-26T04:22:49.196+0000] {logging_mixin.py:120} INFO - [2024-07-26T04:22:49.196+0000] {dagbag.py:537} INFO - Filling up the DagBag from /home/airflow/.local/lib/python3.7/site-packages/airflow/example_dags/example_time_delta_sensor_async.py
[2024-07-26T04:22:49.205+0000] {processor.py:766} INFO - DAG(s) dict_keys(['example_time_delta_sensor_async']) retrieved from /home/airflow/.local/lib/python3.7/site-packages/airflow/example_dags/example_time_delta_sensor_async.py
[2024-07-26T04:22:49.317+0000] {logging_mixin.py:120} INFO - [2024-07-26T04:22:49.317+0000] {dag.py:2585} INFO - Sync 1 DAGs
[2024-07-26T04:22:49.330+0000] {logging_mixin.py:120} INFO - [2024-07-26T04:22:49.330+0000] {dag.py:3340} INFO - Setting next_dagrun for example_time_delta_sensor_async to None, run_after=None
[2024-07-26T04:22:49.339+0000] {processor.py:176} INFO - Processing /home/airflow/.local/lib/python3.7/site-packages/airflow/example_dags/example_time_delta_sensor_async.py took 0.147 seconds
[2024-07-26T04:34:01.886+0000] {processor.py:154} INFO - Started process (PID=6474) to work on /home/airflow/.local/lib/python3.7/site-packages/airflow/example_dags/example_time_delta_sensor_async.py
[2024-07-26T04:34:01.887+0000] {processor.py:756} INFO - Processing file /home/airflow/.local/lib/python3.7/site-packages/airflow/example_dags/example_time_delta_sensor_async.py for tasks to queue
[2024-07-26T04:34:01.888+0000] {logging_mixin.py:120} INFO - [2024-07-26T04:34:01.887+0000] {dagbag.py:537} INFO - Filling up the DagBag from /home/airflow/.local/lib/python3.7/site-packages/airflow/example_dags/example_time_delta_sensor_async.py
[2024-07-26T04:34:01.896+0000] {processor.py:766} INFO - DAG(s) dict_keys(['example_time_delta_sensor_async']) retrieved from /home/airflow/.local/lib/python3.7/site-packages/airflow/example_dags/example_time_delta_sensor_async.py
[2024-07-26T04:34:02.016+0000] {logging_mixin.py:120} INFO - [2024-07-26T04:34:02.016+0000] {dag.py:2585} INFO - Sync 1 DAGs
[2024-07-26T04:34:02.031+0000] {logging_mixin.py:120} INFO - [2024-07-26T04:34:02.031+0000] {dag.py:3340} INFO - Setting next_dagrun for example_time_delta_sensor_async to None, run_after=None
[2024-07-26T04:34:02.042+0000] {processor.py:176} INFO - Processing /home/airflow/.local/lib/python3.7/site-packages/airflow/example_dags/example_time_delta_sensor_async.py took 0.158 seconds
[2024-07-26T04:49:14.133+0000] {processor.py:154} INFO - Started process (PID=6538) to work on /home/airflow/.local/lib/python3.7/site-packages/airflow/example_dags/example_time_delta_sensor_async.py
[2024-07-26T04:49:14.135+0000] {processor.py:756} INFO - Processing file /home/airflow/.local/lib/python3.7/site-packages/airflow/example_dags/example_time_delta_sensor_async.py for tasks to queue
[2024-07-26T04:49:14.136+0000] {logging_mixin.py:120} INFO - [2024-07-26T04:49:14.135+0000] {dagbag.py:537} INFO - Filling up the DagBag from /home/airflow/.local/lib/python3.7/site-packages/airflow/example_dags/example_time_delta_sensor_async.py
[2024-07-26T04:49:14.149+0000] {processor.py:766} INFO - DAG(s) dict_keys(['example_time_delta_sensor_async']) retrieved from /home/airflow/.local/lib/python3.7/site-packages/airflow/example_dags/example_time_delta_sensor_async.py
[2024-07-26T04:49:14.267+0000] {logging_mixin.py:120} INFO - [2024-07-26T04:49:14.267+0000] {dag.py:2585} INFO - Sync 1 DAGs
[2024-07-26T04:49:14.280+0000] {logging_mixin.py:120} INFO - [2024-07-26T04:49:14.280+0000] {dag.py:3340} INFO - Setting next_dagrun for example_time_delta_sensor_async to None, run_after=None
[2024-07-26T04:49:14.291+0000] {processor.py:176} INFO - Processing /home/airflow/.local/lib/python3.7/site-packages/airflow/example_dags/example_time_delta_sensor_async.py took 0.162 seconds
[2024-07-26T04:53:38.934+0000] {processor.py:154} INFO - Started process (PID=6593) to work on /home/airflow/.local/lib/python3.7/site-packages/airflow/example_dags/example_time_delta_sensor_async.py
[2024-07-26T04:53:38.935+0000] {processor.py:756} INFO - Processing file /home/airflow/.local/lib/python3.7/site-packages/airflow/example_dags/example_time_delta_sensor_async.py for tasks to queue
[2024-07-26T04:53:38.935+0000] {logging_mixin.py:120} INFO - [2024-07-26T04:53:38.935+0000] {dagbag.py:537} INFO - Filling up the DagBag from /home/airflow/.local/lib/python3.7/site-packages/airflow/example_dags/example_time_delta_sensor_async.py
[2024-07-26T04:53:38.945+0000] {processor.py:766} INFO - DAG(s) dict_keys(['example_time_delta_sensor_async']) retrieved from /home/airflow/.local/lib/python3.7/site-packages/airflow/example_dags/example_time_delta_sensor_async.py
[2024-07-26T04:53:39.086+0000] {logging_mixin.py:120} INFO - [2024-07-26T04:53:39.086+0000] {dag.py:2585} INFO - Sync 1 DAGs
[2024-07-26T04:53:39.113+0000] {logging_mixin.py:120} INFO - [2024-07-26T04:53:39.113+0000] {dag.py:3340} INFO - Setting next_dagrun for example_time_delta_sensor_async to None, run_after=None
[2024-07-26T04:53:39.127+0000] {processor.py:176} INFO - Processing /home/airflow/.local/lib/python3.7/site-packages/airflow/example_dags/example_time_delta_sensor_async.py took 0.195 seconds
[2024-07-26T05:02:51.103+0000] {processor.py:154} INFO - Started process (PID=6657) to work on /home/airflow/.local/lib/python3.7/site-packages/airflow/example_dags/example_time_delta_sensor_async.py
[2024-07-26T05:02:51.104+0000] {processor.py:756} INFO - Processing file /home/airflow/.local/lib/python3.7/site-packages/airflow/example_dags/example_time_delta_sensor_async.py for tasks to queue
[2024-07-26T05:02:51.105+0000] {logging_mixin.py:120} INFO - [2024-07-26T05:02:51.105+0000] {dagbag.py:537} INFO - Filling up the DagBag from /home/airflow/.local/lib/python3.7/site-packages/airflow/example_dags/example_time_delta_sensor_async.py
[2024-07-26T05:02:51.117+0000] {processor.py:766} INFO - DAG(s) dict_keys(['example_time_delta_sensor_async']) retrieved from /home/airflow/.local/lib/python3.7/site-packages/airflow/example_dags/example_time_delta_sensor_async.py
[2024-07-26T05:02:51.252+0000] {logging_mixin.py:120} INFO - [2024-07-26T05:02:51.252+0000] {dag.py:2585} INFO - Sync 1 DAGs
[2024-07-26T05:02:51.270+0000] {logging_mixin.py:120} INFO - [2024-07-26T05:02:51.270+0000] {dag.py:3340} INFO - Setting next_dagrun for example_time_delta_sensor_async to None, run_after=None
[2024-07-26T05:02:51.281+0000] {processor.py:176} INFO - Processing /home/airflow/.local/lib/python3.7/site-packages/airflow/example_dags/example_time_delta_sensor_async.py took 0.181 seconds
[2024-07-26T05:15:53.479+0000] {processor.py:154} INFO - Started process (PID=6721) to work on /home/airflow/.local/lib/python3.7/site-packages/airflow/example_dags/example_time_delta_sensor_async.py
[2024-07-26T05:15:53.481+0000] {processor.py:756} INFO - Processing file /home/airflow/.local/lib/python3.7/site-packages/airflow/example_dags/example_time_delta_sensor_async.py for tasks to queue
[2024-07-26T05:15:53.482+0000] {logging_mixin.py:120} INFO - [2024-07-26T05:15:53.482+0000] {dagbag.py:537} INFO - Filling up the DagBag from /home/airflow/.local/lib/python3.7/site-packages/airflow/example_dags/example_time_delta_sensor_async.py
[2024-07-26T05:15:53.491+0000] {processor.py:766} INFO - DAG(s) dict_keys(['example_time_delta_sensor_async']) retrieved from /home/airflow/.local/lib/python3.7/site-packages/airflow/example_dags/example_time_delta_sensor_async.py
[2024-07-26T05:15:53.601+0000] {logging_mixin.py:120} INFO - [2024-07-26T05:15:53.600+0000] {dag.py:2585} INFO - Sync 1 DAGs
[2024-07-26T05:15:53.617+0000] {logging_mixin.py:120} INFO - [2024-07-26T05:15:53.617+0000] {dag.py:3340} INFO - Setting next_dagrun for example_time_delta_sensor_async to None, run_after=None
[2024-07-26T05:15:53.627+0000] {processor.py:176} INFO - Processing /home/airflow/.local/lib/python3.7/site-packages/airflow/example_dags/example_time_delta_sensor_async.py took 0.150 seconds
[2024-07-26T05:33:30.358+0000] {processor.py:154} INFO - Started process (PID=6785) to work on /home/airflow/.local/lib/python3.7/site-packages/airflow/example_dags/example_time_delta_sensor_async.py
[2024-07-26T05:33:30.360+0000] {processor.py:756} INFO - Processing file /home/airflow/.local/lib/python3.7/site-packages/airflow/example_dags/example_time_delta_sensor_async.py for tasks to queue
[2024-07-26T05:33:30.363+0000] {logging_mixin.py:120} INFO - [2024-07-26T05:33:30.362+0000] {dagbag.py:537} INFO - Filling up the DagBag from /home/airflow/.local/lib/python3.7/site-packages/airflow/example_dags/example_time_delta_sensor_async.py
[2024-07-26T05:33:30.370+0000] {processor.py:766} INFO - DAG(s) dict_keys(['example_time_delta_sensor_async']) retrieved from /home/airflow/.local/lib/python3.7/site-packages/airflow/example_dags/example_time_delta_sensor_async.py
[2024-07-26T05:33:30.476+0000] {logging_mixin.py:120} INFO - [2024-07-26T05:33:30.476+0000] {dag.py:2585} INFO - Sync 1 DAGs
[2024-07-26T05:33:30.495+0000] {logging_mixin.py:120} INFO - [2024-07-26T05:33:30.495+0000] {dag.py:3340} INFO - Setting next_dagrun for example_time_delta_sensor_async to None, run_after=None
[2024-07-26T05:33:30.506+0000] {processor.py:176} INFO - Processing /home/airflow/.local/lib/python3.7/site-packages/airflow/example_dags/example_time_delta_sensor_async.py took 0.150 seconds
[2024-07-26T06:09:37.777+0000] {processor.py:154} INFO - Started process (PID=6848) to work on /home/airflow/.local/lib/python3.7/site-packages/airflow/example_dags/example_time_delta_sensor_async.py
[2024-07-26T06:09:37.780+0000] {processor.py:756} INFO - Processing file /home/airflow/.local/lib/python3.7/site-packages/airflow/example_dags/example_time_delta_sensor_async.py for tasks to queue
[2024-07-26T06:09:37.781+0000] {logging_mixin.py:120} INFO - [2024-07-26T06:09:37.781+0000] {dagbag.py:537} INFO - Filling up the DagBag from /home/airflow/.local/lib/python3.7/site-packages/airflow/example_dags/example_time_delta_sensor_async.py
[2024-07-26T06:09:37.789+0000] {processor.py:766} INFO - DAG(s) dict_keys(['example_time_delta_sensor_async']) retrieved from /home/airflow/.local/lib/python3.7/site-packages/airflow/example_dags/example_time_delta_sensor_async.py
[2024-07-26T06:09:37.926+0000] {logging_mixin.py:120} INFO - [2024-07-26T06:09:37.925+0000] {dag.py:2585} INFO - Sync 1 DAGs
[2024-07-26T06:09:37.942+0000] {logging_mixin.py:120} INFO - [2024-07-26T06:09:37.942+0000] {dag.py:3340} INFO - Setting next_dagrun for example_time_delta_sensor_async to None, run_after=None
[2024-07-26T06:09:37.955+0000] {processor.py:176} INFO - Processing /home/airflow/.local/lib/python3.7/site-packages/airflow/example_dags/example_time_delta_sensor_async.py took 0.180 seconds
[2024-07-26T07:10:34.683+0000] {processor.py:154} INFO - Started process (PID=6903) to work on /home/airflow/.local/lib/python3.7/site-packages/airflow/example_dags/example_time_delta_sensor_async.py
[2024-07-26T07:10:34.688+0000] {processor.py:756} INFO - Processing file /home/airflow/.local/lib/python3.7/site-packages/airflow/example_dags/example_time_delta_sensor_async.py for tasks to queue
[2024-07-26T07:10:34.691+0000] {logging_mixin.py:120} INFO - [2024-07-26T07:10:34.691+0000] {dagbag.py:537} INFO - Filling up the DagBag from /home/airflow/.local/lib/python3.7/site-packages/airflow/example_dags/example_time_delta_sensor_async.py
[2024-07-26T07:10:34.701+0000] {processor.py:766} INFO - DAG(s) dict_keys(['example_time_delta_sensor_async']) retrieved from /home/airflow/.local/lib/python3.7/site-packages/airflow/example_dags/example_time_delta_sensor_async.py
[2024-07-26T07:10:34.823+0000] {logging_mixin.py:120} INFO - [2024-07-26T07:10:34.823+0000] {dag.py:2585} INFO - Sync 1 DAGs
[2024-07-26T07:10:34.838+0000] {logging_mixin.py:120} INFO - [2024-07-26T07:10:34.838+0000] {dag.py:3340} INFO - Setting next_dagrun for example_time_delta_sensor_async to None, run_after=None
[2024-07-26T07:10:34.851+0000] {processor.py:176} INFO - Processing /home/airflow/.local/lib/python3.7/site-packages/airflow/example_dags/example_time_delta_sensor_async.py took 0.169 seconds
[2024-07-26T08:11:49.086+0000] {processor.py:154} INFO - Started process (PID=6967) to work on /home/airflow/.local/lib/python3.7/site-packages/airflow/example_dags/example_time_delta_sensor_async.py
[2024-07-26T08:11:49.087+0000] {processor.py:756} INFO - Processing file /home/airflow/.local/lib/python3.7/site-packages/airflow/example_dags/example_time_delta_sensor_async.py for tasks to queue
[2024-07-26T08:11:49.087+0000] {logging_mixin.py:120} INFO - [2024-07-26T08:11:49.087+0000] {dagbag.py:537} INFO - Filling up the DagBag from /home/airflow/.local/lib/python3.7/site-packages/airflow/example_dags/example_time_delta_sensor_async.py
[2024-07-26T08:11:49.094+0000] {processor.py:766} INFO - DAG(s) dict_keys(['example_time_delta_sensor_async']) retrieved from /home/airflow/.local/lib/python3.7/site-packages/airflow/example_dags/example_time_delta_sensor_async.py
[2024-07-26T08:11:49.210+0000] {logging_mixin.py:120} INFO - [2024-07-26T08:11:49.209+0000] {dag.py:2585} INFO - Sync 1 DAGs
[2024-07-26T08:11:49.224+0000] {logging_mixin.py:120} INFO - [2024-07-26T08:11:49.224+0000] {dag.py:3340} INFO - Setting next_dagrun for example_time_delta_sensor_async to None, run_after=None
[2024-07-26T08:11:49.236+0000] {processor.py:176} INFO - Processing /home/airflow/.local/lib/python3.7/site-packages/airflow/example_dags/example_time_delta_sensor_async.py took 0.152 seconds
[2024-07-26T08:36:13.363+0000] {processor.py:154} INFO - Started process (PID=7031) to work on /home/airflow/.local/lib/python3.7/site-packages/airflow/example_dags/example_time_delta_sensor_async.py
[2024-07-26T08:36:13.371+0000] {processor.py:756} INFO - Processing file /home/airflow/.local/lib/python3.7/site-packages/airflow/example_dags/example_time_delta_sensor_async.py for tasks to queue
[2024-07-26T08:36:13.372+0000] {logging_mixin.py:120} INFO - [2024-07-26T08:36:13.372+0000] {dagbag.py:537} INFO - Filling up the DagBag from /home/airflow/.local/lib/python3.7/site-packages/airflow/example_dags/example_time_delta_sensor_async.py
[2024-07-26T08:36:13.384+0000] {processor.py:766} INFO - DAG(s) dict_keys(['example_time_delta_sensor_async']) retrieved from /home/airflow/.local/lib/python3.7/site-packages/airflow/example_dags/example_time_delta_sensor_async.py
[2024-07-26T08:36:13.525+0000] {logging_mixin.py:120} INFO - [2024-07-26T08:36:13.525+0000] {dag.py:2585} INFO - Sync 1 DAGs
[2024-07-26T08:36:13.549+0000] {logging_mixin.py:120} INFO - [2024-07-26T08:36:13.549+0000] {dag.py:3340} INFO - Setting next_dagrun for example_time_delta_sensor_async to None, run_after=None
[2024-07-26T08:36:13.565+0000] {processor.py:176} INFO - Processing /home/airflow/.local/lib/python3.7/site-packages/airflow/example_dags/example_time_delta_sensor_async.py took 0.206 seconds
[2024-07-26T09:29:27.429+0000] {processor.py:154} INFO - Started process (PID=7095) to work on /home/airflow/.local/lib/python3.7/site-packages/airflow/example_dags/example_time_delta_sensor_async.py
[2024-07-26T09:29:27.433+0000] {processor.py:756} INFO - Processing file /home/airflow/.local/lib/python3.7/site-packages/airflow/example_dags/example_time_delta_sensor_async.py for tasks to queue
[2024-07-26T09:29:27.436+0000] {logging_mixin.py:120} INFO - [2024-07-26T09:29:27.435+0000] {dagbag.py:537} INFO - Filling up the DagBag from /home/airflow/.local/lib/python3.7/site-packages/airflow/example_dags/example_time_delta_sensor_async.py
[2024-07-26T09:29:27.444+0000] {processor.py:766} INFO - DAG(s) dict_keys(['example_time_delta_sensor_async']) retrieved from /home/airflow/.local/lib/python3.7/site-packages/airflow/example_dags/example_time_delta_sensor_async.py
[2024-07-26T09:29:27.550+0000] {logging_mixin.py:120} INFO - [2024-07-26T09:29:27.550+0000] {dag.py:2585} INFO - Sync 1 DAGs
[2024-07-26T09:29:27.568+0000] {logging_mixin.py:120} INFO - [2024-07-26T09:29:27.567+0000] {dag.py:3340} INFO - Setting next_dagrun for example_time_delta_sensor_async to None, run_after=None
[2024-07-26T09:29:27.593+0000] {processor.py:176} INFO - Processing /home/airflow/.local/lib/python3.7/site-packages/airflow/example_dags/example_time_delta_sensor_async.py took 0.166 seconds
[2024-07-26T10:30:32.158+0000] {processor.py:154} INFO - Started process (PID=7150) to work on /home/airflow/.local/lib/python3.7/site-packages/airflow/example_dags/example_time_delta_sensor_async.py
[2024-07-26T10:30:32.160+0000] {processor.py:756} INFO - Processing file /home/airflow/.local/lib/python3.7/site-packages/airflow/example_dags/example_time_delta_sensor_async.py for tasks to queue
[2024-07-26T10:30:32.160+0000] {logging_mixin.py:120} INFO - [2024-07-26T10:30:32.160+0000] {dagbag.py:537} INFO - Filling up the DagBag from /home/airflow/.local/lib/python3.7/site-packages/airflow/example_dags/example_time_delta_sensor_async.py
[2024-07-26T10:30:32.171+0000] {processor.py:766} INFO - DAG(s) dict_keys(['example_time_delta_sensor_async']) retrieved from /home/airflow/.local/lib/python3.7/site-packages/airflow/example_dags/example_time_delta_sensor_async.py
[2024-07-26T10:30:32.338+0000] {logging_mixin.py:120} INFO - [2024-07-26T10:30:32.338+0000] {dag.py:2585} INFO - Sync 1 DAGs
[2024-07-26T10:30:32.367+0000] {logging_mixin.py:120} INFO - [2024-07-26T10:30:32.367+0000] {dag.py:3340} INFO - Setting next_dagrun for example_time_delta_sensor_async to None, run_after=None
[2024-07-26T10:30:32.430+0000] {processor.py:176} INFO - Processing /home/airflow/.local/lib/python3.7/site-packages/airflow/example_dags/example_time_delta_sensor_async.py took 0.274 seconds
[2024-07-26T10:39:57.631+0000] {processor.py:154} INFO - Started process (PID=7214) to work on /home/airflow/.local/lib/python3.7/site-packages/airflow/example_dags/example_time_delta_sensor_async.py
[2024-07-26T10:39:57.633+0000] {processor.py:756} INFO - Processing file /home/airflow/.local/lib/python3.7/site-packages/airflow/example_dags/example_time_delta_sensor_async.py for tasks to queue
[2024-07-26T10:39:57.633+0000] {logging_mixin.py:120} INFO - [2024-07-26T10:39:57.633+0000] {dagbag.py:537} INFO - Filling up the DagBag from /home/airflow/.local/lib/python3.7/site-packages/airflow/example_dags/example_time_delta_sensor_async.py
[2024-07-26T10:39:57.640+0000] {processor.py:766} INFO - DAG(s) dict_keys(['example_time_delta_sensor_async']) retrieved from /home/airflow/.local/lib/python3.7/site-packages/airflow/example_dags/example_time_delta_sensor_async.py
[2024-07-26T10:39:57.752+0000] {logging_mixin.py:120} INFO - [2024-07-26T10:39:57.752+0000] {dag.py:2585} INFO - Sync 1 DAGs
[2024-07-26T10:39:57.766+0000] {logging_mixin.py:120} INFO - [2024-07-26T10:39:57.766+0000] {dag.py:3340} INFO - Setting next_dagrun for example_time_delta_sensor_async to None, run_after=None
[2024-07-26T10:39:57.796+0000] {processor.py:176} INFO - Processing /home/airflow/.local/lib/python3.7/site-packages/airflow/example_dags/example_time_delta_sensor_async.py took 0.167 seconds
[2024-07-26T11:48:31.962+0000] {processor.py:154} INFO - Started process (PID=7278) to work on /home/airflow/.local/lib/python3.7/site-packages/airflow/example_dags/example_time_delta_sensor_async.py
[2024-07-26T11:48:31.965+0000] {processor.py:756} INFO - Processing file /home/airflow/.local/lib/python3.7/site-packages/airflow/example_dags/example_time_delta_sensor_async.py for tasks to queue
[2024-07-26T11:48:31.969+0000] {logging_mixin.py:120} INFO - [2024-07-26T11:48:31.969+0000] {dagbag.py:537} INFO - Filling up the DagBag from /home/airflow/.local/lib/python3.7/site-packages/airflow/example_dags/example_time_delta_sensor_async.py
[2024-07-26T11:48:31.980+0000] {processor.py:766} INFO - DAG(s) dict_keys(['example_time_delta_sensor_async']) retrieved from /home/airflow/.local/lib/python3.7/site-packages/airflow/example_dags/example_time_delta_sensor_async.py
[2024-07-26T11:48:32.108+0000] {logging_mixin.py:120} INFO - [2024-07-26T11:48:32.108+0000] {dag.py:2585} INFO - Sync 1 DAGs
[2024-07-26T11:48:32.124+0000] {logging_mixin.py:120} INFO - [2024-07-26T11:48:32.124+0000] {dag.py:3340} INFO - Setting next_dagrun for example_time_delta_sensor_async to None, run_after=None
[2024-07-26T11:48:32.140+0000] {processor.py:176} INFO - Processing /home/airflow/.local/lib/python3.7/site-packages/airflow/example_dags/example_time_delta_sensor_async.py took 0.180 seconds
[2024-07-26T12:13:07.143+0000] {processor.py:154} INFO - Started process (PID=7342) to work on /home/airflow/.local/lib/python3.7/site-packages/airflow/example_dags/example_time_delta_sensor_async.py
[2024-07-26T12:13:07.146+0000] {processor.py:756} INFO - Processing file /home/airflow/.local/lib/python3.7/site-packages/airflow/example_dags/example_time_delta_sensor_async.py for tasks to queue
[2024-07-26T12:13:07.147+0000] {logging_mixin.py:120} INFO - [2024-07-26T12:13:07.147+0000] {dagbag.py:537} INFO - Filling up the DagBag from /home/airflow/.local/lib/python3.7/site-packages/airflow/example_dags/example_time_delta_sensor_async.py
[2024-07-26T12:13:07.157+0000] {processor.py:766} INFO - DAG(s) dict_keys(['example_time_delta_sensor_async']) retrieved from /home/airflow/.local/lib/python3.7/site-packages/airflow/example_dags/example_time_delta_sensor_async.py
[2024-07-26T12:13:07.264+0000] {logging_mixin.py:120} INFO - [2024-07-26T12:13:07.264+0000] {dag.py:2585} INFO - Sync 1 DAGs
[2024-07-26T12:13:07.280+0000] {logging_mixin.py:120} INFO - [2024-07-26T12:13:07.280+0000] {dag.py:3340} INFO - Setting next_dagrun for example_time_delta_sensor_async to None, run_after=None
[2024-07-26T12:13:07.298+0000] {processor.py:176} INFO - Processing /home/airflow/.local/lib/python3.7/site-packages/airflow/example_dags/example_time_delta_sensor_async.py took 0.157 seconds
[2024-07-26T12:19:27.394+0000] {processor.py:154} INFO - Started process (PID=7405) to work on /home/airflow/.local/lib/python3.7/site-packages/airflow/example_dags/example_time_delta_sensor_async.py
[2024-07-26T12:19:27.396+0000] {processor.py:756} INFO - Processing file /home/airflow/.local/lib/python3.7/site-packages/airflow/example_dags/example_time_delta_sensor_async.py for tasks to queue
[2024-07-26T12:19:27.397+0000] {logging_mixin.py:120} INFO - [2024-07-26T12:19:27.397+0000] {dagbag.py:537} INFO - Filling up the DagBag from /home/airflow/.local/lib/python3.7/site-packages/airflow/example_dags/example_time_delta_sensor_async.py
[2024-07-26T12:19:27.406+0000] {processor.py:766} INFO - DAG(s) dict_keys(['example_time_delta_sensor_async']) retrieved from /home/airflow/.local/lib/python3.7/site-packages/airflow/example_dags/example_time_delta_sensor_async.py
[2024-07-26T12:19:27.554+0000] {logging_mixin.py:120} INFO - [2024-07-26T12:19:27.554+0000] {dag.py:2585} INFO - Sync 1 DAGs
[2024-07-26T12:19:27.583+0000] {logging_mixin.py:120} INFO - [2024-07-26T12:19:27.583+0000] {dag.py:3340} INFO - Setting next_dagrun for example_time_delta_sensor_async to None, run_after=None
[2024-07-26T12:19:27.608+0000] {processor.py:176} INFO - Processing /home/airflow/.local/lib/python3.7/site-packages/airflow/example_dags/example_time_delta_sensor_async.py took 0.218 seconds
[2024-07-26T13:00:09.974+0000] {processor.py:154} INFO - Started process (PID=7460) to work on /home/airflow/.local/lib/python3.7/site-packages/airflow/example_dags/example_time_delta_sensor_async.py
[2024-07-26T13:00:09.977+0000] {processor.py:756} INFO - Processing file /home/airflow/.local/lib/python3.7/site-packages/airflow/example_dags/example_time_delta_sensor_async.py for tasks to queue
[2024-07-26T13:00:09.978+0000] {logging_mixin.py:120} INFO - [2024-07-26T13:00:09.978+0000] {dagbag.py:537} INFO - Filling up the DagBag from /home/airflow/.local/lib/python3.7/site-packages/airflow/example_dags/example_time_delta_sensor_async.py
[2024-07-26T13:00:09.985+0000] {processor.py:766} INFO - DAG(s) dict_keys(['example_time_delta_sensor_async']) retrieved from /home/airflow/.local/lib/python3.7/site-packages/airflow/example_dags/example_time_delta_sensor_async.py
[2024-07-26T13:00:10.109+0000] {logging_mixin.py:120} INFO - [2024-07-26T13:00:10.109+0000] {dag.py:2585} INFO - Sync 1 DAGs
[2024-07-26T13:00:10.127+0000] {logging_mixin.py:120} INFO - [2024-07-26T13:00:10.127+0000] {dag.py:3340} INFO - Setting next_dagrun for example_time_delta_sensor_async to None, run_after=None
[2024-07-26T13:00:10.139+0000] {processor.py:176} INFO - Processing /home/airflow/.local/lib/python3.7/site-packages/airflow/example_dags/example_time_delta_sensor_async.py took 0.167 seconds
[2024-07-26T13:12:29.043+0000] {processor.py:154} INFO - Started process (PID=7524) to work on /home/airflow/.local/lib/python3.7/site-packages/airflow/example_dags/example_time_delta_sensor_async.py
[2024-07-26T13:12:29.044+0000] {processor.py:756} INFO - Processing file /home/airflow/.local/lib/python3.7/site-packages/airflow/example_dags/example_time_delta_sensor_async.py for tasks to queue
[2024-07-26T13:12:29.046+0000] {logging_mixin.py:120} INFO - [2024-07-26T13:12:29.046+0000] {dagbag.py:537} INFO - Filling up the DagBag from /home/airflow/.local/lib/python3.7/site-packages/airflow/example_dags/example_time_delta_sensor_async.py
[2024-07-26T13:12:29.056+0000] {processor.py:766} INFO - DAG(s) dict_keys(['example_time_delta_sensor_async']) retrieved from /home/airflow/.local/lib/python3.7/site-packages/airflow/example_dags/example_time_delta_sensor_async.py
[2024-07-26T13:12:29.166+0000] {logging_mixin.py:120} INFO - [2024-07-26T13:12:29.166+0000] {dag.py:2585} INFO - Sync 1 DAGs
[2024-07-26T13:12:29.188+0000] {logging_mixin.py:120} INFO - [2024-07-26T13:12:29.188+0000] {dag.py:3340} INFO - Setting next_dagrun for example_time_delta_sensor_async to None, run_after=None
[2024-07-26T13:12:29.199+0000] {processor.py:176} INFO - Processing /home/airflow/.local/lib/python3.7/site-packages/airflow/example_dags/example_time_delta_sensor_async.py took 0.158 seconds
[2024-07-26T13:43:23.248+0000] {processor.py:154} INFO - Started process (PID=7588) to work on /home/airflow/.local/lib/python3.7/site-packages/airflow/example_dags/example_time_delta_sensor_async.py
[2024-07-26T13:43:23.252+0000] {processor.py:756} INFO - Processing file /home/airflow/.local/lib/python3.7/site-packages/airflow/example_dags/example_time_delta_sensor_async.py for tasks to queue
[2024-07-26T13:43:23.253+0000] {logging_mixin.py:120} INFO - [2024-07-26T13:43:23.253+0000] {dagbag.py:537} INFO - Filling up the DagBag from /home/airflow/.local/lib/python3.7/site-packages/airflow/example_dags/example_time_delta_sensor_async.py
[2024-07-26T13:43:23.262+0000] {processor.py:766} INFO - DAG(s) dict_keys(['example_time_delta_sensor_async']) retrieved from /home/airflow/.local/lib/python3.7/site-packages/airflow/example_dags/example_time_delta_sensor_async.py
[2024-07-26T13:43:23.377+0000] {logging_mixin.py:120} INFO - [2024-07-26T13:43:23.377+0000] {dag.py:2585} INFO - Sync 1 DAGs
[2024-07-26T13:43:23.393+0000] {logging_mixin.py:120} INFO - [2024-07-26T13:43:23.393+0000] {dag.py:3340} INFO - Setting next_dagrun for example_time_delta_sensor_async to None, run_after=None
[2024-07-26T13:43:23.407+0000] {processor.py:176} INFO - Processing /home/airflow/.local/lib/python3.7/site-packages/airflow/example_dags/example_time_delta_sensor_async.py took 0.161 seconds
[2024-07-26T13:46:55.161+0000] {processor.py:154} INFO - Started process (PID=7652) to work on /home/airflow/.local/lib/python3.7/site-packages/airflow/example_dags/example_time_delta_sensor_async.py
[2024-07-26T13:46:55.162+0000] {processor.py:756} INFO - Processing file /home/airflow/.local/lib/python3.7/site-packages/airflow/example_dags/example_time_delta_sensor_async.py for tasks to queue
[2024-07-26T13:46:55.163+0000] {logging_mixin.py:120} INFO - [2024-07-26T13:46:55.163+0000] {dagbag.py:537} INFO - Filling up the DagBag from /home/airflow/.local/lib/python3.7/site-packages/airflow/example_dags/example_time_delta_sensor_async.py
[2024-07-26T13:46:55.172+0000] {processor.py:766} INFO - DAG(s) dict_keys(['example_time_delta_sensor_async']) retrieved from /home/airflow/.local/lib/python3.7/site-packages/airflow/example_dags/example_time_delta_sensor_async.py
[2024-07-26T13:46:55.292+0000] {logging_mixin.py:120} INFO - [2024-07-26T13:46:55.292+0000] {dag.py:2585} INFO - Sync 1 DAGs
[2024-07-26T13:46:55.330+0000] {logging_mixin.py:120} INFO - [2024-07-26T13:46:55.330+0000] {dag.py:3340} INFO - Setting next_dagrun for example_time_delta_sensor_async to None, run_after=None
[2024-07-26T13:46:55.344+0000] {processor.py:176} INFO - Processing /home/airflow/.local/lib/python3.7/site-packages/airflow/example_dags/example_time_delta_sensor_async.py took 0.185 seconds
[2024-07-26T13:52:24.798+0000] {processor.py:154} INFO - Started process (PID=7716) to work on /home/airflow/.local/lib/python3.7/site-packages/airflow/example_dags/example_time_delta_sensor_async.py
[2024-07-26T13:52:24.803+0000] {processor.py:756} INFO - Processing file /home/airflow/.local/lib/python3.7/site-packages/airflow/example_dags/example_time_delta_sensor_async.py for tasks to queue
[2024-07-26T13:52:24.803+0000] {logging_mixin.py:120} INFO - [2024-07-26T13:52:24.803+0000] {dagbag.py:537} INFO - Filling up the DagBag from /home/airflow/.local/lib/python3.7/site-packages/airflow/example_dags/example_time_delta_sensor_async.py
[2024-07-26T13:52:24.815+0000] {processor.py:766} INFO - DAG(s) dict_keys(['example_time_delta_sensor_async']) retrieved from /home/airflow/.local/lib/python3.7/site-packages/airflow/example_dags/example_time_delta_sensor_async.py
[2024-07-26T13:52:24.996+0000] {logging_mixin.py:120} INFO - [2024-07-26T13:52:24.996+0000] {dag.py:2585} INFO - Sync 1 DAGs
[2024-07-26T13:52:25.028+0000] {logging_mixin.py:120} INFO - [2024-07-26T13:52:25.028+0000] {dag.py:3340} INFO - Setting next_dagrun for example_time_delta_sensor_async to None, run_after=None
[2024-07-26T13:52:25.051+0000] {processor.py:176} INFO - Processing /home/airflow/.local/lib/python3.7/site-packages/airflow/example_dags/example_time_delta_sensor_async.py took 0.259 seconds
[2024-07-26T13:54:22.043+0000] {processor.py:154} INFO - Started process (PID=7771) to work on /home/airflow/.local/lib/python3.7/site-packages/airflow/example_dags/example_time_delta_sensor_async.py
[2024-07-26T13:54:22.043+0000] {processor.py:756} INFO - Processing file /home/airflow/.local/lib/python3.7/site-packages/airflow/example_dags/example_time_delta_sensor_async.py for tasks to queue
[2024-07-26T13:54:22.044+0000] {logging_mixin.py:120} INFO - [2024-07-26T13:54:22.044+0000] {dagbag.py:537} INFO - Filling up the DagBag from /home/airflow/.local/lib/python3.7/site-packages/airflow/example_dags/example_time_delta_sensor_async.py
[2024-07-26T13:54:22.050+0000] {processor.py:766} INFO - DAG(s) dict_keys(['example_time_delta_sensor_async']) retrieved from /home/airflow/.local/lib/python3.7/site-packages/airflow/example_dags/example_time_delta_sensor_async.py
[2024-07-26T13:54:22.151+0000] {logging_mixin.py:120} INFO - [2024-07-26T13:54:22.151+0000] {dag.py:2585} INFO - Sync 1 DAGs
[2024-07-26T13:54:22.165+0000] {logging_mixin.py:120} INFO - [2024-07-26T13:54:22.165+0000] {dag.py:3340} INFO - Setting next_dagrun for example_time_delta_sensor_async to None, run_after=None
[2024-07-26T13:54:22.180+0000] {processor.py:176} INFO - Processing /home/airflow/.local/lib/python3.7/site-packages/airflow/example_dags/example_time_delta_sensor_async.py took 0.140 seconds
[2024-07-26T13:55:30.174+0000] {processor.py:154} INFO - Started process (PID=7835) to work on /home/airflow/.local/lib/python3.7/site-packages/airflow/example_dags/example_time_delta_sensor_async.py
[2024-07-26T13:55:30.175+0000] {processor.py:756} INFO - Processing file /home/airflow/.local/lib/python3.7/site-packages/airflow/example_dags/example_time_delta_sensor_async.py for tasks to queue
[2024-07-26T13:55:30.175+0000] {logging_mixin.py:120} INFO - [2024-07-26T13:55:30.175+0000] {dagbag.py:537} INFO - Filling up the DagBag from /home/airflow/.local/lib/python3.7/site-packages/airflow/example_dags/example_time_delta_sensor_async.py
[2024-07-26T13:55:30.184+0000] {processor.py:766} INFO - DAG(s) dict_keys(['example_time_delta_sensor_async']) retrieved from /home/airflow/.local/lib/python3.7/site-packages/airflow/example_dags/example_time_delta_sensor_async.py
[2024-07-26T13:55:30.281+0000] {logging_mixin.py:120} INFO - [2024-07-26T13:55:30.281+0000] {dag.py:2585} INFO - Sync 1 DAGs
[2024-07-26T13:55:30.294+0000] {logging_mixin.py:120} INFO - [2024-07-26T13:55:30.293+0000] {dag.py:3340} INFO - Setting next_dagrun for example_time_delta_sensor_async to None, run_after=None
[2024-07-26T13:55:30.307+0000] {processor.py:176} INFO - Processing /home/airflow/.local/lib/python3.7/site-packages/airflow/example_dags/example_time_delta_sensor_async.py took 0.134 seconds
[2024-07-26T14:05:33.807+0000] {processor.py:154} INFO - Started process (PID=7899) to work on /home/airflow/.local/lib/python3.7/site-packages/airflow/example_dags/example_time_delta_sensor_async.py
[2024-07-26T14:05:33.809+0000] {processor.py:756} INFO - Processing file /home/airflow/.local/lib/python3.7/site-packages/airflow/example_dags/example_time_delta_sensor_async.py for tasks to queue
[2024-07-26T14:05:33.810+0000] {logging_mixin.py:120} INFO - [2024-07-26T14:05:33.810+0000] {dagbag.py:537} INFO - Filling up the DagBag from /home/airflow/.local/lib/python3.7/site-packages/airflow/example_dags/example_time_delta_sensor_async.py
[2024-07-26T14:05:33.817+0000] {processor.py:766} INFO - DAG(s) dict_keys(['example_time_delta_sensor_async']) retrieved from /home/airflow/.local/lib/python3.7/site-packages/airflow/example_dags/example_time_delta_sensor_async.py
[2024-07-26T14:05:33.941+0000] {logging_mixin.py:120} INFO - [2024-07-26T14:05:33.940+0000] {dag.py:2585} INFO - Sync 1 DAGs
[2024-07-26T14:05:33.966+0000] {logging_mixin.py:120} INFO - [2024-07-26T14:05:33.966+0000] {dag.py:3340} INFO - Setting next_dagrun for example_time_delta_sensor_async to None, run_after=None
[2024-07-26T14:05:33.999+0000] {processor.py:176} INFO - Processing /home/airflow/.local/lib/python3.7/site-packages/airflow/example_dags/example_time_delta_sensor_async.py took 0.194 seconds
[2024-07-26T14:06:21.201+0000] {processor.py:154} INFO - Started process (PID=7962) to work on /home/airflow/.local/lib/python3.7/site-packages/airflow/example_dags/example_time_delta_sensor_async.py
[2024-07-26T14:06:21.203+0000] {processor.py:756} INFO - Processing file /home/airflow/.local/lib/python3.7/site-packages/airflow/example_dags/example_time_delta_sensor_async.py for tasks to queue
[2024-07-26T14:06:21.204+0000] {logging_mixin.py:120} INFO - [2024-07-26T14:06:21.204+0000] {dagbag.py:537} INFO - Filling up the DagBag from /home/airflow/.local/lib/python3.7/site-packages/airflow/example_dags/example_time_delta_sensor_async.py
[2024-07-26T14:06:21.210+0000] {processor.py:766} INFO - DAG(s) dict_keys(['example_time_delta_sensor_async']) retrieved from /home/airflow/.local/lib/python3.7/site-packages/airflow/example_dags/example_time_delta_sensor_async.py
[2024-07-26T14:06:21.309+0000] {logging_mixin.py:120} INFO - [2024-07-26T14:06:21.309+0000] {dag.py:2585} INFO - Sync 1 DAGs
[2024-07-26T14:06:21.323+0000] {logging_mixin.py:120} INFO - [2024-07-26T14:06:21.323+0000] {dag.py:3340} INFO - Setting next_dagrun for example_time_delta_sensor_async to None, run_after=None
[2024-07-26T14:06:21.333+0000] {processor.py:176} INFO - Processing /home/airflow/.local/lib/python3.7/site-packages/airflow/example_dags/example_time_delta_sensor_async.py took 0.133 seconds
