[2024-07-26T00:02:54.942+0000] {processor.py:154} INFO - Started process (PID=4799) to work on /home/airflow/.local/lib/python3.7/site-packages/airflow/example_dags/example_skip_dag.py
[2024-07-26T00:02:54.943+0000] {processor.py:756} INFO - Processing file /home/airflow/.local/lib/python3.7/site-packages/airflow/example_dags/example_skip_dag.py for tasks to queue
[2024-07-26T00:02:54.950+0000] {logging_mixin.py:120} INFO - [2024-07-26T00:02:54.949+0000] {dagbag.py:537} INFO - Filling up the DagBag from /home/airflow/.local/lib/python3.7/site-packages/airflow/example_dags/example_skip_dag.py
[2024-07-26T00:02:54.957+0000] {processor.py:766} INFO - DAG(s) dict_keys(['example_skip_dag']) retrieved from /home/airflow/.local/lib/python3.7/site-packages/airflow/example_dags/example_skip_dag.py
[2024-07-26T00:02:54.979+0000] {logging_mixin.py:120} INFO - [2024-07-26T00:02:54.978+0000] {dag.py:2585} INFO - Sync 1 DAGs
[2024-07-26T00:02:54.996+0000] {logging_mixin.py:120} INFO - [2024-07-26T00:02:54.996+0000] {dag.py:3340} INFO - Setting next_dagrun for example_skip_dag to 2024-07-25T00:02:54.996485+00:00, run_after=2024-07-26T00:02:54.996485+00:00
[2024-07-26T00:02:55.016+0000] {processor.py:176} INFO - Processing /home/airflow/.local/lib/python3.7/site-packages/airflow/example_dags/example_skip_dag.py took 0.076 seconds
[2024-07-26T00:16:07.596+0000] {processor.py:154} INFO - Started process (PID=4854) to work on /home/airflow/.local/lib/python3.7/site-packages/airflow/example_dags/example_skip_dag.py
[2024-07-26T00:16:07.600+0000] {processor.py:756} INFO - Processing file /home/airflow/.local/lib/python3.7/site-packages/airflow/example_dags/example_skip_dag.py for tasks to queue
[2024-07-26T00:16:07.601+0000] {logging_mixin.py:120} INFO - [2024-07-26T00:16:07.601+0000] {dagbag.py:537} INFO - Filling up the DagBag from /home/airflow/.local/lib/python3.7/site-packages/airflow/example_dags/example_skip_dag.py
[2024-07-26T00:16:07.610+0000] {processor.py:766} INFO - DAG(s) dict_keys(['example_skip_dag']) retrieved from /home/airflow/.local/lib/python3.7/site-packages/airflow/example_dags/example_skip_dag.py
[2024-07-26T00:16:07.637+0000] {logging_mixin.py:120} INFO - [2024-07-26T00:16:07.636+0000] {dag.py:2585} INFO - Sync 1 DAGs
[2024-07-26T00:16:07.649+0000] {logging_mixin.py:120} INFO - [2024-07-26T00:16:07.649+0000] {dag.py:3340} INFO - Setting next_dagrun for example_skip_dag to 2024-07-25T00:16:07.649630+00:00, run_after=2024-07-26T00:16:07.649630+00:00
[2024-07-26T00:16:07.667+0000] {processor.py:176} INFO - Processing /home/airflow/.local/lib/python3.7/site-packages/airflow/example_dags/example_skip_dag.py took 0.073 seconds
[2024-07-26T00:40:53.472+0000] {processor.py:154} INFO - Started process (PID=4918) to work on /home/airflow/.local/lib/python3.7/site-packages/airflow/example_dags/example_skip_dag.py
[2024-07-26T00:40:53.473+0000] {processor.py:756} INFO - Processing file /home/airflow/.local/lib/python3.7/site-packages/airflow/example_dags/example_skip_dag.py for tasks to queue
[2024-07-26T00:40:53.474+0000] {logging_mixin.py:120} INFO - [2024-07-26T00:40:53.474+0000] {dagbag.py:537} INFO - Filling up the DagBag from /home/airflow/.local/lib/python3.7/site-packages/airflow/example_dags/example_skip_dag.py
[2024-07-26T00:40:53.484+0000] {processor.py:766} INFO - DAG(s) dict_keys(['example_skip_dag']) retrieved from /home/airflow/.local/lib/python3.7/site-packages/airflow/example_dags/example_skip_dag.py
[2024-07-26T00:40:53.513+0000] {logging_mixin.py:120} INFO - [2024-07-26T00:40:53.513+0000] {dag.py:2585} INFO - Sync 1 DAGs
[2024-07-26T00:40:53.532+0000] {logging_mixin.py:120} INFO - [2024-07-26T00:40:53.532+0000] {dag.py:3340} INFO - Setting next_dagrun for example_skip_dag to 2024-07-25T00:40:53.532270+00:00, run_after=2024-07-26T00:40:53.532270+00:00
[2024-07-26T00:40:53.544+0000] {processor.py:176} INFO - Processing /home/airflow/.local/lib/python3.7/site-packages/airflow/example_dags/example_skip_dag.py took 0.074 seconds
[2024-07-26T01:30:34.081+0000] {processor.py:154} INFO - Started process (PID=4982) to work on /home/airflow/.local/lib/python3.7/site-packages/airflow/example_dags/example_skip_dag.py
[2024-07-26T01:30:34.083+0000] {processor.py:756} INFO - Processing file /home/airflow/.local/lib/python3.7/site-packages/airflow/example_dags/example_skip_dag.py for tasks to queue
[2024-07-26T01:30:34.083+0000] {logging_mixin.py:120} INFO - [2024-07-26T01:30:34.083+0000] {dagbag.py:537} INFO - Filling up the DagBag from /home/airflow/.local/lib/python3.7/site-packages/airflow/example_dags/example_skip_dag.py
[2024-07-26T01:30:34.092+0000] {processor.py:766} INFO - DAG(s) dict_keys(['example_skip_dag']) retrieved from /home/airflow/.local/lib/python3.7/site-packages/airflow/example_dags/example_skip_dag.py
[2024-07-26T01:30:34.124+0000] {logging_mixin.py:120} INFO - [2024-07-26T01:30:34.124+0000] {dag.py:2585} INFO - Sync 1 DAGs
[2024-07-26T01:30:34.142+0000] {logging_mixin.py:120} INFO - [2024-07-26T01:30:34.142+0000] {dag.py:3340} INFO - Setting next_dagrun for example_skip_dag to 2024-07-25T01:30:34.142306+00:00, run_after=2024-07-26T01:30:34.142306+00:00
[2024-07-26T01:30:34.159+0000] {processor.py:176} INFO - Processing /home/airflow/.local/lib/python3.7/site-packages/airflow/example_dags/example_skip_dag.py took 0.079 seconds
[2024-07-26T02:00:30.518+0000] {processor.py:154} INFO - Started process (PID=5046) to work on /home/airflow/.local/lib/python3.7/site-packages/airflow/example_dags/example_skip_dag.py
[2024-07-26T02:00:30.519+0000] {processor.py:756} INFO - Processing file /home/airflow/.local/lib/python3.7/site-packages/airflow/example_dags/example_skip_dag.py for tasks to queue
[2024-07-26T02:00:30.520+0000] {logging_mixin.py:120} INFO - [2024-07-26T02:00:30.520+0000] {dagbag.py:537} INFO - Filling up the DagBag from /home/airflow/.local/lib/python3.7/site-packages/airflow/example_dags/example_skip_dag.py
[2024-07-26T02:00:30.528+0000] {processor.py:766} INFO - DAG(s) dict_keys(['example_skip_dag']) retrieved from /home/airflow/.local/lib/python3.7/site-packages/airflow/example_dags/example_skip_dag.py
[2024-07-26T02:00:30.552+0000] {logging_mixin.py:120} INFO - [2024-07-26T02:00:30.552+0000] {dag.py:2585} INFO - Sync 1 DAGs
[2024-07-26T02:00:30.569+0000] {logging_mixin.py:120} INFO - [2024-07-26T02:00:30.569+0000] {dag.py:3340} INFO - Setting next_dagrun for example_skip_dag to 2024-07-25T02:00:30.568928+00:00, run_after=2024-07-26T02:00:30.568928+00:00
[2024-07-26T02:00:30.588+0000] {processor.py:176} INFO - Processing /home/airflow/.local/lib/python3.7/site-packages/airflow/example_dags/example_skip_dag.py took 0.072 seconds
[2024-07-26T02:13:03.199+0000] {processor.py:154} INFO - Started process (PID=5109) to work on /home/airflow/.local/lib/python3.7/site-packages/airflow/example_dags/example_skip_dag.py
[2024-07-26T02:13:03.200+0000] {processor.py:756} INFO - Processing file /home/airflow/.local/lib/python3.7/site-packages/airflow/example_dags/example_skip_dag.py for tasks to queue
[2024-07-26T02:13:03.201+0000] {logging_mixin.py:120} INFO - [2024-07-26T02:13:03.201+0000] {dagbag.py:537} INFO - Filling up the DagBag from /home/airflow/.local/lib/python3.7/site-packages/airflow/example_dags/example_skip_dag.py
[2024-07-26T02:13:03.212+0000] {processor.py:766} INFO - DAG(s) dict_keys(['example_skip_dag']) retrieved from /home/airflow/.local/lib/python3.7/site-packages/airflow/example_dags/example_skip_dag.py
[2024-07-26T02:13:03.253+0000] {logging_mixin.py:120} INFO - [2024-07-26T02:13:03.253+0000] {dag.py:2585} INFO - Sync 1 DAGs
[2024-07-26T02:13:03.268+0000] {logging_mixin.py:120} INFO - [2024-07-26T02:13:03.268+0000] {dag.py:3340} INFO - Setting next_dagrun for example_skip_dag to 2024-07-25T02:13:03.267988+00:00, run_after=2024-07-26T02:13:03.267988+00:00
[2024-07-26T02:13:03.291+0000] {processor.py:176} INFO - Processing /home/airflow/.local/lib/python3.7/site-packages/airflow/example_dags/example_skip_dag.py took 0.095 seconds
[2024-07-26T02:39:12.607+0000] {processor.py:154} INFO - Started process (PID=5164) to work on /home/airflow/.local/lib/python3.7/site-packages/airflow/example_dags/example_skip_dag.py
[2024-07-26T02:39:12.608+0000] {processor.py:756} INFO - Processing file /home/airflow/.local/lib/python3.7/site-packages/airflow/example_dags/example_skip_dag.py for tasks to queue
[2024-07-26T02:39:12.611+0000] {logging_mixin.py:120} INFO - [2024-07-26T02:39:12.611+0000] {dagbag.py:537} INFO - Filling up the DagBag from /home/airflow/.local/lib/python3.7/site-packages/airflow/example_dags/example_skip_dag.py
[2024-07-26T02:39:12.619+0000] {processor.py:766} INFO - DAG(s) dict_keys(['example_skip_dag']) retrieved from /home/airflow/.local/lib/python3.7/site-packages/airflow/example_dags/example_skip_dag.py
[2024-07-26T02:39:12.660+0000] {logging_mixin.py:120} INFO - [2024-07-26T02:39:12.660+0000] {dag.py:2585} INFO - Sync 1 DAGs
[2024-07-26T02:39:12.688+0000] {logging_mixin.py:120} INFO - [2024-07-26T02:39:12.688+0000] {dag.py:3340} INFO - Setting next_dagrun for example_skip_dag to 2024-07-25T02:39:12.688042+00:00, run_after=2024-07-26T02:39:12.688042+00:00
[2024-07-26T02:39:12.707+0000] {processor.py:176} INFO - Processing /home/airflow/.local/lib/python3.7/site-packages/airflow/example_dags/example_skip_dag.py took 0.103 seconds
[2024-07-26T02:58:12.113+0000] {processor.py:154} INFO - Started process (PID=5228) to work on /home/airflow/.local/lib/python3.7/site-packages/airflow/example_dags/example_skip_dag.py
[2024-07-26T02:58:12.114+0000] {processor.py:756} INFO - Processing file /home/airflow/.local/lib/python3.7/site-packages/airflow/example_dags/example_skip_dag.py for tasks to queue
[2024-07-26T02:58:12.115+0000] {logging_mixin.py:120} INFO - [2024-07-26T02:58:12.115+0000] {dagbag.py:537} INFO - Filling up the DagBag from /home/airflow/.local/lib/python3.7/site-packages/airflow/example_dags/example_skip_dag.py
[2024-07-26T02:58:12.126+0000] {processor.py:766} INFO - DAG(s) dict_keys(['example_skip_dag']) retrieved from /home/airflow/.local/lib/python3.7/site-packages/airflow/example_dags/example_skip_dag.py
[2024-07-26T02:58:12.154+0000] {logging_mixin.py:120} INFO - [2024-07-26T02:58:12.154+0000] {dag.py:2585} INFO - Sync 1 DAGs
[2024-07-26T02:58:12.170+0000] {logging_mixin.py:120} INFO - [2024-07-26T02:58:12.170+0000] {dag.py:3340} INFO - Setting next_dagrun for example_skip_dag to 2024-07-25T02:58:12.170165+00:00, run_after=2024-07-26T02:58:12.170165+00:00
[2024-07-26T02:58:12.183+0000] {processor.py:176} INFO - Processing /home/airflow/.local/lib/python3.7/site-packages/airflow/example_dags/example_skip_dag.py took 0.071 seconds
[2024-07-26T03:01:34.956+0000] {processor.py:154} INFO - Started process (PID=5292) to work on /home/airflow/.local/lib/python3.7/site-packages/airflow/example_dags/example_skip_dag.py
[2024-07-26T03:01:34.957+0000] {processor.py:756} INFO - Processing file /home/airflow/.local/lib/python3.7/site-packages/airflow/example_dags/example_skip_dag.py for tasks to queue
[2024-07-26T03:01:34.958+0000] {logging_mixin.py:120} INFO - [2024-07-26T03:01:34.958+0000] {dagbag.py:537} INFO - Filling up the DagBag from /home/airflow/.local/lib/python3.7/site-packages/airflow/example_dags/example_skip_dag.py
[2024-07-26T03:01:34.967+0000] {processor.py:766} INFO - DAG(s) dict_keys(['example_skip_dag']) retrieved from /home/airflow/.local/lib/python3.7/site-packages/airflow/example_dags/example_skip_dag.py
[2024-07-26T03:01:35.001+0000] {logging_mixin.py:120} INFO - [2024-07-26T03:01:35.001+0000] {dag.py:2585} INFO - Sync 1 DAGs
[2024-07-26T03:01:35.018+0000] {logging_mixin.py:120} INFO - [2024-07-26T03:01:35.018+0000] {dag.py:3340} INFO - Setting next_dagrun for example_skip_dag to 2024-07-25T03:01:35.018099+00:00, run_after=2024-07-26T03:01:35.018099+00:00
[2024-07-26T03:01:35.039+0000] {processor.py:176} INFO - Processing /home/airflow/.local/lib/python3.7/site-packages/airflow/example_dags/example_skip_dag.py took 0.085 seconds
[2024-07-26T03:15:41.453+0000] {processor.py:154} INFO - Started process (PID=5356) to work on /home/airflow/.local/lib/python3.7/site-packages/airflow/example_dags/example_skip_dag.py
[2024-07-26T03:15:41.459+0000] {processor.py:756} INFO - Processing file /home/airflow/.local/lib/python3.7/site-packages/airflow/example_dags/example_skip_dag.py for tasks to queue
[2024-07-26T03:15:41.459+0000] {logging_mixin.py:120} INFO - [2024-07-26T03:15:41.459+0000] {dagbag.py:537} INFO - Filling up the DagBag from /home/airflow/.local/lib/python3.7/site-packages/airflow/example_dags/example_skip_dag.py
[2024-07-26T03:15:41.469+0000] {processor.py:766} INFO - DAG(s) dict_keys(['example_skip_dag']) retrieved from /home/airflow/.local/lib/python3.7/site-packages/airflow/example_dags/example_skip_dag.py
[2024-07-26T03:15:41.494+0000] {logging_mixin.py:120} INFO - [2024-07-26T03:15:41.493+0000] {dag.py:2585} INFO - Sync 1 DAGs
[2024-07-26T03:15:41.510+0000] {logging_mixin.py:120} INFO - [2024-07-26T03:15:41.510+0000] {dag.py:3340} INFO - Setting next_dagrun for example_skip_dag to 2024-07-25T03:15:41.510531+00:00, run_after=2024-07-26T03:15:41.510531+00:00
[2024-07-26T03:15:41.532+0000] {processor.py:176} INFO - Processing /home/airflow/.local/lib/python3.7/site-packages/airflow/example_dags/example_skip_dag.py took 0.081 seconds
[2024-07-26T03:32:16.464+0000] {processor.py:154} INFO - Started process (PID=5411) to work on /home/airflow/.local/lib/python3.7/site-packages/airflow/example_dags/example_skip_dag.py
[2024-07-26T03:32:16.466+0000] {processor.py:756} INFO - Processing file /home/airflow/.local/lib/python3.7/site-packages/airflow/example_dags/example_skip_dag.py for tasks to queue
[2024-07-26T03:32:16.466+0000] {logging_mixin.py:120} INFO - [2024-07-26T03:32:16.466+0000] {dagbag.py:537} INFO - Filling up the DagBag from /home/airflow/.local/lib/python3.7/site-packages/airflow/example_dags/example_skip_dag.py
[2024-07-26T03:32:16.480+0000] {processor.py:766} INFO - DAG(s) dict_keys(['example_skip_dag']) retrieved from /home/airflow/.local/lib/python3.7/site-packages/airflow/example_dags/example_skip_dag.py
[2024-07-26T03:32:16.512+0000] {logging_mixin.py:120} INFO - [2024-07-26T03:32:16.512+0000] {dag.py:2585} INFO - Sync 1 DAGs
[2024-07-26T03:32:16.530+0000] {logging_mixin.py:120} INFO - [2024-07-26T03:32:16.530+0000] {dag.py:3340} INFO - Setting next_dagrun for example_skip_dag to 2024-07-25T03:32:16.530607+00:00, run_after=2024-07-26T03:32:16.530607+00:00
[2024-07-26T03:32:16.545+0000] {processor.py:176} INFO - Processing /home/airflow/.local/lib/python3.7/site-packages/airflow/example_dags/example_skip_dag.py took 0.083 seconds
[2024-07-26T03:56:59.327+0000] {processor.py:154} INFO - Started process (PID=5475) to work on /home/airflow/.local/lib/python3.7/site-packages/airflow/example_dags/example_skip_dag.py
[2024-07-26T03:56:59.328+0000] {processor.py:756} INFO - Processing file /home/airflow/.local/lib/python3.7/site-packages/airflow/example_dags/example_skip_dag.py for tasks to queue
[2024-07-26T03:56:59.330+0000] {logging_mixin.py:120} INFO - [2024-07-26T03:56:59.330+0000] {dagbag.py:537} INFO - Filling up the DagBag from /home/airflow/.local/lib/python3.7/site-packages/airflow/example_dags/example_skip_dag.py
[2024-07-26T03:56:59.346+0000] {processor.py:766} INFO - DAG(s) dict_keys(['example_skip_dag']) retrieved from /home/airflow/.local/lib/python3.7/site-packages/airflow/example_dags/example_skip_dag.py
[2024-07-26T03:56:59.377+0000] {logging_mixin.py:120} INFO - [2024-07-26T03:56:59.377+0000] {dag.py:2585} INFO - Sync 1 DAGs
[2024-07-26T03:56:59.391+0000] {logging_mixin.py:120} INFO - [2024-07-26T03:56:59.391+0000] {dag.py:3340} INFO - Setting next_dagrun for example_skip_dag to 2024-07-25T03:56:59.391643+00:00, run_after=2024-07-26T03:56:59.391643+00:00
[2024-07-26T03:56:59.414+0000] {processor.py:176} INFO - Processing /home/airflow/.local/lib/python3.7/site-packages/airflow/example_dags/example_skip_dag.py took 0.088 seconds
[2024-07-26T04:02:05.166+0000] {processor.py:154} INFO - Started process (PID=5539) to work on /home/airflow/.local/lib/python3.7/site-packages/airflow/example_dags/example_skip_dag.py
[2024-07-26T04:02:05.167+0000] {processor.py:756} INFO - Processing file /home/airflow/.local/lib/python3.7/site-packages/airflow/example_dags/example_skip_dag.py for tasks to queue
[2024-07-26T04:02:05.169+0000] {logging_mixin.py:120} INFO - [2024-07-26T04:02:05.169+0000] {dagbag.py:537} INFO - Filling up the DagBag from /home/airflow/.local/lib/python3.7/site-packages/airflow/example_dags/example_skip_dag.py
[2024-07-26T04:02:05.182+0000] {processor.py:766} INFO - DAG(s) dict_keys(['example_skip_dag']) retrieved from /home/airflow/.local/lib/python3.7/site-packages/airflow/example_dags/example_skip_dag.py
[2024-07-26T04:02:05.208+0000] {logging_mixin.py:120} INFO - [2024-07-26T04:02:05.207+0000] {dag.py:2585} INFO - Sync 1 DAGs
[2024-07-26T04:02:05.227+0000] {logging_mixin.py:120} INFO - [2024-07-26T04:02:05.227+0000] {dag.py:3340} INFO - Setting next_dagrun for example_skip_dag to 2024-07-25T04:02:05.227191+00:00, run_after=2024-07-26T04:02:05.227191+00:00
[2024-07-26T04:02:05.241+0000] {processor.py:176} INFO - Processing /home/airflow/.local/lib/python3.7/site-packages/airflow/example_dags/example_skip_dag.py took 0.077 seconds
[2024-07-26T04:04:17.715+0000] {processor.py:154} INFO - Started process (PID=5603) to work on /home/airflow/.local/lib/python3.7/site-packages/airflow/example_dags/example_skip_dag.py
[2024-07-26T04:04:17.716+0000] {processor.py:756} INFO - Processing file /home/airflow/.local/lib/python3.7/site-packages/airflow/example_dags/example_skip_dag.py for tasks to queue
[2024-07-26T04:04:17.717+0000] {logging_mixin.py:120} INFO - [2024-07-26T04:04:17.717+0000] {dagbag.py:537} INFO - Filling up the DagBag from /home/airflow/.local/lib/python3.7/site-packages/airflow/example_dags/example_skip_dag.py
[2024-07-26T04:04:17.726+0000] {processor.py:766} INFO - DAG(s) dict_keys(['example_skip_dag']) retrieved from /home/airflow/.local/lib/python3.7/site-packages/airflow/example_dags/example_skip_dag.py
[2024-07-26T04:04:17.750+0000] {logging_mixin.py:120} INFO - [2024-07-26T04:04:17.750+0000] {dag.py:2585} INFO - Sync 1 DAGs
[2024-07-26T04:04:17.769+0000] {logging_mixin.py:120} INFO - [2024-07-26T04:04:17.769+0000] {dag.py:3340} INFO - Setting next_dagrun for example_skip_dag to 2024-07-25T04:04:17.768894+00:00, run_after=2024-07-26T04:04:17.768894+00:00
[2024-07-26T04:04:17.786+0000] {processor.py:176} INFO - Processing /home/airflow/.local/lib/python3.7/site-packages/airflow/example_dags/example_skip_dag.py took 0.072 seconds
[2024-07-26T04:06:04.814+0000] {processor.py:154} INFO - Started process (PID=5666) to work on /home/airflow/.local/lib/python3.7/site-packages/airflow/example_dags/example_skip_dag.py
[2024-07-26T04:06:04.815+0000] {processor.py:756} INFO - Processing file /home/airflow/.local/lib/python3.7/site-packages/airflow/example_dags/example_skip_dag.py for tasks to queue
[2024-07-26T04:06:04.820+0000] {logging_mixin.py:120} INFO - [2024-07-26T04:06:04.820+0000] {dagbag.py:537} INFO - Filling up the DagBag from /home/airflow/.local/lib/python3.7/site-packages/airflow/example_dags/example_skip_dag.py
[2024-07-26T04:06:04.828+0000] {processor.py:766} INFO - DAG(s) dict_keys(['example_skip_dag']) retrieved from /home/airflow/.local/lib/python3.7/site-packages/airflow/example_dags/example_skip_dag.py
[2024-07-26T04:06:04.854+0000] {logging_mixin.py:120} INFO - [2024-07-26T04:06:04.854+0000] {dag.py:2585} INFO - Sync 1 DAGs
[2024-07-26T04:06:04.870+0000] {logging_mixin.py:120} INFO - [2024-07-26T04:06:04.869+0000] {dag.py:3340} INFO - Setting next_dagrun for example_skip_dag to 2024-07-25T04:06:04.869813+00:00, run_after=2024-07-26T04:06:04.869813+00:00
[2024-07-26T04:06:04.883+0000] {processor.py:176} INFO - Processing /home/airflow/.local/lib/python3.7/site-packages/airflow/example_dags/example_skip_dag.py took 0.071 seconds
[2024-07-26T04:08:06.100+0000] {processor.py:154} INFO - Started process (PID=5721) to work on /home/airflow/.local/lib/python3.7/site-packages/airflow/example_dags/example_skip_dag.py
[2024-07-26T04:08:06.103+0000] {processor.py:756} INFO - Processing file /home/airflow/.local/lib/python3.7/site-packages/airflow/example_dags/example_skip_dag.py for tasks to queue
[2024-07-26T04:08:06.103+0000] {logging_mixin.py:120} INFO - [2024-07-26T04:08:06.103+0000] {dagbag.py:537} INFO - Filling up the DagBag from /home/airflow/.local/lib/python3.7/site-packages/airflow/example_dags/example_skip_dag.py
[2024-07-26T04:08:06.111+0000] {processor.py:766} INFO - DAG(s) dict_keys(['example_skip_dag']) retrieved from /home/airflow/.local/lib/python3.7/site-packages/airflow/example_dags/example_skip_dag.py
[2024-07-26T04:08:06.142+0000] {logging_mixin.py:120} INFO - [2024-07-26T04:08:06.142+0000] {dag.py:2585} INFO - Sync 1 DAGs
[2024-07-26T04:08:06.156+0000] {logging_mixin.py:120} INFO - [2024-07-26T04:08:06.155+0000] {dag.py:3340} INFO - Setting next_dagrun for example_skip_dag to 2024-07-25T04:08:06.155839+00:00, run_after=2024-07-26T04:08:06.155839+00:00
[2024-07-26T04:08:06.176+0000] {processor.py:176} INFO - Processing /home/airflow/.local/lib/python3.7/site-packages/airflow/example_dags/example_skip_dag.py took 0.078 seconds
[2024-07-26T04:09:02.205+0000] {processor.py:154} INFO - Started process (PID=5785) to work on /home/airflow/.local/lib/python3.7/site-packages/airflow/example_dags/example_skip_dag.py
[2024-07-26T04:09:02.206+0000] {processor.py:756} INFO - Processing file /home/airflow/.local/lib/python3.7/site-packages/airflow/example_dags/example_skip_dag.py for tasks to queue
[2024-07-26T04:09:02.208+0000] {logging_mixin.py:120} INFO - [2024-07-26T04:09:02.208+0000] {dagbag.py:537} INFO - Filling up the DagBag from /home/airflow/.local/lib/python3.7/site-packages/airflow/example_dags/example_skip_dag.py
[2024-07-26T04:09:02.216+0000] {processor.py:766} INFO - DAG(s) dict_keys(['example_skip_dag']) retrieved from /home/airflow/.local/lib/python3.7/site-packages/airflow/example_dags/example_skip_dag.py
[2024-07-26T04:09:02.238+0000] {logging_mixin.py:120} INFO - [2024-07-26T04:09:02.238+0000] {dag.py:2585} INFO - Sync 1 DAGs
[2024-07-26T04:09:02.254+0000] {logging_mixin.py:120} INFO - [2024-07-26T04:09:02.254+0000] {dag.py:3340} INFO - Setting next_dagrun for example_skip_dag to 2024-07-25T04:09:02.254191+00:00, run_after=2024-07-26T04:09:02.254191+00:00
[2024-07-26T04:09:02.265+0000] {processor.py:176} INFO - Processing /home/airflow/.local/lib/python3.7/site-packages/airflow/example_dags/example_skip_dag.py took 0.062 seconds
[2024-07-26T04:10:11.666+0000] {processor.py:154} INFO - Started process (PID=5850) to work on /home/airflow/.local/lib/python3.7/site-packages/airflow/example_dags/example_skip_dag.py
[2024-07-26T04:10:11.668+0000] {processor.py:756} INFO - Processing file /home/airflow/.local/lib/python3.7/site-packages/airflow/example_dags/example_skip_dag.py for tasks to queue
[2024-07-26T04:10:11.668+0000] {logging_mixin.py:120} INFO - [2024-07-26T04:10:11.668+0000] {dagbag.py:537} INFO - Filling up the DagBag from /home/airflow/.local/lib/python3.7/site-packages/airflow/example_dags/example_skip_dag.py
[2024-07-26T04:10:11.682+0000] {processor.py:766} INFO - DAG(s) dict_keys(['example_skip_dag']) retrieved from /home/airflow/.local/lib/python3.7/site-packages/airflow/example_dags/example_skip_dag.py
[2024-07-26T04:10:11.714+0000] {logging_mixin.py:120} INFO - [2024-07-26T04:10:11.714+0000] {dag.py:2585} INFO - Sync 1 DAGs
[2024-07-26T04:10:11.726+0000] {logging_mixin.py:120} INFO - [2024-07-26T04:10:11.726+0000] {dag.py:3340} INFO - Setting next_dagrun for example_skip_dag to 2024-07-25T04:10:11.726362+00:00, run_after=2024-07-26T04:10:11.726362+00:00
[2024-07-26T04:10:11.742+0000] {processor.py:176} INFO - Processing /home/airflow/.local/lib/python3.7/site-packages/airflow/example_dags/example_skip_dag.py took 0.078 seconds
[2024-07-26T04:11:38.629+0000] {processor.py:154} INFO - Started process (PID=5914) to work on /home/airflow/.local/lib/python3.7/site-packages/airflow/example_dags/example_skip_dag.py
[2024-07-26T04:11:38.630+0000] {processor.py:756} INFO - Processing file /home/airflow/.local/lib/python3.7/site-packages/airflow/example_dags/example_skip_dag.py for tasks to queue
[2024-07-26T04:11:38.630+0000] {logging_mixin.py:120} INFO - [2024-07-26T04:11:38.630+0000] {dagbag.py:537} INFO - Filling up the DagBag from /home/airflow/.local/lib/python3.7/site-packages/airflow/example_dags/example_skip_dag.py
[2024-07-26T04:11:38.640+0000] {processor.py:766} INFO - DAG(s) dict_keys(['example_skip_dag']) retrieved from /home/airflow/.local/lib/python3.7/site-packages/airflow/example_dags/example_skip_dag.py
[2024-07-26T04:11:38.669+0000] {logging_mixin.py:120} INFO - [2024-07-26T04:11:38.669+0000] {dag.py:2585} INFO - Sync 1 DAGs
[2024-07-26T04:11:38.684+0000] {logging_mixin.py:120} INFO - [2024-07-26T04:11:38.684+0000] {dag.py:3340} INFO - Setting next_dagrun for example_skip_dag to 2024-07-25T04:11:38.684230+00:00, run_after=2024-07-26T04:11:38.684230+00:00
[2024-07-26T04:11:38.698+0000] {processor.py:176} INFO - Processing /home/airflow/.local/lib/python3.7/site-packages/airflow/example_dags/example_skip_dag.py took 0.070 seconds
[2024-07-26T04:12:21.633+0000] {processor.py:154} INFO - Started process (PID=5978) to work on /home/airflow/.local/lib/python3.7/site-packages/airflow/example_dags/example_skip_dag.py
[2024-07-26T04:12:21.634+0000] {processor.py:756} INFO - Processing file /home/airflow/.local/lib/python3.7/site-packages/airflow/example_dags/example_skip_dag.py for tasks to queue
[2024-07-26T04:12:21.635+0000] {logging_mixin.py:120} INFO - [2024-07-26T04:12:21.635+0000] {dagbag.py:537} INFO - Filling up the DagBag from /home/airflow/.local/lib/python3.7/site-packages/airflow/example_dags/example_skip_dag.py
[2024-07-26T04:12:21.644+0000] {processor.py:766} INFO - DAG(s) dict_keys(['example_skip_dag']) retrieved from /home/airflow/.local/lib/python3.7/site-packages/airflow/example_dags/example_skip_dag.py
[2024-07-26T04:12:21.669+0000] {logging_mixin.py:120} INFO - [2024-07-26T04:12:21.669+0000] {dag.py:2585} INFO - Sync 1 DAGs
[2024-07-26T04:12:21.683+0000] {logging_mixin.py:120} INFO - [2024-07-26T04:12:21.683+0000] {dag.py:3340} INFO - Setting next_dagrun for example_skip_dag to 2024-07-25T04:12:21.683423+00:00, run_after=2024-07-26T04:12:21.683423+00:00
[2024-07-26T04:12:21.701+0000] {processor.py:176} INFO - Processing /home/airflow/.local/lib/python3.7/site-packages/airflow/example_dags/example_skip_dag.py took 0.070 seconds
[2024-07-26T04:13:15.417+0000] {processor.py:154} INFO - Started process (PID=6033) to work on /home/airflow/.local/lib/python3.7/site-packages/airflow/example_dags/example_skip_dag.py
[2024-07-26T04:13:15.421+0000] {processor.py:756} INFO - Processing file /home/airflow/.local/lib/python3.7/site-packages/airflow/example_dags/example_skip_dag.py for tasks to queue
[2024-07-26T04:13:15.421+0000] {logging_mixin.py:120} INFO - [2024-07-26T04:13:15.421+0000] {dagbag.py:537} INFO - Filling up the DagBag from /home/airflow/.local/lib/python3.7/site-packages/airflow/example_dags/example_skip_dag.py
[2024-07-26T04:13:15.430+0000] {processor.py:766} INFO - DAG(s) dict_keys(['example_skip_dag']) retrieved from /home/airflow/.local/lib/python3.7/site-packages/airflow/example_dags/example_skip_dag.py
[2024-07-26T04:13:15.469+0000] {logging_mixin.py:120} INFO - [2024-07-26T04:13:15.469+0000] {dag.py:2585} INFO - Sync 1 DAGs
[2024-07-26T04:13:15.491+0000] {logging_mixin.py:120} INFO - [2024-07-26T04:13:15.491+0000] {dag.py:3340} INFO - Setting next_dagrun for example_skip_dag to 2024-07-25T04:13:15.491216+00:00, run_after=2024-07-26T04:13:15.491216+00:00
[2024-07-26T04:13:15.513+0000] {processor.py:176} INFO - Processing /home/airflow/.local/lib/python3.7/site-packages/airflow/example_dags/example_skip_dag.py took 0.098 seconds
[2024-07-26T04:14:05.854+0000] {processor.py:154} INFO - Started process (PID=6096) to work on /home/airflow/.local/lib/python3.7/site-packages/airflow/example_dags/example_skip_dag.py
[2024-07-26T04:14:05.854+0000] {processor.py:756} INFO - Processing file /home/airflow/.local/lib/python3.7/site-packages/airflow/example_dags/example_skip_dag.py for tasks to queue
[2024-07-26T04:14:05.855+0000] {logging_mixin.py:120} INFO - [2024-07-26T04:14:05.855+0000] {dagbag.py:537} INFO - Filling up the DagBag from /home/airflow/.local/lib/python3.7/site-packages/airflow/example_dags/example_skip_dag.py
[2024-07-26T04:14:05.864+0000] {processor.py:766} INFO - DAG(s) dict_keys(['example_skip_dag']) retrieved from /home/airflow/.local/lib/python3.7/site-packages/airflow/example_dags/example_skip_dag.py
[2024-07-26T04:14:05.895+0000] {logging_mixin.py:120} INFO - [2024-07-26T04:14:05.895+0000] {dag.py:2585} INFO - Sync 1 DAGs
[2024-07-26T04:14:05.913+0000] {logging_mixin.py:120} INFO - [2024-07-26T04:14:05.913+0000] {dag.py:3340} INFO - Setting next_dagrun for example_skip_dag to 2024-07-25T04:14:05.913200+00:00, run_after=2024-07-26T04:14:05.913200+00:00
[2024-07-26T04:14:05.939+0000] {processor.py:176} INFO - Processing /home/airflow/.local/lib/python3.7/site-packages/airflow/example_dags/example_skip_dag.py took 0.088 seconds
[2024-07-26T04:18:34.428+0000] {processor.py:154} INFO - Started process (PID=6160) to work on /home/airflow/.local/lib/python3.7/site-packages/airflow/example_dags/example_skip_dag.py
[2024-07-26T04:18:34.433+0000] {processor.py:756} INFO - Processing file /home/airflow/.local/lib/python3.7/site-packages/airflow/example_dags/example_skip_dag.py for tasks to queue
[2024-07-26T04:18:34.434+0000] {logging_mixin.py:120} INFO - [2024-07-26T04:18:34.434+0000] {dagbag.py:537} INFO - Filling up the DagBag from /home/airflow/.local/lib/python3.7/site-packages/airflow/example_dags/example_skip_dag.py
[2024-07-26T04:18:34.446+0000] {processor.py:766} INFO - DAG(s) dict_keys(['example_skip_dag']) retrieved from /home/airflow/.local/lib/python3.7/site-packages/airflow/example_dags/example_skip_dag.py
[2024-07-26T04:18:34.498+0000] {logging_mixin.py:120} INFO - [2024-07-26T04:18:34.498+0000] {dag.py:2585} INFO - Sync 1 DAGs
[2024-07-26T04:18:34.522+0000] {logging_mixin.py:120} INFO - [2024-07-26T04:18:34.522+0000] {dag.py:3340} INFO - Setting next_dagrun for example_skip_dag to 2024-07-25T04:18:34.522423+00:00, run_after=2024-07-26T04:18:34.522423+00:00
[2024-07-26T04:18:34.537+0000] {processor.py:176} INFO - Processing /home/airflow/.local/lib/python3.7/site-packages/airflow/example_dags/example_skip_dag.py took 0.112 seconds
[2024-07-26T04:19:16.722+0000] {processor.py:154} INFO - Started process (PID=6224) to work on /home/airflow/.local/lib/python3.7/site-packages/airflow/example_dags/example_skip_dag.py
[2024-07-26T04:19:16.723+0000] {processor.py:756} INFO - Processing file /home/airflow/.local/lib/python3.7/site-packages/airflow/example_dags/example_skip_dag.py for tasks to queue
[2024-07-26T04:19:16.723+0000] {logging_mixin.py:120} INFO - [2024-07-26T04:19:16.723+0000] {dagbag.py:537} INFO - Filling up the DagBag from /home/airflow/.local/lib/python3.7/site-packages/airflow/example_dags/example_skip_dag.py
[2024-07-26T04:19:16.733+0000] {processor.py:766} INFO - DAG(s) dict_keys(['example_skip_dag']) retrieved from /home/airflow/.local/lib/python3.7/site-packages/airflow/example_dags/example_skip_dag.py
[2024-07-26T04:19:16.760+0000] {logging_mixin.py:120} INFO - [2024-07-26T04:19:16.760+0000] {dag.py:2585} INFO - Sync 1 DAGs
[2024-07-26T04:19:16.779+0000] {logging_mixin.py:120} INFO - [2024-07-26T04:19:16.779+0000] {dag.py:3340} INFO - Setting next_dagrun for example_skip_dag to 2024-07-25T04:19:16.779724+00:00, run_after=2024-07-26T04:19:16.779724+00:00
[2024-07-26T04:19:16.802+0000] {processor.py:176} INFO - Processing /home/airflow/.local/lib/python3.7/site-packages/airflow/example_dags/example_skip_dag.py took 0.081 seconds
[2024-07-26T04:20:38.283+0000] {processor.py:154} INFO - Started process (PID=6279) to work on /home/airflow/.local/lib/python3.7/site-packages/airflow/example_dags/example_skip_dag.py
[2024-07-26T04:20:38.284+0000] {processor.py:756} INFO - Processing file /home/airflow/.local/lib/python3.7/site-packages/airflow/example_dags/example_skip_dag.py for tasks to queue
[2024-07-26T04:20:38.284+0000] {logging_mixin.py:120} INFO - [2024-07-26T04:20:38.284+0000] {dagbag.py:537} INFO - Filling up the DagBag from /home/airflow/.local/lib/python3.7/site-packages/airflow/example_dags/example_skip_dag.py
[2024-07-26T04:20:38.294+0000] {processor.py:766} INFO - DAG(s) dict_keys(['example_skip_dag']) retrieved from /home/airflow/.local/lib/python3.7/site-packages/airflow/example_dags/example_skip_dag.py
[2024-07-26T04:20:38.318+0000] {logging_mixin.py:120} INFO - [2024-07-26T04:20:38.317+0000] {dag.py:2585} INFO - Sync 1 DAGs
[2024-07-26T04:20:38.335+0000] {logging_mixin.py:120} INFO - [2024-07-26T04:20:38.335+0000] {dag.py:3340} INFO - Setting next_dagrun for example_skip_dag to 2024-07-25T04:20:38.335146+00:00, run_after=2024-07-26T04:20:38.335146+00:00
[2024-07-26T04:20:38.352+0000] {processor.py:176} INFO - Processing /home/airflow/.local/lib/python3.7/site-packages/airflow/example_dags/example_skip_dag.py took 0.071 seconds
[2024-07-26T04:21:42.136+0000] {processor.py:154} INFO - Started process (PID=6342) to work on /home/airflow/.local/lib/python3.7/site-packages/airflow/example_dags/example_skip_dag.py
[2024-07-26T04:21:42.139+0000] {processor.py:756} INFO - Processing file /home/airflow/.local/lib/python3.7/site-packages/airflow/example_dags/example_skip_dag.py for tasks to queue
[2024-07-26T04:21:42.139+0000] {logging_mixin.py:120} INFO - [2024-07-26T04:21:42.139+0000] {dagbag.py:537} INFO - Filling up the DagBag from /home/airflow/.local/lib/python3.7/site-packages/airflow/example_dags/example_skip_dag.py
[2024-07-26T04:21:42.148+0000] {processor.py:766} INFO - DAG(s) dict_keys(['example_skip_dag']) retrieved from /home/airflow/.local/lib/python3.7/site-packages/airflow/example_dags/example_skip_dag.py
[2024-07-26T04:21:42.174+0000] {logging_mixin.py:120} INFO - [2024-07-26T04:21:42.174+0000] {dag.py:2585} INFO - Sync 1 DAGs
[2024-07-26T04:21:42.190+0000] {logging_mixin.py:120} INFO - [2024-07-26T04:21:42.190+0000] {dag.py:3340} INFO - Setting next_dagrun for example_skip_dag to 2024-07-25T04:21:42.190357+00:00, run_after=2024-07-26T04:21:42.190357+00:00
[2024-07-26T04:21:42.204+0000] {processor.py:176} INFO - Processing /home/airflow/.local/lib/python3.7/site-packages/airflow/example_dags/example_skip_dag.py took 0.069 seconds
[2024-07-26T04:22:48.976+0000] {processor.py:154} INFO - Started process (PID=6406) to work on /home/airflow/.local/lib/python3.7/site-packages/airflow/example_dags/example_skip_dag.py
[2024-07-26T04:22:48.977+0000] {processor.py:756} INFO - Processing file /home/airflow/.local/lib/python3.7/site-packages/airflow/example_dags/example_skip_dag.py for tasks to queue
[2024-07-26T04:22:48.977+0000] {logging_mixin.py:120} INFO - [2024-07-26T04:22:48.977+0000] {dagbag.py:537} INFO - Filling up the DagBag from /home/airflow/.local/lib/python3.7/site-packages/airflow/example_dags/example_skip_dag.py
[2024-07-26T04:22:48.988+0000] {processor.py:766} INFO - DAG(s) dict_keys(['example_skip_dag']) retrieved from /home/airflow/.local/lib/python3.7/site-packages/airflow/example_dags/example_skip_dag.py
[2024-07-26T04:22:49.010+0000] {logging_mixin.py:120} INFO - [2024-07-26T04:22:49.010+0000] {dag.py:2585} INFO - Sync 1 DAGs
[2024-07-26T04:22:49.024+0000] {logging_mixin.py:120} INFO - [2024-07-26T04:22:49.024+0000] {dag.py:3340} INFO - Setting next_dagrun for example_skip_dag to 2024-07-25T04:22:49.024109+00:00, run_after=2024-07-26T04:22:49.024109+00:00
[2024-07-26T04:22:49.034+0000] {processor.py:176} INFO - Processing /home/airflow/.local/lib/python3.7/site-packages/airflow/example_dags/example_skip_dag.py took 0.060 seconds
[2024-07-26T04:34:01.698+0000] {processor.py:154} INFO - Started process (PID=6470) to work on /home/airflow/.local/lib/python3.7/site-packages/airflow/example_dags/example_skip_dag.py
[2024-07-26T04:34:01.702+0000] {processor.py:756} INFO - Processing file /home/airflow/.local/lib/python3.7/site-packages/airflow/example_dags/example_skip_dag.py for tasks to queue
[2024-07-26T04:34:01.703+0000] {logging_mixin.py:120} INFO - [2024-07-26T04:34:01.703+0000] {dagbag.py:537} INFO - Filling up the DagBag from /home/airflow/.local/lib/python3.7/site-packages/airflow/example_dags/example_skip_dag.py
[2024-07-26T04:34:01.717+0000] {processor.py:766} INFO - DAG(s) dict_keys(['example_skip_dag']) retrieved from /home/airflow/.local/lib/python3.7/site-packages/airflow/example_dags/example_skip_dag.py
[2024-07-26T04:34:01.745+0000] {logging_mixin.py:120} INFO - [2024-07-26T04:34:01.745+0000] {dag.py:2585} INFO - Sync 1 DAGs
[2024-07-26T04:34:01.763+0000] {logging_mixin.py:120} INFO - [2024-07-26T04:34:01.763+0000] {dag.py:3340} INFO - Setting next_dagrun for example_skip_dag to 2024-07-25T04:34:01.763490+00:00, run_after=2024-07-26T04:34:01.763490+00:00
[2024-07-26T04:34:01.779+0000] {processor.py:176} INFO - Processing /home/airflow/.local/lib/python3.7/site-packages/airflow/example_dags/example_skip_dag.py took 0.084 seconds
[2024-07-26T04:49:13.822+0000] {processor.py:154} INFO - Started process (PID=6534) to work on /home/airflow/.local/lib/python3.7/site-packages/airflow/example_dags/example_skip_dag.py
[2024-07-26T04:49:13.823+0000] {processor.py:756} INFO - Processing file /home/airflow/.local/lib/python3.7/site-packages/airflow/example_dags/example_skip_dag.py for tasks to queue
[2024-07-26T04:49:13.823+0000] {logging_mixin.py:120} INFO - [2024-07-26T04:49:13.823+0000] {dagbag.py:537} INFO - Filling up the DagBag from /home/airflow/.local/lib/python3.7/site-packages/airflow/example_dags/example_skip_dag.py
[2024-07-26T04:49:13.832+0000] {processor.py:766} INFO - DAG(s) dict_keys(['example_skip_dag']) retrieved from /home/airflow/.local/lib/python3.7/site-packages/airflow/example_dags/example_skip_dag.py
[2024-07-26T04:49:13.868+0000] {logging_mixin.py:120} INFO - [2024-07-26T04:49:13.868+0000] {dag.py:2585} INFO - Sync 1 DAGs
[2024-07-26T04:49:13.906+0000] {logging_mixin.py:120} INFO - [2024-07-26T04:49:13.906+0000] {dag.py:3340} INFO - Setting next_dagrun for example_skip_dag to 2024-07-25T04:49:13.906331+00:00, run_after=2024-07-26T04:49:13.906331+00:00
[2024-07-26T04:49:13.928+0000] {processor.py:176} INFO - Processing /home/airflow/.local/lib/python3.7/site-packages/airflow/example_dags/example_skip_dag.py took 0.108 seconds
[2024-07-26T04:53:38.739+0000] {processor.py:154} INFO - Started process (PID=6589) to work on /home/airflow/.local/lib/python3.7/site-packages/airflow/example_dags/example_skip_dag.py
[2024-07-26T04:53:38.740+0000] {processor.py:756} INFO - Processing file /home/airflow/.local/lib/python3.7/site-packages/airflow/example_dags/example_skip_dag.py for tasks to queue
[2024-07-26T04:53:38.741+0000] {logging_mixin.py:120} INFO - [2024-07-26T04:53:38.741+0000] {dagbag.py:537} INFO - Filling up the DagBag from /home/airflow/.local/lib/python3.7/site-packages/airflow/example_dags/example_skip_dag.py
[2024-07-26T04:53:38.753+0000] {processor.py:766} INFO - DAG(s) dict_keys(['example_skip_dag']) retrieved from /home/airflow/.local/lib/python3.7/site-packages/airflow/example_dags/example_skip_dag.py
[2024-07-26T04:53:38.783+0000] {logging_mixin.py:120} INFO - [2024-07-26T04:53:38.783+0000] {dag.py:2585} INFO - Sync 1 DAGs
[2024-07-26T04:53:38.802+0000] {logging_mixin.py:120} INFO - [2024-07-26T04:53:38.802+0000] {dag.py:3340} INFO - Setting next_dagrun for example_skip_dag to 2024-07-25T04:53:38.801947+00:00, run_after=2024-07-26T04:53:38.801947+00:00
[2024-07-26T04:53:38.817+0000] {processor.py:176} INFO - Processing /home/airflow/.local/lib/python3.7/site-packages/airflow/example_dags/example_skip_dag.py took 0.080 seconds
[2024-07-26T05:02:50.862+0000] {processor.py:154} INFO - Started process (PID=6653) to work on /home/airflow/.local/lib/python3.7/site-packages/airflow/example_dags/example_skip_dag.py
[2024-07-26T05:02:50.863+0000] {processor.py:756} INFO - Processing file /home/airflow/.local/lib/python3.7/site-packages/airflow/example_dags/example_skip_dag.py for tasks to queue
[2024-07-26T05:02:50.863+0000] {logging_mixin.py:120} INFO - [2024-07-26T05:02:50.863+0000] {dagbag.py:537} INFO - Filling up the DagBag from /home/airflow/.local/lib/python3.7/site-packages/airflow/example_dags/example_skip_dag.py
[2024-07-26T05:02:50.875+0000] {processor.py:766} INFO - DAG(s) dict_keys(['example_skip_dag']) retrieved from /home/airflow/.local/lib/python3.7/site-packages/airflow/example_dags/example_skip_dag.py
[2024-07-26T05:02:50.920+0000] {logging_mixin.py:120} INFO - [2024-07-26T05:02:50.920+0000] {dag.py:2585} INFO - Sync 1 DAGs
[2024-07-26T05:02:50.939+0000] {logging_mixin.py:120} INFO - [2024-07-26T05:02:50.939+0000] {dag.py:3340} INFO - Setting next_dagrun for example_skip_dag to 2024-07-25T05:02:50.939427+00:00, run_after=2024-07-26T05:02:50.939427+00:00
[2024-07-26T05:02:50.964+0000] {processor.py:176} INFO - Processing /home/airflow/.local/lib/python3.7/site-packages/airflow/example_dags/example_skip_dag.py took 0.105 seconds
[2024-07-26T05:15:53.288+0000] {processor.py:154} INFO - Started process (PID=6717) to work on /home/airflow/.local/lib/python3.7/site-packages/airflow/example_dags/example_skip_dag.py
[2024-07-26T05:15:53.289+0000] {processor.py:756} INFO - Processing file /home/airflow/.local/lib/python3.7/site-packages/airflow/example_dags/example_skip_dag.py for tasks to queue
[2024-07-26T05:15:53.289+0000] {logging_mixin.py:120} INFO - [2024-07-26T05:15:53.289+0000] {dagbag.py:537} INFO - Filling up the DagBag from /home/airflow/.local/lib/python3.7/site-packages/airflow/example_dags/example_skip_dag.py
[2024-07-26T05:15:53.298+0000] {processor.py:766} INFO - DAG(s) dict_keys(['example_skip_dag']) retrieved from /home/airflow/.local/lib/python3.7/site-packages/airflow/example_dags/example_skip_dag.py
[2024-07-26T05:15:53.322+0000] {logging_mixin.py:120} INFO - [2024-07-26T05:15:53.322+0000] {dag.py:2585} INFO - Sync 1 DAGs
[2024-07-26T05:15:53.343+0000] {logging_mixin.py:120} INFO - [2024-07-26T05:15:53.343+0000] {dag.py:3340} INFO - Setting next_dagrun for example_skip_dag to 2024-07-25T05:15:53.342946+00:00, run_after=2024-07-26T05:15:53.342946+00:00
[2024-07-26T05:15:53.359+0000] {processor.py:176} INFO - Processing /home/airflow/.local/lib/python3.7/site-packages/airflow/example_dags/example_skip_dag.py took 0.073 seconds
[2024-07-26T05:33:30.085+0000] {processor.py:154} INFO - Started process (PID=6781) to work on /home/airflow/.local/lib/python3.7/site-packages/airflow/example_dags/example_skip_dag.py
[2024-07-26T05:33:30.089+0000] {processor.py:756} INFO - Processing file /home/airflow/.local/lib/python3.7/site-packages/airflow/example_dags/example_skip_dag.py for tasks to queue
[2024-07-26T05:33:30.091+0000] {logging_mixin.py:120} INFO - [2024-07-26T05:33:30.091+0000] {dagbag.py:537} INFO - Filling up the DagBag from /home/airflow/.local/lib/python3.7/site-packages/airflow/example_dags/example_skip_dag.py
[2024-07-26T05:33:30.100+0000] {processor.py:766} INFO - DAG(s) dict_keys(['example_skip_dag']) retrieved from /home/airflow/.local/lib/python3.7/site-packages/airflow/example_dags/example_skip_dag.py
[2024-07-26T05:33:30.126+0000] {logging_mixin.py:120} INFO - [2024-07-26T05:33:30.126+0000] {dag.py:2585} INFO - Sync 1 DAGs
[2024-07-26T05:33:30.139+0000] {logging_mixin.py:120} INFO - [2024-07-26T05:33:30.139+0000] {dag.py:3340} INFO - Setting next_dagrun for example_skip_dag to 2024-07-25T05:33:30.139146+00:00, run_after=2024-07-26T05:33:30.139146+00:00
[2024-07-26T05:33:30.169+0000] {processor.py:176} INFO - Processing /home/airflow/.local/lib/python3.7/site-packages/airflow/example_dags/example_skip_dag.py took 0.086 seconds
[2024-07-26T06:09:37.470+0000] {processor.py:154} INFO - Started process (PID=6844) to work on /home/airflow/.local/lib/python3.7/site-packages/airflow/example_dags/example_skip_dag.py
[2024-07-26T06:09:37.474+0000] {processor.py:756} INFO - Processing file /home/airflow/.local/lib/python3.7/site-packages/airflow/example_dags/example_skip_dag.py for tasks to queue
[2024-07-26T06:09:37.474+0000] {logging_mixin.py:120} INFO - [2024-07-26T06:09:37.474+0000] {dagbag.py:537} INFO - Filling up the DagBag from /home/airflow/.local/lib/python3.7/site-packages/airflow/example_dags/example_skip_dag.py
[2024-07-26T06:09:37.485+0000] {processor.py:766} INFO - DAG(s) dict_keys(['example_skip_dag']) retrieved from /home/airflow/.local/lib/python3.7/site-packages/airflow/example_dags/example_skip_dag.py
[2024-07-26T06:09:37.512+0000] {logging_mixin.py:120} INFO - [2024-07-26T06:09:37.512+0000] {dag.py:2585} INFO - Sync 1 DAGs
[2024-07-26T06:09:37.527+0000] {logging_mixin.py:120} INFO - [2024-07-26T06:09:37.527+0000] {dag.py:3340} INFO - Setting next_dagrun for example_skip_dag to 2024-07-25T06:09:37.527338+00:00, run_after=2024-07-26T06:09:37.527338+00:00
[2024-07-26T06:09:37.546+0000] {processor.py:176} INFO - Processing /home/airflow/.local/lib/python3.7/site-packages/airflow/example_dags/example_skip_dag.py took 0.077 seconds
[2024-07-26T07:10:34.436+0000] {processor.py:154} INFO - Started process (PID=6899) to work on /home/airflow/.local/lib/python3.7/site-packages/airflow/example_dags/example_skip_dag.py
[2024-07-26T07:10:34.438+0000] {processor.py:756} INFO - Processing file /home/airflow/.local/lib/python3.7/site-packages/airflow/example_dags/example_skip_dag.py for tasks to queue
[2024-07-26T07:10:34.438+0000] {logging_mixin.py:120} INFO - [2024-07-26T07:10:34.438+0000] {dagbag.py:537} INFO - Filling up the DagBag from /home/airflow/.local/lib/python3.7/site-packages/airflow/example_dags/example_skip_dag.py
[2024-07-26T07:10:34.454+0000] {processor.py:766} INFO - DAG(s) dict_keys(['example_skip_dag']) retrieved from /home/airflow/.local/lib/python3.7/site-packages/airflow/example_dags/example_skip_dag.py
[2024-07-26T07:10:34.476+0000] {logging_mixin.py:120} INFO - [2024-07-26T07:10:34.476+0000] {dag.py:2585} INFO - Sync 1 DAGs
[2024-07-26T07:10:34.493+0000] {logging_mixin.py:120} INFO - [2024-07-26T07:10:34.493+0000] {dag.py:3340} INFO - Setting next_dagrun for example_skip_dag to 2024-07-25T07:10:34.493040+00:00, run_after=2024-07-26T07:10:34.493040+00:00
[2024-07-26T07:10:34.505+0000] {processor.py:176} INFO - Processing /home/airflow/.local/lib/python3.7/site-packages/airflow/example_dags/example_skip_dag.py took 0.071 seconds
[2024-07-26T08:11:48.779+0000] {processor.py:154} INFO - Started process (PID=6963) to work on /home/airflow/.local/lib/python3.7/site-packages/airflow/example_dags/example_skip_dag.py
[2024-07-26T08:11:48.780+0000] {processor.py:756} INFO - Processing file /home/airflow/.local/lib/python3.7/site-packages/airflow/example_dags/example_skip_dag.py for tasks to queue
[2024-07-26T08:11:48.781+0000] {logging_mixin.py:120} INFO - [2024-07-26T08:11:48.781+0000] {dagbag.py:537} INFO - Filling up the DagBag from /home/airflow/.local/lib/python3.7/site-packages/airflow/example_dags/example_skip_dag.py
[2024-07-26T08:11:48.795+0000] {processor.py:766} INFO - DAG(s) dict_keys(['example_skip_dag']) retrieved from /home/airflow/.local/lib/python3.7/site-packages/airflow/example_dags/example_skip_dag.py
[2024-07-26T08:11:48.840+0000] {logging_mixin.py:120} INFO - [2024-07-26T08:11:48.840+0000] {dag.py:2585} INFO - Sync 1 DAGs
[2024-07-26T08:11:48.858+0000] {logging_mixin.py:120} INFO - [2024-07-26T08:11:48.857+0000] {dag.py:3340} INFO - Setting next_dagrun for example_skip_dag to 2024-07-25T08:11:48.857812+00:00, run_after=2024-07-26T08:11:48.857812+00:00
[2024-07-26T08:11:48.876+0000] {processor.py:176} INFO - Processing /home/airflow/.local/lib/python3.7/site-packages/airflow/example_dags/example_skip_dag.py took 0.099 seconds
[2024-07-26T08:36:13.164+0000] {processor.py:154} INFO - Started process (PID=7027) to work on /home/airflow/.local/lib/python3.7/site-packages/airflow/example_dags/example_skip_dag.py
[2024-07-26T08:36:13.169+0000] {processor.py:756} INFO - Processing file /home/airflow/.local/lib/python3.7/site-packages/airflow/example_dags/example_skip_dag.py for tasks to queue
[2024-07-26T08:36:13.169+0000] {logging_mixin.py:120} INFO - [2024-07-26T08:36:13.169+0000] {dagbag.py:537} INFO - Filling up the DagBag from /home/airflow/.local/lib/python3.7/site-packages/airflow/example_dags/example_skip_dag.py
[2024-07-26T08:36:13.177+0000] {processor.py:766} INFO - DAG(s) dict_keys(['example_skip_dag']) retrieved from /home/airflow/.local/lib/python3.7/site-packages/airflow/example_dags/example_skip_dag.py
[2024-07-26T08:36:13.201+0000] {logging_mixin.py:120} INFO - [2024-07-26T08:36:13.201+0000] {dag.py:2585} INFO - Sync 1 DAGs
[2024-07-26T08:36:13.222+0000] {logging_mixin.py:120} INFO - [2024-07-26T08:36:13.222+0000] {dag.py:3340} INFO - Setting next_dagrun for example_skip_dag to 2024-07-25T08:36:13.222640+00:00, run_after=2024-07-26T08:36:13.222640+00:00
[2024-07-26T08:36:13.235+0000] {processor.py:176} INFO - Processing /home/airflow/.local/lib/python3.7/site-packages/airflow/example_dags/example_skip_dag.py took 0.073 seconds
[2024-07-26T09:29:27.217+0000] {processor.py:154} INFO - Started process (PID=7091) to work on /home/airflow/.local/lib/python3.7/site-packages/airflow/example_dags/example_skip_dag.py
[2024-07-26T09:29:27.219+0000] {processor.py:756} INFO - Processing file /home/airflow/.local/lib/python3.7/site-packages/airflow/example_dags/example_skip_dag.py for tasks to queue
[2024-07-26T09:29:27.220+0000] {logging_mixin.py:120} INFO - [2024-07-26T09:29:27.220+0000] {dagbag.py:537} INFO - Filling up the DagBag from /home/airflow/.local/lib/python3.7/site-packages/airflow/example_dags/example_skip_dag.py
[2024-07-26T09:29:27.230+0000] {processor.py:766} INFO - DAG(s) dict_keys(['example_skip_dag']) retrieved from /home/airflow/.local/lib/python3.7/site-packages/airflow/example_dags/example_skip_dag.py
[2024-07-26T09:29:27.252+0000] {logging_mixin.py:120} INFO - [2024-07-26T09:29:27.252+0000] {dag.py:2585} INFO - Sync 1 DAGs
[2024-07-26T09:29:27.272+0000] {logging_mixin.py:120} INFO - [2024-07-26T09:29:27.272+0000] {dag.py:3340} INFO - Setting next_dagrun for example_skip_dag to 2024-07-25T09:29:27.272409+00:00, run_after=2024-07-26T09:29:27.272409+00:00
[2024-07-26T09:29:27.297+0000] {processor.py:176} INFO - Processing /home/airflow/.local/lib/python3.7/site-packages/airflow/example_dags/example_skip_dag.py took 0.082 seconds
[2024-07-26T10:30:31.916+0000] {processor.py:154} INFO - Started process (PID=7146) to work on /home/airflow/.local/lib/python3.7/site-packages/airflow/example_dags/example_skip_dag.py
[2024-07-26T10:30:31.917+0000] {processor.py:756} INFO - Processing file /home/airflow/.local/lib/python3.7/site-packages/airflow/example_dags/example_skip_dag.py for tasks to queue
[2024-07-26T10:30:31.919+0000] {logging_mixin.py:120} INFO - [2024-07-26T10:30:31.918+0000] {dagbag.py:537} INFO - Filling up the DagBag from /home/airflow/.local/lib/python3.7/site-packages/airflow/example_dags/example_skip_dag.py
[2024-07-26T10:30:31.932+0000] {processor.py:766} INFO - DAG(s) dict_keys(['example_skip_dag']) retrieved from /home/airflow/.local/lib/python3.7/site-packages/airflow/example_dags/example_skip_dag.py
[2024-07-26T10:30:31.971+0000] {logging_mixin.py:120} INFO - [2024-07-26T10:30:31.971+0000] {dag.py:2585} INFO - Sync 1 DAGs
[2024-07-26T10:30:31.988+0000] {logging_mixin.py:120} INFO - [2024-07-26T10:30:31.988+0000] {dag.py:3340} INFO - Setting next_dagrun for example_skip_dag to 2024-07-25T10:30:31.988325+00:00, run_after=2024-07-26T10:30:31.988325+00:00
[2024-07-26T10:30:32.004+0000] {processor.py:176} INFO - Processing /home/airflow/.local/lib/python3.7/site-packages/airflow/example_dags/example_skip_dag.py took 0.090 seconds
[2024-07-26T10:39:57.458+0000] {processor.py:154} INFO - Started process (PID=7210) to work on /home/airflow/.local/lib/python3.7/site-packages/airflow/example_dags/example_skip_dag.py
[2024-07-26T10:39:57.459+0000] {processor.py:756} INFO - Processing file /home/airflow/.local/lib/python3.7/site-packages/airflow/example_dags/example_skip_dag.py for tasks to queue
[2024-07-26T10:39:57.462+0000] {logging_mixin.py:120} INFO - [2024-07-26T10:39:57.462+0000] {dagbag.py:537} INFO - Filling up the DagBag from /home/airflow/.local/lib/python3.7/site-packages/airflow/example_dags/example_skip_dag.py
[2024-07-26T10:39:57.470+0000] {processor.py:766} INFO - DAG(s) dict_keys(['example_skip_dag']) retrieved from /home/airflow/.local/lib/python3.7/site-packages/airflow/example_dags/example_skip_dag.py
[2024-07-26T10:39:57.499+0000] {logging_mixin.py:120} INFO - [2024-07-26T10:39:57.499+0000] {dag.py:2585} INFO - Sync 1 DAGs
[2024-07-26T10:39:57.515+0000] {logging_mixin.py:120} INFO - [2024-07-26T10:39:57.515+0000] {dag.py:3340} INFO - Setting next_dagrun for example_skip_dag to 2024-07-25T10:39:57.514999+00:00, run_after=2024-07-26T10:39:57.514999+00:00
[2024-07-26T10:39:57.529+0000] {processor.py:176} INFO - Processing /home/airflow/.local/lib/python3.7/site-packages/airflow/example_dags/example_skip_dag.py took 0.074 seconds
[2024-07-26T11:48:31.725+0000] {processor.py:154} INFO - Started process (PID=7274) to work on /home/airflow/.local/lib/python3.7/site-packages/airflow/example_dags/example_skip_dag.py
[2024-07-26T11:48:31.727+0000] {processor.py:756} INFO - Processing file /home/airflow/.local/lib/python3.7/site-packages/airflow/example_dags/example_skip_dag.py for tasks to queue
[2024-07-26T11:48:31.728+0000] {logging_mixin.py:120} INFO - [2024-07-26T11:48:31.728+0000] {dagbag.py:537} INFO - Filling up the DagBag from /home/airflow/.local/lib/python3.7/site-packages/airflow/example_dags/example_skip_dag.py
[2024-07-26T11:48:31.740+0000] {processor.py:766} INFO - DAG(s) dict_keys(['example_skip_dag']) retrieved from /home/airflow/.local/lib/python3.7/site-packages/airflow/example_dags/example_skip_dag.py
[2024-07-26T11:48:31.782+0000] {logging_mixin.py:120} INFO - [2024-07-26T11:48:31.782+0000] {dag.py:2585} INFO - Sync 1 DAGs
[2024-07-26T11:48:31.816+0000] {logging_mixin.py:120} INFO - [2024-07-26T11:48:31.816+0000] {dag.py:3340} INFO - Setting next_dagrun for example_skip_dag to 2024-07-25T11:48:31.816228+00:00, run_after=2024-07-26T11:48:31.816228+00:00
[2024-07-26T11:48:31.837+0000] {processor.py:176} INFO - Processing /home/airflow/.local/lib/python3.7/site-packages/airflow/example_dags/example_skip_dag.py took 0.116 seconds
[2024-07-26T12:13:06.901+0000] {processor.py:154} INFO - Started process (PID=7338) to work on /home/airflow/.local/lib/python3.7/site-packages/airflow/example_dags/example_skip_dag.py
[2024-07-26T12:13:06.903+0000] {processor.py:756} INFO - Processing file /home/airflow/.local/lib/python3.7/site-packages/airflow/example_dags/example_skip_dag.py for tasks to queue
[2024-07-26T12:13:06.906+0000] {logging_mixin.py:120} INFO - [2024-07-26T12:13:06.904+0000] {dagbag.py:537} INFO - Filling up the DagBag from /home/airflow/.local/lib/python3.7/site-packages/airflow/example_dags/example_skip_dag.py
[2024-07-26T12:13:06.925+0000] {processor.py:766} INFO - DAG(s) dict_keys(['example_skip_dag']) retrieved from /home/airflow/.local/lib/python3.7/site-packages/airflow/example_dags/example_skip_dag.py
[2024-07-26T12:13:06.957+0000] {logging_mixin.py:120} INFO - [2024-07-26T12:13:06.957+0000] {dag.py:2585} INFO - Sync 1 DAGs
[2024-07-26T12:13:06.971+0000] {logging_mixin.py:120} INFO - [2024-07-26T12:13:06.971+0000] {dag.py:3340} INFO - Setting next_dagrun for example_skip_dag to 2024-07-25T12:13:06.971631+00:00, run_after=2024-07-26T12:13:06.971631+00:00
[2024-07-26T12:13:06.988+0000] {processor.py:176} INFO - Processing /home/airflow/.local/lib/python3.7/site-packages/airflow/example_dags/example_skip_dag.py took 0.089 seconds
[2024-07-26T12:19:26.983+0000] {processor.py:154} INFO - Started process (PID=7399) to work on /home/airflow/.local/lib/python3.7/site-packages/airflow/example_dags/example_skip_dag.py
[2024-07-26T12:19:26.985+0000] {processor.py:756} INFO - Processing file /home/airflow/.local/lib/python3.7/site-packages/airflow/example_dags/example_skip_dag.py for tasks to queue
[2024-07-26T12:19:26.987+0000] {logging_mixin.py:120} INFO - [2024-07-26T12:19:26.987+0000] {dagbag.py:537} INFO - Filling up the DagBag from /home/airflow/.local/lib/python3.7/site-packages/airflow/example_dags/example_skip_dag.py
[2024-07-26T12:19:27.005+0000] {processor.py:766} INFO - DAG(s) dict_keys(['example_skip_dag']) retrieved from /home/airflow/.local/lib/python3.7/site-packages/airflow/example_dags/example_skip_dag.py
[2024-07-26T12:19:27.070+0000] {logging_mixin.py:120} INFO - [2024-07-26T12:19:27.069+0000] {dag.py:2585} INFO - Sync 1 DAGs
[2024-07-26T12:19:27.122+0000] {logging_mixin.py:120} INFO - [2024-07-26T12:19:27.122+0000] {dag.py:3340} INFO - Setting next_dagrun for example_skip_dag to 2024-07-25T12:19:27.122405+00:00, run_after=2024-07-26T12:19:27.122405+00:00
[2024-07-26T12:19:27.175+0000] {processor.py:176} INFO - Processing /home/airflow/.local/lib/python3.7/site-packages/airflow/example_dags/example_skip_dag.py took 0.196 seconds
[2024-07-26T13:00:09.561+0000] {processor.py:154} INFO - Started process (PID=7456) to work on /home/airflow/.local/lib/python3.7/site-packages/airflow/example_dags/example_skip_dag.py
[2024-07-26T13:00:09.563+0000] {processor.py:756} INFO - Processing file /home/airflow/.local/lib/python3.7/site-packages/airflow/example_dags/example_skip_dag.py for tasks to queue
[2024-07-26T13:00:09.565+0000] {logging_mixin.py:120} INFO - [2024-07-26T13:00:09.565+0000] {dagbag.py:537} INFO - Filling up the DagBag from /home/airflow/.local/lib/python3.7/site-packages/airflow/example_dags/example_skip_dag.py
[2024-07-26T13:00:09.580+0000] {processor.py:766} INFO - DAG(s) dict_keys(['example_skip_dag']) retrieved from /home/airflow/.local/lib/python3.7/site-packages/airflow/example_dags/example_skip_dag.py
[2024-07-26T13:00:09.632+0000] {logging_mixin.py:120} INFO - [2024-07-26T13:00:09.632+0000] {dag.py:2585} INFO - Sync 1 DAGs
[2024-07-26T13:00:09.661+0000] {logging_mixin.py:120} INFO - [2024-07-26T13:00:09.661+0000] {dag.py:3340} INFO - Setting next_dagrun for example_skip_dag to 2024-07-25T13:00:09.661322+00:00, run_after=2024-07-26T13:00:09.661322+00:00
[2024-07-26T13:00:09.681+0000] {processor.py:176} INFO - Processing /home/airflow/.local/lib/python3.7/site-packages/airflow/example_dags/example_skip_dag.py took 0.123 seconds
[2024-07-26T13:12:28.810+0000] {processor.py:154} INFO - Started process (PID=7520) to work on /home/airflow/.local/lib/python3.7/site-packages/airflow/example_dags/example_skip_dag.py
[2024-07-26T13:12:28.811+0000] {processor.py:756} INFO - Processing file /home/airflow/.local/lib/python3.7/site-packages/airflow/example_dags/example_skip_dag.py for tasks to queue
[2024-07-26T13:12:28.811+0000] {logging_mixin.py:120} INFO - [2024-07-26T13:12:28.811+0000] {dagbag.py:537} INFO - Filling up the DagBag from /home/airflow/.local/lib/python3.7/site-packages/airflow/example_dags/example_skip_dag.py
[2024-07-26T13:12:28.821+0000] {processor.py:766} INFO - DAG(s) dict_keys(['example_skip_dag']) retrieved from /home/airflow/.local/lib/python3.7/site-packages/airflow/example_dags/example_skip_dag.py
[2024-07-26T13:12:28.852+0000] {logging_mixin.py:120} INFO - [2024-07-26T13:12:28.852+0000] {dag.py:2585} INFO - Sync 1 DAGs
[2024-07-26T13:12:28.872+0000] {logging_mixin.py:120} INFO - [2024-07-26T13:12:28.872+0000] {dag.py:3340} INFO - Setting next_dagrun for example_skip_dag to 2024-07-25T13:12:28.872764+00:00, run_after=2024-07-26T13:12:28.872764+00:00
[2024-07-26T13:12:28.888+0000] {processor.py:176} INFO - Processing /home/airflow/.local/lib/python3.7/site-packages/airflow/example_dags/example_skip_dag.py took 0.080 seconds
[2024-07-26T13:43:22.959+0000] {processor.py:154} INFO - Started process (PID=7584) to work on /home/airflow/.local/lib/python3.7/site-packages/airflow/example_dags/example_skip_dag.py
[2024-07-26T13:43:22.961+0000] {processor.py:756} INFO - Processing file /home/airflow/.local/lib/python3.7/site-packages/airflow/example_dags/example_skip_dag.py for tasks to queue
[2024-07-26T13:43:22.962+0000] {logging_mixin.py:120} INFO - [2024-07-26T13:43:22.962+0000] {dagbag.py:537} INFO - Filling up the DagBag from /home/airflow/.local/lib/python3.7/site-packages/airflow/example_dags/example_skip_dag.py
[2024-07-26T13:43:22.970+0000] {processor.py:766} INFO - DAG(s) dict_keys(['example_skip_dag']) retrieved from /home/airflow/.local/lib/python3.7/site-packages/airflow/example_dags/example_skip_dag.py
[2024-07-26T13:43:23.003+0000] {logging_mixin.py:120} INFO - [2024-07-26T13:43:23.003+0000] {dag.py:2585} INFO - Sync 1 DAGs
[2024-07-26T13:43:23.025+0000] {logging_mixin.py:120} INFO - [2024-07-26T13:43:23.025+0000] {dag.py:3340} INFO - Setting next_dagrun for example_skip_dag to 2024-07-25T13:43:23.024839+00:00, run_after=2024-07-26T13:43:23.024839+00:00
[2024-07-26T13:43:23.049+0000] {processor.py:176} INFO - Processing /home/airflow/.local/lib/python3.7/site-packages/airflow/example_dags/example_skip_dag.py took 0.092 seconds
[2024-07-26T13:46:54.933+0000] {processor.py:154} INFO - Started process (PID=7648) to work on /home/airflow/.local/lib/python3.7/site-packages/airflow/example_dags/example_skip_dag.py
[2024-07-26T13:46:54.938+0000] {processor.py:756} INFO - Processing file /home/airflow/.local/lib/python3.7/site-packages/airflow/example_dags/example_skip_dag.py for tasks to queue
[2024-07-26T13:46:54.940+0000] {logging_mixin.py:120} INFO - [2024-07-26T13:46:54.940+0000] {dagbag.py:537} INFO - Filling up the DagBag from /home/airflow/.local/lib/python3.7/site-packages/airflow/example_dags/example_skip_dag.py
[2024-07-26T13:46:54.952+0000] {processor.py:766} INFO - DAG(s) dict_keys(['example_skip_dag']) retrieved from /home/airflow/.local/lib/python3.7/site-packages/airflow/example_dags/example_skip_dag.py
[2024-07-26T13:46:54.990+0000] {logging_mixin.py:120} INFO - [2024-07-26T13:46:54.989+0000] {dag.py:2585} INFO - Sync 1 DAGs
[2024-07-26T13:46:55.013+0000] {logging_mixin.py:120} INFO - [2024-07-26T13:46:55.013+0000] {dag.py:3340} INFO - Setting next_dagrun for example_skip_dag to 2024-07-25T13:46:55.013110+00:00, run_after=2024-07-26T13:46:55.013110+00:00
[2024-07-26T13:46:55.042+0000] {processor.py:176} INFO - Processing /home/airflow/.local/lib/python3.7/site-packages/airflow/example_dags/example_skip_dag.py took 0.115 seconds
[2024-07-26T13:52:24.414+0000] {processor.py:154} INFO - Started process (PID=7703) to work on /home/airflow/.local/lib/python3.7/site-packages/airflow/example_dags/example_skip_dag.py
[2024-07-26T13:52:24.419+0000] {processor.py:756} INFO - Processing file /home/airflow/.local/lib/python3.7/site-packages/airflow/example_dags/example_skip_dag.py for tasks to queue
[2024-07-26T13:52:24.419+0000] {logging_mixin.py:120} INFO - [2024-07-26T13:52:24.419+0000] {dagbag.py:537} INFO - Filling up the DagBag from /home/airflow/.local/lib/python3.7/site-packages/airflow/example_dags/example_skip_dag.py
[2024-07-26T13:52:24.430+0000] {processor.py:766} INFO - DAG(s) dict_keys(['example_skip_dag']) retrieved from /home/airflow/.local/lib/python3.7/site-packages/airflow/example_dags/example_skip_dag.py
[2024-07-26T13:52:24.457+0000] {logging_mixin.py:120} INFO - [2024-07-26T13:52:24.457+0000] {dag.py:2585} INFO - Sync 1 DAGs
[2024-07-26T13:52:24.483+0000] {logging_mixin.py:120} INFO - [2024-07-26T13:52:24.483+0000] {dag.py:3340} INFO - Setting next_dagrun for example_skip_dag to 2024-07-25T13:52:24.483545+00:00, run_after=2024-07-26T13:52:24.483545+00:00
[2024-07-26T13:52:24.505+0000] {processor.py:176} INFO - Processing /home/airflow/.local/lib/python3.7/site-packages/airflow/example_dags/example_skip_dag.py took 0.093 seconds
[2024-07-26T13:54:21.861+0000] {processor.py:154} INFO - Started process (PID=7767) to work on /home/airflow/.local/lib/python3.7/site-packages/airflow/example_dags/example_skip_dag.py
[2024-07-26T13:54:21.866+0000] {processor.py:756} INFO - Processing file /home/airflow/.local/lib/python3.7/site-packages/airflow/example_dags/example_skip_dag.py for tasks to queue
[2024-07-26T13:54:21.867+0000] {logging_mixin.py:120} INFO - [2024-07-26T13:54:21.867+0000] {dagbag.py:537} INFO - Filling up the DagBag from /home/airflow/.local/lib/python3.7/site-packages/airflow/example_dags/example_skip_dag.py
[2024-07-26T13:54:21.875+0000] {processor.py:766} INFO - DAG(s) dict_keys(['example_skip_dag']) retrieved from /home/airflow/.local/lib/python3.7/site-packages/airflow/example_dags/example_skip_dag.py
[2024-07-26T13:54:21.901+0000] {logging_mixin.py:120} INFO - [2024-07-26T13:54:21.901+0000] {dag.py:2585} INFO - Sync 1 DAGs
[2024-07-26T13:54:21.917+0000] {logging_mixin.py:120} INFO - [2024-07-26T13:54:21.917+0000] {dag.py:3340} INFO - Setting next_dagrun for example_skip_dag to 2024-07-25T13:54:21.917527+00:00, run_after=2024-07-26T13:54:21.917527+00:00
[2024-07-26T13:54:21.934+0000] {processor.py:176} INFO - Processing /home/airflow/.local/lib/python3.7/site-packages/airflow/example_dags/example_skip_dag.py took 0.074 seconds
[2024-07-26T13:55:29.994+0000] {processor.py:154} INFO - Started process (PID=7831) to work on /home/airflow/.local/lib/python3.7/site-packages/airflow/example_dags/example_skip_dag.py
[2024-07-26T13:55:29.998+0000] {processor.py:756} INFO - Processing file /home/airflow/.local/lib/python3.7/site-packages/airflow/example_dags/example_skip_dag.py for tasks to queue
[2024-07-26T13:55:29.999+0000] {logging_mixin.py:120} INFO - [2024-07-26T13:55:29.999+0000] {dagbag.py:537} INFO - Filling up the DagBag from /home/airflow/.local/lib/python3.7/site-packages/airflow/example_dags/example_skip_dag.py
[2024-07-26T13:55:30.008+0000] {processor.py:766} INFO - DAG(s) dict_keys(['example_skip_dag']) retrieved from /home/airflow/.local/lib/python3.7/site-packages/airflow/example_dags/example_skip_dag.py
[2024-07-26T13:55:30.038+0000] {logging_mixin.py:120} INFO - [2024-07-26T13:55:30.038+0000] {dag.py:2585} INFO - Sync 1 DAGs
[2024-07-26T13:55:30.053+0000] {logging_mixin.py:120} INFO - [2024-07-26T13:55:30.053+0000] {dag.py:3340} INFO - Setting next_dagrun for example_skip_dag to 2024-07-25T13:55:30.052948+00:00, run_after=2024-07-26T13:55:30.052948+00:00
[2024-07-26T13:55:30.066+0000] {processor.py:176} INFO - Processing /home/airflow/.local/lib/python3.7/site-packages/airflow/example_dags/example_skip_dag.py took 0.074 seconds
[2024-07-26T14:05:33.590+0000] {processor.py:154} INFO - Started process (PID=7895) to work on /home/airflow/.local/lib/python3.7/site-packages/airflow/example_dags/example_skip_dag.py
[2024-07-26T14:05:33.591+0000] {processor.py:756} INFO - Processing file /home/airflow/.local/lib/python3.7/site-packages/airflow/example_dags/example_skip_dag.py for tasks to queue
[2024-07-26T14:05:33.592+0000] {logging_mixin.py:120} INFO - [2024-07-26T14:05:33.592+0000] {dagbag.py:537} INFO - Filling up the DagBag from /home/airflow/.local/lib/python3.7/site-packages/airflow/example_dags/example_skip_dag.py
[2024-07-26T14:05:33.600+0000] {processor.py:766} INFO - DAG(s) dict_keys(['example_skip_dag']) retrieved from /home/airflow/.local/lib/python3.7/site-packages/airflow/example_dags/example_skip_dag.py
[2024-07-26T14:05:33.630+0000] {logging_mixin.py:120} INFO - [2024-07-26T14:05:33.630+0000] {dag.py:2585} INFO - Sync 1 DAGs
[2024-07-26T14:05:33.652+0000] {logging_mixin.py:120} INFO - [2024-07-26T14:05:33.652+0000] {dag.py:3340} INFO - Setting next_dagrun for example_skip_dag to 2024-07-25T14:05:33.652414+00:00, run_after=2024-07-26T14:05:33.652414+00:00
[2024-07-26T14:05:33.668+0000] {processor.py:176} INFO - Processing /home/airflow/.local/lib/python3.7/site-packages/airflow/example_dags/example_skip_dag.py took 0.081 seconds
[2024-07-26T14:06:21.023+0000] {processor.py:154} INFO - Started process (PID=7958) to work on /home/airflow/.local/lib/python3.7/site-packages/airflow/example_dags/example_skip_dag.py
[2024-07-26T14:06:21.027+0000] {processor.py:756} INFO - Processing file /home/airflow/.local/lib/python3.7/site-packages/airflow/example_dags/example_skip_dag.py for tasks to queue
[2024-07-26T14:06:21.027+0000] {logging_mixin.py:120} INFO - [2024-07-26T14:06:21.027+0000] {dagbag.py:537} INFO - Filling up the DagBag from /home/airflow/.local/lib/python3.7/site-packages/airflow/example_dags/example_skip_dag.py
[2024-07-26T14:06:21.037+0000] {processor.py:766} INFO - DAG(s) dict_keys(['example_skip_dag']) retrieved from /home/airflow/.local/lib/python3.7/site-packages/airflow/example_dags/example_skip_dag.py
[2024-07-26T14:06:21.063+0000] {logging_mixin.py:120} INFO - [2024-07-26T14:06:21.063+0000] {dag.py:2585} INFO - Sync 1 DAGs
[2024-07-26T14:06:21.080+0000] {logging_mixin.py:120} INFO - [2024-07-26T14:06:21.080+0000] {dag.py:3340} INFO - Setting next_dagrun for example_skip_dag to 2024-07-25T14:06:21.080630+00:00, run_after=2024-07-26T14:06:21.080630+00:00
[2024-07-26T14:06:21.094+0000] {processor.py:176} INFO - Processing /home/airflow/.local/lib/python3.7/site-packages/airflow/example_dags/example_skip_dag.py took 0.074 seconds
