[2024-07-26T00:02:52.869+0000] {processor.py:154} INFO - Started process (PID=4763) to work on /home/airflow/.local/lib/python3.7/site-packages/airflow/example_dags/example_trigger_controller_dag.py
[2024-07-26T00:02:52.873+0000] {processor.py:756} INFO - Processing file /home/airflow/.local/lib/python3.7/site-packages/airflow/example_dags/example_trigger_controller_dag.py for tasks to queue
[2024-07-26T00:02:52.873+0000] {logging_mixin.py:120} INFO - [2024-07-26T00:02:52.873+0000] {dagbag.py:537} INFO - Filling up the DagBag from /home/airflow/.local/lib/python3.7/site-packages/airflow/example_dags/example_trigger_controller_dag.py
[2024-07-26T00:02:52.884+0000] {processor.py:766} INFO - DAG(s) dict_keys(['example_trigger_controller_dag']) retrieved from /home/airflow/.local/lib/python3.7/site-packages/airflow/example_dags/example_trigger_controller_dag.py
[2024-07-26T00:02:52.926+0000] {logging_mixin.py:120} INFO - [2024-07-26T00:02:52.926+0000] {dag.py:2585} INFO - Sync 1 DAGs
[2024-07-26T00:02:52.960+0000] {logging_mixin.py:120} INFO - [2024-07-26T00:02:52.960+0000] {dag.py:3340} INFO - Setting next_dagrun for example_trigger_controller_dag to 2021-01-01T00:00:00+00:00, run_after=2021-01-01T00:00:00+00:00
[2024-07-26T00:02:52.990+0000] {processor.py:176} INFO - Processing /home/airflow/.local/lib/python3.7/site-packages/airflow/example_dags/example_trigger_controller_dag.py took 0.124 seconds
[2024-07-26T00:16:05.879+0000] {processor.py:154} INFO - Started process (PID=4827) to work on /home/airflow/.local/lib/python3.7/site-packages/airflow/example_dags/example_trigger_controller_dag.py
[2024-07-26T00:16:05.882+0000] {processor.py:756} INFO - Processing file /home/airflow/.local/lib/python3.7/site-packages/airflow/example_dags/example_trigger_controller_dag.py for tasks to queue
[2024-07-26T00:16:05.884+0000] {logging_mixin.py:120} INFO - [2024-07-26T00:16:05.884+0000] {dagbag.py:537} INFO - Filling up the DagBag from /home/airflow/.local/lib/python3.7/site-packages/airflow/example_dags/example_trigger_controller_dag.py
[2024-07-26T00:16:05.893+0000] {processor.py:766} INFO - DAG(s) dict_keys(['example_trigger_controller_dag']) retrieved from /home/airflow/.local/lib/python3.7/site-packages/airflow/example_dags/example_trigger_controller_dag.py
[2024-07-26T00:16:05.924+0000] {logging_mixin.py:120} INFO - [2024-07-26T00:16:05.924+0000] {dag.py:2585} INFO - Sync 1 DAGs
[2024-07-26T00:16:05.943+0000] {logging_mixin.py:120} INFO - [2024-07-26T00:16:05.943+0000] {dag.py:3340} INFO - Setting next_dagrun for example_trigger_controller_dag to 2021-01-01T00:00:00+00:00, run_after=2021-01-01T00:00:00+00:00
[2024-07-26T00:16:05.953+0000] {processor.py:176} INFO - Processing /home/airflow/.local/lib/python3.7/site-packages/airflow/example_dags/example_trigger_controller_dag.py took 0.076 seconds
[2024-07-26T00:40:51.290+0000] {processor.py:154} INFO - Started process (PID=4891) to work on /home/airflow/.local/lib/python3.7/site-packages/airflow/example_dags/example_trigger_controller_dag.py
[2024-07-26T00:40:51.291+0000] {processor.py:756} INFO - Processing file /home/airflow/.local/lib/python3.7/site-packages/airflow/example_dags/example_trigger_controller_dag.py for tasks to queue
[2024-07-26T00:40:51.292+0000] {logging_mixin.py:120} INFO - [2024-07-26T00:40:51.292+0000] {dagbag.py:537} INFO - Filling up the DagBag from /home/airflow/.local/lib/python3.7/site-packages/airflow/example_dags/example_trigger_controller_dag.py
[2024-07-26T00:40:51.308+0000] {processor.py:766} INFO - DAG(s) dict_keys(['example_trigger_controller_dag']) retrieved from /home/airflow/.local/lib/python3.7/site-packages/airflow/example_dags/example_trigger_controller_dag.py
[2024-07-26T00:40:51.352+0000] {logging_mixin.py:120} INFO - [2024-07-26T00:40:51.352+0000] {dag.py:2585} INFO - Sync 1 DAGs
[2024-07-26T00:40:51.411+0000] {logging_mixin.py:120} INFO - [2024-07-26T00:40:51.411+0000] {dag.py:3340} INFO - Setting next_dagrun for example_trigger_controller_dag to 2021-01-01T00:00:00+00:00, run_after=2021-01-01T00:00:00+00:00
[2024-07-26T00:40:51.436+0000] {processor.py:176} INFO - Processing /home/airflow/.local/lib/python3.7/site-packages/airflow/example_dags/example_trigger_controller_dag.py took 0.148 seconds
[2024-07-26T01:30:32.033+0000] {processor.py:154} INFO - Started process (PID=4955) to work on /home/airflow/.local/lib/python3.7/site-packages/airflow/example_dags/example_trigger_controller_dag.py
[2024-07-26T01:30:32.038+0000] {processor.py:756} INFO - Processing file /home/airflow/.local/lib/python3.7/site-packages/airflow/example_dags/example_trigger_controller_dag.py for tasks to queue
[2024-07-26T01:30:32.038+0000] {logging_mixin.py:120} INFO - [2024-07-26T01:30:32.038+0000] {dagbag.py:537} INFO - Filling up the DagBag from /home/airflow/.local/lib/python3.7/site-packages/airflow/example_dags/example_trigger_controller_dag.py
[2024-07-26T01:30:32.047+0000] {processor.py:766} INFO - DAG(s) dict_keys(['example_trigger_controller_dag']) retrieved from /home/airflow/.local/lib/python3.7/site-packages/airflow/example_dags/example_trigger_controller_dag.py
[2024-07-26T01:30:32.088+0000] {logging_mixin.py:120} INFO - [2024-07-26T01:30:32.088+0000] {dag.py:2585} INFO - Sync 1 DAGs
[2024-07-26T01:30:32.102+0000] {logging_mixin.py:120} INFO - [2024-07-26T01:30:32.101+0000] {dag.py:3340} INFO - Setting next_dagrun for example_trigger_controller_dag to 2021-01-01T00:00:00+00:00, run_after=2021-01-01T00:00:00+00:00
[2024-07-26T01:30:32.117+0000] {processor.py:176} INFO - Processing /home/airflow/.local/lib/python3.7/site-packages/airflow/example_dags/example_trigger_controller_dag.py took 0.085 seconds
[2024-07-26T02:00:28.100+0000] {processor.py:154} INFO - Started process (PID=5019) to work on /home/airflow/.local/lib/python3.7/site-packages/airflow/example_dags/example_trigger_controller_dag.py
[2024-07-26T02:00:28.102+0000] {processor.py:756} INFO - Processing file /home/airflow/.local/lib/python3.7/site-packages/airflow/example_dags/example_trigger_controller_dag.py for tasks to queue
[2024-07-26T02:00:28.103+0000] {logging_mixin.py:120} INFO - [2024-07-26T02:00:28.103+0000] {dagbag.py:537} INFO - Filling up the DagBag from /home/airflow/.local/lib/python3.7/site-packages/airflow/example_dags/example_trigger_controller_dag.py
[2024-07-26T02:00:28.118+0000] {processor.py:766} INFO - DAG(s) dict_keys(['example_trigger_controller_dag']) retrieved from /home/airflow/.local/lib/python3.7/site-packages/airflow/example_dags/example_trigger_controller_dag.py
[2024-07-26T02:00:28.154+0000] {logging_mixin.py:120} INFO - [2024-07-26T02:00:28.154+0000] {dag.py:2585} INFO - Sync 1 DAGs
[2024-07-26T02:00:28.180+0000] {logging_mixin.py:120} INFO - [2024-07-26T02:00:28.179+0000] {dag.py:3340} INFO - Setting next_dagrun for example_trigger_controller_dag to 2021-01-01T00:00:00+00:00, run_after=2021-01-01T00:00:00+00:00
[2024-07-26T02:00:28.214+0000] {processor.py:176} INFO - Processing /home/airflow/.local/lib/python3.7/site-packages/airflow/example_dags/example_trigger_controller_dag.py took 0.116 seconds
[2024-07-26T02:12:59.874+0000] {processor.py:154} INFO - Started process (PID=5074) to work on /home/airflow/.local/lib/python3.7/site-packages/airflow/example_dags/example_trigger_controller_dag.py
[2024-07-26T02:12:59.875+0000] {processor.py:756} INFO - Processing file /home/airflow/.local/lib/python3.7/site-packages/airflow/example_dags/example_trigger_controller_dag.py for tasks to queue
[2024-07-26T02:12:59.875+0000] {logging_mixin.py:120} INFO - [2024-07-26T02:12:59.875+0000] {dagbag.py:537} INFO - Filling up the DagBag from /home/airflow/.local/lib/python3.7/site-packages/airflow/example_dags/example_trigger_controller_dag.py
[2024-07-26T02:12:59.882+0000] {processor.py:766} INFO - DAG(s) dict_keys(['example_trigger_controller_dag']) retrieved from /home/airflow/.local/lib/python3.7/site-packages/airflow/example_dags/example_trigger_controller_dag.py
[2024-07-26T02:12:59.907+0000] {logging_mixin.py:120} INFO - [2024-07-26T02:12:59.907+0000] {dag.py:2585} INFO - Sync 1 DAGs
[2024-07-26T02:12:59.926+0000] {logging_mixin.py:120} INFO - [2024-07-26T02:12:59.926+0000] {dag.py:3340} INFO - Setting next_dagrun for example_trigger_controller_dag to 2021-01-01T00:00:00+00:00, run_after=2021-01-01T00:00:00+00:00
[2024-07-26T02:12:59.940+0000] {processor.py:176} INFO - Processing /home/airflow/.local/lib/python3.7/site-packages/airflow/example_dags/example_trigger_controller_dag.py took 0.068 seconds
[2024-07-26T02:39:10.817+0000] {processor.py:154} INFO - Started process (PID=5137) to work on /home/airflow/.local/lib/python3.7/site-packages/airflow/example_dags/example_trigger_controller_dag.py
[2024-07-26T02:39:10.822+0000] {processor.py:756} INFO - Processing file /home/airflow/.local/lib/python3.7/site-packages/airflow/example_dags/example_trigger_controller_dag.py for tasks to queue
[2024-07-26T02:39:10.823+0000] {logging_mixin.py:120} INFO - [2024-07-26T02:39:10.823+0000] {dagbag.py:537} INFO - Filling up the DagBag from /home/airflow/.local/lib/python3.7/site-packages/airflow/example_dags/example_trigger_controller_dag.py
[2024-07-26T02:39:10.836+0000] {processor.py:766} INFO - DAG(s) dict_keys(['example_trigger_controller_dag']) retrieved from /home/airflow/.local/lib/python3.7/site-packages/airflow/example_dags/example_trigger_controller_dag.py
[2024-07-26T02:39:10.890+0000] {logging_mixin.py:120} INFO - [2024-07-26T02:39:10.890+0000] {dag.py:2585} INFO - Sync 1 DAGs
[2024-07-26T02:39:10.925+0000] {logging_mixin.py:120} INFO - [2024-07-26T02:39:10.925+0000] {dag.py:3340} INFO - Setting next_dagrun for example_trigger_controller_dag to 2021-01-01T00:00:00+00:00, run_after=2021-01-01T00:00:00+00:00
[2024-07-26T02:39:10.955+0000] {processor.py:176} INFO - Processing /home/airflow/.local/lib/python3.7/site-packages/airflow/example_dags/example_trigger_controller_dag.py took 0.141 seconds
[2024-07-26T02:58:10.736+0000] {processor.py:154} INFO - Started process (PID=5201) to work on /home/airflow/.local/lib/python3.7/site-packages/airflow/example_dags/example_trigger_controller_dag.py
[2024-07-26T02:58:10.737+0000] {processor.py:756} INFO - Processing file /home/airflow/.local/lib/python3.7/site-packages/airflow/example_dags/example_trigger_controller_dag.py for tasks to queue
[2024-07-26T02:58:10.737+0000] {logging_mixin.py:120} INFO - [2024-07-26T02:58:10.737+0000] {dagbag.py:537} INFO - Filling up the DagBag from /home/airflow/.local/lib/python3.7/site-packages/airflow/example_dags/example_trigger_controller_dag.py
[2024-07-26T02:58:10.750+0000] {processor.py:766} INFO - DAG(s) dict_keys(['example_trigger_controller_dag']) retrieved from /home/airflow/.local/lib/python3.7/site-packages/airflow/example_dags/example_trigger_controller_dag.py
[2024-07-26T02:58:10.778+0000] {logging_mixin.py:120} INFO - [2024-07-26T02:58:10.777+0000] {dag.py:2585} INFO - Sync 1 DAGs
[2024-07-26T02:58:10.793+0000] {logging_mixin.py:120} INFO - [2024-07-26T02:58:10.793+0000] {dag.py:3340} INFO - Setting next_dagrun for example_trigger_controller_dag to 2021-01-01T00:00:00+00:00, run_after=2021-01-01T00:00:00+00:00
[2024-07-26T02:58:10.809+0000] {processor.py:176} INFO - Processing /home/airflow/.local/lib/python3.7/site-packages/airflow/example_dags/example_trigger_controller_dag.py took 0.075 seconds
[2024-07-26T03:01:33.199+0000] {processor.py:154} INFO - Started process (PID=5265) to work on /home/airflow/.local/lib/python3.7/site-packages/airflow/example_dags/example_trigger_controller_dag.py
[2024-07-26T03:01:33.204+0000] {processor.py:756} INFO - Processing file /home/airflow/.local/lib/python3.7/site-packages/airflow/example_dags/example_trigger_controller_dag.py for tasks to queue
[2024-07-26T03:01:33.204+0000] {logging_mixin.py:120} INFO - [2024-07-26T03:01:33.204+0000] {dagbag.py:537} INFO - Filling up the DagBag from /home/airflow/.local/lib/python3.7/site-packages/airflow/example_dags/example_trigger_controller_dag.py
[2024-07-26T03:01:33.219+0000] {processor.py:766} INFO - DAG(s) dict_keys(['example_trigger_controller_dag']) retrieved from /home/airflow/.local/lib/python3.7/site-packages/airflow/example_dags/example_trigger_controller_dag.py
[2024-07-26T03:01:33.291+0000] {logging_mixin.py:120} INFO - [2024-07-26T03:01:33.291+0000] {dag.py:2585} INFO - Sync 1 DAGs
[2024-07-26T03:01:33.316+0000] {logging_mixin.py:120} INFO - [2024-07-26T03:01:33.315+0000] {dag.py:3340} INFO - Setting next_dagrun for example_trigger_controller_dag to 2021-01-01T00:00:00+00:00, run_after=2021-01-01T00:00:00+00:00
[2024-07-26T03:01:33.334+0000] {processor.py:176} INFO - Processing /home/airflow/.local/lib/python3.7/site-packages/airflow/example_dags/example_trigger_controller_dag.py took 0.140 seconds
[2024-07-26T03:15:39.009+0000] {processor.py:154} INFO - Started process (PID=5320) to work on /home/airflow/.local/lib/python3.7/site-packages/airflow/example_dags/example_trigger_controller_dag.py
[2024-07-26T03:15:39.014+0000] {processor.py:756} INFO - Processing file /home/airflow/.local/lib/python3.7/site-packages/airflow/example_dags/example_trigger_controller_dag.py for tasks to queue
[2024-07-26T03:15:39.014+0000] {logging_mixin.py:120} INFO - [2024-07-26T03:15:39.014+0000] {dagbag.py:537} INFO - Filling up the DagBag from /home/airflow/.local/lib/python3.7/site-packages/airflow/example_dags/example_trigger_controller_dag.py
[2024-07-26T03:15:39.035+0000] {processor.py:766} INFO - DAG(s) dict_keys(['example_trigger_controller_dag']) retrieved from /home/airflow/.local/lib/python3.7/site-packages/airflow/example_dags/example_trigger_controller_dag.py
[2024-07-26T03:15:39.117+0000] {logging_mixin.py:120} INFO - [2024-07-26T03:15:39.117+0000] {dag.py:2585} INFO - Sync 1 DAGs
[2024-07-26T03:15:39.142+0000] {logging_mixin.py:120} INFO - [2024-07-26T03:15:39.142+0000] {dag.py:3340} INFO - Setting next_dagrun for example_trigger_controller_dag to 2021-01-01T00:00:00+00:00, run_after=2021-01-01T00:00:00+00:00
[2024-07-26T03:15:39.176+0000] {processor.py:176} INFO - Processing /home/airflow/.local/lib/python3.7/site-packages/airflow/example_dags/example_trigger_controller_dag.py took 0.174 seconds
[2024-07-26T03:32:14.817+0000] {processor.py:154} INFO - Started process (PID=5384) to work on /home/airflow/.local/lib/python3.7/site-packages/airflow/example_dags/example_trigger_controller_dag.py
[2024-07-26T03:32:14.822+0000] {processor.py:756} INFO - Processing file /home/airflow/.local/lib/python3.7/site-packages/airflow/example_dags/example_trigger_controller_dag.py for tasks to queue
[2024-07-26T03:32:14.824+0000] {logging_mixin.py:120} INFO - [2024-07-26T03:32:14.824+0000] {dagbag.py:537} INFO - Filling up the DagBag from /home/airflow/.local/lib/python3.7/site-packages/airflow/example_dags/example_trigger_controller_dag.py
[2024-07-26T03:32:14.834+0000] {processor.py:766} INFO - DAG(s) dict_keys(['example_trigger_controller_dag']) retrieved from /home/airflow/.local/lib/python3.7/site-packages/airflow/example_dags/example_trigger_controller_dag.py
[2024-07-26T03:32:14.876+0000] {logging_mixin.py:120} INFO - [2024-07-26T03:32:14.876+0000] {dag.py:2585} INFO - Sync 1 DAGs
[2024-07-26T03:32:14.896+0000] {logging_mixin.py:120} INFO - [2024-07-26T03:32:14.896+0000] {dag.py:3340} INFO - Setting next_dagrun for example_trigger_controller_dag to 2021-01-01T00:00:00+00:00, run_after=2021-01-01T00:00:00+00:00
[2024-07-26T03:32:14.914+0000] {processor.py:176} INFO - Processing /home/airflow/.local/lib/python3.7/site-packages/airflow/example_dags/example_trigger_controller_dag.py took 0.099 seconds
[2024-07-26T03:56:57.017+0000] {processor.py:154} INFO - Started process (PID=5448) to work on /home/airflow/.local/lib/python3.7/site-packages/airflow/example_dags/example_trigger_controller_dag.py
[2024-07-26T03:56:57.018+0000] {processor.py:756} INFO - Processing file /home/airflow/.local/lib/python3.7/site-packages/airflow/example_dags/example_trigger_controller_dag.py for tasks to queue
[2024-07-26T03:56:57.019+0000] {logging_mixin.py:120} INFO - [2024-07-26T03:56:57.019+0000] {dagbag.py:537} INFO - Filling up the DagBag from /home/airflow/.local/lib/python3.7/site-packages/airflow/example_dags/example_trigger_controller_dag.py
[2024-07-26T03:56:57.025+0000] {processor.py:766} INFO - DAG(s) dict_keys(['example_trigger_controller_dag']) retrieved from /home/airflow/.local/lib/python3.7/site-packages/airflow/example_dags/example_trigger_controller_dag.py
[2024-07-26T03:56:57.046+0000] {logging_mixin.py:120} INFO - [2024-07-26T03:56:57.046+0000] {dag.py:2585} INFO - Sync 1 DAGs
[2024-07-26T03:56:57.061+0000] {logging_mixin.py:120} INFO - [2024-07-26T03:56:57.061+0000] {dag.py:3340} INFO - Setting next_dagrun for example_trigger_controller_dag to 2021-01-01T00:00:00+00:00, run_after=2021-01-01T00:00:00+00:00
[2024-07-26T03:56:57.077+0000] {processor.py:176} INFO - Processing /home/airflow/.local/lib/python3.7/site-packages/airflow/example_dags/example_trigger_controller_dag.py took 0.062 seconds
[2024-07-26T04:02:03.242+0000] {processor.py:154} INFO - Started process (PID=5512) to work on /home/airflow/.local/lib/python3.7/site-packages/airflow/example_dags/example_trigger_controller_dag.py
[2024-07-26T04:02:03.248+0000] {processor.py:756} INFO - Processing file /home/airflow/.local/lib/python3.7/site-packages/airflow/example_dags/example_trigger_controller_dag.py for tasks to queue
[2024-07-26T04:02:03.252+0000] {logging_mixin.py:120} INFO - [2024-07-26T04:02:03.252+0000] {dagbag.py:537} INFO - Filling up the DagBag from /home/airflow/.local/lib/python3.7/site-packages/airflow/example_dags/example_trigger_controller_dag.py
[2024-07-26T04:02:03.299+0000] {processor.py:766} INFO - DAG(s) dict_keys(['example_trigger_controller_dag']) retrieved from /home/airflow/.local/lib/python3.7/site-packages/airflow/example_dags/example_trigger_controller_dag.py
[2024-07-26T04:02:03.407+0000] {logging_mixin.py:120} INFO - [2024-07-26T04:02:03.407+0000] {dag.py:2585} INFO - Sync 1 DAGs
[2024-07-26T04:02:03.437+0000] {logging_mixin.py:120} INFO - [2024-07-26T04:02:03.436+0000] {dag.py:3340} INFO - Setting next_dagrun for example_trigger_controller_dag to 2021-01-01T00:00:00+00:00, run_after=2021-01-01T00:00:00+00:00
[2024-07-26T04:02:03.464+0000] {processor.py:176} INFO - Processing /home/airflow/.local/lib/python3.7/site-packages/airflow/example_dags/example_trigger_controller_dag.py took 0.227 seconds
[2024-07-26T04:04:15.633+0000] {processor.py:154} INFO - Started process (PID=5576) to work on /home/airflow/.local/lib/python3.7/site-packages/airflow/example_dags/example_trigger_controller_dag.py
[2024-07-26T04:04:15.635+0000] {processor.py:756} INFO - Processing file /home/airflow/.local/lib/python3.7/site-packages/airflow/example_dags/example_trigger_controller_dag.py for tasks to queue
[2024-07-26T04:04:15.635+0000] {logging_mixin.py:120} INFO - [2024-07-26T04:04:15.635+0000] {dagbag.py:537} INFO - Filling up the DagBag from /home/airflow/.local/lib/python3.7/site-packages/airflow/example_dags/example_trigger_controller_dag.py
[2024-07-26T04:04:15.644+0000] {processor.py:766} INFO - DAG(s) dict_keys(['example_trigger_controller_dag']) retrieved from /home/airflow/.local/lib/python3.7/site-packages/airflow/example_dags/example_trigger_controller_dag.py
[2024-07-26T04:04:15.668+0000] {logging_mixin.py:120} INFO - [2024-07-26T04:04:15.668+0000] {dag.py:2585} INFO - Sync 1 DAGs
[2024-07-26T04:04:15.687+0000] {logging_mixin.py:120} INFO - [2024-07-26T04:04:15.687+0000] {dag.py:3340} INFO - Setting next_dagrun for example_trigger_controller_dag to 2021-01-01T00:00:00+00:00, run_after=2021-01-01T00:00:00+00:00
[2024-07-26T04:04:16.184+0000] {processor.py:176} INFO - Processing /home/airflow/.local/lib/python3.7/site-packages/airflow/example_dags/example_trigger_controller_dag.py took 0.554 seconds
[2024-07-26T04:06:02.881+0000] {processor.py:154} INFO - Started process (PID=5630) to work on /home/airflow/.local/lib/python3.7/site-packages/airflow/example_dags/example_trigger_controller_dag.py
[2024-07-26T04:06:02.884+0000] {processor.py:756} INFO - Processing file /home/airflow/.local/lib/python3.7/site-packages/airflow/example_dags/example_trigger_controller_dag.py for tasks to queue
[2024-07-26T04:06:02.886+0000] {logging_mixin.py:120} INFO - [2024-07-26T04:06:02.886+0000] {dagbag.py:537} INFO - Filling up the DagBag from /home/airflow/.local/lib/python3.7/site-packages/airflow/example_dags/example_trigger_controller_dag.py
[2024-07-26T04:06:02.899+0000] {processor.py:766} INFO - DAG(s) dict_keys(['example_trigger_controller_dag']) retrieved from /home/airflow/.local/lib/python3.7/site-packages/airflow/example_dags/example_trigger_controller_dag.py
[2024-07-26T04:06:02.926+0000] {logging_mixin.py:120} INFO - [2024-07-26T04:06:02.926+0000] {dag.py:2585} INFO - Sync 1 DAGs
[2024-07-26T04:06:02.939+0000] {logging_mixin.py:120} INFO - [2024-07-26T04:06:02.939+0000] {dag.py:3340} INFO - Setting next_dagrun for example_trigger_controller_dag to 2021-01-01T00:00:00+00:00, run_after=2021-01-01T00:00:00+00:00
[2024-07-26T04:06:02.950+0000] {processor.py:176} INFO - Processing /home/airflow/.local/lib/python3.7/site-packages/airflow/example_dags/example_trigger_controller_dag.py took 0.071 seconds
[2024-07-26T04:08:04.777+0000] {processor.py:154} INFO - Started process (PID=5694) to work on /home/airflow/.local/lib/python3.7/site-packages/airflow/example_dags/example_trigger_controller_dag.py
[2024-07-26T04:08:04.777+0000] {processor.py:756} INFO - Processing file /home/airflow/.local/lib/python3.7/site-packages/airflow/example_dags/example_trigger_controller_dag.py for tasks to queue
[2024-07-26T04:08:04.778+0000] {logging_mixin.py:120} INFO - [2024-07-26T04:08:04.777+0000] {dagbag.py:537} INFO - Filling up the DagBag from /home/airflow/.local/lib/python3.7/site-packages/airflow/example_dags/example_trigger_controller_dag.py
[2024-07-26T04:08:04.784+0000] {processor.py:766} INFO - DAG(s) dict_keys(['example_trigger_controller_dag']) retrieved from /home/airflow/.local/lib/python3.7/site-packages/airflow/example_dags/example_trigger_controller_dag.py
[2024-07-26T04:08:04.806+0000] {logging_mixin.py:120} INFO - [2024-07-26T04:08:04.806+0000] {dag.py:2585} INFO - Sync 1 DAGs
[2024-07-26T04:08:04.819+0000] {logging_mixin.py:120} INFO - [2024-07-26T04:08:04.818+0000] {dag.py:3340} INFO - Setting next_dagrun for example_trigger_controller_dag to 2021-01-01T00:00:00+00:00, run_after=2021-01-01T00:00:00+00:00
[2024-07-26T04:08:04.833+0000] {processor.py:176} INFO - Processing /home/airflow/.local/lib/python3.7/site-packages/airflow/example_dags/example_trigger_controller_dag.py took 0.058 seconds
[2024-07-26T04:09:00.811+0000] {processor.py:154} INFO - Started process (PID=5758) to work on /home/airflow/.local/lib/python3.7/site-packages/airflow/example_dags/example_trigger_controller_dag.py
[2024-07-26T04:09:00.812+0000] {processor.py:756} INFO - Processing file /home/airflow/.local/lib/python3.7/site-packages/airflow/example_dags/example_trigger_controller_dag.py for tasks to queue
[2024-07-26T04:09:00.812+0000] {logging_mixin.py:120} INFO - [2024-07-26T04:09:00.812+0000] {dagbag.py:537} INFO - Filling up the DagBag from /home/airflow/.local/lib/python3.7/site-packages/airflow/example_dags/example_trigger_controller_dag.py
[2024-07-26T04:09:00.819+0000] {processor.py:766} INFO - DAG(s) dict_keys(['example_trigger_controller_dag']) retrieved from /home/airflow/.local/lib/python3.7/site-packages/airflow/example_dags/example_trigger_controller_dag.py
[2024-07-26T04:09:00.842+0000] {logging_mixin.py:120} INFO - [2024-07-26T04:09:00.842+0000] {dag.py:2585} INFO - Sync 1 DAGs
[2024-07-26T04:09:00.857+0000] {logging_mixin.py:120} INFO - [2024-07-26T04:09:00.856+0000] {dag.py:3340} INFO - Setting next_dagrun for example_trigger_controller_dag to 2021-01-01T00:00:00+00:00, run_after=2021-01-01T00:00:00+00:00
[2024-07-26T04:09:00.871+0000] {processor.py:176} INFO - Processing /home/airflow/.local/lib/python3.7/site-packages/airflow/example_dags/example_trigger_controller_dag.py took 0.062 seconds
[2024-07-26T04:10:10.402+0000] {processor.py:154} INFO - Started process (PID=5823) to work on /home/airflow/.local/lib/python3.7/site-packages/airflow/example_dags/example_trigger_controller_dag.py
[2024-07-26T04:10:10.404+0000] {processor.py:756} INFO - Processing file /home/airflow/.local/lib/python3.7/site-packages/airflow/example_dags/example_trigger_controller_dag.py for tasks to queue
[2024-07-26T04:10:10.406+0000] {logging_mixin.py:120} INFO - [2024-07-26T04:10:10.406+0000] {dagbag.py:537} INFO - Filling up the DagBag from /home/airflow/.local/lib/python3.7/site-packages/airflow/example_dags/example_trigger_controller_dag.py
[2024-07-26T04:10:10.413+0000] {processor.py:766} INFO - DAG(s) dict_keys(['example_trigger_controller_dag']) retrieved from /home/airflow/.local/lib/python3.7/site-packages/airflow/example_dags/example_trigger_controller_dag.py
[2024-07-26T04:10:10.434+0000] {logging_mixin.py:120} INFO - [2024-07-26T04:10:10.434+0000] {dag.py:2585} INFO - Sync 1 DAGs
[2024-07-26T04:10:10.448+0000] {logging_mixin.py:120} INFO - [2024-07-26T04:10:10.448+0000] {dag.py:3340} INFO - Setting next_dagrun for example_trigger_controller_dag to 2021-01-01T00:00:00+00:00, run_after=2021-01-01T00:00:00+00:00
[2024-07-26T04:10:10.461+0000] {processor.py:176} INFO - Processing /home/airflow/.local/lib/python3.7/site-packages/airflow/example_dags/example_trigger_controller_dag.py took 0.061 seconds
[2024-07-26T04:11:36.695+0000] {processor.py:154} INFO - Started process (PID=5887) to work on /home/airflow/.local/lib/python3.7/site-packages/airflow/example_dags/example_trigger_controller_dag.py
[2024-07-26T04:11:36.697+0000] {processor.py:756} INFO - Processing file /home/airflow/.local/lib/python3.7/site-packages/airflow/example_dags/example_trigger_controller_dag.py for tasks to queue
[2024-07-26T04:11:36.697+0000] {logging_mixin.py:120} INFO - [2024-07-26T04:11:36.697+0000] {dagbag.py:537} INFO - Filling up the DagBag from /home/airflow/.local/lib/python3.7/site-packages/airflow/example_dags/example_trigger_controller_dag.py
[2024-07-26T04:11:36.704+0000] {processor.py:766} INFO - DAG(s) dict_keys(['example_trigger_controller_dag']) retrieved from /home/airflow/.local/lib/python3.7/site-packages/airflow/example_dags/example_trigger_controller_dag.py
[2024-07-26T04:11:36.731+0000] {logging_mixin.py:120} INFO - [2024-07-26T04:11:36.731+0000] {dag.py:2585} INFO - Sync 1 DAGs
[2024-07-26T04:11:36.748+0000] {logging_mixin.py:120} INFO - [2024-07-26T04:11:36.748+0000] {dag.py:3340} INFO - Setting next_dagrun for example_trigger_controller_dag to 2021-01-01T00:00:00+00:00, run_after=2021-01-01T00:00:00+00:00
[2024-07-26T04:11:36.758+0000] {processor.py:176} INFO - Processing /home/airflow/.local/lib/python3.7/site-packages/airflow/example_dags/example_trigger_controller_dag.py took 0.065 seconds
[2024-07-26T04:12:20.338+0000] {processor.py:154} INFO - Started process (PID=5942) to work on /home/airflow/.local/lib/python3.7/site-packages/airflow/example_dags/example_trigger_controller_dag.py
[2024-07-26T04:12:20.338+0000] {processor.py:756} INFO - Processing file /home/airflow/.local/lib/python3.7/site-packages/airflow/example_dags/example_trigger_controller_dag.py for tasks to queue
[2024-07-26T04:12:20.339+0000] {logging_mixin.py:120} INFO - [2024-07-26T04:12:20.339+0000] {dagbag.py:537} INFO - Filling up the DagBag from /home/airflow/.local/lib/python3.7/site-packages/airflow/example_dags/example_trigger_controller_dag.py
[2024-07-26T04:12:20.346+0000] {processor.py:766} INFO - DAG(s) dict_keys(['example_trigger_controller_dag']) retrieved from /home/airflow/.local/lib/python3.7/site-packages/airflow/example_dags/example_trigger_controller_dag.py
[2024-07-26T04:12:20.368+0000] {logging_mixin.py:120} INFO - [2024-07-26T04:12:20.368+0000] {dag.py:2585} INFO - Sync 1 DAGs
[2024-07-26T04:12:20.384+0000] {logging_mixin.py:120} INFO - [2024-07-26T04:12:20.384+0000] {dag.py:3340} INFO - Setting next_dagrun for example_trigger_controller_dag to 2021-01-01T00:00:00+00:00, run_after=2021-01-01T00:00:00+00:00
[2024-07-26T04:12:20.398+0000] {processor.py:176} INFO - Processing /home/airflow/.local/lib/python3.7/site-packages/airflow/example_dags/example_trigger_controller_dag.py took 0.062 seconds
[2024-07-26T04:13:13.544+0000] {processor.py:154} INFO - Started process (PID=6006) to work on /home/airflow/.local/lib/python3.7/site-packages/airflow/example_dags/example_trigger_controller_dag.py
[2024-07-26T04:13:13.544+0000] {processor.py:756} INFO - Processing file /home/airflow/.local/lib/python3.7/site-packages/airflow/example_dags/example_trigger_controller_dag.py for tasks to queue
[2024-07-26T04:13:13.545+0000] {logging_mixin.py:120} INFO - [2024-07-26T04:13:13.545+0000] {dagbag.py:537} INFO - Filling up the DagBag from /home/airflow/.local/lib/python3.7/site-packages/airflow/example_dags/example_trigger_controller_dag.py
[2024-07-26T04:13:13.554+0000] {processor.py:766} INFO - DAG(s) dict_keys(['example_trigger_controller_dag']) retrieved from /home/airflow/.local/lib/python3.7/site-packages/airflow/example_dags/example_trigger_controller_dag.py
[2024-07-26T04:13:13.584+0000] {logging_mixin.py:120} INFO - [2024-07-26T04:13:13.584+0000] {dag.py:2585} INFO - Sync 1 DAGs
[2024-07-26T04:13:13.603+0000] {logging_mixin.py:120} INFO - [2024-07-26T04:13:13.603+0000] {dag.py:3340} INFO - Setting next_dagrun for example_trigger_controller_dag to 2021-01-01T00:00:00+00:00, run_after=2021-01-01T00:00:00+00:00
[2024-07-26T04:13:13.612+0000] {processor.py:176} INFO - Processing /home/airflow/.local/lib/python3.7/site-packages/airflow/example_dags/example_trigger_controller_dag.py took 0.071 seconds
[2024-07-26T04:14:04.037+0000] {processor.py:154} INFO - Started process (PID=6069) to work on /home/airflow/.local/lib/python3.7/site-packages/airflow/example_dags/example_trigger_controller_dag.py
[2024-07-26T04:14:04.039+0000] {processor.py:756} INFO - Processing file /home/airflow/.local/lib/python3.7/site-packages/airflow/example_dags/example_trigger_controller_dag.py for tasks to queue
[2024-07-26T04:14:04.040+0000] {logging_mixin.py:120} INFO - [2024-07-26T04:14:04.040+0000] {dagbag.py:537} INFO - Filling up the DagBag from /home/airflow/.local/lib/python3.7/site-packages/airflow/example_dags/example_trigger_controller_dag.py
[2024-07-26T04:14:04.046+0000] {processor.py:766} INFO - DAG(s) dict_keys(['example_trigger_controller_dag']) retrieved from /home/airflow/.local/lib/python3.7/site-packages/airflow/example_dags/example_trigger_controller_dag.py
[2024-07-26T04:14:04.078+0000] {logging_mixin.py:120} INFO - [2024-07-26T04:14:04.078+0000] {dag.py:2585} INFO - Sync 1 DAGs
[2024-07-26T04:14:04.099+0000] {logging_mixin.py:120} INFO - [2024-07-26T04:14:04.099+0000] {dag.py:3340} INFO - Setting next_dagrun for example_trigger_controller_dag to 2021-01-01T00:00:00+00:00, run_after=2021-01-01T00:00:00+00:00
[2024-07-26T04:14:04.113+0000] {processor.py:176} INFO - Processing /home/airflow/.local/lib/python3.7/site-packages/airflow/example_dags/example_trigger_controller_dag.py took 0.078 seconds
[2024-07-26T04:18:31.838+0000] {processor.py:154} INFO - Started process (PID=6133) to work on /home/airflow/.local/lib/python3.7/site-packages/airflow/example_dags/example_trigger_controller_dag.py
[2024-07-26T04:18:31.842+0000] {processor.py:756} INFO - Processing file /home/airflow/.local/lib/python3.7/site-packages/airflow/example_dags/example_trigger_controller_dag.py for tasks to queue
[2024-07-26T04:18:31.847+0000] {logging_mixin.py:120} INFO - [2024-07-26T04:18:31.847+0000] {dagbag.py:537} INFO - Filling up the DagBag from /home/airflow/.local/lib/python3.7/site-packages/airflow/example_dags/example_trigger_controller_dag.py
[2024-07-26T04:18:31.872+0000] {processor.py:766} INFO - DAG(s) dict_keys(['example_trigger_controller_dag']) retrieved from /home/airflow/.local/lib/python3.7/site-packages/airflow/example_dags/example_trigger_controller_dag.py
[2024-07-26T04:18:31.958+0000] {logging_mixin.py:120} INFO - [2024-07-26T04:18:31.958+0000] {dag.py:2585} INFO - Sync 1 DAGs
[2024-07-26T04:18:32.001+0000] {logging_mixin.py:120} INFO - [2024-07-26T04:18:32.001+0000] {dag.py:3340} INFO - Setting next_dagrun for example_trigger_controller_dag to 2021-01-01T00:00:00+00:00, run_after=2021-01-01T00:00:00+00:00
[2024-07-26T04:18:32.032+0000] {processor.py:176} INFO - Processing /home/airflow/.local/lib/python3.7/site-packages/airflow/example_dags/example_trigger_controller_dag.py took 0.200 seconds
[2024-07-26T04:19:15.230+0000] {processor.py:154} INFO - Started process (PID=6197) to work on /home/airflow/.local/lib/python3.7/site-packages/airflow/example_dags/example_trigger_controller_dag.py
[2024-07-26T04:19:15.231+0000] {processor.py:756} INFO - Processing file /home/airflow/.local/lib/python3.7/site-packages/airflow/example_dags/example_trigger_controller_dag.py for tasks to queue
[2024-07-26T04:19:15.232+0000] {logging_mixin.py:120} INFO - [2024-07-26T04:19:15.232+0000] {dagbag.py:537} INFO - Filling up the DagBag from /home/airflow/.local/lib/python3.7/site-packages/airflow/example_dags/example_trigger_controller_dag.py
[2024-07-26T04:19:15.238+0000] {processor.py:766} INFO - DAG(s) dict_keys(['example_trigger_controller_dag']) retrieved from /home/airflow/.local/lib/python3.7/site-packages/airflow/example_dags/example_trigger_controller_dag.py
[2024-07-26T04:19:15.278+0000] {logging_mixin.py:120} INFO - [2024-07-26T04:19:15.278+0000] {dag.py:2585} INFO - Sync 1 DAGs
[2024-07-26T04:19:15.299+0000] {logging_mixin.py:120} INFO - [2024-07-26T04:19:15.298+0000] {dag.py:3340} INFO - Setting next_dagrun for example_trigger_controller_dag to 2021-01-01T00:00:00+00:00, run_after=2021-01-01T00:00:00+00:00
[2024-07-26T04:19:15.318+0000] {processor.py:176} INFO - Processing /home/airflow/.local/lib/python3.7/site-packages/airflow/example_dags/example_trigger_controller_dag.py took 0.090 seconds
[2024-07-26T04:20:36.897+0000] {processor.py:154} INFO - Started process (PID=6252) to work on /home/airflow/.local/lib/python3.7/site-packages/airflow/example_dags/example_trigger_controller_dag.py
[2024-07-26T04:20:36.897+0000] {processor.py:756} INFO - Processing file /home/airflow/.local/lib/python3.7/site-packages/airflow/example_dags/example_trigger_controller_dag.py for tasks to queue
[2024-07-26T04:20:36.898+0000] {logging_mixin.py:120} INFO - [2024-07-26T04:20:36.898+0000] {dagbag.py:537} INFO - Filling up the DagBag from /home/airflow/.local/lib/python3.7/site-packages/airflow/example_dags/example_trigger_controller_dag.py
[2024-07-26T04:20:36.904+0000] {processor.py:766} INFO - DAG(s) dict_keys(['example_trigger_controller_dag']) retrieved from /home/airflow/.local/lib/python3.7/site-packages/airflow/example_dags/example_trigger_controller_dag.py
[2024-07-26T04:20:36.930+0000] {logging_mixin.py:120} INFO - [2024-07-26T04:20:36.929+0000] {dag.py:2585} INFO - Sync 1 DAGs
[2024-07-26T04:20:36.948+0000] {logging_mixin.py:120} INFO - [2024-07-26T04:20:36.948+0000] {dag.py:3340} INFO - Setting next_dagrun for example_trigger_controller_dag to 2021-01-01T00:00:00+00:00, run_after=2021-01-01T00:00:00+00:00
[2024-07-26T04:20:36.962+0000] {processor.py:176} INFO - Processing /home/airflow/.local/lib/python3.7/site-packages/airflow/example_dags/example_trigger_controller_dag.py took 0.067 seconds
[2024-07-26T04:21:40.922+0000] {processor.py:154} INFO - Started process (PID=6315) to work on /home/airflow/.local/lib/python3.7/site-packages/airflow/example_dags/example_trigger_controller_dag.py
[2024-07-26T04:21:40.923+0000] {processor.py:756} INFO - Processing file /home/airflow/.local/lib/python3.7/site-packages/airflow/example_dags/example_trigger_controller_dag.py for tasks to queue
[2024-07-26T04:21:40.923+0000] {logging_mixin.py:120} INFO - [2024-07-26T04:21:40.923+0000] {dagbag.py:537} INFO - Filling up the DagBag from /home/airflow/.local/lib/python3.7/site-packages/airflow/example_dags/example_trigger_controller_dag.py
[2024-07-26T04:21:40.929+0000] {processor.py:766} INFO - DAG(s) dict_keys(['example_trigger_controller_dag']) retrieved from /home/airflow/.local/lib/python3.7/site-packages/airflow/example_dags/example_trigger_controller_dag.py
[2024-07-26T04:21:40.958+0000] {logging_mixin.py:120} INFO - [2024-07-26T04:21:40.958+0000] {dag.py:2585} INFO - Sync 1 DAGs
[2024-07-26T04:21:40.972+0000] {logging_mixin.py:120} INFO - [2024-07-26T04:21:40.972+0000] {dag.py:3340} INFO - Setting next_dagrun for example_trigger_controller_dag to 2021-01-01T00:00:00+00:00, run_after=2021-01-01T00:00:00+00:00
[2024-07-26T04:21:40.983+0000] {processor.py:176} INFO - Processing /home/airflow/.local/lib/python3.7/site-packages/airflow/example_dags/example_trigger_controller_dag.py took 0.063 seconds
[2024-07-26T04:22:47.260+0000] {processor.py:154} INFO - Started process (PID=6379) to work on /home/airflow/.local/lib/python3.7/site-packages/airflow/example_dags/example_trigger_controller_dag.py
[2024-07-26T04:22:47.260+0000] {processor.py:756} INFO - Processing file /home/airflow/.local/lib/python3.7/site-packages/airflow/example_dags/example_trigger_controller_dag.py for tasks to queue
[2024-07-26T04:22:47.261+0000] {logging_mixin.py:120} INFO - [2024-07-26T04:22:47.261+0000] {dagbag.py:537} INFO - Filling up the DagBag from /home/airflow/.local/lib/python3.7/site-packages/airflow/example_dags/example_trigger_controller_dag.py
[2024-07-26T04:22:47.268+0000] {processor.py:766} INFO - DAG(s) dict_keys(['example_trigger_controller_dag']) retrieved from /home/airflow/.local/lib/python3.7/site-packages/airflow/example_dags/example_trigger_controller_dag.py
[2024-07-26T04:22:47.290+0000] {logging_mixin.py:120} INFO - [2024-07-26T04:22:47.290+0000] {dag.py:2585} INFO - Sync 1 DAGs
[2024-07-26T04:22:47.304+0000] {logging_mixin.py:120} INFO - [2024-07-26T04:22:47.304+0000] {dag.py:3340} INFO - Setting next_dagrun for example_trigger_controller_dag to 2021-01-01T00:00:00+00:00, run_after=2021-01-01T00:00:00+00:00
[2024-07-26T04:22:47.314+0000] {processor.py:176} INFO - Processing /home/airflow/.local/lib/python3.7/site-packages/airflow/example_dags/example_trigger_controller_dag.py took 0.056 seconds
[2024-07-26T04:33:59.791+0000] {processor.py:154} INFO - Started process (PID=6443) to work on /home/airflow/.local/lib/python3.7/site-packages/airflow/example_dags/example_trigger_controller_dag.py
[2024-07-26T04:33:59.792+0000] {processor.py:756} INFO - Processing file /home/airflow/.local/lib/python3.7/site-packages/airflow/example_dags/example_trigger_controller_dag.py for tasks to queue
[2024-07-26T04:33:59.796+0000] {logging_mixin.py:120} INFO - [2024-07-26T04:33:59.795+0000] {dagbag.py:537} INFO - Filling up the DagBag from /home/airflow/.local/lib/python3.7/site-packages/airflow/example_dags/example_trigger_controller_dag.py
[2024-07-26T04:33:59.802+0000] {processor.py:766} INFO - DAG(s) dict_keys(['example_trigger_controller_dag']) retrieved from /home/airflow/.local/lib/python3.7/site-packages/airflow/example_dags/example_trigger_controller_dag.py
[2024-07-26T04:33:59.824+0000] {logging_mixin.py:120} INFO - [2024-07-26T04:33:59.823+0000] {dag.py:2585} INFO - Sync 1 DAGs
[2024-07-26T04:33:59.836+0000] {logging_mixin.py:120} INFO - [2024-07-26T04:33:59.836+0000] {dag.py:3340} INFO - Setting next_dagrun for example_trigger_controller_dag to 2021-01-01T00:00:00+00:00, run_after=2021-01-01T00:00:00+00:00
[2024-07-26T04:33:59.850+0000] {processor.py:176} INFO - Processing /home/airflow/.local/lib/python3.7/site-packages/airflow/example_dags/example_trigger_controller_dag.py took 0.061 seconds
[2024-07-26T04:49:12.031+0000] {processor.py:154} INFO - Started process (PID=6507) to work on /home/airflow/.local/lib/python3.7/site-packages/airflow/example_dags/example_trigger_controller_dag.py
[2024-07-26T04:49:12.038+0000] {processor.py:756} INFO - Processing file /home/airflow/.local/lib/python3.7/site-packages/airflow/example_dags/example_trigger_controller_dag.py for tasks to queue
[2024-07-26T04:49:12.039+0000] {logging_mixin.py:120} INFO - [2024-07-26T04:49:12.039+0000] {dagbag.py:537} INFO - Filling up the DagBag from /home/airflow/.local/lib/python3.7/site-packages/airflow/example_dags/example_trigger_controller_dag.py
[2024-07-26T04:49:12.057+0000] {processor.py:766} INFO - DAG(s) dict_keys(['example_trigger_controller_dag']) retrieved from /home/airflow/.local/lib/python3.7/site-packages/airflow/example_dags/example_trigger_controller_dag.py
[2024-07-26T04:49:12.129+0000] {logging_mixin.py:120} INFO - [2024-07-26T04:49:12.129+0000] {dag.py:2585} INFO - Sync 1 DAGs
[2024-07-26T04:49:12.180+0000] {logging_mixin.py:120} INFO - [2024-07-26T04:49:12.177+0000] {dag.py:3340} INFO - Setting next_dagrun for example_trigger_controller_dag to 2021-01-01T00:00:00+00:00, run_after=2021-01-01T00:00:00+00:00
[2024-07-26T04:49:12.229+0000] {processor.py:176} INFO - Processing /home/airflow/.local/lib/python3.7/site-packages/airflow/example_dags/example_trigger_controller_dag.py took 0.201 seconds
[2024-07-26T04:53:36.821+0000] {processor.py:154} INFO - Started process (PID=6562) to work on /home/airflow/.local/lib/python3.7/site-packages/airflow/example_dags/example_trigger_controller_dag.py
[2024-07-26T04:53:36.825+0000] {processor.py:756} INFO - Processing file /home/airflow/.local/lib/python3.7/site-packages/airflow/example_dags/example_trigger_controller_dag.py for tasks to queue
[2024-07-26T04:53:36.828+0000] {logging_mixin.py:120} INFO - [2024-07-26T04:53:36.828+0000] {dagbag.py:537} INFO - Filling up the DagBag from /home/airflow/.local/lib/python3.7/site-packages/airflow/example_dags/example_trigger_controller_dag.py
[2024-07-26T04:53:36.836+0000] {processor.py:766} INFO - DAG(s) dict_keys(['example_trigger_controller_dag']) retrieved from /home/airflow/.local/lib/python3.7/site-packages/airflow/example_dags/example_trigger_controller_dag.py
[2024-07-26T04:53:36.860+0000] {logging_mixin.py:120} INFO - [2024-07-26T04:53:36.860+0000] {dag.py:2585} INFO - Sync 1 DAGs
[2024-07-26T04:53:36.873+0000] {logging_mixin.py:120} INFO - [2024-07-26T04:53:36.873+0000] {dag.py:3340} INFO - Setting next_dagrun for example_trigger_controller_dag to 2021-01-01T00:00:00+00:00, run_after=2021-01-01T00:00:00+00:00
[2024-07-26T04:53:36.886+0000] {processor.py:176} INFO - Processing /home/airflow/.local/lib/python3.7/site-packages/airflow/example_dags/example_trigger_controller_dag.py took 0.067 seconds
[2024-07-26T05:02:48.978+0000] {processor.py:154} INFO - Started process (PID=6626) to work on /home/airflow/.local/lib/python3.7/site-packages/airflow/example_dags/example_trigger_controller_dag.py
[2024-07-26T05:02:48.979+0000] {processor.py:756} INFO - Processing file /home/airflow/.local/lib/python3.7/site-packages/airflow/example_dags/example_trigger_controller_dag.py for tasks to queue
[2024-07-26T05:02:48.980+0000] {logging_mixin.py:120} INFO - [2024-07-26T05:02:48.980+0000] {dagbag.py:537} INFO - Filling up the DagBag from /home/airflow/.local/lib/python3.7/site-packages/airflow/example_dags/example_trigger_controller_dag.py
[2024-07-26T05:02:48.990+0000] {processor.py:766} INFO - DAG(s) dict_keys(['example_trigger_controller_dag']) retrieved from /home/airflow/.local/lib/python3.7/site-packages/airflow/example_dags/example_trigger_controller_dag.py
[2024-07-26T05:02:49.034+0000] {logging_mixin.py:120} INFO - [2024-07-26T05:02:49.034+0000] {dag.py:2585} INFO - Sync 1 DAGs
[2024-07-26T05:02:49.068+0000] {logging_mixin.py:120} INFO - [2024-07-26T05:02:49.068+0000] {dag.py:3340} INFO - Setting next_dagrun for example_trigger_controller_dag to 2021-01-01T00:00:00+00:00, run_after=2021-01-01T00:00:00+00:00
[2024-07-26T05:02:49.088+0000] {processor.py:176} INFO - Processing /home/airflow/.local/lib/python3.7/site-packages/airflow/example_dags/example_trigger_controller_dag.py took 0.113 seconds
[2024-07-26T05:15:51.287+0000] {processor.py:154} INFO - Started process (PID=6690) to work on /home/airflow/.local/lib/python3.7/site-packages/airflow/example_dags/example_trigger_controller_dag.py
[2024-07-26T05:15:51.288+0000] {processor.py:756} INFO - Processing file /home/airflow/.local/lib/python3.7/site-packages/airflow/example_dags/example_trigger_controller_dag.py for tasks to queue
[2024-07-26T05:15:51.289+0000] {logging_mixin.py:120} INFO - [2024-07-26T05:15:51.289+0000] {dagbag.py:537} INFO - Filling up the DagBag from /home/airflow/.local/lib/python3.7/site-packages/airflow/example_dags/example_trigger_controller_dag.py
[2024-07-26T05:15:51.295+0000] {processor.py:766} INFO - DAG(s) dict_keys(['example_trigger_controller_dag']) retrieved from /home/airflow/.local/lib/python3.7/site-packages/airflow/example_dags/example_trigger_controller_dag.py
[2024-07-26T05:15:51.321+0000] {logging_mixin.py:120} INFO - [2024-07-26T05:15:51.321+0000] {dag.py:2585} INFO - Sync 1 DAGs
[2024-07-26T05:15:51.335+0000] {logging_mixin.py:120} INFO - [2024-07-26T05:15:51.335+0000] {dag.py:3340} INFO - Setting next_dagrun for example_trigger_controller_dag to 2021-01-01T00:00:00+00:00, run_after=2021-01-01T00:00:00+00:00
[2024-07-26T05:15:51.351+0000] {processor.py:176} INFO - Processing /home/airflow/.local/lib/python3.7/site-packages/airflow/example_dags/example_trigger_controller_dag.py took 0.065 seconds
[2024-07-26T05:33:28.091+0000] {processor.py:154} INFO - Started process (PID=6754) to work on /home/airflow/.local/lib/python3.7/site-packages/airflow/example_dags/example_trigger_controller_dag.py
[2024-07-26T05:33:28.099+0000] {processor.py:756} INFO - Processing file /home/airflow/.local/lib/python3.7/site-packages/airflow/example_dags/example_trigger_controller_dag.py for tasks to queue
[2024-07-26T05:33:28.099+0000] {logging_mixin.py:120} INFO - [2024-07-26T05:33:28.099+0000] {dagbag.py:537} INFO - Filling up the DagBag from /home/airflow/.local/lib/python3.7/site-packages/airflow/example_dags/example_trigger_controller_dag.py
[2024-07-26T05:33:28.106+0000] {processor.py:766} INFO - DAG(s) dict_keys(['example_trigger_controller_dag']) retrieved from /home/airflow/.local/lib/python3.7/site-packages/airflow/example_dags/example_trigger_controller_dag.py
[2024-07-26T05:33:28.130+0000] {logging_mixin.py:120} INFO - [2024-07-26T05:33:28.130+0000] {dag.py:2585} INFO - Sync 1 DAGs
[2024-07-26T05:33:28.143+0000] {logging_mixin.py:120} INFO - [2024-07-26T05:33:28.143+0000] {dag.py:3340} INFO - Setting next_dagrun for example_trigger_controller_dag to 2021-01-01T00:00:00+00:00, run_after=2021-01-01T00:00:00+00:00
[2024-07-26T05:33:28.153+0000] {processor.py:176} INFO - Processing /home/airflow/.local/lib/python3.7/site-packages/airflow/example_dags/example_trigger_controller_dag.py took 0.064 seconds
[2024-07-26T06:09:35.125+0000] {processor.py:154} INFO - Started process (PID=6809) to work on /home/airflow/.local/lib/python3.7/site-packages/airflow/example_dags/example_trigger_controller_dag.py
[2024-07-26T06:09:35.126+0000] {processor.py:756} INFO - Processing file /home/airflow/.local/lib/python3.7/site-packages/airflow/example_dags/example_trigger_controller_dag.py for tasks to queue
[2024-07-26T06:09:35.127+0000] {logging_mixin.py:120} INFO - [2024-07-26T06:09:35.127+0000] {dagbag.py:537} INFO - Filling up the DagBag from /home/airflow/.local/lib/python3.7/site-packages/airflow/example_dags/example_trigger_controller_dag.py
[2024-07-26T06:09:35.138+0000] {processor.py:766} INFO - DAG(s) dict_keys(['example_trigger_controller_dag']) retrieved from /home/airflow/.local/lib/python3.7/site-packages/airflow/example_dags/example_trigger_controller_dag.py
[2024-07-26T06:09:35.175+0000] {logging_mixin.py:120} INFO - [2024-07-26T06:09:35.175+0000] {dag.py:2585} INFO - Sync 1 DAGs
[2024-07-26T06:09:35.197+0000] {logging_mixin.py:120} INFO - [2024-07-26T06:09:35.196+0000] {dag.py:3340} INFO - Setting next_dagrun for example_trigger_controller_dag to 2021-01-01T00:00:00+00:00, run_after=2021-01-01T00:00:00+00:00
[2024-07-26T06:09:35.222+0000] {processor.py:176} INFO - Processing /home/airflow/.local/lib/python3.7/site-packages/airflow/example_dags/example_trigger_controller_dag.py took 0.101 seconds
[2024-07-26T07:10:32.344+0000] {processor.py:154} INFO - Started process (PID=6872) to work on /home/airflow/.local/lib/python3.7/site-packages/airflow/example_dags/example_trigger_controller_dag.py
[2024-07-26T07:10:32.347+0000] {processor.py:756} INFO - Processing file /home/airflow/.local/lib/python3.7/site-packages/airflow/example_dags/example_trigger_controller_dag.py for tasks to queue
[2024-07-26T07:10:32.348+0000] {logging_mixin.py:120} INFO - [2024-07-26T07:10:32.348+0000] {dagbag.py:537} INFO - Filling up the DagBag from /home/airflow/.local/lib/python3.7/site-packages/airflow/example_dags/example_trigger_controller_dag.py
[2024-07-26T07:10:32.361+0000] {processor.py:766} INFO - DAG(s) dict_keys(['example_trigger_controller_dag']) retrieved from /home/airflow/.local/lib/python3.7/site-packages/airflow/example_dags/example_trigger_controller_dag.py
[2024-07-26T07:10:32.431+0000] {logging_mixin.py:120} INFO - [2024-07-26T07:10:32.431+0000] {dag.py:2585} INFO - Sync 1 DAGs
[2024-07-26T07:10:32.463+0000] {logging_mixin.py:120} INFO - [2024-07-26T07:10:32.463+0000] {dag.py:3340} INFO - Setting next_dagrun for example_trigger_controller_dag to 2021-01-01T00:00:00+00:00, run_after=2021-01-01T00:00:00+00:00
[2024-07-26T07:10:32.482+0000] {processor.py:176} INFO - Processing /home/airflow/.local/lib/python3.7/site-packages/airflow/example_dags/example_trigger_controller_dag.py took 0.140 seconds
[2024-07-26T08:11:46.561+0000] {processor.py:154} INFO - Started process (PID=6936) to work on /home/airflow/.local/lib/python3.7/site-packages/airflow/example_dags/example_trigger_controller_dag.py
[2024-07-26T08:11:46.566+0000] {processor.py:756} INFO - Processing file /home/airflow/.local/lib/python3.7/site-packages/airflow/example_dags/example_trigger_controller_dag.py for tasks to queue
[2024-07-26T08:11:46.570+0000] {logging_mixin.py:120} INFO - [2024-07-26T08:11:46.570+0000] {dagbag.py:537} INFO - Filling up the DagBag from /home/airflow/.local/lib/python3.7/site-packages/airflow/example_dags/example_trigger_controller_dag.py
[2024-07-26T08:11:46.588+0000] {processor.py:766} INFO - DAG(s) dict_keys(['example_trigger_controller_dag']) retrieved from /home/airflow/.local/lib/python3.7/site-packages/airflow/example_dags/example_trigger_controller_dag.py
[2024-07-26T08:11:46.713+0000] {logging_mixin.py:120} INFO - [2024-07-26T08:11:46.713+0000] {dag.py:2585} INFO - Sync 1 DAGs
[2024-07-26T08:11:46.758+0000] {logging_mixin.py:120} INFO - [2024-07-26T08:11:46.758+0000] {dag.py:3340} INFO - Setting next_dagrun for example_trigger_controller_dag to 2021-01-01T00:00:00+00:00, run_after=2021-01-01T00:00:00+00:00
[2024-07-26T08:11:46.775+0000] {processor.py:176} INFO - Processing /home/airflow/.local/lib/python3.7/site-packages/airflow/example_dags/example_trigger_controller_dag.py took 0.220 seconds
[2024-07-26T08:36:10.599+0000] {processor.py:154} INFO - Started process (PID=7000) to work on /home/airflow/.local/lib/python3.7/site-packages/airflow/example_dags/example_trigger_controller_dag.py
[2024-07-26T08:36:10.601+0000] {processor.py:756} INFO - Processing file /home/airflow/.local/lib/python3.7/site-packages/airflow/example_dags/example_trigger_controller_dag.py for tasks to queue
[2024-07-26T08:36:10.601+0000] {logging_mixin.py:120} INFO - [2024-07-26T08:36:10.601+0000] {dagbag.py:537} INFO - Filling up the DagBag from /home/airflow/.local/lib/python3.7/site-packages/airflow/example_dags/example_trigger_controller_dag.py
[2024-07-26T08:36:10.616+0000] {processor.py:766} INFO - DAG(s) dict_keys(['example_trigger_controller_dag']) retrieved from /home/airflow/.local/lib/python3.7/site-packages/airflow/example_dags/example_trigger_controller_dag.py
[2024-07-26T08:36:10.669+0000] {logging_mixin.py:120} INFO - [2024-07-26T08:36:10.669+0000] {dag.py:2585} INFO - Sync 1 DAGs
[2024-07-26T08:36:10.688+0000] {logging_mixin.py:120} INFO - [2024-07-26T08:36:10.687+0000] {dag.py:3340} INFO - Setting next_dagrun for example_trigger_controller_dag to 2021-01-01T00:00:00+00:00, run_after=2021-01-01T00:00:00+00:00
[2024-07-26T08:36:10.715+0000] {processor.py:176} INFO - Processing /home/airflow/.local/lib/python3.7/site-packages/airflow/example_dags/example_trigger_controller_dag.py took 0.119 seconds
[2024-07-26T09:29:25.174+0000] {processor.py:154} INFO - Started process (PID=7064) to work on /home/airflow/.local/lib/python3.7/site-packages/airflow/example_dags/example_trigger_controller_dag.py
[2024-07-26T09:29:25.197+0000] {processor.py:756} INFO - Processing file /home/airflow/.local/lib/python3.7/site-packages/airflow/example_dags/example_trigger_controller_dag.py for tasks to queue
[2024-07-26T09:29:25.204+0000] {logging_mixin.py:120} INFO - [2024-07-26T09:29:25.204+0000] {dagbag.py:537} INFO - Filling up the DagBag from /home/airflow/.local/lib/python3.7/site-packages/airflow/example_dags/example_trigger_controller_dag.py
[2024-07-26T09:29:25.213+0000] {processor.py:766} INFO - DAG(s) dict_keys(['example_trigger_controller_dag']) retrieved from /home/airflow/.local/lib/python3.7/site-packages/airflow/example_dags/example_trigger_controller_dag.py
[2024-07-26T09:29:25.305+0000] {logging_mixin.py:120} INFO - [2024-07-26T09:29:25.305+0000] {dag.py:2585} INFO - Sync 1 DAGs
[2024-07-26T09:29:25.342+0000] {logging_mixin.py:120} INFO - [2024-07-26T09:29:25.342+0000] {dag.py:3340} INFO - Setting next_dagrun for example_trigger_controller_dag to 2021-01-01T00:00:00+00:00, run_after=2021-01-01T00:00:00+00:00
[2024-07-26T09:29:25.382+0000] {processor.py:176} INFO - Processing /home/airflow/.local/lib/python3.7/site-packages/airflow/example_dags/example_trigger_controller_dag.py took 0.213 seconds
[2024-07-26T10:30:29.673+0000] {processor.py:154} INFO - Started process (PID=7119) to work on /home/airflow/.local/lib/python3.7/site-packages/airflow/example_dags/example_trigger_controller_dag.py
[2024-07-26T10:30:29.679+0000] {processor.py:756} INFO - Processing file /home/airflow/.local/lib/python3.7/site-packages/airflow/example_dags/example_trigger_controller_dag.py for tasks to queue
[2024-07-26T10:30:29.680+0000] {logging_mixin.py:120} INFO - [2024-07-26T10:30:29.680+0000] {dagbag.py:537} INFO - Filling up the DagBag from /home/airflow/.local/lib/python3.7/site-packages/airflow/example_dags/example_trigger_controller_dag.py
[2024-07-26T10:30:29.693+0000] {processor.py:766} INFO - DAG(s) dict_keys(['example_trigger_controller_dag']) retrieved from /home/airflow/.local/lib/python3.7/site-packages/airflow/example_dags/example_trigger_controller_dag.py
[2024-07-26T10:30:29.769+0000] {logging_mixin.py:120} INFO - [2024-07-26T10:30:29.769+0000] {dag.py:2585} INFO - Sync 1 DAGs
[2024-07-26T10:30:29.795+0000] {logging_mixin.py:120} INFO - [2024-07-26T10:30:29.795+0000] {dag.py:3340} INFO - Setting next_dagrun for example_trigger_controller_dag to 2021-01-01T00:00:00+00:00, run_after=2021-01-01T00:00:00+00:00
[2024-07-26T10:30:29.825+0000] {processor.py:176} INFO - Processing /home/airflow/.local/lib/python3.7/site-packages/airflow/example_dags/example_trigger_controller_dag.py took 0.155 seconds
[2024-07-26T10:39:55.628+0000] {processor.py:154} INFO - Started process (PID=7183) to work on /home/airflow/.local/lib/python3.7/site-packages/airflow/example_dags/example_trigger_controller_dag.py
[2024-07-26T10:39:55.631+0000] {processor.py:756} INFO - Processing file /home/airflow/.local/lib/python3.7/site-packages/airflow/example_dags/example_trigger_controller_dag.py for tasks to queue
[2024-07-26T10:39:55.633+0000] {logging_mixin.py:120} INFO - [2024-07-26T10:39:55.633+0000] {dagbag.py:537} INFO - Filling up the DagBag from /home/airflow/.local/lib/python3.7/site-packages/airflow/example_dags/example_trigger_controller_dag.py
[2024-07-26T10:39:55.639+0000] {processor.py:766} INFO - DAG(s) dict_keys(['example_trigger_controller_dag']) retrieved from /home/airflow/.local/lib/python3.7/site-packages/airflow/example_dags/example_trigger_controller_dag.py
[2024-07-26T10:39:55.668+0000] {logging_mixin.py:120} INFO - [2024-07-26T10:39:55.667+0000] {dag.py:2585} INFO - Sync 1 DAGs
[2024-07-26T10:39:55.684+0000] {logging_mixin.py:120} INFO - [2024-07-26T10:39:55.684+0000] {dag.py:3340} INFO - Setting next_dagrun for example_trigger_controller_dag to 2021-01-01T00:00:00+00:00, run_after=2021-01-01T00:00:00+00:00
[2024-07-26T10:39:55.694+0000] {processor.py:176} INFO - Processing /home/airflow/.local/lib/python3.7/site-packages/airflow/example_dags/example_trigger_controller_dag.py took 0.068 seconds
[2024-07-26T11:48:29.775+0000] {processor.py:154} INFO - Started process (PID=7247) to work on /home/airflow/.local/lib/python3.7/site-packages/airflow/example_dags/example_trigger_controller_dag.py
[2024-07-26T11:48:29.782+0000] {processor.py:756} INFO - Processing file /home/airflow/.local/lib/python3.7/site-packages/airflow/example_dags/example_trigger_controller_dag.py for tasks to queue
[2024-07-26T11:48:29.783+0000] {logging_mixin.py:120} INFO - [2024-07-26T11:48:29.783+0000] {dagbag.py:537} INFO - Filling up the DagBag from /home/airflow/.local/lib/python3.7/site-packages/airflow/example_dags/example_trigger_controller_dag.py
[2024-07-26T11:48:29.797+0000] {processor.py:766} INFO - DAG(s) dict_keys(['example_trigger_controller_dag']) retrieved from /home/airflow/.local/lib/python3.7/site-packages/airflow/example_dags/example_trigger_controller_dag.py
[2024-07-26T11:48:29.855+0000] {logging_mixin.py:120} INFO - [2024-07-26T11:48:29.855+0000] {dag.py:2585} INFO - Sync 1 DAGs
[2024-07-26T11:48:29.885+0000] {logging_mixin.py:120} INFO - [2024-07-26T11:48:29.885+0000] {dag.py:3340} INFO - Setting next_dagrun for example_trigger_controller_dag to 2021-01-01T00:00:00+00:00, run_after=2021-01-01T00:00:00+00:00
[2024-07-26T11:48:29.948+0000] {processor.py:176} INFO - Processing /home/airflow/.local/lib/python3.7/site-packages/airflow/example_dags/example_trigger_controller_dag.py took 0.176 seconds
[2024-07-26T12:13:05.043+0000] {processor.py:154} INFO - Started process (PID=7311) to work on /home/airflow/.local/lib/python3.7/site-packages/airflow/example_dags/example_trigger_controller_dag.py
[2024-07-26T12:13:05.050+0000] {processor.py:756} INFO - Processing file /home/airflow/.local/lib/python3.7/site-packages/airflow/example_dags/example_trigger_controller_dag.py for tasks to queue
[2024-07-26T12:13:05.052+0000] {logging_mixin.py:120} INFO - [2024-07-26T12:13:05.052+0000] {dagbag.py:537} INFO - Filling up the DagBag from /home/airflow/.local/lib/python3.7/site-packages/airflow/example_dags/example_trigger_controller_dag.py
[2024-07-26T12:13:05.073+0000] {processor.py:766} INFO - DAG(s) dict_keys(['example_trigger_controller_dag']) retrieved from /home/airflow/.local/lib/python3.7/site-packages/airflow/example_dags/example_trigger_controller_dag.py
[2024-07-26T12:13:05.106+0000] {logging_mixin.py:120} INFO - [2024-07-26T12:13:05.106+0000] {dag.py:2585} INFO - Sync 1 DAGs
[2024-07-26T12:13:05.122+0000] {logging_mixin.py:120} INFO - [2024-07-26T12:13:05.122+0000] {dag.py:3340} INFO - Setting next_dagrun for example_trigger_controller_dag to 2021-01-01T00:00:00+00:00, run_after=2021-01-01T00:00:00+00:00
[2024-07-26T12:13:05.135+0000] {processor.py:176} INFO - Processing /home/airflow/.local/lib/python3.7/site-packages/airflow/example_dags/example_trigger_controller_dag.py took 0.094 seconds
[2024-07-26T12:19:25.050+0000] {processor.py:154} INFO - Started process (PID=7366) to work on /home/airflow/.local/lib/python3.7/site-packages/airflow/example_dags/example_trigger_controller_dag.py
[2024-07-26T12:19:25.051+0000] {processor.py:756} INFO - Processing file /home/airflow/.local/lib/python3.7/site-packages/airflow/example_dags/example_trigger_controller_dag.py for tasks to queue
[2024-07-26T12:19:25.051+0000] {logging_mixin.py:120} INFO - [2024-07-26T12:19:25.051+0000] {dagbag.py:537} INFO - Filling up the DagBag from /home/airflow/.local/lib/python3.7/site-packages/airflow/example_dags/example_trigger_controller_dag.py
[2024-07-26T12:19:25.058+0000] {processor.py:766} INFO - DAG(s) dict_keys(['example_trigger_controller_dag']) retrieved from /home/airflow/.local/lib/python3.7/site-packages/airflow/example_dags/example_trigger_controller_dag.py
[2024-07-26T12:19:25.079+0000] {logging_mixin.py:120} INFO - [2024-07-26T12:19:25.078+0000] {dag.py:2585} INFO - Sync 1 DAGs
[2024-07-26T12:19:25.092+0000] {logging_mixin.py:120} INFO - [2024-07-26T12:19:25.092+0000] {dag.py:3340} INFO - Setting next_dagrun for example_trigger_controller_dag to 2021-01-01T00:00:00+00:00, run_after=2021-01-01T00:00:00+00:00
[2024-07-26T12:19:25.106+0000] {processor.py:176} INFO - Processing /home/airflow/.local/lib/python3.7/site-packages/airflow/example_dags/example_trigger_controller_dag.py took 0.058 seconds
[2024-07-26T13:00:06.312+0000] {processor.py:154} INFO - Started process (PID=7429) to work on /home/airflow/.local/lib/python3.7/site-packages/airflow/example_dags/example_trigger_controller_dag.py
[2024-07-26T13:00:06.315+0000] {processor.py:756} INFO - Processing file /home/airflow/.local/lib/python3.7/site-packages/airflow/example_dags/example_trigger_controller_dag.py for tasks to queue
[2024-07-26T13:00:06.318+0000] {logging_mixin.py:120} INFO - [2024-07-26T13:00:06.318+0000] {dagbag.py:537} INFO - Filling up the DagBag from /home/airflow/.local/lib/python3.7/site-packages/airflow/example_dags/example_trigger_controller_dag.py
[2024-07-26T13:00:06.339+0000] {processor.py:766} INFO - DAG(s) dict_keys(['example_trigger_controller_dag']) retrieved from /home/airflow/.local/lib/python3.7/site-packages/airflow/example_dags/example_trigger_controller_dag.py
[2024-07-26T13:00:06.470+0000] {logging_mixin.py:120} INFO - [2024-07-26T13:00:06.470+0000] {dag.py:2585} INFO - Sync 1 DAGs
[2024-07-26T13:00:06.504+0000] {logging_mixin.py:120} INFO - [2024-07-26T13:00:06.504+0000] {dag.py:3340} INFO - Setting next_dagrun for example_trigger_controller_dag to 2021-01-01T00:00:00+00:00, run_after=2021-01-01T00:00:00+00:00
[2024-07-26T13:00:06.539+0000] {processor.py:176} INFO - Processing /home/airflow/.local/lib/python3.7/site-packages/airflow/example_dags/example_trigger_controller_dag.py took 0.230 seconds
[2024-07-26T13:12:26.862+0000] {processor.py:154} INFO - Started process (PID=7493) to work on /home/airflow/.local/lib/python3.7/site-packages/airflow/example_dags/example_trigger_controller_dag.py
[2024-07-26T13:12:26.873+0000] {processor.py:756} INFO - Processing file /home/airflow/.local/lib/python3.7/site-packages/airflow/example_dags/example_trigger_controller_dag.py for tasks to queue
[2024-07-26T13:12:26.890+0000] {logging_mixin.py:120} INFO - [2024-07-26T13:12:26.889+0000] {dagbag.py:537} INFO - Filling up the DagBag from /home/airflow/.local/lib/python3.7/site-packages/airflow/example_dags/example_trigger_controller_dag.py
[2024-07-26T13:12:26.918+0000] {processor.py:766} INFO - DAG(s) dict_keys(['example_trigger_controller_dag']) retrieved from /home/airflow/.local/lib/python3.7/site-packages/airflow/example_dags/example_trigger_controller_dag.py
[2024-07-26T13:12:26.967+0000] {logging_mixin.py:120} INFO - [2024-07-26T13:12:26.967+0000] {dag.py:2585} INFO - Sync 1 DAGs
[2024-07-26T13:12:26.993+0000] {logging_mixin.py:120} INFO - [2024-07-26T13:12:26.993+0000] {dag.py:3340} INFO - Setting next_dagrun for example_trigger_controller_dag to 2021-01-01T00:00:00+00:00, run_after=2021-01-01T00:00:00+00:00
[2024-07-26T13:12:27.021+0000] {processor.py:176} INFO - Processing /home/airflow/.local/lib/python3.7/site-packages/airflow/example_dags/example_trigger_controller_dag.py took 0.167 seconds
[2024-07-26T13:43:20.813+0000] {processor.py:154} INFO - Started process (PID=7557) to work on /home/airflow/.local/lib/python3.7/site-packages/airflow/example_dags/example_trigger_controller_dag.py
[2024-07-26T13:43:20.818+0000] {processor.py:756} INFO - Processing file /home/airflow/.local/lib/python3.7/site-packages/airflow/example_dags/example_trigger_controller_dag.py for tasks to queue
[2024-07-26T13:43:20.822+0000] {logging_mixin.py:120} INFO - [2024-07-26T13:43:20.822+0000] {dagbag.py:537} INFO - Filling up the DagBag from /home/airflow/.local/lib/python3.7/site-packages/airflow/example_dags/example_trigger_controller_dag.py
[2024-07-26T13:43:20.842+0000] {processor.py:766} INFO - DAG(s) dict_keys(['example_trigger_controller_dag']) retrieved from /home/airflow/.local/lib/python3.7/site-packages/airflow/example_dags/example_trigger_controller_dag.py
[2024-07-26T13:43:20.919+0000] {logging_mixin.py:120} INFO - [2024-07-26T13:43:20.919+0000] {dag.py:2585} INFO - Sync 1 DAGs
[2024-07-26T13:43:20.988+0000] {logging_mixin.py:120} INFO - [2024-07-26T13:43:20.988+0000] {dag.py:3340} INFO - Setting next_dagrun for example_trigger_controller_dag to 2021-01-01T00:00:00+00:00, run_after=2021-01-01T00:00:00+00:00
[2024-07-26T13:43:21.014+0000] {processor.py:176} INFO - Processing /home/airflow/.local/lib/python3.7/site-packages/airflow/example_dags/example_trigger_controller_dag.py took 0.204 seconds
[2024-07-26T13:46:52.688+0000] {processor.py:154} INFO - Started process (PID=7621) to work on /home/airflow/.local/lib/python3.7/site-packages/airflow/example_dags/example_trigger_controller_dag.py
[2024-07-26T13:46:52.696+0000] {processor.py:756} INFO - Processing file /home/airflow/.local/lib/python3.7/site-packages/airflow/example_dags/example_trigger_controller_dag.py for tasks to queue
[2024-07-26T13:46:52.707+0000] {logging_mixin.py:120} INFO - [2024-07-26T13:46:52.706+0000] {dagbag.py:537} INFO - Filling up the DagBag from /home/airflow/.local/lib/python3.7/site-packages/airflow/example_dags/example_trigger_controller_dag.py
[2024-07-26T13:46:52.742+0000] {processor.py:766} INFO - DAG(s) dict_keys(['example_trigger_controller_dag']) retrieved from /home/airflow/.local/lib/python3.7/site-packages/airflow/example_dags/example_trigger_controller_dag.py
[2024-07-26T13:46:52.816+0000] {logging_mixin.py:120} INFO - [2024-07-26T13:46:52.816+0000] {dag.py:2585} INFO - Sync 1 DAGs
[2024-07-26T13:46:52.858+0000] {logging_mixin.py:120} INFO - [2024-07-26T13:46:52.858+0000] {dag.py:3340} INFO - Setting next_dagrun for example_trigger_controller_dag to 2021-01-01T00:00:00+00:00, run_after=2021-01-01T00:00:00+00:00
[2024-07-26T13:46:52.938+0000] {processor.py:176} INFO - Processing /home/airflow/.local/lib/python3.7/site-packages/airflow/example_dags/example_trigger_controller_dag.py took 0.254 seconds
[2024-07-26T13:52:21.617+0000] {processor.py:154} INFO - Started process (PID=7676) to work on /home/airflow/.local/lib/python3.7/site-packages/airflow/example_dags/example_trigger_controller_dag.py
[2024-07-26T13:52:21.621+0000] {processor.py:756} INFO - Processing file /home/airflow/.local/lib/python3.7/site-packages/airflow/example_dags/example_trigger_controller_dag.py for tasks to queue
[2024-07-26T13:52:21.623+0000] {logging_mixin.py:120} INFO - [2024-07-26T13:52:21.623+0000] {dagbag.py:537} INFO - Filling up the DagBag from /home/airflow/.local/lib/python3.7/site-packages/airflow/example_dags/example_trigger_controller_dag.py
[2024-07-26T13:52:21.630+0000] {processor.py:766} INFO - DAG(s) dict_keys(['example_trigger_controller_dag']) retrieved from /home/airflow/.local/lib/python3.7/site-packages/airflow/example_dags/example_trigger_controller_dag.py
[2024-07-26T13:52:21.664+0000] {logging_mixin.py:120} INFO - [2024-07-26T13:52:21.664+0000] {dag.py:2585} INFO - Sync 1 DAGs
[2024-07-26T13:52:21.712+0000] {logging_mixin.py:120} INFO - [2024-07-26T13:52:21.711+0000] {dag.py:3340} INFO - Setting next_dagrun for example_trigger_controller_dag to 2021-01-01T00:00:00+00:00, run_after=2021-01-01T00:00:00+00:00
[2024-07-26T13:52:21.743+0000] {processor.py:176} INFO - Processing /home/airflow/.local/lib/python3.7/site-packages/airflow/example_dags/example_trigger_controller_dag.py took 0.128 seconds
[2024-07-26T13:54:20.640+0000] {processor.py:154} INFO - Started process (PID=7740) to work on /home/airflow/.local/lib/python3.7/site-packages/airflow/example_dags/example_trigger_controller_dag.py
[2024-07-26T13:54:20.643+0000] {processor.py:756} INFO - Processing file /home/airflow/.local/lib/python3.7/site-packages/airflow/example_dags/example_trigger_controller_dag.py for tasks to queue
[2024-07-26T13:54:20.645+0000] {logging_mixin.py:120} INFO - [2024-07-26T13:54:20.645+0000] {dagbag.py:537} INFO - Filling up the DagBag from /home/airflow/.local/lib/python3.7/site-packages/airflow/example_dags/example_trigger_controller_dag.py
[2024-07-26T13:54:20.653+0000] {processor.py:766} INFO - DAG(s) dict_keys(['example_trigger_controller_dag']) retrieved from /home/airflow/.local/lib/python3.7/site-packages/airflow/example_dags/example_trigger_controller_dag.py
[2024-07-26T13:54:20.681+0000] {logging_mixin.py:120} INFO - [2024-07-26T13:54:20.681+0000] {dag.py:2585} INFO - Sync 1 DAGs
[2024-07-26T13:54:20.695+0000] {logging_mixin.py:120} INFO - [2024-07-26T13:54:20.695+0000] {dag.py:3340} INFO - Setting next_dagrun for example_trigger_controller_dag to 2021-01-01T00:00:00+00:00, run_after=2021-01-01T00:00:00+00:00
[2024-07-26T13:54:20.713+0000] {processor.py:176} INFO - Processing /home/airflow/.local/lib/python3.7/site-packages/airflow/example_dags/example_trigger_controller_dag.py took 0.076 seconds
[2024-07-26T13:55:28.715+0000] {processor.py:154} INFO - Started process (PID=7804) to work on /home/airflow/.local/lib/python3.7/site-packages/airflow/example_dags/example_trigger_controller_dag.py
[2024-07-26T13:55:28.715+0000] {processor.py:756} INFO - Processing file /home/airflow/.local/lib/python3.7/site-packages/airflow/example_dags/example_trigger_controller_dag.py for tasks to queue
[2024-07-26T13:55:28.716+0000] {logging_mixin.py:120} INFO - [2024-07-26T13:55:28.716+0000] {dagbag.py:537} INFO - Filling up the DagBag from /home/airflow/.local/lib/python3.7/site-packages/airflow/example_dags/example_trigger_controller_dag.py
[2024-07-26T13:55:28.725+0000] {processor.py:766} INFO - DAG(s) dict_keys(['example_trigger_controller_dag']) retrieved from /home/airflow/.local/lib/python3.7/site-packages/airflow/example_dags/example_trigger_controller_dag.py
[2024-07-26T13:55:28.753+0000] {logging_mixin.py:120} INFO - [2024-07-26T13:55:28.753+0000] {dag.py:2585} INFO - Sync 1 DAGs
[2024-07-26T13:55:28.768+0000] {logging_mixin.py:120} INFO - [2024-07-26T13:55:28.768+0000] {dag.py:3340} INFO - Setting next_dagrun for example_trigger_controller_dag to 2021-01-01T00:00:00+00:00, run_after=2021-01-01T00:00:00+00:00
[2024-07-26T13:55:28.783+0000] {processor.py:176} INFO - Processing /home/airflow/.local/lib/python3.7/site-packages/airflow/example_dags/example_trigger_controller_dag.py took 0.070 seconds
[2024-07-26T14:05:30.111+0000] {processor.py:154} INFO - Started process (PID=7868) to work on /home/airflow/.local/lib/python3.7/site-packages/airflow/example_dags/example_trigger_controller_dag.py
[2024-07-26T14:05:30.114+0000] {processor.py:756} INFO - Processing file /home/airflow/.local/lib/python3.7/site-packages/airflow/example_dags/example_trigger_controller_dag.py for tasks to queue
[2024-07-26T14:05:30.118+0000] {logging_mixin.py:120} INFO - [2024-07-26T14:05:30.118+0000] {dagbag.py:537} INFO - Filling up the DagBag from /home/airflow/.local/lib/python3.7/site-packages/airflow/example_dags/example_trigger_controller_dag.py
[2024-07-26T14:05:30.124+0000] {processor.py:766} INFO - DAG(s) dict_keys(['example_trigger_controller_dag']) retrieved from /home/airflow/.local/lib/python3.7/site-packages/airflow/example_dags/example_trigger_controller_dag.py
[2024-07-26T14:05:30.148+0000] {logging_mixin.py:120} INFO - [2024-07-26T14:05:30.148+0000] {dag.py:2585} INFO - Sync 1 DAGs
[2024-07-26T14:05:30.163+0000] {logging_mixin.py:120} INFO - [2024-07-26T14:05:30.162+0000] {dag.py:3340} INFO - Setting next_dagrun for example_trigger_controller_dag to 2021-01-01T00:00:00+00:00, run_after=2021-01-01T00:00:00+00:00
[2024-07-26T14:05:30.178+0000] {processor.py:176} INFO - Processing /home/airflow/.local/lib/python3.7/site-packages/airflow/example_dags/example_trigger_controller_dag.py took 0.070 seconds
[2024-07-26T14:06:19.558+0000] {processor.py:154} INFO - Started process (PID=7922) to work on /home/airflow/.local/lib/python3.7/site-packages/airflow/example_dags/example_trigger_controller_dag.py
[2024-07-26T14:06:19.560+0000] {processor.py:756} INFO - Processing file /home/airflow/.local/lib/python3.7/site-packages/airflow/example_dags/example_trigger_controller_dag.py for tasks to queue
[2024-07-26T14:06:19.562+0000] {logging_mixin.py:120} INFO - [2024-07-26T14:06:19.562+0000] {dagbag.py:537} INFO - Filling up the DagBag from /home/airflow/.local/lib/python3.7/site-packages/airflow/example_dags/example_trigger_controller_dag.py
[2024-07-26T14:06:19.569+0000] {processor.py:766} INFO - DAG(s) dict_keys(['example_trigger_controller_dag']) retrieved from /home/airflow/.local/lib/python3.7/site-packages/airflow/example_dags/example_trigger_controller_dag.py
[2024-07-26T14:06:19.601+0000] {logging_mixin.py:120} INFO - [2024-07-26T14:06:19.601+0000] {dag.py:2585} INFO - Sync 1 DAGs
[2024-07-26T14:06:19.617+0000] {logging_mixin.py:120} INFO - [2024-07-26T14:06:19.617+0000] {dag.py:3340} INFO - Setting next_dagrun for example_trigger_controller_dag to 2021-01-01T00:00:00+00:00, run_after=2021-01-01T00:00:00+00:00
[2024-07-26T14:06:19.626+0000] {processor.py:176} INFO - Processing /home/airflow/.local/lib/python3.7/site-packages/airflow/example_dags/example_trigger_controller_dag.py took 0.070 seconds
