[2024-07-26T00:02:53.438+0000] {processor.py:154} INFO - Started process (PID=4775) to work on /home/airflow/.local/lib/python3.7/site-packages/airflow/example_dags/example_branch_operator_decorator.py
[2024-07-26T00:02:53.439+0000] {processor.py:756} INFO - Processing file /home/airflow/.local/lib/python3.7/site-packages/airflow/example_dags/example_branch_operator_decorator.py for tasks to queue
[2024-07-26T00:02:53.440+0000] {logging_mixin.py:120} INFO - [2024-07-26T00:02:53.440+0000] {dagbag.py:537} INFO - Filling up the DagBag from /home/airflow/.local/lib/python3.7/site-packages/airflow/example_dags/example_branch_operator_decorator.py
[2024-07-26T00:02:53.476+0000] {processor.py:766} INFO - DAG(s) dict_keys(['example_branch_python_operator_decorator']) retrieved from /home/airflow/.local/lib/python3.7/site-packages/airflow/example_dags/example_branch_operator_decorator.py
[2024-07-26T00:02:53.544+0000] {logging_mixin.py:120} INFO - [2024-07-26T00:02:53.544+0000] {dag.py:2585} INFO - Sync 1 DAGs
[2024-07-26T00:02:53.573+0000] {logging_mixin.py:120} INFO - [2024-07-26T00:02:53.573+0000] {dag.py:3340} INFO - Setting next_dagrun for example_branch_python_operator_decorator to 2024-07-25T00:00:00+00:00, run_after=2024-07-26T00:00:00+00:00
[2024-07-26T00:02:53.584+0000] {processor.py:176} INFO - Processing /home/airflow/.local/lib/python3.7/site-packages/airflow/example_dags/example_branch_operator_decorator.py took 0.149 seconds
[2024-07-26T00:16:06.139+0000] {processor.py:154} INFO - Started process (PID=4832) to work on /home/airflow/.local/lib/python3.7/site-packages/airflow/example_dags/example_branch_operator_decorator.py
[2024-07-26T00:16:06.139+0000] {processor.py:756} INFO - Processing file /home/airflow/.local/lib/python3.7/site-packages/airflow/example_dags/example_branch_operator_decorator.py for tasks to queue
[2024-07-26T00:16:06.140+0000] {logging_mixin.py:120} INFO - [2024-07-26T00:16:06.140+0000] {dagbag.py:537} INFO - Filling up the DagBag from /home/airflow/.local/lib/python3.7/site-packages/airflow/example_dags/example_branch_operator_decorator.py
[2024-07-26T00:16:06.152+0000] {processor.py:766} INFO - DAG(s) dict_keys(['example_branch_python_operator_decorator']) retrieved from /home/airflow/.local/lib/python3.7/site-packages/airflow/example_dags/example_branch_operator_decorator.py
[2024-07-26T00:16:06.178+0000] {logging_mixin.py:120} INFO - [2024-07-26T00:16:06.177+0000] {dag.py:2585} INFO - Sync 1 DAGs
[2024-07-26T00:16:06.195+0000] {logging_mixin.py:120} INFO - [2024-07-26T00:16:06.194+0000] {dag.py:3340} INFO - Setting next_dagrun for example_branch_python_operator_decorator to 2024-07-25T00:00:00+00:00, run_after=2024-07-26T00:00:00+00:00
[2024-07-26T00:16:06.209+0000] {processor.py:176} INFO - Processing /home/airflow/.local/lib/python3.7/site-packages/airflow/example_dags/example_branch_operator_decorator.py took 0.072 seconds
[2024-07-26T00:40:51.757+0000] {processor.py:154} INFO - Started process (PID=4896) to work on /home/airflow/.local/lib/python3.7/site-packages/airflow/example_dags/example_branch_operator_decorator.py
[2024-07-26T00:40:51.758+0000] {processor.py:756} INFO - Processing file /home/airflow/.local/lib/python3.7/site-packages/airflow/example_dags/example_branch_operator_decorator.py for tasks to queue
[2024-07-26T00:40:51.759+0000] {logging_mixin.py:120} INFO - [2024-07-26T00:40:51.758+0000] {dagbag.py:537} INFO - Filling up the DagBag from /home/airflow/.local/lib/python3.7/site-packages/airflow/example_dags/example_branch_operator_decorator.py
[2024-07-26T00:40:51.776+0000] {processor.py:766} INFO - DAG(s) dict_keys(['example_branch_python_operator_decorator']) retrieved from /home/airflow/.local/lib/python3.7/site-packages/airflow/example_dags/example_branch_operator_decorator.py
[2024-07-26T00:40:51.815+0000] {logging_mixin.py:120} INFO - [2024-07-26T00:40:51.815+0000] {dag.py:2585} INFO - Sync 1 DAGs
[2024-07-26T00:40:51.833+0000] {logging_mixin.py:120} INFO - [2024-07-26T00:40:51.833+0000] {dag.py:3340} INFO - Setting next_dagrun for example_branch_python_operator_decorator to 2024-07-25T00:00:00+00:00, run_after=2024-07-26T00:00:00+00:00
[2024-07-26T00:40:51.853+0000] {processor.py:176} INFO - Processing /home/airflow/.local/lib/python3.7/site-packages/airflow/example_dags/example_branch_operator_decorator.py took 0.098 seconds
[2024-07-26T01:30:32.310+0000] {processor.py:154} INFO - Started process (PID=4960) to work on /home/airflow/.local/lib/python3.7/site-packages/airflow/example_dags/example_branch_operator_decorator.py
[2024-07-26T01:30:32.311+0000] {processor.py:756} INFO - Processing file /home/airflow/.local/lib/python3.7/site-packages/airflow/example_dags/example_branch_operator_decorator.py for tasks to queue
[2024-07-26T01:30:32.312+0000] {logging_mixin.py:120} INFO - [2024-07-26T01:30:32.312+0000] {dagbag.py:537} INFO - Filling up the DagBag from /home/airflow/.local/lib/python3.7/site-packages/airflow/example_dags/example_branch_operator_decorator.py
[2024-07-26T01:30:32.324+0000] {processor.py:766} INFO - DAG(s) dict_keys(['example_branch_python_operator_decorator']) retrieved from /home/airflow/.local/lib/python3.7/site-packages/airflow/example_dags/example_branch_operator_decorator.py
[2024-07-26T01:30:32.346+0000] {logging_mixin.py:120} INFO - [2024-07-26T01:30:32.346+0000] {dag.py:2585} INFO - Sync 1 DAGs
[2024-07-26T01:30:32.361+0000] {logging_mixin.py:120} INFO - [2024-07-26T01:30:32.361+0000] {dag.py:3340} INFO - Setting next_dagrun for example_branch_python_operator_decorator to 2024-07-25T00:00:00+00:00, run_after=2024-07-26T00:00:00+00:00
[2024-07-26T01:30:32.381+0000] {processor.py:176} INFO - Processing /home/airflow/.local/lib/python3.7/site-packages/airflow/example_dags/example_branch_operator_decorator.py took 0.073 seconds
[2024-07-26T02:00:28.945+0000] {processor.py:154} INFO - Started process (PID=5024) to work on /home/airflow/.local/lib/python3.7/site-packages/airflow/example_dags/example_branch_operator_decorator.py
[2024-07-26T02:00:29.062+0000] {processor.py:756} INFO - Processing file /home/airflow/.local/lib/python3.7/site-packages/airflow/example_dags/example_branch_operator_decorator.py for tasks to queue
[2024-07-26T02:00:29.065+0000] {logging_mixin.py:120} INFO - [2024-07-26T02:00:29.065+0000] {dagbag.py:537} INFO - Filling up the DagBag from /home/airflow/.local/lib/python3.7/site-packages/airflow/example_dags/example_branch_operator_decorator.py
[2024-07-26T02:00:29.143+0000] {processor.py:766} INFO - DAG(s) dict_keys(['example_branch_python_operator_decorator']) retrieved from /home/airflow/.local/lib/python3.7/site-packages/airflow/example_dags/example_branch_operator_decorator.py
[2024-07-26T02:00:29.234+0000] {logging_mixin.py:120} INFO - [2024-07-26T02:00:29.233+0000] {dag.py:2585} INFO - Sync 1 DAGs
[2024-07-26T02:00:29.264+0000] {logging_mixin.py:120} INFO - [2024-07-26T02:00:29.264+0000] {dag.py:3340} INFO - Setting next_dagrun for example_branch_python_operator_decorator to 2024-07-25T00:00:00+00:00, run_after=2024-07-26T00:00:00+00:00
[2024-07-26T02:00:29.281+0000] {processor.py:176} INFO - Processing /home/airflow/.local/lib/python3.7/site-packages/airflow/example_dags/example_branch_operator_decorator.py took 0.680 seconds
[2024-07-26T02:13:00.131+0000] {processor.py:154} INFO - Started process (PID=5079) to work on /home/airflow/.local/lib/python3.7/site-packages/airflow/example_dags/example_branch_operator_decorator.py
[2024-07-26T02:13:00.132+0000] {processor.py:756} INFO - Processing file /home/airflow/.local/lib/python3.7/site-packages/airflow/example_dags/example_branch_operator_decorator.py for tasks to queue
[2024-07-26T02:13:00.132+0000] {logging_mixin.py:120} INFO - [2024-07-26T02:13:00.132+0000] {dagbag.py:537} INFO - Filling up the DagBag from /home/airflow/.local/lib/python3.7/site-packages/airflow/example_dags/example_branch_operator_decorator.py
[2024-07-26T02:13:00.146+0000] {processor.py:766} INFO - DAG(s) dict_keys(['example_branch_python_operator_decorator']) retrieved from /home/airflow/.local/lib/python3.7/site-packages/airflow/example_dags/example_branch_operator_decorator.py
[2024-07-26T02:13:00.218+0000] {logging_mixin.py:120} INFO - [2024-07-26T02:13:00.217+0000] {dag.py:2585} INFO - Sync 1 DAGs
[2024-07-26T02:13:00.264+0000] {logging_mixin.py:120} INFO - [2024-07-26T02:13:00.264+0000] {dag.py:3340} INFO - Setting next_dagrun for example_branch_python_operator_decorator to 2024-07-25T00:00:00+00:00, run_after=2024-07-26T00:00:00+00:00
[2024-07-26T02:13:00.331+0000] {processor.py:176} INFO - Processing /home/airflow/.local/lib/python3.7/site-packages/airflow/example_dags/example_branch_operator_decorator.py took 0.201 seconds
[2024-07-26T02:39:11.314+0000] {processor.py:154} INFO - Started process (PID=5142) to work on /home/airflow/.local/lib/python3.7/site-packages/airflow/example_dags/example_branch_operator_decorator.py
[2024-07-26T02:39:11.318+0000] {processor.py:756} INFO - Processing file /home/airflow/.local/lib/python3.7/site-packages/airflow/example_dags/example_branch_operator_decorator.py for tasks to queue
[2024-07-26T02:39:11.318+0000] {logging_mixin.py:120} INFO - [2024-07-26T02:39:11.318+0000] {dagbag.py:537} INFO - Filling up the DagBag from /home/airflow/.local/lib/python3.7/site-packages/airflow/example_dags/example_branch_operator_decorator.py
[2024-07-26T02:39:11.347+0000] {processor.py:766} INFO - DAG(s) dict_keys(['example_branch_python_operator_decorator']) retrieved from /home/airflow/.local/lib/python3.7/site-packages/airflow/example_dags/example_branch_operator_decorator.py
[2024-07-26T02:39:11.404+0000] {logging_mixin.py:120} INFO - [2024-07-26T02:39:11.404+0000] {dag.py:2585} INFO - Sync 1 DAGs
[2024-07-26T02:39:11.430+0000] {logging_mixin.py:120} INFO - [2024-07-26T02:39:11.430+0000] {dag.py:3340} INFO - Setting next_dagrun for example_branch_python_operator_decorator to 2024-07-25T00:00:00+00:00, run_after=2024-07-26T00:00:00+00:00
[2024-07-26T02:39:11.451+0000] {processor.py:176} INFO - Processing /home/airflow/.local/lib/python3.7/site-packages/airflow/example_dags/example_branch_operator_decorator.py took 0.142 seconds
[2024-07-26T02:58:10.995+0000] {processor.py:154} INFO - Started process (PID=5206) to work on /home/airflow/.local/lib/python3.7/site-packages/airflow/example_dags/example_branch_operator_decorator.py
[2024-07-26T02:58:10.995+0000] {processor.py:756} INFO - Processing file /home/airflow/.local/lib/python3.7/site-packages/airflow/example_dags/example_branch_operator_decorator.py for tasks to queue
[2024-07-26T02:58:10.996+0000] {logging_mixin.py:120} INFO - [2024-07-26T02:58:10.996+0000] {dagbag.py:537} INFO - Filling up the DagBag from /home/airflow/.local/lib/python3.7/site-packages/airflow/example_dags/example_branch_operator_decorator.py
[2024-07-26T02:58:11.008+0000] {processor.py:766} INFO - DAG(s) dict_keys(['example_branch_python_operator_decorator']) retrieved from /home/airflow/.local/lib/python3.7/site-packages/airflow/example_dags/example_branch_operator_decorator.py
[2024-07-26T02:58:11.032+0000] {logging_mixin.py:120} INFO - [2024-07-26T02:58:11.032+0000] {dag.py:2585} INFO - Sync 1 DAGs
[2024-07-26T02:58:11.049+0000] {logging_mixin.py:120} INFO - [2024-07-26T02:58:11.049+0000] {dag.py:3340} INFO - Setting next_dagrun for example_branch_python_operator_decorator to 2024-07-25T00:00:00+00:00, run_after=2024-07-26T00:00:00+00:00
[2024-07-26T02:58:11.062+0000] {processor.py:176} INFO - Processing /home/airflow/.local/lib/python3.7/site-packages/airflow/example_dags/example_branch_operator_decorator.py took 0.069 seconds
[2024-07-26T03:01:33.673+0000] {processor.py:154} INFO - Started process (PID=5270) to work on /home/airflow/.local/lib/python3.7/site-packages/airflow/example_dags/example_branch_operator_decorator.py
[2024-07-26T03:01:33.675+0000] {processor.py:756} INFO - Processing file /home/airflow/.local/lib/python3.7/site-packages/airflow/example_dags/example_branch_operator_decorator.py for tasks to queue
[2024-07-26T03:01:33.677+0000] {logging_mixin.py:120} INFO - [2024-07-26T03:01:33.676+0000] {dagbag.py:537} INFO - Filling up the DagBag from /home/airflow/.local/lib/python3.7/site-packages/airflow/example_dags/example_branch_operator_decorator.py
[2024-07-26T03:01:33.697+0000] {processor.py:766} INFO - DAG(s) dict_keys(['example_branch_python_operator_decorator']) retrieved from /home/airflow/.local/lib/python3.7/site-packages/airflow/example_dags/example_branch_operator_decorator.py
[2024-07-26T03:01:33.745+0000] {logging_mixin.py:120} INFO - [2024-07-26T03:01:33.745+0000] {dag.py:2585} INFO - Sync 1 DAGs
[2024-07-26T03:01:33.768+0000] {logging_mixin.py:120} INFO - [2024-07-26T03:01:33.768+0000] {dag.py:3340} INFO - Setting next_dagrun for example_branch_python_operator_decorator to 2024-07-25T00:00:00+00:00, run_after=2024-07-26T00:00:00+00:00
[2024-07-26T03:01:33.781+0000] {processor.py:176} INFO - Processing /home/airflow/.local/lib/python3.7/site-packages/airflow/example_dags/example_branch_operator_decorator.py took 0.110 seconds
[2024-07-26T03:15:39.826+0000] {processor.py:154} INFO - Started process (PID=5334) to work on /home/airflow/.local/lib/python3.7/site-packages/airflow/example_dags/example_branch_operator_decorator.py
[2024-07-26T03:15:39.828+0000] {processor.py:756} INFO - Processing file /home/airflow/.local/lib/python3.7/site-packages/airflow/example_dags/example_branch_operator_decorator.py for tasks to queue
[2024-07-26T03:15:39.829+0000] {logging_mixin.py:120} INFO - [2024-07-26T03:15:39.828+0000] {dagbag.py:537} INFO - Filling up the DagBag from /home/airflow/.local/lib/python3.7/site-packages/airflow/example_dags/example_branch_operator_decorator.py
[2024-07-26T03:15:39.850+0000] {processor.py:766} INFO - DAG(s) dict_keys(['example_branch_python_operator_decorator']) retrieved from /home/airflow/.local/lib/python3.7/site-packages/airflow/example_dags/example_branch_operator_decorator.py
[2024-07-26T03:15:39.898+0000] {logging_mixin.py:120} INFO - [2024-07-26T03:15:39.898+0000] {dag.py:2585} INFO - Sync 1 DAGs
[2024-07-26T03:15:39.926+0000] {logging_mixin.py:120} INFO - [2024-07-26T03:15:39.926+0000] {dag.py:3340} INFO - Setting next_dagrun for example_branch_python_operator_decorator to 2024-07-25T00:00:00+00:00, run_after=2024-07-26T00:00:00+00:00
[2024-07-26T03:15:39.952+0000] {processor.py:176} INFO - Processing /home/airflow/.local/lib/python3.7/site-packages/airflow/example_dags/example_branch_operator_decorator.py took 0.129 seconds
[2024-07-26T03:32:15.268+0000] {processor.py:154} INFO - Started process (PID=5389) to work on /home/airflow/.local/lib/python3.7/site-packages/airflow/example_dags/example_branch_operator_decorator.py
[2024-07-26T03:32:15.271+0000] {processor.py:756} INFO - Processing file /home/airflow/.local/lib/python3.7/site-packages/airflow/example_dags/example_branch_operator_decorator.py for tasks to queue
[2024-07-26T03:32:15.273+0000] {logging_mixin.py:120} INFO - [2024-07-26T03:32:15.273+0000] {dagbag.py:537} INFO - Filling up the DagBag from /home/airflow/.local/lib/python3.7/site-packages/airflow/example_dags/example_branch_operator_decorator.py
[2024-07-26T03:32:15.297+0000] {processor.py:766} INFO - DAG(s) dict_keys(['example_branch_python_operator_decorator']) retrieved from /home/airflow/.local/lib/python3.7/site-packages/airflow/example_dags/example_branch_operator_decorator.py
[2024-07-26T03:32:15.342+0000] {logging_mixin.py:120} INFO - [2024-07-26T03:32:15.342+0000] {dag.py:2585} INFO - Sync 1 DAGs
[2024-07-26T03:32:15.362+0000] {logging_mixin.py:120} INFO - [2024-07-26T03:32:15.362+0000] {dag.py:3340} INFO - Setting next_dagrun for example_branch_python_operator_decorator to 2024-07-25T00:00:00+00:00, run_after=2024-07-26T00:00:00+00:00
[2024-07-26T03:32:15.373+0000] {processor.py:176} INFO - Processing /home/airflow/.local/lib/python3.7/site-packages/airflow/example_dags/example_branch_operator_decorator.py took 0.109 seconds
[2024-07-26T03:56:57.449+0000] {processor.py:154} INFO - Started process (PID=5453) to work on /home/airflow/.local/lib/python3.7/site-packages/airflow/example_dags/example_branch_operator_decorator.py
[2024-07-26T03:56:57.451+0000] {processor.py:756} INFO - Processing file /home/airflow/.local/lib/python3.7/site-packages/airflow/example_dags/example_branch_operator_decorator.py for tasks to queue
[2024-07-26T03:56:57.452+0000] {logging_mixin.py:120} INFO - [2024-07-26T03:56:57.451+0000] {dagbag.py:537} INFO - Filling up the DagBag from /home/airflow/.local/lib/python3.7/site-packages/airflow/example_dags/example_branch_operator_decorator.py
[2024-07-26T03:56:57.476+0000] {processor.py:766} INFO - DAG(s) dict_keys(['example_branch_python_operator_decorator']) retrieved from /home/airflow/.local/lib/python3.7/site-packages/airflow/example_dags/example_branch_operator_decorator.py
[2024-07-26T03:56:57.548+0000] {logging_mixin.py:120} INFO - [2024-07-26T03:56:57.548+0000] {dag.py:2585} INFO - Sync 1 DAGs
[2024-07-26T03:56:57.844+0000] {logging_mixin.py:120} INFO - [2024-07-26T03:56:57.843+0000] {dag.py:3340} INFO - Setting next_dagrun for example_branch_python_operator_decorator to 2024-07-25T00:00:00+00:00, run_after=2024-07-26T00:00:00+00:00
[2024-07-26T03:56:57.996+0000] {processor.py:176} INFO - Processing /home/airflow/.local/lib/python3.7/site-packages/airflow/example_dags/example_branch_operator_decorator.py took 0.550 seconds
[2024-07-26T04:02:03.758+0000] {processor.py:154} INFO - Started process (PID=5517) to work on /home/airflow/.local/lib/python3.7/site-packages/airflow/example_dags/example_branch_operator_decorator.py
[2024-07-26T04:02:03.759+0000] {processor.py:756} INFO - Processing file /home/airflow/.local/lib/python3.7/site-packages/airflow/example_dags/example_branch_operator_decorator.py for tasks to queue
[2024-07-26T04:02:03.760+0000] {logging_mixin.py:120} INFO - [2024-07-26T04:02:03.760+0000] {dagbag.py:537} INFO - Filling up the DagBag from /home/airflow/.local/lib/python3.7/site-packages/airflow/example_dags/example_branch_operator_decorator.py
[2024-07-26T04:02:03.775+0000] {processor.py:766} INFO - DAG(s) dict_keys(['example_branch_python_operator_decorator']) retrieved from /home/airflow/.local/lib/python3.7/site-packages/airflow/example_dags/example_branch_operator_decorator.py
[2024-07-26T04:02:03.830+0000] {logging_mixin.py:120} INFO - [2024-07-26T04:02:03.830+0000] {dag.py:2585} INFO - Sync 1 DAGs
[2024-07-26T04:02:03.852+0000] {logging_mixin.py:120} INFO - [2024-07-26T04:02:03.852+0000] {dag.py:3340} INFO - Setting next_dagrun for example_branch_python_operator_decorator to 2024-07-25T00:00:00+00:00, run_after=2024-07-26T00:00:00+00:00
[2024-07-26T04:02:03.872+0000] {processor.py:176} INFO - Processing /home/airflow/.local/lib/python3.7/site-packages/airflow/example_dags/example_branch_operator_decorator.py took 0.117 seconds
[2024-07-26T04:04:16.379+0000] {processor.py:154} INFO - Started process (PID=5581) to work on /home/airflow/.local/lib/python3.7/site-packages/airflow/example_dags/example_branch_operator_decorator.py
[2024-07-26T04:04:16.380+0000] {processor.py:756} INFO - Processing file /home/airflow/.local/lib/python3.7/site-packages/airflow/example_dags/example_branch_operator_decorator.py for tasks to queue
[2024-07-26T04:04:16.381+0000] {logging_mixin.py:120} INFO - [2024-07-26T04:04:16.380+0000] {dagbag.py:537} INFO - Filling up the DagBag from /home/airflow/.local/lib/python3.7/site-packages/airflow/example_dags/example_branch_operator_decorator.py
[2024-07-26T04:04:16.394+0000] {processor.py:766} INFO - DAG(s) dict_keys(['example_branch_python_operator_decorator']) retrieved from /home/airflow/.local/lib/python3.7/site-packages/airflow/example_dags/example_branch_operator_decorator.py
[2024-07-26T04:04:16.417+0000] {logging_mixin.py:120} INFO - [2024-07-26T04:04:16.417+0000] {dag.py:2585} INFO - Sync 1 DAGs
[2024-07-26T04:04:16.438+0000] {logging_mixin.py:120} INFO - [2024-07-26T04:04:16.437+0000] {dag.py:3340} INFO - Setting next_dagrun for example_branch_python_operator_decorator to 2024-07-25T00:00:00+00:00, run_after=2024-07-26T00:00:00+00:00
[2024-07-26T04:04:16.453+0000] {processor.py:176} INFO - Processing /home/airflow/.local/lib/python3.7/site-packages/airflow/example_dags/example_branch_operator_decorator.py took 0.076 seconds
[2024-07-26T04:06:03.682+0000] {processor.py:154} INFO - Started process (PID=5644) to work on /home/airflow/.local/lib/python3.7/site-packages/airflow/example_dags/example_branch_operator_decorator.py
[2024-07-26T04:06:03.683+0000] {processor.py:756} INFO - Processing file /home/airflow/.local/lib/python3.7/site-packages/airflow/example_dags/example_branch_operator_decorator.py for tasks to queue
[2024-07-26T04:06:03.684+0000] {logging_mixin.py:120} INFO - [2024-07-26T04:06:03.684+0000] {dagbag.py:537} INFO - Filling up the DagBag from /home/airflow/.local/lib/python3.7/site-packages/airflow/example_dags/example_branch_operator_decorator.py
[2024-07-26T04:06:03.700+0000] {processor.py:766} INFO - DAG(s) dict_keys(['example_branch_python_operator_decorator']) retrieved from /home/airflow/.local/lib/python3.7/site-packages/airflow/example_dags/example_branch_operator_decorator.py
[2024-07-26T04:06:03.731+0000] {logging_mixin.py:120} INFO - [2024-07-26T04:06:03.731+0000] {dag.py:2585} INFO - Sync 1 DAGs
[2024-07-26T04:06:03.751+0000] {logging_mixin.py:120} INFO - [2024-07-26T04:06:03.751+0000] {dag.py:3340} INFO - Setting next_dagrun for example_branch_python_operator_decorator to 2024-07-25T00:00:00+00:00, run_after=2024-07-26T00:00:00+00:00
[2024-07-26T04:06:03.772+0000] {processor.py:176} INFO - Processing /home/airflow/.local/lib/python3.7/site-packages/airflow/example_dags/example_branch_operator_decorator.py took 0.092 seconds
[2024-07-26T04:08:05.012+0000] {processor.py:154} INFO - Started process (PID=5699) to work on /home/airflow/.local/lib/python3.7/site-packages/airflow/example_dags/example_branch_operator_decorator.py
[2024-07-26T04:08:05.013+0000] {processor.py:756} INFO - Processing file /home/airflow/.local/lib/python3.7/site-packages/airflow/example_dags/example_branch_operator_decorator.py for tasks to queue
[2024-07-26T04:08:05.013+0000] {logging_mixin.py:120} INFO - [2024-07-26T04:08:05.013+0000] {dagbag.py:537} INFO - Filling up the DagBag from /home/airflow/.local/lib/python3.7/site-packages/airflow/example_dags/example_branch_operator_decorator.py
[2024-07-26T04:08:05.026+0000] {processor.py:766} INFO - DAG(s) dict_keys(['example_branch_python_operator_decorator']) retrieved from /home/airflow/.local/lib/python3.7/site-packages/airflow/example_dags/example_branch_operator_decorator.py
[2024-07-26T04:08:05.046+0000] {logging_mixin.py:120} INFO - [2024-07-26T04:08:05.046+0000] {dag.py:2585} INFO - Sync 1 DAGs
[2024-07-26T04:08:05.062+0000] {logging_mixin.py:120} INFO - [2024-07-26T04:08:05.062+0000] {dag.py:3340} INFO - Setting next_dagrun for example_branch_python_operator_decorator to 2024-07-25T00:00:00+00:00, run_after=2024-07-26T00:00:00+00:00
[2024-07-26T04:08:05.078+0000] {processor.py:176} INFO - Processing /home/airflow/.local/lib/python3.7/site-packages/airflow/example_dags/example_branch_operator_decorator.py took 0.067 seconds
[2024-07-26T04:09:01.063+0000] {processor.py:154} INFO - Started process (PID=5763) to work on /home/airflow/.local/lib/python3.7/site-packages/airflow/example_dags/example_branch_operator_decorator.py
[2024-07-26T04:09:01.063+0000] {processor.py:756} INFO - Processing file /home/airflow/.local/lib/python3.7/site-packages/airflow/example_dags/example_branch_operator_decorator.py for tasks to queue
[2024-07-26T04:09:01.064+0000] {logging_mixin.py:120} INFO - [2024-07-26T04:09:01.064+0000] {dagbag.py:537} INFO - Filling up the DagBag from /home/airflow/.local/lib/python3.7/site-packages/airflow/example_dags/example_branch_operator_decorator.py
[2024-07-26T04:09:01.076+0000] {processor.py:766} INFO - DAG(s) dict_keys(['example_branch_python_operator_decorator']) retrieved from /home/airflow/.local/lib/python3.7/site-packages/airflow/example_dags/example_branch_operator_decorator.py
[2024-07-26T04:09:01.108+0000] {logging_mixin.py:120} INFO - [2024-07-26T04:09:01.106+0000] {dag.py:2585} INFO - Sync 1 DAGs
[2024-07-26T04:09:01.126+0000] {logging_mixin.py:120} INFO - [2024-07-26T04:09:01.126+0000] {dag.py:3340} INFO - Setting next_dagrun for example_branch_python_operator_decorator to 2024-07-25T00:00:00+00:00, run_after=2024-07-26T00:00:00+00:00
[2024-07-26T04:09:01.145+0000] {processor.py:176} INFO - Processing /home/airflow/.local/lib/python3.7/site-packages/airflow/example_dags/example_branch_operator_decorator.py took 0.084 seconds
[2024-07-26T04:10:10.643+0000] {processor.py:154} INFO - Started process (PID=5828) to work on /home/airflow/.local/lib/python3.7/site-packages/airflow/example_dags/example_branch_operator_decorator.py
[2024-07-26T04:10:10.644+0000] {processor.py:756} INFO - Processing file /home/airflow/.local/lib/python3.7/site-packages/airflow/example_dags/example_branch_operator_decorator.py for tasks to queue
[2024-07-26T04:10:10.644+0000] {logging_mixin.py:120} INFO - [2024-07-26T04:10:10.644+0000] {dagbag.py:537} INFO - Filling up the DagBag from /home/airflow/.local/lib/python3.7/site-packages/airflow/example_dags/example_branch_operator_decorator.py
[2024-07-26T04:10:10.658+0000] {processor.py:766} INFO - DAG(s) dict_keys(['example_branch_python_operator_decorator']) retrieved from /home/airflow/.local/lib/python3.7/site-packages/airflow/example_dags/example_branch_operator_decorator.py
[2024-07-26T04:10:10.679+0000] {logging_mixin.py:120} INFO - [2024-07-26T04:10:10.679+0000] {dag.py:2585} INFO - Sync 1 DAGs
[2024-07-26T04:10:10.695+0000] {logging_mixin.py:120} INFO - [2024-07-26T04:10:10.695+0000] {dag.py:3340} INFO - Setting next_dagrun for example_branch_python_operator_decorator to 2024-07-25T00:00:00+00:00, run_after=2024-07-26T00:00:00+00:00
[2024-07-26T04:10:10.709+0000] {processor.py:176} INFO - Processing /home/airflow/.local/lib/python3.7/site-packages/airflow/example_dags/example_branch_operator_decorator.py took 0.068 seconds
[2024-07-26T04:11:36.977+0000] {processor.py:154} INFO - Started process (PID=5892) to work on /home/airflow/.local/lib/python3.7/site-packages/airflow/example_dags/example_branch_operator_decorator.py
[2024-07-26T04:11:36.977+0000] {processor.py:756} INFO - Processing file /home/airflow/.local/lib/python3.7/site-packages/airflow/example_dags/example_branch_operator_decorator.py for tasks to queue
[2024-07-26T04:11:36.981+0000] {logging_mixin.py:120} INFO - [2024-07-26T04:11:36.981+0000] {dagbag.py:537} INFO - Filling up the DagBag from /home/airflow/.local/lib/python3.7/site-packages/airflow/example_dags/example_branch_operator_decorator.py
[2024-07-26T04:11:36.994+0000] {processor.py:766} INFO - DAG(s) dict_keys(['example_branch_python_operator_decorator']) retrieved from /home/airflow/.local/lib/python3.7/site-packages/airflow/example_dags/example_branch_operator_decorator.py
[2024-07-26T04:11:37.026+0000] {logging_mixin.py:120} INFO - [2024-07-26T04:11:37.025+0000] {dag.py:2585} INFO - Sync 1 DAGs
[2024-07-26T04:11:37.039+0000] {logging_mixin.py:120} INFO - [2024-07-26T04:11:37.039+0000] {dag.py:3340} INFO - Setting next_dagrun for example_branch_python_operator_decorator to 2024-07-25T00:00:00+00:00, run_after=2024-07-26T00:00:00+00:00
[2024-07-26T04:11:37.055+0000] {processor.py:176} INFO - Processing /home/airflow/.local/lib/python3.7/site-packages/airflow/example_dags/example_branch_operator_decorator.py took 0.080 seconds
[2024-07-26T04:12:20.602+0000] {processor.py:154} INFO - Started process (PID=5947) to work on /home/airflow/.local/lib/python3.7/site-packages/airflow/example_dags/example_branch_operator_decorator.py
[2024-07-26T04:12:20.603+0000] {processor.py:756} INFO - Processing file /home/airflow/.local/lib/python3.7/site-packages/airflow/example_dags/example_branch_operator_decorator.py for tasks to queue
[2024-07-26T04:12:20.603+0000] {logging_mixin.py:120} INFO - [2024-07-26T04:12:20.603+0000] {dagbag.py:537} INFO - Filling up the DagBag from /home/airflow/.local/lib/python3.7/site-packages/airflow/example_dags/example_branch_operator_decorator.py
[2024-07-26T04:12:20.615+0000] {processor.py:766} INFO - DAG(s) dict_keys(['example_branch_python_operator_decorator']) retrieved from /home/airflow/.local/lib/python3.7/site-packages/airflow/example_dags/example_branch_operator_decorator.py
[2024-07-26T04:12:20.641+0000] {logging_mixin.py:120} INFO - [2024-07-26T04:12:20.641+0000] {dag.py:2585} INFO - Sync 1 DAGs
[2024-07-26T04:12:20.658+0000] {logging_mixin.py:120} INFO - [2024-07-26T04:12:20.658+0000] {dag.py:3340} INFO - Setting next_dagrun for example_branch_python_operator_decorator to 2024-07-25T00:00:00+00:00, run_after=2024-07-26T00:00:00+00:00
[2024-07-26T04:12:20.673+0000] {processor.py:176} INFO - Processing /home/airflow/.local/lib/python3.7/site-packages/airflow/example_dags/example_branch_operator_decorator.py took 0.073 seconds
[2024-07-26T04:13:13.793+0000] {processor.py:154} INFO - Started process (PID=6011) to work on /home/airflow/.local/lib/python3.7/site-packages/airflow/example_dags/example_branch_operator_decorator.py
[2024-07-26T04:13:13.794+0000] {processor.py:756} INFO - Processing file /home/airflow/.local/lib/python3.7/site-packages/airflow/example_dags/example_branch_operator_decorator.py for tasks to queue
[2024-07-26T04:13:13.794+0000] {logging_mixin.py:120} INFO - [2024-07-26T04:13:13.794+0000] {dagbag.py:537} INFO - Filling up the DagBag from /home/airflow/.local/lib/python3.7/site-packages/airflow/example_dags/example_branch_operator_decorator.py
[2024-07-26T04:13:13.807+0000] {processor.py:766} INFO - DAG(s) dict_keys(['example_branch_python_operator_decorator']) retrieved from /home/airflow/.local/lib/python3.7/site-packages/airflow/example_dags/example_branch_operator_decorator.py
[2024-07-26T04:13:13.830+0000] {logging_mixin.py:120} INFO - [2024-07-26T04:13:13.830+0000] {dag.py:2585} INFO - Sync 1 DAGs
[2024-07-26T04:13:13.848+0000] {logging_mixin.py:120} INFO - [2024-07-26T04:13:13.848+0000] {dag.py:3340} INFO - Setting next_dagrun for example_branch_python_operator_decorator to 2024-07-25T00:00:00+00:00, run_after=2024-07-26T00:00:00+00:00
[2024-07-26T04:13:13.864+0000] {processor.py:176} INFO - Processing /home/airflow/.local/lib/python3.7/site-packages/airflow/example_dags/example_branch_operator_decorator.py took 0.073 seconds
[2024-07-26T04:14:04.277+0000] {processor.py:154} INFO - Started process (PID=6074) to work on /home/airflow/.local/lib/python3.7/site-packages/airflow/example_dags/example_branch_operator_decorator.py
[2024-07-26T04:14:04.277+0000] {processor.py:756} INFO - Processing file /home/airflow/.local/lib/python3.7/site-packages/airflow/example_dags/example_branch_operator_decorator.py for tasks to queue
[2024-07-26T04:14:04.278+0000] {logging_mixin.py:120} INFO - [2024-07-26T04:14:04.277+0000] {dagbag.py:537} INFO - Filling up the DagBag from /home/airflow/.local/lib/python3.7/site-packages/airflow/example_dags/example_branch_operator_decorator.py
[2024-07-26T04:14:04.290+0000] {processor.py:766} INFO - DAG(s) dict_keys(['example_branch_python_operator_decorator']) retrieved from /home/airflow/.local/lib/python3.7/site-packages/airflow/example_dags/example_branch_operator_decorator.py
[2024-07-26T04:14:04.312+0000] {logging_mixin.py:120} INFO - [2024-07-26T04:14:04.312+0000] {dag.py:2585} INFO - Sync 1 DAGs
[2024-07-26T04:14:04.333+0000] {logging_mixin.py:120} INFO - [2024-07-26T04:14:04.333+0000] {dag.py:3340} INFO - Setting next_dagrun for example_branch_python_operator_decorator to 2024-07-25T00:00:00+00:00, run_after=2024-07-26T00:00:00+00:00
[2024-07-26T04:14:04.349+0000] {processor.py:176} INFO - Processing /home/airflow/.local/lib/python3.7/site-packages/airflow/example_dags/example_branch_operator_decorator.py took 0.074 seconds
[2024-07-26T04:18:32.990+0000] {processor.py:154} INFO - Started process (PID=6138) to work on /home/airflow/.local/lib/python3.7/site-packages/airflow/example_dags/example_branch_operator_decorator.py
[2024-07-26T04:18:32.997+0000] {processor.py:756} INFO - Processing file /home/airflow/.local/lib/python3.7/site-packages/airflow/example_dags/example_branch_operator_decorator.py for tasks to queue
[2024-07-26T04:18:32.999+0000] {logging_mixin.py:120} INFO - [2024-07-26T04:18:32.999+0000] {dagbag.py:537} INFO - Filling up the DagBag from /home/airflow/.local/lib/python3.7/site-packages/airflow/example_dags/example_branch_operator_decorator.py
[2024-07-26T04:18:33.019+0000] {processor.py:766} INFO - DAG(s) dict_keys(['example_branch_python_operator_decorator']) retrieved from /home/airflow/.local/lib/python3.7/site-packages/airflow/example_dags/example_branch_operator_decorator.py
[2024-07-26T04:18:33.077+0000] {logging_mixin.py:120} INFO - [2024-07-26T04:18:33.076+0000] {dag.py:2585} INFO - Sync 1 DAGs
[2024-07-26T04:18:33.121+0000] {logging_mixin.py:120} INFO - [2024-07-26T04:18:33.120+0000] {dag.py:3340} INFO - Setting next_dagrun for example_branch_python_operator_decorator to 2024-07-25T00:00:00+00:00, run_after=2024-07-26T00:00:00+00:00
[2024-07-26T04:18:33.180+0000] {processor.py:176} INFO - Processing /home/airflow/.local/lib/python3.7/site-packages/airflow/example_dags/example_branch_operator_decorator.py took 0.194 seconds
[2024-07-26T04:19:15.597+0000] {processor.py:154} INFO - Started process (PID=6202) to work on /home/airflow/.local/lib/python3.7/site-packages/airflow/example_dags/example_branch_operator_decorator.py
[2024-07-26T04:19:15.597+0000] {processor.py:756} INFO - Processing file /home/airflow/.local/lib/python3.7/site-packages/airflow/example_dags/example_branch_operator_decorator.py for tasks to queue
[2024-07-26T04:19:15.598+0000] {logging_mixin.py:120} INFO - [2024-07-26T04:19:15.598+0000] {dagbag.py:537} INFO - Filling up the DagBag from /home/airflow/.local/lib/python3.7/site-packages/airflow/example_dags/example_branch_operator_decorator.py
[2024-07-26T04:19:15.619+0000] {processor.py:766} INFO - DAG(s) dict_keys(['example_branch_python_operator_decorator']) retrieved from /home/airflow/.local/lib/python3.7/site-packages/airflow/example_dags/example_branch_operator_decorator.py
[2024-07-26T04:19:15.648+0000] {logging_mixin.py:120} INFO - [2024-07-26T04:19:15.648+0000] {dag.py:2585} INFO - Sync 1 DAGs
[2024-07-26T04:19:15.668+0000] {logging_mixin.py:120} INFO - [2024-07-26T04:19:15.668+0000] {dag.py:3340} INFO - Setting next_dagrun for example_branch_python_operator_decorator to 2024-07-25T00:00:00+00:00, run_after=2024-07-26T00:00:00+00:00
[2024-07-26T04:19:15.687+0000] {processor.py:176} INFO - Processing /home/airflow/.local/lib/python3.7/site-packages/airflow/example_dags/example_branch_operator_decorator.py took 0.092 seconds
[2024-07-26T04:20:37.155+0000] {processor.py:154} INFO - Started process (PID=6257) to work on /home/airflow/.local/lib/python3.7/site-packages/airflow/example_dags/example_branch_operator_decorator.py
[2024-07-26T04:20:37.155+0000] {processor.py:756} INFO - Processing file /home/airflow/.local/lib/python3.7/site-packages/airflow/example_dags/example_branch_operator_decorator.py for tasks to queue
[2024-07-26T04:20:37.156+0000] {logging_mixin.py:120} INFO - [2024-07-26T04:20:37.156+0000] {dagbag.py:537} INFO - Filling up the DagBag from /home/airflow/.local/lib/python3.7/site-packages/airflow/example_dags/example_branch_operator_decorator.py
[2024-07-26T04:20:37.168+0000] {processor.py:766} INFO - DAG(s) dict_keys(['example_branch_python_operator_decorator']) retrieved from /home/airflow/.local/lib/python3.7/site-packages/airflow/example_dags/example_branch_operator_decorator.py
[2024-07-26T04:20:37.189+0000] {logging_mixin.py:120} INFO - [2024-07-26T04:20:37.189+0000] {dag.py:2585} INFO - Sync 1 DAGs
[2024-07-26T04:20:37.203+0000] {logging_mixin.py:120} INFO - [2024-07-26T04:20:37.203+0000] {dag.py:3340} INFO - Setting next_dagrun for example_branch_python_operator_decorator to 2024-07-25T00:00:00+00:00, run_after=2024-07-26T00:00:00+00:00
[2024-07-26T04:20:37.221+0000] {processor.py:176} INFO - Processing /home/airflow/.local/lib/python3.7/site-packages/airflow/example_dags/example_branch_operator_decorator.py took 0.068 seconds
[2024-07-26T04:21:41.172+0000] {processor.py:154} INFO - Started process (PID=6320) to work on /home/airflow/.local/lib/python3.7/site-packages/airflow/example_dags/example_branch_operator_decorator.py
[2024-07-26T04:21:41.173+0000] {processor.py:756} INFO - Processing file /home/airflow/.local/lib/python3.7/site-packages/airflow/example_dags/example_branch_operator_decorator.py for tasks to queue
[2024-07-26T04:21:41.173+0000] {logging_mixin.py:120} INFO - [2024-07-26T04:21:41.173+0000] {dagbag.py:537} INFO - Filling up the DagBag from /home/airflow/.local/lib/python3.7/site-packages/airflow/example_dags/example_branch_operator_decorator.py
[2024-07-26T04:21:41.186+0000] {processor.py:766} INFO - DAG(s) dict_keys(['example_branch_python_operator_decorator']) retrieved from /home/airflow/.local/lib/python3.7/site-packages/airflow/example_dags/example_branch_operator_decorator.py
[2024-07-26T04:21:41.211+0000] {logging_mixin.py:120} INFO - [2024-07-26T04:21:41.211+0000] {dag.py:2585} INFO - Sync 1 DAGs
[2024-07-26T04:21:41.223+0000] {logging_mixin.py:120} INFO - [2024-07-26T04:21:41.223+0000] {dag.py:3340} INFO - Setting next_dagrun for example_branch_python_operator_decorator to 2024-07-25T00:00:00+00:00, run_after=2024-07-26T00:00:00+00:00
[2024-07-26T04:21:41.238+0000] {processor.py:176} INFO - Processing /home/airflow/.local/lib/python3.7/site-packages/airflow/example_dags/example_branch_operator_decorator.py took 0.068 seconds
[2024-07-26T04:22:47.482+0000] {processor.py:154} INFO - Started process (PID=6384) to work on /home/airflow/.local/lib/python3.7/site-packages/airflow/example_dags/example_branch_operator_decorator.py
[2024-07-26T04:22:47.483+0000] {processor.py:756} INFO - Processing file /home/airflow/.local/lib/python3.7/site-packages/airflow/example_dags/example_branch_operator_decorator.py for tasks to queue
[2024-07-26T04:22:47.483+0000] {logging_mixin.py:120} INFO - [2024-07-26T04:22:47.483+0000] {dagbag.py:537} INFO - Filling up the DagBag from /home/airflow/.local/lib/python3.7/site-packages/airflow/example_dags/example_branch_operator_decorator.py
[2024-07-26T04:22:47.497+0000] {processor.py:766} INFO - DAG(s) dict_keys(['example_branch_python_operator_decorator']) retrieved from /home/airflow/.local/lib/python3.7/site-packages/airflow/example_dags/example_branch_operator_decorator.py
[2024-07-26T04:22:47.518+0000] {logging_mixin.py:120} INFO - [2024-07-26T04:22:47.517+0000] {dag.py:2585} INFO - Sync 1 DAGs
[2024-07-26T04:22:47.532+0000] {logging_mixin.py:120} INFO - [2024-07-26T04:22:47.532+0000] {dag.py:3340} INFO - Setting next_dagrun for example_branch_python_operator_decorator to 2024-07-25T00:00:00+00:00, run_after=2024-07-26T00:00:00+00:00
[2024-07-26T04:22:47.550+0000] {processor.py:176} INFO - Processing /home/airflow/.local/lib/python3.7/site-packages/airflow/example_dags/example_branch_operator_decorator.py took 0.070 seconds
[2024-07-26T04:34:00.023+0000] {processor.py:154} INFO - Started process (PID=6448) to work on /home/airflow/.local/lib/python3.7/site-packages/airflow/example_dags/example_branch_operator_decorator.py
[2024-07-26T04:34:00.023+0000] {processor.py:756} INFO - Processing file /home/airflow/.local/lib/python3.7/site-packages/airflow/example_dags/example_branch_operator_decorator.py for tasks to queue
[2024-07-26T04:34:00.024+0000] {logging_mixin.py:120} INFO - [2024-07-26T04:34:00.023+0000] {dagbag.py:537} INFO - Filling up the DagBag from /home/airflow/.local/lib/python3.7/site-packages/airflow/example_dags/example_branch_operator_decorator.py
[2024-07-26T04:34:00.037+0000] {processor.py:766} INFO - DAG(s) dict_keys(['example_branch_python_operator_decorator']) retrieved from /home/airflow/.local/lib/python3.7/site-packages/airflow/example_dags/example_branch_operator_decorator.py
[2024-07-26T04:34:00.058+0000] {logging_mixin.py:120} INFO - [2024-07-26T04:34:00.058+0000] {dag.py:2585} INFO - Sync 1 DAGs
[2024-07-26T04:34:00.072+0000] {logging_mixin.py:120} INFO - [2024-07-26T04:34:00.072+0000] {dag.py:3340} INFO - Setting next_dagrun for example_branch_python_operator_decorator to 2024-07-25T00:00:00+00:00, run_after=2024-07-26T00:00:00+00:00
[2024-07-26T04:34:00.083+0000] {processor.py:176} INFO - Processing /home/airflow/.local/lib/python3.7/site-packages/airflow/example_dags/example_branch_operator_decorator.py took 0.063 seconds
[2024-07-26T04:49:12.628+0000] {processor.py:154} INFO - Started process (PID=6512) to work on /home/airflow/.local/lib/python3.7/site-packages/airflow/example_dags/example_branch_operator_decorator.py
[2024-07-26T04:49:12.629+0000] {processor.py:756} INFO - Processing file /home/airflow/.local/lib/python3.7/site-packages/airflow/example_dags/example_branch_operator_decorator.py for tasks to queue
[2024-07-26T04:49:12.632+0000] {logging_mixin.py:120} INFO - [2024-07-26T04:49:12.632+0000] {dagbag.py:537} INFO - Filling up the DagBag from /home/airflow/.local/lib/python3.7/site-packages/airflow/example_dags/example_branch_operator_decorator.py
[2024-07-26T04:49:12.659+0000] {processor.py:766} INFO - DAG(s) dict_keys(['example_branch_python_operator_decorator']) retrieved from /home/airflow/.local/lib/python3.7/site-packages/airflow/example_dags/example_branch_operator_decorator.py
[2024-07-26T04:49:12.703+0000] {logging_mixin.py:120} INFO - [2024-07-26T04:49:12.703+0000] {dag.py:2585} INFO - Sync 1 DAGs
[2024-07-26T04:49:12.722+0000] {logging_mixin.py:120} INFO - [2024-07-26T04:49:12.722+0000] {dag.py:3340} INFO - Setting next_dagrun for example_branch_python_operator_decorator to 2024-07-25T00:00:00+00:00, run_after=2024-07-26T00:00:00+00:00
[2024-07-26T04:49:12.733+0000] {processor.py:176} INFO - Processing /home/airflow/.local/lib/python3.7/site-packages/airflow/example_dags/example_branch_operator_decorator.py took 0.108 seconds
[2024-07-26T04:53:37.126+0000] {processor.py:154} INFO - Started process (PID=6567) to work on /home/airflow/.local/lib/python3.7/site-packages/airflow/example_dags/example_branch_operator_decorator.py
[2024-07-26T04:53:37.127+0000] {processor.py:756} INFO - Processing file /home/airflow/.local/lib/python3.7/site-packages/airflow/example_dags/example_branch_operator_decorator.py for tasks to queue
[2024-07-26T04:53:37.127+0000] {logging_mixin.py:120} INFO - [2024-07-26T04:53:37.127+0000] {dagbag.py:537} INFO - Filling up the DagBag from /home/airflow/.local/lib/python3.7/site-packages/airflow/example_dags/example_branch_operator_decorator.py
[2024-07-26T04:53:37.142+0000] {processor.py:766} INFO - DAG(s) dict_keys(['example_branch_python_operator_decorator']) retrieved from /home/airflow/.local/lib/python3.7/site-packages/airflow/example_dags/example_branch_operator_decorator.py
[2024-07-26T04:53:37.170+0000] {logging_mixin.py:120} INFO - [2024-07-26T04:53:37.170+0000] {dag.py:2585} INFO - Sync 1 DAGs
[2024-07-26T04:53:37.223+0000] {logging_mixin.py:120} INFO - [2024-07-26T04:53:37.223+0000] {dag.py:3340} INFO - Setting next_dagrun for example_branch_python_operator_decorator to 2024-07-25T00:00:00+00:00, run_after=2024-07-26T00:00:00+00:00
[2024-07-26T04:53:37.268+0000] {processor.py:176} INFO - Processing /home/airflow/.local/lib/python3.7/site-packages/airflow/example_dags/example_branch_operator_decorator.py took 0.144 seconds
[2024-07-26T05:02:49.408+0000] {processor.py:154} INFO - Started process (PID=6631) to work on /home/airflow/.local/lib/python3.7/site-packages/airflow/example_dags/example_branch_operator_decorator.py
[2024-07-26T05:02:49.410+0000] {processor.py:756} INFO - Processing file /home/airflow/.local/lib/python3.7/site-packages/airflow/example_dags/example_branch_operator_decorator.py for tasks to queue
[2024-07-26T05:02:49.410+0000] {logging_mixin.py:120} INFO - [2024-07-26T05:02:49.410+0000] {dagbag.py:537} INFO - Filling up the DagBag from /home/airflow/.local/lib/python3.7/site-packages/airflow/example_dags/example_branch_operator_decorator.py
[2024-07-26T05:02:49.427+0000] {processor.py:766} INFO - DAG(s) dict_keys(['example_branch_python_operator_decorator']) retrieved from /home/airflow/.local/lib/python3.7/site-packages/airflow/example_dags/example_branch_operator_decorator.py
[2024-07-26T05:02:49.469+0000] {logging_mixin.py:120} INFO - [2024-07-26T05:02:49.469+0000] {dag.py:2585} INFO - Sync 1 DAGs
[2024-07-26T05:02:49.499+0000] {logging_mixin.py:120} INFO - [2024-07-26T05:02:49.499+0000] {dag.py:3340} INFO - Setting next_dagrun for example_branch_python_operator_decorator to 2024-07-25T00:00:00+00:00, run_after=2024-07-26T00:00:00+00:00
[2024-07-26T05:02:49.529+0000] {processor.py:176} INFO - Processing /home/airflow/.local/lib/python3.7/site-packages/airflow/example_dags/example_branch_operator_decorator.py took 0.123 seconds
[2024-07-26T05:15:51.529+0000] {processor.py:154} INFO - Started process (PID=6695) to work on /home/airflow/.local/lib/python3.7/site-packages/airflow/example_dags/example_branch_operator_decorator.py
[2024-07-26T05:15:51.530+0000] {processor.py:756} INFO - Processing file /home/airflow/.local/lib/python3.7/site-packages/airflow/example_dags/example_branch_operator_decorator.py for tasks to queue
[2024-07-26T05:15:51.531+0000] {logging_mixin.py:120} INFO - [2024-07-26T05:15:51.530+0000] {dagbag.py:537} INFO - Filling up the DagBag from /home/airflow/.local/lib/python3.7/site-packages/airflow/example_dags/example_branch_operator_decorator.py
[2024-07-26T05:15:51.543+0000] {processor.py:766} INFO - DAG(s) dict_keys(['example_branch_python_operator_decorator']) retrieved from /home/airflow/.local/lib/python3.7/site-packages/airflow/example_dags/example_branch_operator_decorator.py
[2024-07-26T05:15:51.563+0000] {logging_mixin.py:120} INFO - [2024-07-26T05:15:51.563+0000] {dag.py:2585} INFO - Sync 1 DAGs
[2024-07-26T05:15:51.582+0000] {logging_mixin.py:120} INFO - [2024-07-26T05:15:51.582+0000] {dag.py:3340} INFO - Setting next_dagrun for example_branch_python_operator_decorator to 2024-07-25T00:00:00+00:00, run_after=2024-07-26T00:00:00+00:00
[2024-07-26T05:15:51.597+0000] {processor.py:176} INFO - Processing /home/airflow/.local/lib/python3.7/site-packages/airflow/example_dags/example_branch_operator_decorator.py took 0.069 seconds
[2024-07-26T05:33:28.400+0000] {processor.py:154} INFO - Started process (PID=6759) to work on /home/airflow/.local/lib/python3.7/site-packages/airflow/example_dags/example_branch_operator_decorator.py
[2024-07-26T05:33:28.401+0000] {processor.py:756} INFO - Processing file /home/airflow/.local/lib/python3.7/site-packages/airflow/example_dags/example_branch_operator_decorator.py for tasks to queue
[2024-07-26T05:33:28.402+0000] {logging_mixin.py:120} INFO - [2024-07-26T05:33:28.402+0000] {dagbag.py:537} INFO - Filling up the DagBag from /home/airflow/.local/lib/python3.7/site-packages/airflow/example_dags/example_branch_operator_decorator.py
[2024-07-26T05:33:28.414+0000] {processor.py:766} INFO - DAG(s) dict_keys(['example_branch_python_operator_decorator']) retrieved from /home/airflow/.local/lib/python3.7/site-packages/airflow/example_dags/example_branch_operator_decorator.py
[2024-07-26T05:33:28.433+0000] {logging_mixin.py:120} INFO - [2024-07-26T05:33:28.433+0000] {dag.py:2585} INFO - Sync 1 DAGs
[2024-07-26T05:33:28.448+0000] {logging_mixin.py:120} INFO - [2024-07-26T05:33:28.448+0000] {dag.py:3340} INFO - Setting next_dagrun for example_branch_python_operator_decorator to 2024-07-25T00:00:00+00:00, run_after=2024-07-26T00:00:00+00:00
[2024-07-26T05:33:28.463+0000] {processor.py:176} INFO - Processing /home/airflow/.local/lib/python3.7/site-packages/airflow/example_dags/example_branch_operator_decorator.py took 0.064 seconds
[2024-07-26T06:09:35.764+0000] {processor.py:154} INFO - Started process (PID=6822) to work on /home/airflow/.local/lib/python3.7/site-packages/airflow/example_dags/example_branch_operator_decorator.py
[2024-07-26T06:09:35.766+0000] {processor.py:756} INFO - Processing file /home/airflow/.local/lib/python3.7/site-packages/airflow/example_dags/example_branch_operator_decorator.py for tasks to queue
[2024-07-26T06:09:35.769+0000] {logging_mixin.py:120} INFO - [2024-07-26T06:09:35.768+0000] {dagbag.py:537} INFO - Filling up the DagBag from /home/airflow/.local/lib/python3.7/site-packages/airflow/example_dags/example_branch_operator_decorator.py
[2024-07-26T06:09:35.801+0000] {processor.py:766} INFO - DAG(s) dict_keys(['example_branch_python_operator_decorator']) retrieved from /home/airflow/.local/lib/python3.7/site-packages/airflow/example_dags/example_branch_operator_decorator.py
[2024-07-26T06:09:35.839+0000] {logging_mixin.py:120} INFO - [2024-07-26T06:09:35.839+0000] {dag.py:2585} INFO - Sync 1 DAGs
[2024-07-26T06:09:35.891+0000] {logging_mixin.py:120} INFO - [2024-07-26T06:09:35.890+0000] {dag.py:3340} INFO - Setting next_dagrun for example_branch_python_operator_decorator to 2024-07-25T00:00:00+00:00, run_after=2024-07-26T00:00:00+00:00
[2024-07-26T06:09:35.920+0000] {processor.py:176} INFO - Processing /home/airflow/.local/lib/python3.7/site-packages/airflow/example_dags/example_branch_operator_decorator.py took 0.160 seconds
[2024-07-26T07:10:32.986+0000] {processor.py:154} INFO - Started process (PID=6877) to work on /home/airflow/.local/lib/python3.7/site-packages/airflow/example_dags/example_branch_operator_decorator.py
[2024-07-26T07:10:32.987+0000] {processor.py:756} INFO - Processing file /home/airflow/.local/lib/python3.7/site-packages/airflow/example_dags/example_branch_operator_decorator.py for tasks to queue
[2024-07-26T07:10:32.987+0000] {logging_mixin.py:120} INFO - [2024-07-26T07:10:32.987+0000] {dagbag.py:537} INFO - Filling up the DagBag from /home/airflow/.local/lib/python3.7/site-packages/airflow/example_dags/example_branch_operator_decorator.py
[2024-07-26T07:10:33.002+0000] {processor.py:766} INFO - DAG(s) dict_keys(['example_branch_python_operator_decorator']) retrieved from /home/airflow/.local/lib/python3.7/site-packages/airflow/example_dags/example_branch_operator_decorator.py
[2024-07-26T07:10:33.029+0000] {logging_mixin.py:120} INFO - [2024-07-26T07:10:33.029+0000] {dag.py:2585} INFO - Sync 1 DAGs
[2024-07-26T07:10:33.047+0000] {logging_mixin.py:120} INFO - [2024-07-26T07:10:33.047+0000] {dag.py:3340} INFO - Setting next_dagrun for example_branch_python_operator_decorator to 2024-07-25T00:00:00+00:00, run_after=2024-07-26T00:00:00+00:00
[2024-07-26T07:10:33.059+0000] {processor.py:176} INFO - Processing /home/airflow/.local/lib/python3.7/site-packages/airflow/example_dags/example_branch_operator_decorator.py took 0.075 seconds
[2024-07-26T08:11:47.212+0000] {processor.py:154} INFO - Started process (PID=6941) to work on /home/airflow/.local/lib/python3.7/site-packages/airflow/example_dags/example_branch_operator_decorator.py
[2024-07-26T08:11:47.237+0000] {processor.py:756} INFO - Processing file /home/airflow/.local/lib/python3.7/site-packages/airflow/example_dags/example_branch_operator_decorator.py for tasks to queue
[2024-07-26T08:11:47.291+0000] {logging_mixin.py:120} INFO - [2024-07-26T08:11:47.291+0000] {dagbag.py:537} INFO - Filling up the DagBag from /home/airflow/.local/lib/python3.7/site-packages/airflow/example_dags/example_branch_operator_decorator.py
[2024-07-26T08:11:47.365+0000] {processor.py:766} INFO - DAG(s) dict_keys(['example_branch_python_operator_decorator']) retrieved from /home/airflow/.local/lib/python3.7/site-packages/airflow/example_dags/example_branch_operator_decorator.py
[2024-07-26T08:11:47.444+0000] {logging_mixin.py:120} INFO - [2024-07-26T08:11:47.443+0000] {dag.py:2585} INFO - Sync 1 DAGs
[2024-07-26T08:11:47.469+0000] {logging_mixin.py:120} INFO - [2024-07-26T08:11:47.469+0000] {dag.py:3340} INFO - Setting next_dagrun for example_branch_python_operator_decorator to 2024-07-25T00:00:00+00:00, run_after=2024-07-26T00:00:00+00:00
[2024-07-26T08:11:47.491+0000] {processor.py:176} INFO - Processing /home/airflow/.local/lib/python3.7/site-packages/airflow/example_dags/example_branch_operator_decorator.py took 0.305 seconds
[2024-07-26T08:36:11.194+0000] {processor.py:154} INFO - Started process (PID=7005) to work on /home/airflow/.local/lib/python3.7/site-packages/airflow/example_dags/example_branch_operator_decorator.py
[2024-07-26T08:36:11.195+0000] {processor.py:756} INFO - Processing file /home/airflow/.local/lib/python3.7/site-packages/airflow/example_dags/example_branch_operator_decorator.py for tasks to queue
[2024-07-26T08:36:11.197+0000] {logging_mixin.py:120} INFO - [2024-07-26T08:36:11.197+0000] {dagbag.py:537} INFO - Filling up the DagBag from /home/airflow/.local/lib/python3.7/site-packages/airflow/example_dags/example_branch_operator_decorator.py
[2024-07-26T08:36:11.232+0000] {processor.py:766} INFO - DAG(s) dict_keys(['example_branch_python_operator_decorator']) retrieved from /home/airflow/.local/lib/python3.7/site-packages/airflow/example_dags/example_branch_operator_decorator.py
[2024-07-26T08:36:11.322+0000] {logging_mixin.py:120} INFO - [2024-07-26T08:36:11.322+0000] {dag.py:2585} INFO - Sync 1 DAGs
[2024-07-26T08:36:11.344+0000] {logging_mixin.py:120} INFO - [2024-07-26T08:36:11.344+0000] {dag.py:3340} INFO - Setting next_dagrun for example_branch_python_operator_decorator to 2024-07-25T00:00:00+00:00, run_after=2024-07-26T00:00:00+00:00
[2024-07-26T08:36:11.357+0000] {processor.py:176} INFO - Processing /home/airflow/.local/lib/python3.7/site-packages/airflow/example_dags/example_branch_operator_decorator.py took 0.168 seconds
[2024-07-26T09:29:25.821+0000] {processor.py:154} INFO - Started process (PID=7069) to work on /home/airflow/.local/lib/python3.7/site-packages/airflow/example_dags/example_branch_operator_decorator.py
[2024-07-26T09:29:25.825+0000] {processor.py:756} INFO - Processing file /home/airflow/.local/lib/python3.7/site-packages/airflow/example_dags/example_branch_operator_decorator.py for tasks to queue
[2024-07-26T09:29:25.825+0000] {logging_mixin.py:120} INFO - [2024-07-26T09:29:25.825+0000] {dagbag.py:537} INFO - Filling up the DagBag from /home/airflow/.local/lib/python3.7/site-packages/airflow/example_dags/example_branch_operator_decorator.py
[2024-07-26T09:29:25.846+0000] {processor.py:766} INFO - DAG(s) dict_keys(['example_branch_python_operator_decorator']) retrieved from /home/airflow/.local/lib/python3.7/site-packages/airflow/example_dags/example_branch_operator_decorator.py
[2024-07-26T09:29:25.878+0000] {logging_mixin.py:120} INFO - [2024-07-26T09:29:25.877+0000] {dag.py:2585} INFO - Sync 1 DAGs
[2024-07-26T09:29:25.901+0000] {logging_mixin.py:120} INFO - [2024-07-26T09:29:25.901+0000] {dag.py:3340} INFO - Setting next_dagrun for example_branch_python_operator_decorator to 2024-07-25T00:00:00+00:00, run_after=2024-07-26T00:00:00+00:00
[2024-07-26T09:29:25.931+0000] {processor.py:176} INFO - Processing /home/airflow/.local/lib/python3.7/site-packages/airflow/example_dags/example_branch_operator_decorator.py took 0.112 seconds
[2024-07-26T10:30:30.091+0000] {processor.py:154} INFO - Started process (PID=7124) to work on /home/airflow/.local/lib/python3.7/site-packages/airflow/example_dags/example_branch_operator_decorator.py
[2024-07-26T10:30:30.092+0000] {processor.py:756} INFO - Processing file /home/airflow/.local/lib/python3.7/site-packages/airflow/example_dags/example_branch_operator_decorator.py for tasks to queue
[2024-07-26T10:30:30.092+0000] {logging_mixin.py:120} INFO - [2024-07-26T10:30:30.092+0000] {dagbag.py:537} INFO - Filling up the DagBag from /home/airflow/.local/lib/python3.7/site-packages/airflow/example_dags/example_branch_operator_decorator.py
[2024-07-26T10:30:30.106+0000] {processor.py:766} INFO - DAG(s) dict_keys(['example_branch_python_operator_decorator']) retrieved from /home/airflow/.local/lib/python3.7/site-packages/airflow/example_dags/example_branch_operator_decorator.py
[2024-07-26T10:30:30.138+0000] {logging_mixin.py:120} INFO - [2024-07-26T10:30:30.138+0000] {dag.py:2585} INFO - Sync 1 DAGs
[2024-07-26T10:30:30.162+0000] {logging_mixin.py:120} INFO - [2024-07-26T10:30:30.162+0000] {dag.py:3340} INFO - Setting next_dagrun for example_branch_python_operator_decorator to 2024-07-25T00:00:00+00:00, run_after=2024-07-26T00:00:00+00:00
[2024-07-26T10:30:30.181+0000] {processor.py:176} INFO - Processing /home/airflow/.local/lib/python3.7/site-packages/airflow/example_dags/example_branch_operator_decorator.py took 0.093 seconds
[2024-07-26T10:39:55.876+0000] {processor.py:154} INFO - Started process (PID=7188) to work on /home/airflow/.local/lib/python3.7/site-packages/airflow/example_dags/example_branch_operator_decorator.py
[2024-07-26T10:39:55.877+0000] {processor.py:756} INFO - Processing file /home/airflow/.local/lib/python3.7/site-packages/airflow/example_dags/example_branch_operator_decorator.py for tasks to queue
[2024-07-26T10:39:55.878+0000] {logging_mixin.py:120} INFO - [2024-07-26T10:39:55.877+0000] {dagbag.py:537} INFO - Filling up the DagBag from /home/airflow/.local/lib/python3.7/site-packages/airflow/example_dags/example_branch_operator_decorator.py
[2024-07-26T10:39:55.891+0000] {processor.py:766} INFO - DAG(s) dict_keys(['example_branch_python_operator_decorator']) retrieved from /home/airflow/.local/lib/python3.7/site-packages/airflow/example_dags/example_branch_operator_decorator.py
[2024-07-26T10:39:55.915+0000] {logging_mixin.py:120} INFO - [2024-07-26T10:39:55.915+0000] {dag.py:2585} INFO - Sync 1 DAGs
[2024-07-26T10:39:55.933+0000] {logging_mixin.py:120} INFO - [2024-07-26T10:39:55.933+0000] {dag.py:3340} INFO - Setting next_dagrun for example_branch_python_operator_decorator to 2024-07-25T00:00:00+00:00, run_after=2024-07-26T00:00:00+00:00
[2024-07-26T10:39:55.951+0000] {processor.py:176} INFO - Processing /home/airflow/.local/lib/python3.7/site-packages/airflow/example_dags/example_branch_operator_decorator.py took 0.076 seconds
[2024-07-26T11:48:30.216+0000] {processor.py:154} INFO - Started process (PID=7252) to work on /home/airflow/.local/lib/python3.7/site-packages/airflow/example_dags/example_branch_operator_decorator.py
[2024-07-26T11:48:30.220+0000] {processor.py:756} INFO - Processing file /home/airflow/.local/lib/python3.7/site-packages/airflow/example_dags/example_branch_operator_decorator.py for tasks to queue
[2024-07-26T11:48:30.221+0000] {logging_mixin.py:120} INFO - [2024-07-26T11:48:30.221+0000] {dagbag.py:537} INFO - Filling up the DagBag from /home/airflow/.local/lib/python3.7/site-packages/airflow/example_dags/example_branch_operator_decorator.py
[2024-07-26T11:48:30.237+0000] {processor.py:766} INFO - DAG(s) dict_keys(['example_branch_python_operator_decorator']) retrieved from /home/airflow/.local/lib/python3.7/site-packages/airflow/example_dags/example_branch_operator_decorator.py
[2024-07-26T11:48:30.284+0000] {logging_mixin.py:120} INFO - [2024-07-26T11:48:30.284+0000] {dag.py:2585} INFO - Sync 1 DAGs
[2024-07-26T11:48:30.304+0000] {logging_mixin.py:120} INFO - [2024-07-26T11:48:30.303+0000] {dag.py:3340} INFO - Setting next_dagrun for example_branch_python_operator_decorator to 2024-07-25T00:00:00+00:00, run_after=2024-07-26T00:00:00+00:00
[2024-07-26T11:48:30.320+0000] {processor.py:176} INFO - Processing /home/airflow/.local/lib/python3.7/site-packages/airflow/example_dags/example_branch_operator_decorator.py took 0.107 seconds
[2024-07-26T12:13:05.347+0000] {processor.py:154} INFO - Started process (PID=7316) to work on /home/airflow/.local/lib/python3.7/site-packages/airflow/example_dags/example_branch_operator_decorator.py
[2024-07-26T12:13:05.348+0000] {processor.py:756} INFO - Processing file /home/airflow/.local/lib/python3.7/site-packages/airflow/example_dags/example_branch_operator_decorator.py for tasks to queue
[2024-07-26T12:13:05.348+0000] {logging_mixin.py:120} INFO - [2024-07-26T12:13:05.348+0000] {dagbag.py:537} INFO - Filling up the DagBag from /home/airflow/.local/lib/python3.7/site-packages/airflow/example_dags/example_branch_operator_decorator.py
[2024-07-26T12:13:05.361+0000] {processor.py:766} INFO - DAG(s) dict_keys(['example_branch_python_operator_decorator']) retrieved from /home/airflow/.local/lib/python3.7/site-packages/airflow/example_dags/example_branch_operator_decorator.py
[2024-07-26T12:13:05.430+0000] {logging_mixin.py:120} INFO - [2024-07-26T12:13:05.430+0000] {dag.py:2585} INFO - Sync 1 DAGs
[2024-07-26T12:13:05.486+0000] {logging_mixin.py:120} INFO - [2024-07-26T12:13:05.486+0000] {dag.py:3340} INFO - Setting next_dagrun for example_branch_python_operator_decorator to 2024-07-25T00:00:00+00:00, run_after=2024-07-26T00:00:00+00:00
[2024-07-26T12:13:05.514+0000] {processor.py:176} INFO - Processing /home/airflow/.local/lib/python3.7/site-packages/airflow/example_dags/example_branch_operator_decorator.py took 0.169 seconds
[2024-07-26T12:19:25.285+0000] {processor.py:154} INFO - Started process (PID=7371) to work on /home/airflow/.local/lib/python3.7/site-packages/airflow/example_dags/example_branch_operator_decorator.py
[2024-07-26T12:19:25.286+0000] {processor.py:756} INFO - Processing file /home/airflow/.local/lib/python3.7/site-packages/airflow/example_dags/example_branch_operator_decorator.py for tasks to queue
[2024-07-26T12:19:25.286+0000] {logging_mixin.py:120} INFO - [2024-07-26T12:19:25.286+0000] {dagbag.py:537} INFO - Filling up the DagBag from /home/airflow/.local/lib/python3.7/site-packages/airflow/example_dags/example_branch_operator_decorator.py
[2024-07-26T12:19:25.300+0000] {processor.py:766} INFO - DAG(s) dict_keys(['example_branch_python_operator_decorator']) retrieved from /home/airflow/.local/lib/python3.7/site-packages/airflow/example_dags/example_branch_operator_decorator.py
[2024-07-26T12:19:25.321+0000] {logging_mixin.py:120} INFO - [2024-07-26T12:19:25.320+0000] {dag.py:2585} INFO - Sync 1 DAGs
[2024-07-26T12:19:25.333+0000] {logging_mixin.py:120} INFO - [2024-07-26T12:19:25.333+0000] {dag.py:3340} INFO - Setting next_dagrun for example_branch_python_operator_decorator to 2024-07-25T00:00:00+00:00, run_after=2024-07-26T00:00:00+00:00
[2024-07-26T12:19:25.346+0000] {processor.py:176} INFO - Processing /home/airflow/.local/lib/python3.7/site-packages/airflow/example_dags/example_branch_operator_decorator.py took 0.063 seconds
[2024-07-26T13:00:06.929+0000] {processor.py:154} INFO - Started process (PID=7434) to work on /home/airflow/.local/lib/python3.7/site-packages/airflow/example_dags/example_branch_operator_decorator.py
[2024-07-26T13:00:06.930+0000] {processor.py:756} INFO - Processing file /home/airflow/.local/lib/python3.7/site-packages/airflow/example_dags/example_branch_operator_decorator.py for tasks to queue
[2024-07-26T13:00:06.931+0000] {logging_mixin.py:120} INFO - [2024-07-26T13:00:06.930+0000] {dagbag.py:537} INFO - Filling up the DagBag from /home/airflow/.local/lib/python3.7/site-packages/airflow/example_dags/example_branch_operator_decorator.py
[2024-07-26T13:00:06.949+0000] {processor.py:766} INFO - DAG(s) dict_keys(['example_branch_python_operator_decorator']) retrieved from /home/airflow/.local/lib/python3.7/site-packages/airflow/example_dags/example_branch_operator_decorator.py
[2024-07-26T13:00:06.980+0000] {logging_mixin.py:120} INFO - [2024-07-26T13:00:06.979+0000] {dag.py:2585} INFO - Sync 1 DAGs
[2024-07-26T13:00:07.009+0000] {logging_mixin.py:120} INFO - [2024-07-26T13:00:07.008+0000] {dag.py:3340} INFO - Setting next_dagrun for example_branch_python_operator_decorator to 2024-07-25T00:00:00+00:00, run_after=2024-07-26T00:00:00+00:00
[2024-07-26T13:00:07.029+0000] {processor.py:176} INFO - Processing /home/airflow/.local/lib/python3.7/site-packages/airflow/example_dags/example_branch_operator_decorator.py took 0.102 seconds
[2024-07-26T13:12:27.237+0000] {processor.py:154} INFO - Started process (PID=7498) to work on /home/airflow/.local/lib/python3.7/site-packages/airflow/example_dags/example_branch_operator_decorator.py
[2024-07-26T13:12:27.238+0000] {processor.py:756} INFO - Processing file /home/airflow/.local/lib/python3.7/site-packages/airflow/example_dags/example_branch_operator_decorator.py for tasks to queue
[2024-07-26T13:12:27.240+0000] {logging_mixin.py:120} INFO - [2024-07-26T13:12:27.239+0000] {dagbag.py:537} INFO - Filling up the DagBag from /home/airflow/.local/lib/python3.7/site-packages/airflow/example_dags/example_branch_operator_decorator.py
[2024-07-26T13:12:27.255+0000] {processor.py:766} INFO - DAG(s) dict_keys(['example_branch_python_operator_decorator']) retrieved from /home/airflow/.local/lib/python3.7/site-packages/airflow/example_dags/example_branch_operator_decorator.py
[2024-07-26T13:12:27.309+0000] {logging_mixin.py:120} INFO - [2024-07-26T13:12:27.309+0000] {dag.py:2585} INFO - Sync 1 DAGs
[2024-07-26T13:12:27.337+0000] {logging_mixin.py:120} INFO - [2024-07-26T13:12:27.336+0000] {dag.py:3340} INFO - Setting next_dagrun for example_branch_python_operator_decorator to 2024-07-25T00:00:00+00:00, run_after=2024-07-26T00:00:00+00:00
[2024-07-26T13:12:27.367+0000] {processor.py:176} INFO - Processing /home/airflow/.local/lib/python3.7/site-packages/airflow/example_dags/example_branch_operator_decorator.py took 0.135 seconds
[2024-07-26T13:43:21.481+0000] {processor.py:154} INFO - Started process (PID=7562) to work on /home/airflow/.local/lib/python3.7/site-packages/airflow/example_dags/example_branch_operator_decorator.py
[2024-07-26T13:43:21.483+0000] {processor.py:756} INFO - Processing file /home/airflow/.local/lib/python3.7/site-packages/airflow/example_dags/example_branch_operator_decorator.py for tasks to queue
[2024-07-26T13:43:21.484+0000] {logging_mixin.py:120} INFO - [2024-07-26T13:43:21.484+0000] {dagbag.py:537} INFO - Filling up the DagBag from /home/airflow/.local/lib/python3.7/site-packages/airflow/example_dags/example_branch_operator_decorator.py
[2024-07-26T13:43:21.500+0000] {processor.py:766} INFO - DAG(s) dict_keys(['example_branch_python_operator_decorator']) retrieved from /home/airflow/.local/lib/python3.7/site-packages/airflow/example_dags/example_branch_operator_decorator.py
[2024-07-26T13:43:21.529+0000] {logging_mixin.py:120} INFO - [2024-07-26T13:43:21.529+0000] {dag.py:2585} INFO - Sync 1 DAGs
[2024-07-26T13:43:21.552+0000] {logging_mixin.py:120} INFO - [2024-07-26T13:43:21.552+0000] {dag.py:3340} INFO - Setting next_dagrun for example_branch_python_operator_decorator to 2024-07-25T00:00:00+00:00, run_after=2024-07-26T00:00:00+00:00
[2024-07-26T13:43:21.579+0000] {processor.py:176} INFO - Processing /home/airflow/.local/lib/python3.7/site-packages/airflow/example_dags/example_branch_operator_decorator.py took 0.101 seconds
[2024-07-26T13:46:53.339+0000] {processor.py:154} INFO - Started process (PID=7626) to work on /home/airflow/.local/lib/python3.7/site-packages/airflow/example_dags/example_branch_operator_decorator.py
[2024-07-26T13:46:53.340+0000] {processor.py:756} INFO - Processing file /home/airflow/.local/lib/python3.7/site-packages/airflow/example_dags/example_branch_operator_decorator.py for tasks to queue
[2024-07-26T13:46:53.340+0000] {logging_mixin.py:120} INFO - [2024-07-26T13:46:53.340+0000] {dagbag.py:537} INFO - Filling up the DagBag from /home/airflow/.local/lib/python3.7/site-packages/airflow/example_dags/example_branch_operator_decorator.py
[2024-07-26T13:46:53.357+0000] {processor.py:766} INFO - DAG(s) dict_keys(['example_branch_python_operator_decorator']) retrieved from /home/airflow/.local/lib/python3.7/site-packages/airflow/example_dags/example_branch_operator_decorator.py
[2024-07-26T13:46:53.391+0000] {logging_mixin.py:120} INFO - [2024-07-26T13:46:53.391+0000] {dag.py:2585} INFO - Sync 1 DAGs
[2024-07-26T13:46:53.444+0000] {logging_mixin.py:120} INFO - [2024-07-26T13:46:53.443+0000] {dag.py:3340} INFO - Setting next_dagrun for example_branch_python_operator_decorator to 2024-07-25T00:00:00+00:00, run_after=2024-07-26T00:00:00+00:00
[2024-07-26T13:46:53.464+0000] {processor.py:176} INFO - Processing /home/airflow/.local/lib/python3.7/site-packages/airflow/example_dags/example_branch_operator_decorator.py took 0.127 seconds
[2024-07-26T13:52:22.226+0000] {processor.py:154} INFO - Started process (PID=7681) to work on /home/airflow/.local/lib/python3.7/site-packages/airflow/example_dags/example_branch_operator_decorator.py
[2024-07-26T13:52:22.227+0000] {processor.py:756} INFO - Processing file /home/airflow/.local/lib/python3.7/site-packages/airflow/example_dags/example_branch_operator_decorator.py for tasks to queue
[2024-07-26T13:52:22.228+0000] {logging_mixin.py:120} INFO - [2024-07-26T13:52:22.228+0000] {dagbag.py:537} INFO - Filling up the DagBag from /home/airflow/.local/lib/python3.7/site-packages/airflow/example_dags/example_branch_operator_decorator.py
[2024-07-26T13:52:22.255+0000] {processor.py:766} INFO - DAG(s) dict_keys(['example_branch_python_operator_decorator']) retrieved from /home/airflow/.local/lib/python3.7/site-packages/airflow/example_dags/example_branch_operator_decorator.py
[2024-07-26T13:52:22.329+0000] {logging_mixin.py:120} INFO - [2024-07-26T13:52:22.329+0000] {dag.py:2585} INFO - Sync 1 DAGs
[2024-07-26T13:52:22.367+0000] {logging_mixin.py:120} INFO - [2024-07-26T13:52:22.367+0000] {dag.py:3340} INFO - Setting next_dagrun for example_branch_python_operator_decorator to 2024-07-25T00:00:00+00:00, run_after=2024-07-26T00:00:00+00:00
[2024-07-26T13:52:22.400+0000] {processor.py:176} INFO - Processing /home/airflow/.local/lib/python3.7/site-packages/airflow/example_dags/example_branch_operator_decorator.py took 0.178 seconds
[2024-07-26T13:54:20.877+0000] {processor.py:154} INFO - Started process (PID=7745) to work on /home/airflow/.local/lib/python3.7/site-packages/airflow/example_dags/example_branch_operator_decorator.py
[2024-07-26T13:54:20.877+0000] {processor.py:756} INFO - Processing file /home/airflow/.local/lib/python3.7/site-packages/airflow/example_dags/example_branch_operator_decorator.py for tasks to queue
[2024-07-26T13:54:20.878+0000] {logging_mixin.py:120} INFO - [2024-07-26T13:54:20.878+0000] {dagbag.py:537} INFO - Filling up the DagBag from /home/airflow/.local/lib/python3.7/site-packages/airflow/example_dags/example_branch_operator_decorator.py
[2024-07-26T13:54:20.891+0000] {processor.py:766} INFO - DAG(s) dict_keys(['example_branch_python_operator_decorator']) retrieved from /home/airflow/.local/lib/python3.7/site-packages/airflow/example_dags/example_branch_operator_decorator.py
[2024-07-26T13:54:20.912+0000] {logging_mixin.py:120} INFO - [2024-07-26T13:54:20.911+0000] {dag.py:2585} INFO - Sync 1 DAGs
[2024-07-26T13:54:20.925+0000] {logging_mixin.py:120} INFO - [2024-07-26T13:54:20.925+0000] {dag.py:3340} INFO - Setting next_dagrun for example_branch_python_operator_decorator to 2024-07-25T00:00:00+00:00, run_after=2024-07-26T00:00:00+00:00
[2024-07-26T13:54:20.939+0000] {processor.py:176} INFO - Processing /home/airflow/.local/lib/python3.7/site-packages/airflow/example_dags/example_branch_operator_decorator.py took 0.064 seconds
[2024-07-26T13:55:28.945+0000] {processor.py:154} INFO - Started process (PID=7809) to work on /home/airflow/.local/lib/python3.7/site-packages/airflow/example_dags/example_branch_operator_decorator.py
[2024-07-26T13:55:28.946+0000] {processor.py:756} INFO - Processing file /home/airflow/.local/lib/python3.7/site-packages/airflow/example_dags/example_branch_operator_decorator.py for tasks to queue
[2024-07-26T13:55:28.947+0000] {logging_mixin.py:120} INFO - [2024-07-26T13:55:28.946+0000] {dagbag.py:537} INFO - Filling up the DagBag from /home/airflow/.local/lib/python3.7/site-packages/airflow/example_dags/example_branch_operator_decorator.py
[2024-07-26T13:55:28.960+0000] {processor.py:766} INFO - DAG(s) dict_keys(['example_branch_python_operator_decorator']) retrieved from /home/airflow/.local/lib/python3.7/site-packages/airflow/example_dags/example_branch_operator_decorator.py
[2024-07-26T13:55:28.981+0000] {logging_mixin.py:120} INFO - [2024-07-26T13:55:28.981+0000] {dag.py:2585} INFO - Sync 1 DAGs
[2024-07-26T13:55:28.996+0000] {logging_mixin.py:120} INFO - [2024-07-26T13:55:28.996+0000] {dag.py:3340} INFO - Setting next_dagrun for example_branch_python_operator_decorator to 2024-07-25T00:00:00+00:00, run_after=2024-07-26T00:00:00+00:00
[2024-07-26T13:55:29.010+0000] {processor.py:176} INFO - Processing /home/airflow/.local/lib/python3.7/site-packages/airflow/example_dags/example_branch_operator_decorator.py took 0.067 seconds
[2024-07-26T14:05:30.419+0000] {processor.py:154} INFO - Started process (PID=7873) to work on /home/airflow/.local/lib/python3.7/site-packages/airflow/example_dags/example_branch_operator_decorator.py
[2024-07-26T14:05:30.422+0000] {processor.py:756} INFO - Processing file /home/airflow/.local/lib/python3.7/site-packages/airflow/example_dags/example_branch_operator_decorator.py for tasks to queue
[2024-07-26T14:05:30.424+0000] {logging_mixin.py:120} INFO - [2024-07-26T14:05:30.424+0000] {dagbag.py:537} INFO - Filling up the DagBag from /home/airflow/.local/lib/python3.7/site-packages/airflow/example_dags/example_branch_operator_decorator.py
[2024-07-26T14:05:30.436+0000] {processor.py:766} INFO - DAG(s) dict_keys(['example_branch_python_operator_decorator']) retrieved from /home/airflow/.local/lib/python3.7/site-packages/airflow/example_dags/example_branch_operator_decorator.py
[2024-07-26T14:05:30.465+0000] {logging_mixin.py:120} INFO - [2024-07-26T14:05:30.465+0000] {dag.py:2585} INFO - Sync 1 DAGs
[2024-07-26T14:05:30.495+0000] {logging_mixin.py:120} INFO - [2024-07-26T14:05:30.494+0000] {dag.py:3340} INFO - Setting next_dagrun for example_branch_python_operator_decorator to 2024-07-25T00:00:00+00:00, run_after=2024-07-26T00:00:00+00:00
[2024-07-26T14:05:30.521+0000] {processor.py:176} INFO - Processing /home/airflow/.local/lib/python3.7/site-packages/airflow/example_dags/example_branch_operator_decorator.py took 0.103 seconds
[2024-07-26T14:06:19.811+0000] {processor.py:154} INFO - Started process (PID=7927) to work on /home/airflow/.local/lib/python3.7/site-packages/airflow/example_dags/example_branch_operator_decorator.py
[2024-07-26T14:06:19.811+0000] {processor.py:756} INFO - Processing file /home/airflow/.local/lib/python3.7/site-packages/airflow/example_dags/example_branch_operator_decorator.py for tasks to queue
[2024-07-26T14:06:19.812+0000] {logging_mixin.py:120} INFO - [2024-07-26T14:06:19.812+0000] {dagbag.py:537} INFO - Filling up the DagBag from /home/airflow/.local/lib/python3.7/site-packages/airflow/example_dags/example_branch_operator_decorator.py
[2024-07-26T14:06:19.826+0000] {processor.py:766} INFO - DAG(s) dict_keys(['example_branch_python_operator_decorator']) retrieved from /home/airflow/.local/lib/python3.7/site-packages/airflow/example_dags/example_branch_operator_decorator.py
[2024-07-26T14:06:19.848+0000] {logging_mixin.py:120} INFO - [2024-07-26T14:06:19.848+0000] {dag.py:2585} INFO - Sync 1 DAGs
[2024-07-26T14:06:19.865+0000] {logging_mixin.py:120} INFO - [2024-07-26T14:06:19.865+0000] {dag.py:3340} INFO - Setting next_dagrun for example_branch_python_operator_decorator to 2024-07-25T00:00:00+00:00, run_after=2024-07-26T00:00:00+00:00
[2024-07-26T14:06:19.882+0000] {processor.py:176} INFO - Processing /home/airflow/.local/lib/python3.7/site-packages/airflow/example_dags/example_branch_operator_decorator.py took 0.073 seconds
