[2024-07-26T00:02:53.650+0000] {processor.py:154} INFO - Started process (PID=4780) to work on /home/airflow/.local/lib/python3.7/site-packages/airflow/example_dags/example_local_kubernetes_executor.py
[2024-07-26T00:02:53.651+0000] {processor.py:756} INFO - Processing file /home/airflow/.local/lib/python3.7/site-packages/airflow/example_dags/example_local_kubernetes_executor.py for tasks to queue
[2024-07-26T00:02:53.651+0000] {logging_mixin.py:120} INFO - [2024-07-26T00:02:53.651+0000] {dagbag.py:537} INFO - Filling up the DagBag from /home/airflow/.local/lib/python3.7/site-packages/airflow/example_dags/example_local_kubernetes_executor.py
[2024-07-26T00:02:53.667+0000] {processor.py:766} INFO - DAG(s) dict_keys(['example_local_kubernetes_executor']) retrieved from /home/airflow/.local/lib/python3.7/site-packages/airflow/example_dags/example_local_kubernetes_executor.py
[2024-07-26T00:02:53.701+0000] {logging_mixin.py:120} INFO - [2024-07-26T00:02:53.701+0000] {dag.py:2585} INFO - Sync 1 DAGs
[2024-07-26T00:02:53.720+0000] {logging_mixin.py:120} INFO - [2024-07-26T00:02:53.720+0000] {dag.py:3340} INFO - Setting next_dagrun for example_local_kubernetes_executor to None, run_after=None
[2024-07-26T00:02:53.737+0000] {processor.py:176} INFO - Processing /home/airflow/.local/lib/python3.7/site-packages/airflow/example_dags/example_local_kubernetes_executor.py took 0.090 seconds
[2024-07-26T00:16:06.315+0000] {processor.py:154} INFO - Started process (PID=4835) to work on /home/airflow/.local/lib/python3.7/site-packages/airflow/example_dags/example_local_kubernetes_executor.py
[2024-07-26T00:16:06.316+0000] {processor.py:756} INFO - Processing file /home/airflow/.local/lib/python3.7/site-packages/airflow/example_dags/example_local_kubernetes_executor.py for tasks to queue
[2024-07-26T00:16:06.317+0000] {logging_mixin.py:120} INFO - [2024-07-26T00:16:06.317+0000] {dagbag.py:537} INFO - Filling up the DagBag from /home/airflow/.local/lib/python3.7/site-packages/airflow/example_dags/example_local_kubernetes_executor.py
[2024-07-26T00:16:06.332+0000] {processor.py:766} INFO - DAG(s) dict_keys(['example_local_kubernetes_executor']) retrieved from /home/airflow/.local/lib/python3.7/site-packages/airflow/example_dags/example_local_kubernetes_executor.py
[2024-07-26T00:16:06.358+0000] {logging_mixin.py:120} INFO - [2024-07-26T00:16:06.358+0000] {dag.py:2585} INFO - Sync 1 DAGs
[2024-07-26T00:16:06.373+0000] {logging_mixin.py:120} INFO - [2024-07-26T00:16:06.373+0000] {dag.py:3340} INFO - Setting next_dagrun for example_local_kubernetes_executor to None, run_after=None
[2024-07-26T00:16:06.384+0000] {processor.py:176} INFO - Processing /home/airflow/.local/lib/python3.7/site-packages/airflow/example_dags/example_local_kubernetes_executor.py took 0.071 seconds
[2024-07-26T00:40:52.011+0000] {processor.py:154} INFO - Started process (PID=4899) to work on /home/airflow/.local/lib/python3.7/site-packages/airflow/example_dags/example_local_kubernetes_executor.py
[2024-07-26T00:40:52.012+0000] {processor.py:756} INFO - Processing file /home/airflow/.local/lib/python3.7/site-packages/airflow/example_dags/example_local_kubernetes_executor.py for tasks to queue
[2024-07-26T00:40:52.013+0000] {logging_mixin.py:120} INFO - [2024-07-26T00:40:52.013+0000] {dagbag.py:537} INFO - Filling up the DagBag from /home/airflow/.local/lib/python3.7/site-packages/airflow/example_dags/example_local_kubernetes_executor.py
[2024-07-26T00:40:52.026+0000] {processor.py:766} INFO - DAG(s) dict_keys(['example_local_kubernetes_executor']) retrieved from /home/airflow/.local/lib/python3.7/site-packages/airflow/example_dags/example_local_kubernetes_executor.py
[2024-07-26T00:40:52.068+0000] {logging_mixin.py:120} INFO - [2024-07-26T00:40:52.068+0000] {dag.py:2585} INFO - Sync 1 DAGs
[2024-07-26T00:40:52.092+0000] {logging_mixin.py:120} INFO - [2024-07-26T00:40:52.092+0000] {dag.py:3340} INFO - Setting next_dagrun for example_local_kubernetes_executor to None, run_after=None
[2024-07-26T00:40:52.104+0000] {processor.py:176} INFO - Processing /home/airflow/.local/lib/python3.7/site-packages/airflow/example_dags/example_local_kubernetes_executor.py took 0.095 seconds
[2024-07-26T01:30:32.581+0000] {processor.py:154} INFO - Started process (PID=4963) to work on /home/airflow/.local/lib/python3.7/site-packages/airflow/example_dags/example_local_kubernetes_executor.py
[2024-07-26T01:30:32.583+0000] {processor.py:756} INFO - Processing file /home/airflow/.local/lib/python3.7/site-packages/airflow/example_dags/example_local_kubernetes_executor.py for tasks to queue
[2024-07-26T01:30:32.587+0000] {logging_mixin.py:120} INFO - [2024-07-26T01:30:32.587+0000] {dagbag.py:537} INFO - Filling up the DagBag from /home/airflow/.local/lib/python3.7/site-packages/airflow/example_dags/example_local_kubernetes_executor.py
[2024-07-26T01:30:32.617+0000] {processor.py:766} INFO - DAG(s) dict_keys(['example_local_kubernetes_executor']) retrieved from /home/airflow/.local/lib/python3.7/site-packages/airflow/example_dags/example_local_kubernetes_executor.py
[2024-07-26T01:30:32.663+0000] {logging_mixin.py:120} INFO - [2024-07-26T01:30:32.662+0000] {dag.py:2585} INFO - Sync 1 DAGs
[2024-07-26T01:30:32.686+0000] {logging_mixin.py:120} INFO - [2024-07-26T01:30:32.686+0000] {dag.py:3340} INFO - Setting next_dagrun for example_local_kubernetes_executor to None, run_after=None
[2024-07-26T01:30:32.710+0000] {processor.py:176} INFO - Processing /home/airflow/.local/lib/python3.7/site-packages/airflow/example_dags/example_local_kubernetes_executor.py took 0.133 seconds
[2024-07-26T02:00:29.355+0000] {processor.py:154} INFO - Started process (PID=5027) to work on /home/airflow/.local/lib/python3.7/site-packages/airflow/example_dags/example_local_kubernetes_executor.py
[2024-07-26T02:00:29.356+0000] {processor.py:756} INFO - Processing file /home/airflow/.local/lib/python3.7/site-packages/airflow/example_dags/example_local_kubernetes_executor.py for tasks to queue
[2024-07-26T02:00:29.358+0000] {logging_mixin.py:120} INFO - [2024-07-26T02:00:29.358+0000] {dagbag.py:537} INFO - Filling up the DagBag from /home/airflow/.local/lib/python3.7/site-packages/airflow/example_dags/example_local_kubernetes_executor.py
[2024-07-26T02:00:29.375+0000] {processor.py:766} INFO - DAG(s) dict_keys(['example_local_kubernetes_executor']) retrieved from /home/airflow/.local/lib/python3.7/site-packages/airflow/example_dags/example_local_kubernetes_executor.py
[2024-07-26T02:00:29.413+0000] {logging_mixin.py:120} INFO - [2024-07-26T02:00:29.413+0000] {dag.py:2585} INFO - Sync 1 DAGs
[2024-07-26T02:00:29.433+0000] {logging_mixin.py:120} INFO - [2024-07-26T02:00:29.433+0000] {dag.py:3340} INFO - Setting next_dagrun for example_local_kubernetes_executor to None, run_after=None
[2024-07-26T02:00:29.472+0000] {processor.py:176} INFO - Processing /home/airflow/.local/lib/python3.7/site-packages/airflow/example_dags/example_local_kubernetes_executor.py took 0.119 seconds
[2024-07-26T02:13:00.564+0000] {processor.py:154} INFO - Started process (PID=5082) to work on /home/airflow/.local/lib/python3.7/site-packages/airflow/example_dags/example_local_kubernetes_executor.py
[2024-07-26T02:13:00.568+0000] {processor.py:756} INFO - Processing file /home/airflow/.local/lib/python3.7/site-packages/airflow/example_dags/example_local_kubernetes_executor.py for tasks to queue
[2024-07-26T02:13:00.569+0000] {logging_mixin.py:120} INFO - [2024-07-26T02:13:00.569+0000] {dagbag.py:537} INFO - Filling up the DagBag from /home/airflow/.local/lib/python3.7/site-packages/airflow/example_dags/example_local_kubernetes_executor.py
[2024-07-26T02:13:00.589+0000] {processor.py:766} INFO - DAG(s) dict_keys(['example_local_kubernetes_executor']) retrieved from /home/airflow/.local/lib/python3.7/site-packages/airflow/example_dags/example_local_kubernetes_executor.py
[2024-07-26T02:13:00.641+0000] {logging_mixin.py:120} INFO - [2024-07-26T02:13:00.641+0000] {dag.py:2585} INFO - Sync 1 DAGs
[2024-07-26T02:13:00.689+0000] {logging_mixin.py:120} INFO - [2024-07-26T02:13:00.688+0000] {dag.py:3340} INFO - Setting next_dagrun for example_local_kubernetes_executor to None, run_after=None
[2024-07-26T02:13:00.738+0000] {processor.py:176} INFO - Processing /home/airflow/.local/lib/python3.7/site-packages/airflow/example_dags/example_local_kubernetes_executor.py took 0.177 seconds
[2024-07-26T02:39:11.474+0000] {processor.py:154} INFO - Started process (PID=5145) to work on /home/airflow/.local/lib/python3.7/site-packages/airflow/example_dags/example_local_kubernetes_executor.py
[2024-07-26T02:39:11.475+0000] {processor.py:756} INFO - Processing file /home/airflow/.local/lib/python3.7/site-packages/airflow/example_dags/example_local_kubernetes_executor.py for tasks to queue
[2024-07-26T02:39:11.476+0000] {logging_mixin.py:120} INFO - [2024-07-26T02:39:11.476+0000] {dagbag.py:537} INFO - Filling up the DagBag from /home/airflow/.local/lib/python3.7/site-packages/airflow/example_dags/example_local_kubernetes_executor.py
[2024-07-26T02:39:11.492+0000] {processor.py:766} INFO - DAG(s) dict_keys(['example_local_kubernetes_executor']) retrieved from /home/airflow/.local/lib/python3.7/site-packages/airflow/example_dags/example_local_kubernetes_executor.py
[2024-07-26T02:39:11.518+0000] {logging_mixin.py:120} INFO - [2024-07-26T02:39:11.518+0000] {dag.py:2585} INFO - Sync 1 DAGs
[2024-07-26T02:39:11.534+0000] {logging_mixin.py:120} INFO - [2024-07-26T02:39:11.534+0000] {dag.py:3340} INFO - Setting next_dagrun for example_local_kubernetes_executor to None, run_after=None
[2024-07-26T02:39:11.549+0000] {processor.py:176} INFO - Processing /home/airflow/.local/lib/python3.7/site-packages/airflow/example_dags/example_local_kubernetes_executor.py took 0.077 seconds
[2024-07-26T02:58:11.169+0000] {processor.py:154} INFO - Started process (PID=5209) to work on /home/airflow/.local/lib/python3.7/site-packages/airflow/example_dags/example_local_kubernetes_executor.py
[2024-07-26T02:58:11.169+0000] {processor.py:756} INFO - Processing file /home/airflow/.local/lib/python3.7/site-packages/airflow/example_dags/example_local_kubernetes_executor.py for tasks to queue
[2024-07-26T02:58:11.170+0000] {logging_mixin.py:120} INFO - [2024-07-26T02:58:11.170+0000] {dagbag.py:537} INFO - Filling up the DagBag from /home/airflow/.local/lib/python3.7/site-packages/airflow/example_dags/example_local_kubernetes_executor.py
[2024-07-26T02:58:11.181+0000] {processor.py:766} INFO - DAG(s) dict_keys(['example_local_kubernetes_executor']) retrieved from /home/airflow/.local/lib/python3.7/site-packages/airflow/example_dags/example_local_kubernetes_executor.py
[2024-07-26T02:58:11.201+0000] {logging_mixin.py:120} INFO - [2024-07-26T02:58:11.201+0000] {dag.py:2585} INFO - Sync 1 DAGs
[2024-07-26T02:58:11.212+0000] {logging_mixin.py:120} INFO - [2024-07-26T02:58:11.212+0000] {dag.py:3340} INFO - Setting next_dagrun for example_local_kubernetes_executor to None, run_after=None
[2024-07-26T02:58:11.220+0000] {processor.py:176} INFO - Processing /home/airflow/.local/lib/python3.7/site-packages/airflow/example_dags/example_local_kubernetes_executor.py took 0.053 seconds
[2024-07-26T03:01:33.855+0000] {processor.py:154} INFO - Started process (PID=5273) to work on /home/airflow/.local/lib/python3.7/site-packages/airflow/example_dags/example_local_kubernetes_executor.py
[2024-07-26T03:01:33.856+0000] {processor.py:756} INFO - Processing file /home/airflow/.local/lib/python3.7/site-packages/airflow/example_dags/example_local_kubernetes_executor.py for tasks to queue
[2024-07-26T03:01:33.857+0000] {logging_mixin.py:120} INFO - [2024-07-26T03:01:33.857+0000] {dagbag.py:537} INFO - Filling up the DagBag from /home/airflow/.local/lib/python3.7/site-packages/airflow/example_dags/example_local_kubernetes_executor.py
[2024-07-26T03:01:33.906+0000] {processor.py:766} INFO - DAG(s) dict_keys(['example_local_kubernetes_executor']) retrieved from /home/airflow/.local/lib/python3.7/site-packages/airflow/example_dags/example_local_kubernetes_executor.py
[2024-07-26T03:01:33.967+0000] {logging_mixin.py:120} INFO - [2024-07-26T03:01:33.967+0000] {dag.py:2585} INFO - Sync 1 DAGs
[2024-07-26T03:01:33.986+0000] {logging_mixin.py:120} INFO - [2024-07-26T03:01:33.986+0000] {dag.py:3340} INFO - Setting next_dagrun for example_local_kubernetes_executor to None, run_after=None
[2024-07-26T03:01:34.004+0000] {processor.py:176} INFO - Processing /home/airflow/.local/lib/python3.7/site-packages/airflow/example_dags/example_local_kubernetes_executor.py took 0.152 seconds
[2024-07-26T03:15:40.232+0000] {processor.py:154} INFO - Started process (PID=5337) to work on /home/airflow/.local/lib/python3.7/site-packages/airflow/example_dags/example_local_kubernetes_executor.py
[2024-07-26T03:15:40.234+0000] {processor.py:756} INFO - Processing file /home/airflow/.local/lib/python3.7/site-packages/airflow/example_dags/example_local_kubernetes_executor.py for tasks to queue
[2024-07-26T03:15:40.235+0000] {logging_mixin.py:120} INFO - [2024-07-26T03:15:40.235+0000] {dagbag.py:537} INFO - Filling up the DagBag from /home/airflow/.local/lib/python3.7/site-packages/airflow/example_dags/example_local_kubernetes_executor.py
[2024-07-26T03:15:40.277+0000] {processor.py:766} INFO - DAG(s) dict_keys(['example_local_kubernetes_executor']) retrieved from /home/airflow/.local/lib/python3.7/site-packages/airflow/example_dags/example_local_kubernetes_executor.py
[2024-07-26T03:15:40.342+0000] {logging_mixin.py:120} INFO - [2024-07-26T03:15:40.342+0000] {dag.py:2585} INFO - Sync 1 DAGs
[2024-07-26T03:15:40.372+0000] {logging_mixin.py:120} INFO - [2024-07-26T03:15:40.372+0000] {dag.py:3340} INFO - Setting next_dagrun for example_local_kubernetes_executor to None, run_after=None
[2024-07-26T03:15:40.412+0000] {processor.py:176} INFO - Processing /home/airflow/.local/lib/python3.7/site-packages/airflow/example_dags/example_local_kubernetes_executor.py took 0.186 seconds
[2024-07-26T03:32:15.427+0000] {processor.py:154} INFO - Started process (PID=5392) to work on /home/airflow/.local/lib/python3.7/site-packages/airflow/example_dags/example_local_kubernetes_executor.py
[2024-07-26T03:32:15.430+0000] {processor.py:756} INFO - Processing file /home/airflow/.local/lib/python3.7/site-packages/airflow/example_dags/example_local_kubernetes_executor.py for tasks to queue
[2024-07-26T03:32:15.433+0000] {logging_mixin.py:120} INFO - [2024-07-26T03:32:15.433+0000] {dagbag.py:537} INFO - Filling up the DagBag from /home/airflow/.local/lib/python3.7/site-packages/airflow/example_dags/example_local_kubernetes_executor.py
[2024-07-26T03:32:15.449+0000] {processor.py:766} INFO - DAG(s) dict_keys(['example_local_kubernetes_executor']) retrieved from /home/airflow/.local/lib/python3.7/site-packages/airflow/example_dags/example_local_kubernetes_executor.py
[2024-07-26T03:32:15.476+0000] {logging_mixin.py:120} INFO - [2024-07-26T03:32:15.476+0000] {dag.py:2585} INFO - Sync 1 DAGs
[2024-07-26T03:32:15.489+0000] {logging_mixin.py:120} INFO - [2024-07-26T03:32:15.489+0000] {dag.py:3340} INFO - Setting next_dagrun for example_local_kubernetes_executor to None, run_after=None
[2024-07-26T03:32:15.515+0000] {processor.py:176} INFO - Processing /home/airflow/.local/lib/python3.7/site-packages/airflow/example_dags/example_local_kubernetes_executor.py took 0.090 seconds
[2024-07-26T03:56:58.243+0000] {processor.py:154} INFO - Started process (PID=5456) to work on /home/airflow/.local/lib/python3.7/site-packages/airflow/example_dags/example_local_kubernetes_executor.py
[2024-07-26T03:56:58.245+0000] {processor.py:756} INFO - Processing file /home/airflow/.local/lib/python3.7/site-packages/airflow/example_dags/example_local_kubernetes_executor.py for tasks to queue
[2024-07-26T03:56:58.246+0000] {logging_mixin.py:120} INFO - [2024-07-26T03:56:58.245+0000] {dagbag.py:537} INFO - Filling up the DagBag from /home/airflow/.local/lib/python3.7/site-packages/airflow/example_dags/example_local_kubernetes_executor.py
[2024-07-26T03:56:58.262+0000] {processor.py:766} INFO - DAG(s) dict_keys(['example_local_kubernetes_executor']) retrieved from /home/airflow/.local/lib/python3.7/site-packages/airflow/example_dags/example_local_kubernetes_executor.py
[2024-07-26T03:56:58.293+0000] {logging_mixin.py:120} INFO - [2024-07-26T03:56:58.293+0000] {dag.py:2585} INFO - Sync 1 DAGs
[2024-07-26T03:56:58.328+0000] {logging_mixin.py:120} INFO - [2024-07-26T03:56:58.328+0000] {dag.py:3340} INFO - Setting next_dagrun for example_local_kubernetes_executor to None, run_after=None
[2024-07-26T03:56:58.351+0000] {processor.py:176} INFO - Processing /home/airflow/.local/lib/python3.7/site-packages/airflow/example_dags/example_local_kubernetes_executor.py took 0.110 seconds
[2024-07-26T04:02:04.041+0000] {processor.py:154} INFO - Started process (PID=5520) to work on /home/airflow/.local/lib/python3.7/site-packages/airflow/example_dags/example_local_kubernetes_executor.py
[2024-07-26T04:02:04.043+0000] {processor.py:756} INFO - Processing file /home/airflow/.local/lib/python3.7/site-packages/airflow/example_dags/example_local_kubernetes_executor.py for tasks to queue
[2024-07-26T04:02:04.045+0000] {logging_mixin.py:120} INFO - [2024-07-26T04:02:04.044+0000] {dagbag.py:537} INFO - Filling up the DagBag from /home/airflow/.local/lib/python3.7/site-packages/airflow/example_dags/example_local_kubernetes_executor.py
[2024-07-26T04:02:04.058+0000] {processor.py:766} INFO - DAG(s) dict_keys(['example_local_kubernetes_executor']) retrieved from /home/airflow/.local/lib/python3.7/site-packages/airflow/example_dags/example_local_kubernetes_executor.py
[2024-07-26T04:02:04.079+0000] {logging_mixin.py:120} INFO - [2024-07-26T04:02:04.079+0000] {dag.py:2585} INFO - Sync 1 DAGs
[2024-07-26T04:02:04.092+0000] {logging_mixin.py:120} INFO - [2024-07-26T04:02:04.092+0000] {dag.py:3340} INFO - Setting next_dagrun for example_local_kubernetes_executor to None, run_after=None
[2024-07-26T04:02:04.103+0000] {processor.py:176} INFO - Processing /home/airflow/.local/lib/python3.7/site-packages/airflow/example_dags/example_local_kubernetes_executor.py took 0.065 seconds
[2024-07-26T04:04:16.594+0000] {processor.py:154} INFO - Started process (PID=5584) to work on /home/airflow/.local/lib/python3.7/site-packages/airflow/example_dags/example_local_kubernetes_executor.py
[2024-07-26T04:04:16.597+0000] {processor.py:756} INFO - Processing file /home/airflow/.local/lib/python3.7/site-packages/airflow/example_dags/example_local_kubernetes_executor.py for tasks to queue
[2024-07-26T04:04:16.598+0000] {logging_mixin.py:120} INFO - [2024-07-26T04:04:16.598+0000] {dagbag.py:537} INFO - Filling up the DagBag from /home/airflow/.local/lib/python3.7/site-packages/airflow/example_dags/example_local_kubernetes_executor.py
[2024-07-26T04:04:16.621+0000] {processor.py:766} INFO - DAG(s) dict_keys(['example_local_kubernetes_executor']) retrieved from /home/airflow/.local/lib/python3.7/site-packages/airflow/example_dags/example_local_kubernetes_executor.py
[2024-07-26T04:04:16.661+0000] {logging_mixin.py:120} INFO - [2024-07-26T04:04:16.661+0000] {dag.py:2585} INFO - Sync 1 DAGs
[2024-07-26T04:04:16.686+0000] {logging_mixin.py:120} INFO - [2024-07-26T04:04:16.686+0000] {dag.py:3340} INFO - Setting next_dagrun for example_local_kubernetes_executor to None, run_after=None
[2024-07-26T04:04:16.704+0000] {processor.py:176} INFO - Processing /home/airflow/.local/lib/python3.7/site-packages/airflow/example_dags/example_local_kubernetes_executor.py took 0.113 seconds
[2024-07-26T04:06:03.809+0000] {processor.py:154} INFO - Started process (PID=5647) to work on /home/airflow/.local/lib/python3.7/site-packages/airflow/example_dags/example_local_kubernetes_executor.py
[2024-07-26T04:06:03.810+0000] {processor.py:756} INFO - Processing file /home/airflow/.local/lib/python3.7/site-packages/airflow/example_dags/example_local_kubernetes_executor.py for tasks to queue
[2024-07-26T04:06:03.811+0000] {logging_mixin.py:120} INFO - [2024-07-26T04:06:03.811+0000] {dagbag.py:537} INFO - Filling up the DagBag from /home/airflow/.local/lib/python3.7/site-packages/airflow/example_dags/example_local_kubernetes_executor.py
[2024-07-26T04:06:03.826+0000] {processor.py:766} INFO - DAG(s) dict_keys(['example_local_kubernetes_executor']) retrieved from /home/airflow/.local/lib/python3.7/site-packages/airflow/example_dags/example_local_kubernetes_executor.py
[2024-07-26T04:06:03.861+0000] {logging_mixin.py:120} INFO - [2024-07-26T04:06:03.861+0000] {dag.py:2585} INFO - Sync 1 DAGs
[2024-07-26T04:06:03.883+0000] {logging_mixin.py:120} INFO - [2024-07-26T04:06:03.883+0000] {dag.py:3340} INFO - Setting next_dagrun for example_local_kubernetes_executor to None, run_after=None
[2024-07-26T04:06:03.911+0000] {processor.py:176} INFO - Processing /home/airflow/.local/lib/python3.7/site-packages/airflow/example_dags/example_local_kubernetes_executor.py took 0.103 seconds
[2024-07-26T04:08:05.153+0000] {processor.py:154} INFO - Started process (PID=5702) to work on /home/airflow/.local/lib/python3.7/site-packages/airflow/example_dags/example_local_kubernetes_executor.py
[2024-07-26T04:08:05.154+0000] {processor.py:756} INFO - Processing file /home/airflow/.local/lib/python3.7/site-packages/airflow/example_dags/example_local_kubernetes_executor.py for tasks to queue
[2024-07-26T04:08:05.154+0000] {logging_mixin.py:120} INFO - [2024-07-26T04:08:05.154+0000] {dagbag.py:537} INFO - Filling up the DagBag from /home/airflow/.local/lib/python3.7/site-packages/airflow/example_dags/example_local_kubernetes_executor.py
[2024-07-26T04:08:05.172+0000] {processor.py:766} INFO - DAG(s) dict_keys(['example_local_kubernetes_executor']) retrieved from /home/airflow/.local/lib/python3.7/site-packages/airflow/example_dags/example_local_kubernetes_executor.py
[2024-07-26T04:08:05.201+0000] {logging_mixin.py:120} INFO - [2024-07-26T04:08:05.200+0000] {dag.py:2585} INFO - Sync 1 DAGs
[2024-07-26T04:08:05.215+0000] {logging_mixin.py:120} INFO - [2024-07-26T04:08:05.215+0000] {dag.py:3340} INFO - Setting next_dagrun for example_local_kubernetes_executor to None, run_after=None
[2024-07-26T04:08:05.233+0000] {processor.py:176} INFO - Processing /home/airflow/.local/lib/python3.7/site-packages/airflow/example_dags/example_local_kubernetes_executor.py took 0.081 seconds
[2024-07-26T04:09:01.230+0000] {processor.py:154} INFO - Started process (PID=5766) to work on /home/airflow/.local/lib/python3.7/site-packages/airflow/example_dags/example_local_kubernetes_executor.py
[2024-07-26T04:09:01.233+0000] {processor.py:756} INFO - Processing file /home/airflow/.local/lib/python3.7/site-packages/airflow/example_dags/example_local_kubernetes_executor.py for tasks to queue
[2024-07-26T04:09:01.234+0000] {logging_mixin.py:120} INFO - [2024-07-26T04:09:01.234+0000] {dagbag.py:537} INFO - Filling up the DagBag from /home/airflow/.local/lib/python3.7/site-packages/airflow/example_dags/example_local_kubernetes_executor.py
[2024-07-26T04:09:01.247+0000] {processor.py:766} INFO - DAG(s) dict_keys(['example_local_kubernetes_executor']) retrieved from /home/airflow/.local/lib/python3.7/site-packages/airflow/example_dags/example_local_kubernetes_executor.py
[2024-07-26T04:09:01.280+0000] {logging_mixin.py:120} INFO - [2024-07-26T04:09:01.280+0000] {dag.py:2585} INFO - Sync 1 DAGs
[2024-07-26T04:09:01.296+0000] {logging_mixin.py:120} INFO - [2024-07-26T04:09:01.296+0000] {dag.py:3340} INFO - Setting next_dagrun for example_local_kubernetes_executor to None, run_after=None
[2024-07-26T04:09:01.310+0000] {processor.py:176} INFO - Processing /home/airflow/.local/lib/python3.7/site-packages/airflow/example_dags/example_local_kubernetes_executor.py took 0.081 seconds
[2024-07-26T04:10:10.789+0000] {processor.py:154} INFO - Started process (PID=5831) to work on /home/airflow/.local/lib/python3.7/site-packages/airflow/example_dags/example_local_kubernetes_executor.py
[2024-07-26T04:10:10.793+0000] {processor.py:756} INFO - Processing file /home/airflow/.local/lib/python3.7/site-packages/airflow/example_dags/example_local_kubernetes_executor.py for tasks to queue
[2024-07-26T04:10:10.794+0000] {logging_mixin.py:120} INFO - [2024-07-26T04:10:10.794+0000] {dagbag.py:537} INFO - Filling up the DagBag from /home/airflow/.local/lib/python3.7/site-packages/airflow/example_dags/example_local_kubernetes_executor.py
[2024-07-26T04:10:10.809+0000] {processor.py:766} INFO - DAG(s) dict_keys(['example_local_kubernetes_executor']) retrieved from /home/airflow/.local/lib/python3.7/site-packages/airflow/example_dags/example_local_kubernetes_executor.py
[2024-07-26T04:10:10.835+0000] {logging_mixin.py:120} INFO - [2024-07-26T04:10:10.835+0000] {dag.py:2585} INFO - Sync 1 DAGs
[2024-07-26T04:10:10.852+0000] {logging_mixin.py:120} INFO - [2024-07-26T04:10:10.852+0000] {dag.py:3340} INFO - Setting next_dagrun for example_local_kubernetes_executor to None, run_after=None
[2024-07-26T04:10:10.866+0000] {processor.py:176} INFO - Processing /home/airflow/.local/lib/python3.7/site-packages/airflow/example_dags/example_local_kubernetes_executor.py took 0.078 seconds
[2024-07-26T04:11:37.137+0000] {processor.py:154} INFO - Started process (PID=5895) to work on /home/airflow/.local/lib/python3.7/site-packages/airflow/example_dags/example_local_kubernetes_executor.py
[2024-07-26T04:11:37.139+0000] {processor.py:756} INFO - Processing file /home/airflow/.local/lib/python3.7/site-packages/airflow/example_dags/example_local_kubernetes_executor.py for tasks to queue
[2024-07-26T04:11:37.139+0000] {logging_mixin.py:120} INFO - [2024-07-26T04:11:37.139+0000] {dagbag.py:537} INFO - Filling up the DagBag from /home/airflow/.local/lib/python3.7/site-packages/airflow/example_dags/example_local_kubernetes_executor.py
[2024-07-26T04:11:37.153+0000] {processor.py:766} INFO - DAG(s) dict_keys(['example_local_kubernetes_executor']) retrieved from /home/airflow/.local/lib/python3.7/site-packages/airflow/example_dags/example_local_kubernetes_executor.py
[2024-07-26T04:11:37.187+0000] {logging_mixin.py:120} INFO - [2024-07-26T04:11:37.187+0000] {dag.py:2585} INFO - Sync 1 DAGs
[2024-07-26T04:11:37.204+0000] {logging_mixin.py:120} INFO - [2024-07-26T04:11:37.204+0000] {dag.py:3340} INFO - Setting next_dagrun for example_local_kubernetes_executor to None, run_after=None
[2024-07-26T04:11:37.216+0000] {processor.py:176} INFO - Processing /home/airflow/.local/lib/python3.7/site-packages/airflow/example_dags/example_local_kubernetes_executor.py took 0.082 seconds
[2024-07-26T04:12:20.769+0000] {processor.py:154} INFO - Started process (PID=5950) to work on /home/airflow/.local/lib/python3.7/site-packages/airflow/example_dags/example_local_kubernetes_executor.py
[2024-07-26T04:12:20.769+0000] {processor.py:756} INFO - Processing file /home/airflow/.local/lib/python3.7/site-packages/airflow/example_dags/example_local_kubernetes_executor.py for tasks to queue
[2024-07-26T04:12:20.770+0000] {logging_mixin.py:120} INFO - [2024-07-26T04:12:20.770+0000] {dagbag.py:537} INFO - Filling up the DagBag from /home/airflow/.local/lib/python3.7/site-packages/airflow/example_dags/example_local_kubernetes_executor.py
[2024-07-26T04:12:20.783+0000] {processor.py:766} INFO - DAG(s) dict_keys(['example_local_kubernetes_executor']) retrieved from /home/airflow/.local/lib/python3.7/site-packages/airflow/example_dags/example_local_kubernetes_executor.py
[2024-07-26T04:12:20.813+0000] {logging_mixin.py:120} INFO - [2024-07-26T04:12:20.813+0000] {dag.py:2585} INFO - Sync 1 DAGs
[2024-07-26T04:12:20.836+0000] {logging_mixin.py:120} INFO - [2024-07-26T04:12:20.836+0000] {dag.py:3340} INFO - Setting next_dagrun for example_local_kubernetes_executor to None, run_after=None
[2024-07-26T04:12:20.853+0000] {processor.py:176} INFO - Processing /home/airflow/.local/lib/python3.7/site-packages/airflow/example_dags/example_local_kubernetes_executor.py took 0.086 seconds
[2024-07-26T04:13:13.943+0000] {processor.py:154} INFO - Started process (PID=6014) to work on /home/airflow/.local/lib/python3.7/site-packages/airflow/example_dags/example_local_kubernetes_executor.py
[2024-07-26T04:13:13.944+0000] {processor.py:756} INFO - Processing file /home/airflow/.local/lib/python3.7/site-packages/airflow/example_dags/example_local_kubernetes_executor.py for tasks to queue
[2024-07-26T04:13:13.945+0000] {logging_mixin.py:120} INFO - [2024-07-26T04:13:13.944+0000] {dagbag.py:537} INFO - Filling up the DagBag from /home/airflow/.local/lib/python3.7/site-packages/airflow/example_dags/example_local_kubernetes_executor.py
[2024-07-26T04:13:13.959+0000] {processor.py:766} INFO - DAG(s) dict_keys(['example_local_kubernetes_executor']) retrieved from /home/airflow/.local/lib/python3.7/site-packages/airflow/example_dags/example_local_kubernetes_executor.py
[2024-07-26T04:13:13.984+0000] {logging_mixin.py:120} INFO - [2024-07-26T04:13:13.984+0000] {dag.py:2585} INFO - Sync 1 DAGs
[2024-07-26T04:13:14.002+0000] {logging_mixin.py:120} INFO - [2024-07-26T04:13:14.002+0000] {dag.py:3340} INFO - Setting next_dagrun for example_local_kubernetes_executor to None, run_after=None
[2024-07-26T04:13:14.019+0000] {processor.py:176} INFO - Processing /home/airflow/.local/lib/python3.7/site-packages/airflow/example_dags/example_local_kubernetes_executor.py took 0.077 seconds
[2024-07-26T04:14:04.458+0000] {processor.py:154} INFO - Started process (PID=6077) to work on /home/airflow/.local/lib/python3.7/site-packages/airflow/example_dags/example_local_kubernetes_executor.py
[2024-07-26T04:14:04.458+0000] {processor.py:756} INFO - Processing file /home/airflow/.local/lib/python3.7/site-packages/airflow/example_dags/example_local_kubernetes_executor.py for tasks to queue
[2024-07-26T04:14:04.459+0000] {logging_mixin.py:120} INFO - [2024-07-26T04:14:04.459+0000] {dagbag.py:537} INFO - Filling up the DagBag from /home/airflow/.local/lib/python3.7/site-packages/airflow/example_dags/example_local_kubernetes_executor.py
[2024-07-26T04:14:04.473+0000] {processor.py:766} INFO - DAG(s) dict_keys(['example_local_kubernetes_executor']) retrieved from /home/airflow/.local/lib/python3.7/site-packages/airflow/example_dags/example_local_kubernetes_executor.py
[2024-07-26T04:14:04.500+0000] {logging_mixin.py:120} INFO - [2024-07-26T04:14:04.500+0000] {dag.py:2585} INFO - Sync 1 DAGs
[2024-07-26T04:14:04.521+0000] {logging_mixin.py:120} INFO - [2024-07-26T04:14:04.520+0000] {dag.py:3340} INFO - Setting next_dagrun for example_local_kubernetes_executor to None, run_after=None
[2024-07-26T04:14:04.535+0000] {processor.py:176} INFO - Processing /home/airflow/.local/lib/python3.7/site-packages/airflow/example_dags/example_local_kubernetes_executor.py took 0.079 seconds
[2024-07-26T04:18:33.341+0000] {processor.py:154} INFO - Started process (PID=6141) to work on /home/airflow/.local/lib/python3.7/site-packages/airflow/example_dags/example_local_kubernetes_executor.py
[2024-07-26T04:18:33.347+0000] {processor.py:756} INFO - Processing file /home/airflow/.local/lib/python3.7/site-packages/airflow/example_dags/example_local_kubernetes_executor.py for tasks to queue
[2024-07-26T04:18:33.348+0000] {logging_mixin.py:120} INFO - [2024-07-26T04:18:33.348+0000] {dagbag.py:537} INFO - Filling up the DagBag from /home/airflow/.local/lib/python3.7/site-packages/airflow/example_dags/example_local_kubernetes_executor.py
[2024-07-26T04:18:33.371+0000] {processor.py:766} INFO - DAG(s) dict_keys(['example_local_kubernetes_executor']) retrieved from /home/airflow/.local/lib/python3.7/site-packages/airflow/example_dags/example_local_kubernetes_executor.py
[2024-07-26T04:18:33.428+0000] {logging_mixin.py:120} INFO - [2024-07-26T04:18:33.428+0000] {dag.py:2585} INFO - Sync 1 DAGs
[2024-07-26T04:18:33.448+0000] {logging_mixin.py:120} INFO - [2024-07-26T04:18:33.448+0000] {dag.py:3340} INFO - Setting next_dagrun for example_local_kubernetes_executor to None, run_after=None
[2024-07-26T04:18:33.479+0000] {processor.py:176} INFO - Processing /home/airflow/.local/lib/python3.7/site-packages/airflow/example_dags/example_local_kubernetes_executor.py took 0.143 seconds
[2024-07-26T04:19:15.710+0000] {processor.py:154} INFO - Started process (PID=6205) to work on /home/airflow/.local/lib/python3.7/site-packages/airflow/example_dags/example_local_kubernetes_executor.py
[2024-07-26T04:19:15.711+0000] {processor.py:756} INFO - Processing file /home/airflow/.local/lib/python3.7/site-packages/airflow/example_dags/example_local_kubernetes_executor.py for tasks to queue
[2024-07-26T04:19:15.711+0000] {logging_mixin.py:120} INFO - [2024-07-26T04:19:15.711+0000] {dagbag.py:537} INFO - Filling up the DagBag from /home/airflow/.local/lib/python3.7/site-packages/airflow/example_dags/example_local_kubernetes_executor.py
[2024-07-26T04:19:15.723+0000] {processor.py:766} INFO - DAG(s) dict_keys(['example_local_kubernetes_executor']) retrieved from /home/airflow/.local/lib/python3.7/site-packages/airflow/example_dags/example_local_kubernetes_executor.py
[2024-07-26T04:19:15.756+0000] {logging_mixin.py:120} INFO - [2024-07-26T04:19:15.756+0000] {dag.py:2585} INFO - Sync 1 DAGs
[2024-07-26T04:19:15.775+0000] {logging_mixin.py:120} INFO - [2024-07-26T04:19:15.775+0000] {dag.py:3340} INFO - Setting next_dagrun for example_local_kubernetes_executor to None, run_after=None
[2024-07-26T04:19:15.791+0000] {processor.py:176} INFO - Processing /home/airflow/.local/lib/python3.7/site-packages/airflow/example_dags/example_local_kubernetes_executor.py took 0.083 seconds
[2024-07-26T04:20:37.321+0000] {processor.py:154} INFO - Started process (PID=6260) to work on /home/airflow/.local/lib/python3.7/site-packages/airflow/example_dags/example_local_kubernetes_executor.py
[2024-07-26T04:20:37.322+0000] {processor.py:756} INFO - Processing file /home/airflow/.local/lib/python3.7/site-packages/airflow/example_dags/example_local_kubernetes_executor.py for tasks to queue
[2024-07-26T04:20:37.322+0000] {logging_mixin.py:120} INFO - [2024-07-26T04:20:37.322+0000] {dagbag.py:537} INFO - Filling up the DagBag from /home/airflow/.local/lib/python3.7/site-packages/airflow/example_dags/example_local_kubernetes_executor.py
[2024-07-26T04:20:37.339+0000] {processor.py:766} INFO - DAG(s) dict_keys(['example_local_kubernetes_executor']) retrieved from /home/airflow/.local/lib/python3.7/site-packages/airflow/example_dags/example_local_kubernetes_executor.py
[2024-07-26T04:20:37.364+0000] {logging_mixin.py:120} INFO - [2024-07-26T04:20:37.364+0000] {dag.py:2585} INFO - Sync 1 DAGs
[2024-07-26T04:20:37.384+0000] {logging_mixin.py:120} INFO - [2024-07-26T04:20:37.384+0000] {dag.py:3340} INFO - Setting next_dagrun for example_local_kubernetes_executor to None, run_after=None
[2024-07-26T04:20:37.399+0000] {processor.py:176} INFO - Processing /home/airflow/.local/lib/python3.7/site-packages/airflow/example_dags/example_local_kubernetes_executor.py took 0.079 seconds
[2024-07-26T04:21:41.315+0000] {processor.py:154} INFO - Started process (PID=6323) to work on /home/airflow/.local/lib/python3.7/site-packages/airflow/example_dags/example_local_kubernetes_executor.py
[2024-07-26T04:21:41.316+0000] {processor.py:756} INFO - Processing file /home/airflow/.local/lib/python3.7/site-packages/airflow/example_dags/example_local_kubernetes_executor.py for tasks to queue
[2024-07-26T04:21:41.317+0000] {logging_mixin.py:120} INFO - [2024-07-26T04:21:41.317+0000] {dagbag.py:537} INFO - Filling up the DagBag from /home/airflow/.local/lib/python3.7/site-packages/airflow/example_dags/example_local_kubernetes_executor.py
[2024-07-26T04:21:41.329+0000] {processor.py:766} INFO - DAG(s) dict_keys(['example_local_kubernetes_executor']) retrieved from /home/airflow/.local/lib/python3.7/site-packages/airflow/example_dags/example_local_kubernetes_executor.py
[2024-07-26T04:21:41.351+0000] {logging_mixin.py:120} INFO - [2024-07-26T04:21:41.351+0000] {dag.py:2585} INFO - Sync 1 DAGs
[2024-07-26T04:21:41.365+0000] {logging_mixin.py:120} INFO - [2024-07-26T04:21:41.365+0000] {dag.py:3340} INFO - Setting next_dagrun for example_local_kubernetes_executor to None, run_after=None
[2024-07-26T04:21:41.385+0000] {processor.py:176} INFO - Processing /home/airflow/.local/lib/python3.7/site-packages/airflow/example_dags/example_local_kubernetes_executor.py took 0.071 seconds
[2024-07-26T04:22:47.631+0000] {processor.py:154} INFO - Started process (PID=6387) to work on /home/airflow/.local/lib/python3.7/site-packages/airflow/example_dags/example_local_kubernetes_executor.py
[2024-07-26T04:22:47.632+0000] {processor.py:756} INFO - Processing file /home/airflow/.local/lib/python3.7/site-packages/airflow/example_dags/example_local_kubernetes_executor.py for tasks to queue
[2024-07-26T04:22:47.632+0000] {logging_mixin.py:120} INFO - [2024-07-26T04:22:47.632+0000] {dagbag.py:537} INFO - Filling up the DagBag from /home/airflow/.local/lib/python3.7/site-packages/airflow/example_dags/example_local_kubernetes_executor.py
[2024-07-26T04:22:47.649+0000] {processor.py:766} INFO - DAG(s) dict_keys(['example_local_kubernetes_executor']) retrieved from /home/airflow/.local/lib/python3.7/site-packages/airflow/example_dags/example_local_kubernetes_executor.py
[2024-07-26T04:22:47.673+0000] {logging_mixin.py:120} INFO - [2024-07-26T04:22:47.673+0000] {dag.py:2585} INFO - Sync 1 DAGs
[2024-07-26T04:22:47.686+0000] {logging_mixin.py:120} INFO - [2024-07-26T04:22:47.686+0000] {dag.py:3340} INFO - Setting next_dagrun for example_local_kubernetes_executor to None, run_after=None
[2024-07-26T04:22:47.699+0000] {processor.py:176} INFO - Processing /home/airflow/.local/lib/python3.7/site-packages/airflow/example_dags/example_local_kubernetes_executor.py took 0.070 seconds
[2024-07-26T04:34:00.162+0000] {processor.py:154} INFO - Started process (PID=6451) to work on /home/airflow/.local/lib/python3.7/site-packages/airflow/example_dags/example_local_kubernetes_executor.py
[2024-07-26T04:34:00.166+0000] {processor.py:756} INFO - Processing file /home/airflow/.local/lib/python3.7/site-packages/airflow/example_dags/example_local_kubernetes_executor.py for tasks to queue
[2024-07-26T04:34:00.166+0000] {logging_mixin.py:120} INFO - [2024-07-26T04:34:00.166+0000] {dagbag.py:537} INFO - Filling up the DagBag from /home/airflow/.local/lib/python3.7/site-packages/airflow/example_dags/example_local_kubernetes_executor.py
[2024-07-26T04:34:00.179+0000] {processor.py:766} INFO - DAG(s) dict_keys(['example_local_kubernetes_executor']) retrieved from /home/airflow/.local/lib/python3.7/site-packages/airflow/example_dags/example_local_kubernetes_executor.py
[2024-07-26T04:34:00.206+0000] {logging_mixin.py:120} INFO - [2024-07-26T04:34:00.205+0000] {dag.py:2585} INFO - Sync 1 DAGs
[2024-07-26T04:34:00.244+0000] {logging_mixin.py:120} INFO - [2024-07-26T04:34:00.244+0000] {dag.py:3340} INFO - Setting next_dagrun for example_local_kubernetes_executor to None, run_after=None
[2024-07-26T04:34:00.284+0000] {processor.py:176} INFO - Processing /home/airflow/.local/lib/python3.7/site-packages/airflow/example_dags/example_local_kubernetes_executor.py took 0.124 seconds
[2024-07-26T04:49:12.825+0000] {processor.py:154} INFO - Started process (PID=6515) to work on /home/airflow/.local/lib/python3.7/site-packages/airflow/example_dags/example_local_kubernetes_executor.py
[2024-07-26T04:49:12.827+0000] {processor.py:756} INFO - Processing file /home/airflow/.local/lib/python3.7/site-packages/airflow/example_dags/example_local_kubernetes_executor.py for tasks to queue
[2024-07-26T04:49:12.828+0000] {logging_mixin.py:120} INFO - [2024-07-26T04:49:12.828+0000] {dagbag.py:537} INFO - Filling up the DagBag from /home/airflow/.local/lib/python3.7/site-packages/airflow/example_dags/example_local_kubernetes_executor.py
[2024-07-26T04:49:12.845+0000] {processor.py:766} INFO - DAG(s) dict_keys(['example_local_kubernetes_executor']) retrieved from /home/airflow/.local/lib/python3.7/site-packages/airflow/example_dags/example_local_kubernetes_executor.py
[2024-07-26T04:49:12.874+0000] {logging_mixin.py:120} INFO - [2024-07-26T04:49:12.874+0000] {dag.py:2585} INFO - Sync 1 DAGs
[2024-07-26T04:49:12.891+0000] {logging_mixin.py:120} INFO - [2024-07-26T04:49:12.890+0000] {dag.py:3340} INFO - Setting next_dagrun for example_local_kubernetes_executor to None, run_after=None
[2024-07-26T04:49:12.911+0000] {processor.py:176} INFO - Processing /home/airflow/.local/lib/python3.7/site-packages/airflow/example_dags/example_local_kubernetes_executor.py took 0.088 seconds
[2024-07-26T04:53:37.335+0000] {processor.py:154} INFO - Started process (PID=6570) to work on /home/airflow/.local/lib/python3.7/site-packages/airflow/example_dags/example_local_kubernetes_executor.py
[2024-07-26T04:53:37.336+0000] {processor.py:756} INFO - Processing file /home/airflow/.local/lib/python3.7/site-packages/airflow/example_dags/example_local_kubernetes_executor.py for tasks to queue
[2024-07-26T04:53:37.337+0000] {logging_mixin.py:120} INFO - [2024-07-26T04:53:37.337+0000] {dagbag.py:537} INFO - Filling up the DagBag from /home/airflow/.local/lib/python3.7/site-packages/airflow/example_dags/example_local_kubernetes_executor.py
[2024-07-26T04:53:37.366+0000] {processor.py:766} INFO - DAG(s) dict_keys(['example_local_kubernetes_executor']) retrieved from /home/airflow/.local/lib/python3.7/site-packages/airflow/example_dags/example_local_kubernetes_executor.py
[2024-07-26T04:53:37.432+0000] {logging_mixin.py:120} INFO - [2024-07-26T04:53:37.432+0000] {dag.py:2585} INFO - Sync 1 DAGs
[2024-07-26T04:53:37.455+0000] {logging_mixin.py:120} INFO - [2024-07-26T04:53:37.455+0000] {dag.py:3340} INFO - Setting next_dagrun for example_local_kubernetes_executor to None, run_after=None
[2024-07-26T04:53:37.471+0000] {processor.py:176} INFO - Processing /home/airflow/.local/lib/python3.7/site-packages/airflow/example_dags/example_local_kubernetes_executor.py took 0.139 seconds
[2024-07-26T05:02:49.678+0000] {processor.py:154} INFO - Started process (PID=6634) to work on /home/airflow/.local/lib/python3.7/site-packages/airflow/example_dags/example_local_kubernetes_executor.py
[2024-07-26T05:02:49.681+0000] {processor.py:756} INFO - Processing file /home/airflow/.local/lib/python3.7/site-packages/airflow/example_dags/example_local_kubernetes_executor.py for tasks to queue
[2024-07-26T05:02:49.681+0000] {logging_mixin.py:120} INFO - [2024-07-26T05:02:49.681+0000] {dagbag.py:537} INFO - Filling up the DagBag from /home/airflow/.local/lib/python3.7/site-packages/airflow/example_dags/example_local_kubernetes_executor.py
[2024-07-26T05:02:49.703+0000] {processor.py:766} INFO - DAG(s) dict_keys(['example_local_kubernetes_executor']) retrieved from /home/airflow/.local/lib/python3.7/site-packages/airflow/example_dags/example_local_kubernetes_executor.py
[2024-07-26T05:02:49.741+0000] {logging_mixin.py:120} INFO - [2024-07-26T05:02:49.741+0000] {dag.py:2585} INFO - Sync 1 DAGs
[2024-07-26T05:02:49.763+0000] {logging_mixin.py:120} INFO - [2024-07-26T05:02:49.763+0000] {dag.py:3340} INFO - Setting next_dagrun for example_local_kubernetes_executor to None, run_after=None
[2024-07-26T05:02:49.800+0000] {processor.py:176} INFO - Processing /home/airflow/.local/lib/python3.7/site-packages/airflow/example_dags/example_local_kubernetes_executor.py took 0.123 seconds
[2024-07-26T05:15:51.783+0000] {processor.py:154} INFO - Started process (PID=6698) to work on /home/airflow/.local/lib/python3.7/site-packages/airflow/example_dags/example_local_kubernetes_executor.py
[2024-07-26T05:15:51.790+0000] {processor.py:756} INFO - Processing file /home/airflow/.local/lib/python3.7/site-packages/airflow/example_dags/example_local_kubernetes_executor.py for tasks to queue
[2024-07-26T05:15:51.791+0000] {logging_mixin.py:120} INFO - [2024-07-26T05:15:51.791+0000] {dagbag.py:537} INFO - Filling up the DagBag from /home/airflow/.local/lib/python3.7/site-packages/airflow/example_dags/example_local_kubernetes_executor.py
[2024-07-26T05:15:51.833+0000] {processor.py:766} INFO - DAG(s) dict_keys(['example_local_kubernetes_executor']) retrieved from /home/airflow/.local/lib/python3.7/site-packages/airflow/example_dags/example_local_kubernetes_executor.py
[2024-07-26T05:15:51.890+0000] {logging_mixin.py:120} INFO - [2024-07-26T05:15:51.889+0000] {dag.py:2585} INFO - Sync 1 DAGs
[2024-07-26T05:15:51.925+0000] {logging_mixin.py:120} INFO - [2024-07-26T05:15:51.925+0000] {dag.py:3340} INFO - Setting next_dagrun for example_local_kubernetes_executor to None, run_after=None
[2024-07-26T05:15:51.955+0000] {processor.py:176} INFO - Processing /home/airflow/.local/lib/python3.7/site-packages/airflow/example_dags/example_local_kubernetes_executor.py took 0.186 seconds
[2024-07-26T05:33:28.629+0000] {processor.py:154} INFO - Started process (PID=6762) to work on /home/airflow/.local/lib/python3.7/site-packages/airflow/example_dags/example_local_kubernetes_executor.py
[2024-07-26T05:33:28.631+0000] {processor.py:756} INFO - Processing file /home/airflow/.local/lib/python3.7/site-packages/airflow/example_dags/example_local_kubernetes_executor.py for tasks to queue
[2024-07-26T05:33:28.632+0000] {logging_mixin.py:120} INFO - [2024-07-26T05:33:28.632+0000] {dagbag.py:537} INFO - Filling up the DagBag from /home/airflow/.local/lib/python3.7/site-packages/airflow/example_dags/example_local_kubernetes_executor.py
[2024-07-26T05:33:28.676+0000] {processor.py:766} INFO - DAG(s) dict_keys(['example_local_kubernetes_executor']) retrieved from /home/airflow/.local/lib/python3.7/site-packages/airflow/example_dags/example_local_kubernetes_executor.py
[2024-07-26T05:33:28.724+0000] {logging_mixin.py:120} INFO - [2024-07-26T05:33:28.724+0000] {dag.py:2585} INFO - Sync 1 DAGs
[2024-07-26T05:33:28.756+0000] {logging_mixin.py:120} INFO - [2024-07-26T05:33:28.756+0000] {dag.py:3340} INFO - Setting next_dagrun for example_local_kubernetes_executor to None, run_after=None
[2024-07-26T05:33:28.774+0000] {processor.py:176} INFO - Processing /home/airflow/.local/lib/python3.7/site-packages/airflow/example_dags/example_local_kubernetes_executor.py took 0.149 seconds
[2024-07-26T06:09:36.209+0000] {processor.py:154} INFO - Started process (PID=6825) to work on /home/airflow/.local/lib/python3.7/site-packages/airflow/example_dags/example_local_kubernetes_executor.py
[2024-07-26T06:09:36.215+0000] {processor.py:756} INFO - Processing file /home/airflow/.local/lib/python3.7/site-packages/airflow/example_dags/example_local_kubernetes_executor.py for tasks to queue
[2024-07-26T06:09:36.222+0000] {logging_mixin.py:120} INFO - [2024-07-26T06:09:36.220+0000] {dagbag.py:537} INFO - Filling up the DagBag from /home/airflow/.local/lib/python3.7/site-packages/airflow/example_dags/example_local_kubernetes_executor.py
[2024-07-26T06:09:36.266+0000] {processor.py:766} INFO - DAG(s) dict_keys(['example_local_kubernetes_executor']) retrieved from /home/airflow/.local/lib/python3.7/site-packages/airflow/example_dags/example_local_kubernetes_executor.py
[2024-07-26T06:09:36.353+0000] {logging_mixin.py:120} INFO - [2024-07-26T06:09:36.353+0000] {dag.py:2585} INFO - Sync 1 DAGs
[2024-07-26T06:09:36.376+0000] {logging_mixin.py:120} INFO - [2024-07-26T06:09:36.376+0000] {dag.py:3340} INFO - Setting next_dagrun for example_local_kubernetes_executor to None, run_after=None
[2024-07-26T06:09:36.391+0000] {processor.py:176} INFO - Processing /home/airflow/.local/lib/python3.7/site-packages/airflow/example_dags/example_local_kubernetes_executor.py took 0.186 seconds
[2024-07-26T07:10:33.207+0000] {processor.py:154} INFO - Started process (PID=6880) to work on /home/airflow/.local/lib/python3.7/site-packages/airflow/example_dags/example_local_kubernetes_executor.py
[2024-07-26T07:10:33.210+0000] {processor.py:756} INFO - Processing file /home/airflow/.local/lib/python3.7/site-packages/airflow/example_dags/example_local_kubernetes_executor.py for tasks to queue
[2024-07-26T07:10:33.211+0000] {logging_mixin.py:120} INFO - [2024-07-26T07:10:33.211+0000] {dagbag.py:537} INFO - Filling up the DagBag from /home/airflow/.local/lib/python3.7/site-packages/airflow/example_dags/example_local_kubernetes_executor.py
[2024-07-26T07:10:33.228+0000] {processor.py:766} INFO - DAG(s) dict_keys(['example_local_kubernetes_executor']) retrieved from /home/airflow/.local/lib/python3.7/site-packages/airflow/example_dags/example_local_kubernetes_executor.py
[2024-07-26T07:10:33.269+0000] {logging_mixin.py:120} INFO - [2024-07-26T07:10:33.268+0000] {dag.py:2585} INFO - Sync 1 DAGs
[2024-07-26T07:10:33.299+0000] {logging_mixin.py:120} INFO - [2024-07-26T07:10:33.299+0000] {dag.py:3340} INFO - Setting next_dagrun for example_local_kubernetes_executor to None, run_after=None
[2024-07-26T07:10:33.321+0000] {processor.py:176} INFO - Processing /home/airflow/.local/lib/python3.7/site-packages/airflow/example_dags/example_local_kubernetes_executor.py took 0.117 seconds
[2024-07-26T08:11:47.556+0000] {processor.py:154} INFO - Started process (PID=6944) to work on /home/airflow/.local/lib/python3.7/site-packages/airflow/example_dags/example_local_kubernetes_executor.py
[2024-07-26T08:11:47.560+0000] {processor.py:756} INFO - Processing file /home/airflow/.local/lib/python3.7/site-packages/airflow/example_dags/example_local_kubernetes_executor.py for tasks to queue
[2024-07-26T08:11:47.561+0000] {logging_mixin.py:120} INFO - [2024-07-26T08:11:47.561+0000] {dagbag.py:537} INFO - Filling up the DagBag from /home/airflow/.local/lib/python3.7/site-packages/airflow/example_dags/example_local_kubernetes_executor.py
[2024-07-26T08:11:47.576+0000] {processor.py:766} INFO - DAG(s) dict_keys(['example_local_kubernetes_executor']) retrieved from /home/airflow/.local/lib/python3.7/site-packages/airflow/example_dags/example_local_kubernetes_executor.py
[2024-07-26T08:11:47.622+0000] {logging_mixin.py:120} INFO - [2024-07-26T08:11:47.622+0000] {dag.py:2585} INFO - Sync 1 DAGs
[2024-07-26T08:11:47.640+0000] {logging_mixin.py:120} INFO - [2024-07-26T08:11:47.640+0000] {dag.py:3340} INFO - Setting next_dagrun for example_local_kubernetes_executor to None, run_after=None
[2024-07-26T08:11:47.673+0000] {processor.py:176} INFO - Processing /home/airflow/.local/lib/python3.7/site-packages/airflow/example_dags/example_local_kubernetes_executor.py took 0.119 seconds
[2024-07-26T08:36:11.475+0000] {processor.py:154} INFO - Started process (PID=7008) to work on /home/airflow/.local/lib/python3.7/site-packages/airflow/example_dags/example_local_kubernetes_executor.py
[2024-07-26T08:36:11.477+0000] {processor.py:756} INFO - Processing file /home/airflow/.local/lib/python3.7/site-packages/airflow/example_dags/example_local_kubernetes_executor.py for tasks to queue
[2024-07-26T08:36:11.478+0000] {logging_mixin.py:120} INFO - [2024-07-26T08:36:11.478+0000] {dagbag.py:537} INFO - Filling up the DagBag from /home/airflow/.local/lib/python3.7/site-packages/airflow/example_dags/example_local_kubernetes_executor.py
[2024-07-26T08:36:11.499+0000] {processor.py:766} INFO - DAG(s) dict_keys(['example_local_kubernetes_executor']) retrieved from /home/airflow/.local/lib/python3.7/site-packages/airflow/example_dags/example_local_kubernetes_executor.py
[2024-07-26T08:36:11.543+0000] {logging_mixin.py:120} INFO - [2024-07-26T08:36:11.543+0000] {dag.py:2585} INFO - Sync 1 DAGs
[2024-07-26T08:36:11.563+0000] {logging_mixin.py:120} INFO - [2024-07-26T08:36:11.563+0000] {dag.py:3340} INFO - Setting next_dagrun for example_local_kubernetes_executor to None, run_after=None
[2024-07-26T08:36:11.578+0000] {processor.py:176} INFO - Processing /home/airflow/.local/lib/python3.7/site-packages/airflow/example_dags/example_local_kubernetes_executor.py took 0.106 seconds
[2024-07-26T09:29:26.017+0000] {processor.py:154} INFO - Started process (PID=7072) to work on /home/airflow/.local/lib/python3.7/site-packages/airflow/example_dags/example_local_kubernetes_executor.py
[2024-07-26T09:29:26.018+0000] {processor.py:756} INFO - Processing file /home/airflow/.local/lib/python3.7/site-packages/airflow/example_dags/example_local_kubernetes_executor.py for tasks to queue
[2024-07-26T09:29:26.018+0000] {logging_mixin.py:120} INFO - [2024-07-26T09:29:26.018+0000] {dagbag.py:537} INFO - Filling up the DagBag from /home/airflow/.local/lib/python3.7/site-packages/airflow/example_dags/example_local_kubernetes_executor.py
[2024-07-26T09:29:26.032+0000] {processor.py:766} INFO - DAG(s) dict_keys(['example_local_kubernetes_executor']) retrieved from /home/airflow/.local/lib/python3.7/site-packages/airflow/example_dags/example_local_kubernetes_executor.py
[2024-07-26T09:29:26.073+0000] {logging_mixin.py:120} INFO - [2024-07-26T09:29:26.072+0000] {dag.py:2585} INFO - Sync 1 DAGs
[2024-07-26T09:29:26.089+0000] {logging_mixin.py:120} INFO - [2024-07-26T09:29:26.088+0000] {dag.py:3340} INFO - Setting next_dagrun for example_local_kubernetes_executor to None, run_after=None
[2024-07-26T09:29:26.110+0000] {processor.py:176} INFO - Processing /home/airflow/.local/lib/python3.7/site-packages/airflow/example_dags/example_local_kubernetes_executor.py took 0.095 seconds
[2024-07-26T10:30:30.312+0000] {processor.py:154} INFO - Started process (PID=7127) to work on /home/airflow/.local/lib/python3.7/site-packages/airflow/example_dags/example_local_kubernetes_executor.py
[2024-07-26T10:30:30.315+0000] {processor.py:756} INFO - Processing file /home/airflow/.local/lib/python3.7/site-packages/airflow/example_dags/example_local_kubernetes_executor.py for tasks to queue
[2024-07-26T10:30:30.316+0000] {logging_mixin.py:120} INFO - [2024-07-26T10:30:30.316+0000] {dagbag.py:537} INFO - Filling up the DagBag from /home/airflow/.local/lib/python3.7/site-packages/airflow/example_dags/example_local_kubernetes_executor.py
[2024-07-26T10:30:30.333+0000] {processor.py:766} INFO - DAG(s) dict_keys(['example_local_kubernetes_executor']) retrieved from /home/airflow/.local/lib/python3.7/site-packages/airflow/example_dags/example_local_kubernetes_executor.py
[2024-07-26T10:30:30.379+0000] {logging_mixin.py:120} INFO - [2024-07-26T10:30:30.379+0000] {dag.py:2585} INFO - Sync 1 DAGs
[2024-07-26T10:30:30.407+0000] {logging_mixin.py:120} INFO - [2024-07-26T10:30:30.407+0000] {dag.py:3340} INFO - Setting next_dagrun for example_local_kubernetes_executor to None, run_after=None
[2024-07-26T10:30:30.432+0000] {processor.py:176} INFO - Processing /home/airflow/.local/lib/python3.7/site-packages/airflow/example_dags/example_local_kubernetes_executor.py took 0.123 seconds
[2024-07-26T10:39:56.045+0000] {processor.py:154} INFO - Started process (PID=7191) to work on /home/airflow/.local/lib/python3.7/site-packages/airflow/example_dags/example_local_kubernetes_executor.py
[2024-07-26T10:39:56.047+0000] {processor.py:756} INFO - Processing file /home/airflow/.local/lib/python3.7/site-packages/airflow/example_dags/example_local_kubernetes_executor.py for tasks to queue
[2024-07-26T10:39:56.048+0000] {logging_mixin.py:120} INFO - [2024-07-26T10:39:56.048+0000] {dagbag.py:537} INFO - Filling up the DagBag from /home/airflow/.local/lib/python3.7/site-packages/airflow/example_dags/example_local_kubernetes_executor.py
[2024-07-26T10:39:56.061+0000] {processor.py:766} INFO - DAG(s) dict_keys(['example_local_kubernetes_executor']) retrieved from /home/airflow/.local/lib/python3.7/site-packages/airflow/example_dags/example_local_kubernetes_executor.py
[2024-07-26T10:39:56.091+0000] {logging_mixin.py:120} INFO - [2024-07-26T10:39:56.091+0000] {dag.py:2585} INFO - Sync 1 DAGs
[2024-07-26T10:39:56.109+0000] {logging_mixin.py:120} INFO - [2024-07-26T10:39:56.109+0000] {dag.py:3340} INFO - Setting next_dagrun for example_local_kubernetes_executor to None, run_after=None
[2024-07-26T10:39:56.121+0000] {processor.py:176} INFO - Processing /home/airflow/.local/lib/python3.7/site-packages/airflow/example_dags/example_local_kubernetes_executor.py took 0.078 seconds
[2024-07-26T11:48:30.445+0000] {processor.py:154} INFO - Started process (PID=7255) to work on /home/airflow/.local/lib/python3.7/site-packages/airflow/example_dags/example_local_kubernetes_executor.py
[2024-07-26T11:48:30.447+0000] {processor.py:756} INFO - Processing file /home/airflow/.local/lib/python3.7/site-packages/airflow/example_dags/example_local_kubernetes_executor.py for tasks to queue
[2024-07-26T11:48:30.448+0000] {logging_mixin.py:120} INFO - [2024-07-26T11:48:30.448+0000] {dagbag.py:537} INFO - Filling up the DagBag from /home/airflow/.local/lib/python3.7/site-packages/airflow/example_dags/example_local_kubernetes_executor.py
[2024-07-26T11:48:30.469+0000] {processor.py:766} INFO - DAG(s) dict_keys(['example_local_kubernetes_executor']) retrieved from /home/airflow/.local/lib/python3.7/site-packages/airflow/example_dags/example_local_kubernetes_executor.py
[2024-07-26T11:48:30.515+0000] {logging_mixin.py:120} INFO - [2024-07-26T11:48:30.515+0000] {dag.py:2585} INFO - Sync 1 DAGs
[2024-07-26T11:48:30.568+0000] {logging_mixin.py:120} INFO - [2024-07-26T11:48:30.568+0000] {dag.py:3340} INFO - Setting next_dagrun for example_local_kubernetes_executor to None, run_after=None
[2024-07-26T11:48:30.589+0000] {processor.py:176} INFO - Processing /home/airflow/.local/lib/python3.7/site-packages/airflow/example_dags/example_local_kubernetes_executor.py took 0.146 seconds
[2024-07-26T12:13:05.651+0000] {processor.py:154} INFO - Started process (PID=7319) to work on /home/airflow/.local/lib/python3.7/site-packages/airflow/example_dags/example_local_kubernetes_executor.py
[2024-07-26T12:13:05.655+0000] {processor.py:756} INFO - Processing file /home/airflow/.local/lib/python3.7/site-packages/airflow/example_dags/example_local_kubernetes_executor.py for tasks to queue
[2024-07-26T12:13:05.658+0000] {logging_mixin.py:120} INFO - [2024-07-26T12:13:05.658+0000] {dagbag.py:537} INFO - Filling up the DagBag from /home/airflow/.local/lib/python3.7/site-packages/airflow/example_dags/example_local_kubernetes_executor.py
[2024-07-26T12:13:05.677+0000] {processor.py:766} INFO - DAG(s) dict_keys(['example_local_kubernetes_executor']) retrieved from /home/airflow/.local/lib/python3.7/site-packages/airflow/example_dags/example_local_kubernetes_executor.py
[2024-07-26T12:13:05.726+0000] {logging_mixin.py:120} INFO - [2024-07-26T12:13:05.726+0000] {dag.py:2585} INFO - Sync 1 DAGs
[2024-07-26T12:13:05.750+0000] {logging_mixin.py:120} INFO - [2024-07-26T12:13:05.750+0000] {dag.py:3340} INFO - Setting next_dagrun for example_local_kubernetes_executor to None, run_after=None
[2024-07-26T12:13:05.773+0000] {processor.py:176} INFO - Processing /home/airflow/.local/lib/python3.7/site-packages/airflow/example_dags/example_local_kubernetes_executor.py took 0.125 seconds
[2024-07-26T12:19:25.551+0000] {processor.py:154} INFO - Started process (PID=7374) to work on /home/airflow/.local/lib/python3.7/site-packages/airflow/example_dags/example_local_kubernetes_executor.py
[2024-07-26T12:19:25.552+0000] {processor.py:756} INFO - Processing file /home/airflow/.local/lib/python3.7/site-packages/airflow/example_dags/example_local_kubernetes_executor.py for tasks to queue
[2024-07-26T12:19:25.556+0000] {logging_mixin.py:120} INFO - [2024-07-26T12:19:25.556+0000] {dagbag.py:537} INFO - Filling up the DagBag from /home/airflow/.local/lib/python3.7/site-packages/airflow/example_dags/example_local_kubernetes_executor.py
[2024-07-26T12:19:25.587+0000] {processor.py:766} INFO - DAG(s) dict_keys(['example_local_kubernetes_executor']) retrieved from /home/airflow/.local/lib/python3.7/site-packages/airflow/example_dags/example_local_kubernetes_executor.py
[2024-07-26T12:19:25.637+0000] {logging_mixin.py:120} INFO - [2024-07-26T12:19:25.637+0000] {dag.py:2585} INFO - Sync 1 DAGs
[2024-07-26T12:19:25.664+0000] {logging_mixin.py:120} INFO - [2024-07-26T12:19:25.664+0000] {dag.py:3340} INFO - Setting next_dagrun for example_local_kubernetes_executor to None, run_after=None
[2024-07-26T12:19:25.706+0000] {processor.py:176} INFO - Processing /home/airflow/.local/lib/python3.7/site-packages/airflow/example_dags/example_local_kubernetes_executor.py took 0.160 seconds
[2024-07-26T13:00:07.776+0000] {processor.py:154} INFO - Started process (PID=7437) to work on /home/airflow/.local/lib/python3.7/site-packages/airflow/example_dags/example_local_kubernetes_executor.py
[2024-07-26T13:00:07.777+0000] {processor.py:756} INFO - Processing file /home/airflow/.local/lib/python3.7/site-packages/airflow/example_dags/example_local_kubernetes_executor.py for tasks to queue
[2024-07-26T13:00:07.778+0000] {logging_mixin.py:120} INFO - [2024-07-26T13:00:07.777+0000] {dagbag.py:537} INFO - Filling up the DagBag from /home/airflow/.local/lib/python3.7/site-packages/airflow/example_dags/example_local_kubernetes_executor.py
[2024-07-26T13:00:07.803+0000] {processor.py:766} INFO - DAG(s) dict_keys(['example_local_kubernetes_executor']) retrieved from /home/airflow/.local/lib/python3.7/site-packages/airflow/example_dags/example_local_kubernetes_executor.py
[2024-07-26T13:00:08.084+0000] {logging_mixin.py:120} INFO - [2024-07-26T13:00:08.084+0000] {dag.py:2585} INFO - Sync 1 DAGs
[2024-07-26T13:00:08.145+0000] {logging_mixin.py:120} INFO - [2024-07-26T13:00:08.145+0000] {dag.py:3340} INFO - Setting next_dagrun for example_local_kubernetes_executor to None, run_after=None
[2024-07-26T13:00:08.187+0000] {processor.py:176} INFO - Processing /home/airflow/.local/lib/python3.7/site-packages/airflow/example_dags/example_local_kubernetes_executor.py took 0.414 seconds
[2024-07-26T13:12:27.531+0000] {processor.py:154} INFO - Started process (PID=7501) to work on /home/airflow/.local/lib/python3.7/site-packages/airflow/example_dags/example_local_kubernetes_executor.py
[2024-07-26T13:12:27.533+0000] {processor.py:756} INFO - Processing file /home/airflow/.local/lib/python3.7/site-packages/airflow/example_dags/example_local_kubernetes_executor.py for tasks to queue
[2024-07-26T13:12:27.533+0000] {logging_mixin.py:120} INFO - [2024-07-26T13:12:27.533+0000] {dagbag.py:537} INFO - Filling up the DagBag from /home/airflow/.local/lib/python3.7/site-packages/airflow/example_dags/example_local_kubernetes_executor.py
[2024-07-26T13:12:27.549+0000] {processor.py:766} INFO - DAG(s) dict_keys(['example_local_kubernetes_executor']) retrieved from /home/airflow/.local/lib/python3.7/site-packages/airflow/example_dags/example_local_kubernetes_executor.py
[2024-07-26T13:12:27.578+0000] {logging_mixin.py:120} INFO - [2024-07-26T13:12:27.578+0000] {dag.py:2585} INFO - Sync 1 DAGs
[2024-07-26T13:12:27.593+0000] {logging_mixin.py:120} INFO - [2024-07-26T13:12:27.593+0000] {dag.py:3340} INFO - Setting next_dagrun for example_local_kubernetes_executor to None, run_after=None
[2024-07-26T13:12:27.605+0000] {processor.py:176} INFO - Processing /home/airflow/.local/lib/python3.7/site-packages/airflow/example_dags/example_local_kubernetes_executor.py took 0.076 seconds
[2024-07-26T13:43:21.713+0000] {processor.py:154} INFO - Started process (PID=7565) to work on /home/airflow/.local/lib/python3.7/site-packages/airflow/example_dags/example_local_kubernetes_executor.py
[2024-07-26T13:43:21.714+0000] {processor.py:756} INFO - Processing file /home/airflow/.local/lib/python3.7/site-packages/airflow/example_dags/example_local_kubernetes_executor.py for tasks to queue
[2024-07-26T13:43:21.714+0000] {logging_mixin.py:120} INFO - [2024-07-26T13:43:21.714+0000] {dagbag.py:537} INFO - Filling up the DagBag from /home/airflow/.local/lib/python3.7/site-packages/airflow/example_dags/example_local_kubernetes_executor.py
[2024-07-26T13:43:21.728+0000] {processor.py:766} INFO - DAG(s) dict_keys(['example_local_kubernetes_executor']) retrieved from /home/airflow/.local/lib/python3.7/site-packages/airflow/example_dags/example_local_kubernetes_executor.py
[2024-07-26T13:43:21.751+0000] {logging_mixin.py:120} INFO - [2024-07-26T13:43:21.751+0000] {dag.py:2585} INFO - Sync 1 DAGs
[2024-07-26T13:43:21.766+0000] {logging_mixin.py:120} INFO - [2024-07-26T13:43:21.766+0000] {dag.py:3340} INFO - Setting next_dagrun for example_local_kubernetes_executor to None, run_after=None
[2024-07-26T13:43:21.777+0000] {processor.py:176} INFO - Processing /home/airflow/.local/lib/python3.7/site-packages/airflow/example_dags/example_local_kubernetes_executor.py took 0.066 seconds
[2024-07-26T13:46:53.589+0000] {processor.py:154} INFO - Started process (PID=7629) to work on /home/airflow/.local/lib/python3.7/site-packages/airflow/example_dags/example_local_kubernetes_executor.py
[2024-07-26T13:46:53.590+0000] {processor.py:756} INFO - Processing file /home/airflow/.local/lib/python3.7/site-packages/airflow/example_dags/example_local_kubernetes_executor.py for tasks to queue
[2024-07-26T13:46:53.590+0000] {logging_mixin.py:120} INFO - [2024-07-26T13:46:53.590+0000] {dagbag.py:537} INFO - Filling up the DagBag from /home/airflow/.local/lib/python3.7/site-packages/airflow/example_dags/example_local_kubernetes_executor.py
[2024-07-26T13:46:53.607+0000] {processor.py:766} INFO - DAG(s) dict_keys(['example_local_kubernetes_executor']) retrieved from /home/airflow/.local/lib/python3.7/site-packages/airflow/example_dags/example_local_kubernetes_executor.py
[2024-07-26T13:46:53.645+0000] {logging_mixin.py:120} INFO - [2024-07-26T13:46:53.645+0000] {dag.py:2585} INFO - Sync 1 DAGs
[2024-07-26T13:46:53.701+0000] {logging_mixin.py:120} INFO - [2024-07-26T13:46:53.701+0000] {dag.py:3340} INFO - Setting next_dagrun for example_local_kubernetes_executor to None, run_after=None
[2024-07-26T13:46:53.725+0000] {processor.py:176} INFO - Processing /home/airflow/.local/lib/python3.7/site-packages/airflow/example_dags/example_local_kubernetes_executor.py took 0.138 seconds
[2024-07-26T13:52:22.585+0000] {processor.py:154} INFO - Started process (PID=7684) to work on /home/airflow/.local/lib/python3.7/site-packages/airflow/example_dags/example_local_kubernetes_executor.py
[2024-07-26T13:52:22.587+0000] {processor.py:756} INFO - Processing file /home/airflow/.local/lib/python3.7/site-packages/airflow/example_dags/example_local_kubernetes_executor.py for tasks to queue
[2024-07-26T13:52:22.588+0000] {logging_mixin.py:120} INFO - [2024-07-26T13:52:22.588+0000] {dagbag.py:537} INFO - Filling up the DagBag from /home/airflow/.local/lib/python3.7/site-packages/airflow/example_dags/example_local_kubernetes_executor.py
[2024-07-26T13:52:22.614+0000] {processor.py:766} INFO - DAG(s) dict_keys(['example_local_kubernetes_executor']) retrieved from /home/airflow/.local/lib/python3.7/site-packages/airflow/example_dags/example_local_kubernetes_executor.py
[2024-07-26T13:52:22.649+0000] {logging_mixin.py:120} INFO - [2024-07-26T13:52:22.648+0000] {dag.py:2585} INFO - Sync 1 DAGs
[2024-07-26T13:52:22.672+0000] {logging_mixin.py:120} INFO - [2024-07-26T13:52:22.672+0000] {dag.py:3340} INFO - Setting next_dagrun for example_local_kubernetes_executor to None, run_after=None
[2024-07-26T13:52:22.687+0000] {processor.py:176} INFO - Processing /home/airflow/.local/lib/python3.7/site-packages/airflow/example_dags/example_local_kubernetes_executor.py took 0.108 seconds
[2024-07-26T13:54:21.047+0000] {processor.py:154} INFO - Started process (PID=7748) to work on /home/airflow/.local/lib/python3.7/site-packages/airflow/example_dags/example_local_kubernetes_executor.py
[2024-07-26T13:54:21.048+0000] {processor.py:756} INFO - Processing file /home/airflow/.local/lib/python3.7/site-packages/airflow/example_dags/example_local_kubernetes_executor.py for tasks to queue
[2024-07-26T13:54:21.049+0000] {logging_mixin.py:120} INFO - [2024-07-26T13:54:21.049+0000] {dagbag.py:537} INFO - Filling up the DagBag from /home/airflow/.local/lib/python3.7/site-packages/airflow/example_dags/example_local_kubernetes_executor.py
[2024-07-26T13:54:21.063+0000] {processor.py:766} INFO - DAG(s) dict_keys(['example_local_kubernetes_executor']) retrieved from /home/airflow/.local/lib/python3.7/site-packages/airflow/example_dags/example_local_kubernetes_executor.py
[2024-07-26T13:54:21.090+0000] {logging_mixin.py:120} INFO - [2024-07-26T13:54:21.090+0000] {dag.py:2585} INFO - Sync 1 DAGs
[2024-07-26T13:54:21.105+0000] {logging_mixin.py:120} INFO - [2024-07-26T13:54:21.105+0000] {dag.py:3340} INFO - Setting next_dagrun for example_local_kubernetes_executor to None, run_after=None
[2024-07-26T13:54:21.121+0000] {processor.py:176} INFO - Processing /home/airflow/.local/lib/python3.7/site-packages/airflow/example_dags/example_local_kubernetes_executor.py took 0.076 seconds
[2024-07-26T13:55:29.105+0000] {processor.py:154} INFO - Started process (PID=7812) to work on /home/airflow/.local/lib/python3.7/site-packages/airflow/example_dags/example_local_kubernetes_executor.py
[2024-07-26T13:55:29.107+0000] {processor.py:756} INFO - Processing file /home/airflow/.local/lib/python3.7/site-packages/airflow/example_dags/example_local_kubernetes_executor.py for tasks to queue
[2024-07-26T13:55:29.108+0000] {logging_mixin.py:120} INFO - [2024-07-26T13:55:29.108+0000] {dagbag.py:537} INFO - Filling up the DagBag from /home/airflow/.local/lib/python3.7/site-packages/airflow/example_dags/example_local_kubernetes_executor.py
[2024-07-26T13:55:29.122+0000] {processor.py:766} INFO - DAG(s) dict_keys(['example_local_kubernetes_executor']) retrieved from /home/airflow/.local/lib/python3.7/site-packages/airflow/example_dags/example_local_kubernetes_executor.py
[2024-07-26T13:55:29.154+0000] {logging_mixin.py:120} INFO - [2024-07-26T13:55:29.154+0000] {dag.py:2585} INFO - Sync 1 DAGs
[2024-07-26T13:55:29.167+0000] {logging_mixin.py:120} INFO - [2024-07-26T13:55:29.167+0000] {dag.py:3340} INFO - Setting next_dagrun for example_local_kubernetes_executor to None, run_after=None
[2024-07-26T13:55:29.184+0000] {processor.py:176} INFO - Processing /home/airflow/.local/lib/python3.7/site-packages/airflow/example_dags/example_local_kubernetes_executor.py took 0.081 seconds
[2024-07-26T14:05:30.760+0000] {processor.py:154} INFO - Started process (PID=7876) to work on /home/airflow/.local/lib/python3.7/site-packages/airflow/example_dags/example_local_kubernetes_executor.py
[2024-07-26T14:05:30.761+0000] {processor.py:756} INFO - Processing file /home/airflow/.local/lib/python3.7/site-packages/airflow/example_dags/example_local_kubernetes_executor.py for tasks to queue
[2024-07-26T14:05:30.761+0000] {logging_mixin.py:120} INFO - [2024-07-26T14:05:30.761+0000] {dagbag.py:537} INFO - Filling up the DagBag from /home/airflow/.local/lib/python3.7/site-packages/airflow/example_dags/example_local_kubernetes_executor.py
[2024-07-26T14:05:30.782+0000] {processor.py:766} INFO - DAG(s) dict_keys(['example_local_kubernetes_executor']) retrieved from /home/airflow/.local/lib/python3.7/site-packages/airflow/example_dags/example_local_kubernetes_executor.py
[2024-07-26T14:05:30.811+0000] {logging_mixin.py:120} INFO - [2024-07-26T14:05:30.811+0000] {dag.py:2585} INFO - Sync 1 DAGs
[2024-07-26T14:05:30.828+0000] {logging_mixin.py:120} INFO - [2024-07-26T14:05:30.828+0000] {dag.py:3340} INFO - Setting next_dagrun for example_local_kubernetes_executor to None, run_after=None
[2024-07-26T14:05:30.846+0000] {processor.py:176} INFO - Processing /home/airflow/.local/lib/python3.7/site-packages/airflow/example_dags/example_local_kubernetes_executor.py took 0.090 seconds
[2024-07-26T14:06:19.988+0000] {processor.py:154} INFO - Started process (PID=7930) to work on /home/airflow/.local/lib/python3.7/site-packages/airflow/example_dags/example_local_kubernetes_executor.py
[2024-07-26T14:06:19.989+0000] {processor.py:756} INFO - Processing file /home/airflow/.local/lib/python3.7/site-packages/airflow/example_dags/example_local_kubernetes_executor.py for tasks to queue
[2024-07-26T14:06:19.989+0000] {logging_mixin.py:120} INFO - [2024-07-26T14:06:19.989+0000] {dagbag.py:537} INFO - Filling up the DagBag from /home/airflow/.local/lib/python3.7/site-packages/airflow/example_dags/example_local_kubernetes_executor.py
[2024-07-26T14:06:20.001+0000] {processor.py:766} INFO - DAG(s) dict_keys(['example_local_kubernetes_executor']) retrieved from /home/airflow/.local/lib/python3.7/site-packages/airflow/example_dags/example_local_kubernetes_executor.py
[2024-07-26T14:06:20.020+0000] {logging_mixin.py:120} INFO - [2024-07-26T14:06:20.020+0000] {dag.py:2585} INFO - Sync 1 DAGs
[2024-07-26T14:06:20.032+0000] {logging_mixin.py:120} INFO - [2024-07-26T14:06:20.032+0000] {dag.py:3340} INFO - Setting next_dagrun for example_local_kubernetes_executor to None, run_after=None
[2024-07-26T14:06:20.040+0000] {processor.py:176} INFO - Processing /home/airflow/.local/lib/python3.7/site-packages/airflow/example_dags/example_local_kubernetes_executor.py took 0.054 seconds
