[2024-07-26T00:02:55.090+0000] {processor.py:154} INFO - Started process (PID=4801) to work on /home/airflow/.local/lib/python3.7/site-packages/airflow/example_dags/example_short_circuit_decorator.py
[2024-07-26T00:02:55.091+0000] {processor.py:756} INFO - Processing file /home/airflow/.local/lib/python3.7/site-packages/airflow/example_dags/example_short_circuit_decorator.py for tasks to queue
[2024-07-26T00:02:55.091+0000] {logging_mixin.py:120} INFO - [2024-07-26T00:02:55.091+0000] {dagbag.py:537} INFO - Filling up the DagBag from /home/airflow/.local/lib/python3.7/site-packages/airflow/example_dags/example_short_circuit_decorator.py
[2024-07-26T00:02:55.108+0000] {processor.py:766} INFO - DAG(s) dict_keys(['example_short_circuit_decorator']) retrieved from /home/airflow/.local/lib/python3.7/site-packages/airflow/example_dags/example_short_circuit_decorator.py
[2024-07-26T00:02:55.144+0000] {logging_mixin.py:120} INFO - [2024-07-26T00:02:55.144+0000] {dag.py:2585} INFO - Sync 1 DAGs
[2024-07-26T00:02:55.167+0000] {logging_mixin.py:120} INFO - [2024-07-26T00:02:55.167+0000] {dag.py:3340} INFO - Setting next_dagrun for example_short_circuit_decorator to 2024-07-25T00:02:55.166999+00:00, run_after=2024-07-26T00:02:55.166999+00:00
[2024-07-26T00:02:55.188+0000] {processor.py:176} INFO - Processing /home/airflow/.local/lib/python3.7/site-packages/airflow/example_dags/example_short_circuit_decorator.py took 0.099 seconds
[2024-07-26T00:16:07.690+0000] {processor.py:154} INFO - Started process (PID=4856) to work on /home/airflow/.local/lib/python3.7/site-packages/airflow/example_dags/example_short_circuit_decorator.py
[2024-07-26T00:16:07.694+0000] {processor.py:756} INFO - Processing file /home/airflow/.local/lib/python3.7/site-packages/airflow/example_dags/example_short_circuit_decorator.py for tasks to queue
[2024-07-26T00:16:07.694+0000] {logging_mixin.py:120} INFO - [2024-07-26T00:16:07.694+0000] {dagbag.py:537} INFO - Filling up the DagBag from /home/airflow/.local/lib/python3.7/site-packages/airflow/example_dags/example_short_circuit_decorator.py
[2024-07-26T00:16:07.713+0000] {processor.py:766} INFO - DAG(s) dict_keys(['example_short_circuit_decorator']) retrieved from /home/airflow/.local/lib/python3.7/site-packages/airflow/example_dags/example_short_circuit_decorator.py
[2024-07-26T00:16:07.750+0000] {logging_mixin.py:120} INFO - [2024-07-26T00:16:07.750+0000] {dag.py:2585} INFO - Sync 1 DAGs
[2024-07-26T00:16:07.763+0000] {logging_mixin.py:120} INFO - [2024-07-26T00:16:07.763+0000] {dag.py:3340} INFO - Setting next_dagrun for example_short_circuit_decorator to 2024-07-25T00:16:07.763388+00:00, run_after=2024-07-26T00:16:07.763388+00:00
[2024-07-26T00:16:07.783+0000] {processor.py:176} INFO - Processing /home/airflow/.local/lib/python3.7/site-packages/airflow/example_dags/example_short_circuit_decorator.py took 0.096 seconds
[2024-07-26T00:40:53.558+0000] {processor.py:154} INFO - Started process (PID=4920) to work on /home/airflow/.local/lib/python3.7/site-packages/airflow/example_dags/example_short_circuit_decorator.py
[2024-07-26T00:40:53.561+0000] {processor.py:756} INFO - Processing file /home/airflow/.local/lib/python3.7/site-packages/airflow/example_dags/example_short_circuit_decorator.py for tasks to queue
[2024-07-26T00:40:53.562+0000] {logging_mixin.py:120} INFO - [2024-07-26T00:40:53.562+0000] {dagbag.py:537} INFO - Filling up the DagBag from /home/airflow/.local/lib/python3.7/site-packages/airflow/example_dags/example_short_circuit_decorator.py
[2024-07-26T00:40:53.581+0000] {processor.py:766} INFO - DAG(s) dict_keys(['example_short_circuit_decorator']) retrieved from /home/airflow/.local/lib/python3.7/site-packages/airflow/example_dags/example_short_circuit_decorator.py
[2024-07-26T00:40:53.604+0000] {logging_mixin.py:120} INFO - [2024-07-26T00:40:53.604+0000] {dag.py:2585} INFO - Sync 1 DAGs
[2024-07-26T00:40:53.622+0000] {logging_mixin.py:120} INFO - [2024-07-26T00:40:53.622+0000] {dag.py:3340} INFO - Setting next_dagrun for example_short_circuit_decorator to 2024-07-25T00:40:53.622479+00:00, run_after=2024-07-26T00:40:53.622479+00:00
[2024-07-26T00:40:53.634+0000] {processor.py:176} INFO - Processing /home/airflow/.local/lib/python3.7/site-packages/airflow/example_dags/example_short_circuit_decorator.py took 0.078 seconds
[2024-07-26T01:30:34.178+0000] {processor.py:154} INFO - Started process (PID=4984) to work on /home/airflow/.local/lib/python3.7/site-packages/airflow/example_dags/example_short_circuit_decorator.py
[2024-07-26T01:30:34.181+0000] {processor.py:756} INFO - Processing file /home/airflow/.local/lib/python3.7/site-packages/airflow/example_dags/example_short_circuit_decorator.py for tasks to queue
[2024-07-26T01:30:34.182+0000] {logging_mixin.py:120} INFO - [2024-07-26T01:30:34.182+0000] {dagbag.py:537} INFO - Filling up the DagBag from /home/airflow/.local/lib/python3.7/site-packages/airflow/example_dags/example_short_circuit_decorator.py
[2024-07-26T01:30:34.204+0000] {processor.py:766} INFO - DAG(s) dict_keys(['example_short_circuit_decorator']) retrieved from /home/airflow/.local/lib/python3.7/site-packages/airflow/example_dags/example_short_circuit_decorator.py
[2024-07-26T01:30:34.239+0000] {logging_mixin.py:120} INFO - [2024-07-26T01:30:34.239+0000] {dag.py:2585} INFO - Sync 1 DAGs
[2024-07-26T01:30:34.259+0000] {logging_mixin.py:120} INFO - [2024-07-26T01:30:34.259+0000] {dag.py:3340} INFO - Setting next_dagrun for example_short_circuit_decorator to 2024-07-25T01:30:34.259170+00:00, run_after=2024-07-26T01:30:34.259170+00:00
[2024-07-26T01:30:34.276+0000] {processor.py:176} INFO - Processing /home/airflow/.local/lib/python3.7/site-packages/airflow/example_dags/example_short_circuit_decorator.py took 0.100 seconds
[2024-07-26T02:00:30.602+0000] {processor.py:154} INFO - Started process (PID=5048) to work on /home/airflow/.local/lib/python3.7/site-packages/airflow/example_dags/example_short_circuit_decorator.py
[2024-07-26T02:00:30.606+0000] {processor.py:756} INFO - Processing file /home/airflow/.local/lib/python3.7/site-packages/airflow/example_dags/example_short_circuit_decorator.py for tasks to queue
[2024-07-26T02:00:30.607+0000] {logging_mixin.py:120} INFO - [2024-07-26T02:00:30.607+0000] {dagbag.py:537} INFO - Filling up the DagBag from /home/airflow/.local/lib/python3.7/site-packages/airflow/example_dags/example_short_circuit_decorator.py
[2024-07-26T02:00:30.622+0000] {processor.py:766} INFO - DAG(s) dict_keys(['example_short_circuit_decorator']) retrieved from /home/airflow/.local/lib/python3.7/site-packages/airflow/example_dags/example_short_circuit_decorator.py
[2024-07-26T02:00:30.648+0000] {logging_mixin.py:120} INFO - [2024-07-26T02:00:30.648+0000] {dag.py:2585} INFO - Sync 1 DAGs
[2024-07-26T02:00:30.668+0000] {logging_mixin.py:120} INFO - [2024-07-26T02:00:30.667+0000] {dag.py:3340} INFO - Setting next_dagrun for example_short_circuit_decorator to 2024-07-25T02:00:30.667734+00:00, run_after=2024-07-26T02:00:30.667734+00:00
[2024-07-26T02:00:30.689+0000] {processor.py:176} INFO - Processing /home/airflow/.local/lib/python3.7/site-packages/airflow/example_dags/example_short_circuit_decorator.py took 0.088 seconds
[2024-07-26T02:13:03.310+0000] {processor.py:154} INFO - Started process (PID=5111) to work on /home/airflow/.local/lib/python3.7/site-packages/airflow/example_dags/example_short_circuit_decorator.py
[2024-07-26T02:13:03.312+0000] {processor.py:756} INFO - Processing file /home/airflow/.local/lib/python3.7/site-packages/airflow/example_dags/example_short_circuit_decorator.py for tasks to queue
[2024-07-26T02:13:03.313+0000] {logging_mixin.py:120} INFO - [2024-07-26T02:13:03.312+0000] {dagbag.py:537} INFO - Filling up the DagBag from /home/airflow/.local/lib/python3.7/site-packages/airflow/example_dags/example_short_circuit_decorator.py
[2024-07-26T02:13:03.331+0000] {processor.py:766} INFO - DAG(s) dict_keys(['example_short_circuit_decorator']) retrieved from /home/airflow/.local/lib/python3.7/site-packages/airflow/example_dags/example_short_circuit_decorator.py
[2024-07-26T02:13:03.377+0000] {logging_mixin.py:120} INFO - [2024-07-26T02:13:03.377+0000] {dag.py:2585} INFO - Sync 1 DAGs
[2024-07-26T02:13:03.398+0000] {logging_mixin.py:120} INFO - [2024-07-26T02:13:03.398+0000] {dag.py:3340} INFO - Setting next_dagrun for example_short_circuit_decorator to 2024-07-25T02:13:03.398387+00:00, run_after=2024-07-26T02:13:03.398387+00:00
[2024-07-26T02:13:03.422+0000] {processor.py:176} INFO - Processing /home/airflow/.local/lib/python3.7/site-packages/airflow/example_dags/example_short_circuit_decorator.py took 0.114 seconds
[2024-07-26T02:39:12.724+0000] {processor.py:154} INFO - Started process (PID=5166) to work on /home/airflow/.local/lib/python3.7/site-packages/airflow/example_dags/example_short_circuit_decorator.py
[2024-07-26T02:39:12.726+0000] {processor.py:756} INFO - Processing file /home/airflow/.local/lib/python3.7/site-packages/airflow/example_dags/example_short_circuit_decorator.py for tasks to queue
[2024-07-26T02:39:12.727+0000] {logging_mixin.py:120} INFO - [2024-07-26T02:39:12.727+0000] {dagbag.py:537} INFO - Filling up the DagBag from /home/airflow/.local/lib/python3.7/site-packages/airflow/example_dags/example_short_circuit_decorator.py
[2024-07-26T02:39:12.745+0000] {processor.py:766} INFO - DAG(s) dict_keys(['example_short_circuit_decorator']) retrieved from /home/airflow/.local/lib/python3.7/site-packages/airflow/example_dags/example_short_circuit_decorator.py
[2024-07-26T02:39:12.783+0000] {logging_mixin.py:120} INFO - [2024-07-26T02:39:12.783+0000] {dag.py:2585} INFO - Sync 1 DAGs
[2024-07-26T02:39:12.803+0000] {logging_mixin.py:120} INFO - [2024-07-26T02:39:12.803+0000] {dag.py:3340} INFO - Setting next_dagrun for example_short_circuit_decorator to 2024-07-25T02:39:12.803168+00:00, run_after=2024-07-26T02:39:12.803168+00:00
[2024-07-26T02:39:12.820+0000] {processor.py:176} INFO - Processing /home/airflow/.local/lib/python3.7/site-packages/airflow/example_dags/example_short_circuit_decorator.py took 0.098 seconds
[2024-07-26T02:58:12.240+0000] {processor.py:154} INFO - Started process (PID=5230) to work on /home/airflow/.local/lib/python3.7/site-packages/airflow/example_dags/example_short_circuit_decorator.py
[2024-07-26T02:58:12.242+0000] {processor.py:756} INFO - Processing file /home/airflow/.local/lib/python3.7/site-packages/airflow/example_dags/example_short_circuit_decorator.py for tasks to queue
[2024-07-26T02:58:12.243+0000] {logging_mixin.py:120} INFO - [2024-07-26T02:58:12.243+0000] {dagbag.py:537} INFO - Filling up the DagBag from /home/airflow/.local/lib/python3.7/site-packages/airflow/example_dags/example_short_circuit_decorator.py
[2024-07-26T02:58:12.257+0000] {processor.py:766} INFO - DAG(s) dict_keys(['example_short_circuit_decorator']) retrieved from /home/airflow/.local/lib/python3.7/site-packages/airflow/example_dags/example_short_circuit_decorator.py
[2024-07-26T02:58:12.292+0000] {logging_mixin.py:120} INFO - [2024-07-26T02:58:12.292+0000] {dag.py:2585} INFO - Sync 1 DAGs
[2024-07-26T02:58:12.305+0000] {logging_mixin.py:120} INFO - [2024-07-26T02:58:12.305+0000] {dag.py:3340} INFO - Setting next_dagrun for example_short_circuit_decorator to 2024-07-25T02:58:12.305587+00:00, run_after=2024-07-26T02:58:12.305587+00:00
[2024-07-26T02:58:12.323+0000] {processor.py:176} INFO - Processing /home/airflow/.local/lib/python3.7/site-packages/airflow/example_dags/example_short_circuit_decorator.py took 0.084 seconds
[2024-07-26T03:01:35.078+0000] {processor.py:154} INFO - Started process (PID=5294) to work on /home/airflow/.local/lib/python3.7/site-packages/airflow/example_dags/example_short_circuit_decorator.py
[2024-07-26T03:01:35.080+0000] {processor.py:756} INFO - Processing file /home/airflow/.local/lib/python3.7/site-packages/airflow/example_dags/example_short_circuit_decorator.py for tasks to queue
[2024-07-26T03:01:35.081+0000] {logging_mixin.py:120} INFO - [2024-07-26T03:01:35.081+0000] {dagbag.py:537} INFO - Filling up the DagBag from /home/airflow/.local/lib/python3.7/site-packages/airflow/example_dags/example_short_circuit_decorator.py
[2024-07-26T03:01:35.094+0000] {processor.py:766} INFO - DAG(s) dict_keys(['example_short_circuit_decorator']) retrieved from /home/airflow/.local/lib/python3.7/site-packages/airflow/example_dags/example_short_circuit_decorator.py
[2024-07-26T03:01:35.116+0000] {logging_mixin.py:120} INFO - [2024-07-26T03:01:35.116+0000] {dag.py:2585} INFO - Sync 1 DAGs
[2024-07-26T03:01:35.135+0000] {logging_mixin.py:120} INFO - [2024-07-26T03:01:35.135+0000] {dag.py:3340} INFO - Setting next_dagrun for example_short_circuit_decorator to 2024-07-25T03:01:35.135512+00:00, run_after=2024-07-26T03:01:35.135512+00:00
[2024-07-26T03:01:35.165+0000] {processor.py:176} INFO - Processing /home/airflow/.local/lib/python3.7/site-packages/airflow/example_dags/example_short_circuit_decorator.py took 0.089 seconds
[2024-07-26T03:15:41.555+0000] {processor.py:154} INFO - Started process (PID=5358) to work on /home/airflow/.local/lib/python3.7/site-packages/airflow/example_dags/example_short_circuit_decorator.py
[2024-07-26T03:15:41.559+0000] {processor.py:756} INFO - Processing file /home/airflow/.local/lib/python3.7/site-packages/airflow/example_dags/example_short_circuit_decorator.py for tasks to queue
[2024-07-26T03:15:41.563+0000] {logging_mixin.py:120} INFO - [2024-07-26T03:15:41.563+0000] {dagbag.py:537} INFO - Filling up the DagBag from /home/airflow/.local/lib/python3.7/site-packages/airflow/example_dags/example_short_circuit_decorator.py
[2024-07-26T03:15:41.589+0000] {processor.py:766} INFO - DAG(s) dict_keys(['example_short_circuit_decorator']) retrieved from /home/airflow/.local/lib/python3.7/site-packages/airflow/example_dags/example_short_circuit_decorator.py
[2024-07-26T03:15:41.620+0000] {logging_mixin.py:120} INFO - [2024-07-26T03:15:41.620+0000] {dag.py:2585} INFO - Sync 1 DAGs
[2024-07-26T03:15:41.640+0000] {logging_mixin.py:120} INFO - [2024-07-26T03:15:41.640+0000] {dag.py:3340} INFO - Setting next_dagrun for example_short_circuit_decorator to 2024-07-25T03:15:41.640303+00:00, run_after=2024-07-26T03:15:41.640303+00:00
[2024-07-26T03:15:41.660+0000] {processor.py:176} INFO - Processing /home/airflow/.local/lib/python3.7/site-packages/airflow/example_dags/example_short_circuit_decorator.py took 0.107 seconds
[2024-07-26T03:32:16.577+0000] {processor.py:154} INFO - Started process (PID=5413) to work on /home/airflow/.local/lib/python3.7/site-packages/airflow/example_dags/example_short_circuit_decorator.py
[2024-07-26T03:32:16.581+0000] {processor.py:756} INFO - Processing file /home/airflow/.local/lib/python3.7/site-packages/airflow/example_dags/example_short_circuit_decorator.py for tasks to queue
[2024-07-26T03:32:16.582+0000] {logging_mixin.py:120} INFO - [2024-07-26T03:32:16.582+0000] {dagbag.py:537} INFO - Filling up the DagBag from /home/airflow/.local/lib/python3.7/site-packages/airflow/example_dags/example_short_circuit_decorator.py
[2024-07-26T03:32:16.597+0000] {processor.py:766} INFO - DAG(s) dict_keys(['example_short_circuit_decorator']) retrieved from /home/airflow/.local/lib/python3.7/site-packages/airflow/example_dags/example_short_circuit_decorator.py
[2024-07-26T03:32:16.619+0000] {logging_mixin.py:120} INFO - [2024-07-26T03:32:16.619+0000] {dag.py:2585} INFO - Sync 1 DAGs
[2024-07-26T03:32:16.632+0000] {logging_mixin.py:120} INFO - [2024-07-26T03:32:16.632+0000] {dag.py:3340} INFO - Setting next_dagrun for example_short_circuit_decorator to 2024-07-25T03:32:16.632546+00:00, run_after=2024-07-26T03:32:16.632546+00:00
[2024-07-26T03:32:16.643+0000] {processor.py:176} INFO - Processing /home/airflow/.local/lib/python3.7/site-packages/airflow/example_dags/example_short_circuit_decorator.py took 0.068 seconds
[2024-07-26T03:56:59.436+0000] {processor.py:154} INFO - Started process (PID=5477) to work on /home/airflow/.local/lib/python3.7/site-packages/airflow/example_dags/example_short_circuit_decorator.py
[2024-07-26T03:56:59.440+0000] {processor.py:756} INFO - Processing file /home/airflow/.local/lib/python3.7/site-packages/airflow/example_dags/example_short_circuit_decorator.py for tasks to queue
[2024-07-26T03:56:59.441+0000] {logging_mixin.py:120} INFO - [2024-07-26T03:56:59.441+0000] {dagbag.py:537} INFO - Filling up the DagBag from /home/airflow/.local/lib/python3.7/site-packages/airflow/example_dags/example_short_circuit_decorator.py
[2024-07-26T03:56:59.455+0000] {processor.py:766} INFO - DAG(s) dict_keys(['example_short_circuit_decorator']) retrieved from /home/airflow/.local/lib/python3.7/site-packages/airflow/example_dags/example_short_circuit_decorator.py
[2024-07-26T03:56:59.487+0000] {logging_mixin.py:120} INFO - [2024-07-26T03:56:59.487+0000] {dag.py:2585} INFO - Sync 1 DAGs
[2024-07-26T03:56:59.506+0000] {logging_mixin.py:120} INFO - [2024-07-26T03:56:59.506+0000] {dag.py:3340} INFO - Setting next_dagrun for example_short_circuit_decorator to 2024-07-25T03:56:59.505977+00:00, run_after=2024-07-26T03:56:59.505977+00:00
[2024-07-26T03:56:59.524+0000] {processor.py:176} INFO - Processing /home/airflow/.local/lib/python3.7/site-packages/airflow/example_dags/example_short_circuit_decorator.py took 0.090 seconds
[2024-07-26T04:02:05.261+0000] {processor.py:154} INFO - Started process (PID=5541) to work on /home/airflow/.local/lib/python3.7/site-packages/airflow/example_dags/example_short_circuit_decorator.py
[2024-07-26T04:02:05.262+0000] {processor.py:756} INFO - Processing file /home/airflow/.local/lib/python3.7/site-packages/airflow/example_dags/example_short_circuit_decorator.py for tasks to queue
[2024-07-26T04:02:05.263+0000] {logging_mixin.py:120} INFO - [2024-07-26T04:02:05.263+0000] {dagbag.py:537} INFO - Filling up the DagBag from /home/airflow/.local/lib/python3.7/site-packages/airflow/example_dags/example_short_circuit_decorator.py
[2024-07-26T04:02:05.280+0000] {processor.py:766} INFO - DAG(s) dict_keys(['example_short_circuit_decorator']) retrieved from /home/airflow/.local/lib/python3.7/site-packages/airflow/example_dags/example_short_circuit_decorator.py
[2024-07-26T04:02:05.316+0000] {logging_mixin.py:120} INFO - [2024-07-26T04:02:05.316+0000] {dag.py:2585} INFO - Sync 1 DAGs
[2024-07-26T04:02:05.331+0000] {logging_mixin.py:120} INFO - [2024-07-26T04:02:05.331+0000] {dag.py:3340} INFO - Setting next_dagrun for example_short_circuit_decorator to 2024-07-25T04:02:05.330963+00:00, run_after=2024-07-26T04:02:05.330963+00:00
[2024-07-26T04:02:05.349+0000] {processor.py:176} INFO - Processing /home/airflow/.local/lib/python3.7/site-packages/airflow/example_dags/example_short_circuit_decorator.py took 0.091 seconds
[2024-07-26T04:04:17.799+0000] {processor.py:154} INFO - Started process (PID=5605) to work on /home/airflow/.local/lib/python3.7/site-packages/airflow/example_dags/example_short_circuit_decorator.py
[2024-07-26T04:04:17.801+0000] {processor.py:756} INFO - Processing file /home/airflow/.local/lib/python3.7/site-packages/airflow/example_dags/example_short_circuit_decorator.py for tasks to queue
[2024-07-26T04:04:17.801+0000] {logging_mixin.py:120} INFO - [2024-07-26T04:04:17.801+0000] {dagbag.py:537} INFO - Filling up the DagBag from /home/airflow/.local/lib/python3.7/site-packages/airflow/example_dags/example_short_circuit_decorator.py
[2024-07-26T04:04:17.815+0000] {processor.py:766} INFO - DAG(s) dict_keys(['example_short_circuit_decorator']) retrieved from /home/airflow/.local/lib/python3.7/site-packages/airflow/example_dags/example_short_circuit_decorator.py
[2024-07-26T04:04:17.841+0000] {logging_mixin.py:120} INFO - [2024-07-26T04:04:17.840+0000] {dag.py:2585} INFO - Sync 1 DAGs
[2024-07-26T04:04:17.855+0000] {logging_mixin.py:120} INFO - [2024-07-26T04:04:17.855+0000] {dag.py:3340} INFO - Setting next_dagrun for example_short_circuit_decorator to 2024-07-25T04:04:17.855498+00:00, run_after=2024-07-26T04:04:17.855498+00:00
[2024-07-26T04:04:17.870+0000] {processor.py:176} INFO - Processing /home/airflow/.local/lib/python3.7/site-packages/airflow/example_dags/example_short_circuit_decorator.py took 0.073 seconds
[2024-07-26T04:06:04.898+0000] {processor.py:154} INFO - Started process (PID=5668) to work on /home/airflow/.local/lib/python3.7/site-packages/airflow/example_dags/example_short_circuit_decorator.py
[2024-07-26T04:06:04.899+0000] {processor.py:756} INFO - Processing file /home/airflow/.local/lib/python3.7/site-packages/airflow/example_dags/example_short_circuit_decorator.py for tasks to queue
[2024-07-26T04:06:04.903+0000] {logging_mixin.py:120} INFO - [2024-07-26T04:06:04.903+0000] {dagbag.py:537} INFO - Filling up the DagBag from /home/airflow/.local/lib/python3.7/site-packages/airflow/example_dags/example_short_circuit_decorator.py
[2024-07-26T04:06:04.917+0000] {processor.py:766} INFO - DAG(s) dict_keys(['example_short_circuit_decorator']) retrieved from /home/airflow/.local/lib/python3.7/site-packages/airflow/example_dags/example_short_circuit_decorator.py
[2024-07-26T04:06:04.951+0000] {logging_mixin.py:120} INFO - [2024-07-26T04:06:04.951+0000] {dag.py:2585} INFO - Sync 1 DAGs
[2024-07-26T04:06:04.969+0000] {logging_mixin.py:120} INFO - [2024-07-26T04:06:04.969+0000] {dag.py:3340} INFO - Setting next_dagrun for example_short_circuit_decorator to 2024-07-25T04:06:04.968964+00:00, run_after=2024-07-26T04:06:04.968964+00:00
[2024-07-26T04:06:04.981+0000] {processor.py:176} INFO - Processing /home/airflow/.local/lib/python3.7/site-packages/airflow/example_dags/example_short_circuit_decorator.py took 0.085 seconds
[2024-07-26T04:08:06.190+0000] {processor.py:154} INFO - Started process (PID=5723) to work on /home/airflow/.local/lib/python3.7/site-packages/airflow/example_dags/example_short_circuit_decorator.py
[2024-07-26T04:08:06.192+0000] {processor.py:756} INFO - Processing file /home/airflow/.local/lib/python3.7/site-packages/airflow/example_dags/example_short_circuit_decorator.py for tasks to queue
[2024-07-26T04:08:06.193+0000] {logging_mixin.py:120} INFO - [2024-07-26T04:08:06.193+0000] {dagbag.py:537} INFO - Filling up the DagBag from /home/airflow/.local/lib/python3.7/site-packages/airflow/example_dags/example_short_circuit_decorator.py
[2024-07-26T04:08:06.206+0000] {processor.py:766} INFO - DAG(s) dict_keys(['example_short_circuit_decorator']) retrieved from /home/airflow/.local/lib/python3.7/site-packages/airflow/example_dags/example_short_circuit_decorator.py
[2024-07-26T04:08:06.231+0000] {logging_mixin.py:120} INFO - [2024-07-26T04:08:06.231+0000] {dag.py:2585} INFO - Sync 1 DAGs
[2024-07-26T04:08:06.252+0000] {logging_mixin.py:120} INFO - [2024-07-26T04:08:06.252+0000] {dag.py:3340} INFO - Setting next_dagrun for example_short_circuit_decorator to 2024-07-25T04:08:06.252248+00:00, run_after=2024-07-26T04:08:06.252248+00:00
[2024-07-26T04:08:06.270+0000] {processor.py:176} INFO - Processing /home/airflow/.local/lib/python3.7/site-packages/airflow/example_dags/example_short_circuit_decorator.py took 0.082 seconds
[2024-07-26T04:09:02.279+0000] {processor.py:154} INFO - Started process (PID=5787) to work on /home/airflow/.local/lib/python3.7/site-packages/airflow/example_dags/example_short_circuit_decorator.py
[2024-07-26T04:09:02.280+0000] {processor.py:756} INFO - Processing file /home/airflow/.local/lib/python3.7/site-packages/airflow/example_dags/example_short_circuit_decorator.py for tasks to queue
[2024-07-26T04:09:02.284+0000] {logging_mixin.py:120} INFO - [2024-07-26T04:09:02.284+0000] {dagbag.py:537} INFO - Filling up the DagBag from /home/airflow/.local/lib/python3.7/site-packages/airflow/example_dags/example_short_circuit_decorator.py
[2024-07-26T04:09:02.297+0000] {processor.py:766} INFO - DAG(s) dict_keys(['example_short_circuit_decorator']) retrieved from /home/airflow/.local/lib/python3.7/site-packages/airflow/example_dags/example_short_circuit_decorator.py
[2024-07-26T04:09:02.326+0000] {logging_mixin.py:120} INFO - [2024-07-26T04:09:02.326+0000] {dag.py:2585} INFO - Sync 1 DAGs
[2024-07-26T04:09:02.342+0000] {logging_mixin.py:120} INFO - [2024-07-26T04:09:02.342+0000] {dag.py:3340} INFO - Setting next_dagrun for example_short_circuit_decorator to 2024-07-25T04:09:02.342201+00:00, run_after=2024-07-26T04:09:02.342201+00:00
[2024-07-26T04:09:02.354+0000] {processor.py:176} INFO - Processing /home/airflow/.local/lib/python3.7/site-packages/airflow/example_dags/example_short_circuit_decorator.py took 0.077 seconds
[2024-07-26T04:10:11.771+0000] {processor.py:154} INFO - Started process (PID=5852) to work on /home/airflow/.local/lib/python3.7/site-packages/airflow/example_dags/example_short_circuit_decorator.py
[2024-07-26T04:10:11.772+0000] {processor.py:756} INFO - Processing file /home/airflow/.local/lib/python3.7/site-packages/airflow/example_dags/example_short_circuit_decorator.py for tasks to queue
[2024-07-26T04:10:11.772+0000] {logging_mixin.py:120} INFO - [2024-07-26T04:10:11.772+0000] {dagbag.py:537} INFO - Filling up the DagBag from /home/airflow/.local/lib/python3.7/site-packages/airflow/example_dags/example_short_circuit_decorator.py
[2024-07-26T04:10:11.786+0000] {processor.py:766} INFO - DAG(s) dict_keys(['example_short_circuit_decorator']) retrieved from /home/airflow/.local/lib/python3.7/site-packages/airflow/example_dags/example_short_circuit_decorator.py
[2024-07-26T04:10:11.815+0000] {logging_mixin.py:120} INFO - [2024-07-26T04:10:11.815+0000] {dag.py:2585} INFO - Sync 1 DAGs
[2024-07-26T04:10:11.827+0000] {logging_mixin.py:120} INFO - [2024-07-26T04:10:11.827+0000] {dag.py:3340} INFO - Setting next_dagrun for example_short_circuit_decorator to 2024-07-25T04:10:11.827175+00:00, run_after=2024-07-26T04:10:11.827175+00:00
[2024-07-26T04:10:11.843+0000] {processor.py:176} INFO - Processing /home/airflow/.local/lib/python3.7/site-packages/airflow/example_dags/example_short_circuit_decorator.py took 0.074 seconds
[2024-07-26T04:11:38.710+0000] {processor.py:154} INFO - Started process (PID=5916) to work on /home/airflow/.local/lib/python3.7/site-packages/airflow/example_dags/example_short_circuit_decorator.py
[2024-07-26T04:11:38.714+0000] {processor.py:756} INFO - Processing file /home/airflow/.local/lib/python3.7/site-packages/airflow/example_dags/example_short_circuit_decorator.py for tasks to queue
[2024-07-26T04:11:38.714+0000] {logging_mixin.py:120} INFO - [2024-07-26T04:11:38.714+0000] {dagbag.py:537} INFO - Filling up the DagBag from /home/airflow/.local/lib/python3.7/site-packages/airflow/example_dags/example_short_circuit_decorator.py
[2024-07-26T04:11:38.729+0000] {processor.py:766} INFO - DAG(s) dict_keys(['example_short_circuit_decorator']) retrieved from /home/airflow/.local/lib/python3.7/site-packages/airflow/example_dags/example_short_circuit_decorator.py
[2024-07-26T04:11:38.760+0000] {logging_mixin.py:120} INFO - [2024-07-26T04:11:38.760+0000] {dag.py:2585} INFO - Sync 1 DAGs
[2024-07-26T04:11:38.776+0000] {logging_mixin.py:120} INFO - [2024-07-26T04:11:38.776+0000] {dag.py:3340} INFO - Setting next_dagrun for example_short_circuit_decorator to 2024-07-25T04:11:38.776553+00:00, run_after=2024-07-26T04:11:38.776553+00:00
[2024-07-26T04:11:38.792+0000] {processor.py:176} INFO - Processing /home/airflow/.local/lib/python3.7/site-packages/airflow/example_dags/example_short_circuit_decorator.py took 0.084 seconds
[2024-07-26T04:12:21.755+0000] {processor.py:154} INFO - Started process (PID=5980) to work on /home/airflow/.local/lib/python3.7/site-packages/airflow/example_dags/example_short_circuit_decorator.py
[2024-07-26T04:12:21.756+0000] {processor.py:756} INFO - Processing file /home/airflow/.local/lib/python3.7/site-packages/airflow/example_dags/example_short_circuit_decorator.py for tasks to queue
[2024-07-26T04:12:21.756+0000] {logging_mixin.py:120} INFO - [2024-07-26T04:12:21.756+0000] {dagbag.py:537} INFO - Filling up the DagBag from /home/airflow/.local/lib/python3.7/site-packages/airflow/example_dags/example_short_circuit_decorator.py
[2024-07-26T04:12:21.772+0000] {processor.py:766} INFO - DAG(s) dict_keys(['example_short_circuit_decorator']) retrieved from /home/airflow/.local/lib/python3.7/site-packages/airflow/example_dags/example_short_circuit_decorator.py
[2024-07-26T04:12:21.803+0000] {logging_mixin.py:120} INFO - [2024-07-26T04:12:21.803+0000] {dag.py:2585} INFO - Sync 1 DAGs
[2024-07-26T04:12:21.818+0000] {logging_mixin.py:120} INFO - [2024-07-26T04:12:21.818+0000] {dag.py:3340} INFO - Setting next_dagrun for example_short_circuit_decorator to 2024-07-25T04:12:21.818609+00:00, run_after=2024-07-26T04:12:21.818609+00:00
[2024-07-26T04:12:21.839+0000] {processor.py:176} INFO - Processing /home/airflow/.local/lib/python3.7/site-packages/airflow/example_dags/example_short_circuit_decorator.py took 0.087 seconds
[2024-07-26T04:13:15.526+0000] {processor.py:154} INFO - Started process (PID=6035) to work on /home/airflow/.local/lib/python3.7/site-packages/airflow/example_dags/example_short_circuit_decorator.py
[2024-07-26T04:13:15.528+0000] {processor.py:756} INFO - Processing file /home/airflow/.local/lib/python3.7/site-packages/airflow/example_dags/example_short_circuit_decorator.py for tasks to queue
[2024-07-26T04:13:15.529+0000] {logging_mixin.py:120} INFO - [2024-07-26T04:13:15.529+0000] {dagbag.py:537} INFO - Filling up the DagBag from /home/airflow/.local/lib/python3.7/site-packages/airflow/example_dags/example_short_circuit_decorator.py
[2024-07-26T04:13:15.544+0000] {processor.py:766} INFO - DAG(s) dict_keys(['example_short_circuit_decorator']) retrieved from /home/airflow/.local/lib/python3.7/site-packages/airflow/example_dags/example_short_circuit_decorator.py
[2024-07-26T04:13:15.577+0000] {logging_mixin.py:120} INFO - [2024-07-26T04:13:15.577+0000] {dag.py:2585} INFO - Sync 1 DAGs
[2024-07-26T04:13:15.595+0000] {logging_mixin.py:120} INFO - [2024-07-26T04:13:15.594+0000] {dag.py:3340} INFO - Setting next_dagrun for example_short_circuit_decorator to 2024-07-25T04:13:15.594785+00:00, run_after=2024-07-26T04:13:15.594785+00:00
[2024-07-26T04:13:15.617+0000] {processor.py:176} INFO - Processing /home/airflow/.local/lib/python3.7/site-packages/airflow/example_dags/example_short_circuit_decorator.py took 0.093 seconds
[2024-07-26T04:14:05.950+0000] {processor.py:154} INFO - Started process (PID=6098) to work on /home/airflow/.local/lib/python3.7/site-packages/airflow/example_dags/example_short_circuit_decorator.py
[2024-07-26T04:14:05.953+0000] {processor.py:756} INFO - Processing file /home/airflow/.local/lib/python3.7/site-packages/airflow/example_dags/example_short_circuit_decorator.py for tasks to queue
[2024-07-26T04:14:05.954+0000] {logging_mixin.py:120} INFO - [2024-07-26T04:14:05.954+0000] {dagbag.py:537} INFO - Filling up the DagBag from /home/airflow/.local/lib/python3.7/site-packages/airflow/example_dags/example_short_circuit_decorator.py
[2024-07-26T04:14:05.970+0000] {processor.py:766} INFO - DAG(s) dict_keys(['example_short_circuit_decorator']) retrieved from /home/airflow/.local/lib/python3.7/site-packages/airflow/example_dags/example_short_circuit_decorator.py
[2024-07-26T04:14:06.021+0000] {logging_mixin.py:120} INFO - [2024-07-26T04:14:06.021+0000] {dag.py:2585} INFO - Sync 1 DAGs
[2024-07-26T04:14:06.037+0000] {logging_mixin.py:120} INFO - [2024-07-26T04:14:06.037+0000] {dag.py:3340} INFO - Setting next_dagrun for example_short_circuit_decorator to 2024-07-25T04:14:06.037519+00:00, run_after=2024-07-26T04:14:06.037519+00:00
[2024-07-26T04:14:06.053+0000] {processor.py:176} INFO - Processing /home/airflow/.local/lib/python3.7/site-packages/airflow/example_dags/example_short_circuit_decorator.py took 0.105 seconds
[2024-07-26T04:18:34.569+0000] {processor.py:154} INFO - Started process (PID=6162) to work on /home/airflow/.local/lib/python3.7/site-packages/airflow/example_dags/example_short_circuit_decorator.py
[2024-07-26T04:18:34.573+0000] {processor.py:756} INFO - Processing file /home/airflow/.local/lib/python3.7/site-packages/airflow/example_dags/example_short_circuit_decorator.py for tasks to queue
[2024-07-26T04:18:34.575+0000] {logging_mixin.py:120} INFO - [2024-07-26T04:18:34.575+0000] {dagbag.py:537} INFO - Filling up the DagBag from /home/airflow/.local/lib/python3.7/site-packages/airflow/example_dags/example_short_circuit_decorator.py
[2024-07-26T04:18:34.589+0000] {processor.py:766} INFO - DAG(s) dict_keys(['example_short_circuit_decorator']) retrieved from /home/airflow/.local/lib/python3.7/site-packages/airflow/example_dags/example_short_circuit_decorator.py
[2024-07-26T04:18:34.610+0000] {logging_mixin.py:120} INFO - [2024-07-26T04:18:34.610+0000] {dag.py:2585} INFO - Sync 1 DAGs
[2024-07-26T04:18:34.626+0000] {logging_mixin.py:120} INFO - [2024-07-26T04:18:34.626+0000] {dag.py:3340} INFO - Setting next_dagrun for example_short_circuit_decorator to 2024-07-25T04:18:34.626160+00:00, run_after=2024-07-26T04:18:34.626160+00:00
[2024-07-26T04:18:34.648+0000] {processor.py:176} INFO - Processing /home/airflow/.local/lib/python3.7/site-packages/airflow/example_dags/example_short_circuit_decorator.py took 0.081 seconds
[2024-07-26T04:19:16.814+0000] {processor.py:154} INFO - Started process (PID=6226) to work on /home/airflow/.local/lib/python3.7/site-packages/airflow/example_dags/example_short_circuit_decorator.py
[2024-07-26T04:19:16.815+0000] {processor.py:756} INFO - Processing file /home/airflow/.local/lib/python3.7/site-packages/airflow/example_dags/example_short_circuit_decorator.py for tasks to queue
[2024-07-26T04:19:16.815+0000] {logging_mixin.py:120} INFO - [2024-07-26T04:19:16.815+0000] {dagbag.py:537} INFO - Filling up the DagBag from /home/airflow/.local/lib/python3.7/site-packages/airflow/example_dags/example_short_circuit_decorator.py
[2024-07-26T04:19:16.832+0000] {processor.py:766} INFO - DAG(s) dict_keys(['example_short_circuit_decorator']) retrieved from /home/airflow/.local/lib/python3.7/site-packages/airflow/example_dags/example_short_circuit_decorator.py
[2024-07-26T04:19:16.858+0000] {logging_mixin.py:120} INFO - [2024-07-26T04:19:16.858+0000] {dag.py:2585} INFO - Sync 1 DAGs
[2024-07-26T04:19:16.876+0000] {logging_mixin.py:120} INFO - [2024-07-26T04:19:16.876+0000] {dag.py:3340} INFO - Setting next_dagrun for example_short_circuit_decorator to 2024-07-25T04:19:16.876150+00:00, run_after=2024-07-26T04:19:16.876150+00:00
[2024-07-26T04:19:16.894+0000] {processor.py:176} INFO - Processing /home/airflow/.local/lib/python3.7/site-packages/airflow/example_dags/example_short_circuit_decorator.py took 0.082 seconds
[2024-07-26T04:20:38.369+0000] {processor.py:154} INFO - Started process (PID=6287) to work on /home/airflow/.local/lib/python3.7/site-packages/airflow/example_dags/example_short_circuit_decorator.py
[2024-07-26T04:20:38.372+0000] {processor.py:756} INFO - Processing file /home/airflow/.local/lib/python3.7/site-packages/airflow/example_dags/example_short_circuit_decorator.py for tasks to queue
[2024-07-26T04:20:38.373+0000] {logging_mixin.py:120} INFO - [2024-07-26T04:20:38.373+0000] {dagbag.py:537} INFO - Filling up the DagBag from /home/airflow/.local/lib/python3.7/site-packages/airflow/example_dags/example_short_circuit_decorator.py
[2024-07-26T04:20:38.391+0000] {processor.py:766} INFO - DAG(s) dict_keys(['example_short_circuit_decorator']) retrieved from /home/airflow/.local/lib/python3.7/site-packages/airflow/example_dags/example_short_circuit_decorator.py
[2024-07-26T04:20:38.419+0000] {logging_mixin.py:120} INFO - [2024-07-26T04:20:38.419+0000] {dag.py:2585} INFO - Sync 1 DAGs
[2024-07-26T04:20:38.439+0000] {logging_mixin.py:120} INFO - [2024-07-26T04:20:38.439+0000] {dag.py:3340} INFO - Setting next_dagrun for example_short_circuit_decorator to 2024-07-25T04:20:38.438922+00:00, run_after=2024-07-26T04:20:38.438922+00:00
[2024-07-26T04:20:38.450+0000] {processor.py:176} INFO - Processing /home/airflow/.local/lib/python3.7/site-packages/airflow/example_dags/example_short_circuit_decorator.py took 0.083 seconds
[2024-07-26T04:21:42.224+0000] {processor.py:154} INFO - Started process (PID=6344) to work on /home/airflow/.local/lib/python3.7/site-packages/airflow/example_dags/example_short_circuit_decorator.py
[2024-07-26T04:21:42.226+0000] {processor.py:756} INFO - Processing file /home/airflow/.local/lib/python3.7/site-packages/airflow/example_dags/example_short_circuit_decorator.py for tasks to queue
[2024-07-26T04:21:42.229+0000] {logging_mixin.py:120} INFO - [2024-07-26T04:21:42.229+0000] {dagbag.py:537} INFO - Filling up the DagBag from /home/airflow/.local/lib/python3.7/site-packages/airflow/example_dags/example_short_circuit_decorator.py
[2024-07-26T04:21:42.242+0000] {processor.py:766} INFO - DAG(s) dict_keys(['example_short_circuit_decorator']) retrieved from /home/airflow/.local/lib/python3.7/site-packages/airflow/example_dags/example_short_circuit_decorator.py
[2024-07-26T04:21:42.269+0000] {logging_mixin.py:120} INFO - [2024-07-26T04:21:42.269+0000] {dag.py:2585} INFO - Sync 1 DAGs
[2024-07-26T04:21:42.280+0000] {logging_mixin.py:120} INFO - [2024-07-26T04:21:42.280+0000] {dag.py:3340} INFO - Setting next_dagrun for example_short_circuit_decorator to 2024-07-25T04:21:42.280642+00:00, run_after=2024-07-26T04:21:42.280642+00:00
[2024-07-26T04:21:42.291+0000] {processor.py:176} INFO - Processing /home/airflow/.local/lib/python3.7/site-packages/airflow/example_dags/example_short_circuit_decorator.py took 0.069 seconds
[2024-07-26T04:22:49.049+0000] {processor.py:154} INFO - Started process (PID=6408) to work on /home/airflow/.local/lib/python3.7/site-packages/airflow/example_dags/example_short_circuit_decorator.py
[2024-07-26T04:22:49.050+0000] {processor.py:756} INFO - Processing file /home/airflow/.local/lib/python3.7/site-packages/airflow/example_dags/example_short_circuit_decorator.py for tasks to queue
[2024-07-26T04:22:49.051+0000] {logging_mixin.py:120} INFO - [2024-07-26T04:22:49.051+0000] {dagbag.py:537} INFO - Filling up the DagBag from /home/airflow/.local/lib/python3.7/site-packages/airflow/example_dags/example_short_circuit_decorator.py
[2024-07-26T04:22:49.065+0000] {processor.py:766} INFO - DAG(s) dict_keys(['example_short_circuit_decorator']) retrieved from /home/airflow/.local/lib/python3.7/site-packages/airflow/example_dags/example_short_circuit_decorator.py
[2024-07-26T04:22:49.092+0000] {logging_mixin.py:120} INFO - [2024-07-26T04:22:49.092+0000] {dag.py:2585} INFO - Sync 1 DAGs
[2024-07-26T04:22:49.105+0000] {logging_mixin.py:120} INFO - [2024-07-26T04:22:49.105+0000] {dag.py:3340} INFO - Setting next_dagrun for example_short_circuit_decorator to 2024-07-25T04:22:49.105177+00:00, run_after=2024-07-26T04:22:49.105177+00:00
[2024-07-26T04:22:49.121+0000] {processor.py:176} INFO - Processing /home/airflow/.local/lib/python3.7/site-packages/airflow/example_dags/example_short_circuit_decorator.py took 0.075 seconds
[2024-07-26T04:34:01.793+0000] {processor.py:154} INFO - Started process (PID=6472) to work on /home/airflow/.local/lib/python3.7/site-packages/airflow/example_dags/example_short_circuit_decorator.py
[2024-07-26T04:34:01.795+0000] {processor.py:756} INFO - Processing file /home/airflow/.local/lib/python3.7/site-packages/airflow/example_dags/example_short_circuit_decorator.py for tasks to queue
[2024-07-26T04:34:01.795+0000] {logging_mixin.py:120} INFO - [2024-07-26T04:34:01.795+0000] {dagbag.py:537} INFO - Filling up the DagBag from /home/airflow/.local/lib/python3.7/site-packages/airflow/example_dags/example_short_circuit_decorator.py
[2024-07-26T04:34:01.810+0000] {processor.py:766} INFO - DAG(s) dict_keys(['example_short_circuit_decorator']) retrieved from /home/airflow/.local/lib/python3.7/site-packages/airflow/example_dags/example_short_circuit_decorator.py
[2024-07-26T04:34:01.843+0000] {logging_mixin.py:120} INFO - [2024-07-26T04:34:01.842+0000] {dag.py:2585} INFO - Sync 1 DAGs
[2024-07-26T04:34:01.857+0000] {logging_mixin.py:120} INFO - [2024-07-26T04:34:01.857+0000] {dag.py:3340} INFO - Setting next_dagrun for example_short_circuit_decorator to 2024-07-25T04:34:01.857416+00:00, run_after=2024-07-26T04:34:01.857416+00:00
[2024-07-26T04:34:01.872+0000] {processor.py:176} INFO - Processing /home/airflow/.local/lib/python3.7/site-packages/airflow/example_dags/example_short_circuit_decorator.py took 0.081 seconds
[2024-07-26T04:49:13.954+0000] {processor.py:154} INFO - Started process (PID=6536) to work on /home/airflow/.local/lib/python3.7/site-packages/airflow/example_dags/example_short_circuit_decorator.py
[2024-07-26T04:49:13.957+0000] {processor.py:756} INFO - Processing file /home/airflow/.local/lib/python3.7/site-packages/airflow/example_dags/example_short_circuit_decorator.py for tasks to queue
[2024-07-26T04:49:13.958+0000] {logging_mixin.py:120} INFO - [2024-07-26T04:49:13.958+0000] {dagbag.py:537} INFO - Filling up the DagBag from /home/airflow/.local/lib/python3.7/site-packages/airflow/example_dags/example_short_circuit_decorator.py
[2024-07-26T04:49:13.974+0000] {processor.py:766} INFO - DAG(s) dict_keys(['example_short_circuit_decorator']) retrieved from /home/airflow/.local/lib/python3.7/site-packages/airflow/example_dags/example_short_circuit_decorator.py
[2024-07-26T04:49:14.004+0000] {logging_mixin.py:120} INFO - [2024-07-26T04:49:14.004+0000] {dag.py:2585} INFO - Sync 1 DAGs
[2024-07-26T04:49:14.020+0000] {logging_mixin.py:120} INFO - [2024-07-26T04:49:14.020+0000] {dag.py:3340} INFO - Setting next_dagrun for example_short_circuit_decorator to 2024-07-25T04:49:14.020265+00:00, run_after=2024-07-26T04:49:14.020265+00:00
[2024-07-26T04:49:14.038+0000] {processor.py:176} INFO - Processing /home/airflow/.local/lib/python3.7/site-packages/airflow/example_dags/example_short_circuit_decorator.py took 0.086 seconds
[2024-07-26T04:53:38.845+0000] {processor.py:154} INFO - Started process (PID=6591) to work on /home/airflow/.local/lib/python3.7/site-packages/airflow/example_dags/example_short_circuit_decorator.py
[2024-07-26T04:53:38.849+0000] {processor.py:756} INFO - Processing file /home/airflow/.local/lib/python3.7/site-packages/airflow/example_dags/example_short_circuit_decorator.py for tasks to queue
[2024-07-26T04:53:38.851+0000] {logging_mixin.py:120} INFO - [2024-07-26T04:53:38.851+0000] {dagbag.py:537} INFO - Filling up the DagBag from /home/airflow/.local/lib/python3.7/site-packages/airflow/example_dags/example_short_circuit_decorator.py
[2024-07-26T04:53:38.865+0000] {processor.py:766} INFO - DAG(s) dict_keys(['example_short_circuit_decorator']) retrieved from /home/airflow/.local/lib/python3.7/site-packages/airflow/example_dags/example_short_circuit_decorator.py
[2024-07-26T04:53:38.891+0000] {logging_mixin.py:120} INFO - [2024-07-26T04:53:38.891+0000] {dag.py:2585} INFO - Sync 1 DAGs
[2024-07-26T04:53:38.907+0000] {logging_mixin.py:120} INFO - [2024-07-26T04:53:38.907+0000] {dag.py:3340} INFO - Setting next_dagrun for example_short_circuit_decorator to 2024-07-25T04:53:38.906946+00:00, run_after=2024-07-26T04:53:38.906946+00:00
[2024-07-26T04:53:38.922+0000] {processor.py:176} INFO - Processing /home/airflow/.local/lib/python3.7/site-packages/airflow/example_dags/example_short_circuit_decorator.py took 0.083 seconds
[2024-07-26T05:02:50.989+0000] {processor.py:154} INFO - Started process (PID=6655) to work on /home/airflow/.local/lib/python3.7/site-packages/airflow/example_dags/example_short_circuit_decorator.py
[2024-07-26T05:02:50.994+0000] {processor.py:756} INFO - Processing file /home/airflow/.local/lib/python3.7/site-packages/airflow/example_dags/example_short_circuit_decorator.py for tasks to queue
[2024-07-26T05:02:50.994+0000] {logging_mixin.py:120} INFO - [2024-07-26T05:02:50.994+0000] {dagbag.py:537} INFO - Filling up the DagBag from /home/airflow/.local/lib/python3.7/site-packages/airflow/example_dags/example_short_circuit_decorator.py
[2024-07-26T05:02:51.012+0000] {processor.py:766} INFO - DAG(s) dict_keys(['example_short_circuit_decorator']) retrieved from /home/airflow/.local/lib/python3.7/site-packages/airflow/example_dags/example_short_circuit_decorator.py
[2024-07-26T05:02:51.044+0000] {logging_mixin.py:120} INFO - [2024-07-26T05:02:51.044+0000] {dag.py:2585} INFO - Sync 1 DAGs
[2024-07-26T05:02:51.068+0000] {logging_mixin.py:120} INFO - [2024-07-26T05:02:51.068+0000] {dag.py:3340} INFO - Setting next_dagrun for example_short_circuit_decorator to 2024-07-25T05:02:51.068492+00:00, run_after=2024-07-26T05:02:51.068492+00:00
[2024-07-26T05:02:51.079+0000] {processor.py:176} INFO - Processing /home/airflow/.local/lib/python3.7/site-packages/airflow/example_dags/example_short_circuit_decorator.py took 0.092 seconds
[2024-07-26T05:15:53.371+0000] {processor.py:154} INFO - Started process (PID=6719) to work on /home/airflow/.local/lib/python3.7/site-packages/airflow/example_dags/example_short_circuit_decorator.py
[2024-07-26T05:15:53.373+0000] {processor.py:756} INFO - Processing file /home/airflow/.local/lib/python3.7/site-packages/airflow/example_dags/example_short_circuit_decorator.py for tasks to queue
[2024-07-26T05:15:53.373+0000] {logging_mixin.py:120} INFO - [2024-07-26T05:15:53.373+0000] {dagbag.py:537} INFO - Filling up the DagBag from /home/airflow/.local/lib/python3.7/site-packages/airflow/example_dags/example_short_circuit_decorator.py
[2024-07-26T05:15:53.395+0000] {processor.py:766} INFO - DAG(s) dict_keys(['example_short_circuit_decorator']) retrieved from /home/airflow/.local/lib/python3.7/site-packages/airflow/example_dags/example_short_circuit_decorator.py
[2024-07-26T05:15:53.431+0000] {logging_mixin.py:120} INFO - [2024-07-26T05:15:53.430+0000] {dag.py:2585} INFO - Sync 1 DAGs
[2024-07-26T05:15:53.448+0000] {logging_mixin.py:120} INFO - [2024-07-26T05:15:53.448+0000] {dag.py:3340} INFO - Setting next_dagrun for example_short_circuit_decorator to 2024-07-25T05:15:53.448152+00:00, run_after=2024-07-26T05:15:53.448152+00:00
[2024-07-26T05:15:53.465+0000] {processor.py:176} INFO - Processing /home/airflow/.local/lib/python3.7/site-packages/airflow/example_dags/example_short_circuit_decorator.py took 0.096 seconds
[2024-07-26T05:33:30.259+0000] {processor.py:154} INFO - Started process (PID=6783) to work on /home/airflow/.local/lib/python3.7/site-packages/airflow/example_dags/example_short_circuit_decorator.py
[2024-07-26T05:33:30.260+0000] {processor.py:756} INFO - Processing file /home/airflow/.local/lib/python3.7/site-packages/airflow/example_dags/example_short_circuit_decorator.py for tasks to queue
[2024-07-26T05:33:30.260+0000] {logging_mixin.py:120} INFO - [2024-07-26T05:33:30.260+0000] {dagbag.py:537} INFO - Filling up the DagBag from /home/airflow/.local/lib/python3.7/site-packages/airflow/example_dags/example_short_circuit_decorator.py
[2024-07-26T05:33:30.278+0000] {processor.py:766} INFO - DAG(s) dict_keys(['example_short_circuit_decorator']) retrieved from /home/airflow/.local/lib/python3.7/site-packages/airflow/example_dags/example_short_circuit_decorator.py
[2024-07-26T05:33:30.311+0000] {logging_mixin.py:120} INFO - [2024-07-26T05:33:30.311+0000] {dag.py:2585} INFO - Sync 1 DAGs
[2024-07-26T05:33:30.330+0000] {logging_mixin.py:120} INFO - [2024-07-26T05:33:30.330+0000] {dag.py:3340} INFO - Setting next_dagrun for example_short_circuit_decorator to 2024-07-25T05:33:30.330645+00:00, run_after=2024-07-26T05:33:30.330645+00:00
[2024-07-26T05:33:30.346+0000] {processor.py:176} INFO - Processing /home/airflow/.local/lib/python3.7/site-packages/airflow/example_dags/example_short_circuit_decorator.py took 0.089 seconds
[2024-07-26T06:09:37.570+0000] {processor.py:154} INFO - Started process (PID=6846) to work on /home/airflow/.local/lib/python3.7/site-packages/airflow/example_dags/example_short_circuit_decorator.py
[2024-07-26T06:09:37.572+0000] {processor.py:756} INFO - Processing file /home/airflow/.local/lib/python3.7/site-packages/airflow/example_dags/example_short_circuit_decorator.py for tasks to queue
[2024-07-26T06:09:37.573+0000] {logging_mixin.py:120} INFO - [2024-07-26T06:09:37.573+0000] {dagbag.py:537} INFO - Filling up the DagBag from /home/airflow/.local/lib/python3.7/site-packages/airflow/example_dags/example_short_circuit_decorator.py
[2024-07-26T06:09:37.589+0000] {processor.py:766} INFO - DAG(s) dict_keys(['example_short_circuit_decorator']) retrieved from /home/airflow/.local/lib/python3.7/site-packages/airflow/example_dags/example_short_circuit_decorator.py
[2024-07-26T06:09:37.621+0000] {logging_mixin.py:120} INFO - [2024-07-26T06:09:37.621+0000] {dag.py:2585} INFO - Sync 1 DAGs
[2024-07-26T06:09:37.636+0000] {logging_mixin.py:120} INFO - [2024-07-26T06:09:37.636+0000] {dag.py:3340} INFO - Setting next_dagrun for example_short_circuit_decorator to 2024-07-25T06:09:37.636679+00:00, run_after=2024-07-26T06:09:37.636679+00:00
[2024-07-26T06:09:37.742+0000] {processor.py:176} INFO - Processing /home/airflow/.local/lib/python3.7/site-packages/airflow/example_dags/example_short_circuit_decorator.py took 0.174 seconds
[2024-07-26T07:10:34.530+0000] {processor.py:154} INFO - Started process (PID=6901) to work on /home/airflow/.local/lib/python3.7/site-packages/airflow/example_dags/example_short_circuit_decorator.py
[2024-07-26T07:10:34.536+0000] {processor.py:756} INFO - Processing file /home/airflow/.local/lib/python3.7/site-packages/airflow/example_dags/example_short_circuit_decorator.py for tasks to queue
[2024-07-26T07:10:34.541+0000] {logging_mixin.py:120} INFO - [2024-07-26T07:10:34.541+0000] {dagbag.py:537} INFO - Filling up the DagBag from /home/airflow/.local/lib/python3.7/site-packages/airflow/example_dags/example_short_circuit_decorator.py
[2024-07-26T07:10:34.565+0000] {processor.py:766} INFO - DAG(s) dict_keys(['example_short_circuit_decorator']) retrieved from /home/airflow/.local/lib/python3.7/site-packages/airflow/example_dags/example_short_circuit_decorator.py
[2024-07-26T07:10:34.627+0000] {logging_mixin.py:120} INFO - [2024-07-26T07:10:34.627+0000] {dag.py:2585} INFO - Sync 1 DAGs
[2024-07-26T07:10:34.647+0000] {logging_mixin.py:120} INFO - [2024-07-26T07:10:34.646+0000] {dag.py:3340} INFO - Setting next_dagrun for example_short_circuit_decorator to 2024-07-25T07:10:34.646763+00:00, run_after=2024-07-26T07:10:34.646763+00:00
[2024-07-26T07:10:34.669+0000] {processor.py:176} INFO - Processing /home/airflow/.local/lib/python3.7/site-packages/airflow/example_dags/example_short_circuit_decorator.py took 0.141 seconds
[2024-07-26T08:11:48.957+0000] {processor.py:154} INFO - Started process (PID=6965) to work on /home/airflow/.local/lib/python3.7/site-packages/airflow/example_dags/example_short_circuit_decorator.py
[2024-07-26T08:11:48.958+0000] {processor.py:756} INFO - Processing file /home/airflow/.local/lib/python3.7/site-packages/airflow/example_dags/example_short_circuit_decorator.py for tasks to queue
[2024-07-26T08:11:48.959+0000] {logging_mixin.py:120} INFO - [2024-07-26T08:11:48.959+0000] {dagbag.py:537} INFO - Filling up the DagBag from /home/airflow/.local/lib/python3.7/site-packages/airflow/example_dags/example_short_circuit_decorator.py
[2024-07-26T08:11:48.979+0000] {processor.py:766} INFO - DAG(s) dict_keys(['example_short_circuit_decorator']) retrieved from /home/airflow/.local/lib/python3.7/site-packages/airflow/example_dags/example_short_circuit_decorator.py
[2024-07-26T08:11:49.010+0000] {logging_mixin.py:120} INFO - [2024-07-26T08:11:49.010+0000] {dag.py:2585} INFO - Sync 1 DAGs
[2024-07-26T08:11:49.041+0000] {logging_mixin.py:120} INFO - [2024-07-26T08:11:49.041+0000] {dag.py:3340} INFO - Setting next_dagrun for example_short_circuit_decorator to 2024-07-25T08:11:49.041212+00:00, run_after=2024-07-26T08:11:49.041212+00:00
[2024-07-26T08:11:49.067+0000] {processor.py:176} INFO - Processing /home/airflow/.local/lib/python3.7/site-packages/airflow/example_dags/example_short_circuit_decorator.py took 0.111 seconds
[2024-07-26T08:36:13.250+0000] {processor.py:154} INFO - Started process (PID=7029) to work on /home/airflow/.local/lib/python3.7/site-packages/airflow/example_dags/example_short_circuit_decorator.py
[2024-07-26T08:36:13.253+0000] {processor.py:756} INFO - Processing file /home/airflow/.local/lib/python3.7/site-packages/airflow/example_dags/example_short_circuit_decorator.py for tasks to queue
[2024-07-26T08:36:13.254+0000] {logging_mixin.py:120} INFO - [2024-07-26T08:36:13.254+0000] {dagbag.py:537} INFO - Filling up the DagBag from /home/airflow/.local/lib/python3.7/site-packages/airflow/example_dags/example_short_circuit_decorator.py
[2024-07-26T08:36:13.270+0000] {processor.py:766} INFO - DAG(s) dict_keys(['example_short_circuit_decorator']) retrieved from /home/airflow/.local/lib/python3.7/site-packages/airflow/example_dags/example_short_circuit_decorator.py
[2024-07-26T08:36:13.301+0000] {logging_mixin.py:120} INFO - [2024-07-26T08:36:13.301+0000] {dag.py:2585} INFO - Sync 1 DAGs
[2024-07-26T08:36:13.325+0000] {logging_mixin.py:120} INFO - [2024-07-26T08:36:13.325+0000] {dag.py:3340} INFO - Setting next_dagrun for example_short_circuit_decorator to 2024-07-25T08:36:13.325630+00:00, run_after=2024-07-26T08:36:13.325630+00:00
[2024-07-26T08:36:13.342+0000] {processor.py:176} INFO - Processing /home/airflow/.local/lib/python3.7/site-packages/airflow/example_dags/example_short_circuit_decorator.py took 0.094 seconds
[2024-07-26T09:29:27.320+0000] {processor.py:154} INFO - Started process (PID=7093) to work on /home/airflow/.local/lib/python3.7/site-packages/airflow/example_dags/example_short_circuit_decorator.py
[2024-07-26T09:29:27.323+0000] {processor.py:756} INFO - Processing file /home/airflow/.local/lib/python3.7/site-packages/airflow/example_dags/example_short_circuit_decorator.py for tasks to queue
[2024-07-26T09:29:27.325+0000] {logging_mixin.py:120} INFO - [2024-07-26T09:29:27.325+0000] {dagbag.py:537} INFO - Filling up the DagBag from /home/airflow/.local/lib/python3.7/site-packages/airflow/example_dags/example_short_circuit_decorator.py
[2024-07-26T09:29:27.343+0000] {processor.py:766} INFO - DAG(s) dict_keys(['example_short_circuit_decorator']) retrieved from /home/airflow/.local/lib/python3.7/site-packages/airflow/example_dags/example_short_circuit_decorator.py
[2024-07-26T09:29:27.378+0000] {logging_mixin.py:120} INFO - [2024-07-26T09:29:27.377+0000] {dag.py:2585} INFO - Sync 1 DAGs
[2024-07-26T09:29:27.398+0000] {logging_mixin.py:120} INFO - [2024-07-26T09:29:27.398+0000] {dag.py:3340} INFO - Setting next_dagrun for example_short_circuit_decorator to 2024-07-25T09:29:27.398740+00:00, run_after=2024-07-26T09:29:27.398740+00:00
[2024-07-26T09:29:27.415+0000] {processor.py:176} INFO - Processing /home/airflow/.local/lib/python3.7/site-packages/airflow/example_dags/example_short_circuit_decorator.py took 0.097 seconds
[2024-07-26T10:30:32.019+0000] {processor.py:154} INFO - Started process (PID=7148) to work on /home/airflow/.local/lib/python3.7/site-packages/airflow/example_dags/example_short_circuit_decorator.py
[2024-07-26T10:30:32.021+0000] {processor.py:756} INFO - Processing file /home/airflow/.local/lib/python3.7/site-packages/airflow/example_dags/example_short_circuit_decorator.py for tasks to queue
[2024-07-26T10:30:32.023+0000] {logging_mixin.py:120} INFO - [2024-07-26T10:30:32.022+0000] {dagbag.py:537} INFO - Filling up the DagBag from /home/airflow/.local/lib/python3.7/site-packages/airflow/example_dags/example_short_circuit_decorator.py
[2024-07-26T10:30:32.045+0000] {processor.py:766} INFO - DAG(s) dict_keys(['example_short_circuit_decorator']) retrieved from /home/airflow/.local/lib/python3.7/site-packages/airflow/example_dags/example_short_circuit_decorator.py
[2024-07-26T10:30:32.080+0000] {logging_mixin.py:120} INFO - [2024-07-26T10:30:32.080+0000] {dag.py:2585} INFO - Sync 1 DAGs
[2024-07-26T10:30:32.100+0000] {logging_mixin.py:120} INFO - [2024-07-26T10:30:32.100+0000] {dag.py:3340} INFO - Setting next_dagrun for example_short_circuit_decorator to 2024-07-25T10:30:32.100533+00:00, run_after=2024-07-26T10:30:32.100533+00:00
[2024-07-26T10:30:32.134+0000] {processor.py:176} INFO - Processing /home/airflow/.local/lib/python3.7/site-packages/airflow/example_dags/example_short_circuit_decorator.py took 0.120 seconds
[2024-07-26T10:39:57.540+0000] {processor.py:154} INFO - Started process (PID=7212) to work on /home/airflow/.local/lib/python3.7/site-packages/airflow/example_dags/example_short_circuit_decorator.py
[2024-07-26T10:39:57.542+0000] {processor.py:756} INFO - Processing file /home/airflow/.local/lib/python3.7/site-packages/airflow/example_dags/example_short_circuit_decorator.py for tasks to queue
[2024-07-26T10:39:57.542+0000] {logging_mixin.py:120} INFO - [2024-07-26T10:39:57.542+0000] {dagbag.py:537} INFO - Filling up the DagBag from /home/airflow/.local/lib/python3.7/site-packages/airflow/example_dags/example_short_circuit_decorator.py
[2024-07-26T10:39:57.557+0000] {processor.py:766} INFO - DAG(s) dict_keys(['example_short_circuit_decorator']) retrieved from /home/airflow/.local/lib/python3.7/site-packages/airflow/example_dags/example_short_circuit_decorator.py
[2024-07-26T10:39:57.587+0000] {logging_mixin.py:120} INFO - [2024-07-26T10:39:57.587+0000] {dag.py:2585} INFO - Sync 1 DAGs
[2024-07-26T10:39:57.600+0000] {logging_mixin.py:120} INFO - [2024-07-26T10:39:57.600+0000] {dag.py:3340} INFO - Setting next_dagrun for example_short_circuit_decorator to 2024-07-25T10:39:57.599953+00:00, run_after=2024-07-26T10:39:57.599953+00:00
[2024-07-26T10:39:57.618+0000] {processor.py:176} INFO - Processing /home/airflow/.local/lib/python3.7/site-packages/airflow/example_dags/example_short_circuit_decorator.py took 0.079 seconds
[2024-07-26T11:48:31.860+0000] {processor.py:154} INFO - Started process (PID=7276) to work on /home/airflow/.local/lib/python3.7/site-packages/airflow/example_dags/example_short_circuit_decorator.py
[2024-07-26T11:48:31.861+0000] {processor.py:756} INFO - Processing file /home/airflow/.local/lib/python3.7/site-packages/airflow/example_dags/example_short_circuit_decorator.py for tasks to queue
[2024-07-26T11:48:31.863+0000] {logging_mixin.py:120} INFO - [2024-07-26T11:48:31.863+0000] {dagbag.py:537} INFO - Filling up the DagBag from /home/airflow/.local/lib/python3.7/site-packages/airflow/example_dags/example_short_circuit_decorator.py
[2024-07-26T11:48:31.881+0000] {processor.py:766} INFO - DAG(s) dict_keys(['example_short_circuit_decorator']) retrieved from /home/airflow/.local/lib/python3.7/site-packages/airflow/example_dags/example_short_circuit_decorator.py
[2024-07-26T11:48:31.912+0000] {logging_mixin.py:120} INFO - [2024-07-26T11:48:31.912+0000] {dag.py:2585} INFO - Sync 1 DAGs
[2024-07-26T11:48:31.931+0000] {logging_mixin.py:120} INFO - [2024-07-26T11:48:31.931+0000] {dag.py:3340} INFO - Setting next_dagrun for example_short_circuit_decorator to 2024-07-25T11:48:31.931668+00:00, run_after=2024-07-26T11:48:31.931668+00:00
[2024-07-26T11:48:31.948+0000] {processor.py:176} INFO - Processing /home/airflow/.local/lib/python3.7/site-packages/airflow/example_dags/example_short_circuit_decorator.py took 0.093 seconds
[2024-07-26T12:13:07.036+0000] {processor.py:154} INFO - Started process (PID=7340) to work on /home/airflow/.local/lib/python3.7/site-packages/airflow/example_dags/example_short_circuit_decorator.py
[2024-07-26T12:13:07.037+0000] {processor.py:756} INFO - Processing file /home/airflow/.local/lib/python3.7/site-packages/airflow/example_dags/example_short_circuit_decorator.py for tasks to queue
[2024-07-26T12:13:07.037+0000] {logging_mixin.py:120} INFO - [2024-07-26T12:13:07.037+0000] {dagbag.py:537} INFO - Filling up the DagBag from /home/airflow/.local/lib/python3.7/site-packages/airflow/example_dags/example_short_circuit_decorator.py
[2024-07-26T12:13:07.054+0000] {processor.py:766} INFO - DAG(s) dict_keys(['example_short_circuit_decorator']) retrieved from /home/airflow/.local/lib/python3.7/site-packages/airflow/example_dags/example_short_circuit_decorator.py
[2024-07-26T12:13:07.085+0000] {logging_mixin.py:120} INFO - [2024-07-26T12:13:07.085+0000] {dag.py:2585} INFO - Sync 1 DAGs
[2024-07-26T12:13:07.101+0000] {logging_mixin.py:120} INFO - [2024-07-26T12:13:07.101+0000] {dag.py:3340} INFO - Setting next_dagrun for example_short_circuit_decorator to 2024-07-25T12:13:07.101616+00:00, run_after=2024-07-26T12:13:07.101616+00:00
[2024-07-26T12:13:07.128+0000] {processor.py:176} INFO - Processing /home/airflow/.local/lib/python3.7/site-packages/airflow/example_dags/example_short_circuit_decorator.py took 0.094 seconds
[2024-07-26T12:19:27.213+0000] {processor.py:154} INFO - Started process (PID=7403) to work on /home/airflow/.local/lib/python3.7/site-packages/airflow/example_dags/example_short_circuit_decorator.py
[2024-07-26T12:19:27.216+0000] {processor.py:756} INFO - Processing file /home/airflow/.local/lib/python3.7/site-packages/airflow/example_dags/example_short_circuit_decorator.py for tasks to queue
[2024-07-26T12:19:27.218+0000] {logging_mixin.py:120} INFO - [2024-07-26T12:19:27.218+0000] {dagbag.py:537} INFO - Filling up the DagBag from /home/airflow/.local/lib/python3.7/site-packages/airflow/example_dags/example_short_circuit_decorator.py
[2024-07-26T12:19:27.246+0000] {processor.py:766} INFO - DAG(s) dict_keys(['example_short_circuit_decorator']) retrieved from /home/airflow/.local/lib/python3.7/site-packages/airflow/example_dags/example_short_circuit_decorator.py
[2024-07-26T12:19:27.316+0000] {logging_mixin.py:120} INFO - [2024-07-26T12:19:27.316+0000] {dag.py:2585} INFO - Sync 1 DAGs
[2024-07-26T12:19:27.341+0000] {logging_mixin.py:120} INFO - [2024-07-26T12:19:27.341+0000] {dag.py:3340} INFO - Setting next_dagrun for example_short_circuit_decorator to 2024-07-25T12:19:27.341724+00:00, run_after=2024-07-26T12:19:27.341724+00:00
[2024-07-26T12:19:27.365+0000] {processor.py:176} INFO - Processing /home/airflow/.local/lib/python3.7/site-packages/airflow/example_dags/example_short_circuit_decorator.py took 0.155 seconds
[2024-07-26T13:00:09.808+0000] {processor.py:154} INFO - Started process (PID=7458) to work on /home/airflow/.local/lib/python3.7/site-packages/airflow/example_dags/example_short_circuit_decorator.py
[2024-07-26T13:00:09.810+0000] {processor.py:756} INFO - Processing file /home/airflow/.local/lib/python3.7/site-packages/airflow/example_dags/example_short_circuit_decorator.py for tasks to queue
[2024-07-26T13:00:09.811+0000] {logging_mixin.py:120} INFO - [2024-07-26T13:00:09.811+0000] {dagbag.py:537} INFO - Filling up the DagBag from /home/airflow/.local/lib/python3.7/site-packages/airflow/example_dags/example_short_circuit_decorator.py
[2024-07-26T13:00:09.841+0000] {processor.py:766} INFO - DAG(s) dict_keys(['example_short_circuit_decorator']) retrieved from /home/airflow/.local/lib/python3.7/site-packages/airflow/example_dags/example_short_circuit_decorator.py
[2024-07-26T13:00:09.915+0000] {logging_mixin.py:120} INFO - [2024-07-26T13:00:09.915+0000] {dag.py:2585} INFO - Sync 1 DAGs
[2024-07-26T13:00:09.943+0000] {logging_mixin.py:120} INFO - [2024-07-26T13:00:09.943+0000] {dag.py:3340} INFO - Setting next_dagrun for example_short_circuit_decorator to 2024-07-25T13:00:09.943447+00:00, run_after=2024-07-26T13:00:09.943447+00:00
[2024-07-26T13:00:09.962+0000] {processor.py:176} INFO - Processing /home/airflow/.local/lib/python3.7/site-packages/airflow/example_dags/example_short_circuit_decorator.py took 0.156 seconds
[2024-07-26T13:12:28.900+0000] {processor.py:154} INFO - Started process (PID=7522) to work on /home/airflow/.local/lib/python3.7/site-packages/airflow/example_dags/example_short_circuit_decorator.py
[2024-07-26T13:12:28.902+0000] {processor.py:756} INFO - Processing file /home/airflow/.local/lib/python3.7/site-packages/airflow/example_dags/example_short_circuit_decorator.py for tasks to queue
[2024-07-26T13:12:28.903+0000] {logging_mixin.py:120} INFO - [2024-07-26T13:12:28.902+0000] {dagbag.py:537} INFO - Filling up the DagBag from /home/airflow/.local/lib/python3.7/site-packages/airflow/example_dags/example_short_circuit_decorator.py
[2024-07-26T13:12:28.928+0000] {processor.py:766} INFO - DAG(s) dict_keys(['example_short_circuit_decorator']) retrieved from /home/airflow/.local/lib/python3.7/site-packages/airflow/example_dags/example_short_circuit_decorator.py
[2024-07-26T13:12:28.976+0000] {logging_mixin.py:120} INFO - [2024-07-26T13:12:28.976+0000] {dag.py:2585} INFO - Sync 1 DAGs
[2024-07-26T13:12:29.008+0000] {logging_mixin.py:120} INFO - [2024-07-26T13:12:29.008+0000] {dag.py:3340} INFO - Setting next_dagrun for example_short_circuit_decorator to 2024-07-25T13:12:29.007896+00:00, run_after=2024-07-26T13:12:29.007896+00:00
[2024-07-26T13:12:29.027+0000] {processor.py:176} INFO - Processing /home/airflow/.local/lib/python3.7/site-packages/airflow/example_dags/example_short_circuit_decorator.py took 0.129 seconds
[2024-07-26T13:43:23.113+0000] {processor.py:154} INFO - Started process (PID=7586) to work on /home/airflow/.local/lib/python3.7/site-packages/airflow/example_dags/example_short_circuit_decorator.py
[2024-07-26T13:43:23.120+0000] {processor.py:756} INFO - Processing file /home/airflow/.local/lib/python3.7/site-packages/airflow/example_dags/example_short_circuit_decorator.py for tasks to queue
[2024-07-26T13:43:23.124+0000] {logging_mixin.py:120} INFO - [2024-07-26T13:43:23.124+0000] {dagbag.py:537} INFO - Filling up the DagBag from /home/airflow/.local/lib/python3.7/site-packages/airflow/example_dags/example_short_circuit_decorator.py
[2024-07-26T13:43:23.157+0000] {processor.py:766} INFO - DAG(s) dict_keys(['example_short_circuit_decorator']) retrieved from /home/airflow/.local/lib/python3.7/site-packages/airflow/example_dags/example_short_circuit_decorator.py
[2024-07-26T13:43:23.198+0000] {logging_mixin.py:120} INFO - [2024-07-26T13:43:23.198+0000] {dag.py:2585} INFO - Sync 1 DAGs
[2024-07-26T13:43:23.217+0000] {logging_mixin.py:120} INFO - [2024-07-26T13:43:23.217+0000] {dag.py:3340} INFO - Setting next_dagrun for example_short_circuit_decorator to 2024-07-25T13:43:23.217078+00:00, run_after=2024-07-26T13:43:23.217078+00:00
[2024-07-26T13:43:23.235+0000] {processor.py:176} INFO - Processing /home/airflow/.local/lib/python3.7/site-packages/airflow/example_dags/example_short_circuit_decorator.py took 0.129 seconds
[2024-07-26T13:46:55.059+0000] {processor.py:154} INFO - Started process (PID=7650) to work on /home/airflow/.local/lib/python3.7/site-packages/airflow/example_dags/example_short_circuit_decorator.py
[2024-07-26T13:46:55.061+0000] {processor.py:756} INFO - Processing file /home/airflow/.local/lib/python3.7/site-packages/airflow/example_dags/example_short_circuit_decorator.py for tasks to queue
[2024-07-26T13:46:55.063+0000] {logging_mixin.py:120} INFO - [2024-07-26T13:46:55.063+0000] {dagbag.py:537} INFO - Filling up the DagBag from /home/airflow/.local/lib/python3.7/site-packages/airflow/example_dags/example_short_circuit_decorator.py
[2024-07-26T13:46:55.085+0000] {processor.py:766} INFO - DAG(s) dict_keys(['example_short_circuit_decorator']) retrieved from /home/airflow/.local/lib/python3.7/site-packages/airflow/example_dags/example_short_circuit_decorator.py
[2024-07-26T13:46:55.117+0000] {logging_mixin.py:120} INFO - [2024-07-26T13:46:55.117+0000] {dag.py:2585} INFO - Sync 1 DAGs
[2024-07-26T13:46:55.135+0000] {logging_mixin.py:120} INFO - [2024-07-26T13:46:55.135+0000] {dag.py:3340} INFO - Setting next_dagrun for example_short_circuit_decorator to 2024-07-25T13:46:55.135323+00:00, run_after=2024-07-26T13:46:55.135323+00:00
[2024-07-26T13:46:55.146+0000] {processor.py:176} INFO - Processing /home/airflow/.local/lib/python3.7/site-packages/airflow/example_dags/example_short_circuit_decorator.py took 0.090 seconds
[2024-07-26T13:52:24.615+0000] {processor.py:154} INFO - Started process (PID=7712) to work on /home/airflow/.local/lib/python3.7/site-packages/airflow/example_dags/example_short_circuit_decorator.py
[2024-07-26T13:52:24.621+0000] {processor.py:756} INFO - Processing file /home/airflow/.local/lib/python3.7/site-packages/airflow/example_dags/example_short_circuit_decorator.py for tasks to queue
[2024-07-26T13:52:24.627+0000] {logging_mixin.py:120} INFO - [2024-07-26T13:52:24.627+0000] {dagbag.py:537} INFO - Filling up the DagBag from /home/airflow/.local/lib/python3.7/site-packages/airflow/example_dags/example_short_circuit_decorator.py
[2024-07-26T13:52:24.646+0000] {processor.py:766} INFO - DAG(s) dict_keys(['example_short_circuit_decorator']) retrieved from /home/airflow/.local/lib/python3.7/site-packages/airflow/example_dags/example_short_circuit_decorator.py
[2024-07-26T13:52:24.701+0000] {logging_mixin.py:120} INFO - [2024-07-26T13:52:24.701+0000] {dag.py:2585} INFO - Sync 1 DAGs
[2024-07-26T13:52:24.734+0000] {logging_mixin.py:120} INFO - [2024-07-26T13:52:24.734+0000] {dag.py:3340} INFO - Setting next_dagrun for example_short_circuit_decorator to 2024-07-25T13:52:24.734185+00:00, run_after=2024-07-26T13:52:24.734185+00:00
[2024-07-26T13:52:24.765+0000] {processor.py:176} INFO - Processing /home/airflow/.local/lib/python3.7/site-packages/airflow/example_dags/example_short_circuit_decorator.py took 0.152 seconds
[2024-07-26T13:54:21.953+0000] {processor.py:154} INFO - Started process (PID=7769) to work on /home/airflow/.local/lib/python3.7/site-packages/airflow/example_dags/example_short_circuit_decorator.py
[2024-07-26T13:54:21.956+0000] {processor.py:756} INFO - Processing file /home/airflow/.local/lib/python3.7/site-packages/airflow/example_dags/example_short_circuit_decorator.py for tasks to queue
[2024-07-26T13:54:21.958+0000] {logging_mixin.py:120} INFO - [2024-07-26T13:54:21.958+0000] {dagbag.py:537} INFO - Filling up the DagBag from /home/airflow/.local/lib/python3.7/site-packages/airflow/example_dags/example_short_circuit_decorator.py
[2024-07-26T13:54:21.970+0000] {processor.py:766} INFO - DAG(s) dict_keys(['example_short_circuit_decorator']) retrieved from /home/airflow/.local/lib/python3.7/site-packages/airflow/example_dags/example_short_circuit_decorator.py
[2024-07-26T13:54:22.000+0000] {logging_mixin.py:120} INFO - [2024-07-26T13:54:22.000+0000] {dag.py:2585} INFO - Sync 1 DAGs
[2024-07-26T13:54:22.016+0000] {logging_mixin.py:120} INFO - [2024-07-26T13:54:22.016+0000] {dag.py:3340} INFO - Setting next_dagrun for example_short_circuit_decorator to 2024-07-25T13:54:22.016430+00:00, run_after=2024-07-26T13:54:22.016430+00:00
[2024-07-26T13:54:22.026+0000] {processor.py:176} INFO - Processing /home/airflow/.local/lib/python3.7/site-packages/airflow/example_dags/example_short_circuit_decorator.py took 0.075 seconds
[2024-07-26T13:55:30.084+0000] {processor.py:154} INFO - Started process (PID=7833) to work on /home/airflow/.local/lib/python3.7/site-packages/airflow/example_dags/example_short_circuit_decorator.py
[2024-07-26T13:55:30.086+0000] {processor.py:756} INFO - Processing file /home/airflow/.local/lib/python3.7/site-packages/airflow/example_dags/example_short_circuit_decorator.py for tasks to queue
[2024-07-26T13:55:30.087+0000] {logging_mixin.py:120} INFO - [2024-07-26T13:55:30.087+0000] {dagbag.py:537} INFO - Filling up the DagBag from /home/airflow/.local/lib/python3.7/site-packages/airflow/example_dags/example_short_circuit_decorator.py
[2024-07-26T13:55:30.099+0000] {processor.py:766} INFO - DAG(s) dict_keys(['example_short_circuit_decorator']) retrieved from /home/airflow/.local/lib/python3.7/site-packages/airflow/example_dags/example_short_circuit_decorator.py
[2024-07-26T13:55:30.126+0000] {logging_mixin.py:120} INFO - [2024-07-26T13:55:30.126+0000] {dag.py:2585} INFO - Sync 1 DAGs
[2024-07-26T13:55:30.142+0000] {logging_mixin.py:120} INFO - [2024-07-26T13:55:30.142+0000] {dag.py:3340} INFO - Setting next_dagrun for example_short_circuit_decorator to 2024-07-25T13:55:30.142083+00:00, run_after=2024-07-26T13:55:30.142083+00:00
[2024-07-26T13:55:30.159+0000] {processor.py:176} INFO - Processing /home/airflow/.local/lib/python3.7/site-packages/airflow/example_dags/example_short_circuit_decorator.py took 0.077 seconds
[2024-07-26T14:05:33.680+0000] {processor.py:154} INFO - Started process (PID=7897) to work on /home/airflow/.local/lib/python3.7/site-packages/airflow/example_dags/example_short_circuit_decorator.py
[2024-07-26T14:05:33.681+0000] {processor.py:756} INFO - Processing file /home/airflow/.local/lib/python3.7/site-packages/airflow/example_dags/example_short_circuit_decorator.py for tasks to queue
[2024-07-26T14:05:33.681+0000] {logging_mixin.py:120} INFO - [2024-07-26T14:05:33.681+0000] {dagbag.py:537} INFO - Filling up the DagBag from /home/airflow/.local/lib/python3.7/site-packages/airflow/example_dags/example_short_circuit_decorator.py
[2024-07-26T14:05:33.699+0000] {processor.py:766} INFO - DAG(s) dict_keys(['example_short_circuit_decorator']) retrieved from /home/airflow/.local/lib/python3.7/site-packages/airflow/example_dags/example_short_circuit_decorator.py
[2024-07-26T14:05:33.729+0000] {logging_mixin.py:120} INFO - [2024-07-26T14:05:33.728+0000] {dag.py:2585} INFO - Sync 1 DAGs
[2024-07-26T14:05:33.746+0000] {logging_mixin.py:120} INFO - [2024-07-26T14:05:33.746+0000] {dag.py:3340} INFO - Setting next_dagrun for example_short_circuit_decorator to 2024-07-25T14:05:33.745951+00:00, run_after=2024-07-26T14:05:33.745951+00:00
[2024-07-26T14:05:33.793+0000] {processor.py:176} INFO - Processing /home/airflow/.local/lib/python3.7/site-packages/airflow/example_dags/example_short_circuit_decorator.py took 0.115 seconds
[2024-07-26T14:06:21.107+0000] {processor.py:154} INFO - Started process (PID=7960) to work on /home/airflow/.local/lib/python3.7/site-packages/airflow/example_dags/example_short_circuit_decorator.py
[2024-07-26T14:06:21.108+0000] {processor.py:756} INFO - Processing file /home/airflow/.local/lib/python3.7/site-packages/airflow/example_dags/example_short_circuit_decorator.py for tasks to queue
[2024-07-26T14:06:21.108+0000] {logging_mixin.py:120} INFO - [2024-07-26T14:06:21.108+0000] {dagbag.py:537} INFO - Filling up the DagBag from /home/airflow/.local/lib/python3.7/site-packages/airflow/example_dags/example_short_circuit_decorator.py
[2024-07-26T14:06:21.120+0000] {processor.py:766} INFO - DAG(s) dict_keys(['example_short_circuit_decorator']) retrieved from /home/airflow/.local/lib/python3.7/site-packages/airflow/example_dags/example_short_circuit_decorator.py
[2024-07-26T14:06:21.150+0000] {logging_mixin.py:120} INFO - [2024-07-26T14:06:21.150+0000] {dag.py:2585} INFO - Sync 1 DAGs
[2024-07-26T14:06:21.168+0000] {logging_mixin.py:120} INFO - [2024-07-26T14:06:21.168+0000] {dag.py:3340} INFO - Setting next_dagrun for example_short_circuit_decorator to 2024-07-25T14:06:21.168232+00:00, run_after=2024-07-26T14:06:21.168232+00:00
[2024-07-26T14:06:21.188+0000] {processor.py:176} INFO - Processing /home/airflow/.local/lib/python3.7/site-packages/airflow/example_dags/example_short_circuit_decorator.py took 0.083 seconds
