[2024-07-26T00:02:54.904+0000] {processor.py:154} INFO - Started process (PID=4798) to work on /home/airflow/.local/lib/python3.7/site-packages/airflow/example_dags/example_dag_decorator.py
[2024-07-26T00:02:54.905+0000] {processor.py:756} INFO - Processing file /home/airflow/.local/lib/python3.7/site-packages/airflow/example_dags/example_dag_decorator.py for tasks to queue
[2024-07-26T00:02:54.905+0000] {logging_mixin.py:120} INFO - [2024-07-26T00:02:54.905+0000] {dagbag.py:537} INFO - Filling up the DagBag from /home/airflow/.local/lib/python3.7/site-packages/airflow/example_dags/example_dag_decorator.py
[2024-07-26T00:02:54.918+0000] {logging_mixin.py:120} INFO - [2024-07-26T00:02:54.917+0000] {taskmixin.py:205} WARNING - Dependency <Task(_PythonDecoratedOperator): prepare_email>, send_email already registered for DAG: example_dag_decorator
[2024-07-26T00:02:54.918+0000] {logging_mixin.py:120} INFO - [2024-07-26T00:02:54.918+0000] {taskmixin.py:205} WARNING - Dependency <Task(EmailOperator): send_email>, prepare_email already registered for DAG: example_dag_decorator
[2024-07-26T00:02:54.930+0000] {processor.py:766} INFO - DAG(s) dict_keys(['example_dag_decorator']) retrieved from /home/airflow/.local/lib/python3.7/site-packages/airflow/example_dags/example_dag_decorator.py
[2024-07-26T00:02:54.973+0000] {logging_mixin.py:120} INFO - [2024-07-26T00:02:54.973+0000] {dag.py:2585} INFO - Sync 1 DAGs
[2024-07-26T00:02:54.993+0000] {logging_mixin.py:120} INFO - [2024-07-26T00:02:54.993+0000] {dag.py:3340} INFO - Setting next_dagrun for example_dag_decorator to None, run_after=None
[2024-07-26T00:02:55.009+0000] {processor.py:176} INFO - Processing /home/airflow/.local/lib/python3.7/site-packages/airflow/example_dags/example_dag_decorator.py took 0.108 seconds
[2024-07-26T00:16:07.543+0000] {processor.py:154} INFO - Started process (PID=4853) to work on /home/airflow/.local/lib/python3.7/site-packages/airflow/example_dags/example_dag_decorator.py
[2024-07-26T00:16:07.546+0000] {processor.py:756} INFO - Processing file /home/airflow/.local/lib/python3.7/site-packages/airflow/example_dags/example_dag_decorator.py for tasks to queue
[2024-07-26T00:16:07.549+0000] {logging_mixin.py:120} INFO - [2024-07-26T00:16:07.549+0000] {dagbag.py:537} INFO - Filling up the DagBag from /home/airflow/.local/lib/python3.7/site-packages/airflow/example_dags/example_dag_decorator.py
[2024-07-26T00:16:07.566+0000] {logging_mixin.py:120} INFO - [2024-07-26T00:16:07.565+0000] {taskmixin.py:205} WARNING - Dependency <Task(_PythonDecoratedOperator): prepare_email>, send_email already registered for DAG: example_dag_decorator
[2024-07-26T00:16:07.567+0000] {logging_mixin.py:120} INFO - [2024-07-26T00:16:07.567+0000] {taskmixin.py:205} WARNING - Dependency <Task(EmailOperator): send_email>, prepare_email already registered for DAG: example_dag_decorator
[2024-07-26T00:16:07.588+0000] {processor.py:766} INFO - DAG(s) dict_keys(['example_dag_decorator']) retrieved from /home/airflow/.local/lib/python3.7/site-packages/airflow/example_dags/example_dag_decorator.py
[2024-07-26T00:16:07.641+0000] {logging_mixin.py:120} INFO - [2024-07-26T00:16:07.640+0000] {dag.py:2585} INFO - Sync 1 DAGs
[2024-07-26T00:16:07.655+0000] {logging_mixin.py:120} INFO - [2024-07-26T00:16:07.655+0000] {dag.py:3340} INFO - Setting next_dagrun for example_dag_decorator to None, run_after=None
[2024-07-26T00:16:07.675+0000] {processor.py:176} INFO - Processing /home/airflow/.local/lib/python3.7/site-packages/airflow/example_dags/example_dag_decorator.py took 0.136 seconds
[2024-07-26T00:40:53.355+0000] {processor.py:154} INFO - Started process (PID=4917) to work on /home/airflow/.local/lib/python3.7/site-packages/airflow/example_dags/example_dag_decorator.py
[2024-07-26T00:40:53.357+0000] {processor.py:756} INFO - Processing file /home/airflow/.local/lib/python3.7/site-packages/airflow/example_dags/example_dag_decorator.py for tasks to queue
[2024-07-26T00:40:53.357+0000] {logging_mixin.py:120} INFO - [2024-07-26T00:40:53.357+0000] {dagbag.py:537} INFO - Filling up the DagBag from /home/airflow/.local/lib/python3.7/site-packages/airflow/example_dags/example_dag_decorator.py
[2024-07-26T00:40:53.368+0000] {logging_mixin.py:120} INFO - [2024-07-26T00:40:53.368+0000] {taskmixin.py:205} WARNING - Dependency <Task(_PythonDecoratedOperator): prepare_email>, send_email already registered for DAG: example_dag_decorator
[2024-07-26T00:40:53.369+0000] {logging_mixin.py:120} INFO - [2024-07-26T00:40:53.369+0000] {taskmixin.py:205} WARNING - Dependency <Task(EmailOperator): send_email>, prepare_email already registered for DAG: example_dag_decorator
[2024-07-26T00:40:53.380+0000] {processor.py:766} INFO - DAG(s) dict_keys(['example_dag_decorator']) retrieved from /home/airflow/.local/lib/python3.7/site-packages/airflow/example_dags/example_dag_decorator.py
[2024-07-26T00:40:53.436+0000] {logging_mixin.py:120} INFO - [2024-07-26T00:40:53.435+0000] {dag.py:2585} INFO - Sync 1 DAGs
[2024-07-26T00:40:53.451+0000] {logging_mixin.py:120} INFO - [2024-07-26T00:40:53.451+0000] {dag.py:3340} INFO - Setting next_dagrun for example_dag_decorator to None, run_after=None
[2024-07-26T00:40:53.472+0000] {processor.py:176} INFO - Processing /home/airflow/.local/lib/python3.7/site-packages/airflow/example_dags/example_dag_decorator.py took 0.120 seconds
[2024-07-26T01:30:34.006+0000] {processor.py:154} INFO - Started process (PID=4981) to work on /home/airflow/.local/lib/python3.7/site-packages/airflow/example_dags/example_dag_decorator.py
[2024-07-26T01:30:34.009+0000] {processor.py:756} INFO - Processing file /home/airflow/.local/lib/python3.7/site-packages/airflow/example_dags/example_dag_decorator.py for tasks to queue
[2024-07-26T01:30:34.009+0000] {logging_mixin.py:120} INFO - [2024-07-26T01:30:34.009+0000] {dagbag.py:537} INFO - Filling up the DagBag from /home/airflow/.local/lib/python3.7/site-packages/airflow/example_dags/example_dag_decorator.py
[2024-07-26T01:30:34.020+0000] {logging_mixin.py:120} INFO - [2024-07-26T01:30:34.020+0000] {taskmixin.py:205} WARNING - Dependency <Task(_PythonDecoratedOperator): prepare_email>, send_email already registered for DAG: example_dag_decorator
[2024-07-26T01:30:34.021+0000] {logging_mixin.py:120} INFO - [2024-07-26T01:30:34.021+0000] {taskmixin.py:205} WARNING - Dependency <Task(EmailOperator): send_email>, prepare_email already registered for DAG: example_dag_decorator
[2024-07-26T01:30:34.028+0000] {processor.py:766} INFO - DAG(s) dict_keys(['example_dag_decorator']) retrieved from /home/airflow/.local/lib/python3.7/site-packages/airflow/example_dags/example_dag_decorator.py
[2024-07-26T01:30:34.100+0000] {logging_mixin.py:120} INFO - [2024-07-26T01:30:34.100+0000] {dag.py:2585} INFO - Sync 1 DAGs
[2024-07-26T01:30:34.121+0000] {logging_mixin.py:120} INFO - [2024-07-26T01:30:34.121+0000] {dag.py:3340} INFO - Setting next_dagrun for example_dag_decorator to None, run_after=None
[2024-07-26T01:30:34.142+0000] {processor.py:176} INFO - Processing /home/airflow/.local/lib/python3.7/site-packages/airflow/example_dags/example_dag_decorator.py took 0.137 seconds
[2024-07-26T02:00:30.457+0000] {processor.py:154} INFO - Started process (PID=5045) to work on /home/airflow/.local/lib/python3.7/site-packages/airflow/example_dags/example_dag_decorator.py
[2024-07-26T02:00:30.458+0000] {processor.py:756} INFO - Processing file /home/airflow/.local/lib/python3.7/site-packages/airflow/example_dags/example_dag_decorator.py for tasks to queue
[2024-07-26T02:00:30.461+0000] {logging_mixin.py:120} INFO - [2024-07-26T02:00:30.461+0000] {dagbag.py:537} INFO - Filling up the DagBag from /home/airflow/.local/lib/python3.7/site-packages/airflow/example_dags/example_dag_decorator.py
[2024-07-26T02:00:30.475+0000] {logging_mixin.py:120} INFO - [2024-07-26T02:00:30.474+0000] {taskmixin.py:205} WARNING - Dependency <Task(_PythonDecoratedOperator): prepare_email>, send_email already registered for DAG: example_dag_decorator
[2024-07-26T02:00:30.476+0000] {logging_mixin.py:120} INFO - [2024-07-26T02:00:30.476+0000] {taskmixin.py:205} WARNING - Dependency <Task(EmailOperator): send_email>, prepare_email already registered for DAG: example_dag_decorator
[2024-07-26T02:00:30.487+0000] {processor.py:766} INFO - DAG(s) dict_keys(['example_dag_decorator']) retrieved from /home/airflow/.local/lib/python3.7/site-packages/airflow/example_dags/example_dag_decorator.py
[2024-07-26T02:00:30.541+0000] {logging_mixin.py:120} INFO - [2024-07-26T02:00:30.541+0000] {dag.py:2585} INFO - Sync 1 DAGs
[2024-07-26T02:00:30.557+0000] {logging_mixin.py:120} INFO - [2024-07-26T02:00:30.557+0000] {dag.py:3340} INFO - Setting next_dagrun for example_dag_decorator to None, run_after=None
[2024-07-26T02:00:30.578+0000] {processor.py:176} INFO - Processing /home/airflow/.local/lib/python3.7/site-packages/airflow/example_dags/example_dag_decorator.py took 0.123 seconds
[2024-07-26T02:13:03.092+0000] {processor.py:154} INFO - Started process (PID=5108) to work on /home/airflow/.local/lib/python3.7/site-packages/airflow/example_dags/example_dag_decorator.py
[2024-07-26T02:13:03.099+0000] {processor.py:756} INFO - Processing file /home/airflow/.local/lib/python3.7/site-packages/airflow/example_dags/example_dag_decorator.py for tasks to queue
[2024-07-26T02:13:03.100+0000] {logging_mixin.py:120} INFO - [2024-07-26T02:13:03.100+0000] {dagbag.py:537} INFO - Filling up the DagBag from /home/airflow/.local/lib/python3.7/site-packages/airflow/example_dags/example_dag_decorator.py
[2024-07-26T02:13:03.115+0000] {logging_mixin.py:120} INFO - [2024-07-26T02:13:03.114+0000] {taskmixin.py:205} WARNING - Dependency <Task(_PythonDecoratedOperator): prepare_email>, send_email already registered for DAG: example_dag_decorator
[2024-07-26T02:13:03.117+0000] {logging_mixin.py:120} INFO - [2024-07-26T02:13:03.117+0000] {taskmixin.py:205} WARNING - Dependency <Task(EmailOperator): send_email>, prepare_email already registered for DAG: example_dag_decorator
[2024-07-26T02:13:03.130+0000] {processor.py:766} INFO - DAG(s) dict_keys(['example_dag_decorator']) retrieved from /home/airflow/.local/lib/python3.7/site-packages/airflow/example_dags/example_dag_decorator.py
[2024-07-26T02:13:03.203+0000] {logging_mixin.py:120} INFO - [2024-07-26T02:13:03.203+0000] {dag.py:2585} INFO - Sync 1 DAGs
[2024-07-26T02:13:03.229+0000] {logging_mixin.py:120} INFO - [2024-07-26T02:13:03.229+0000] {dag.py:3340} INFO - Setting next_dagrun for example_dag_decorator to None, run_after=None
[2024-07-26T02:13:03.250+0000] {processor.py:176} INFO - Processing /home/airflow/.local/lib/python3.7/site-packages/airflow/example_dags/example_dag_decorator.py took 0.161 seconds
[2024-07-26T02:39:12.539+0000] {processor.py:154} INFO - Started process (PID=5163) to work on /home/airflow/.local/lib/python3.7/site-packages/airflow/example_dags/example_dag_decorator.py
[2024-07-26T02:39:12.540+0000] {processor.py:756} INFO - Processing file /home/airflow/.local/lib/python3.7/site-packages/airflow/example_dags/example_dag_decorator.py for tasks to queue
[2024-07-26T02:39:12.542+0000] {logging_mixin.py:120} INFO - [2024-07-26T02:39:12.541+0000] {dagbag.py:537} INFO - Filling up the DagBag from /home/airflow/.local/lib/python3.7/site-packages/airflow/example_dags/example_dag_decorator.py
[2024-07-26T02:39:12.549+0000] {logging_mixin.py:120} INFO - [2024-07-26T02:39:12.549+0000] {taskmixin.py:205} WARNING - Dependency <Task(_PythonDecoratedOperator): prepare_email>, send_email already registered for DAG: example_dag_decorator
[2024-07-26T02:39:12.550+0000] {logging_mixin.py:120} INFO - [2024-07-26T02:39:12.550+0000] {taskmixin.py:205} WARNING - Dependency <Task(EmailOperator): send_email>, prepare_email already registered for DAG: example_dag_decorator
[2024-07-26T02:39:12.556+0000] {processor.py:766} INFO - DAG(s) dict_keys(['example_dag_decorator']) retrieved from /home/airflow/.local/lib/python3.7/site-packages/airflow/example_dags/example_dag_decorator.py
[2024-07-26T02:39:12.616+0000] {logging_mixin.py:120} INFO - [2024-07-26T02:39:12.616+0000] {dag.py:2585} INFO - Sync 1 DAGs
[2024-07-26T02:39:12.635+0000] {logging_mixin.py:120} INFO - [2024-07-26T02:39:12.635+0000] {dag.py:3340} INFO - Setting next_dagrun for example_dag_decorator to None, run_after=None
[2024-07-26T02:39:12.655+0000] {processor.py:176} INFO - Processing /home/airflow/.local/lib/python3.7/site-packages/airflow/example_dags/example_dag_decorator.py took 0.118 seconds
[2024-07-26T02:58:12.113+0000] {processor.py:154} INFO - Started process (PID=5227) to work on /home/airflow/.local/lib/python3.7/site-packages/airflow/example_dags/example_dag_decorator.py
[2024-07-26T02:58:12.114+0000] {processor.py:756} INFO - Processing file /home/airflow/.local/lib/python3.7/site-packages/airflow/example_dags/example_dag_decorator.py for tasks to queue
[2024-07-26T02:58:12.115+0000] {logging_mixin.py:120} INFO - [2024-07-26T02:58:12.115+0000] {dagbag.py:537} INFO - Filling up the DagBag from /home/airflow/.local/lib/python3.7/site-packages/airflow/example_dags/example_dag_decorator.py
[2024-07-26T02:58:12.126+0000] {logging_mixin.py:120} INFO - [2024-07-26T02:58:12.126+0000] {taskmixin.py:205} WARNING - Dependency <Task(_PythonDecoratedOperator): prepare_email>, send_email already registered for DAG: example_dag_decorator
[2024-07-26T02:58:12.127+0000] {logging_mixin.py:120} INFO - [2024-07-26T02:58:12.126+0000] {taskmixin.py:205} WARNING - Dependency <Task(EmailOperator): send_email>, prepare_email already registered for DAG: example_dag_decorator
[2024-07-26T02:58:12.136+0000] {processor.py:766} INFO - DAG(s) dict_keys(['example_dag_decorator']) retrieved from /home/airflow/.local/lib/python3.7/site-packages/airflow/example_dags/example_dag_decorator.py
[2024-07-26T02:58:12.193+0000] {logging_mixin.py:120} INFO - [2024-07-26T02:58:12.193+0000] {dag.py:2585} INFO - Sync 1 DAGs
[2024-07-26T02:58:12.213+0000] {logging_mixin.py:120} INFO - [2024-07-26T02:58:12.213+0000] {dag.py:3340} INFO - Setting next_dagrun for example_dag_decorator to None, run_after=None
[2024-07-26T02:58:12.229+0000] {processor.py:176} INFO - Processing /home/airflow/.local/lib/python3.7/site-packages/airflow/example_dags/example_dag_decorator.py took 0.118 seconds
[2024-07-26T03:01:34.944+0000] {processor.py:154} INFO - Started process (PID=5291) to work on /home/airflow/.local/lib/python3.7/site-packages/airflow/example_dags/example_dag_decorator.py
[2024-07-26T03:01:34.946+0000] {processor.py:756} INFO - Processing file /home/airflow/.local/lib/python3.7/site-packages/airflow/example_dags/example_dag_decorator.py for tasks to queue
[2024-07-26T03:01:34.947+0000] {logging_mixin.py:120} INFO - [2024-07-26T03:01:34.947+0000] {dagbag.py:537} INFO - Filling up the DagBag from /home/airflow/.local/lib/python3.7/site-packages/airflow/example_dags/example_dag_decorator.py
[2024-07-26T03:01:34.957+0000] {logging_mixin.py:120} INFO - [2024-07-26T03:01:34.957+0000] {taskmixin.py:205} WARNING - Dependency <Task(_PythonDecoratedOperator): prepare_email>, send_email already registered for DAG: example_dag_decorator
[2024-07-26T03:01:34.958+0000] {logging_mixin.py:120} INFO - [2024-07-26T03:01:34.958+0000] {taskmixin.py:205} WARNING - Dependency <Task(EmailOperator): send_email>, prepare_email already registered for DAG: example_dag_decorator
[2024-07-26T03:01:34.966+0000] {processor.py:766} INFO - DAG(s) dict_keys(['example_dag_decorator']) retrieved from /home/airflow/.local/lib/python3.7/site-packages/airflow/example_dags/example_dag_decorator.py
[2024-07-26T03:01:35.023+0000] {logging_mixin.py:120} INFO - [2024-07-26T03:01:35.023+0000] {dag.py:2585} INFO - Sync 1 DAGs
[2024-07-26T03:01:35.037+0000] {logging_mixin.py:120} INFO - [2024-07-26T03:01:35.037+0000] {dag.py:3340} INFO - Setting next_dagrun for example_dag_decorator to None, run_after=None
[2024-07-26T03:01:35.057+0000] {processor.py:176} INFO - Processing /home/airflow/.local/lib/python3.7/site-packages/airflow/example_dags/example_dag_decorator.py took 0.115 seconds
[2024-07-26T03:15:41.423+0000] {processor.py:154} INFO - Started process (PID=5355) to work on /home/airflow/.local/lib/python3.7/site-packages/airflow/example_dags/example_dag_decorator.py
[2024-07-26T03:15:41.426+0000] {processor.py:756} INFO - Processing file /home/airflow/.local/lib/python3.7/site-packages/airflow/example_dags/example_dag_decorator.py for tasks to queue
[2024-07-26T03:15:41.427+0000] {logging_mixin.py:120} INFO - [2024-07-26T03:15:41.427+0000] {dagbag.py:537} INFO - Filling up the DagBag from /home/airflow/.local/lib/python3.7/site-packages/airflow/example_dags/example_dag_decorator.py
[2024-07-26T03:15:41.439+0000] {logging_mixin.py:120} INFO - [2024-07-26T03:15:41.439+0000] {taskmixin.py:205} WARNING - Dependency <Task(_PythonDecoratedOperator): prepare_email>, send_email already registered for DAG: example_dag_decorator
[2024-07-26T03:15:41.442+0000] {logging_mixin.py:120} INFO - [2024-07-26T03:15:41.442+0000] {taskmixin.py:205} WARNING - Dependency <Task(EmailOperator): send_email>, prepare_email already registered for DAG: example_dag_decorator
[2024-07-26T03:15:41.450+0000] {processor.py:766} INFO - DAG(s) dict_keys(['example_dag_decorator']) retrieved from /home/airflow/.local/lib/python3.7/site-packages/airflow/example_dags/example_dag_decorator.py
[2024-07-26T03:15:41.500+0000] {logging_mixin.py:120} INFO - [2024-07-26T03:15:41.500+0000] {dag.py:2585} INFO - Sync 1 DAGs
[2024-07-26T03:15:41.519+0000] {logging_mixin.py:120} INFO - [2024-07-26T03:15:41.519+0000] {dag.py:3340} INFO - Setting next_dagrun for example_dag_decorator to None, run_after=None
[2024-07-26T03:15:41.538+0000] {processor.py:176} INFO - Processing /home/airflow/.local/lib/python3.7/site-packages/airflow/example_dags/example_dag_decorator.py took 0.120 seconds
[2024-07-26T03:32:16.456+0000] {processor.py:154} INFO - Started process (PID=5410) to work on /home/airflow/.local/lib/python3.7/site-packages/airflow/example_dags/example_dag_decorator.py
[2024-07-26T03:32:16.456+0000] {processor.py:756} INFO - Processing file /home/airflow/.local/lib/python3.7/site-packages/airflow/example_dags/example_dag_decorator.py for tasks to queue
[2024-07-26T03:32:16.457+0000] {logging_mixin.py:120} INFO - [2024-07-26T03:32:16.457+0000] {dagbag.py:537} INFO - Filling up the DagBag from /home/airflow/.local/lib/python3.7/site-packages/airflow/example_dags/example_dag_decorator.py
[2024-07-26T03:32:16.465+0000] {logging_mixin.py:120} INFO - [2024-07-26T03:32:16.465+0000] {taskmixin.py:205} WARNING - Dependency <Task(_PythonDecoratedOperator): prepare_email>, send_email already registered for DAG: example_dag_decorator
[2024-07-26T03:32:16.466+0000] {logging_mixin.py:120} INFO - [2024-07-26T03:32:16.466+0000] {taskmixin.py:205} WARNING - Dependency <Task(EmailOperator): send_email>, prepare_email already registered for DAG: example_dag_decorator
[2024-07-26T03:32:16.477+0000] {processor.py:766} INFO - DAG(s) dict_keys(['example_dag_decorator']) retrieved from /home/airflow/.local/lib/python3.7/site-packages/airflow/example_dags/example_dag_decorator.py
[2024-07-26T03:32:16.533+0000] {logging_mixin.py:120} INFO - [2024-07-26T03:32:16.533+0000] {dag.py:2585} INFO - Sync 1 DAGs
[2024-07-26T03:32:16.548+0000] {logging_mixin.py:120} INFO - [2024-07-26T03:32:16.548+0000] {dag.py:3340} INFO - Setting next_dagrun for example_dag_decorator to None, run_after=None
[2024-07-26T03:32:16.564+0000] {processor.py:176} INFO - Processing /home/airflow/.local/lib/python3.7/site-packages/airflow/example_dags/example_dag_decorator.py took 0.111 seconds
[2024-07-26T03:56:59.315+0000] {processor.py:154} INFO - Started process (PID=5474) to work on /home/airflow/.local/lib/python3.7/site-packages/airflow/example_dags/example_dag_decorator.py
[2024-07-26T03:56:59.316+0000] {processor.py:756} INFO - Processing file /home/airflow/.local/lib/python3.7/site-packages/airflow/example_dags/example_dag_decorator.py for tasks to queue
[2024-07-26T03:56:59.316+0000] {logging_mixin.py:120} INFO - [2024-07-26T03:56:59.316+0000] {dagbag.py:537} INFO - Filling up the DagBag from /home/airflow/.local/lib/python3.7/site-packages/airflow/example_dags/example_dag_decorator.py
[2024-07-26T03:56:59.328+0000] {logging_mixin.py:120} INFO - [2024-07-26T03:56:59.327+0000] {taskmixin.py:205} WARNING - Dependency <Task(_PythonDecoratedOperator): prepare_email>, send_email already registered for DAG: example_dag_decorator
[2024-07-26T03:56:59.328+0000] {logging_mixin.py:120} INFO - [2024-07-26T03:56:59.328+0000] {taskmixin.py:205} WARNING - Dependency <Task(EmailOperator): send_email>, prepare_email already registered for DAG: example_dag_decorator
[2024-07-26T03:56:59.335+0000] {processor.py:766} INFO - DAG(s) dict_keys(['example_dag_decorator']) retrieved from /home/airflow/.local/lib/python3.7/site-packages/airflow/example_dags/example_dag_decorator.py
[2024-07-26T03:56:59.389+0000] {logging_mixin.py:120} INFO - [2024-07-26T03:56:59.389+0000] {dag.py:2585} INFO - Sync 1 DAGs
[2024-07-26T03:56:59.405+0000] {logging_mixin.py:120} INFO - [2024-07-26T03:56:59.405+0000] {dag.py:3340} INFO - Setting next_dagrun for example_dag_decorator to None, run_after=None
[2024-07-26T03:56:59.421+0000] {processor.py:176} INFO - Processing /home/airflow/.local/lib/python3.7/site-packages/airflow/example_dags/example_dag_decorator.py took 0.109 seconds
[2024-07-26T04:02:05.070+0000] {processor.py:154} INFO - Started process (PID=5538) to work on /home/airflow/.local/lib/python3.7/site-packages/airflow/example_dags/example_dag_decorator.py
[2024-07-26T04:02:05.071+0000] {processor.py:756} INFO - Processing file /home/airflow/.local/lib/python3.7/site-packages/airflow/example_dags/example_dag_decorator.py for tasks to queue
[2024-07-26T04:02:05.072+0000] {logging_mixin.py:120} INFO - [2024-07-26T04:02:05.072+0000] {dagbag.py:537} INFO - Filling up the DagBag from /home/airflow/.local/lib/python3.7/site-packages/airflow/example_dags/example_dag_decorator.py
[2024-07-26T04:02:05.086+0000] {logging_mixin.py:120} INFO - [2024-07-26T04:02:05.086+0000] {taskmixin.py:205} WARNING - Dependency <Task(_PythonDecoratedOperator): prepare_email>, send_email already registered for DAG: example_dag_decorator
[2024-07-26T04:02:05.090+0000] {logging_mixin.py:120} INFO - [2024-07-26T04:02:05.090+0000] {taskmixin.py:205} WARNING - Dependency <Task(EmailOperator): send_email>, prepare_email already registered for DAG: example_dag_decorator
[2024-07-26T04:02:05.104+0000] {processor.py:766} INFO - DAG(s) dict_keys(['example_dag_decorator']) retrieved from /home/airflow/.local/lib/python3.7/site-packages/airflow/example_dags/example_dag_decorator.py
[2024-07-26T04:02:05.173+0000] {logging_mixin.py:120} INFO - [2024-07-26T04:02:05.173+0000] {dag.py:2585} INFO - Sync 1 DAGs
[2024-07-26T04:02:05.188+0000] {logging_mixin.py:120} INFO - [2024-07-26T04:02:05.188+0000] {dag.py:3340} INFO - Setting next_dagrun for example_dag_decorator to None, run_after=None
[2024-07-26T04:02:05.214+0000] {processor.py:176} INFO - Processing /home/airflow/.local/lib/python3.7/site-packages/airflow/example_dags/example_dag_decorator.py took 0.149 seconds
[2024-07-26T04:04:17.615+0000] {processor.py:154} INFO - Started process (PID=5602) to work on /home/airflow/.local/lib/python3.7/site-packages/airflow/example_dags/example_dag_decorator.py
[2024-07-26T04:04:17.617+0000] {processor.py:756} INFO - Processing file /home/airflow/.local/lib/python3.7/site-packages/airflow/example_dags/example_dag_decorator.py for tasks to queue
[2024-07-26T04:04:17.617+0000] {logging_mixin.py:120} INFO - [2024-07-26T04:04:17.617+0000] {dagbag.py:537} INFO - Filling up the DagBag from /home/airflow/.local/lib/python3.7/site-packages/airflow/example_dags/example_dag_decorator.py
[2024-07-26T04:04:17.629+0000] {logging_mixin.py:120} INFO - [2024-07-26T04:04:17.629+0000] {taskmixin.py:205} WARNING - Dependency <Task(_PythonDecoratedOperator): prepare_email>, send_email already registered for DAG: example_dag_decorator
[2024-07-26T04:04:17.629+0000] {logging_mixin.py:120} INFO - [2024-07-26T04:04:17.629+0000] {taskmixin.py:205} WARNING - Dependency <Task(EmailOperator): send_email>, prepare_email already registered for DAG: example_dag_decorator
[2024-07-26T04:04:17.636+0000] {processor.py:766} INFO - DAG(s) dict_keys(['example_dag_decorator']) retrieved from /home/airflow/.local/lib/python3.7/site-packages/airflow/example_dags/example_dag_decorator.py
[2024-07-26T04:04:17.692+0000] {logging_mixin.py:120} INFO - [2024-07-26T04:04:17.691+0000] {dag.py:2585} INFO - Sync 1 DAGs
[2024-07-26T04:04:17.707+0000] {logging_mixin.py:120} INFO - [2024-07-26T04:04:17.707+0000] {dag.py:3340} INFO - Setting next_dagrun for example_dag_decorator to None, run_after=None
[2024-07-26T04:04:17.718+0000] {processor.py:176} INFO - Processing /home/airflow/.local/lib/python3.7/site-packages/airflow/example_dags/example_dag_decorator.py took 0.105 seconds
[2024-07-26T04:06:04.766+0000] {processor.py:154} INFO - Started process (PID=5665) to work on /home/airflow/.local/lib/python3.7/site-packages/airflow/example_dags/example_dag_decorator.py
[2024-07-26T04:06:04.767+0000] {processor.py:756} INFO - Processing file /home/airflow/.local/lib/python3.7/site-packages/airflow/example_dags/example_dag_decorator.py for tasks to queue
[2024-07-26T04:06:04.767+0000] {logging_mixin.py:120} INFO - [2024-07-26T04:06:04.767+0000] {dagbag.py:537} INFO - Filling up the DagBag from /home/airflow/.local/lib/python3.7/site-packages/airflow/example_dags/example_dag_decorator.py
[2024-07-26T04:06:04.777+0000] {logging_mixin.py:120} INFO - [2024-07-26T04:06:04.777+0000] {taskmixin.py:205} WARNING - Dependency <Task(_PythonDecoratedOperator): prepare_email>, send_email already registered for DAG: example_dag_decorator
[2024-07-26T04:06:04.779+0000] {logging_mixin.py:120} INFO - [2024-07-26T04:06:04.779+0000] {taskmixin.py:205} WARNING - Dependency <Task(EmailOperator): send_email>, prepare_email already registered for DAG: example_dag_decorator
[2024-07-26T04:06:04.786+0000] {processor.py:766} INFO - DAG(s) dict_keys(['example_dag_decorator']) retrieved from /home/airflow/.local/lib/python3.7/site-packages/airflow/example_dags/example_dag_decorator.py
[2024-07-26T04:06:04.836+0000] {logging_mixin.py:120} INFO - [2024-07-26T04:06:04.836+0000] {dag.py:2585} INFO - Sync 1 DAGs
[2024-07-26T04:06:04.854+0000] {logging_mixin.py:120} INFO - [2024-07-26T04:06:04.854+0000] {dag.py:3340} INFO - Setting next_dagrun for example_dag_decorator to None, run_after=None
[2024-07-26T04:06:04.870+0000] {processor.py:176} INFO - Processing /home/airflow/.local/lib/python3.7/site-packages/airflow/example_dags/example_dag_decorator.py took 0.106 seconds
[2024-07-26T04:08:06.019+0000] {processor.py:154} INFO - Started process (PID=5720) to work on /home/airflow/.local/lib/python3.7/site-packages/airflow/example_dags/example_dag_decorator.py
[2024-07-26T04:08:06.023+0000] {processor.py:756} INFO - Processing file /home/airflow/.local/lib/python3.7/site-packages/airflow/example_dags/example_dag_decorator.py for tasks to queue
[2024-07-26T04:08:06.024+0000] {logging_mixin.py:120} INFO - [2024-07-26T04:08:06.024+0000] {dagbag.py:537} INFO - Filling up the DagBag from /home/airflow/.local/lib/python3.7/site-packages/airflow/example_dags/example_dag_decorator.py
[2024-07-26T04:08:06.033+0000] {logging_mixin.py:120} INFO - [2024-07-26T04:08:06.033+0000] {taskmixin.py:205} WARNING - Dependency <Task(_PythonDecoratedOperator): prepare_email>, send_email already registered for DAG: example_dag_decorator
[2024-07-26T04:08:06.036+0000] {logging_mixin.py:120} INFO - [2024-07-26T04:08:06.036+0000] {taskmixin.py:205} WARNING - Dependency <Task(EmailOperator): send_email>, prepare_email already registered for DAG: example_dag_decorator
[2024-07-26T04:08:06.047+0000] {processor.py:766} INFO - DAG(s) dict_keys(['example_dag_decorator']) retrieved from /home/airflow/.local/lib/python3.7/site-packages/airflow/example_dags/example_dag_decorator.py
[2024-07-26T04:08:06.094+0000] {logging_mixin.py:120} INFO - [2024-07-26T04:08:06.094+0000] {dag.py:2585} INFO - Sync 1 DAGs
[2024-07-26T04:08:06.107+0000] {logging_mixin.py:120} INFO - [2024-07-26T04:08:06.107+0000] {dag.py:3340} INFO - Setting next_dagrun for example_dag_decorator to None, run_after=None
[2024-07-26T04:08:06.126+0000] {processor.py:176} INFO - Processing /home/airflow/.local/lib/python3.7/site-packages/airflow/example_dags/example_dag_decorator.py took 0.109 seconds
[2024-07-26T04:09:02.140+0000] {processor.py:154} INFO - Started process (PID=5784) to work on /home/airflow/.local/lib/python3.7/site-packages/airflow/example_dags/example_dag_decorator.py
[2024-07-26T04:09:02.145+0000] {processor.py:756} INFO - Processing file /home/airflow/.local/lib/python3.7/site-packages/airflow/example_dags/example_dag_decorator.py for tasks to queue
[2024-07-26T04:09:02.146+0000] {logging_mixin.py:120} INFO - [2024-07-26T04:09:02.146+0000] {dagbag.py:537} INFO - Filling up the DagBag from /home/airflow/.local/lib/python3.7/site-packages/airflow/example_dags/example_dag_decorator.py
[2024-07-26T04:09:02.155+0000] {logging_mixin.py:120} INFO - [2024-07-26T04:09:02.154+0000] {taskmixin.py:205} WARNING - Dependency <Task(_PythonDecoratedOperator): prepare_email>, send_email already registered for DAG: example_dag_decorator
[2024-07-26T04:09:02.155+0000] {logging_mixin.py:120} INFO - [2024-07-26T04:09:02.155+0000] {taskmixin.py:205} WARNING - Dependency <Task(EmailOperator): send_email>, prepare_email already registered for DAG: example_dag_decorator
[2024-07-26T04:09:02.168+0000] {processor.py:766} INFO - DAG(s) dict_keys(['example_dag_decorator']) retrieved from /home/airflow/.local/lib/python3.7/site-packages/airflow/example_dags/example_dag_decorator.py
[2024-07-26T04:09:02.219+0000] {logging_mixin.py:120} INFO - [2024-07-26T04:09:02.219+0000] {dag.py:2585} INFO - Sync 1 DAGs
[2024-07-26T04:09:02.236+0000] {logging_mixin.py:120} INFO - [2024-07-26T04:09:02.235+0000] {dag.py:3340} INFO - Setting next_dagrun for example_dag_decorator to None, run_after=None
[2024-07-26T04:09:02.245+0000] {processor.py:176} INFO - Processing /home/airflow/.local/lib/python3.7/site-packages/airflow/example_dags/example_dag_decorator.py took 0.107 seconds
[2024-07-26T04:10:11.657+0000] {processor.py:154} INFO - Started process (PID=5849) to work on /home/airflow/.local/lib/python3.7/site-packages/airflow/example_dags/example_dag_decorator.py
[2024-07-26T04:10:11.658+0000] {processor.py:756} INFO - Processing file /home/airflow/.local/lib/python3.7/site-packages/airflow/example_dags/example_dag_decorator.py for tasks to queue
[2024-07-26T04:10:11.659+0000] {logging_mixin.py:120} INFO - [2024-07-26T04:10:11.659+0000] {dagbag.py:537} INFO - Filling up the DagBag from /home/airflow/.local/lib/python3.7/site-packages/airflow/example_dags/example_dag_decorator.py
[2024-07-26T04:10:11.667+0000] {logging_mixin.py:120} INFO - [2024-07-26T04:10:11.667+0000] {taskmixin.py:205} WARNING - Dependency <Task(_PythonDecoratedOperator): prepare_email>, send_email already registered for DAG: example_dag_decorator
[2024-07-26T04:10:11.668+0000] {logging_mixin.py:120} INFO - [2024-07-26T04:10:11.668+0000] {taskmixin.py:205} WARNING - Dependency <Task(EmailOperator): send_email>, prepare_email already registered for DAG: example_dag_decorator
[2024-07-26T04:10:11.676+0000] {processor.py:766} INFO - DAG(s) dict_keys(['example_dag_decorator']) retrieved from /home/airflow/.local/lib/python3.7/site-packages/airflow/example_dags/example_dag_decorator.py
[2024-07-26T04:10:11.730+0000] {logging_mixin.py:120} INFO - [2024-07-26T04:10:11.730+0000] {dag.py:2585} INFO - Sync 1 DAGs
[2024-07-26T04:10:11.746+0000] {logging_mixin.py:120} INFO - [2024-07-26T04:10:11.746+0000] {dag.py:3340} INFO - Setting next_dagrun for example_dag_decorator to None, run_after=None
[2024-07-26T04:10:11.760+0000] {processor.py:176} INFO - Processing /home/airflow/.local/lib/python3.7/site-packages/airflow/example_dags/example_dag_decorator.py took 0.105 seconds
[2024-07-26T04:11:38.526+0000] {processor.py:154} INFO - Started process (PID=5913) to work on /home/airflow/.local/lib/python3.7/site-packages/airflow/example_dags/example_dag_decorator.py
[2024-07-26T04:11:38.528+0000] {processor.py:756} INFO - Processing file /home/airflow/.local/lib/python3.7/site-packages/airflow/example_dags/example_dag_decorator.py for tasks to queue
[2024-07-26T04:11:38.532+0000] {logging_mixin.py:120} INFO - [2024-07-26T04:11:38.532+0000] {dagbag.py:537} INFO - Filling up the DagBag from /home/airflow/.local/lib/python3.7/site-packages/airflow/example_dags/example_dag_decorator.py
[2024-07-26T04:11:38.557+0000] {logging_mixin.py:120} INFO - [2024-07-26T04:11:38.557+0000] {taskmixin.py:205} WARNING - Dependency <Task(_PythonDecoratedOperator): prepare_email>, send_email already registered for DAG: example_dag_decorator
[2024-07-26T04:11:38.561+0000] {logging_mixin.py:120} INFO - [2024-07-26T04:11:38.561+0000] {taskmixin.py:205} WARNING - Dependency <Task(EmailOperator): send_email>, prepare_email already registered for DAG: example_dag_decorator
[2024-07-26T04:11:38.569+0000] {processor.py:766} INFO - DAG(s) dict_keys(['example_dag_decorator']) retrieved from /home/airflow/.local/lib/python3.7/site-packages/airflow/example_dags/example_dag_decorator.py
[2024-07-26T04:11:38.632+0000] {logging_mixin.py:120} INFO - [2024-07-26T04:11:38.632+0000] {dag.py:2585} INFO - Sync 1 DAGs
[2024-07-26T04:11:38.648+0000] {logging_mixin.py:120} INFO - [2024-07-26T04:11:38.648+0000] {dag.py:3340} INFO - Setting next_dagrun for example_dag_decorator to None, run_after=None
[2024-07-26T04:11:38.665+0000] {processor.py:176} INFO - Processing /home/airflow/.local/lib/python3.7/site-packages/airflow/example_dags/example_dag_decorator.py took 0.141 seconds
[2024-07-26T04:12:21.624+0000] {processor.py:154} INFO - Started process (PID=5977) to work on /home/airflow/.local/lib/python3.7/site-packages/airflow/example_dags/example_dag_decorator.py
[2024-07-26T04:12:21.625+0000] {processor.py:756} INFO - Processing file /home/airflow/.local/lib/python3.7/site-packages/airflow/example_dags/example_dag_decorator.py for tasks to queue
[2024-07-26T04:12:21.625+0000] {logging_mixin.py:120} INFO - [2024-07-26T04:12:21.625+0000] {dagbag.py:537} INFO - Filling up the DagBag from /home/airflow/.local/lib/python3.7/site-packages/airflow/example_dags/example_dag_decorator.py
[2024-07-26T04:12:21.634+0000] {logging_mixin.py:120} INFO - [2024-07-26T04:12:21.634+0000] {taskmixin.py:205} WARNING - Dependency <Task(_PythonDecoratedOperator): prepare_email>, send_email already registered for DAG: example_dag_decorator
[2024-07-26T04:12:21.635+0000] {logging_mixin.py:120} INFO - [2024-07-26T04:12:21.635+0000] {taskmixin.py:205} WARNING - Dependency <Task(EmailOperator): send_email>, prepare_email already registered for DAG: example_dag_decorator
[2024-07-26T04:12:21.642+0000] {processor.py:766} INFO - DAG(s) dict_keys(['example_dag_decorator']) retrieved from /home/airflow/.local/lib/python3.7/site-packages/airflow/example_dags/example_dag_decorator.py
[2024-07-26T04:12:21.692+0000] {logging_mixin.py:120} INFO - [2024-07-26T04:12:21.692+0000] {dag.py:2585} INFO - Sync 1 DAGs
[2024-07-26T04:12:21.715+0000] {logging_mixin.py:120} INFO - [2024-07-26T04:12:21.715+0000] {dag.py:3340} INFO - Setting next_dagrun for example_dag_decorator to None, run_after=None
[2024-07-26T04:12:21.736+0000] {processor.py:176} INFO - Processing /home/airflow/.local/lib/python3.7/site-packages/airflow/example_dags/example_dag_decorator.py took 0.113 seconds
[2024-07-26T04:13:15.356+0000] {processor.py:154} INFO - Started process (PID=6032) to work on /home/airflow/.local/lib/python3.7/site-packages/airflow/example_dags/example_dag_decorator.py
[2024-07-26T04:13:15.358+0000] {processor.py:756} INFO - Processing file /home/airflow/.local/lib/python3.7/site-packages/airflow/example_dags/example_dag_decorator.py for tasks to queue
[2024-07-26T04:13:15.359+0000] {logging_mixin.py:120} INFO - [2024-07-26T04:13:15.359+0000] {dagbag.py:537} INFO - Filling up the DagBag from /home/airflow/.local/lib/python3.7/site-packages/airflow/example_dags/example_dag_decorator.py
[2024-07-26T04:13:15.368+0000] {logging_mixin.py:120} INFO - [2024-07-26T04:13:15.368+0000] {taskmixin.py:205} WARNING - Dependency <Task(_PythonDecoratedOperator): prepare_email>, send_email already registered for DAG: example_dag_decorator
[2024-07-26T04:13:15.370+0000] {logging_mixin.py:120} INFO - [2024-07-26T04:13:15.370+0000] {taskmixin.py:205} WARNING - Dependency <Task(EmailOperator): send_email>, prepare_email already registered for DAG: example_dag_decorator
[2024-07-26T04:13:15.377+0000] {processor.py:766} INFO - DAG(s) dict_keys(['example_dag_decorator']) retrieved from /home/airflow/.local/lib/python3.7/site-packages/airflow/example_dags/example_dag_decorator.py
[2024-07-26T04:13:15.429+0000] {logging_mixin.py:120} INFO - [2024-07-26T04:13:15.428+0000] {dag.py:2585} INFO - Sync 1 DAGs
[2024-07-26T04:13:15.446+0000] {logging_mixin.py:120} INFO - [2024-07-26T04:13:15.445+0000] {dag.py:3340} INFO - Setting next_dagrun for example_dag_decorator to None, run_after=None
[2024-07-26T04:13:15.467+0000] {processor.py:176} INFO - Processing /home/airflow/.local/lib/python3.7/site-packages/airflow/example_dags/example_dag_decorator.py took 0.112 seconds
[2024-07-26T04:14:05.764+0000] {processor.py:154} INFO - Started process (PID=6095) to work on /home/airflow/.local/lib/python3.7/site-packages/airflow/example_dags/example_dag_decorator.py
[2024-07-26T04:14:05.768+0000] {processor.py:756} INFO - Processing file /home/airflow/.local/lib/python3.7/site-packages/airflow/example_dags/example_dag_decorator.py for tasks to queue
[2024-07-26T04:14:05.768+0000] {logging_mixin.py:120} INFO - [2024-07-26T04:14:05.768+0000] {dagbag.py:537} INFO - Filling up the DagBag from /home/airflow/.local/lib/python3.7/site-packages/airflow/example_dags/example_dag_decorator.py
[2024-07-26T04:14:05.779+0000] {logging_mixin.py:120} INFO - [2024-07-26T04:14:05.779+0000] {taskmixin.py:205} WARNING - Dependency <Task(_PythonDecoratedOperator): prepare_email>, send_email already registered for DAG: example_dag_decorator
[2024-07-26T04:14:05.781+0000] {logging_mixin.py:120} INFO - [2024-07-26T04:14:05.781+0000] {taskmixin.py:205} WARNING - Dependency <Task(EmailOperator): send_email>, prepare_email already registered for DAG: example_dag_decorator
[2024-07-26T04:14:05.790+0000] {processor.py:766} INFO - DAG(s) dict_keys(['example_dag_decorator']) retrieved from /home/airflow/.local/lib/python3.7/site-packages/airflow/example_dags/example_dag_decorator.py
[2024-07-26T04:14:05.856+0000] {logging_mixin.py:120} INFO - [2024-07-26T04:14:05.856+0000] {dag.py:2585} INFO - Sync 1 DAGs
[2024-07-26T04:14:05.874+0000] {logging_mixin.py:120} INFO - [2024-07-26T04:14:05.874+0000] {dag.py:3340} INFO - Setting next_dagrun for example_dag_decorator to None, run_after=None
[2024-07-26T04:14:05.895+0000] {processor.py:176} INFO - Processing /home/airflow/.local/lib/python3.7/site-packages/airflow/example_dags/example_dag_decorator.py took 0.133 seconds
[2024-07-26T04:18:34.403+0000] {processor.py:154} INFO - Started process (PID=6159) to work on /home/airflow/.local/lib/python3.7/site-packages/airflow/example_dags/example_dag_decorator.py
[2024-07-26T04:18:34.404+0000] {processor.py:756} INFO - Processing file /home/airflow/.local/lib/python3.7/site-packages/airflow/example_dags/example_dag_decorator.py for tasks to queue
[2024-07-26T04:18:34.405+0000] {logging_mixin.py:120} INFO - [2024-07-26T04:18:34.405+0000] {dagbag.py:537} INFO - Filling up the DagBag from /home/airflow/.local/lib/python3.7/site-packages/airflow/example_dags/example_dag_decorator.py
[2024-07-26T04:18:34.419+0000] {logging_mixin.py:120} INFO - [2024-07-26T04:18:34.419+0000] {taskmixin.py:205} WARNING - Dependency <Task(_PythonDecoratedOperator): prepare_email>, send_email already registered for DAG: example_dag_decorator
[2024-07-26T04:18:34.421+0000] {logging_mixin.py:120} INFO - [2024-07-26T04:18:34.421+0000] {taskmixin.py:205} WARNING - Dependency <Task(EmailOperator): send_email>, prepare_email already registered for DAG: example_dag_decorator
[2024-07-26T04:18:34.438+0000] {processor.py:766} INFO - DAG(s) dict_keys(['example_dag_decorator']) retrieved from /home/airflow/.local/lib/python3.7/site-packages/airflow/example_dags/example_dag_decorator.py
[2024-07-26T04:18:34.517+0000] {logging_mixin.py:120} INFO - [2024-07-26T04:18:34.517+0000] {dag.py:2585} INFO - Sync 1 DAGs
[2024-07-26T04:18:34.535+0000] {logging_mixin.py:120} INFO - [2024-07-26T04:18:34.535+0000] {dag.py:3340} INFO - Setting next_dagrun for example_dag_decorator to None, run_after=None
[2024-07-26T04:18:34.551+0000] {processor.py:176} INFO - Processing /home/airflow/.local/lib/python3.7/site-packages/airflow/example_dags/example_dag_decorator.py took 0.151 seconds
[2024-07-26T04:19:16.638+0000] {processor.py:154} INFO - Started process (PID=6223) to work on /home/airflow/.local/lib/python3.7/site-packages/airflow/example_dags/example_dag_decorator.py
[2024-07-26T04:19:16.639+0000] {processor.py:756} INFO - Processing file /home/airflow/.local/lib/python3.7/site-packages/airflow/example_dags/example_dag_decorator.py for tasks to queue
[2024-07-26T04:19:16.639+0000] {logging_mixin.py:120} INFO - [2024-07-26T04:19:16.639+0000] {dagbag.py:537} INFO - Filling up the DagBag from /home/airflow/.local/lib/python3.7/site-packages/airflow/example_dags/example_dag_decorator.py
[2024-07-26T04:19:16.647+0000] {logging_mixin.py:120} INFO - [2024-07-26T04:19:16.647+0000] {taskmixin.py:205} WARNING - Dependency <Task(_PythonDecoratedOperator): prepare_email>, send_email already registered for DAG: example_dag_decorator
[2024-07-26T04:19:16.647+0000] {logging_mixin.py:120} INFO - [2024-07-26T04:19:16.647+0000] {taskmixin.py:205} WARNING - Dependency <Task(EmailOperator): send_email>, prepare_email already registered for DAG: example_dag_decorator
[2024-07-26T04:19:16.654+0000] {processor.py:766} INFO - DAG(s) dict_keys(['example_dag_decorator']) retrieved from /home/airflow/.local/lib/python3.7/site-packages/airflow/example_dags/example_dag_decorator.py
[2024-07-26T04:19:16.691+0000] {logging_mixin.py:120} INFO - [2024-07-26T04:19:16.691+0000] {dag.py:2585} INFO - Sync 1 DAGs
[2024-07-26T04:19:16.702+0000] {logging_mixin.py:120} INFO - [2024-07-26T04:19:16.702+0000] {dag.py:3340} INFO - Setting next_dagrun for example_dag_decorator to None, run_after=None
[2024-07-26T04:19:16.712+0000] {processor.py:176} INFO - Processing /home/airflow/.local/lib/python3.7/site-packages/airflow/example_dags/example_dag_decorator.py took 0.076 seconds
[2024-07-26T04:20:38.200+0000] {processor.py:154} INFO - Started process (PID=6278) to work on /home/airflow/.local/lib/python3.7/site-packages/airflow/example_dags/example_dag_decorator.py
[2024-07-26T04:20:38.201+0000] {processor.py:756} INFO - Processing file /home/airflow/.local/lib/python3.7/site-packages/airflow/example_dags/example_dag_decorator.py for tasks to queue
[2024-07-26T04:20:38.202+0000] {logging_mixin.py:120} INFO - [2024-07-26T04:20:38.201+0000] {dagbag.py:537} INFO - Filling up the DagBag from /home/airflow/.local/lib/python3.7/site-packages/airflow/example_dags/example_dag_decorator.py
[2024-07-26T04:20:38.210+0000] {logging_mixin.py:120} INFO - [2024-07-26T04:20:38.210+0000] {taskmixin.py:205} WARNING - Dependency <Task(_PythonDecoratedOperator): prepare_email>, send_email already registered for DAG: example_dag_decorator
[2024-07-26T04:20:38.210+0000] {logging_mixin.py:120} INFO - [2024-07-26T04:20:38.210+0000] {taskmixin.py:205} WARNING - Dependency <Task(EmailOperator): send_email>, prepare_email already registered for DAG: example_dag_decorator
[2024-07-26T04:20:38.217+0000] {processor.py:766} INFO - DAG(s) dict_keys(['example_dag_decorator']) retrieved from /home/airflow/.local/lib/python3.7/site-packages/airflow/example_dags/example_dag_decorator.py
[2024-07-26T04:20:38.261+0000] {logging_mixin.py:120} INFO - [2024-07-26T04:20:38.261+0000] {dag.py:2585} INFO - Sync 1 DAGs
[2024-07-26T04:20:38.274+0000] {logging_mixin.py:120} INFO - [2024-07-26T04:20:38.274+0000] {dag.py:3340} INFO - Setting next_dagrun for example_dag_decorator to None, run_after=None
[2024-07-26T04:20:38.286+0000] {processor.py:176} INFO - Processing /home/airflow/.local/lib/python3.7/site-packages/airflow/example_dags/example_dag_decorator.py took 0.088 seconds
[2024-07-26T04:21:42.129+0000] {processor.py:154} INFO - Started process (PID=6341) to work on /home/airflow/.local/lib/python3.7/site-packages/airflow/example_dags/example_dag_decorator.py
[2024-07-26T04:21:42.130+0000] {processor.py:756} INFO - Processing file /home/airflow/.local/lib/python3.7/site-packages/airflow/example_dags/example_dag_decorator.py for tasks to queue
[2024-07-26T04:21:42.130+0000] {logging_mixin.py:120} INFO - [2024-07-26T04:21:42.130+0000] {dagbag.py:537} INFO - Filling up the DagBag from /home/airflow/.local/lib/python3.7/site-packages/airflow/example_dags/example_dag_decorator.py
[2024-07-26T04:21:42.139+0000] {logging_mixin.py:120} INFO - [2024-07-26T04:21:42.138+0000] {taskmixin.py:205} WARNING - Dependency <Task(_PythonDecoratedOperator): prepare_email>, send_email already registered for DAG: example_dag_decorator
[2024-07-26T04:21:42.139+0000] {logging_mixin.py:120} INFO - [2024-07-26T04:21:42.139+0000] {taskmixin.py:205} WARNING - Dependency <Task(EmailOperator): send_email>, prepare_email already registered for DAG: example_dag_decorator
[2024-07-26T04:21:42.146+0000] {processor.py:766} INFO - DAG(s) dict_keys(['example_dag_decorator']) retrieved from /home/airflow/.local/lib/python3.7/site-packages/airflow/example_dags/example_dag_decorator.py
[2024-07-26T04:21:42.185+0000] {logging_mixin.py:120} INFO - [2024-07-26T04:21:42.185+0000] {dag.py:2585} INFO - Sync 1 DAGs
[2024-07-26T04:21:42.197+0000] {logging_mixin.py:120} INFO - [2024-07-26T04:21:42.197+0000] {dag.py:3340} INFO - Setting next_dagrun for example_dag_decorator to None, run_after=None
[2024-07-26T04:21:42.211+0000] {processor.py:176} INFO - Processing /home/airflow/.local/lib/python3.7/site-packages/airflow/example_dags/example_dag_decorator.py took 0.084 seconds
[2024-07-26T04:22:48.456+0000] {processor.py:154} INFO - Started process (PID=6405) to work on /home/airflow/.local/lib/python3.7/site-packages/airflow/example_dags/example_dag_decorator.py
[2024-07-26T04:22:48.458+0000] {processor.py:756} INFO - Processing file /home/airflow/.local/lib/python3.7/site-packages/airflow/example_dags/example_dag_decorator.py for tasks to queue
[2024-07-26T04:22:48.458+0000] {logging_mixin.py:120} INFO - [2024-07-26T04:22:48.458+0000] {dagbag.py:537} INFO - Filling up the DagBag from /home/airflow/.local/lib/python3.7/site-packages/airflow/example_dags/example_dag_decorator.py
[2024-07-26T04:22:48.466+0000] {logging_mixin.py:120} INFO - [2024-07-26T04:22:48.466+0000] {taskmixin.py:205} WARNING - Dependency <Task(_PythonDecoratedOperator): prepare_email>, send_email already registered for DAG: example_dag_decorator
[2024-07-26T04:22:48.467+0000] {logging_mixin.py:120} INFO - [2024-07-26T04:22:48.467+0000] {taskmixin.py:205} WARNING - Dependency <Task(EmailOperator): send_email>, prepare_email already registered for DAG: example_dag_decorator
[2024-07-26T04:22:48.474+0000] {processor.py:766} INFO - DAG(s) dict_keys(['example_dag_decorator']) retrieved from /home/airflow/.local/lib/python3.7/site-packages/airflow/example_dags/example_dag_decorator.py
[2024-07-26T04:22:48.868+0000] {logging_mixin.py:120} INFO - [2024-07-26T04:22:48.868+0000] {dag.py:2585} INFO - Sync 1 DAGs
[2024-07-26T04:22:48.885+0000] {logging_mixin.py:120} INFO - [2024-07-26T04:22:48.884+0000] {dag.py:3340} INFO - Setting next_dagrun for example_dag_decorator to None, run_after=None
[2024-07-26T04:22:48.963+0000] {processor.py:176} INFO - Processing /home/airflow/.local/lib/python3.7/site-packages/airflow/example_dags/example_dag_decorator.py took 0.509 seconds
[2024-07-26T04:34:01.565+0000] {processor.py:154} INFO - Started process (PID=6469) to work on /home/airflow/.local/lib/python3.7/site-packages/airflow/example_dags/example_dag_decorator.py
[2024-07-26T04:34:01.568+0000] {processor.py:756} INFO - Processing file /home/airflow/.local/lib/python3.7/site-packages/airflow/example_dags/example_dag_decorator.py for tasks to queue
[2024-07-26T04:34:01.568+0000] {logging_mixin.py:120} INFO - [2024-07-26T04:34:01.568+0000] {dagbag.py:537} INFO - Filling up the DagBag from /home/airflow/.local/lib/python3.7/site-packages/airflow/example_dags/example_dag_decorator.py
[2024-07-26T04:34:01.578+0000] {logging_mixin.py:120} INFO - [2024-07-26T04:34:01.578+0000] {taskmixin.py:205} WARNING - Dependency <Task(_PythonDecoratedOperator): prepare_email>, send_email already registered for DAG: example_dag_decorator
[2024-07-26T04:34:01.578+0000] {logging_mixin.py:120} INFO - [2024-07-26T04:34:01.578+0000] {taskmixin.py:205} WARNING - Dependency <Task(EmailOperator): send_email>, prepare_email already registered for DAG: example_dag_decorator
[2024-07-26T04:34:01.586+0000] {processor.py:766} INFO - DAG(s) dict_keys(['example_dag_decorator']) retrieved from /home/airflow/.local/lib/python3.7/site-packages/airflow/example_dags/example_dag_decorator.py
[2024-07-26T04:34:01.646+0000] {logging_mixin.py:120} INFO - [2024-07-26T04:34:01.646+0000] {dag.py:2585} INFO - Sync 1 DAGs
[2024-07-26T04:34:01.660+0000] {logging_mixin.py:120} INFO - [2024-07-26T04:34:01.660+0000] {dag.py:3340} INFO - Setting next_dagrun for example_dag_decorator to None, run_after=None
[2024-07-26T04:34:01.676+0000] {processor.py:176} INFO - Processing /home/airflow/.local/lib/python3.7/site-packages/airflow/example_dags/example_dag_decorator.py took 0.113 seconds
[2024-07-26T04:49:13.789+0000] {processor.py:154} INFO - Started process (PID=6533) to work on /home/airflow/.local/lib/python3.7/site-packages/airflow/example_dags/example_dag_decorator.py
[2024-07-26T04:49:13.791+0000] {processor.py:756} INFO - Processing file /home/airflow/.local/lib/python3.7/site-packages/airflow/example_dags/example_dag_decorator.py for tasks to queue
[2024-07-26T04:49:13.792+0000] {logging_mixin.py:120} INFO - [2024-07-26T04:49:13.792+0000] {dagbag.py:537} INFO - Filling up the DagBag from /home/airflow/.local/lib/python3.7/site-packages/airflow/example_dags/example_dag_decorator.py
[2024-07-26T04:49:13.804+0000] {logging_mixin.py:120} INFO - [2024-07-26T04:49:13.804+0000] {taskmixin.py:205} WARNING - Dependency <Task(_PythonDecoratedOperator): prepare_email>, send_email already registered for DAG: example_dag_decorator
[2024-07-26T04:49:13.805+0000] {logging_mixin.py:120} INFO - [2024-07-26T04:49:13.805+0000] {taskmixin.py:205} WARNING - Dependency <Task(EmailOperator): send_email>, prepare_email already registered for DAG: example_dag_decorator
[2024-07-26T04:49:13.813+0000] {processor.py:766} INFO - DAG(s) dict_keys(['example_dag_decorator']) retrieved from /home/airflow/.local/lib/python3.7/site-packages/airflow/example_dags/example_dag_decorator.py
[2024-07-26T04:49:13.871+0000] {logging_mixin.py:120} INFO - [2024-07-26T04:49:13.871+0000] {dag.py:2585} INFO - Sync 1 DAGs
[2024-07-26T04:49:13.907+0000] {logging_mixin.py:120} INFO - [2024-07-26T04:49:13.907+0000] {dag.py:3340} INFO - Setting next_dagrun for example_dag_decorator to None, run_after=None
[2024-07-26T04:49:13.937+0000] {processor.py:176} INFO - Processing /home/airflow/.local/lib/python3.7/site-packages/airflow/example_dags/example_dag_decorator.py took 0.149 seconds
[2024-07-26T04:53:38.626+0000] {processor.py:154} INFO - Started process (PID=6588) to work on /home/airflow/.local/lib/python3.7/site-packages/airflow/example_dags/example_dag_decorator.py
[2024-07-26T04:53:38.627+0000] {processor.py:756} INFO - Processing file /home/airflow/.local/lib/python3.7/site-packages/airflow/example_dags/example_dag_decorator.py for tasks to queue
[2024-07-26T04:53:38.628+0000] {logging_mixin.py:120} INFO - [2024-07-26T04:53:38.628+0000] {dagbag.py:537} INFO - Filling up the DagBag from /home/airflow/.local/lib/python3.7/site-packages/airflow/example_dags/example_dag_decorator.py
[2024-07-26T04:53:38.638+0000] {logging_mixin.py:120} INFO - [2024-07-26T04:53:38.638+0000] {taskmixin.py:205} WARNING - Dependency <Task(_PythonDecoratedOperator): prepare_email>, send_email already registered for DAG: example_dag_decorator
[2024-07-26T04:53:38.639+0000] {logging_mixin.py:120} INFO - [2024-07-26T04:53:38.639+0000] {taskmixin.py:205} WARNING - Dependency <Task(EmailOperator): send_email>, prepare_email already registered for DAG: example_dag_decorator
[2024-07-26T04:53:38.646+0000] {processor.py:766} INFO - DAG(s) dict_keys(['example_dag_decorator']) retrieved from /home/airflow/.local/lib/python3.7/site-packages/airflow/example_dags/example_dag_decorator.py
[2024-07-26T04:53:38.692+0000] {logging_mixin.py:120} INFO - [2024-07-26T04:53:38.692+0000] {dag.py:2585} INFO - Sync 1 DAGs
[2024-07-26T04:53:38.709+0000] {logging_mixin.py:120} INFO - [2024-07-26T04:53:38.709+0000] {dag.py:3340} INFO - Setting next_dagrun for example_dag_decorator to None, run_after=None
[2024-07-26T04:53:38.725+0000] {processor.py:176} INFO - Processing /home/airflow/.local/lib/python3.7/site-packages/airflow/example_dags/example_dag_decorator.py took 0.103 seconds
[2024-07-26T05:02:50.849+0000] {processor.py:154} INFO - Started process (PID=6652) to work on /home/airflow/.local/lib/python3.7/site-packages/airflow/example_dags/example_dag_decorator.py
[2024-07-26T05:02:50.852+0000] {processor.py:756} INFO - Processing file /home/airflow/.local/lib/python3.7/site-packages/airflow/example_dags/example_dag_decorator.py for tasks to queue
[2024-07-26T05:02:50.853+0000] {logging_mixin.py:120} INFO - [2024-07-26T05:02:50.853+0000] {dagbag.py:537} INFO - Filling up the DagBag from /home/airflow/.local/lib/python3.7/site-packages/airflow/example_dags/example_dag_decorator.py
[2024-07-26T05:02:50.862+0000] {logging_mixin.py:120} INFO - [2024-07-26T05:02:50.862+0000] {taskmixin.py:205} WARNING - Dependency <Task(_PythonDecoratedOperator): prepare_email>, send_email already registered for DAG: example_dag_decorator
[2024-07-26T05:02:50.863+0000] {logging_mixin.py:120} INFO - [2024-07-26T05:02:50.863+0000] {taskmixin.py:205} WARNING - Dependency <Task(EmailOperator): send_email>, prepare_email already registered for DAG: example_dag_decorator
[2024-07-26T05:02:50.874+0000] {processor.py:766} INFO - DAG(s) dict_keys(['example_dag_decorator']) retrieved from /home/airflow/.local/lib/python3.7/site-packages/airflow/example_dags/example_dag_decorator.py
[2024-07-26T05:02:50.932+0000] {logging_mixin.py:120} INFO - [2024-07-26T05:02:50.931+0000] {dag.py:2585} INFO - Sync 1 DAGs
[2024-07-26T05:02:50.953+0000] {logging_mixin.py:120} INFO - [2024-07-26T05:02:50.953+0000] {dag.py:3340} INFO - Setting next_dagrun for example_dag_decorator to None, run_after=None
[2024-07-26T05:02:50.973+0000] {processor.py:176} INFO - Processing /home/airflow/.local/lib/python3.7/site-packages/airflow/example_dags/example_dag_decorator.py took 0.125 seconds
[2024-07-26T05:15:53.177+0000] {processor.py:154} INFO - Started process (PID=6716) to work on /home/airflow/.local/lib/python3.7/site-packages/airflow/example_dags/example_dag_decorator.py
[2024-07-26T05:15:53.178+0000] {processor.py:756} INFO - Processing file /home/airflow/.local/lib/python3.7/site-packages/airflow/example_dags/example_dag_decorator.py for tasks to queue
[2024-07-26T05:15:53.178+0000] {logging_mixin.py:120} INFO - [2024-07-26T05:15:53.178+0000] {dagbag.py:537} INFO - Filling up the DagBag from /home/airflow/.local/lib/python3.7/site-packages/airflow/example_dags/example_dag_decorator.py
[2024-07-26T05:15:53.189+0000] {logging_mixin.py:120} INFO - [2024-07-26T05:15:53.189+0000] {taskmixin.py:205} WARNING - Dependency <Task(_PythonDecoratedOperator): prepare_email>, send_email already registered for DAG: example_dag_decorator
[2024-07-26T05:15:53.189+0000] {logging_mixin.py:120} INFO - [2024-07-26T05:15:53.189+0000] {taskmixin.py:205} WARNING - Dependency <Task(EmailOperator): send_email>, prepare_email already registered for DAG: example_dag_decorator
[2024-07-26T05:15:53.197+0000] {processor.py:766} INFO - DAG(s) dict_keys(['example_dag_decorator']) retrieved from /home/airflow/.local/lib/python3.7/site-packages/airflow/example_dags/example_dag_decorator.py
[2024-07-26T05:15:53.249+0000] {logging_mixin.py:120} INFO - [2024-07-26T05:15:53.249+0000] {dag.py:2585} INFO - Sync 1 DAGs
[2024-07-26T05:15:53.263+0000] {logging_mixin.py:120} INFO - [2024-07-26T05:15:53.263+0000] {dag.py:3340} INFO - Setting next_dagrun for example_dag_decorator to None, run_after=None
[2024-07-26T05:15:53.275+0000] {processor.py:176} INFO - Processing /home/airflow/.local/lib/python3.7/site-packages/airflow/example_dags/example_dag_decorator.py took 0.101 seconds
[2024-07-26T05:33:30.048+0000] {processor.py:154} INFO - Started process (PID=6780) to work on /home/airflow/.local/lib/python3.7/site-packages/airflow/example_dags/example_dag_decorator.py
[2024-07-26T05:33:30.050+0000] {processor.py:756} INFO - Processing file /home/airflow/.local/lib/python3.7/site-packages/airflow/example_dags/example_dag_decorator.py for tasks to queue
[2024-07-26T05:33:30.052+0000] {logging_mixin.py:120} INFO - [2024-07-26T05:33:30.052+0000] {dagbag.py:537} INFO - Filling up the DagBag from /home/airflow/.local/lib/python3.7/site-packages/airflow/example_dags/example_dag_decorator.py
[2024-07-26T05:33:30.072+0000] {logging_mixin.py:120} INFO - [2024-07-26T05:33:30.072+0000] {taskmixin.py:205} WARNING - Dependency <Task(_PythonDecoratedOperator): prepare_email>, send_email already registered for DAG: example_dag_decorator
[2024-07-26T05:33:30.075+0000] {logging_mixin.py:120} INFO - [2024-07-26T05:33:30.075+0000] {taskmixin.py:205} WARNING - Dependency <Task(EmailOperator): send_email>, prepare_email already registered for DAG: example_dag_decorator
[2024-07-26T05:33:30.084+0000] {processor.py:766} INFO - DAG(s) dict_keys(['example_dag_decorator']) retrieved from /home/airflow/.local/lib/python3.7/site-packages/airflow/example_dags/example_dag_decorator.py
[2024-07-26T05:33:30.130+0000] {logging_mixin.py:120} INFO - [2024-07-26T05:33:30.130+0000] {dag.py:2585} INFO - Sync 1 DAGs
[2024-07-26T05:33:30.146+0000] {logging_mixin.py:120} INFO - [2024-07-26T05:33:30.145+0000] {dag.py:3340} INFO - Setting next_dagrun for example_dag_decorator to None, run_after=None
[2024-07-26T05:33:30.174+0000] {processor.py:176} INFO - Processing /home/airflow/.local/lib/python3.7/site-packages/airflow/example_dags/example_dag_decorator.py took 0.131 seconds
[2024-07-26T06:09:37.441+0000] {processor.py:154} INFO - Started process (PID=6843) to work on /home/airflow/.local/lib/python3.7/site-packages/airflow/example_dags/example_dag_decorator.py
[2024-07-26T06:09:37.442+0000] {processor.py:756} INFO - Processing file /home/airflow/.local/lib/python3.7/site-packages/airflow/example_dags/example_dag_decorator.py for tasks to queue
[2024-07-26T06:09:37.444+0000] {logging_mixin.py:120} INFO - [2024-07-26T06:09:37.444+0000] {dagbag.py:537} INFO - Filling up the DagBag from /home/airflow/.local/lib/python3.7/site-packages/airflow/example_dags/example_dag_decorator.py
[2024-07-26T06:09:37.457+0000] {logging_mixin.py:120} INFO - [2024-07-26T06:09:37.457+0000] {taskmixin.py:205} WARNING - Dependency <Task(_PythonDecoratedOperator): prepare_email>, send_email already registered for DAG: example_dag_decorator
[2024-07-26T06:09:37.460+0000] {logging_mixin.py:120} INFO - [2024-07-26T06:09:37.460+0000] {taskmixin.py:205} WARNING - Dependency <Task(EmailOperator): send_email>, prepare_email already registered for DAG: example_dag_decorator
[2024-07-26T06:09:37.468+0000] {processor.py:766} INFO - DAG(s) dict_keys(['example_dag_decorator']) retrieved from /home/airflow/.local/lib/python3.7/site-packages/airflow/example_dags/example_dag_decorator.py
[2024-07-26T06:09:37.516+0000] {logging_mixin.py:120} INFO - [2024-07-26T06:09:37.516+0000] {dag.py:2585} INFO - Sync 1 DAGs
[2024-07-26T06:09:37.533+0000] {logging_mixin.py:120} INFO - [2024-07-26T06:09:37.533+0000] {dag.py:3340} INFO - Setting next_dagrun for example_dag_decorator to None, run_after=None
[2024-07-26T06:09:37.554+0000] {processor.py:176} INFO - Processing /home/airflow/.local/lib/python3.7/site-packages/airflow/example_dags/example_dag_decorator.py took 0.115 seconds
[2024-07-26T07:10:34.366+0000] {processor.py:154} INFO - Started process (PID=6898) to work on /home/airflow/.local/lib/python3.7/site-packages/airflow/example_dags/example_dag_decorator.py
[2024-07-26T07:10:34.368+0000] {processor.py:756} INFO - Processing file /home/airflow/.local/lib/python3.7/site-packages/airflow/example_dags/example_dag_decorator.py for tasks to queue
[2024-07-26T07:10:34.372+0000] {logging_mixin.py:120} INFO - [2024-07-26T07:10:34.372+0000] {dagbag.py:537} INFO - Filling up the DagBag from /home/airflow/.local/lib/python3.7/site-packages/airflow/example_dags/example_dag_decorator.py
[2024-07-26T07:10:34.383+0000] {logging_mixin.py:120} INFO - [2024-07-26T07:10:34.383+0000] {taskmixin.py:205} WARNING - Dependency <Task(_PythonDecoratedOperator): prepare_email>, send_email already registered for DAG: example_dag_decorator
[2024-07-26T07:10:34.385+0000] {logging_mixin.py:120} INFO - [2024-07-26T07:10:34.384+0000] {taskmixin.py:205} WARNING - Dependency <Task(EmailOperator): send_email>, prepare_email already registered for DAG: example_dag_decorator
[2024-07-26T07:10:34.396+0000] {processor.py:766} INFO - DAG(s) dict_keys(['example_dag_decorator']) retrieved from /home/airflow/.local/lib/python3.7/site-packages/airflow/example_dags/example_dag_decorator.py
[2024-07-26T07:10:34.458+0000] {logging_mixin.py:120} INFO - [2024-07-26T07:10:34.458+0000] {dag.py:2585} INFO - Sync 1 DAGs
[2024-07-26T07:10:34.474+0000] {logging_mixin.py:120} INFO - [2024-07-26T07:10:34.474+0000] {dag.py:3340} INFO - Setting next_dagrun for example_dag_decorator to None, run_after=None
[2024-07-26T07:10:34.493+0000] {processor.py:176} INFO - Processing /home/airflow/.local/lib/python3.7/site-packages/airflow/example_dags/example_dag_decorator.py took 0.129 seconds
[2024-07-26T08:11:48.747+0000] {processor.py:154} INFO - Started process (PID=6962) to work on /home/airflow/.local/lib/python3.7/site-packages/airflow/example_dags/example_dag_decorator.py
[2024-07-26T08:11:48.749+0000] {processor.py:756} INFO - Processing file /home/airflow/.local/lib/python3.7/site-packages/airflow/example_dags/example_dag_decorator.py for tasks to queue
[2024-07-26T08:11:48.750+0000] {logging_mixin.py:120} INFO - [2024-07-26T08:11:48.750+0000] {dagbag.py:537} INFO - Filling up the DagBag from /home/airflow/.local/lib/python3.7/site-packages/airflow/example_dags/example_dag_decorator.py
[2024-07-26T08:11:48.764+0000] {logging_mixin.py:120} INFO - [2024-07-26T08:11:48.764+0000] {taskmixin.py:205} WARNING - Dependency <Task(_PythonDecoratedOperator): prepare_email>, send_email already registered for DAG: example_dag_decorator
[2024-07-26T08:11:48.764+0000] {logging_mixin.py:120} INFO - [2024-07-26T08:11:48.764+0000] {taskmixin.py:205} WARNING - Dependency <Task(EmailOperator): send_email>, prepare_email already registered for DAG: example_dag_decorator
[2024-07-26T08:11:48.773+0000] {processor.py:766} INFO - DAG(s) dict_keys(['example_dag_decorator']) retrieved from /home/airflow/.local/lib/python3.7/site-packages/airflow/example_dags/example_dag_decorator.py
[2024-07-26T08:11:48.826+0000] {logging_mixin.py:120} INFO - [2024-07-26T08:11:48.826+0000] {dag.py:2585} INFO - Sync 1 DAGs
[2024-07-26T08:11:48.851+0000] {logging_mixin.py:120} INFO - [2024-07-26T08:11:48.851+0000] {dag.py:3340} INFO - Setting next_dagrun for example_dag_decorator to None, run_after=None
[2024-07-26T08:11:48.871+0000] {processor.py:176} INFO - Processing /home/airflow/.local/lib/python3.7/site-packages/airflow/example_dags/example_dag_decorator.py took 0.126 seconds
[2024-07-26T08:36:13.085+0000] {processor.py:154} INFO - Started process (PID=7026) to work on /home/airflow/.local/lib/python3.7/site-packages/airflow/example_dags/example_dag_decorator.py
[2024-07-26T08:36:13.096+0000] {processor.py:756} INFO - Processing file /home/airflow/.local/lib/python3.7/site-packages/airflow/example_dags/example_dag_decorator.py for tasks to queue
[2024-07-26T08:36:13.101+0000] {logging_mixin.py:120} INFO - [2024-07-26T08:36:13.101+0000] {dagbag.py:537} INFO - Filling up the DagBag from /home/airflow/.local/lib/python3.7/site-packages/airflow/example_dags/example_dag_decorator.py
[2024-07-26T08:36:13.122+0000] {logging_mixin.py:120} INFO - [2024-07-26T08:36:13.122+0000] {taskmixin.py:205} WARNING - Dependency <Task(_PythonDecoratedOperator): prepare_email>, send_email already registered for DAG: example_dag_decorator
[2024-07-26T08:36:13.131+0000] {logging_mixin.py:120} INFO - [2024-07-26T08:36:13.130+0000] {taskmixin.py:205} WARNING - Dependency <Task(EmailOperator): send_email>, prepare_email already registered for DAG: example_dag_decorator
[2024-07-26T08:36:13.139+0000] {processor.py:766} INFO - DAG(s) dict_keys(['example_dag_decorator']) retrieved from /home/airflow/.local/lib/python3.7/site-packages/airflow/example_dags/example_dag_decorator.py
[2024-07-26T08:36:13.190+0000] {logging_mixin.py:120} INFO - [2024-07-26T08:36:13.190+0000] {dag.py:2585} INFO - Sync 1 DAGs
[2024-07-26T08:36:13.207+0000] {logging_mixin.py:120} INFO - [2024-07-26T08:36:13.207+0000] {dag.py:3340} INFO - Setting next_dagrun for example_dag_decorator to None, run_after=None
[2024-07-26T08:36:13.226+0000] {processor.py:176} INFO - Processing /home/airflow/.local/lib/python3.7/site-packages/airflow/example_dags/example_dag_decorator.py took 0.151 seconds
[2024-07-26T09:29:27.164+0000] {processor.py:154} INFO - Started process (PID=7090) to work on /home/airflow/.local/lib/python3.7/site-packages/airflow/example_dags/example_dag_decorator.py
[2024-07-26T09:29:27.169+0000] {processor.py:756} INFO - Processing file /home/airflow/.local/lib/python3.7/site-packages/airflow/example_dags/example_dag_decorator.py for tasks to queue
[2024-07-26T09:29:27.172+0000] {logging_mixin.py:120} INFO - [2024-07-26T09:29:27.171+0000] {dagbag.py:537} INFO - Filling up the DagBag from /home/airflow/.local/lib/python3.7/site-packages/airflow/example_dags/example_dag_decorator.py
[2024-07-26T09:29:27.183+0000] {logging_mixin.py:120} INFO - [2024-07-26T09:29:27.183+0000] {taskmixin.py:205} WARNING - Dependency <Task(_PythonDecoratedOperator): prepare_email>, send_email already registered for DAG: example_dag_decorator
[2024-07-26T09:29:27.184+0000] {logging_mixin.py:120} INFO - [2024-07-26T09:29:27.184+0000] {taskmixin.py:205} WARNING - Dependency <Task(EmailOperator): send_email>, prepare_email already registered for DAG: example_dag_decorator
[2024-07-26T09:29:27.195+0000] {processor.py:766} INFO - DAG(s) dict_keys(['example_dag_decorator']) retrieved from /home/airflow/.local/lib/python3.7/site-packages/airflow/example_dags/example_dag_decorator.py
[2024-07-26T09:29:27.250+0000] {logging_mixin.py:120} INFO - [2024-07-26T09:29:27.250+0000] {dag.py:2585} INFO - Sync 1 DAGs
[2024-07-26T09:29:27.268+0000] {logging_mixin.py:120} INFO - [2024-07-26T09:29:27.268+0000] {dag.py:3340} INFO - Setting next_dagrun for example_dag_decorator to None, run_after=None
[2024-07-26T09:29:27.290+0000] {processor.py:176} INFO - Processing /home/airflow/.local/lib/python3.7/site-packages/airflow/example_dags/example_dag_decorator.py took 0.128 seconds
[2024-07-26T10:30:31.639+0000] {processor.py:154} INFO - Started process (PID=7145) to work on /home/airflow/.local/lib/python3.7/site-packages/airflow/example_dags/example_dag_decorator.py
[2024-07-26T10:30:31.640+0000] {processor.py:756} INFO - Processing file /home/airflow/.local/lib/python3.7/site-packages/airflow/example_dags/example_dag_decorator.py for tasks to queue
[2024-07-26T10:30:31.641+0000] {logging_mixin.py:120} INFO - [2024-07-26T10:30:31.641+0000] {dagbag.py:537} INFO - Filling up the DagBag from /home/airflow/.local/lib/python3.7/site-packages/airflow/example_dags/example_dag_decorator.py
[2024-07-26T10:30:31.656+0000] {logging_mixin.py:120} INFO - [2024-07-26T10:30:31.656+0000] {taskmixin.py:205} WARNING - Dependency <Task(_PythonDecoratedOperator): prepare_email>, send_email already registered for DAG: example_dag_decorator
[2024-07-26T10:30:31.661+0000] {logging_mixin.py:120} INFO - [2024-07-26T10:30:31.660+0000] {taskmixin.py:205} WARNING - Dependency <Task(EmailOperator): send_email>, prepare_email already registered for DAG: example_dag_decorator
[2024-07-26T10:30:31.674+0000] {processor.py:766} INFO - DAG(s) dict_keys(['example_dag_decorator']) retrieved from /home/airflow/.local/lib/python3.7/site-packages/airflow/example_dags/example_dag_decorator.py
[2024-07-26T10:30:31.825+0000] {logging_mixin.py:120} INFO - [2024-07-26T10:30:31.825+0000] {dag.py:2585} INFO - Sync 1 DAGs
[2024-07-26T10:30:31.896+0000] {logging_mixin.py:120} INFO - [2024-07-26T10:30:31.896+0000] {dag.py:3340} INFO - Setting next_dagrun for example_dag_decorator to None, run_after=None
[2024-07-26T10:30:31.915+0000] {processor.py:176} INFO - Processing /home/airflow/.local/lib/python3.7/site-packages/airflow/example_dags/example_dag_decorator.py took 0.278 seconds
[2024-07-26T10:39:57.378+0000] {processor.py:154} INFO - Started process (PID=7209) to work on /home/airflow/.local/lib/python3.7/site-packages/airflow/example_dags/example_dag_decorator.py
[2024-07-26T10:39:57.383+0000] {processor.py:756} INFO - Processing file /home/airflow/.local/lib/python3.7/site-packages/airflow/example_dags/example_dag_decorator.py for tasks to queue
[2024-07-26T10:39:57.384+0000] {logging_mixin.py:120} INFO - [2024-07-26T10:39:57.384+0000] {dagbag.py:537} INFO - Filling up the DagBag from /home/airflow/.local/lib/python3.7/site-packages/airflow/example_dags/example_dag_decorator.py
[2024-07-26T10:39:57.394+0000] {logging_mixin.py:120} INFO - [2024-07-26T10:39:57.394+0000] {taskmixin.py:205} WARNING - Dependency <Task(_PythonDecoratedOperator): prepare_email>, send_email already registered for DAG: example_dag_decorator
[2024-07-26T10:39:57.395+0000] {logging_mixin.py:120} INFO - [2024-07-26T10:39:57.395+0000] {taskmixin.py:205} WARNING - Dependency <Task(EmailOperator): send_email>, prepare_email already registered for DAG: example_dag_decorator
[2024-07-26T10:39:57.403+0000] {processor.py:766} INFO - DAG(s) dict_keys(['example_dag_decorator']) retrieved from /home/airflow/.local/lib/python3.7/site-packages/airflow/example_dags/example_dag_decorator.py
[2024-07-26T10:39:57.451+0000] {logging_mixin.py:120} INFO - [2024-07-26T10:39:57.451+0000] {dag.py:2585} INFO - Sync 1 DAGs
[2024-07-26T10:39:57.467+0000] {logging_mixin.py:120} INFO - [2024-07-26T10:39:57.467+0000] {dag.py:3340} INFO - Setting next_dagrun for example_dag_decorator to None, run_after=None
[2024-07-26T10:39:57.484+0000] {processor.py:176} INFO - Processing /home/airflow/.local/lib/python3.7/site-packages/airflow/example_dags/example_dag_decorator.py took 0.107 seconds
[2024-07-26T11:48:31.670+0000] {processor.py:154} INFO - Started process (PID=7273) to work on /home/airflow/.local/lib/python3.7/site-packages/airflow/example_dags/example_dag_decorator.py
[2024-07-26T11:48:31.671+0000] {processor.py:756} INFO - Processing file /home/airflow/.local/lib/python3.7/site-packages/airflow/example_dags/example_dag_decorator.py for tasks to queue
[2024-07-26T11:48:31.673+0000] {logging_mixin.py:120} INFO - [2024-07-26T11:48:31.673+0000] {dagbag.py:537} INFO - Filling up the DagBag from /home/airflow/.local/lib/python3.7/site-packages/airflow/example_dags/example_dag_decorator.py
[2024-07-26T11:48:31.684+0000] {logging_mixin.py:120} INFO - [2024-07-26T11:48:31.683+0000] {taskmixin.py:205} WARNING - Dependency <Task(_PythonDecoratedOperator): prepare_email>, send_email already registered for DAG: example_dag_decorator
[2024-07-26T11:48:31.684+0000] {logging_mixin.py:120} INFO - [2024-07-26T11:48:31.684+0000] {taskmixin.py:205} WARNING - Dependency <Task(EmailOperator): send_email>, prepare_email already registered for DAG: example_dag_decorator
[2024-07-26T11:48:31.696+0000] {processor.py:766} INFO - DAG(s) dict_keys(['example_dag_decorator']) retrieved from /home/airflow/.local/lib/python3.7/site-packages/airflow/example_dags/example_dag_decorator.py
[2024-07-26T11:48:31.771+0000] {logging_mixin.py:120} INFO - [2024-07-26T11:48:31.771+0000] {dag.py:2585} INFO - Sync 1 DAGs
[2024-07-26T11:48:31.805+0000] {logging_mixin.py:120} INFO - [2024-07-26T11:48:31.805+0000] {dag.py:3340} INFO - Setting next_dagrun for example_dag_decorator to None, run_after=None
[2024-07-26T11:48:31.823+0000] {processor.py:176} INFO - Processing /home/airflow/.local/lib/python3.7/site-packages/airflow/example_dags/example_dag_decorator.py took 0.156 seconds
[2024-07-26T12:13:06.895+0000] {processor.py:154} INFO - Started process (PID=7337) to work on /home/airflow/.local/lib/python3.7/site-packages/airflow/example_dags/example_dag_decorator.py
[2024-07-26T12:13:06.898+0000] {processor.py:756} INFO - Processing file /home/airflow/.local/lib/python3.7/site-packages/airflow/example_dags/example_dag_decorator.py for tasks to queue
[2024-07-26T12:13:06.899+0000] {logging_mixin.py:120} INFO - [2024-07-26T12:13:06.899+0000] {dagbag.py:537} INFO - Filling up the DagBag from /home/airflow/.local/lib/python3.7/site-packages/airflow/example_dags/example_dag_decorator.py
[2024-07-26T12:13:06.912+0000] {logging_mixin.py:120} INFO - [2024-07-26T12:13:06.912+0000] {taskmixin.py:205} WARNING - Dependency <Task(_PythonDecoratedOperator): prepare_email>, send_email already registered for DAG: example_dag_decorator
[2024-07-26T12:13:06.914+0000] {logging_mixin.py:120} INFO - [2024-07-26T12:13:06.914+0000] {taskmixin.py:205} WARNING - Dependency <Task(EmailOperator): send_email>, prepare_email already registered for DAG: example_dag_decorator
[2024-07-26T12:13:06.924+0000] {processor.py:766} INFO - DAG(s) dict_keys(['example_dag_decorator']) retrieved from /home/airflow/.local/lib/python3.7/site-packages/airflow/example_dags/example_dag_decorator.py
[2024-07-26T12:13:06.982+0000] {logging_mixin.py:120} INFO - [2024-07-26T12:13:06.982+0000] {dag.py:2585} INFO - Sync 1 DAGs
[2024-07-26T12:13:06.998+0000] {logging_mixin.py:120} INFO - [2024-07-26T12:13:06.997+0000] {dag.py:3340} INFO - Setting next_dagrun for example_dag_decorator to None, run_after=None
[2024-07-26T12:13:07.017+0000] {processor.py:176} INFO - Processing /home/airflow/.local/lib/python3.7/site-packages/airflow/example_dags/example_dag_decorator.py took 0.124 seconds
[2024-07-26T12:19:26.968+0000] {processor.py:154} INFO - Started process (PID=7398) to work on /home/airflow/.local/lib/python3.7/site-packages/airflow/example_dags/example_dag_decorator.py
[2024-07-26T12:19:26.970+0000] {processor.py:756} INFO - Processing file /home/airflow/.local/lib/python3.7/site-packages/airflow/example_dags/example_dag_decorator.py for tasks to queue
[2024-07-26T12:19:26.972+0000] {logging_mixin.py:120} INFO - [2024-07-26T12:19:26.971+0000] {dagbag.py:537} INFO - Filling up the DagBag from /home/airflow/.local/lib/python3.7/site-packages/airflow/example_dags/example_dag_decorator.py
[2024-07-26T12:19:26.985+0000] {logging_mixin.py:120} INFO - [2024-07-26T12:19:26.985+0000] {taskmixin.py:205} WARNING - Dependency <Task(_PythonDecoratedOperator): prepare_email>, send_email already registered for DAG: example_dag_decorator
[2024-07-26T12:19:26.986+0000] {logging_mixin.py:120} INFO - [2024-07-26T12:19:26.986+0000] {taskmixin.py:205} WARNING - Dependency <Task(EmailOperator): send_email>, prepare_email already registered for DAG: example_dag_decorator
[2024-07-26T12:19:27.012+0000] {processor.py:766} INFO - DAG(s) dict_keys(['example_dag_decorator']) retrieved from /home/airflow/.local/lib/python3.7/site-packages/airflow/example_dags/example_dag_decorator.py
[2024-07-26T12:19:27.123+0000] {logging_mixin.py:120} INFO - [2024-07-26T12:19:27.123+0000] {dag.py:2585} INFO - Sync 1 DAGs
[2024-07-26T12:19:27.160+0000] {logging_mixin.py:120} INFO - [2024-07-26T12:19:27.160+0000] {dag.py:3340} INFO - Setting next_dagrun for example_dag_decorator to None, run_after=None
[2024-07-26T12:19:27.184+0000] {processor.py:176} INFO - Processing /home/airflow/.local/lib/python3.7/site-packages/airflow/example_dags/example_dag_decorator.py took 0.225 seconds
[2024-07-26T13:00:09.477+0000] {processor.py:154} INFO - Started process (PID=7455) to work on /home/airflow/.local/lib/python3.7/site-packages/airflow/example_dags/example_dag_decorator.py
[2024-07-26T13:00:09.479+0000] {processor.py:756} INFO - Processing file /home/airflow/.local/lib/python3.7/site-packages/airflow/example_dags/example_dag_decorator.py for tasks to queue
[2024-07-26T13:00:09.482+0000] {logging_mixin.py:120} INFO - [2024-07-26T13:00:09.482+0000] {dagbag.py:537} INFO - Filling up the DagBag from /home/airflow/.local/lib/python3.7/site-packages/airflow/example_dags/example_dag_decorator.py
[2024-07-26T13:00:09.499+0000] {logging_mixin.py:120} INFO - [2024-07-26T13:00:09.499+0000] {taskmixin.py:205} WARNING - Dependency <Task(_PythonDecoratedOperator): prepare_email>, send_email already registered for DAG: example_dag_decorator
[2024-07-26T13:00:09.501+0000] {logging_mixin.py:120} INFO - [2024-07-26T13:00:09.501+0000] {taskmixin.py:205} WARNING - Dependency <Task(EmailOperator): send_email>, prepare_email already registered for DAG: example_dag_decorator
[2024-07-26T13:00:09.526+0000] {processor.py:766} INFO - DAG(s) dict_keys(['example_dag_decorator']) retrieved from /home/airflow/.local/lib/python3.7/site-packages/airflow/example_dags/example_dag_decorator.py
[2024-07-26T13:00:09.634+0000] {logging_mixin.py:120} INFO - [2024-07-26T13:00:09.634+0000] {dag.py:2585} INFO - Sync 1 DAGs
[2024-07-26T13:00:09.664+0000] {logging_mixin.py:120} INFO - [2024-07-26T13:00:09.664+0000] {dag.py:3340} INFO - Setting next_dagrun for example_dag_decorator to None, run_after=None
[2024-07-26T13:00:09.685+0000] {processor.py:176} INFO - Processing /home/airflow/.local/lib/python3.7/site-packages/airflow/example_dags/example_dag_decorator.py took 0.210 seconds
[2024-07-26T13:12:28.721+0000] {processor.py:154} INFO - Started process (PID=7519) to work on /home/airflow/.local/lib/python3.7/site-packages/airflow/example_dags/example_dag_decorator.py
[2024-07-26T13:12:28.726+0000] {processor.py:756} INFO - Processing file /home/airflow/.local/lib/python3.7/site-packages/airflow/example_dags/example_dag_decorator.py for tasks to queue
[2024-07-26T13:12:28.728+0000] {logging_mixin.py:120} INFO - [2024-07-26T13:12:28.727+0000] {dagbag.py:537} INFO - Filling up the DagBag from /home/airflow/.local/lib/python3.7/site-packages/airflow/example_dags/example_dag_decorator.py
[2024-07-26T13:12:28.743+0000] {logging_mixin.py:120} INFO - [2024-07-26T13:12:28.743+0000] {taskmixin.py:205} WARNING - Dependency <Task(_PythonDecoratedOperator): prepare_email>, send_email already registered for DAG: example_dag_decorator
[2024-07-26T13:12:28.747+0000] {logging_mixin.py:120} INFO - [2024-07-26T13:12:28.747+0000] {taskmixin.py:205} WARNING - Dependency <Task(EmailOperator): send_email>, prepare_email already registered for DAG: example_dag_decorator
[2024-07-26T13:12:28.759+0000] {processor.py:766} INFO - DAG(s) dict_keys(['example_dag_decorator']) retrieved from /home/airflow/.local/lib/python3.7/site-packages/airflow/example_dags/example_dag_decorator.py
[2024-07-26T13:12:28.821+0000] {logging_mixin.py:120} INFO - [2024-07-26T13:12:28.821+0000] {dag.py:2585} INFO - Sync 1 DAGs
[2024-07-26T13:12:28.834+0000] {logging_mixin.py:120} INFO - [2024-07-26T13:12:28.834+0000] {dag.py:3340} INFO - Setting next_dagrun for example_dag_decorator to None, run_after=None
[2024-07-26T13:12:28.849+0000] {processor.py:176} INFO - Processing /home/airflow/.local/lib/python3.7/site-packages/airflow/example_dags/example_dag_decorator.py took 0.133 seconds
[2024-07-26T13:43:22.930+0000] {processor.py:154} INFO - Started process (PID=7583) to work on /home/airflow/.local/lib/python3.7/site-packages/airflow/example_dags/example_dag_decorator.py
[2024-07-26T13:43:22.932+0000] {processor.py:756} INFO - Processing file /home/airflow/.local/lib/python3.7/site-packages/airflow/example_dags/example_dag_decorator.py for tasks to queue
[2024-07-26T13:43:22.933+0000] {logging_mixin.py:120} INFO - [2024-07-26T13:43:22.933+0000] {dagbag.py:537} INFO - Filling up the DagBag from /home/airflow/.local/lib/python3.7/site-packages/airflow/example_dags/example_dag_decorator.py
[2024-07-26T13:43:22.942+0000] {logging_mixin.py:120} INFO - [2024-07-26T13:43:22.942+0000] {taskmixin.py:205} WARNING - Dependency <Task(_PythonDecoratedOperator): prepare_email>, send_email already registered for DAG: example_dag_decorator
[2024-07-26T13:43:22.946+0000] {logging_mixin.py:120} INFO - [2024-07-26T13:43:22.946+0000] {taskmixin.py:205} WARNING - Dependency <Task(EmailOperator): send_email>, prepare_email already registered for DAG: example_dag_decorator
[2024-07-26T13:43:22.953+0000] {processor.py:766} INFO - DAG(s) dict_keys(['example_dag_decorator']) retrieved from /home/airflow/.local/lib/python3.7/site-packages/airflow/example_dags/example_dag_decorator.py
[2024-07-26T13:43:23.038+0000] {logging_mixin.py:120} INFO - [2024-07-26T13:43:23.037+0000] {dag.py:2585} INFO - Sync 1 DAGs
[2024-07-26T13:43:23.060+0000] {logging_mixin.py:120} INFO - [2024-07-26T13:43:23.060+0000] {dag.py:3340} INFO - Setting next_dagrun for example_dag_decorator to None, run_after=None
[2024-07-26T13:43:23.084+0000] {processor.py:176} INFO - Processing /home/airflow/.local/lib/python3.7/site-packages/airflow/example_dags/example_dag_decorator.py took 0.156 seconds
[2024-07-26T13:46:54.777+0000] {processor.py:154} INFO - Started process (PID=7647) to work on /home/airflow/.local/lib/python3.7/site-packages/airflow/example_dags/example_dag_decorator.py
[2024-07-26T13:46:54.778+0000] {processor.py:756} INFO - Processing file /home/airflow/.local/lib/python3.7/site-packages/airflow/example_dags/example_dag_decorator.py for tasks to queue
[2024-07-26T13:46:54.779+0000] {logging_mixin.py:120} INFO - [2024-07-26T13:46:54.779+0000] {dagbag.py:537} INFO - Filling up the DagBag from /home/airflow/.local/lib/python3.7/site-packages/airflow/example_dags/example_dag_decorator.py
[2024-07-26T13:46:54.793+0000] {logging_mixin.py:120} INFO - [2024-07-26T13:46:54.793+0000] {taskmixin.py:205} WARNING - Dependency <Task(_PythonDecoratedOperator): prepare_email>, send_email already registered for DAG: example_dag_decorator
[2024-07-26T13:46:54.793+0000] {logging_mixin.py:120} INFO - [2024-07-26T13:46:54.793+0000] {taskmixin.py:205} WARNING - Dependency <Task(EmailOperator): send_email>, prepare_email already registered for DAG: example_dag_decorator
[2024-07-26T13:46:54.802+0000] {processor.py:766} INFO - DAG(s) dict_keys(['example_dag_decorator']) retrieved from /home/airflow/.local/lib/python3.7/site-packages/airflow/example_dags/example_dag_decorator.py
[2024-07-26T13:46:54.863+0000] {logging_mixin.py:120} INFO - [2024-07-26T13:46:54.863+0000] {dag.py:2585} INFO - Sync 1 DAGs
[2024-07-26T13:46:54.881+0000] {logging_mixin.py:120} INFO - [2024-07-26T13:46:54.880+0000] {dag.py:3340} INFO - Setting next_dagrun for example_dag_decorator to None, run_after=None
[2024-07-26T13:46:54.941+0000] {processor.py:176} INFO - Processing /home/airflow/.local/lib/python3.7/site-packages/airflow/example_dags/example_dag_decorator.py took 0.166 seconds
[2024-07-26T13:52:24.397+0000] {processor.py:154} INFO - Started process (PID=7702) to work on /home/airflow/.local/lib/python3.7/site-packages/airflow/example_dags/example_dag_decorator.py
[2024-07-26T13:52:24.398+0000] {processor.py:756} INFO - Processing file /home/airflow/.local/lib/python3.7/site-packages/airflow/example_dags/example_dag_decorator.py for tasks to queue
[2024-07-26T13:52:24.402+0000] {logging_mixin.py:120} INFO - [2024-07-26T13:52:24.402+0000] {dagbag.py:537} INFO - Filling up the DagBag from /home/airflow/.local/lib/python3.7/site-packages/airflow/example_dags/example_dag_decorator.py
[2024-07-26T13:52:24.412+0000] {logging_mixin.py:120} INFO - [2024-07-26T13:52:24.412+0000] {taskmixin.py:205} WARNING - Dependency <Task(_PythonDecoratedOperator): prepare_email>, send_email already registered for DAG: example_dag_decorator
[2024-07-26T13:52:24.412+0000] {logging_mixin.py:120} INFO - [2024-07-26T13:52:24.412+0000] {taskmixin.py:205} WARNING - Dependency <Task(EmailOperator): send_email>, prepare_email already registered for DAG: example_dag_decorator
[2024-07-26T13:52:24.423+0000] {processor.py:766} INFO - DAG(s) dict_keys(['example_dag_decorator']) retrieved from /home/airflow/.local/lib/python3.7/site-packages/airflow/example_dags/example_dag_decorator.py
[2024-07-26T13:52:24.489+0000] {logging_mixin.py:120} INFO - [2024-07-26T13:52:24.489+0000] {dag.py:2585} INFO - Sync 1 DAGs
[2024-07-26T13:52:24.512+0000] {logging_mixin.py:120} INFO - [2024-07-26T13:52:24.512+0000] {dag.py:3340} INFO - Setting next_dagrun for example_dag_decorator to None, run_after=None
[2024-07-26T13:52:24.583+0000] {processor.py:176} INFO - Processing /home/airflow/.local/lib/python3.7/site-packages/airflow/example_dags/example_dag_decorator.py took 0.187 seconds
[2024-07-26T13:54:21.849+0000] {processor.py:154} INFO - Started process (PID=7766) to work on /home/airflow/.local/lib/python3.7/site-packages/airflow/example_dags/example_dag_decorator.py
[2024-07-26T13:54:21.850+0000] {processor.py:756} INFO - Processing file /home/airflow/.local/lib/python3.7/site-packages/airflow/example_dags/example_dag_decorator.py for tasks to queue
[2024-07-26T13:54:21.850+0000] {logging_mixin.py:120} INFO - [2024-07-26T13:54:21.850+0000] {dagbag.py:537} INFO - Filling up the DagBag from /home/airflow/.local/lib/python3.7/site-packages/airflow/example_dags/example_dag_decorator.py
[2024-07-26T13:54:21.859+0000] {logging_mixin.py:120} INFO - [2024-07-26T13:54:21.859+0000] {taskmixin.py:205} WARNING - Dependency <Task(_PythonDecoratedOperator): prepare_email>, send_email already registered for DAG: example_dag_decorator
[2024-07-26T13:54:21.859+0000] {logging_mixin.py:120} INFO - [2024-07-26T13:54:21.859+0000] {taskmixin.py:205} WARNING - Dependency <Task(EmailOperator): send_email>, prepare_email already registered for DAG: example_dag_decorator
[2024-07-26T13:54:21.869+0000] {processor.py:766} INFO - DAG(s) dict_keys(['example_dag_decorator']) retrieved from /home/airflow/.local/lib/python3.7/site-packages/airflow/example_dags/example_dag_decorator.py
[2024-07-26T13:54:21.915+0000] {logging_mixin.py:120} INFO - [2024-07-26T13:54:21.915+0000] {dag.py:2585} INFO - Sync 1 DAGs
[2024-07-26T13:54:21.926+0000] {logging_mixin.py:120} INFO - [2024-07-26T13:54:21.925+0000] {dag.py:3340} INFO - Setting next_dagrun for example_dag_decorator to None, run_after=None
[2024-07-26T13:54:21.940+0000] {processor.py:176} INFO - Processing /home/airflow/.local/lib/python3.7/site-packages/airflow/example_dags/example_dag_decorator.py took 0.093 seconds
[2024-07-26T13:55:29.955+0000] {processor.py:154} INFO - Started process (PID=7830) to work on /home/airflow/.local/lib/python3.7/site-packages/airflow/example_dags/example_dag_decorator.py
[2024-07-26T13:55:29.956+0000] {processor.py:756} INFO - Processing file /home/airflow/.local/lib/python3.7/site-packages/airflow/example_dags/example_dag_decorator.py for tasks to queue
[2024-07-26T13:55:29.956+0000] {logging_mixin.py:120} INFO - [2024-07-26T13:55:29.956+0000] {dagbag.py:537} INFO - Filling up the DagBag from /home/airflow/.local/lib/python3.7/site-packages/airflow/example_dags/example_dag_decorator.py
[2024-07-26T13:55:29.964+0000] {logging_mixin.py:120} INFO - [2024-07-26T13:55:29.963+0000] {taskmixin.py:205} WARNING - Dependency <Task(_PythonDecoratedOperator): prepare_email>, send_email already registered for DAG: example_dag_decorator
[2024-07-26T13:55:29.964+0000] {logging_mixin.py:120} INFO - [2024-07-26T13:55:29.964+0000] {taskmixin.py:205} WARNING - Dependency <Task(EmailOperator): send_email>, prepare_email already registered for DAG: example_dag_decorator
[2024-07-26T13:55:29.970+0000] {processor.py:766} INFO - DAG(s) dict_keys(['example_dag_decorator']) retrieved from /home/airflow/.local/lib/python3.7/site-packages/airflow/example_dags/example_dag_decorator.py
[2024-07-26T13:55:30.012+0000] {logging_mixin.py:120} INFO - [2024-07-26T13:55:30.012+0000] {dag.py:2585} INFO - Sync 1 DAGs
[2024-07-26T13:55:30.025+0000] {logging_mixin.py:120} INFO - [2024-07-26T13:55:30.025+0000] {dag.py:3340} INFO - Setting next_dagrun for example_dag_decorator to None, run_after=None
[2024-07-26T13:55:30.037+0000] {processor.py:176} INFO - Processing /home/airflow/.local/lib/python3.7/site-packages/airflow/example_dags/example_dag_decorator.py took 0.083 seconds
[2024-07-26T14:05:33.438+0000] {processor.py:154} INFO - Started process (PID=7894) to work on /home/airflow/.local/lib/python3.7/site-packages/airflow/example_dags/example_dag_decorator.py
[2024-07-26T14:05:33.441+0000] {processor.py:756} INFO - Processing file /home/airflow/.local/lib/python3.7/site-packages/airflow/example_dags/example_dag_decorator.py for tasks to queue
[2024-07-26T14:05:33.442+0000] {logging_mixin.py:120} INFO - [2024-07-26T14:05:33.442+0000] {dagbag.py:537} INFO - Filling up the DagBag from /home/airflow/.local/lib/python3.7/site-packages/airflow/example_dags/example_dag_decorator.py
[2024-07-26T14:05:33.453+0000] {logging_mixin.py:120} INFO - [2024-07-26T14:05:33.453+0000] {taskmixin.py:205} WARNING - Dependency <Task(_PythonDecoratedOperator): prepare_email>, send_email already registered for DAG: example_dag_decorator
[2024-07-26T14:05:33.454+0000] {logging_mixin.py:120} INFO - [2024-07-26T14:05:33.454+0000] {taskmixin.py:205} WARNING - Dependency <Task(EmailOperator): send_email>, prepare_email already registered for DAG: example_dag_decorator
[2024-07-26T14:05:33.462+0000] {processor.py:766} INFO - DAG(s) dict_keys(['example_dag_decorator']) retrieved from /home/airflow/.local/lib/python3.7/site-packages/airflow/example_dags/example_dag_decorator.py
[2024-07-26T14:05:33.536+0000] {logging_mixin.py:120} INFO - [2024-07-26T14:05:33.536+0000] {dag.py:2585} INFO - Sync 1 DAGs
[2024-07-26T14:05:33.560+0000] {logging_mixin.py:120} INFO - [2024-07-26T14:05:33.559+0000] {dag.py:3340} INFO - Setting next_dagrun for example_dag_decorator to None, run_after=None
[2024-07-26T14:05:33.597+0000] {processor.py:176} INFO - Processing /home/airflow/.local/lib/python3.7/site-packages/airflow/example_dags/example_dag_decorator.py took 0.162 seconds
[2024-07-26T14:06:20.954+0000] {processor.py:154} INFO - Started process (PID=7957) to work on /home/airflow/.local/lib/python3.7/site-packages/airflow/example_dags/example_dag_decorator.py
[2024-07-26T14:06:20.958+0000] {processor.py:756} INFO - Processing file /home/airflow/.local/lib/python3.7/site-packages/airflow/example_dags/example_dag_decorator.py for tasks to queue
[2024-07-26T14:06:20.959+0000] {logging_mixin.py:120} INFO - [2024-07-26T14:06:20.959+0000] {dagbag.py:537} INFO - Filling up the DagBag from /home/airflow/.local/lib/python3.7/site-packages/airflow/example_dags/example_dag_decorator.py
[2024-07-26T14:06:20.972+0000] {logging_mixin.py:120} INFO - [2024-07-26T14:06:20.972+0000] {taskmixin.py:205} WARNING - Dependency <Task(_PythonDecoratedOperator): prepare_email>, send_email already registered for DAG: example_dag_decorator
[2024-07-26T14:06:20.975+0000] {logging_mixin.py:120} INFO - [2024-07-26T14:06:20.975+0000] {taskmixin.py:205} WARNING - Dependency <Task(EmailOperator): send_email>, prepare_email already registered for DAG: example_dag_decorator
[2024-07-26T14:06:20.983+0000] {processor.py:766} INFO - DAG(s) dict_keys(['example_dag_decorator']) retrieved from /home/airflow/.local/lib/python3.7/site-packages/airflow/example_dags/example_dag_decorator.py
[2024-07-26T14:06:21.037+0000] {logging_mixin.py:120} INFO - [2024-07-26T14:06:21.037+0000] {dag.py:2585} INFO - Sync 1 DAGs
[2024-07-26T14:06:21.054+0000] {logging_mixin.py:120} INFO - [2024-07-26T14:06:21.053+0000] {dag.py:3340} INFO - Setting next_dagrun for example_dag_decorator to None, run_after=None
[2024-07-26T14:06:21.068+0000] {processor.py:176} INFO - Processing /home/airflow/.local/lib/python3.7/site-packages/airflow/example_dags/example_dag_decorator.py took 0.117 seconds
