[2024-07-26T00:02:53.890+0000] {processor.py:154} INFO - Started process (PID=4784) to work on /home/airflow/.local/lib/python3.7/site-packages/airflow/example_dags/example_short_circuit_operator.py
[2024-07-26T00:02:53.891+0000] {processor.py:756} INFO - Processing file /home/airflow/.local/lib/python3.7/site-packages/airflow/example_dags/example_short_circuit_operator.py for tasks to queue
[2024-07-26T00:02:53.894+0000] {logging_mixin.py:120} INFO - [2024-07-26T00:02:53.893+0000] {dagbag.py:537} INFO - Filling up the DagBag from /home/airflow/.local/lib/python3.7/site-packages/airflow/example_dags/example_short_circuit_operator.py
[2024-07-26T00:02:53.911+0000] {processor.py:766} INFO - DAG(s) dict_keys(['example_short_circuit_operator']) retrieved from /home/airflow/.local/lib/python3.7/site-packages/airflow/example_dags/example_short_circuit_operator.py
[2024-07-26T00:02:53.949+0000] {logging_mixin.py:120} INFO - [2024-07-26T00:02:53.948+0000] {dag.py:2585} INFO - Sync 1 DAGs
[2024-07-26T00:02:54.001+0000] {logging_mixin.py:120} INFO - [2024-07-26T00:02:54.000+0000] {dag.py:3340} INFO - Setting next_dagrun for example_short_circuit_operator to 2024-07-25T00:02:54.000770+00:00, run_after=2024-07-26T00:02:54.000770+00:00
[2024-07-26T00:02:54.032+0000] {processor.py:176} INFO - Processing /home/airflow/.local/lib/python3.7/site-packages/airflow/example_dags/example_short_circuit_operator.py took 0.144 seconds
[2024-07-26T00:16:06.486+0000] {processor.py:154} INFO - Started process (PID=4839) to work on /home/airflow/.local/lib/python3.7/site-packages/airflow/example_dags/example_short_circuit_operator.py
[2024-07-26T00:16:06.487+0000] {processor.py:756} INFO - Processing file /home/airflow/.local/lib/python3.7/site-packages/airflow/example_dags/example_short_circuit_operator.py for tasks to queue
[2024-07-26T00:16:06.488+0000] {logging_mixin.py:120} INFO - [2024-07-26T00:16:06.488+0000] {dagbag.py:537} INFO - Filling up the DagBag from /home/airflow/.local/lib/python3.7/site-packages/airflow/example_dags/example_short_circuit_operator.py
[2024-07-26T00:16:06.496+0000] {processor.py:766} INFO - DAG(s) dict_keys(['example_short_circuit_operator']) retrieved from /home/airflow/.local/lib/python3.7/site-packages/airflow/example_dags/example_short_circuit_operator.py
[2024-07-26T00:16:06.516+0000] {logging_mixin.py:120} INFO - [2024-07-26T00:16:06.516+0000] {dag.py:2585} INFO - Sync 1 DAGs
[2024-07-26T00:16:06.527+0000] {logging_mixin.py:120} INFO - [2024-07-26T00:16:06.527+0000] {dag.py:3340} INFO - Setting next_dagrun for example_short_circuit_operator to 2024-07-25T00:16:06.527422+00:00, run_after=2024-07-26T00:16:06.527422+00:00
[2024-07-26T00:16:06.549+0000] {processor.py:176} INFO - Processing /home/airflow/.local/lib/python3.7/site-packages/airflow/example_dags/example_short_circuit_operator.py took 0.065 seconds
[2024-07-26T00:40:52.383+0000] {processor.py:154} INFO - Started process (PID=4903) to work on /home/airflow/.local/lib/python3.7/site-packages/airflow/example_dags/example_short_circuit_operator.py
[2024-07-26T00:40:52.385+0000] {processor.py:756} INFO - Processing file /home/airflow/.local/lib/python3.7/site-packages/airflow/example_dags/example_short_circuit_operator.py for tasks to queue
[2024-07-26T00:40:52.386+0000] {logging_mixin.py:120} INFO - [2024-07-26T00:40:52.386+0000] {dagbag.py:537} INFO - Filling up the DagBag from /home/airflow/.local/lib/python3.7/site-packages/airflow/example_dags/example_short_circuit_operator.py
[2024-07-26T00:40:52.395+0000] {processor.py:766} INFO - DAG(s) dict_keys(['example_short_circuit_operator']) retrieved from /home/airflow/.local/lib/python3.7/site-packages/airflow/example_dags/example_short_circuit_operator.py
[2024-07-26T00:40:52.429+0000] {logging_mixin.py:120} INFO - [2024-07-26T00:40:52.429+0000] {dag.py:2585} INFO - Sync 1 DAGs
[2024-07-26T00:40:52.445+0000] {logging_mixin.py:120} INFO - [2024-07-26T00:40:52.445+0000] {dag.py:3340} INFO - Setting next_dagrun for example_short_circuit_operator to 2024-07-25T00:40:52.445519+00:00, run_after=2024-07-26T00:40:52.445519+00:00
[2024-07-26T00:40:52.464+0000] {processor.py:176} INFO - Processing /home/airflow/.local/lib/python3.7/site-packages/airflow/example_dags/example_short_circuit_operator.py took 0.083 seconds
[2024-07-26T01:30:33.124+0000] {processor.py:154} INFO - Started process (PID=4967) to work on /home/airflow/.local/lib/python3.7/site-packages/airflow/example_dags/example_short_circuit_operator.py
[2024-07-26T01:30:33.127+0000] {processor.py:756} INFO - Processing file /home/airflow/.local/lib/python3.7/site-packages/airflow/example_dags/example_short_circuit_operator.py for tasks to queue
[2024-07-26T01:30:33.131+0000] {logging_mixin.py:120} INFO - [2024-07-26T01:30:33.131+0000] {dagbag.py:537} INFO - Filling up the DagBag from /home/airflow/.local/lib/python3.7/site-packages/airflow/example_dags/example_short_circuit_operator.py
[2024-07-26T01:30:33.161+0000] {processor.py:766} INFO - DAG(s) dict_keys(['example_short_circuit_operator']) retrieved from /home/airflow/.local/lib/python3.7/site-packages/airflow/example_dags/example_short_circuit_operator.py
[2024-07-26T01:30:33.224+0000] {logging_mixin.py:120} INFO - [2024-07-26T01:30:33.224+0000] {dag.py:2585} INFO - Sync 1 DAGs
[2024-07-26T01:30:33.253+0000] {logging_mixin.py:120} INFO - [2024-07-26T01:30:33.253+0000] {dag.py:3340} INFO - Setting next_dagrun for example_short_circuit_operator to 2024-07-25T01:30:33.253361+00:00, run_after=2024-07-26T01:30:33.253361+00:00
[2024-07-26T01:30:33.277+0000] {processor.py:176} INFO - Processing /home/airflow/.local/lib/python3.7/site-packages/airflow/example_dags/example_short_circuit_operator.py took 0.156 seconds
[2024-07-26T02:00:29.669+0000] {processor.py:154} INFO - Started process (PID=5031) to work on /home/airflow/.local/lib/python3.7/site-packages/airflow/example_dags/example_short_circuit_operator.py
[2024-07-26T02:00:29.673+0000] {processor.py:756} INFO - Processing file /home/airflow/.local/lib/python3.7/site-packages/airflow/example_dags/example_short_circuit_operator.py for tasks to queue
[2024-07-26T02:00:29.674+0000] {logging_mixin.py:120} INFO - [2024-07-26T02:00:29.674+0000] {dagbag.py:537} INFO - Filling up the DagBag from /home/airflow/.local/lib/python3.7/site-packages/airflow/example_dags/example_short_circuit_operator.py
[2024-07-26T02:00:29.690+0000] {processor.py:766} INFO - DAG(s) dict_keys(['example_short_circuit_operator']) retrieved from /home/airflow/.local/lib/python3.7/site-packages/airflow/example_dags/example_short_circuit_operator.py
[2024-07-26T02:00:29.720+0000] {logging_mixin.py:120} INFO - [2024-07-26T02:00:29.720+0000] {dag.py:2585} INFO - Sync 1 DAGs
[2024-07-26T02:00:29.737+0000] {logging_mixin.py:120} INFO - [2024-07-26T02:00:29.737+0000] {dag.py:3340} INFO - Setting next_dagrun for example_short_circuit_operator to 2024-07-25T02:00:29.737443+00:00, run_after=2024-07-26T02:00:29.737443+00:00
[2024-07-26T02:00:29.756+0000] {processor.py:176} INFO - Processing /home/airflow/.local/lib/python3.7/site-packages/airflow/example_dags/example_short_circuit_operator.py took 0.092 seconds
[2024-07-26T02:13:01.794+0000] {processor.py:154} INFO - Started process (PID=5094) to work on /home/airflow/.local/lib/python3.7/site-packages/airflow/example_dags/example_short_circuit_operator.py
[2024-07-26T02:13:01.800+0000] {processor.py:756} INFO - Processing file /home/airflow/.local/lib/python3.7/site-packages/airflow/example_dags/example_short_circuit_operator.py for tasks to queue
[2024-07-26T02:13:01.808+0000] {logging_mixin.py:120} INFO - [2024-07-26T02:13:01.807+0000] {dagbag.py:537} INFO - Filling up the DagBag from /home/airflow/.local/lib/python3.7/site-packages/airflow/example_dags/example_short_circuit_operator.py
[2024-07-26T02:13:01.834+0000] {processor.py:766} INFO - DAG(s) dict_keys(['example_short_circuit_operator']) retrieved from /home/airflow/.local/lib/python3.7/site-packages/airflow/example_dags/example_short_circuit_operator.py
[2024-07-26T02:13:01.915+0000] {logging_mixin.py:120} INFO - [2024-07-26T02:13:01.914+0000] {dag.py:2585} INFO - Sync 1 DAGs
[2024-07-26T02:13:01.956+0000] {logging_mixin.py:120} INFO - [2024-07-26T02:13:01.956+0000] {dag.py:3340} INFO - Setting next_dagrun for example_short_circuit_operator to 2024-07-25T02:13:01.955996+00:00, run_after=2024-07-26T02:13:01.955996+00:00
[2024-07-26T02:13:01.975+0000] {processor.py:176} INFO - Processing /home/airflow/.local/lib/python3.7/site-packages/airflow/example_dags/example_short_circuit_operator.py took 0.183 seconds
[2024-07-26T02:39:11.703+0000] {processor.py:154} INFO - Started process (PID=5149) to work on /home/airflow/.local/lib/python3.7/site-packages/airflow/example_dags/example_short_circuit_operator.py
[2024-07-26T02:39:11.704+0000] {processor.py:756} INFO - Processing file /home/airflow/.local/lib/python3.7/site-packages/airflow/example_dags/example_short_circuit_operator.py for tasks to queue
[2024-07-26T02:39:11.705+0000] {logging_mixin.py:120} INFO - [2024-07-26T02:39:11.705+0000] {dagbag.py:537} INFO - Filling up the DagBag from /home/airflow/.local/lib/python3.7/site-packages/airflow/example_dags/example_short_circuit_operator.py
[2024-07-26T02:39:11.719+0000] {processor.py:766} INFO - DAG(s) dict_keys(['example_short_circuit_operator']) retrieved from /home/airflow/.local/lib/python3.7/site-packages/airflow/example_dags/example_short_circuit_operator.py
[2024-07-26T02:39:11.753+0000] {logging_mixin.py:120} INFO - [2024-07-26T02:39:11.753+0000] {dag.py:2585} INFO - Sync 1 DAGs
[2024-07-26T02:39:11.769+0000] {logging_mixin.py:120} INFO - [2024-07-26T02:39:11.769+0000] {dag.py:3340} INFO - Setting next_dagrun for example_short_circuit_operator to 2024-07-25T02:39:11.769462+00:00, run_after=2024-07-26T02:39:11.769462+00:00
[2024-07-26T02:39:11.783+0000] {processor.py:176} INFO - Processing /home/airflow/.local/lib/python3.7/site-packages/airflow/example_dags/example_short_circuit_operator.py took 0.082 seconds
[2024-07-26T02:58:11.323+0000] {processor.py:154} INFO - Started process (PID=5213) to work on /home/airflow/.local/lib/python3.7/site-packages/airflow/example_dags/example_short_circuit_operator.py
[2024-07-26T02:58:11.326+0000] {processor.py:756} INFO - Processing file /home/airflow/.local/lib/python3.7/site-packages/airflow/example_dags/example_short_circuit_operator.py for tasks to queue
[2024-07-26T02:58:11.326+0000] {logging_mixin.py:120} INFO - [2024-07-26T02:58:11.326+0000] {dagbag.py:537} INFO - Filling up the DagBag from /home/airflow/.local/lib/python3.7/site-packages/airflow/example_dags/example_short_circuit_operator.py
[2024-07-26T02:58:11.337+0000] {processor.py:766} INFO - DAG(s) dict_keys(['example_short_circuit_operator']) retrieved from /home/airflow/.local/lib/python3.7/site-packages/airflow/example_dags/example_short_circuit_operator.py
[2024-07-26T02:58:11.369+0000] {logging_mixin.py:120} INFO - [2024-07-26T02:58:11.369+0000] {dag.py:2585} INFO - Sync 1 DAGs
[2024-07-26T02:58:11.380+0000] {logging_mixin.py:120} INFO - [2024-07-26T02:58:11.380+0000] {dag.py:3340} INFO - Setting next_dagrun for example_short_circuit_operator to 2024-07-25T02:58:11.380652+00:00, run_after=2024-07-26T02:58:11.380652+00:00
[2024-07-26T02:58:11.389+0000] {processor.py:176} INFO - Processing /home/airflow/.local/lib/python3.7/site-packages/airflow/example_dags/example_short_circuit_operator.py took 0.069 seconds
[2024-07-26T03:01:34.136+0000] {processor.py:154} INFO - Started process (PID=5277) to work on /home/airflow/.local/lib/python3.7/site-packages/airflow/example_dags/example_short_circuit_operator.py
[2024-07-26T03:01:34.137+0000] {processor.py:756} INFO - Processing file /home/airflow/.local/lib/python3.7/site-packages/airflow/example_dags/example_short_circuit_operator.py for tasks to queue
[2024-07-26T03:01:34.140+0000] {logging_mixin.py:120} INFO - [2024-07-26T03:01:34.140+0000] {dagbag.py:537} INFO - Filling up the DagBag from /home/airflow/.local/lib/python3.7/site-packages/airflow/example_dags/example_short_circuit_operator.py
[2024-07-26T03:01:34.150+0000] {processor.py:766} INFO - DAG(s) dict_keys(['example_short_circuit_operator']) retrieved from /home/airflow/.local/lib/python3.7/site-packages/airflow/example_dags/example_short_circuit_operator.py
[2024-07-26T03:01:34.179+0000] {logging_mixin.py:120} INFO - [2024-07-26T03:01:34.179+0000] {dag.py:2585} INFO - Sync 1 DAGs
[2024-07-26T03:01:34.193+0000] {logging_mixin.py:120} INFO - [2024-07-26T03:01:34.193+0000] {dag.py:3340} INFO - Setting next_dagrun for example_short_circuit_operator to 2024-07-25T03:01:34.193219+00:00, run_after=2024-07-26T03:01:34.193219+00:00
[2024-07-26T03:01:34.206+0000] {processor.py:176} INFO - Processing /home/airflow/.local/lib/python3.7/site-packages/airflow/example_dags/example_short_circuit_operator.py took 0.073 seconds
[2024-07-26T03:15:40.587+0000] {processor.py:154} INFO - Started process (PID=5341) to work on /home/airflow/.local/lib/python3.7/site-packages/airflow/example_dags/example_short_circuit_operator.py
[2024-07-26T03:15:40.596+0000] {processor.py:756} INFO - Processing file /home/airflow/.local/lib/python3.7/site-packages/airflow/example_dags/example_short_circuit_operator.py for tasks to queue
[2024-07-26T03:15:40.597+0000] {logging_mixin.py:120} INFO - [2024-07-26T03:15:40.597+0000] {dagbag.py:537} INFO - Filling up the DagBag from /home/airflow/.local/lib/python3.7/site-packages/airflow/example_dags/example_short_circuit_operator.py
[2024-07-26T03:15:40.612+0000] {processor.py:766} INFO - DAG(s) dict_keys(['example_short_circuit_operator']) retrieved from /home/airflow/.local/lib/python3.7/site-packages/airflow/example_dags/example_short_circuit_operator.py
[2024-07-26T03:15:40.637+0000] {logging_mixin.py:120} INFO - [2024-07-26T03:15:40.637+0000] {dag.py:2585} INFO - Sync 1 DAGs
[2024-07-26T03:15:40.654+0000] {logging_mixin.py:120} INFO - [2024-07-26T03:15:40.654+0000] {dag.py:3340} INFO - Setting next_dagrun for example_short_circuit_operator to 2024-07-25T03:15:40.654497+00:00, run_after=2024-07-26T03:15:40.654497+00:00
[2024-07-26T03:15:40.673+0000] {processor.py:176} INFO - Processing /home/airflow/.local/lib/python3.7/site-packages/airflow/example_dags/example_short_circuit_operator.py took 0.093 seconds
[2024-07-26T03:32:15.650+0000] {processor.py:154} INFO - Started process (PID=5396) to work on /home/airflow/.local/lib/python3.7/site-packages/airflow/example_dags/example_short_circuit_operator.py
[2024-07-26T03:32:15.652+0000] {processor.py:756} INFO - Processing file /home/airflow/.local/lib/python3.7/site-packages/airflow/example_dags/example_short_circuit_operator.py for tasks to queue
[2024-07-26T03:32:15.652+0000] {logging_mixin.py:120} INFO - [2024-07-26T03:32:15.652+0000] {dagbag.py:537} INFO - Filling up the DagBag from /home/airflow/.local/lib/python3.7/site-packages/airflow/example_dags/example_short_circuit_operator.py
[2024-07-26T03:32:15.664+0000] {processor.py:766} INFO - DAG(s) dict_keys(['example_short_circuit_operator']) retrieved from /home/airflow/.local/lib/python3.7/site-packages/airflow/example_dags/example_short_circuit_operator.py
[2024-07-26T03:32:15.688+0000] {logging_mixin.py:120} INFO - [2024-07-26T03:32:15.688+0000] {dag.py:2585} INFO - Sync 1 DAGs
[2024-07-26T03:32:15.705+0000] {logging_mixin.py:120} INFO - [2024-07-26T03:32:15.705+0000] {dag.py:3340} INFO - Setting next_dagrun for example_short_circuit_operator to 2024-07-25T03:32:15.705440+00:00, run_after=2024-07-26T03:32:15.705440+00:00
[2024-07-26T03:32:15.727+0000] {processor.py:176} INFO - Processing /home/airflow/.local/lib/python3.7/site-packages/airflow/example_dags/example_short_circuit_operator.py took 0.079 seconds
[2024-07-26T03:56:58.478+0000] {processor.py:154} INFO - Started process (PID=5460) to work on /home/airflow/.local/lib/python3.7/site-packages/airflow/example_dags/example_short_circuit_operator.py
[2024-07-26T03:56:58.479+0000] {processor.py:756} INFO - Processing file /home/airflow/.local/lib/python3.7/site-packages/airflow/example_dags/example_short_circuit_operator.py for tasks to queue
[2024-07-26T03:56:58.481+0000] {logging_mixin.py:120} INFO - [2024-07-26T03:56:58.481+0000] {dagbag.py:537} INFO - Filling up the DagBag from /home/airflow/.local/lib/python3.7/site-packages/airflow/example_dags/example_short_circuit_operator.py
[2024-07-26T03:56:58.492+0000] {processor.py:766} INFO - DAG(s) dict_keys(['example_short_circuit_operator']) retrieved from /home/airflow/.local/lib/python3.7/site-packages/airflow/example_dags/example_short_circuit_operator.py
[2024-07-26T03:56:58.529+0000] {logging_mixin.py:120} INFO - [2024-07-26T03:56:58.529+0000] {dag.py:2585} INFO - Sync 1 DAGs
[2024-07-26T03:56:58.544+0000] {logging_mixin.py:120} INFO - [2024-07-26T03:56:58.544+0000] {dag.py:3340} INFO - Setting next_dagrun for example_short_circuit_operator to 2024-07-25T03:56:58.544005+00:00, run_after=2024-07-26T03:56:58.544005+00:00
[2024-07-26T03:56:58.555+0000] {processor.py:176} INFO - Processing /home/airflow/.local/lib/python3.7/site-packages/airflow/example_dags/example_short_circuit_operator.py took 0.078 seconds
[2024-07-26T04:02:04.240+0000] {processor.py:154} INFO - Started process (PID=5524) to work on /home/airflow/.local/lib/python3.7/site-packages/airflow/example_dags/example_short_circuit_operator.py
[2024-07-26T04:02:04.242+0000] {processor.py:756} INFO - Processing file /home/airflow/.local/lib/python3.7/site-packages/airflow/example_dags/example_short_circuit_operator.py for tasks to queue
[2024-07-26T04:02:04.244+0000] {logging_mixin.py:120} INFO - [2024-07-26T04:02:04.244+0000] {dagbag.py:537} INFO - Filling up the DagBag from /home/airflow/.local/lib/python3.7/site-packages/airflow/example_dags/example_short_circuit_operator.py
[2024-07-26T04:02:04.257+0000] {processor.py:766} INFO - DAG(s) dict_keys(['example_short_circuit_operator']) retrieved from /home/airflow/.local/lib/python3.7/site-packages/airflow/example_dags/example_short_circuit_operator.py
[2024-07-26T04:02:04.289+0000] {logging_mixin.py:120} INFO - [2024-07-26T04:02:04.289+0000] {dag.py:2585} INFO - Sync 1 DAGs
[2024-07-26T04:02:04.304+0000] {logging_mixin.py:120} INFO - [2024-07-26T04:02:04.304+0000] {dag.py:3340} INFO - Setting next_dagrun for example_short_circuit_operator to 2024-07-25T04:02:04.304755+00:00, run_after=2024-07-26T04:02:04.304755+00:00
[2024-07-26T04:02:04.316+0000] {processor.py:176} INFO - Processing /home/airflow/.local/lib/python3.7/site-packages/airflow/example_dags/example_short_circuit_operator.py took 0.078 seconds
[2024-07-26T04:04:16.850+0000] {processor.py:154} INFO - Started process (PID=5588) to work on /home/airflow/.local/lib/python3.7/site-packages/airflow/example_dags/example_short_circuit_operator.py
[2024-07-26T04:04:16.852+0000] {processor.py:756} INFO - Processing file /home/airflow/.local/lib/python3.7/site-packages/airflow/example_dags/example_short_circuit_operator.py for tasks to queue
[2024-07-26T04:04:16.853+0000] {logging_mixin.py:120} INFO - [2024-07-26T04:04:16.853+0000] {dagbag.py:537} INFO - Filling up the DagBag from /home/airflow/.local/lib/python3.7/site-packages/airflow/example_dags/example_short_circuit_operator.py
[2024-07-26T04:04:16.867+0000] {processor.py:766} INFO - DAG(s) dict_keys(['example_short_circuit_operator']) retrieved from /home/airflow/.local/lib/python3.7/site-packages/airflow/example_dags/example_short_circuit_operator.py
[2024-07-26T04:04:16.888+0000] {logging_mixin.py:120} INFO - [2024-07-26T04:04:16.888+0000] {dag.py:2585} INFO - Sync 1 DAGs
[2024-07-26T04:04:16.904+0000] {logging_mixin.py:120} INFO - [2024-07-26T04:04:16.904+0000] {dag.py:3340} INFO - Setting next_dagrun for example_short_circuit_operator to 2024-07-25T04:04:16.904408+00:00, run_after=2024-07-26T04:04:16.904408+00:00
[2024-07-26T04:04:16.924+0000] {processor.py:176} INFO - Processing /home/airflow/.local/lib/python3.7/site-packages/airflow/example_dags/example_short_circuit_operator.py took 0.076 seconds
[2024-07-26T04:06:04.042+0000] {processor.py:154} INFO - Started process (PID=5651) to work on /home/airflow/.local/lib/python3.7/site-packages/airflow/example_dags/example_short_circuit_operator.py
[2024-07-26T04:06:04.047+0000] {processor.py:756} INFO - Processing file /home/airflow/.local/lib/python3.7/site-packages/airflow/example_dags/example_short_circuit_operator.py for tasks to queue
[2024-07-26T04:06:04.048+0000] {logging_mixin.py:120} INFO - [2024-07-26T04:06:04.047+0000] {dagbag.py:537} INFO - Filling up the DagBag from /home/airflow/.local/lib/python3.7/site-packages/airflow/example_dags/example_short_circuit_operator.py
[2024-07-26T04:06:04.062+0000] {processor.py:766} INFO - DAG(s) dict_keys(['example_short_circuit_operator']) retrieved from /home/airflow/.local/lib/python3.7/site-packages/airflow/example_dags/example_short_circuit_operator.py
[2024-07-26T04:06:04.085+0000] {logging_mixin.py:120} INFO - [2024-07-26T04:06:04.085+0000] {dag.py:2585} INFO - Sync 1 DAGs
[2024-07-26T04:06:04.097+0000] {logging_mixin.py:120} INFO - [2024-07-26T04:06:04.097+0000] {dag.py:3340} INFO - Setting next_dagrun for example_short_circuit_operator to 2024-07-25T04:06:04.097529+00:00, run_after=2024-07-26T04:06:04.097529+00:00
[2024-07-26T04:06:04.108+0000] {processor.py:176} INFO - Processing /home/airflow/.local/lib/python3.7/site-packages/airflow/example_dags/example_short_circuit_operator.py took 0.068 seconds
[2024-07-26T04:08:05.342+0000] {processor.py:154} INFO - Started process (PID=5706) to work on /home/airflow/.local/lib/python3.7/site-packages/airflow/example_dags/example_short_circuit_operator.py
[2024-07-26T04:08:05.345+0000] {processor.py:756} INFO - Processing file /home/airflow/.local/lib/python3.7/site-packages/airflow/example_dags/example_short_circuit_operator.py for tasks to queue
[2024-07-26T04:08:05.346+0000] {logging_mixin.py:120} INFO - [2024-07-26T04:08:05.346+0000] {dagbag.py:537} INFO - Filling up the DagBag from /home/airflow/.local/lib/python3.7/site-packages/airflow/example_dags/example_short_circuit_operator.py
[2024-07-26T04:08:05.356+0000] {processor.py:766} INFO - DAG(s) dict_keys(['example_short_circuit_operator']) retrieved from /home/airflow/.local/lib/python3.7/site-packages/airflow/example_dags/example_short_circuit_operator.py
[2024-07-26T04:08:05.383+0000] {logging_mixin.py:120} INFO - [2024-07-26T04:08:05.383+0000] {dag.py:2585} INFO - Sync 1 DAGs
[2024-07-26T04:08:05.402+0000] {logging_mixin.py:120} INFO - [2024-07-26T04:08:05.402+0000] {dag.py:3340} INFO - Setting next_dagrun for example_short_circuit_operator to 2024-07-25T04:08:05.402252+00:00, run_after=2024-07-26T04:08:05.402252+00:00
[2024-07-26T04:08:05.426+0000] {processor.py:176} INFO - Processing /home/airflow/.local/lib/python3.7/site-packages/airflow/example_dags/example_short_circuit_operator.py took 0.086 seconds
[2024-07-26T04:09:01.470+0000] {processor.py:154} INFO - Started process (PID=5770) to work on /home/airflow/.local/lib/python3.7/site-packages/airflow/example_dags/example_short_circuit_operator.py
[2024-07-26T04:09:01.470+0000] {processor.py:756} INFO - Processing file /home/airflow/.local/lib/python3.7/site-packages/airflow/example_dags/example_short_circuit_operator.py for tasks to queue
[2024-07-26T04:09:01.471+0000] {logging_mixin.py:120} INFO - [2024-07-26T04:09:01.471+0000] {dagbag.py:537} INFO - Filling up the DagBag from /home/airflow/.local/lib/python3.7/site-packages/airflow/example_dags/example_short_circuit_operator.py
[2024-07-26T04:09:01.480+0000] {processor.py:766} INFO - DAG(s) dict_keys(['example_short_circuit_operator']) retrieved from /home/airflow/.local/lib/python3.7/site-packages/airflow/example_dags/example_short_circuit_operator.py
[2024-07-26T04:09:01.499+0000] {logging_mixin.py:120} INFO - [2024-07-26T04:09:01.499+0000] {dag.py:2585} INFO - Sync 1 DAGs
[2024-07-26T04:09:01.514+0000] {logging_mixin.py:120} INFO - [2024-07-26T04:09:01.514+0000] {dag.py:3340} INFO - Setting next_dagrun for example_short_circuit_operator to 2024-07-25T04:09:01.513867+00:00, run_after=2024-07-26T04:09:01.513867+00:00
[2024-07-26T04:09:01.527+0000] {processor.py:176} INFO - Processing /home/airflow/.local/lib/python3.7/site-packages/airflow/example_dags/example_short_circuit_operator.py took 0.059 seconds
[2024-07-26T04:10:10.971+0000] {processor.py:154} INFO - Started process (PID=5835) to work on /home/airflow/.local/lib/python3.7/site-packages/airflow/example_dags/example_short_circuit_operator.py
[2024-07-26T04:10:10.974+0000] {processor.py:756} INFO - Processing file /home/airflow/.local/lib/python3.7/site-packages/airflow/example_dags/example_short_circuit_operator.py for tasks to queue
[2024-07-26T04:10:10.975+0000] {logging_mixin.py:120} INFO - [2024-07-26T04:10:10.975+0000] {dagbag.py:537} INFO - Filling up the DagBag from /home/airflow/.local/lib/python3.7/site-packages/airflow/example_dags/example_short_circuit_operator.py
[2024-07-26T04:10:10.987+0000] {processor.py:766} INFO - DAG(s) dict_keys(['example_short_circuit_operator']) retrieved from /home/airflow/.local/lib/python3.7/site-packages/airflow/example_dags/example_short_circuit_operator.py
[2024-07-26T04:10:11.015+0000] {logging_mixin.py:120} INFO - [2024-07-26T04:10:11.015+0000] {dag.py:2585} INFO - Sync 1 DAGs
[2024-07-26T04:10:11.031+0000] {logging_mixin.py:120} INFO - [2024-07-26T04:10:11.031+0000] {dag.py:3340} INFO - Setting next_dagrun for example_short_circuit_operator to 2024-07-25T04:10:11.031748+00:00, run_after=2024-07-26T04:10:11.031748+00:00
[2024-07-26T04:10:11.040+0000] {processor.py:176} INFO - Processing /home/airflow/.local/lib/python3.7/site-packages/airflow/example_dags/example_short_circuit_operator.py took 0.072 seconds
[2024-07-26T04:11:37.329+0000] {processor.py:154} INFO - Started process (PID=5899) to work on /home/airflow/.local/lib/python3.7/site-packages/airflow/example_dags/example_short_circuit_operator.py
[2024-07-26T04:11:37.329+0000] {processor.py:756} INFO - Processing file /home/airflow/.local/lib/python3.7/site-packages/airflow/example_dags/example_short_circuit_operator.py for tasks to queue
[2024-07-26T04:11:37.330+0000] {logging_mixin.py:120} INFO - [2024-07-26T04:11:37.329+0000] {dagbag.py:537} INFO - Filling up the DagBag from /home/airflow/.local/lib/python3.7/site-packages/airflow/example_dags/example_short_circuit_operator.py
[2024-07-26T04:11:37.339+0000] {processor.py:766} INFO - DAG(s) dict_keys(['example_short_circuit_operator']) retrieved from /home/airflow/.local/lib/python3.7/site-packages/airflow/example_dags/example_short_circuit_operator.py
[2024-07-26T04:11:37.367+0000] {logging_mixin.py:120} INFO - [2024-07-26T04:11:37.367+0000] {dag.py:2585} INFO - Sync 1 DAGs
[2024-07-26T04:11:37.379+0000] {logging_mixin.py:120} INFO - [2024-07-26T04:11:37.378+0000] {dag.py:3340} INFO - Setting next_dagrun for example_short_circuit_operator to 2024-07-25T04:11:37.378778+00:00, run_after=2024-07-26T04:11:37.378778+00:00
[2024-07-26T04:11:37.389+0000] {processor.py:176} INFO - Processing /home/airflow/.local/lib/python3.7/site-packages/airflow/example_dags/example_short_circuit_operator.py took 0.062 seconds
[2024-07-26T04:12:20.940+0000] {processor.py:154} INFO - Started process (PID=5954) to work on /home/airflow/.local/lib/python3.7/site-packages/airflow/example_dags/example_short_circuit_operator.py
[2024-07-26T04:12:20.942+0000] {processor.py:756} INFO - Processing file /home/airflow/.local/lib/python3.7/site-packages/airflow/example_dags/example_short_circuit_operator.py for tasks to queue
[2024-07-26T04:12:20.945+0000] {logging_mixin.py:120} INFO - [2024-07-26T04:12:20.943+0000] {dagbag.py:537} INFO - Filling up the DagBag from /home/airflow/.local/lib/python3.7/site-packages/airflow/example_dags/example_short_circuit_operator.py
[2024-07-26T04:12:20.955+0000] {processor.py:766} INFO - DAG(s) dict_keys(['example_short_circuit_operator']) retrieved from /home/airflow/.local/lib/python3.7/site-packages/airflow/example_dags/example_short_circuit_operator.py
[2024-07-26T04:12:20.990+0000] {logging_mixin.py:120} INFO - [2024-07-26T04:12:20.990+0000] {dag.py:2585} INFO - Sync 1 DAGs
[2024-07-26T04:12:21.002+0000] {logging_mixin.py:120} INFO - [2024-07-26T04:12:21.002+0000] {dag.py:3340} INFO - Setting next_dagrun for example_short_circuit_operator to 2024-07-25T04:12:21.002160+00:00, run_after=2024-07-26T04:12:21.002160+00:00
[2024-07-26T04:12:21.012+0000] {processor.py:176} INFO - Processing /home/airflow/.local/lib/python3.7/site-packages/airflow/example_dags/example_short_circuit_operator.py took 0.074 seconds
[2024-07-26T04:13:14.261+0000] {processor.py:154} INFO - Started process (PID=6018) to work on /home/airflow/.local/lib/python3.7/site-packages/airflow/example_dags/example_short_circuit_operator.py
[2024-07-26T04:13:14.262+0000] {processor.py:756} INFO - Processing file /home/airflow/.local/lib/python3.7/site-packages/airflow/example_dags/example_short_circuit_operator.py for tasks to queue
[2024-07-26T04:13:14.262+0000] {logging_mixin.py:120} INFO - [2024-07-26T04:13:14.262+0000] {dagbag.py:537} INFO - Filling up the DagBag from /home/airflow/.local/lib/python3.7/site-packages/airflow/example_dags/example_short_circuit_operator.py
[2024-07-26T04:13:14.275+0000] {processor.py:766} INFO - DAG(s) dict_keys(['example_short_circuit_operator']) retrieved from /home/airflow/.local/lib/python3.7/site-packages/airflow/example_dags/example_short_circuit_operator.py
[2024-07-26T04:13:14.305+0000] {logging_mixin.py:120} INFO - [2024-07-26T04:13:14.305+0000] {dag.py:2585} INFO - Sync 1 DAGs
[2024-07-26T04:13:14.324+0000] {logging_mixin.py:120} INFO - [2024-07-26T04:13:14.324+0000] {dag.py:3340} INFO - Setting next_dagrun for example_short_circuit_operator to 2024-07-25T04:13:14.324452+00:00, run_after=2024-07-26T04:13:14.324452+00:00
[2024-07-26T04:13:14.338+0000] {processor.py:176} INFO - Processing /home/airflow/.local/lib/python3.7/site-packages/airflow/example_dags/example_short_circuit_operator.py took 0.079 seconds
[2024-07-26T04:14:04.633+0000] {processor.py:154} INFO - Started process (PID=6081) to work on /home/airflow/.local/lib/python3.7/site-packages/airflow/example_dags/example_short_circuit_operator.py
[2024-07-26T04:14:04.634+0000] {processor.py:756} INFO - Processing file /home/airflow/.local/lib/python3.7/site-packages/airflow/example_dags/example_short_circuit_operator.py for tasks to queue
[2024-07-26T04:14:04.634+0000] {logging_mixin.py:120} INFO - [2024-07-26T04:14:04.634+0000] {dagbag.py:537} INFO - Filling up the DagBag from /home/airflow/.local/lib/python3.7/site-packages/airflow/example_dags/example_short_circuit_operator.py
[2024-07-26T04:14:04.643+0000] {processor.py:766} INFO - DAG(s) dict_keys(['example_short_circuit_operator']) retrieved from /home/airflow/.local/lib/python3.7/site-packages/airflow/example_dags/example_short_circuit_operator.py
[2024-07-26T04:14:04.668+0000] {logging_mixin.py:120} INFO - [2024-07-26T04:14:04.668+0000] {dag.py:2585} INFO - Sync 1 DAGs
[2024-07-26T04:14:04.684+0000] {logging_mixin.py:120} INFO - [2024-07-26T04:14:04.684+0000] {dag.py:3340} INFO - Setting next_dagrun for example_short_circuit_operator to 2024-07-25T04:14:04.683908+00:00, run_after=2024-07-26T04:14:04.683908+00:00
[2024-07-26T04:14:04.697+0000] {processor.py:176} INFO - Processing /home/airflow/.local/lib/python3.7/site-packages/airflow/example_dags/example_short_circuit_operator.py took 0.066 seconds
[2024-07-26T04:18:33.610+0000] {processor.py:154} INFO - Started process (PID=6145) to work on /home/airflow/.local/lib/python3.7/site-packages/airflow/example_dags/example_short_circuit_operator.py
[2024-07-26T04:18:33.611+0000] {processor.py:756} INFO - Processing file /home/airflow/.local/lib/python3.7/site-packages/airflow/example_dags/example_short_circuit_operator.py for tasks to queue
[2024-07-26T04:18:33.612+0000] {logging_mixin.py:120} INFO - [2024-07-26T04:18:33.612+0000] {dagbag.py:537} INFO - Filling up the DagBag from /home/airflow/.local/lib/python3.7/site-packages/airflow/example_dags/example_short_circuit_operator.py
[2024-07-26T04:18:33.621+0000] {processor.py:766} INFO - DAG(s) dict_keys(['example_short_circuit_operator']) retrieved from /home/airflow/.local/lib/python3.7/site-packages/airflow/example_dags/example_short_circuit_operator.py
[2024-07-26T04:18:33.648+0000] {logging_mixin.py:120} INFO - [2024-07-26T04:18:33.648+0000] {dag.py:2585} INFO - Sync 1 DAGs
[2024-07-26T04:18:33.661+0000] {logging_mixin.py:120} INFO - [2024-07-26T04:18:33.661+0000] {dag.py:3340} INFO - Setting next_dagrun for example_short_circuit_operator to 2024-07-25T04:18:33.661595+00:00, run_after=2024-07-26T04:18:33.661595+00:00
[2024-07-26T04:18:33.692+0000] {processor.py:176} INFO - Processing /home/airflow/.local/lib/python3.7/site-packages/airflow/example_dags/example_short_circuit_operator.py took 0.084 seconds
[2024-07-26T04:19:15.896+0000] {processor.py:154} INFO - Started process (PID=6209) to work on /home/airflow/.local/lib/python3.7/site-packages/airflow/example_dags/example_short_circuit_operator.py
[2024-07-26T04:19:15.899+0000] {processor.py:756} INFO - Processing file /home/airflow/.local/lib/python3.7/site-packages/airflow/example_dags/example_short_circuit_operator.py for tasks to queue
[2024-07-26T04:19:15.899+0000] {logging_mixin.py:120} INFO - [2024-07-26T04:19:15.899+0000] {dagbag.py:537} INFO - Filling up the DagBag from /home/airflow/.local/lib/python3.7/site-packages/airflow/example_dags/example_short_circuit_operator.py
[2024-07-26T04:19:15.909+0000] {processor.py:766} INFO - DAG(s) dict_keys(['example_short_circuit_operator']) retrieved from /home/airflow/.local/lib/python3.7/site-packages/airflow/example_dags/example_short_circuit_operator.py
[2024-07-26T04:19:15.941+0000] {logging_mixin.py:120} INFO - [2024-07-26T04:19:15.941+0000] {dag.py:2585} INFO - Sync 1 DAGs
[2024-07-26T04:19:15.957+0000] {logging_mixin.py:120} INFO - [2024-07-26T04:19:15.957+0000] {dag.py:3340} INFO - Setting next_dagrun for example_short_circuit_operator to 2024-07-25T04:19:15.957173+00:00, run_after=2024-07-26T04:19:15.957173+00:00
[2024-07-26T04:19:15.966+0000] {processor.py:176} INFO - Processing /home/airflow/.local/lib/python3.7/site-packages/airflow/example_dags/example_short_circuit_operator.py took 0.072 seconds
[2024-07-26T04:20:37.482+0000] {processor.py:154} INFO - Started process (PID=6264) to work on /home/airflow/.local/lib/python3.7/site-packages/airflow/example_dags/example_short_circuit_operator.py
[2024-07-26T04:20:37.483+0000] {processor.py:756} INFO - Processing file /home/airflow/.local/lib/python3.7/site-packages/airflow/example_dags/example_short_circuit_operator.py for tasks to queue
[2024-07-26T04:20:37.483+0000] {logging_mixin.py:120} INFO - [2024-07-26T04:20:37.483+0000] {dagbag.py:537} INFO - Filling up the DagBag from /home/airflow/.local/lib/python3.7/site-packages/airflow/example_dags/example_short_circuit_operator.py
[2024-07-26T04:20:37.492+0000] {processor.py:766} INFO - DAG(s) dict_keys(['example_short_circuit_operator']) retrieved from /home/airflow/.local/lib/python3.7/site-packages/airflow/example_dags/example_short_circuit_operator.py
[2024-07-26T04:20:37.521+0000] {logging_mixin.py:120} INFO - [2024-07-26T04:20:37.521+0000] {dag.py:2585} INFO - Sync 1 DAGs
[2024-07-26T04:20:37.538+0000] {logging_mixin.py:120} INFO - [2024-07-26T04:20:37.538+0000] {dag.py:3340} INFO - Setting next_dagrun for example_short_circuit_operator to 2024-07-25T04:20:37.538165+00:00, run_after=2024-07-26T04:20:37.538165+00:00
[2024-07-26T04:20:37.561+0000] {processor.py:176} INFO - Processing /home/airflow/.local/lib/python3.7/site-packages/airflow/example_dags/example_short_circuit_operator.py took 0.082 seconds
[2024-07-26T04:21:41.495+0000] {processor.py:154} INFO - Started process (PID=6327) to work on /home/airflow/.local/lib/python3.7/site-packages/airflow/example_dags/example_short_circuit_operator.py
[2024-07-26T04:21:41.497+0000] {processor.py:756} INFO - Processing file /home/airflow/.local/lib/python3.7/site-packages/airflow/example_dags/example_short_circuit_operator.py for tasks to queue
[2024-07-26T04:21:41.498+0000] {logging_mixin.py:120} INFO - [2024-07-26T04:21:41.498+0000] {dagbag.py:537} INFO - Filling up the DagBag from /home/airflow/.local/lib/python3.7/site-packages/airflow/example_dags/example_short_circuit_operator.py
[2024-07-26T04:21:41.508+0000] {processor.py:766} INFO - DAG(s) dict_keys(['example_short_circuit_operator']) retrieved from /home/airflow/.local/lib/python3.7/site-packages/airflow/example_dags/example_short_circuit_operator.py
[2024-07-26T04:21:41.535+0000] {logging_mixin.py:120} INFO - [2024-07-26T04:21:41.535+0000] {dag.py:2585} INFO - Sync 1 DAGs
[2024-07-26T04:21:41.550+0000] {logging_mixin.py:120} INFO - [2024-07-26T04:21:41.550+0000] {dag.py:3340} INFO - Setting next_dagrun for example_short_circuit_operator to 2024-07-25T04:21:41.549969+00:00, run_after=2024-07-26T04:21:41.549969+00:00
[2024-07-26T04:21:41.563+0000] {processor.py:176} INFO - Processing /home/airflow/.local/lib/python3.7/site-packages/airflow/example_dags/example_short_circuit_operator.py took 0.071 seconds
[2024-07-26T04:22:47.879+0000] {processor.py:154} INFO - Started process (PID=6391) to work on /home/airflow/.local/lib/python3.7/site-packages/airflow/example_dags/example_short_circuit_operator.py
[2024-07-26T04:22:47.881+0000] {processor.py:756} INFO - Processing file /home/airflow/.local/lib/python3.7/site-packages/airflow/example_dags/example_short_circuit_operator.py for tasks to queue
[2024-07-26T04:22:47.882+0000] {logging_mixin.py:120} INFO - [2024-07-26T04:22:47.882+0000] {dagbag.py:537} INFO - Filling up the DagBag from /home/airflow/.local/lib/python3.7/site-packages/airflow/example_dags/example_short_circuit_operator.py
[2024-07-26T04:22:47.890+0000] {processor.py:766} INFO - DAG(s) dict_keys(['example_short_circuit_operator']) retrieved from /home/airflow/.local/lib/python3.7/site-packages/airflow/example_dags/example_short_circuit_operator.py
[2024-07-26T04:22:47.912+0000] {logging_mixin.py:120} INFO - [2024-07-26T04:22:47.912+0000] {dag.py:2585} INFO - Sync 1 DAGs
[2024-07-26T04:22:47.923+0000] {logging_mixin.py:120} INFO - [2024-07-26T04:22:47.923+0000] {dag.py:3340} INFO - Setting next_dagrun for example_short_circuit_operator to 2024-07-25T04:22:47.923685+00:00, run_after=2024-07-26T04:22:47.923685+00:00
[2024-07-26T04:22:47.935+0000] {processor.py:176} INFO - Processing /home/airflow/.local/lib/python3.7/site-packages/airflow/example_dags/example_short_circuit_operator.py took 0.059 seconds
[2024-07-26T04:34:00.521+0000] {processor.py:154} INFO - Started process (PID=6455) to work on /home/airflow/.local/lib/python3.7/site-packages/airflow/example_dags/example_short_circuit_operator.py
[2024-07-26T04:34:00.524+0000] {processor.py:756} INFO - Processing file /home/airflow/.local/lib/python3.7/site-packages/airflow/example_dags/example_short_circuit_operator.py for tasks to queue
[2024-07-26T04:34:00.527+0000] {logging_mixin.py:120} INFO - [2024-07-26T04:34:00.527+0000] {dagbag.py:537} INFO - Filling up the DagBag from /home/airflow/.local/lib/python3.7/site-packages/airflow/example_dags/example_short_circuit_operator.py
[2024-07-26T04:34:00.541+0000] {processor.py:766} INFO - DAG(s) dict_keys(['example_short_circuit_operator']) retrieved from /home/airflow/.local/lib/python3.7/site-packages/airflow/example_dags/example_short_circuit_operator.py
[2024-07-26T04:34:00.579+0000] {logging_mixin.py:120} INFO - [2024-07-26T04:34:00.579+0000] {dag.py:2585} INFO - Sync 1 DAGs
[2024-07-26T04:34:00.603+0000] {logging_mixin.py:120} INFO - [2024-07-26T04:34:00.603+0000] {dag.py:3340} INFO - Setting next_dagrun for example_short_circuit_operator to 2024-07-25T04:34:00.603344+00:00, run_after=2024-07-26T04:34:00.603344+00:00
[2024-07-26T04:34:00.620+0000] {processor.py:176} INFO - Processing /home/airflow/.local/lib/python3.7/site-packages/airflow/example_dags/example_short_circuit_operator.py took 0.102 seconds
[2024-07-26T04:49:13.067+0000] {processor.py:154} INFO - Started process (PID=6519) to work on /home/airflow/.local/lib/python3.7/site-packages/airflow/example_dags/example_short_circuit_operator.py
[2024-07-26T04:49:13.069+0000] {processor.py:756} INFO - Processing file /home/airflow/.local/lib/python3.7/site-packages/airflow/example_dags/example_short_circuit_operator.py for tasks to queue
[2024-07-26T04:49:13.069+0000] {logging_mixin.py:120} INFO - [2024-07-26T04:49:13.069+0000] {dagbag.py:537} INFO - Filling up the DagBag from /home/airflow/.local/lib/python3.7/site-packages/airflow/example_dags/example_short_circuit_operator.py
[2024-07-26T04:49:13.080+0000] {processor.py:766} INFO - DAG(s) dict_keys(['example_short_circuit_operator']) retrieved from /home/airflow/.local/lib/python3.7/site-packages/airflow/example_dags/example_short_circuit_operator.py
[2024-07-26T04:49:13.105+0000] {logging_mixin.py:120} INFO - [2024-07-26T04:49:13.104+0000] {dag.py:2585} INFO - Sync 1 DAGs
[2024-07-26T04:49:13.118+0000] {logging_mixin.py:120} INFO - [2024-07-26T04:49:13.118+0000] {dag.py:3340} INFO - Setting next_dagrun for example_short_circuit_operator to 2024-07-25T04:49:13.118243+00:00, run_after=2024-07-26T04:49:13.118243+00:00
[2024-07-26T04:49:13.133+0000] {processor.py:176} INFO - Processing /home/airflow/.local/lib/python3.7/site-packages/airflow/example_dags/example_short_circuit_operator.py took 0.072 seconds
[2024-07-26T04:53:37.651+0000] {processor.py:154} INFO - Started process (PID=6574) to work on /home/airflow/.local/lib/python3.7/site-packages/airflow/example_dags/example_short_circuit_operator.py
[2024-07-26T04:53:37.656+0000] {processor.py:756} INFO - Processing file /home/airflow/.local/lib/python3.7/site-packages/airflow/example_dags/example_short_circuit_operator.py for tasks to queue
[2024-07-26T04:53:37.657+0000] {logging_mixin.py:120} INFO - [2024-07-26T04:53:37.657+0000] {dagbag.py:537} INFO - Filling up the DagBag from /home/airflow/.local/lib/python3.7/site-packages/airflow/example_dags/example_short_circuit_operator.py
[2024-07-26T04:53:37.675+0000] {processor.py:766} INFO - DAG(s) dict_keys(['example_short_circuit_operator']) retrieved from /home/airflow/.local/lib/python3.7/site-packages/airflow/example_dags/example_short_circuit_operator.py
[2024-07-26T04:53:37.719+0000] {logging_mixin.py:120} INFO - [2024-07-26T04:53:37.719+0000] {dag.py:2585} INFO - Sync 1 DAGs
[2024-07-26T04:53:37.738+0000] {logging_mixin.py:120} INFO - [2024-07-26T04:53:37.738+0000] {dag.py:3340} INFO - Setting next_dagrun for example_short_circuit_operator to 2024-07-25T04:53:37.738055+00:00, run_after=2024-07-26T04:53:37.738055+00:00
[2024-07-26T04:53:37.763+0000] {processor.py:176} INFO - Processing /home/airflow/.local/lib/python3.7/site-packages/airflow/example_dags/example_short_circuit_operator.py took 0.115 seconds
[2024-07-26T05:02:49.957+0000] {processor.py:154} INFO - Started process (PID=6638) to work on /home/airflow/.local/lib/python3.7/site-packages/airflow/example_dags/example_short_circuit_operator.py
[2024-07-26T05:02:49.959+0000] {processor.py:756} INFO - Processing file /home/airflow/.local/lib/python3.7/site-packages/airflow/example_dags/example_short_circuit_operator.py for tasks to queue
[2024-07-26T05:02:49.961+0000] {logging_mixin.py:120} INFO - [2024-07-26T05:02:49.961+0000] {dagbag.py:537} INFO - Filling up the DagBag from /home/airflow/.local/lib/python3.7/site-packages/airflow/example_dags/example_short_circuit_operator.py
[2024-07-26T05:02:49.979+0000] {processor.py:766} INFO - DAG(s) dict_keys(['example_short_circuit_operator']) retrieved from /home/airflow/.local/lib/python3.7/site-packages/airflow/example_dags/example_short_circuit_operator.py
[2024-07-26T05:02:50.021+0000] {logging_mixin.py:120} INFO - [2024-07-26T05:02:50.020+0000] {dag.py:2585} INFO - Sync 1 DAGs
[2024-07-26T05:02:50.048+0000] {logging_mixin.py:120} INFO - [2024-07-26T05:02:50.048+0000] {dag.py:3340} INFO - Setting next_dagrun for example_short_circuit_operator to 2024-07-25T05:02:50.048371+00:00, run_after=2024-07-26T05:02:50.048371+00:00
[2024-07-26T05:02:50.079+0000] {processor.py:176} INFO - Processing /home/airflow/.local/lib/python3.7/site-packages/airflow/example_dags/example_short_circuit_operator.py took 0.124 seconds
[2024-07-26T05:15:52.148+0000] {processor.py:154} INFO - Started process (PID=6702) to work on /home/airflow/.local/lib/python3.7/site-packages/airflow/example_dags/example_short_circuit_operator.py
[2024-07-26T05:15:52.149+0000] {processor.py:756} INFO - Processing file /home/airflow/.local/lib/python3.7/site-packages/airflow/example_dags/example_short_circuit_operator.py for tasks to queue
[2024-07-26T05:15:52.150+0000] {logging_mixin.py:120} INFO - [2024-07-26T05:15:52.150+0000] {dagbag.py:537} INFO - Filling up the DagBag from /home/airflow/.local/lib/python3.7/site-packages/airflow/example_dags/example_short_circuit_operator.py
[2024-07-26T05:15:52.167+0000] {processor.py:766} INFO - DAG(s) dict_keys(['example_short_circuit_operator']) retrieved from /home/airflow/.local/lib/python3.7/site-packages/airflow/example_dags/example_short_circuit_operator.py
[2024-07-26T05:15:52.218+0000] {logging_mixin.py:120} INFO - [2024-07-26T05:15:52.218+0000] {dag.py:2585} INFO - Sync 1 DAGs
[2024-07-26T05:15:52.238+0000] {logging_mixin.py:120} INFO - [2024-07-26T05:15:52.238+0000] {dag.py:3340} INFO - Setting next_dagrun for example_short_circuit_operator to 2024-07-25T05:15:52.238488+00:00, run_after=2024-07-26T05:15:52.238488+00:00
[2024-07-26T05:15:52.266+0000] {processor.py:176} INFO - Processing /home/airflow/.local/lib/python3.7/site-packages/airflow/example_dags/example_short_circuit_operator.py took 0.121 seconds
[2024-07-26T05:33:28.965+0000] {processor.py:154} INFO - Started process (PID=6766) to work on /home/airflow/.local/lib/python3.7/site-packages/airflow/example_dags/example_short_circuit_operator.py
[2024-07-26T05:33:28.969+0000] {processor.py:756} INFO - Processing file /home/airflow/.local/lib/python3.7/site-packages/airflow/example_dags/example_short_circuit_operator.py for tasks to queue
[2024-07-26T05:33:28.970+0000] {logging_mixin.py:120} INFO - [2024-07-26T05:33:28.970+0000] {dagbag.py:537} INFO - Filling up the DagBag from /home/airflow/.local/lib/python3.7/site-packages/airflow/example_dags/example_short_circuit_operator.py
[2024-07-26T05:33:28.992+0000] {processor.py:766} INFO - DAG(s) dict_keys(['example_short_circuit_operator']) retrieved from /home/airflow/.local/lib/python3.7/site-packages/airflow/example_dags/example_short_circuit_operator.py
[2024-07-26T05:33:29.051+0000] {logging_mixin.py:120} INFO - [2024-07-26T05:33:29.051+0000] {dag.py:2585} INFO - Sync 1 DAGs
[2024-07-26T05:33:29.088+0000] {logging_mixin.py:120} INFO - [2024-07-26T05:33:29.087+0000] {dag.py:3340} INFO - Setting next_dagrun for example_short_circuit_operator to 2024-07-25T05:33:29.087419+00:00, run_after=2024-07-26T05:33:29.087419+00:00
[2024-07-26T05:33:29.119+0000] {processor.py:176} INFO - Processing /home/airflow/.local/lib/python3.7/site-packages/airflow/example_dags/example_short_circuit_operator.py took 0.158 seconds
[2024-07-26T06:09:36.583+0000] {processor.py:154} INFO - Started process (PID=6829) to work on /home/airflow/.local/lib/python3.7/site-packages/airflow/example_dags/example_short_circuit_operator.py
[2024-07-26T06:09:36.584+0000] {processor.py:756} INFO - Processing file /home/airflow/.local/lib/python3.7/site-packages/airflow/example_dags/example_short_circuit_operator.py for tasks to queue
[2024-07-26T06:09:36.585+0000] {logging_mixin.py:120} INFO - [2024-07-26T06:09:36.585+0000] {dagbag.py:537} INFO - Filling up the DagBag from /home/airflow/.local/lib/python3.7/site-packages/airflow/example_dags/example_short_circuit_operator.py
[2024-07-26T06:09:36.595+0000] {processor.py:766} INFO - DAG(s) dict_keys(['example_short_circuit_operator']) retrieved from /home/airflow/.local/lib/python3.7/site-packages/airflow/example_dags/example_short_circuit_operator.py
[2024-07-26T06:09:36.619+0000] {logging_mixin.py:120} INFO - [2024-07-26T06:09:36.619+0000] {dag.py:2585} INFO - Sync 1 DAGs
[2024-07-26T06:09:36.635+0000] {logging_mixin.py:120} INFO - [2024-07-26T06:09:36.634+0000] {dag.py:3340} INFO - Setting next_dagrun for example_short_circuit_operator to 2024-07-25T06:09:36.634800+00:00, run_after=2024-07-26T06:09:36.634800+00:00
[2024-07-26T06:09:36.650+0000] {processor.py:176} INFO - Processing /home/airflow/.local/lib/python3.7/site-packages/airflow/example_dags/example_short_circuit_operator.py took 0.069 seconds
[2024-07-26T07:10:33.537+0000] {processor.py:154} INFO - Started process (PID=6884) to work on /home/airflow/.local/lib/python3.7/site-packages/airflow/example_dags/example_short_circuit_operator.py
[2024-07-26T07:10:33.538+0000] {processor.py:756} INFO - Processing file /home/airflow/.local/lib/python3.7/site-packages/airflow/example_dags/example_short_circuit_operator.py for tasks to queue
[2024-07-26T07:10:33.540+0000] {logging_mixin.py:120} INFO - [2024-07-26T07:10:33.540+0000] {dagbag.py:537} INFO - Filling up the DagBag from /home/airflow/.local/lib/python3.7/site-packages/airflow/example_dags/example_short_circuit_operator.py
[2024-07-26T07:10:33.553+0000] {processor.py:766} INFO - DAG(s) dict_keys(['example_short_circuit_operator']) retrieved from /home/airflow/.local/lib/python3.7/site-packages/airflow/example_dags/example_short_circuit_operator.py
[2024-07-26T07:10:33.599+0000] {logging_mixin.py:120} INFO - [2024-07-26T07:10:33.598+0000] {dag.py:2585} INFO - Sync 1 DAGs
[2024-07-26T07:10:33.628+0000] {logging_mixin.py:120} INFO - [2024-07-26T07:10:33.628+0000] {dag.py:3340} INFO - Setting next_dagrun for example_short_circuit_operator to 2024-07-25T07:10:33.628131+00:00, run_after=2024-07-26T07:10:33.628131+00:00
[2024-07-26T07:10:33.654+0000] {processor.py:176} INFO - Processing /home/airflow/.local/lib/python3.7/site-packages/airflow/example_dags/example_short_circuit_operator.py took 0.120 seconds
[2024-07-26T08:11:47.826+0000] {processor.py:154} INFO - Started process (PID=6948) to work on /home/airflow/.local/lib/python3.7/site-packages/airflow/example_dags/example_short_circuit_operator.py
[2024-07-26T08:11:47.831+0000] {processor.py:756} INFO - Processing file /home/airflow/.local/lib/python3.7/site-packages/airflow/example_dags/example_short_circuit_operator.py for tasks to queue
[2024-07-26T08:11:47.831+0000] {logging_mixin.py:120} INFO - [2024-07-26T08:11:47.831+0000] {dagbag.py:537} INFO - Filling up the DagBag from /home/airflow/.local/lib/python3.7/site-packages/airflow/example_dags/example_short_circuit_operator.py
[2024-07-26T08:11:47.843+0000] {processor.py:766} INFO - DAG(s) dict_keys(['example_short_circuit_operator']) retrieved from /home/airflow/.local/lib/python3.7/site-packages/airflow/example_dags/example_short_circuit_operator.py
[2024-07-26T08:11:47.876+0000] {logging_mixin.py:120} INFO - [2024-07-26T08:11:47.876+0000] {dag.py:2585} INFO - Sync 1 DAGs
[2024-07-26T08:11:47.891+0000] {logging_mixin.py:120} INFO - [2024-07-26T08:11:47.891+0000] {dag.py:3340} INFO - Setting next_dagrun for example_short_circuit_operator to 2024-07-25T08:11:47.891388+00:00, run_after=2024-07-26T08:11:47.891388+00:00
[2024-07-26T08:11:47.906+0000] {processor.py:176} INFO - Processing /home/airflow/.local/lib/python3.7/site-packages/airflow/example_dags/example_short_circuit_operator.py took 0.082 seconds
[2024-07-26T08:36:11.706+0000] {processor.py:154} INFO - Started process (PID=7012) to work on /home/airflow/.local/lib/python3.7/site-packages/airflow/example_dags/example_short_circuit_operator.py
[2024-07-26T08:36:11.708+0000] {processor.py:756} INFO - Processing file /home/airflow/.local/lib/python3.7/site-packages/airflow/example_dags/example_short_circuit_operator.py for tasks to queue
[2024-07-26T08:36:11.708+0000] {logging_mixin.py:120} INFO - [2024-07-26T08:36:11.708+0000] {dagbag.py:537} INFO - Filling up the DagBag from /home/airflow/.local/lib/python3.7/site-packages/airflow/example_dags/example_short_circuit_operator.py
[2024-07-26T08:36:11.724+0000] {processor.py:766} INFO - DAG(s) dict_keys(['example_short_circuit_operator']) retrieved from /home/airflow/.local/lib/python3.7/site-packages/airflow/example_dags/example_short_circuit_operator.py
[2024-07-26T08:36:11.750+0000] {logging_mixin.py:120} INFO - [2024-07-26T08:36:11.750+0000] {dag.py:2585} INFO - Sync 1 DAGs
[2024-07-26T08:36:11.765+0000] {logging_mixin.py:120} INFO - [2024-07-26T08:36:11.765+0000] {dag.py:3340} INFO - Setting next_dagrun for example_short_circuit_operator to 2024-07-25T08:36:11.764889+00:00, run_after=2024-07-26T08:36:11.764889+00:00
[2024-07-26T08:36:11.782+0000] {processor.py:176} INFO - Processing /home/airflow/.local/lib/python3.7/site-packages/airflow/example_dags/example_short_circuit_operator.py took 0.079 seconds
[2024-07-26T09:29:26.242+0000] {processor.py:154} INFO - Started process (PID=7076) to work on /home/airflow/.local/lib/python3.7/site-packages/airflow/example_dags/example_short_circuit_operator.py
[2024-07-26T09:29:26.244+0000] {processor.py:756} INFO - Processing file /home/airflow/.local/lib/python3.7/site-packages/airflow/example_dags/example_short_circuit_operator.py for tasks to queue
[2024-07-26T09:29:26.244+0000] {logging_mixin.py:120} INFO - [2024-07-26T09:29:26.244+0000] {dagbag.py:537} INFO - Filling up the DagBag from /home/airflow/.local/lib/python3.7/site-packages/airflow/example_dags/example_short_circuit_operator.py
[2024-07-26T09:29:26.256+0000] {processor.py:766} INFO - DAG(s) dict_keys(['example_short_circuit_operator']) retrieved from /home/airflow/.local/lib/python3.7/site-packages/airflow/example_dags/example_short_circuit_operator.py
[2024-07-26T09:29:26.286+0000] {logging_mixin.py:120} INFO - [2024-07-26T09:29:26.286+0000] {dag.py:2585} INFO - Sync 1 DAGs
[2024-07-26T09:29:26.301+0000] {logging_mixin.py:120} INFO - [2024-07-26T09:29:26.301+0000] {dag.py:3340} INFO - Setting next_dagrun for example_short_circuit_operator to 2024-07-25T09:29:26.301142+00:00, run_after=2024-07-26T09:29:26.301142+00:00
[2024-07-26T09:29:26.324+0000] {processor.py:176} INFO - Processing /home/airflow/.local/lib/python3.7/site-packages/airflow/example_dags/example_short_circuit_operator.py took 0.085 seconds
[2024-07-26T10:30:30.793+0000] {processor.py:154} INFO - Started process (PID=7131) to work on /home/airflow/.local/lib/python3.7/site-packages/airflow/example_dags/example_short_circuit_operator.py
[2024-07-26T10:30:30.796+0000] {processor.py:756} INFO - Processing file /home/airflow/.local/lib/python3.7/site-packages/airflow/example_dags/example_short_circuit_operator.py for tasks to queue
[2024-07-26T10:30:30.796+0000] {logging_mixin.py:120} INFO - [2024-07-26T10:30:30.796+0000] {dagbag.py:537} INFO - Filling up the DagBag from /home/airflow/.local/lib/python3.7/site-packages/airflow/example_dags/example_short_circuit_operator.py
[2024-07-26T10:30:30.805+0000] {processor.py:766} INFO - DAG(s) dict_keys(['example_short_circuit_operator']) retrieved from /home/airflow/.local/lib/python3.7/site-packages/airflow/example_dags/example_short_circuit_operator.py
[2024-07-26T10:30:30.837+0000] {logging_mixin.py:120} INFO - [2024-07-26T10:30:30.837+0000] {dag.py:2585} INFO - Sync 1 DAGs
[2024-07-26T10:30:30.855+0000] {logging_mixin.py:120} INFO - [2024-07-26T10:30:30.855+0000] {dag.py:3340} INFO - Setting next_dagrun for example_short_circuit_operator to 2024-07-25T10:30:30.854994+00:00, run_after=2024-07-26T10:30:30.854994+00:00
[2024-07-26T10:30:30.874+0000] {processor.py:176} INFO - Processing /home/airflow/.local/lib/python3.7/site-packages/airflow/example_dags/example_short_circuit_operator.py took 0.084 seconds
[2024-07-26T10:39:56.280+0000] {processor.py:154} INFO - Started process (PID=7195) to work on /home/airflow/.local/lib/python3.7/site-packages/airflow/example_dags/example_short_circuit_operator.py
[2024-07-26T10:39:56.281+0000] {processor.py:756} INFO - Processing file /home/airflow/.local/lib/python3.7/site-packages/airflow/example_dags/example_short_circuit_operator.py for tasks to queue
[2024-07-26T10:39:56.281+0000] {logging_mixin.py:120} INFO - [2024-07-26T10:39:56.281+0000] {dagbag.py:537} INFO - Filling up the DagBag from /home/airflow/.local/lib/python3.7/site-packages/airflow/example_dags/example_short_circuit_operator.py
[2024-07-26T10:39:56.290+0000] {processor.py:766} INFO - DAG(s) dict_keys(['example_short_circuit_operator']) retrieved from /home/airflow/.local/lib/python3.7/site-packages/airflow/example_dags/example_short_circuit_operator.py
[2024-07-26T10:39:56.317+0000] {logging_mixin.py:120} INFO - [2024-07-26T10:39:56.317+0000] {dag.py:2585} INFO - Sync 1 DAGs
[2024-07-26T10:39:56.333+0000] {logging_mixin.py:120} INFO - [2024-07-26T10:39:56.333+0000] {dag.py:3340} INFO - Setting next_dagrun for example_short_circuit_operator to 2024-07-25T10:39:56.333124+00:00, run_after=2024-07-26T10:39:56.333124+00:00
[2024-07-26T10:39:56.346+0000] {processor.py:176} INFO - Processing /home/airflow/.local/lib/python3.7/site-packages/airflow/example_dags/example_short_circuit_operator.py took 0.067 seconds
[2024-07-26T11:48:30.733+0000] {processor.py:154} INFO - Started process (PID=7259) to work on /home/airflow/.local/lib/python3.7/site-packages/airflow/example_dags/example_short_circuit_operator.py
[2024-07-26T11:48:30.737+0000] {processor.py:756} INFO - Processing file /home/airflow/.local/lib/python3.7/site-packages/airflow/example_dags/example_short_circuit_operator.py for tasks to queue
[2024-07-26T11:48:30.739+0000] {logging_mixin.py:120} INFO - [2024-07-26T11:48:30.739+0000] {dagbag.py:537} INFO - Filling up the DagBag from /home/airflow/.local/lib/python3.7/site-packages/airflow/example_dags/example_short_circuit_operator.py
[2024-07-26T11:48:30.753+0000] {processor.py:766} INFO - DAG(s) dict_keys(['example_short_circuit_operator']) retrieved from /home/airflow/.local/lib/python3.7/site-packages/airflow/example_dags/example_short_circuit_operator.py
[2024-07-26T11:48:30.780+0000] {logging_mixin.py:120} INFO - [2024-07-26T11:48:30.780+0000] {dag.py:2585} INFO - Sync 1 DAGs
[2024-07-26T11:48:30.802+0000] {logging_mixin.py:120} INFO - [2024-07-26T11:48:30.802+0000] {dag.py:3340} INFO - Setting next_dagrun for example_short_circuit_operator to 2024-07-25T11:48:30.802629+00:00, run_after=2024-07-26T11:48:30.802629+00:00
[2024-07-26T11:48:30.825+0000] {processor.py:176} INFO - Processing /home/airflow/.local/lib/python3.7/site-packages/airflow/example_dags/example_short_circuit_operator.py took 0.098 seconds
[2024-07-26T12:13:05.940+0000] {processor.py:154} INFO - Started process (PID=7323) to work on /home/airflow/.local/lib/python3.7/site-packages/airflow/example_dags/example_short_circuit_operator.py
[2024-07-26T12:13:05.945+0000] {processor.py:756} INFO - Processing file /home/airflow/.local/lib/python3.7/site-packages/airflow/example_dags/example_short_circuit_operator.py for tasks to queue
[2024-07-26T12:13:05.946+0000] {logging_mixin.py:120} INFO - [2024-07-26T12:13:05.946+0000] {dagbag.py:537} INFO - Filling up the DagBag from /home/airflow/.local/lib/python3.7/site-packages/airflow/example_dags/example_short_circuit_operator.py
[2024-07-26T12:13:05.963+0000] {processor.py:766} INFO - DAG(s) dict_keys(['example_short_circuit_operator']) retrieved from /home/airflow/.local/lib/python3.7/site-packages/airflow/example_dags/example_short_circuit_operator.py
[2024-07-26T12:13:06.001+0000] {logging_mixin.py:120} INFO - [2024-07-26T12:13:06.001+0000] {dag.py:2585} INFO - Sync 1 DAGs
[2024-07-26T12:13:06.024+0000] {logging_mixin.py:120} INFO - [2024-07-26T12:13:06.024+0000] {dag.py:3340} INFO - Setting next_dagrun for example_short_circuit_operator to 2024-07-25T12:13:06.023802+00:00, run_after=2024-07-26T12:13:06.023802+00:00
[2024-07-26T12:13:06.053+0000] {processor.py:176} INFO - Processing /home/airflow/.local/lib/python3.7/site-packages/airflow/example_dags/example_short_circuit_operator.py took 0.116 seconds
[2024-07-26T12:19:25.894+0000] {processor.py:154} INFO - Started process (PID=7378) to work on /home/airflow/.local/lib/python3.7/site-packages/airflow/example_dags/example_short_circuit_operator.py
[2024-07-26T12:19:25.895+0000] {processor.py:756} INFO - Processing file /home/airflow/.local/lib/python3.7/site-packages/airflow/example_dags/example_short_circuit_operator.py for tasks to queue
[2024-07-26T12:19:25.896+0000] {logging_mixin.py:120} INFO - [2024-07-26T12:19:25.896+0000] {dagbag.py:537} INFO - Filling up the DagBag from /home/airflow/.local/lib/python3.7/site-packages/airflow/example_dags/example_short_circuit_operator.py
[2024-07-26T12:19:25.912+0000] {processor.py:766} INFO - DAG(s) dict_keys(['example_short_circuit_operator']) retrieved from /home/airflow/.local/lib/python3.7/site-packages/airflow/example_dags/example_short_circuit_operator.py
[2024-07-26T12:19:25.948+0000] {logging_mixin.py:120} INFO - [2024-07-26T12:19:25.948+0000] {dag.py:2585} INFO - Sync 1 DAGs
[2024-07-26T12:19:25.976+0000] {logging_mixin.py:120} INFO - [2024-07-26T12:19:25.975+0000] {dag.py:3340} INFO - Setting next_dagrun for example_short_circuit_operator to 2024-07-25T12:19:25.975651+00:00, run_after=2024-07-26T12:19:25.975651+00:00
[2024-07-26T12:19:26.000+0000] {processor.py:176} INFO - Processing /home/airflow/.local/lib/python3.7/site-packages/airflow/example_dags/example_short_circuit_operator.py took 0.109 seconds
[2024-07-26T13:00:08.427+0000] {processor.py:154} INFO - Started process (PID=7441) to work on /home/airflow/.local/lib/python3.7/site-packages/airflow/example_dags/example_short_circuit_operator.py
[2024-07-26T13:00:08.429+0000] {processor.py:756} INFO - Processing file /home/airflow/.local/lib/python3.7/site-packages/airflow/example_dags/example_short_circuit_operator.py for tasks to queue
[2024-07-26T13:00:08.432+0000] {logging_mixin.py:120} INFO - [2024-07-26T13:00:08.432+0000] {dagbag.py:537} INFO - Filling up the DagBag from /home/airflow/.local/lib/python3.7/site-packages/airflow/example_dags/example_short_circuit_operator.py
[2024-07-26T13:00:08.451+0000] {processor.py:766} INFO - DAG(s) dict_keys(['example_short_circuit_operator']) retrieved from /home/airflow/.local/lib/python3.7/site-packages/airflow/example_dags/example_short_circuit_operator.py
[2024-07-26T13:00:08.508+0000] {logging_mixin.py:120} INFO - [2024-07-26T13:00:08.508+0000] {dag.py:2585} INFO - Sync 1 DAGs
[2024-07-26T13:00:08.548+0000] {logging_mixin.py:120} INFO - [2024-07-26T13:00:08.547+0000] {dag.py:3340} INFO - Setting next_dagrun for example_short_circuit_operator to 2024-07-25T13:00:08.547528+00:00, run_after=2024-07-26T13:00:08.547528+00:00
[2024-07-26T13:00:08.596+0000] {processor.py:176} INFO - Processing /home/airflow/.local/lib/python3.7/site-packages/airflow/example_dags/example_short_circuit_operator.py took 0.171 seconds
[2024-07-26T13:12:27.911+0000] {processor.py:154} INFO - Started process (PID=7505) to work on /home/airflow/.local/lib/python3.7/site-packages/airflow/example_dags/example_short_circuit_operator.py
[2024-07-26T13:12:27.912+0000] {processor.py:756} INFO - Processing file /home/airflow/.local/lib/python3.7/site-packages/airflow/example_dags/example_short_circuit_operator.py for tasks to queue
[2024-07-26T13:12:27.914+0000] {logging_mixin.py:120} INFO - [2024-07-26T13:12:27.914+0000] {dagbag.py:537} INFO - Filling up the DagBag from /home/airflow/.local/lib/python3.7/site-packages/airflow/example_dags/example_short_circuit_operator.py
[2024-07-26T13:12:27.935+0000] {processor.py:766} INFO - DAG(s) dict_keys(['example_short_circuit_operator']) retrieved from /home/airflow/.local/lib/python3.7/site-packages/airflow/example_dags/example_short_circuit_operator.py
[2024-07-26T13:12:27.976+0000] {logging_mixin.py:120} INFO - [2024-07-26T13:12:27.976+0000] {dag.py:2585} INFO - Sync 1 DAGs
[2024-07-26T13:12:28.001+0000] {logging_mixin.py:120} INFO - [2024-07-26T13:12:28.001+0000] {dag.py:3340} INFO - Setting next_dagrun for example_short_circuit_operator to 2024-07-25T13:12:28.001669+00:00, run_after=2024-07-26T13:12:28.001669+00:00
[2024-07-26T13:12:28.031+0000] {processor.py:176} INFO - Processing /home/airflow/.local/lib/python3.7/site-packages/airflow/example_dags/example_short_circuit_operator.py took 0.122 seconds
[2024-07-26T13:43:22.121+0000] {processor.py:154} INFO - Started process (PID=7569) to work on /home/airflow/.local/lib/python3.7/site-packages/airflow/example_dags/example_short_circuit_operator.py
[2024-07-26T13:43:22.123+0000] {processor.py:756} INFO - Processing file /home/airflow/.local/lib/python3.7/site-packages/airflow/example_dags/example_short_circuit_operator.py for tasks to queue
[2024-07-26T13:43:22.125+0000] {logging_mixin.py:120} INFO - [2024-07-26T13:43:22.125+0000] {dagbag.py:537} INFO - Filling up the DagBag from /home/airflow/.local/lib/python3.7/site-packages/airflow/example_dags/example_short_circuit_operator.py
[2024-07-26T13:43:22.140+0000] {processor.py:766} INFO - DAG(s) dict_keys(['example_short_circuit_operator']) retrieved from /home/airflow/.local/lib/python3.7/site-packages/airflow/example_dags/example_short_circuit_operator.py
[2024-07-26T13:43:22.176+0000] {logging_mixin.py:120} INFO - [2024-07-26T13:43:22.176+0000] {dag.py:2585} INFO - Sync 1 DAGs
[2024-07-26T13:43:22.203+0000] {logging_mixin.py:120} INFO - [2024-07-26T13:43:22.203+0000] {dag.py:3340} INFO - Setting next_dagrun for example_short_circuit_operator to 2024-07-25T13:43:22.203196+00:00, run_after=2024-07-26T13:43:22.203196+00:00
[2024-07-26T13:43:22.220+0000] {processor.py:176} INFO - Processing /home/airflow/.local/lib/python3.7/site-packages/airflow/example_dags/example_short_circuit_operator.py took 0.102 seconds
[2024-07-26T13:46:53.865+0000] {processor.py:154} INFO - Started process (PID=7633) to work on /home/airflow/.local/lib/python3.7/site-packages/airflow/example_dags/example_short_circuit_operator.py
[2024-07-26T13:46:53.866+0000] {processor.py:756} INFO - Processing file /home/airflow/.local/lib/python3.7/site-packages/airflow/example_dags/example_short_circuit_operator.py for tasks to queue
[2024-07-26T13:46:53.867+0000] {logging_mixin.py:120} INFO - [2024-07-26T13:46:53.867+0000] {dagbag.py:537} INFO - Filling up the DagBag from /home/airflow/.local/lib/python3.7/site-packages/airflow/example_dags/example_short_circuit_operator.py
[2024-07-26T13:46:53.877+0000] {processor.py:766} INFO - DAG(s) dict_keys(['example_short_circuit_operator']) retrieved from /home/airflow/.local/lib/python3.7/site-packages/airflow/example_dags/example_short_circuit_operator.py
[2024-07-26T13:46:53.943+0000] {logging_mixin.py:120} INFO - [2024-07-26T13:46:53.943+0000] {dag.py:2585} INFO - Sync 1 DAGs
[2024-07-26T13:46:53.959+0000] {logging_mixin.py:120} INFO - [2024-07-26T13:46:53.959+0000] {dag.py:3340} INFO - Setting next_dagrun for example_short_circuit_operator to 2024-07-25T13:46:53.958974+00:00, run_after=2024-07-26T13:46:53.958974+00:00
[2024-07-26T13:46:53.979+0000] {processor.py:176} INFO - Processing /home/airflow/.local/lib/python3.7/site-packages/airflow/example_dags/example_short_circuit_operator.py took 0.116 seconds
[2024-07-26T13:52:22.825+0000] {processor.py:154} INFO - Started process (PID=7688) to work on /home/airflow/.local/lib/python3.7/site-packages/airflow/example_dags/example_short_circuit_operator.py
[2024-07-26T13:52:22.826+0000] {processor.py:756} INFO - Processing file /home/airflow/.local/lib/python3.7/site-packages/airflow/example_dags/example_short_circuit_operator.py for tasks to queue
[2024-07-26T13:52:22.827+0000] {logging_mixin.py:120} INFO - [2024-07-26T13:52:22.827+0000] {dagbag.py:537} INFO - Filling up the DagBag from /home/airflow/.local/lib/python3.7/site-packages/airflow/example_dags/example_short_circuit_operator.py
[2024-07-26T13:52:22.842+0000] {processor.py:766} INFO - DAG(s) dict_keys(['example_short_circuit_operator']) retrieved from /home/airflow/.local/lib/python3.7/site-packages/airflow/example_dags/example_short_circuit_operator.py
[2024-07-26T13:52:23.246+0000] {logging_mixin.py:120} INFO - [2024-07-26T13:52:23.246+0000] {dag.py:2585} INFO - Sync 1 DAGs
[2024-07-26T13:52:23.266+0000] {logging_mixin.py:120} INFO - [2024-07-26T13:52:23.266+0000] {dag.py:3340} INFO - Setting next_dagrun for example_short_circuit_operator to 2024-07-25T13:52:23.265847+00:00, run_after=2024-07-26T13:52:23.265847+00:00
[2024-07-26T13:52:23.391+0000] {processor.py:176} INFO - Processing /home/airflow/.local/lib/python3.7/site-packages/airflow/example_dags/example_short_circuit_operator.py took 0.569 seconds
[2024-07-26T13:54:21.221+0000] {processor.py:154} INFO - Started process (PID=7752) to work on /home/airflow/.local/lib/python3.7/site-packages/airflow/example_dags/example_short_circuit_operator.py
[2024-07-26T13:54:21.222+0000] {processor.py:756} INFO - Processing file /home/airflow/.local/lib/python3.7/site-packages/airflow/example_dags/example_short_circuit_operator.py for tasks to queue
[2024-07-26T13:54:21.222+0000] {logging_mixin.py:120} INFO - [2024-07-26T13:54:21.222+0000] {dagbag.py:537} INFO - Filling up the DagBag from /home/airflow/.local/lib/python3.7/site-packages/airflow/example_dags/example_short_circuit_operator.py
[2024-07-26T13:54:21.231+0000] {processor.py:766} INFO - DAG(s) dict_keys(['example_short_circuit_operator']) retrieved from /home/airflow/.local/lib/python3.7/site-packages/airflow/example_dags/example_short_circuit_operator.py
[2024-07-26T13:54:21.251+0000] {logging_mixin.py:120} INFO - [2024-07-26T13:54:21.251+0000] {dag.py:2585} INFO - Sync 1 DAGs
[2024-07-26T13:54:21.263+0000] {logging_mixin.py:120} INFO - [2024-07-26T13:54:21.263+0000] {dag.py:3340} INFO - Setting next_dagrun for example_short_circuit_operator to 2024-07-25T13:54:21.263504+00:00, run_after=2024-07-26T13:54:21.263504+00:00
[2024-07-26T13:54:21.275+0000] {processor.py:176} INFO - Processing /home/airflow/.local/lib/python3.7/site-packages/airflow/example_dags/example_short_circuit_operator.py took 0.056 seconds
[2024-07-26T13:55:29.292+0000] {processor.py:154} INFO - Started process (PID=7816) to work on /home/airflow/.local/lib/python3.7/site-packages/airflow/example_dags/example_short_circuit_operator.py
[2024-07-26T13:55:29.294+0000] {processor.py:756} INFO - Processing file /home/airflow/.local/lib/python3.7/site-packages/airflow/example_dags/example_short_circuit_operator.py for tasks to queue
[2024-07-26T13:55:29.295+0000] {logging_mixin.py:120} INFO - [2024-07-26T13:55:29.295+0000] {dagbag.py:537} INFO - Filling up the DagBag from /home/airflow/.local/lib/python3.7/site-packages/airflow/example_dags/example_short_circuit_operator.py
[2024-07-26T13:55:29.306+0000] {processor.py:766} INFO - DAG(s) dict_keys(['example_short_circuit_operator']) retrieved from /home/airflow/.local/lib/python3.7/site-packages/airflow/example_dags/example_short_circuit_operator.py
[2024-07-26T13:55:29.333+0000] {logging_mixin.py:120} INFO - [2024-07-26T13:55:29.332+0000] {dag.py:2585} INFO - Sync 1 DAGs
[2024-07-26T13:55:29.345+0000] {logging_mixin.py:120} INFO - [2024-07-26T13:55:29.345+0000] {dag.py:3340} INFO - Setting next_dagrun for example_short_circuit_operator to 2024-07-25T13:55:29.345735+00:00, run_after=2024-07-26T13:55:29.345735+00:00
[2024-07-26T13:55:29.354+0000] {processor.py:176} INFO - Processing /home/airflow/.local/lib/python3.7/site-packages/airflow/example_dags/example_short_circuit_operator.py took 0.064 seconds
[2024-07-26T14:05:31.199+0000] {processor.py:154} INFO - Started process (PID=7880) to work on /home/airflow/.local/lib/python3.7/site-packages/airflow/example_dags/example_short_circuit_operator.py
[2024-07-26T14:05:31.200+0000] {processor.py:756} INFO - Processing file /home/airflow/.local/lib/python3.7/site-packages/airflow/example_dags/example_short_circuit_operator.py for tasks to queue
[2024-07-26T14:05:31.201+0000] {logging_mixin.py:120} INFO - [2024-07-26T14:05:31.201+0000] {dagbag.py:537} INFO - Filling up the DagBag from /home/airflow/.local/lib/python3.7/site-packages/airflow/example_dags/example_short_circuit_operator.py
[2024-07-26T14:05:31.220+0000] {processor.py:766} INFO - DAG(s) dict_keys(['example_short_circuit_operator']) retrieved from /home/airflow/.local/lib/python3.7/site-packages/airflow/example_dags/example_short_circuit_operator.py
[2024-07-26T14:05:31.281+0000] {logging_mixin.py:120} INFO - [2024-07-26T14:05:31.281+0000] {dag.py:2585} INFO - Sync 1 DAGs
[2024-07-26T14:05:31.307+0000] {logging_mixin.py:120} INFO - [2024-07-26T14:05:31.307+0000] {dag.py:3340} INFO - Setting next_dagrun for example_short_circuit_operator to 2024-07-25T14:05:31.306983+00:00, run_after=2024-07-26T14:05:31.306983+00:00
[2024-07-26T14:05:31.329+0000] {processor.py:176} INFO - Processing /home/airflow/.local/lib/python3.7/site-packages/airflow/example_dags/example_short_circuit_operator.py took 0.133 seconds
[2024-07-26T14:06:20.153+0000] {processor.py:154} INFO - Started process (PID=7941) to work on /home/airflow/.local/lib/python3.7/site-packages/airflow/example_dags/example_short_circuit_operator.py
[2024-07-26T14:06:20.155+0000] {processor.py:756} INFO - Processing file /home/airflow/.local/lib/python3.7/site-packages/airflow/example_dags/example_short_circuit_operator.py for tasks to queue
[2024-07-26T14:06:20.156+0000] {logging_mixin.py:120} INFO - [2024-07-26T14:06:20.156+0000] {dagbag.py:537} INFO - Filling up the DagBag from /home/airflow/.local/lib/python3.7/site-packages/airflow/example_dags/example_short_circuit_operator.py
[2024-07-26T14:06:20.165+0000] {processor.py:766} INFO - DAG(s) dict_keys(['example_short_circuit_operator']) retrieved from /home/airflow/.local/lib/python3.7/site-packages/airflow/example_dags/example_short_circuit_operator.py
[2024-07-26T14:06:20.193+0000] {logging_mixin.py:120} INFO - [2024-07-26T14:06:20.192+0000] {dag.py:2585} INFO - Sync 1 DAGs
[2024-07-26T14:06:20.207+0000] {logging_mixin.py:120} INFO - [2024-07-26T14:06:20.207+0000] {dag.py:3340} INFO - Setting next_dagrun for example_short_circuit_operator to 2024-07-25T14:06:20.207705+00:00, run_after=2024-07-26T14:06:20.207705+00:00
[2024-07-26T14:06:20.220+0000] {processor.py:176} INFO - Processing /home/airflow/.local/lib/python3.7/site-packages/airflow/example_dags/example_short_circuit_operator.py took 0.068 seconds
