[2024-07-26T00:02:55.024+0000] {processor.py:154} INFO - Started process (PID=4800) to work on /home/airflow/.local/lib/python3.7/site-packages/airflow/example_dags/example_sla_dag.py
[2024-07-26T00:02:55.025+0000] {processor.py:756} INFO - Processing file /home/airflow/.local/lib/python3.7/site-packages/airflow/example_dags/example_sla_dag.py for tasks to queue
[2024-07-26T00:02:55.025+0000] {logging_mixin.py:120} INFO - [2024-07-26T00:02:55.025+0000] {dagbag.py:537} INFO - Filling up the DagBag from /home/airflow/.local/lib/python3.7/site-packages/airflow/example_dags/example_sla_dag.py
[2024-07-26T00:02:55.036+0000] {processor.py:766} INFO - DAG(s) dict_keys(['example_sla_dag']) retrieved from /home/airflow/.local/lib/python3.7/site-packages/airflow/example_dags/example_sla_dag.py
[2024-07-26T00:02:55.056+0000] {logging_mixin.py:120} INFO - [2024-07-26T00:02:55.056+0000] {dag.py:2585} INFO - Sync 1 DAGs
[2024-07-26T00:02:55.069+0000] {logging_mixin.py:120} INFO - [2024-07-26T00:02:55.069+0000] {dag.py:3340} INFO - Setting next_dagrun for example_sla_dag to 2024-07-26T00:00:00+00:00, run_after=2024-07-26T00:02:00+00:00
[2024-07-26T00:02:55.079+0000] {processor.py:176} INFO - Processing /home/airflow/.local/lib/python3.7/site-packages/airflow/example_dags/example_sla_dag.py took 0.056 seconds
[2024-07-26T00:16:07.681+0000] {processor.py:154} INFO - Started process (PID=4855) to work on /home/airflow/.local/lib/python3.7/site-packages/airflow/example_dags/example_sla_dag.py
[2024-07-26T00:16:07.682+0000] {processor.py:756} INFO - Processing file /home/airflow/.local/lib/python3.7/site-packages/airflow/example_dags/example_sla_dag.py for tasks to queue
[2024-07-26T00:16:07.683+0000] {logging_mixin.py:120} INFO - [2024-07-26T00:16:07.682+0000] {dagbag.py:537} INFO - Filling up the DagBag from /home/airflow/.local/lib/python3.7/site-packages/airflow/example_dags/example_sla_dag.py
[2024-07-26T00:16:07.700+0000] {processor.py:766} INFO - DAG(s) dict_keys(['example_sla_dag']) retrieved from /home/airflow/.local/lib/python3.7/site-packages/airflow/example_dags/example_sla_dag.py
[2024-07-26T00:16:07.729+0000] {logging_mixin.py:120} INFO - [2024-07-26T00:16:07.729+0000] {dag.py:2585} INFO - Sync 1 DAGs
[2024-07-26T00:16:07.751+0000] {logging_mixin.py:120} INFO - [2024-07-26T00:16:07.750+0000] {dag.py:3340} INFO - Setting next_dagrun for example_sla_dag to 2024-07-26T00:14:00+00:00, run_after=2024-07-26T00:16:00+00:00
[2024-07-26T00:16:07.773+0000] {processor.py:176} INFO - Processing /home/airflow/.local/lib/python3.7/site-packages/airflow/example_dags/example_sla_dag.py took 0.094 seconds
[2024-07-26T00:40:53.492+0000] {processor.py:154} INFO - Started process (PID=4919) to work on /home/airflow/.local/lib/python3.7/site-packages/airflow/example_dags/example_sla_dag.py
[2024-07-26T00:40:53.493+0000] {processor.py:756} INFO - Processing file /home/airflow/.local/lib/python3.7/site-packages/airflow/example_dags/example_sla_dag.py for tasks to queue
[2024-07-26T00:40:53.496+0000] {logging_mixin.py:120} INFO - [2024-07-26T00:40:53.496+0000] {dagbag.py:537} INFO - Filling up the DagBag from /home/airflow/.local/lib/python3.7/site-packages/airflow/example_dags/example_sla_dag.py
[2024-07-26T00:40:53.509+0000] {processor.py:766} INFO - DAG(s) dict_keys(['example_sla_dag']) retrieved from /home/airflow/.local/lib/python3.7/site-packages/airflow/example_dags/example_sla_dag.py
[2024-07-26T00:40:53.537+0000] {logging_mixin.py:120} INFO - [2024-07-26T00:40:53.537+0000] {dag.py:2585} INFO - Sync 1 DAGs
[2024-07-26T00:40:53.553+0000] {logging_mixin.py:120} INFO - [2024-07-26T00:40:53.553+0000] {dag.py:3340} INFO - Setting next_dagrun for example_sla_dag to 2024-07-26T00:38:00+00:00, run_after=2024-07-26T00:40:00+00:00
[2024-07-26T00:40:53.577+0000] {processor.py:176} INFO - Processing /home/airflow/.local/lib/python3.7/site-packages/airflow/example_dags/example_sla_dag.py took 0.087 seconds
[2024-07-26T01:30:34.155+0000] {processor.py:154} INFO - Started process (PID=4983) to work on /home/airflow/.local/lib/python3.7/site-packages/airflow/example_dags/example_sla_dag.py
[2024-07-26T01:30:34.156+0000] {processor.py:756} INFO - Processing file /home/airflow/.local/lib/python3.7/site-packages/airflow/example_dags/example_sla_dag.py for tasks to queue
[2024-07-26T01:30:34.157+0000] {logging_mixin.py:120} INFO - [2024-07-26T01:30:34.157+0000] {dagbag.py:537} INFO - Filling up the DagBag from /home/airflow/.local/lib/python3.7/site-packages/airflow/example_dags/example_sla_dag.py
[2024-07-26T01:30:34.176+0000] {processor.py:766} INFO - DAG(s) dict_keys(['example_sla_dag']) retrieved from /home/airflow/.local/lib/python3.7/site-packages/airflow/example_dags/example_sla_dag.py
[2024-07-26T01:30:34.210+0000] {logging_mixin.py:120} INFO - [2024-07-26T01:30:34.210+0000] {dag.py:2585} INFO - Sync 1 DAGs
[2024-07-26T01:30:34.227+0000] {logging_mixin.py:120} INFO - [2024-07-26T01:30:34.227+0000] {dag.py:3340} INFO - Setting next_dagrun for example_sla_dag to 2024-07-26T01:28:00+00:00, run_after=2024-07-26T01:30:00+00:00
[2024-07-26T01:30:34.249+0000] {processor.py:176} INFO - Processing /home/airflow/.local/lib/python3.7/site-packages/airflow/example_dags/example_sla_dag.py took 0.096 seconds
[2024-07-26T02:00:30.594+0000] {processor.py:154} INFO - Started process (PID=5047) to work on /home/airflow/.local/lib/python3.7/site-packages/airflow/example_dags/example_sla_dag.py
[2024-07-26T02:00:30.595+0000] {processor.py:756} INFO - Processing file /home/airflow/.local/lib/python3.7/site-packages/airflow/example_dags/example_sla_dag.py for tasks to queue
[2024-07-26T02:00:30.596+0000] {logging_mixin.py:120} INFO - [2024-07-26T02:00:30.595+0000] {dagbag.py:537} INFO - Filling up the DagBag from /home/airflow/.local/lib/python3.7/site-packages/airflow/example_dags/example_sla_dag.py
[2024-07-26T02:00:30.612+0000] {processor.py:766} INFO - DAG(s) dict_keys(['example_sla_dag']) retrieved from /home/airflow/.local/lib/python3.7/site-packages/airflow/example_dags/example_sla_dag.py
[2024-07-26T02:00:30.636+0000] {logging_mixin.py:120} INFO - [2024-07-26T02:00:30.636+0000] {dag.py:2585} INFO - Sync 1 DAGs
[2024-07-26T02:00:30.659+0000] {logging_mixin.py:120} INFO - [2024-07-26T02:00:30.659+0000] {dag.py:3340} INFO - Setting next_dagrun for example_sla_dag to 2024-07-26T01:58:00+00:00, run_after=2024-07-26T02:00:00+00:00
[2024-07-26T02:00:30.684+0000] {processor.py:176} INFO - Processing /home/airflow/.local/lib/python3.7/site-packages/airflow/example_dags/example_sla_dag.py took 0.092 seconds
[2024-07-26T02:13:03.263+0000] {processor.py:154} INFO - Started process (PID=5110) to work on /home/airflow/.local/lib/python3.7/site-packages/airflow/example_dags/example_sla_dag.py
[2024-07-26T02:13:03.266+0000] {processor.py:756} INFO - Processing file /home/airflow/.local/lib/python3.7/site-packages/airflow/example_dags/example_sla_dag.py for tasks to queue
[2024-07-26T02:13:03.268+0000] {logging_mixin.py:120} INFO - [2024-07-26T02:13:03.268+0000] {dagbag.py:537} INFO - Filling up the DagBag from /home/airflow/.local/lib/python3.7/site-packages/airflow/example_dags/example_sla_dag.py
[2024-07-26T02:13:03.286+0000] {processor.py:766} INFO - DAG(s) dict_keys(['example_sla_dag']) retrieved from /home/airflow/.local/lib/python3.7/site-packages/airflow/example_dags/example_sla_dag.py
[2024-07-26T02:13:03.312+0000] {logging_mixin.py:120} INFO - [2024-07-26T02:13:03.312+0000] {dag.py:2585} INFO - Sync 1 DAGs
[2024-07-26T02:13:03.337+0000] {logging_mixin.py:120} INFO - [2024-07-26T02:13:03.337+0000] {dag.py:3340} INFO - Setting next_dagrun for example_sla_dag to 2024-07-26T02:10:00+00:00, run_after=2024-07-26T02:12:00+00:00
[2024-07-26T02:13:03.363+0000] {processor.py:176} INFO - Processing /home/airflow/.local/lib/python3.7/site-packages/airflow/example_dags/example_sla_dag.py took 0.102 seconds
[2024-07-26T02:39:12.674+0000] {processor.py:154} INFO - Started process (PID=5165) to work on /home/airflow/.local/lib/python3.7/site-packages/airflow/example_dags/example_sla_dag.py
[2024-07-26T02:39:12.678+0000] {processor.py:756} INFO - Processing file /home/airflow/.local/lib/python3.7/site-packages/airflow/example_dags/example_sla_dag.py for tasks to queue
[2024-07-26T02:39:12.679+0000] {logging_mixin.py:120} INFO - [2024-07-26T02:39:12.679+0000] {dagbag.py:537} INFO - Filling up the DagBag from /home/airflow/.local/lib/python3.7/site-packages/airflow/example_dags/example_sla_dag.py
[2024-07-26T02:39:12.694+0000] {processor.py:766} INFO - DAG(s) dict_keys(['example_sla_dag']) retrieved from /home/airflow/.local/lib/python3.7/site-packages/airflow/example_dags/example_sla_dag.py
[2024-07-26T02:39:12.739+0000] {logging_mixin.py:120} INFO - [2024-07-26T02:39:12.739+0000] {dag.py:2585} INFO - Sync 1 DAGs
[2024-07-26T02:39:12.760+0000] {logging_mixin.py:120} INFO - [2024-07-26T02:39:12.760+0000] {dag.py:3340} INFO - Setting next_dagrun for example_sla_dag to 2024-07-26T02:36:00+00:00, run_after=2024-07-26T02:38:00+00:00
[2024-07-26T02:39:12.774+0000] {processor.py:176} INFO - Processing /home/airflow/.local/lib/python3.7/site-packages/airflow/example_dags/example_sla_dag.py took 0.104 seconds
[2024-07-26T02:58:12.194+0000] {processor.py:154} INFO - Started process (PID=5229) to work on /home/airflow/.local/lib/python3.7/site-packages/airflow/example_dags/example_sla_dag.py
[2024-07-26T02:58:12.197+0000] {processor.py:756} INFO - Processing file /home/airflow/.local/lib/python3.7/site-packages/airflow/example_dags/example_sla_dag.py for tasks to queue
[2024-07-26T02:58:12.198+0000] {logging_mixin.py:120} INFO - [2024-07-26T02:58:12.198+0000] {dagbag.py:537} INFO - Filling up the DagBag from /home/airflow/.local/lib/python3.7/site-packages/airflow/example_dags/example_sla_dag.py
[2024-07-26T02:58:12.216+0000] {processor.py:766} INFO - DAG(s) dict_keys(['example_sla_dag']) retrieved from /home/airflow/.local/lib/python3.7/site-packages/airflow/example_dags/example_sla_dag.py
[2024-07-26T02:58:12.243+0000] {logging_mixin.py:120} INFO - [2024-07-26T02:58:12.242+0000] {dag.py:2585} INFO - Sync 1 DAGs
[2024-07-26T02:58:12.257+0000] {logging_mixin.py:120} INFO - [2024-07-26T02:58:12.257+0000] {dag.py:3340} INFO - Setting next_dagrun for example_sla_dag to 2024-07-26T02:56:00+00:00, run_after=2024-07-26T02:58:00+00:00
[2024-07-26T02:58:12.272+0000] {processor.py:176} INFO - Processing /home/airflow/.local/lib/python3.7/site-packages/airflow/example_dags/example_sla_dag.py took 0.080 seconds
[2024-07-26T03:01:35.054+0000] {processor.py:154} INFO - Started process (PID=5293) to work on /home/airflow/.local/lib/python3.7/site-packages/airflow/example_dags/example_sla_dag.py
[2024-07-26T03:01:35.055+0000] {processor.py:756} INFO - Processing file /home/airflow/.local/lib/python3.7/site-packages/airflow/example_dags/example_sla_dag.py for tasks to queue
[2024-07-26T03:01:35.056+0000] {logging_mixin.py:120} INFO - [2024-07-26T03:01:35.056+0000] {dagbag.py:537} INFO - Filling up the DagBag from /home/airflow/.local/lib/python3.7/site-packages/airflow/example_dags/example_sla_dag.py
[2024-07-26T03:01:35.072+0000] {processor.py:766} INFO - DAG(s) dict_keys(['example_sla_dag']) retrieved from /home/airflow/.local/lib/python3.7/site-packages/airflow/example_dags/example_sla_dag.py
[2024-07-26T03:01:35.099+0000] {logging_mixin.py:120} INFO - [2024-07-26T03:01:35.099+0000] {dag.py:2585} INFO - Sync 1 DAGs
[2024-07-26T03:01:35.116+0000] {logging_mixin.py:120} INFO - [2024-07-26T03:01:35.116+0000] {dag.py:3340} INFO - Setting next_dagrun for example_sla_dag to 2024-07-26T02:58:00+00:00, run_after=2024-07-26T03:00:00+00:00
[2024-07-26T03:01:35.150+0000] {processor.py:176} INFO - Processing /home/airflow/.local/lib/python3.7/site-packages/airflow/example_dags/example_sla_dag.py took 0.097 seconds
[2024-07-26T03:15:41.545+0000] {processor.py:154} INFO - Started process (PID=5357) to work on /home/airflow/.local/lib/python3.7/site-packages/airflow/example_dags/example_sla_dag.py
[2024-07-26T03:15:41.549+0000] {processor.py:756} INFO - Processing file /home/airflow/.local/lib/python3.7/site-packages/airflow/example_dags/example_sla_dag.py for tasks to queue
[2024-07-26T03:15:41.549+0000] {logging_mixin.py:120} INFO - [2024-07-26T03:15:41.549+0000] {dagbag.py:537} INFO - Filling up the DagBag from /home/airflow/.local/lib/python3.7/site-packages/airflow/example_dags/example_sla_dag.py
[2024-07-26T03:15:41.565+0000] {processor.py:766} INFO - DAG(s) dict_keys(['example_sla_dag']) retrieved from /home/airflow/.local/lib/python3.7/site-packages/airflow/example_dags/example_sla_dag.py
[2024-07-26T03:15:41.610+0000] {logging_mixin.py:120} INFO - [2024-07-26T03:15:41.610+0000] {dag.py:2585} INFO - Sync 1 DAGs
[2024-07-26T03:15:41.636+0000] {logging_mixin.py:120} INFO - [2024-07-26T03:15:41.636+0000] {dag.py:3340} INFO - Setting next_dagrun for example_sla_dag to 2024-07-26T03:12:00+00:00, run_after=2024-07-26T03:14:00+00:00
[2024-07-26T03:15:41.656+0000] {processor.py:176} INFO - Processing /home/airflow/.local/lib/python3.7/site-packages/airflow/example_dags/example_sla_dag.py took 0.112 seconds
[2024-07-26T03:32:16.558+0000] {processor.py:154} INFO - Started process (PID=5412) to work on /home/airflow/.local/lib/python3.7/site-packages/airflow/example_dags/example_sla_dag.py
[2024-07-26T03:32:16.558+0000] {processor.py:756} INFO - Processing file /home/airflow/.local/lib/python3.7/site-packages/airflow/example_dags/example_sla_dag.py for tasks to queue
[2024-07-26T03:32:16.559+0000] {logging_mixin.py:120} INFO - [2024-07-26T03:32:16.559+0000] {dagbag.py:537} INFO - Filling up the DagBag from /home/airflow/.local/lib/python3.7/site-packages/airflow/example_dags/example_sla_dag.py
[2024-07-26T03:32:16.577+0000] {processor.py:766} INFO - DAG(s) dict_keys(['example_sla_dag']) retrieved from /home/airflow/.local/lib/python3.7/site-packages/airflow/example_dags/example_sla_dag.py
[2024-07-26T03:32:16.600+0000] {logging_mixin.py:120} INFO - [2024-07-26T03:32:16.600+0000] {dag.py:2585} INFO - Sync 1 DAGs
[2024-07-26T03:32:16.618+0000] {logging_mixin.py:120} INFO - [2024-07-26T03:32:16.618+0000] {dag.py:3340} INFO - Setting next_dagrun for example_sla_dag to 2024-07-26T03:30:00+00:00, run_after=2024-07-26T03:32:00+00:00
[2024-07-26T03:32:16.628+0000] {processor.py:176} INFO - Processing /home/airflow/.local/lib/python3.7/site-packages/airflow/example_dags/example_sla_dag.py took 0.072 seconds
[2024-07-26T03:56:59.427+0000] {processor.py:154} INFO - Started process (PID=5476) to work on /home/airflow/.local/lib/python3.7/site-packages/airflow/example_dags/example_sla_dag.py
[2024-07-26T03:56:59.428+0000] {processor.py:756} INFO - Processing file /home/airflow/.local/lib/python3.7/site-packages/airflow/example_dags/example_sla_dag.py for tasks to queue
[2024-07-26T03:56:59.429+0000] {logging_mixin.py:120} INFO - [2024-07-26T03:56:59.428+0000] {dagbag.py:537} INFO - Filling up the DagBag from /home/airflow/.local/lib/python3.7/site-packages/airflow/example_dags/example_sla_dag.py
[2024-07-26T03:56:59.443+0000] {processor.py:766} INFO - DAG(s) dict_keys(['example_sla_dag']) retrieved from /home/airflow/.local/lib/python3.7/site-packages/airflow/example_dags/example_sla_dag.py
[2024-07-26T03:56:59.474+0000] {logging_mixin.py:120} INFO - [2024-07-26T03:56:59.474+0000] {dag.py:2585} INFO - Sync 1 DAGs
[2024-07-26T03:56:59.497+0000] {logging_mixin.py:120} INFO - [2024-07-26T03:56:59.496+0000] {dag.py:3340} INFO - Setting next_dagrun for example_sla_dag to 2024-07-26T03:54:00+00:00, run_after=2024-07-26T03:56:00+00:00
[2024-07-26T03:56:59.518+0000] {processor.py:176} INFO - Processing /home/airflow/.local/lib/python3.7/site-packages/airflow/example_dags/example_sla_dag.py took 0.093 seconds
[2024-07-26T04:02:05.232+0000] {processor.py:154} INFO - Started process (PID=5540) to work on /home/airflow/.local/lib/python3.7/site-packages/airflow/example_dags/example_sla_dag.py
[2024-07-26T04:02:05.233+0000] {processor.py:756} INFO - Processing file /home/airflow/.local/lib/python3.7/site-packages/airflow/example_dags/example_sla_dag.py for tasks to queue
[2024-07-26T04:02:05.235+0000] {logging_mixin.py:120} INFO - [2024-07-26T04:02:05.235+0000] {dagbag.py:537} INFO - Filling up the DagBag from /home/airflow/.local/lib/python3.7/site-packages/airflow/example_dags/example_sla_dag.py
[2024-07-26T04:02:05.251+0000] {processor.py:766} INFO - DAG(s) dict_keys(['example_sla_dag']) retrieved from /home/airflow/.local/lib/python3.7/site-packages/airflow/example_dags/example_sla_dag.py
[2024-07-26T04:02:05.279+0000] {logging_mixin.py:120} INFO - [2024-07-26T04:02:05.278+0000] {dag.py:2585} INFO - Sync 1 DAGs
[2024-07-26T04:02:05.300+0000] {logging_mixin.py:120} INFO - [2024-07-26T04:02:05.300+0000] {dag.py:3340} INFO - Setting next_dagrun for example_sla_dag to 2024-07-26T04:00:00+00:00, run_after=2024-07-26T04:02:00+00:00
[2024-07-26T04:02:05.313+0000] {processor.py:176} INFO - Processing /home/airflow/.local/lib/python3.7/site-packages/airflow/example_dags/example_sla_dag.py took 0.083 seconds
[2024-07-26T04:04:17.735+0000] {processor.py:154} INFO - Started process (PID=5604) to work on /home/airflow/.local/lib/python3.7/site-packages/airflow/example_dags/example_sla_dag.py
[2024-07-26T04:04:17.736+0000] {processor.py:756} INFO - Processing file /home/airflow/.local/lib/python3.7/site-packages/airflow/example_dags/example_sla_dag.py for tasks to queue
[2024-07-26T04:04:17.737+0000] {logging_mixin.py:120} INFO - [2024-07-26T04:04:17.737+0000] {dagbag.py:537} INFO - Filling up the DagBag from /home/airflow/.local/lib/python3.7/site-packages/airflow/example_dags/example_sla_dag.py
[2024-07-26T04:04:17.753+0000] {processor.py:766} INFO - DAG(s) dict_keys(['example_sla_dag']) retrieved from /home/airflow/.local/lib/python3.7/site-packages/airflow/example_dags/example_sla_dag.py
[2024-07-26T04:04:17.790+0000] {logging_mixin.py:120} INFO - [2024-07-26T04:04:17.790+0000] {dag.py:2585} INFO - Sync 1 DAGs
[2024-07-26T04:04:17.805+0000] {logging_mixin.py:120} INFO - [2024-07-26T04:04:17.804+0000] {dag.py:3340} INFO - Setting next_dagrun for example_sla_dag to 2024-07-26T04:02:00+00:00, run_after=2024-07-26T04:04:00+00:00
[2024-07-26T04:04:17.823+0000] {processor.py:176} INFO - Processing /home/airflow/.local/lib/python3.7/site-packages/airflow/example_dags/example_sla_dag.py took 0.089 seconds
[2024-07-26T04:06:04.883+0000] {processor.py:154} INFO - Started process (PID=5667) to work on /home/airflow/.local/lib/python3.7/site-packages/airflow/example_dags/example_sla_dag.py
[2024-07-26T04:06:04.884+0000] {processor.py:756} INFO - Processing file /home/airflow/.local/lib/python3.7/site-packages/airflow/example_dags/example_sla_dag.py for tasks to queue
[2024-07-26T04:06:04.885+0000] {logging_mixin.py:120} INFO - [2024-07-26T04:06:04.885+0000] {dagbag.py:537} INFO - Filling up the DagBag from /home/airflow/.local/lib/python3.7/site-packages/airflow/example_dags/example_sla_dag.py
[2024-07-26T04:06:04.899+0000] {processor.py:766} INFO - DAG(s) dict_keys(['example_sla_dag']) retrieved from /home/airflow/.local/lib/python3.7/site-packages/airflow/example_dags/example_sla_dag.py
[2024-07-26T04:06:04.926+0000] {logging_mixin.py:120} INFO - [2024-07-26T04:06:04.926+0000] {dag.py:2585} INFO - Sync 1 DAGs
[2024-07-26T04:06:04.946+0000] {logging_mixin.py:120} INFO - [2024-07-26T04:06:04.946+0000] {dag.py:3340} INFO - Setting next_dagrun for example_sla_dag to 2024-07-26T04:04:00+00:00, run_after=2024-07-26T04:06:00+00:00
[2024-07-26T04:06:04.966+0000] {processor.py:176} INFO - Processing /home/airflow/.local/lib/python3.7/site-packages/airflow/example_dags/example_sla_dag.py took 0.085 seconds
[2024-07-26T04:08:06.138+0000] {processor.py:154} INFO - Started process (PID=5722) to work on /home/airflow/.local/lib/python3.7/site-packages/airflow/example_dags/example_sla_dag.py
[2024-07-26T04:08:06.140+0000] {processor.py:756} INFO - Processing file /home/airflow/.local/lib/python3.7/site-packages/airflow/example_dags/example_sla_dag.py for tasks to queue
[2024-07-26T04:08:06.140+0000] {logging_mixin.py:120} INFO - [2024-07-26T04:08:06.140+0000] {dagbag.py:537} INFO - Filling up the DagBag from /home/airflow/.local/lib/python3.7/site-packages/airflow/example_dags/example_sla_dag.py
[2024-07-26T04:08:06.153+0000] {processor.py:766} INFO - DAG(s) dict_keys(['example_sla_dag']) retrieved from /home/airflow/.local/lib/python3.7/site-packages/airflow/example_dags/example_sla_dag.py
[2024-07-26T04:08:06.181+0000] {logging_mixin.py:120} INFO - [2024-07-26T04:08:06.181+0000] {dag.py:2585} INFO - Sync 1 DAGs
[2024-07-26T04:08:06.196+0000] {logging_mixin.py:120} INFO - [2024-07-26T04:08:06.196+0000] {dag.py:3340} INFO - Setting next_dagrun for example_sla_dag to 2024-07-26T04:06:00+00:00, run_after=2024-07-26T04:08:00+00:00
[2024-07-26T04:08:06.217+0000] {processor.py:176} INFO - Processing /home/airflow/.local/lib/python3.7/site-packages/airflow/example_dags/example_sla_dag.py took 0.081 seconds
[2024-07-26T04:09:02.262+0000] {processor.py:154} INFO - Started process (PID=5786) to work on /home/airflow/.local/lib/python3.7/site-packages/airflow/example_dags/example_sla_dag.py
[2024-07-26T04:09:02.263+0000] {processor.py:756} INFO - Processing file /home/airflow/.local/lib/python3.7/site-packages/airflow/example_dags/example_sla_dag.py for tasks to queue
[2024-07-26T04:09:02.264+0000] {logging_mixin.py:120} INFO - [2024-07-26T04:09:02.264+0000] {dagbag.py:537} INFO - Filling up the DagBag from /home/airflow/.local/lib/python3.7/site-packages/airflow/example_dags/example_sla_dag.py
[2024-07-26T04:09:02.280+0000] {processor.py:766} INFO - DAG(s) dict_keys(['example_sla_dag']) retrieved from /home/airflow/.local/lib/python3.7/site-packages/airflow/example_dags/example_sla_dag.py
[2024-07-26T04:09:02.309+0000] {logging_mixin.py:120} INFO - [2024-07-26T04:09:02.309+0000] {dag.py:2585} INFO - Sync 1 DAGs
[2024-07-26T04:09:02.327+0000] {logging_mixin.py:120} INFO - [2024-07-26T04:09:02.327+0000] {dag.py:3340} INFO - Setting next_dagrun for example_sla_dag to 2024-07-26T04:06:00+00:00, run_after=2024-07-26T04:08:00+00:00
[2024-07-26T04:09:02.342+0000] {processor.py:176} INFO - Processing /home/airflow/.local/lib/python3.7/site-packages/airflow/example_dags/example_sla_dag.py took 0.082 seconds
[2024-07-26T04:10:11.755+0000] {processor.py:154} INFO - Started process (PID=5851) to work on /home/airflow/.local/lib/python3.7/site-packages/airflow/example_dags/example_sla_dag.py
[2024-07-26T04:10:11.755+0000] {processor.py:756} INFO - Processing file /home/airflow/.local/lib/python3.7/site-packages/airflow/example_dags/example_sla_dag.py for tasks to queue
[2024-07-26T04:10:11.756+0000] {logging_mixin.py:120} INFO - [2024-07-26T04:10:11.756+0000] {dagbag.py:537} INFO - Filling up the DagBag from /home/airflow/.local/lib/python3.7/site-packages/airflow/example_dags/example_sla_dag.py
[2024-07-26T04:10:11.772+0000] {processor.py:766} INFO - DAG(s) dict_keys(['example_sla_dag']) retrieved from /home/airflow/.local/lib/python3.7/site-packages/airflow/example_dags/example_sla_dag.py
[2024-07-26T04:10:11.807+0000] {logging_mixin.py:120} INFO - [2024-07-26T04:10:11.807+0000] {dag.py:2585} INFO - Sync 1 DAGs
[2024-07-26T04:10:11.824+0000] {logging_mixin.py:120} INFO - [2024-07-26T04:10:11.824+0000] {dag.py:3340} INFO - Setting next_dagrun for example_sla_dag to 2024-07-26T04:08:00+00:00, run_after=2024-07-26T04:10:00+00:00
[2024-07-26T04:10:11.837+0000] {processor.py:176} INFO - Processing /home/airflow/.local/lib/python3.7/site-packages/airflow/example_dags/example_sla_dag.py took 0.085 seconds
[2024-07-26T04:11:38.677+0000] {processor.py:154} INFO - Started process (PID=5915) to work on /home/airflow/.local/lib/python3.7/site-packages/airflow/example_dags/example_sla_dag.py
[2024-07-26T04:11:38.679+0000] {processor.py:756} INFO - Processing file /home/airflow/.local/lib/python3.7/site-packages/airflow/example_dags/example_sla_dag.py for tasks to queue
[2024-07-26T04:11:38.680+0000] {logging_mixin.py:120} INFO - [2024-07-26T04:11:38.680+0000] {dagbag.py:537} INFO - Filling up the DagBag from /home/airflow/.local/lib/python3.7/site-packages/airflow/example_dags/example_sla_dag.py
[2024-07-26T04:11:38.694+0000] {processor.py:766} INFO - DAG(s) dict_keys(['example_sla_dag']) retrieved from /home/airflow/.local/lib/python3.7/site-packages/airflow/example_dags/example_sla_dag.py
[2024-07-26T04:11:38.722+0000] {logging_mixin.py:120} INFO - [2024-07-26T04:11:38.722+0000] {dag.py:2585} INFO - Sync 1 DAGs
[2024-07-26T04:11:38.739+0000] {logging_mixin.py:120} INFO - [2024-07-26T04:11:38.739+0000] {dag.py:3340} INFO - Setting next_dagrun for example_sla_dag to 2024-07-26T04:08:00+00:00, run_after=2024-07-26T04:10:00+00:00
[2024-07-26T04:11:38.755+0000] {processor.py:176} INFO - Processing /home/airflow/.local/lib/python3.7/site-packages/airflow/example_dags/example_sla_dag.py took 0.079 seconds
[2024-07-26T04:12:21.716+0000] {processor.py:154} INFO - Started process (PID=5979) to work on /home/airflow/.local/lib/python3.7/site-packages/airflow/example_dags/example_sla_dag.py
[2024-07-26T04:12:21.718+0000] {processor.py:756} INFO - Processing file /home/airflow/.local/lib/python3.7/site-packages/airflow/example_dags/example_sla_dag.py for tasks to queue
[2024-07-26T04:12:21.718+0000] {logging_mixin.py:120} INFO - [2024-07-26T04:12:21.718+0000] {dagbag.py:537} INFO - Filling up the DagBag from /home/airflow/.local/lib/python3.7/site-packages/airflow/example_dags/example_sla_dag.py
[2024-07-26T04:12:21.738+0000] {processor.py:766} INFO - DAG(s) dict_keys(['example_sla_dag']) retrieved from /home/airflow/.local/lib/python3.7/site-packages/airflow/example_dags/example_sla_dag.py
[2024-07-26T04:12:21.768+0000] {logging_mixin.py:120} INFO - [2024-07-26T04:12:21.767+0000] {dag.py:2585} INFO - Sync 1 DAGs
[2024-07-26T04:12:21.789+0000] {logging_mixin.py:120} INFO - [2024-07-26T04:12:21.789+0000] {dag.py:3340} INFO - Setting next_dagrun for example_sla_dag to 2024-07-26T04:10:00+00:00, run_after=2024-07-26T04:12:00+00:00
[2024-07-26T04:12:21.800+0000] {processor.py:176} INFO - Processing /home/airflow/.local/lib/python3.7/site-packages/airflow/example_dags/example_sla_dag.py took 0.086 seconds
[2024-07-26T04:13:15.482+0000] {processor.py:154} INFO - Started process (PID=6034) to work on /home/airflow/.local/lib/python3.7/site-packages/airflow/example_dags/example_sla_dag.py
[2024-07-26T04:13:15.484+0000] {processor.py:756} INFO - Processing file /home/airflow/.local/lib/python3.7/site-packages/airflow/example_dags/example_sla_dag.py for tasks to queue
[2024-07-26T04:13:15.485+0000] {logging_mixin.py:120} INFO - [2024-07-26T04:13:15.485+0000] {dagbag.py:537} INFO - Filling up the DagBag from /home/airflow/.local/lib/python3.7/site-packages/airflow/example_dags/example_sla_dag.py
[2024-07-26T04:13:15.500+0000] {processor.py:766} INFO - DAG(s) dict_keys(['example_sla_dag']) retrieved from /home/airflow/.local/lib/python3.7/site-packages/airflow/example_dags/example_sla_dag.py
[2024-07-26T04:13:15.532+0000] {logging_mixin.py:120} INFO - [2024-07-26T04:13:15.532+0000] {dag.py:2585} INFO - Sync 1 DAGs
[2024-07-26T04:13:15.550+0000] {logging_mixin.py:120} INFO - [2024-07-26T04:13:15.550+0000] {dag.py:3340} INFO - Setting next_dagrun for example_sla_dag to 2024-07-26T04:10:00+00:00, run_after=2024-07-26T04:12:00+00:00
[2024-07-26T04:13:15.564+0000] {processor.py:176} INFO - Processing /home/airflow/.local/lib/python3.7/site-packages/airflow/example_dags/example_sla_dag.py took 0.085 seconds
[2024-07-26T04:14:05.910+0000] {processor.py:154} INFO - Started process (PID=6097) to work on /home/airflow/.local/lib/python3.7/site-packages/airflow/example_dags/example_sla_dag.py
[2024-07-26T04:14:05.911+0000] {processor.py:756} INFO - Processing file /home/airflow/.local/lib/python3.7/site-packages/airflow/example_dags/example_sla_dag.py for tasks to queue
[2024-07-26T04:14:05.912+0000] {logging_mixin.py:120} INFO - [2024-07-26T04:14:05.912+0000] {dagbag.py:537} INFO - Filling up the DagBag from /home/airflow/.local/lib/python3.7/site-packages/airflow/example_dags/example_sla_dag.py
[2024-07-26T04:14:05.926+0000] {processor.py:766} INFO - DAG(s) dict_keys(['example_sla_dag']) retrieved from /home/airflow/.local/lib/python3.7/site-packages/airflow/example_dags/example_sla_dag.py
[2024-07-26T04:14:05.957+0000] {logging_mixin.py:120} INFO - [2024-07-26T04:14:05.957+0000] {dag.py:2585} INFO - Sync 1 DAGs
[2024-07-26T04:14:05.975+0000] {logging_mixin.py:120} INFO - [2024-07-26T04:14:05.975+0000] {dag.py:3340} INFO - Setting next_dagrun for example_sla_dag to 2024-07-26T04:12:00+00:00, run_after=2024-07-26T04:14:00+00:00
[2024-07-26T04:14:06.024+0000] {processor.py:176} INFO - Processing /home/airflow/.local/lib/python3.7/site-packages/airflow/example_dags/example_sla_dag.py took 0.116 seconds
[2024-07-26T04:18:34.549+0000] {processor.py:154} INFO - Started process (PID=6161) to work on /home/airflow/.local/lib/python3.7/site-packages/airflow/example_dags/example_sla_dag.py
[2024-07-26T04:18:34.550+0000] {processor.py:756} INFO - Processing file /home/airflow/.local/lib/python3.7/site-packages/airflow/example_dags/example_sla_dag.py for tasks to queue
[2024-07-26T04:18:34.551+0000] {logging_mixin.py:120} INFO - [2024-07-26T04:18:34.551+0000] {dagbag.py:537} INFO - Filling up the DagBag from /home/airflow/.local/lib/python3.7/site-packages/airflow/example_dags/example_sla_dag.py
[2024-07-26T04:18:34.568+0000] {processor.py:766} INFO - DAG(s) dict_keys(['example_sla_dag']) retrieved from /home/airflow/.local/lib/python3.7/site-packages/airflow/example_dags/example_sla_dag.py
[2024-07-26T04:18:34.593+0000] {logging_mixin.py:120} INFO - [2024-07-26T04:18:34.593+0000] {dag.py:2585} INFO - Sync 1 DAGs
[2024-07-26T04:18:34.611+0000] {logging_mixin.py:120} INFO - [2024-07-26T04:18:34.611+0000] {dag.py:3340} INFO - Setting next_dagrun for example_sla_dag to 2024-07-26T04:16:00+00:00, run_after=2024-07-26T04:18:00+00:00
[2024-07-26T04:18:34.628+0000] {processor.py:176} INFO - Processing /home/airflow/.local/lib/python3.7/site-packages/airflow/example_dags/example_sla_dag.py took 0.080 seconds
[2024-07-26T04:19:16.726+0000] {processor.py:154} INFO - Started process (PID=6225) to work on /home/airflow/.local/lib/python3.7/site-packages/airflow/example_dags/example_sla_dag.py
[2024-07-26T04:19:16.728+0000] {processor.py:756} INFO - Processing file /home/airflow/.local/lib/python3.7/site-packages/airflow/example_dags/example_sla_dag.py for tasks to queue
[2024-07-26T04:19:16.729+0000] {logging_mixin.py:120} INFO - [2024-07-26T04:19:16.729+0000] {dagbag.py:537} INFO - Filling up the DagBag from /home/airflow/.local/lib/python3.7/site-packages/airflow/example_dags/example_sla_dag.py
[2024-07-26T04:19:16.740+0000] {processor.py:766} INFO - DAG(s) dict_keys(['example_sla_dag']) retrieved from /home/airflow/.local/lib/python3.7/site-packages/airflow/example_dags/example_sla_dag.py
[2024-07-26T04:19:16.764+0000] {logging_mixin.py:120} INFO - [2024-07-26T04:19:16.764+0000] {dag.py:2585} INFO - Sync 1 DAGs
[2024-07-26T04:19:16.790+0000] {logging_mixin.py:120} INFO - [2024-07-26T04:19:16.790+0000] {dag.py:3340} INFO - Setting next_dagrun for example_sla_dag to 2024-07-26T04:16:00+00:00, run_after=2024-07-26T04:18:00+00:00
[2024-07-26T04:19:16.807+0000] {processor.py:176} INFO - Processing /home/airflow/.local/lib/python3.7/site-packages/airflow/example_dags/example_sla_dag.py took 0.084 seconds
[2024-07-26T04:20:38.305+0000] {processor.py:154} INFO - Started process (PID=6280) to work on /home/airflow/.local/lib/python3.7/site-packages/airflow/example_dags/example_sla_dag.py
[2024-07-26T04:20:38.307+0000] {processor.py:756} INFO - Processing file /home/airflow/.local/lib/python3.7/site-packages/airflow/example_dags/example_sla_dag.py for tasks to queue
[2024-07-26T04:20:38.308+0000] {logging_mixin.py:120} INFO - [2024-07-26T04:20:38.308+0000] {dagbag.py:537} INFO - Filling up the DagBag from /home/airflow/.local/lib/python3.7/site-packages/airflow/example_dags/example_sla_dag.py
[2024-07-26T04:20:38.323+0000] {processor.py:766} INFO - DAG(s) dict_keys(['example_sla_dag']) retrieved from /home/airflow/.local/lib/python3.7/site-packages/airflow/example_dags/example_sla_dag.py
[2024-07-26T04:20:38.354+0000] {logging_mixin.py:120} INFO - [2024-07-26T04:20:38.354+0000] {dag.py:2585} INFO - Sync 1 DAGs
[2024-07-26T04:20:38.371+0000] {logging_mixin.py:120} INFO - [2024-07-26T04:20:38.371+0000] {dag.py:3340} INFO - Setting next_dagrun for example_sla_dag to 2024-07-26T04:18:00+00:00, run_after=2024-07-26T04:20:00+00:00
[2024-07-26T04:20:38.392+0000] {processor.py:176} INFO - Processing /home/airflow/.local/lib/python3.7/site-packages/airflow/example_dags/example_sla_dag.py took 0.089 seconds
[2024-07-26T04:21:42.217+0000] {processor.py:154} INFO - Started process (PID=6343) to work on /home/airflow/.local/lib/python3.7/site-packages/airflow/example_dags/example_sla_dag.py
[2024-07-26T04:21:42.218+0000] {processor.py:756} INFO - Processing file /home/airflow/.local/lib/python3.7/site-packages/airflow/example_dags/example_sla_dag.py for tasks to queue
[2024-07-26T04:21:42.218+0000] {logging_mixin.py:120} INFO - [2024-07-26T04:21:42.218+0000] {dagbag.py:537} INFO - Filling up the DagBag from /home/airflow/.local/lib/python3.7/site-packages/airflow/example_dags/example_sla_dag.py
[2024-07-26T04:21:42.231+0000] {processor.py:766} INFO - DAG(s) dict_keys(['example_sla_dag']) retrieved from /home/airflow/.local/lib/python3.7/site-packages/airflow/example_dags/example_sla_dag.py
[2024-07-26T04:21:42.261+0000] {logging_mixin.py:120} INFO - [2024-07-26T04:21:42.261+0000] {dag.py:2585} INFO - Sync 1 DAGs
[2024-07-26T04:21:42.277+0000] {logging_mixin.py:120} INFO - [2024-07-26T04:21:42.277+0000] {dag.py:3340} INFO - Setting next_dagrun for example_sla_dag to 2024-07-26T04:18:00+00:00, run_after=2024-07-26T04:20:00+00:00
[2024-07-26T04:21:42.291+0000] {processor.py:176} INFO - Processing /home/airflow/.local/lib/python3.7/site-packages/airflow/example_dags/example_sla_dag.py took 0.076 seconds
[2024-07-26T04:22:49.049+0000] {processor.py:154} INFO - Started process (PID=6407) to work on /home/airflow/.local/lib/python3.7/site-packages/airflow/example_dags/example_sla_dag.py
[2024-07-26T04:22:49.050+0000] {processor.py:756} INFO - Processing file /home/airflow/.local/lib/python3.7/site-packages/airflow/example_dags/example_sla_dag.py for tasks to queue
[2024-07-26T04:22:49.051+0000] {logging_mixin.py:120} INFO - [2024-07-26T04:22:49.051+0000] {dagbag.py:537} INFO - Filling up the DagBag from /home/airflow/.local/lib/python3.7/site-packages/airflow/example_dags/example_sla_dag.py
[2024-07-26T04:22:49.064+0000] {processor.py:766} INFO - DAG(s) dict_keys(['example_sla_dag']) retrieved from /home/airflow/.local/lib/python3.7/site-packages/airflow/example_dags/example_sla_dag.py
[2024-07-26T04:22:49.086+0000] {logging_mixin.py:120} INFO - [2024-07-26T04:22:49.086+0000] {dag.py:2585} INFO - Sync 1 DAGs
[2024-07-26T04:22:49.104+0000] {logging_mixin.py:120} INFO - [2024-07-26T04:22:49.104+0000] {dag.py:3340} INFO - Setting next_dagrun for example_sla_dag to 2024-07-26T04:20:00+00:00, run_after=2024-07-26T04:22:00+00:00
[2024-07-26T04:22:49.117+0000] {processor.py:176} INFO - Processing /home/airflow/.local/lib/python3.7/site-packages/airflow/example_dags/example_sla_dag.py took 0.071 seconds
[2024-07-26T04:34:01.698+0000] {processor.py:154} INFO - Started process (PID=6471) to work on /home/airflow/.local/lib/python3.7/site-packages/airflow/example_dags/example_sla_dag.py
[2024-07-26T04:34:01.703+0000] {processor.py:756} INFO - Processing file /home/airflow/.local/lib/python3.7/site-packages/airflow/example_dags/example_sla_dag.py for tasks to queue
[2024-07-26T04:34:01.704+0000] {logging_mixin.py:120} INFO - [2024-07-26T04:34:01.704+0000] {dagbag.py:537} INFO - Filling up the DagBag from /home/airflow/.local/lib/python3.7/site-packages/airflow/example_dags/example_sla_dag.py
[2024-07-26T04:34:01.724+0000] {processor.py:766} INFO - DAG(s) dict_keys(['example_sla_dag']) retrieved from /home/airflow/.local/lib/python3.7/site-packages/airflow/example_dags/example_sla_dag.py
[2024-07-26T04:34:01.751+0000] {logging_mixin.py:120} INFO - [2024-07-26T04:34:01.751+0000] {dag.py:2585} INFO - Sync 1 DAGs
[2024-07-26T04:34:01.767+0000] {logging_mixin.py:120} INFO - [2024-07-26T04:34:01.767+0000] {dag.py:3340} INFO - Setting next_dagrun for example_sla_dag to 2024-07-26T04:32:00+00:00, run_after=2024-07-26T04:34:00+00:00
[2024-07-26T04:34:01.784+0000] {processor.py:176} INFO - Processing /home/airflow/.local/lib/python3.7/site-packages/airflow/example_dags/example_sla_dag.py took 0.088 seconds
[2024-07-26T04:49:13.946+0000] {processor.py:154} INFO - Started process (PID=6535) to work on /home/airflow/.local/lib/python3.7/site-packages/airflow/example_dags/example_sla_dag.py
[2024-07-26T04:49:13.948+0000] {processor.py:756} INFO - Processing file /home/airflow/.local/lib/python3.7/site-packages/airflow/example_dags/example_sla_dag.py for tasks to queue
[2024-07-26T04:49:13.948+0000] {logging_mixin.py:120} INFO - [2024-07-26T04:49:13.948+0000] {dagbag.py:537} INFO - Filling up the DagBag from /home/airflow/.local/lib/python3.7/site-packages/airflow/example_dags/example_sla_dag.py
[2024-07-26T04:49:13.962+0000] {processor.py:766} INFO - DAG(s) dict_keys(['example_sla_dag']) retrieved from /home/airflow/.local/lib/python3.7/site-packages/airflow/example_dags/example_sla_dag.py
[2024-07-26T04:49:13.997+0000] {logging_mixin.py:120} INFO - [2024-07-26T04:49:13.997+0000] {dag.py:2585} INFO - Sync 1 DAGs
[2024-07-26T04:49:14.016+0000] {logging_mixin.py:120} INFO - [2024-07-26T04:49:14.016+0000] {dag.py:3340} INFO - Setting next_dagrun for example_sla_dag to 2024-07-26T04:46:00+00:00, run_after=2024-07-26T04:48:00+00:00
[2024-07-26T04:49:14.033+0000] {processor.py:176} INFO - Processing /home/airflow/.local/lib/python3.7/site-packages/airflow/example_dags/example_sla_dag.py took 0.088 seconds
[2024-07-26T04:53:38.743+0000] {processor.py:154} INFO - Started process (PID=6590) to work on /home/airflow/.local/lib/python3.7/site-packages/airflow/example_dags/example_sla_dag.py
[2024-07-26T04:53:38.749+0000] {processor.py:756} INFO - Processing file /home/airflow/.local/lib/python3.7/site-packages/airflow/example_dags/example_sla_dag.py for tasks to queue
[2024-07-26T04:53:38.749+0000] {logging_mixin.py:120} INFO - [2024-07-26T04:53:38.749+0000] {dagbag.py:537} INFO - Filling up the DagBag from /home/airflow/.local/lib/python3.7/site-packages/airflow/example_dags/example_sla_dag.py
[2024-07-26T04:53:38.762+0000] {processor.py:766} INFO - DAG(s) dict_keys(['example_sla_dag']) retrieved from /home/airflow/.local/lib/python3.7/site-packages/airflow/example_dags/example_sla_dag.py
[2024-07-26T04:53:38.797+0000] {logging_mixin.py:120} INFO - [2024-07-26T04:53:38.797+0000] {dag.py:2585} INFO - Sync 1 DAGs
[2024-07-26T04:53:38.814+0000] {logging_mixin.py:120} INFO - [2024-07-26T04:53:38.814+0000] {dag.py:3340} INFO - Setting next_dagrun for example_sla_dag to 2024-07-26T04:50:00+00:00, run_after=2024-07-26T04:52:00+00:00
[2024-07-26T04:53:38.833+0000] {processor.py:176} INFO - Processing /home/airflow/.local/lib/python3.7/site-packages/airflow/example_dags/example_sla_dag.py took 0.091 seconds
[2024-07-26T05:02:50.978+0000] {processor.py:154} INFO - Started process (PID=6654) to work on /home/airflow/.local/lib/python3.7/site-packages/airflow/example_dags/example_sla_dag.py
[2024-07-26T05:02:50.981+0000] {processor.py:756} INFO - Processing file /home/airflow/.local/lib/python3.7/site-packages/airflow/example_dags/example_sla_dag.py for tasks to queue
[2024-07-26T05:02:50.983+0000] {logging_mixin.py:120} INFO - [2024-07-26T05:02:50.983+0000] {dagbag.py:537} INFO - Filling up the DagBag from /home/airflow/.local/lib/python3.7/site-packages/airflow/example_dags/example_sla_dag.py
[2024-07-26T05:02:50.999+0000] {processor.py:766} INFO - DAG(s) dict_keys(['example_sla_dag']) retrieved from /home/airflow/.local/lib/python3.7/site-packages/airflow/example_dags/example_sla_dag.py
[2024-07-26T05:02:51.027+0000] {logging_mixin.py:120} INFO - [2024-07-26T05:02:51.027+0000] {dag.py:2585} INFO - Sync 1 DAGs
[2024-07-26T05:02:51.046+0000] {logging_mixin.py:120} INFO - [2024-07-26T05:02:51.046+0000] {dag.py:3340} INFO - Setting next_dagrun for example_sla_dag to 2024-07-26T05:00:00+00:00, run_after=2024-07-26T05:02:00+00:00
[2024-07-26T05:02:51.062+0000] {processor.py:176} INFO - Processing /home/airflow/.local/lib/python3.7/site-packages/airflow/example_dags/example_sla_dag.py took 0.085 seconds
[2024-07-26T05:15:53.291+0000] {processor.py:154} INFO - Started process (PID=6718) to work on /home/airflow/.local/lib/python3.7/site-packages/airflow/example_dags/example_sla_dag.py
[2024-07-26T05:15:53.295+0000] {processor.py:756} INFO - Processing file /home/airflow/.local/lib/python3.7/site-packages/airflow/example_dags/example_sla_dag.py for tasks to queue
[2024-07-26T05:15:53.296+0000] {logging_mixin.py:120} INFO - [2024-07-26T05:15:53.296+0000] {dagbag.py:537} INFO - Filling up the DagBag from /home/airflow/.local/lib/python3.7/site-packages/airflow/example_dags/example_sla_dag.py
[2024-07-26T05:15:53.309+0000] {processor.py:766} INFO - DAG(s) dict_keys(['example_sla_dag']) retrieved from /home/airflow/.local/lib/python3.7/site-packages/airflow/example_dags/example_sla_dag.py
[2024-07-26T05:15:53.338+0000] {logging_mixin.py:120} INFO - [2024-07-26T05:15:53.338+0000] {dag.py:2585} INFO - Sync 1 DAGs
[2024-07-26T05:15:53.355+0000] {logging_mixin.py:120} INFO - [2024-07-26T05:15:53.355+0000] {dag.py:3340} INFO - Setting next_dagrun for example_sla_dag to 2024-07-26T05:12:00+00:00, run_after=2024-07-26T05:14:00+00:00
[2024-07-26T05:15:53.369+0000] {processor.py:176} INFO - Processing /home/airflow/.local/lib/python3.7/site-packages/airflow/example_dags/example_sla_dag.py took 0.079 seconds
[2024-07-26T05:33:30.189+0000] {processor.py:154} INFO - Started process (PID=6782) to work on /home/airflow/.local/lib/python3.7/site-packages/airflow/example_dags/example_sla_dag.py
[2024-07-26T05:33:30.189+0000] {processor.py:756} INFO - Processing file /home/airflow/.local/lib/python3.7/site-packages/airflow/example_dags/example_sla_dag.py for tasks to queue
[2024-07-26T05:33:30.190+0000] {logging_mixin.py:120} INFO - [2024-07-26T05:33:30.190+0000] {dagbag.py:537} INFO - Filling up the DagBag from /home/airflow/.local/lib/python3.7/site-packages/airflow/example_dags/example_sla_dag.py
[2024-07-26T05:33:30.201+0000] {processor.py:766} INFO - DAG(s) dict_keys(['example_sla_dag']) retrieved from /home/airflow/.local/lib/python3.7/site-packages/airflow/example_dags/example_sla_dag.py
[2024-07-26T05:33:30.222+0000] {logging_mixin.py:120} INFO - [2024-07-26T05:33:30.222+0000] {dag.py:2585} INFO - Sync 1 DAGs
[2024-07-26T05:33:30.238+0000] {logging_mixin.py:120} INFO - [2024-07-26T05:33:30.237+0000] {dag.py:3340} INFO - Setting next_dagrun for example_sla_dag to 2024-07-26T05:30:00+00:00, run_after=2024-07-26T05:32:00+00:00
[2024-07-26T05:33:30.248+0000] {processor.py:176} INFO - Processing /home/airflow/.local/lib/python3.7/site-packages/airflow/example_dags/example_sla_dag.py took 0.061 seconds
[2024-07-26T06:09:37.561+0000] {processor.py:154} INFO - Started process (PID=6845) to work on /home/airflow/.local/lib/python3.7/site-packages/airflow/example_dags/example_sla_dag.py
[2024-07-26T06:09:37.563+0000] {processor.py:756} INFO - Processing file /home/airflow/.local/lib/python3.7/site-packages/airflow/example_dags/example_sla_dag.py for tasks to queue
[2024-07-26T06:09:37.563+0000] {logging_mixin.py:120} INFO - [2024-07-26T06:09:37.563+0000] {dagbag.py:537} INFO - Filling up the DagBag from /home/airflow/.local/lib/python3.7/site-packages/airflow/example_dags/example_sla_dag.py
[2024-07-26T06:09:37.576+0000] {processor.py:766} INFO - DAG(s) dict_keys(['example_sla_dag']) retrieved from /home/airflow/.local/lib/python3.7/site-packages/airflow/example_dags/example_sla_dag.py
[2024-07-26T06:09:37.602+0000] {logging_mixin.py:120} INFO - [2024-07-26T06:09:37.602+0000] {dag.py:2585} INFO - Sync 1 DAGs
[2024-07-26T06:09:37.623+0000] {logging_mixin.py:120} INFO - [2024-07-26T06:09:37.623+0000] {dag.py:3340} INFO - Setting next_dagrun for example_sla_dag to 2024-07-26T06:06:00+00:00, run_after=2024-07-26T06:08:00+00:00
[2024-07-26T06:09:37.634+0000] {processor.py:176} INFO - Processing /home/airflow/.local/lib/python3.7/site-packages/airflow/example_dags/example_sla_dag.py took 0.075 seconds
[2024-07-26T07:10:34.514+0000] {processor.py:154} INFO - Started process (PID=6900) to work on /home/airflow/.local/lib/python3.7/site-packages/airflow/example_dags/example_sla_dag.py
[2024-07-26T07:10:34.515+0000] {processor.py:756} INFO - Processing file /home/airflow/.local/lib/python3.7/site-packages/airflow/example_dags/example_sla_dag.py for tasks to queue
[2024-07-26T07:10:34.516+0000] {logging_mixin.py:120} INFO - [2024-07-26T07:10:34.516+0000] {dagbag.py:537} INFO - Filling up the DagBag from /home/airflow/.local/lib/python3.7/site-packages/airflow/example_dags/example_sla_dag.py
[2024-07-26T07:10:34.532+0000] {processor.py:766} INFO - DAG(s) dict_keys(['example_sla_dag']) retrieved from /home/airflow/.local/lib/python3.7/site-packages/airflow/example_dags/example_sla_dag.py
[2024-07-26T07:10:34.568+0000] {logging_mixin.py:120} INFO - [2024-07-26T07:10:34.568+0000] {dag.py:2585} INFO - Sync 1 DAGs
[2024-07-26T07:10:34.598+0000] {logging_mixin.py:120} INFO - [2024-07-26T07:10:34.598+0000] {dag.py:3340} INFO - Setting next_dagrun for example_sla_dag to 2024-07-26T07:08:00+00:00, run_after=2024-07-26T07:10:00+00:00
[2024-07-26T07:10:34.621+0000] {processor.py:176} INFO - Processing /home/airflow/.local/lib/python3.7/site-packages/airflow/example_dags/example_sla_dag.py took 0.110 seconds
[2024-07-26T08:11:48.886+0000] {processor.py:154} INFO - Started process (PID=6964) to work on /home/airflow/.local/lib/python3.7/site-packages/airflow/example_dags/example_sla_dag.py
[2024-07-26T08:11:48.887+0000] {processor.py:756} INFO - Processing file /home/airflow/.local/lib/python3.7/site-packages/airflow/example_dags/example_sla_dag.py for tasks to queue
[2024-07-26T08:11:48.887+0000] {logging_mixin.py:120} INFO - [2024-07-26T08:11:48.887+0000] {dagbag.py:537} INFO - Filling up the DagBag from /home/airflow/.local/lib/python3.7/site-packages/airflow/example_dags/example_sla_dag.py
[2024-07-26T08:11:48.899+0000] {processor.py:766} INFO - DAG(s) dict_keys(['example_sla_dag']) retrieved from /home/airflow/.local/lib/python3.7/site-packages/airflow/example_dags/example_sla_dag.py
[2024-07-26T08:11:48.919+0000] {logging_mixin.py:120} INFO - [2024-07-26T08:11:48.919+0000] {dag.py:2585} INFO - Sync 1 DAGs
[2024-07-26T08:11:48.931+0000] {logging_mixin.py:120} INFO - [2024-07-26T08:11:48.931+0000] {dag.py:3340} INFO - Setting next_dagrun for example_sla_dag to 2024-07-26T08:08:00+00:00, run_after=2024-07-26T08:10:00+00:00
[2024-07-26T08:11:48.944+0000] {processor.py:176} INFO - Processing /home/airflow/.local/lib/python3.7/site-packages/airflow/example_dags/example_sla_dag.py took 0.060 seconds
[2024-07-26T08:36:13.241+0000] {processor.py:154} INFO - Started process (PID=7028) to work on /home/airflow/.local/lib/python3.7/site-packages/airflow/example_dags/example_sla_dag.py
[2024-07-26T08:36:13.242+0000] {processor.py:756} INFO - Processing file /home/airflow/.local/lib/python3.7/site-packages/airflow/example_dags/example_sla_dag.py for tasks to queue
[2024-07-26T08:36:13.243+0000] {logging_mixin.py:120} INFO - [2024-07-26T08:36:13.243+0000] {dagbag.py:537} INFO - Filling up the DagBag from /home/airflow/.local/lib/python3.7/site-packages/airflow/example_dags/example_sla_dag.py
[2024-07-26T08:36:13.259+0000] {processor.py:766} INFO - DAG(s) dict_keys(['example_sla_dag']) retrieved from /home/airflow/.local/lib/python3.7/site-packages/airflow/example_dags/example_sla_dag.py
[2024-07-26T08:36:13.290+0000] {logging_mixin.py:120} INFO - [2024-07-26T08:36:13.289+0000] {dag.py:2585} INFO - Sync 1 DAGs
[2024-07-26T08:36:13.316+0000] {logging_mixin.py:120} INFO - [2024-07-26T08:36:13.315+0000] {dag.py:3340} INFO - Setting next_dagrun for example_sla_dag to 2024-07-26T08:34:00+00:00, run_after=2024-07-26T08:36:00+00:00
[2024-07-26T08:36:13.335+0000] {processor.py:176} INFO - Processing /home/airflow/.local/lib/python3.7/site-packages/airflow/example_dags/example_sla_dag.py took 0.096 seconds
[2024-07-26T09:29:27.310+0000] {processor.py:154} INFO - Started process (PID=7092) to work on /home/airflow/.local/lib/python3.7/site-packages/airflow/example_dags/example_sla_dag.py
[2024-07-26T09:29:27.311+0000] {processor.py:756} INFO - Processing file /home/airflow/.local/lib/python3.7/site-packages/airflow/example_dags/example_sla_dag.py for tasks to queue
[2024-07-26T09:29:27.313+0000] {logging_mixin.py:120} INFO - [2024-07-26T09:29:27.313+0000] {dagbag.py:537} INFO - Filling up the DagBag from /home/airflow/.local/lib/python3.7/site-packages/airflow/example_dags/example_sla_dag.py
[2024-07-26T09:29:27.328+0000] {processor.py:766} INFO - DAG(s) dict_keys(['example_sla_dag']) retrieved from /home/airflow/.local/lib/python3.7/site-packages/airflow/example_dags/example_sla_dag.py
[2024-07-26T09:29:27.367+0000] {logging_mixin.py:120} INFO - [2024-07-26T09:29:27.367+0000] {dag.py:2585} INFO - Sync 1 DAGs
[2024-07-26T09:29:27.395+0000] {logging_mixin.py:120} INFO - [2024-07-26T09:29:27.395+0000] {dag.py:3340} INFO - Setting next_dagrun for example_sla_dag to 2024-07-26T09:26:00+00:00, run_after=2024-07-26T09:28:00+00:00
[2024-07-26T09:29:27.410+0000] {processor.py:176} INFO - Processing /home/airflow/.local/lib/python3.7/site-packages/airflow/example_dags/example_sla_dag.py took 0.102 seconds
[2024-07-26T10:30:31.937+0000] {processor.py:154} INFO - Started process (PID=7147) to work on /home/airflow/.local/lib/python3.7/site-packages/airflow/example_dags/example_sla_dag.py
[2024-07-26T10:30:31.940+0000] {processor.py:756} INFO - Processing file /home/airflow/.local/lib/python3.7/site-packages/airflow/example_dags/example_sla_dag.py for tasks to queue
[2024-07-26T10:30:31.941+0000] {logging_mixin.py:120} INFO - [2024-07-26T10:30:31.940+0000] {dagbag.py:537} INFO - Filling up the DagBag from /home/airflow/.local/lib/python3.7/site-packages/airflow/example_dags/example_sla_dag.py
[2024-07-26T10:30:31.965+0000] {processor.py:766} INFO - DAG(s) dict_keys(['example_sla_dag']) retrieved from /home/airflow/.local/lib/python3.7/site-packages/airflow/example_dags/example_sla_dag.py
[2024-07-26T10:30:31.992+0000] {logging_mixin.py:120} INFO - [2024-07-26T10:30:31.992+0000] {dag.py:2585} INFO - Sync 1 DAGs
[2024-07-26T10:30:32.008+0000] {logging_mixin.py:120} INFO - [2024-07-26T10:30:32.008+0000] {dag.py:3340} INFO - Setting next_dagrun for example_sla_dag to 2024-07-26T10:28:00+00:00, run_after=2024-07-26T10:30:00+00:00
[2024-07-26T10:30:32.031+0000] {processor.py:176} INFO - Processing /home/airflow/.local/lib/python3.7/site-packages/airflow/example_dags/example_sla_dag.py took 0.098 seconds
[2024-07-26T10:39:57.495+0000] {processor.py:154} INFO - Started process (PID=7211) to work on /home/airflow/.local/lib/python3.7/site-packages/airflow/example_dags/example_sla_dag.py
[2024-07-26T10:39:57.497+0000] {processor.py:756} INFO - Processing file /home/airflow/.local/lib/python3.7/site-packages/airflow/example_dags/example_sla_dag.py for tasks to queue
[2024-07-26T10:39:57.498+0000] {logging_mixin.py:120} INFO - [2024-07-26T10:39:57.498+0000] {dagbag.py:537} INFO - Filling up the DagBag from /home/airflow/.local/lib/python3.7/site-packages/airflow/example_dags/example_sla_dag.py
[2024-07-26T10:39:57.510+0000] {processor.py:766} INFO - DAG(s) dict_keys(['example_sla_dag']) retrieved from /home/airflow/.local/lib/python3.7/site-packages/airflow/example_dags/example_sla_dag.py
[2024-07-26T10:39:57.537+0000] {logging_mixin.py:120} INFO - [2024-07-26T10:39:57.537+0000] {dag.py:2585} INFO - Sync 1 DAGs
[2024-07-26T10:39:57.553+0000] {logging_mixin.py:120} INFO - [2024-07-26T10:39:57.553+0000] {dag.py:3340} INFO - Setting next_dagrun for example_sla_dag to 2024-07-26T10:36:00+00:00, run_after=2024-07-26T10:38:00+00:00
[2024-07-26T10:39:57.571+0000] {processor.py:176} INFO - Processing /home/airflow/.local/lib/python3.7/site-packages/airflow/example_dags/example_sla_dag.py took 0.078 seconds
[2024-07-26T11:48:31.839+0000] {processor.py:154} INFO - Started process (PID=7275) to work on /home/airflow/.local/lib/python3.7/site-packages/airflow/example_dags/example_sla_dag.py
[2024-07-26T11:48:31.842+0000] {processor.py:756} INFO - Processing file /home/airflow/.local/lib/python3.7/site-packages/airflow/example_dags/example_sla_dag.py for tasks to queue
[2024-07-26T11:48:31.843+0000] {logging_mixin.py:120} INFO - [2024-07-26T11:48:31.843+0000] {dagbag.py:537} INFO - Filling up the DagBag from /home/airflow/.local/lib/python3.7/site-packages/airflow/example_dags/example_sla_dag.py
[2024-07-26T11:48:31.862+0000] {processor.py:766} INFO - DAG(s) dict_keys(['example_sla_dag']) retrieved from /home/airflow/.local/lib/python3.7/site-packages/airflow/example_dags/example_sla_dag.py
[2024-07-26T11:48:31.894+0000] {logging_mixin.py:120} INFO - [2024-07-26T11:48:31.894+0000] {dag.py:2585} INFO - Sync 1 DAGs
[2024-07-26T11:48:31.917+0000] {logging_mixin.py:120} INFO - [2024-07-26T11:48:31.917+0000] {dag.py:3340} INFO - Setting next_dagrun for example_sla_dag to 2024-07-26T11:46:00+00:00, run_after=2024-07-26T11:48:00+00:00
[2024-07-26T11:48:31.940+0000] {processor.py:176} INFO - Processing /home/airflow/.local/lib/python3.7/site-packages/airflow/example_dags/example_sla_dag.py took 0.104 seconds
[2024-07-26T12:13:07.003+0000] {processor.py:154} INFO - Started process (PID=7339) to work on /home/airflow/.local/lib/python3.7/site-packages/airflow/example_dags/example_sla_dag.py
[2024-07-26T12:13:07.005+0000] {processor.py:756} INFO - Processing file /home/airflow/.local/lib/python3.7/site-packages/airflow/example_dags/example_sla_dag.py for tasks to queue
[2024-07-26T12:13:07.006+0000] {logging_mixin.py:120} INFO - [2024-07-26T12:13:07.006+0000] {dagbag.py:537} INFO - Filling up the DagBag from /home/airflow/.local/lib/python3.7/site-packages/airflow/example_dags/example_sla_dag.py
[2024-07-26T12:13:07.025+0000] {processor.py:766} INFO - DAG(s) dict_keys(['example_sla_dag']) retrieved from /home/airflow/.local/lib/python3.7/site-packages/airflow/example_dags/example_sla_dag.py
[2024-07-26T12:13:07.048+0000] {logging_mixin.py:120} INFO - [2024-07-26T12:13:07.048+0000] {dag.py:2585} INFO - Sync 1 DAGs
[2024-07-26T12:13:07.069+0000] {logging_mixin.py:120} INFO - [2024-07-26T12:13:07.069+0000] {dag.py:3340} INFO - Setting next_dagrun for example_sla_dag to 2024-07-26T12:10:00+00:00, run_after=2024-07-26T12:12:00+00:00
[2024-07-26T12:13:07.082+0000] {processor.py:176} INFO - Processing /home/airflow/.local/lib/python3.7/site-packages/airflow/example_dags/example_sla_dag.py took 0.081 seconds
[2024-07-26T12:19:27.194+0000] {processor.py:154} INFO - Started process (PID=7402) to work on /home/airflow/.local/lib/python3.7/site-packages/airflow/example_dags/example_sla_dag.py
[2024-07-26T12:19:27.198+0000] {processor.py:756} INFO - Processing file /home/airflow/.local/lib/python3.7/site-packages/airflow/example_dags/example_sla_dag.py for tasks to queue
[2024-07-26T12:19:27.200+0000] {logging_mixin.py:120} INFO - [2024-07-26T12:19:27.199+0000] {dagbag.py:537} INFO - Filling up the DagBag from /home/airflow/.local/lib/python3.7/site-packages/airflow/example_dags/example_sla_dag.py
[2024-07-26T12:19:27.226+0000] {processor.py:766} INFO - DAG(s) dict_keys(['example_sla_dag']) retrieved from /home/airflow/.local/lib/python3.7/site-packages/airflow/example_dags/example_sla_dag.py
[2024-07-26T12:19:27.277+0000] {logging_mixin.py:120} INFO - [2024-07-26T12:19:27.276+0000] {dag.py:2585} INFO - Sync 1 DAGs
[2024-07-26T12:19:27.310+0000] {logging_mixin.py:120} INFO - [2024-07-26T12:19:27.310+0000] {dag.py:3340} INFO - Setting next_dagrun for example_sla_dag to 2024-07-26T12:16:00+00:00, run_after=2024-07-26T12:18:00+00:00
[2024-07-26T12:19:27.350+0000] {processor.py:176} INFO - Processing /home/airflow/.local/lib/python3.7/site-packages/airflow/example_dags/example_sla_dag.py took 0.158 seconds
[2024-07-26T13:00:09.695+0000] {processor.py:154} INFO - Started process (PID=7457) to work on /home/airflow/.local/lib/python3.7/site-packages/airflow/example_dags/example_sla_dag.py
[2024-07-26T13:00:09.695+0000] {processor.py:756} INFO - Processing file /home/airflow/.local/lib/python3.7/site-packages/airflow/example_dags/example_sla_dag.py for tasks to queue
[2024-07-26T13:00:09.696+0000] {logging_mixin.py:120} INFO - [2024-07-26T13:00:09.696+0000] {dagbag.py:537} INFO - Filling up the DagBag from /home/airflow/.local/lib/python3.7/site-packages/airflow/example_dags/example_sla_dag.py
[2024-07-26T13:00:09.708+0000] {processor.py:766} INFO - DAG(s) dict_keys(['example_sla_dag']) retrieved from /home/airflow/.local/lib/python3.7/site-packages/airflow/example_dags/example_sla_dag.py
[2024-07-26T13:00:09.731+0000] {logging_mixin.py:120} INFO - [2024-07-26T13:00:09.730+0000] {dag.py:2585} INFO - Sync 1 DAGs
[2024-07-26T13:00:09.756+0000] {logging_mixin.py:120} INFO - [2024-07-26T13:00:09.755+0000] {dag.py:3340} INFO - Setting next_dagrun for example_sla_dag to 2024-07-26T12:58:00+00:00, run_after=2024-07-26T13:00:00+00:00
[2024-07-26T13:00:09.779+0000] {processor.py:176} INFO - Processing /home/airflow/.local/lib/python3.7/site-packages/airflow/example_dags/example_sla_dag.py took 0.087 seconds
[2024-07-26T13:12:28.861+0000] {processor.py:154} INFO - Started process (PID=7521) to work on /home/airflow/.local/lib/python3.7/site-packages/airflow/example_dags/example_sla_dag.py
[2024-07-26T13:12:28.863+0000] {processor.py:756} INFO - Processing file /home/airflow/.local/lib/python3.7/site-packages/airflow/example_dags/example_sla_dag.py for tasks to queue
[2024-07-26T13:12:28.864+0000] {logging_mixin.py:120} INFO - [2024-07-26T13:12:28.864+0000] {dagbag.py:537} INFO - Filling up the DagBag from /home/airflow/.local/lib/python3.7/site-packages/airflow/example_dags/example_sla_dag.py
[2024-07-26T13:12:28.881+0000] {processor.py:766} INFO - DAG(s) dict_keys(['example_sla_dag']) retrieved from /home/airflow/.local/lib/python3.7/site-packages/airflow/example_dags/example_sla_dag.py
[2024-07-26T13:12:28.917+0000] {logging_mixin.py:120} INFO - [2024-07-26T13:12:28.917+0000] {dag.py:2585} INFO - Sync 1 DAGs
[2024-07-26T13:12:28.941+0000] {logging_mixin.py:120} INFO - [2024-07-26T13:12:28.941+0000] {dag.py:3340} INFO - Setting next_dagrun for example_sla_dag to 2024-07-26T13:10:00+00:00, run_after=2024-07-26T13:12:00+00:00
[2024-07-26T13:12:28.959+0000] {processor.py:176} INFO - Processing /home/airflow/.local/lib/python3.7/site-packages/airflow/example_dags/example_sla_dag.py took 0.100 seconds
[2024-07-26T13:43:23.069+0000] {processor.py:154} INFO - Started process (PID=7585) to work on /home/airflow/.local/lib/python3.7/site-packages/airflow/example_dags/example_sla_dag.py
[2024-07-26T13:43:23.071+0000] {processor.py:756} INFO - Processing file /home/airflow/.local/lib/python3.7/site-packages/airflow/example_dags/example_sla_dag.py for tasks to queue
[2024-07-26T13:43:23.072+0000] {logging_mixin.py:120} INFO - [2024-07-26T13:43:23.072+0000] {dagbag.py:537} INFO - Filling up the DagBag from /home/airflow/.local/lib/python3.7/site-packages/airflow/example_dags/example_sla_dag.py
[2024-07-26T13:43:23.088+0000] {processor.py:766} INFO - DAG(s) dict_keys(['example_sla_dag']) retrieved from /home/airflow/.local/lib/python3.7/site-packages/airflow/example_dags/example_sla_dag.py
[2024-07-26T13:43:23.137+0000] {logging_mixin.py:120} INFO - [2024-07-26T13:43:23.137+0000] {dag.py:2585} INFO - Sync 1 DAGs
[2024-07-26T13:43:23.168+0000] {logging_mixin.py:120} INFO - [2024-07-26T13:43:23.168+0000] {dag.py:3340} INFO - Setting next_dagrun for example_sla_dag to 2024-07-26T13:40:00+00:00, run_after=2024-07-26T13:42:00+00:00
[2024-07-26T13:43:23.187+0000] {processor.py:176} INFO - Processing /home/airflow/.local/lib/python3.7/site-packages/airflow/example_dags/example_sla_dag.py took 0.120 seconds
[2024-07-26T13:46:54.960+0000] {processor.py:154} INFO - Started process (PID=7649) to work on /home/airflow/.local/lib/python3.7/site-packages/airflow/example_dags/example_sla_dag.py
[2024-07-26T13:46:54.964+0000] {processor.py:756} INFO - Processing file /home/airflow/.local/lib/python3.7/site-packages/airflow/example_dags/example_sla_dag.py for tasks to queue
[2024-07-26T13:46:54.965+0000] {logging_mixin.py:120} INFO - [2024-07-26T13:46:54.965+0000] {dagbag.py:537} INFO - Filling up the DagBag from /home/airflow/.local/lib/python3.7/site-packages/airflow/example_dags/example_sla_dag.py
[2024-07-26T13:46:54.987+0000] {processor.py:766} INFO - DAG(s) dict_keys(['example_sla_dag']) retrieved from /home/airflow/.local/lib/python3.7/site-packages/airflow/example_dags/example_sla_dag.py
[2024-07-26T13:46:55.028+0000] {logging_mixin.py:120} INFO - [2024-07-26T13:46:55.028+0000] {dag.py:2585} INFO - Sync 1 DAGs
[2024-07-26T13:46:55.048+0000] {logging_mixin.py:120} INFO - [2024-07-26T13:46:55.048+0000] {dag.py:3340} INFO - Setting next_dagrun for example_sla_dag to 2024-07-26T13:44:00+00:00, run_after=2024-07-26T13:46:00+00:00
[2024-07-26T13:46:55.071+0000] {processor.py:176} INFO - Processing /home/airflow/.local/lib/python3.7/site-packages/airflow/example_dags/example_sla_dag.py took 0.114 seconds
[2024-07-26T13:52:24.536+0000] {processor.py:154} INFO - Started process (PID=7704) to work on /home/airflow/.local/lib/python3.7/site-packages/airflow/example_dags/example_sla_dag.py
[2024-07-26T13:52:24.540+0000] {processor.py:756} INFO - Processing file /home/airflow/.local/lib/python3.7/site-packages/airflow/example_dags/example_sla_dag.py for tasks to queue
[2024-07-26T13:52:24.543+0000] {logging_mixin.py:120} INFO - [2024-07-26T13:52:24.542+0000] {dagbag.py:537} INFO - Filling up the DagBag from /home/airflow/.local/lib/python3.7/site-packages/airflow/example_dags/example_sla_dag.py
[2024-07-26T13:52:24.591+0000] {processor.py:766} INFO - DAG(s) dict_keys(['example_sla_dag']) retrieved from /home/airflow/.local/lib/python3.7/site-packages/airflow/example_dags/example_sla_dag.py
[2024-07-26T13:52:24.642+0000] {logging_mixin.py:120} INFO - [2024-07-26T13:52:24.642+0000] {dag.py:2585} INFO - Sync 1 DAGs
[2024-07-26T13:52:24.680+0000] {logging_mixin.py:120} INFO - [2024-07-26T13:52:24.680+0000] {dag.py:3340} INFO - Setting next_dagrun for example_sla_dag to 2024-07-26T13:50:00+00:00, run_after=2024-07-26T13:52:00+00:00
[2024-07-26T13:52:24.706+0000] {processor.py:176} INFO - Processing /home/airflow/.local/lib/python3.7/site-packages/airflow/example_dags/example_sla_dag.py took 0.173 seconds
[2024-07-26T13:54:21.946+0000] {processor.py:154} INFO - Started process (PID=7768) to work on /home/airflow/.local/lib/python3.7/site-packages/airflow/example_dags/example_sla_dag.py
[2024-07-26T13:54:21.946+0000] {processor.py:756} INFO - Processing file /home/airflow/.local/lib/python3.7/site-packages/airflow/example_dags/example_sla_dag.py for tasks to queue
[2024-07-26T13:54:21.947+0000] {logging_mixin.py:120} INFO - [2024-07-26T13:54:21.947+0000] {dagbag.py:537} INFO - Filling up the DagBag from /home/airflow/.local/lib/python3.7/site-packages/airflow/example_dags/example_sla_dag.py
[2024-07-26T13:54:21.960+0000] {processor.py:766} INFO - DAG(s) dict_keys(['example_sla_dag']) retrieved from /home/airflow/.local/lib/python3.7/site-packages/airflow/example_dags/example_sla_dag.py
[2024-07-26T13:54:21.985+0000] {logging_mixin.py:120} INFO - [2024-07-26T13:54:21.985+0000] {dag.py:2585} INFO - Sync 1 DAGs
[2024-07-26T13:54:22.000+0000] {logging_mixin.py:120} INFO - [2024-07-26T13:54:21.999+0000] {dag.py:3340} INFO - Setting next_dagrun for example_sla_dag to 2024-07-26T13:52:00+00:00, run_after=2024-07-26T13:54:00+00:00
[2024-07-26T13:54:22.016+0000] {processor.py:176} INFO - Processing /home/airflow/.local/lib/python3.7/site-packages/airflow/example_dags/example_sla_dag.py took 0.072 seconds
[2024-07-26T13:55:30.048+0000] {processor.py:154} INFO - Started process (PID=7832) to work on /home/airflow/.local/lib/python3.7/site-packages/airflow/example_dags/example_sla_dag.py
[2024-07-26T13:55:30.050+0000] {processor.py:756} INFO - Processing file /home/airflow/.local/lib/python3.7/site-packages/airflow/example_dags/example_sla_dag.py for tasks to queue
[2024-07-26T13:55:30.051+0000] {logging_mixin.py:120} INFO - [2024-07-26T13:55:30.051+0000] {dagbag.py:537} INFO - Filling up the DagBag from /home/airflow/.local/lib/python3.7/site-packages/airflow/example_dags/example_sla_dag.py
[2024-07-26T13:55:30.064+0000] {processor.py:766} INFO - DAG(s) dict_keys(['example_sla_dag']) retrieved from /home/airflow/.local/lib/python3.7/site-packages/airflow/example_dags/example_sla_dag.py
[2024-07-26T13:55:30.087+0000] {logging_mixin.py:120} INFO - [2024-07-26T13:55:30.087+0000] {dag.py:2585} INFO - Sync 1 DAGs
[2024-07-26T13:55:30.101+0000] {logging_mixin.py:120} INFO - [2024-07-26T13:55:30.101+0000] {dag.py:3340} INFO - Setting next_dagrun for example_sla_dag to 2024-07-26T13:52:00+00:00, run_after=2024-07-26T13:54:00+00:00
[2024-07-26T13:55:30.111+0000] {processor.py:176} INFO - Processing /home/airflow/.local/lib/python3.7/site-packages/airflow/example_dags/example_sla_dag.py took 0.065 seconds
[2024-07-26T14:05:33.613+0000] {processor.py:154} INFO - Started process (PID=7896) to work on /home/airflow/.local/lib/python3.7/site-packages/airflow/example_dags/example_sla_dag.py
[2024-07-26T14:05:33.614+0000] {processor.py:756} INFO - Processing file /home/airflow/.local/lib/python3.7/site-packages/airflow/example_dags/example_sla_dag.py for tasks to queue
[2024-07-26T14:05:33.615+0000] {logging_mixin.py:120} INFO - [2024-07-26T14:05:33.614+0000] {dagbag.py:537} INFO - Filling up the DagBag from /home/airflow/.local/lib/python3.7/site-packages/airflow/example_dags/example_sla_dag.py
[2024-07-26T14:05:33.629+0000] {processor.py:766} INFO - DAG(s) dict_keys(['example_sla_dag']) retrieved from /home/airflow/.local/lib/python3.7/site-packages/airflow/example_dags/example_sla_dag.py
[2024-07-26T14:05:33.653+0000] {logging_mixin.py:120} INFO - [2024-07-26T14:05:33.653+0000] {dag.py:2585} INFO - Sync 1 DAGs
[2024-07-26T14:05:33.671+0000] {logging_mixin.py:120} INFO - [2024-07-26T14:05:33.671+0000] {dag.py:3340} INFO - Setting next_dagrun for example_sla_dag to 2024-07-26T14:02:00+00:00, run_after=2024-07-26T14:04:00+00:00
[2024-07-26T14:05:33.686+0000] {processor.py:176} INFO - Processing /home/airflow/.local/lib/python3.7/site-packages/airflow/example_dags/example_sla_dag.py took 0.075 seconds
[2024-07-26T14:06:21.080+0000] {processor.py:154} INFO - Started process (PID=7959) to work on /home/airflow/.local/lib/python3.7/site-packages/airflow/example_dags/example_sla_dag.py
[2024-07-26T14:06:21.081+0000] {processor.py:756} INFO - Processing file /home/airflow/.local/lib/python3.7/site-packages/airflow/example_dags/example_sla_dag.py for tasks to queue
[2024-07-26T14:06:21.082+0000] {logging_mixin.py:120} INFO - [2024-07-26T14:06:21.082+0000] {dagbag.py:537} INFO - Filling up the DagBag from /home/airflow/.local/lib/python3.7/site-packages/airflow/example_dags/example_sla_dag.py
[2024-07-26T14:06:21.097+0000] {processor.py:766} INFO - DAG(s) dict_keys(['example_sla_dag']) retrieved from /home/airflow/.local/lib/python3.7/site-packages/airflow/example_dags/example_sla_dag.py
[2024-07-26T14:06:21.118+0000] {logging_mixin.py:120} INFO - [2024-07-26T14:06:21.118+0000] {dag.py:2585} INFO - Sync 1 DAGs
[2024-07-26T14:06:21.134+0000] {logging_mixin.py:120} INFO - [2024-07-26T14:06:21.134+0000] {dag.py:3340} INFO - Setting next_dagrun for example_sla_dag to 2024-07-26T14:04:00+00:00, run_after=2024-07-26T14:06:00+00:00
[2024-07-26T14:06:21.150+0000] {processor.py:176} INFO - Processing /home/airflow/.local/lib/python3.7/site-packages/airflow/example_dags/example_sla_dag.py took 0.073 seconds
