[2024-07-26T00:02:54.801+0000] {processor.py:154} INFO - Started process (PID=4796) to work on /home/airflow/.local/lib/python3.7/site-packages/airflow/example_dags/example_xcomargs.py
[2024-07-26T00:02:54.803+0000] {processor.py:756} INFO - Processing file /home/airflow/.local/lib/python3.7/site-packages/airflow/example_dags/example_xcomargs.py for tasks to queue
[2024-07-26T00:02:54.804+0000] {logging_mixin.py:120} INFO - [2024-07-26T00:02:54.804+0000] {dagbag.py:537} INFO - Filling up the DagBag from /home/airflow/.local/lib/python3.7/site-packages/airflow/example_dags/example_xcomargs.py
[2024-07-26T00:02:54.822+0000] {processor.py:766} INFO - DAG(s) dict_keys(['example_xcom_args_with_operators', 'example_xcom_args']) retrieved from /home/airflow/.local/lib/python3.7/site-packages/airflow/example_dags/example_xcomargs.py
[2024-07-26T00:02:54.850+0000] {logging_mixin.py:120} INFO - [2024-07-26T00:02:54.850+0000] {dag.py:2585} INFO - Sync 2 DAGs
[2024-07-26T00:02:54.871+0000] {logging_mixin.py:120} INFO - [2024-07-26T00:02:54.871+0000] {dag.py:3340} INFO - Setting next_dagrun for example_xcom_args to None, run_after=None
[2024-07-26T00:02:54.873+0000] {logging_mixin.py:120} INFO - [2024-07-26T00:02:54.872+0000] {dag.py:3340} INFO - Setting next_dagrun for example_xcom_args_with_operators to None, run_after=None
[2024-07-26T00:02:54.889+0000] {processor.py:176} INFO - Processing /home/airflow/.local/lib/python3.7/site-packages/airflow/example_dags/example_xcomargs.py took 0.090 seconds
[2024-07-26T00:16:07.411+0000] {processor.py:154} INFO - Started process (PID=4851) to work on /home/airflow/.local/lib/python3.7/site-packages/airflow/example_dags/example_xcomargs.py
[2024-07-26T00:16:07.414+0000] {processor.py:756} INFO - Processing file /home/airflow/.local/lib/python3.7/site-packages/airflow/example_dags/example_xcomargs.py for tasks to queue
[2024-07-26T00:16:07.416+0000] {logging_mixin.py:120} INFO - [2024-07-26T00:16:07.416+0000] {dagbag.py:537} INFO - Filling up the DagBag from /home/airflow/.local/lib/python3.7/site-packages/airflow/example_dags/example_xcomargs.py
[2024-07-26T00:16:07.433+0000] {processor.py:766} INFO - DAG(s) dict_keys(['example_xcom_args', 'example_xcom_args_with_operators']) retrieved from /home/airflow/.local/lib/python3.7/site-packages/airflow/example_dags/example_xcomargs.py
[2024-07-26T00:16:07.468+0000] {logging_mixin.py:120} INFO - [2024-07-26T00:16:07.468+0000] {dag.py:2585} INFO - Sync 2 DAGs
[2024-07-26T00:16:07.499+0000] {logging_mixin.py:120} INFO - [2024-07-26T00:16:07.499+0000] {dag.py:3340} INFO - Setting next_dagrun for example_xcom_args to None, run_after=None
[2024-07-26T00:16:07.504+0000] {logging_mixin.py:120} INFO - [2024-07-26T00:16:07.504+0000] {dag.py:3340} INFO - Setting next_dagrun for example_xcom_args_with_operators to None, run_after=None
[2024-07-26T00:16:07.525+0000] {processor.py:176} INFO - Processing /home/airflow/.local/lib/python3.7/site-packages/airflow/example_dags/example_xcomargs.py took 0.118 seconds
[2024-07-26T00:40:53.270+0000] {processor.py:154} INFO - Started process (PID=4915) to work on /home/airflow/.local/lib/python3.7/site-packages/airflow/example_dags/example_xcomargs.py
[2024-07-26T00:40:53.271+0000] {processor.py:756} INFO - Processing file /home/airflow/.local/lib/python3.7/site-packages/airflow/example_dags/example_xcomargs.py for tasks to queue
[2024-07-26T00:40:53.272+0000] {logging_mixin.py:120} INFO - [2024-07-26T00:40:53.272+0000] {dagbag.py:537} INFO - Filling up the DagBag from /home/airflow/.local/lib/python3.7/site-packages/airflow/example_dags/example_xcomargs.py
[2024-07-26T00:40:53.290+0000] {processor.py:766} INFO - DAG(s) dict_keys(['example_xcom_args', 'example_xcom_args_with_operators']) retrieved from /home/airflow/.local/lib/python3.7/site-packages/airflow/example_dags/example_xcomargs.py
[2024-07-26T00:40:53.313+0000] {logging_mixin.py:120} INFO - [2024-07-26T00:40:53.313+0000] {dag.py:2585} INFO - Sync 2 DAGs
[2024-07-26T00:40:53.327+0000] {logging_mixin.py:120} INFO - [2024-07-26T00:40:53.327+0000] {dag.py:3340} INFO - Setting next_dagrun for example_xcom_args to None, run_after=None
[2024-07-26T00:40:53.329+0000] {logging_mixin.py:120} INFO - [2024-07-26T00:40:53.329+0000] {dag.py:3340} INFO - Setting next_dagrun for example_xcom_args_with_operators to None, run_after=None
[2024-07-26T00:40:53.338+0000] {processor.py:176} INFO - Processing /home/airflow/.local/lib/python3.7/site-packages/airflow/example_dags/example_xcomargs.py took 0.074 seconds
[2024-07-26T01:30:33.892+0000] {processor.py:154} INFO - Started process (PID=4979) to work on /home/airflow/.local/lib/python3.7/site-packages/airflow/example_dags/example_xcomargs.py
[2024-07-26T01:30:33.894+0000] {processor.py:756} INFO - Processing file /home/airflow/.local/lib/python3.7/site-packages/airflow/example_dags/example_xcomargs.py for tasks to queue
[2024-07-26T01:30:33.895+0000] {logging_mixin.py:120} INFO - [2024-07-26T01:30:33.895+0000] {dagbag.py:537} INFO - Filling up the DagBag from /home/airflow/.local/lib/python3.7/site-packages/airflow/example_dags/example_xcomargs.py
[2024-07-26T01:30:33.907+0000] {processor.py:766} INFO - DAG(s) dict_keys(['example_xcom_args_with_operators', 'example_xcom_args']) retrieved from /home/airflow/.local/lib/python3.7/site-packages/airflow/example_dags/example_xcomargs.py
[2024-07-26T01:30:33.952+0000] {logging_mixin.py:120} INFO - [2024-07-26T01:30:33.951+0000] {dag.py:2585} INFO - Sync 2 DAGs
[2024-07-26T01:30:33.972+0000] {logging_mixin.py:120} INFO - [2024-07-26T01:30:33.972+0000] {dag.py:3340} INFO - Setting next_dagrun for example_xcom_args to None, run_after=None
[2024-07-26T01:30:33.977+0000] {logging_mixin.py:120} INFO - [2024-07-26T01:30:33.977+0000] {dag.py:3340} INFO - Setting next_dagrun for example_xcom_args_with_operators to None, run_after=None
[2024-07-26T01:30:33.992+0000] {processor.py:176} INFO - Processing /home/airflow/.local/lib/python3.7/site-packages/airflow/example_dags/example_xcomargs.py took 0.102 seconds
[2024-07-26T02:00:30.354+0000] {processor.py:154} INFO - Started process (PID=5043) to work on /home/airflow/.local/lib/python3.7/site-packages/airflow/example_dags/example_xcomargs.py
[2024-07-26T02:00:30.355+0000] {processor.py:756} INFO - Processing file /home/airflow/.local/lib/python3.7/site-packages/airflow/example_dags/example_xcomargs.py for tasks to queue
[2024-07-26T02:00:30.357+0000] {logging_mixin.py:120} INFO - [2024-07-26T02:00:30.357+0000] {dagbag.py:537} INFO - Filling up the DagBag from /home/airflow/.local/lib/python3.7/site-packages/airflow/example_dags/example_xcomargs.py
[2024-07-26T02:00:30.373+0000] {processor.py:766} INFO - DAG(s) dict_keys(['example_xcom_args', 'example_xcom_args_with_operators']) retrieved from /home/airflow/.local/lib/python3.7/site-packages/airflow/example_dags/example_xcomargs.py
[2024-07-26T02:00:30.408+0000] {logging_mixin.py:120} INFO - [2024-07-26T02:00:30.408+0000] {dag.py:2585} INFO - Sync 2 DAGs
[2024-07-26T02:00:30.426+0000] {logging_mixin.py:120} INFO - [2024-07-26T02:00:30.425+0000] {dag.py:3340} INFO - Setting next_dagrun for example_xcom_args to None, run_after=None
[2024-07-26T02:00:30.429+0000] {logging_mixin.py:120} INFO - [2024-07-26T02:00:30.429+0000] {dag.py:3340} INFO - Setting next_dagrun for example_xcom_args_with_operators to None, run_after=None
[2024-07-26T02:00:30.445+0000] {processor.py:176} INFO - Processing /home/airflow/.local/lib/python3.7/site-packages/airflow/example_dags/example_xcomargs.py took 0.093 seconds
[2024-07-26T02:13:02.946+0000] {processor.py:154} INFO - Started process (PID=5106) to work on /home/airflow/.local/lib/python3.7/site-packages/airflow/example_dags/example_xcomargs.py
[2024-07-26T02:13:02.948+0000] {processor.py:756} INFO - Processing file /home/airflow/.local/lib/python3.7/site-packages/airflow/example_dags/example_xcomargs.py for tasks to queue
[2024-07-26T02:13:02.952+0000] {logging_mixin.py:120} INFO - [2024-07-26T02:13:02.952+0000] {dagbag.py:537} INFO - Filling up the DagBag from /home/airflow/.local/lib/python3.7/site-packages/airflow/example_dags/example_xcomargs.py
[2024-07-26T02:13:02.967+0000] {processor.py:766} INFO - DAG(s) dict_keys(['example_xcom_args', 'example_xcom_args_with_operators']) retrieved from /home/airflow/.local/lib/python3.7/site-packages/airflow/example_dags/example_xcomargs.py
[2024-07-26T02:13:03.023+0000] {logging_mixin.py:120} INFO - [2024-07-26T02:13:03.023+0000] {dag.py:2585} INFO - Sync 2 DAGs
[2024-07-26T02:13:03.046+0000] {logging_mixin.py:120} INFO - [2024-07-26T02:13:03.045+0000] {dag.py:3340} INFO - Setting next_dagrun for example_xcom_args to None, run_after=None
[2024-07-26T02:13:03.051+0000] {logging_mixin.py:120} INFO - [2024-07-26T02:13:03.051+0000] {dag.py:3340} INFO - Setting next_dagrun for example_xcom_args_with_operators to None, run_after=None
[2024-07-26T02:13:03.065+0000] {processor.py:176} INFO - Processing /home/airflow/.local/lib/python3.7/site-packages/airflow/example_dags/example_xcomargs.py took 0.122 seconds
[2024-07-26T02:39:12.431+0000] {processor.py:154} INFO - Started process (PID=5161) to work on /home/airflow/.local/lib/python3.7/site-packages/airflow/example_dags/example_xcomargs.py
[2024-07-26T02:39:12.432+0000] {processor.py:756} INFO - Processing file /home/airflow/.local/lib/python3.7/site-packages/airflow/example_dags/example_xcomargs.py for tasks to queue
[2024-07-26T02:39:12.433+0000] {logging_mixin.py:120} INFO - [2024-07-26T02:39:12.433+0000] {dagbag.py:537} INFO - Filling up the DagBag from /home/airflow/.local/lib/python3.7/site-packages/airflow/example_dags/example_xcomargs.py
[2024-07-26T02:39:12.453+0000] {processor.py:766} INFO - DAG(s) dict_keys(['example_xcom_args_with_operators', 'example_xcom_args']) retrieved from /home/airflow/.local/lib/python3.7/site-packages/airflow/example_dags/example_xcomargs.py
[2024-07-26T02:39:12.489+0000] {logging_mixin.py:120} INFO - [2024-07-26T02:39:12.489+0000] {dag.py:2585} INFO - Sync 2 DAGs
[2024-07-26T02:39:12.503+0000] {logging_mixin.py:120} INFO - [2024-07-26T02:39:12.503+0000] {dag.py:3340} INFO - Setting next_dagrun for example_xcom_args to None, run_after=None
[2024-07-26T02:39:12.506+0000] {logging_mixin.py:120} INFO - [2024-07-26T02:39:12.506+0000] {dag.py:3340} INFO - Setting next_dagrun for example_xcom_args_with_operators to None, run_after=None
[2024-07-26T02:39:12.523+0000] {processor.py:176} INFO - Processing /home/airflow/.local/lib/python3.7/site-packages/airflow/example_dags/example_xcomargs.py took 0.094 seconds
[2024-07-26T02:58:11.971+0000] {processor.py:154} INFO - Started process (PID=5225) to work on /home/airflow/.local/lib/python3.7/site-packages/airflow/example_dags/example_xcomargs.py
[2024-07-26T02:58:11.973+0000] {processor.py:756} INFO - Processing file /home/airflow/.local/lib/python3.7/site-packages/airflow/example_dags/example_xcomargs.py for tasks to queue
[2024-07-26T02:58:11.973+0000] {logging_mixin.py:120} INFO - [2024-07-26T02:58:11.973+0000] {dagbag.py:537} INFO - Filling up the DagBag from /home/airflow/.local/lib/python3.7/site-packages/airflow/example_dags/example_xcomargs.py
[2024-07-26T02:58:11.985+0000] {processor.py:766} INFO - DAG(s) dict_keys(['example_xcom_args', 'example_xcom_args_with_operators']) retrieved from /home/airflow/.local/lib/python3.7/site-packages/airflow/example_dags/example_xcomargs.py
[2024-07-26T02:58:12.011+0000] {logging_mixin.py:120} INFO - [2024-07-26T02:58:12.011+0000] {dag.py:2585} INFO - Sync 2 DAGs
[2024-07-26T02:58:12.022+0000] {logging_mixin.py:120} INFO - [2024-07-26T02:58:12.022+0000] {dag.py:3340} INFO - Setting next_dagrun for example_xcom_args to None, run_after=None
[2024-07-26T02:58:12.024+0000] {logging_mixin.py:120} INFO - [2024-07-26T02:58:12.024+0000] {dag.py:3340} INFO - Setting next_dagrun for example_xcom_args_with_operators to None, run_after=None
[2024-07-26T02:58:12.036+0000] {processor.py:176} INFO - Processing /home/airflow/.local/lib/python3.7/site-packages/airflow/example_dags/example_xcomargs.py took 0.067 seconds
[2024-07-26T03:01:34.831+0000] {processor.py:154} INFO - Started process (PID=5289) to work on /home/airflow/.local/lib/python3.7/site-packages/airflow/example_dags/example_xcomargs.py
[2024-07-26T03:01:34.833+0000] {processor.py:756} INFO - Processing file /home/airflow/.local/lib/python3.7/site-packages/airflow/example_dags/example_xcomargs.py for tasks to queue
[2024-07-26T03:01:34.834+0000] {logging_mixin.py:120} INFO - [2024-07-26T03:01:34.834+0000] {dagbag.py:537} INFO - Filling up the DagBag from /home/airflow/.local/lib/python3.7/site-packages/airflow/example_dags/example_xcomargs.py
[2024-07-26T03:01:34.847+0000] {processor.py:766} INFO - DAG(s) dict_keys(['example_xcom_args', 'example_xcom_args_with_operators']) retrieved from /home/airflow/.local/lib/python3.7/site-packages/airflow/example_dags/example_xcomargs.py
[2024-07-26T03:01:34.883+0000] {logging_mixin.py:120} INFO - [2024-07-26T03:01:34.883+0000] {dag.py:2585} INFO - Sync 2 DAGs
[2024-07-26T03:01:34.904+0000] {logging_mixin.py:120} INFO - [2024-07-26T03:01:34.904+0000] {dag.py:3340} INFO - Setting next_dagrun for example_xcom_args to None, run_after=None
[2024-07-26T03:01:34.906+0000] {logging_mixin.py:120} INFO - [2024-07-26T03:01:34.906+0000] {dag.py:3340} INFO - Setting next_dagrun for example_xcom_args_with_operators to None, run_after=None
[2024-07-26T03:01:34.930+0000] {processor.py:176} INFO - Processing /home/airflow/.local/lib/python3.7/site-packages/airflow/example_dags/example_xcomargs.py took 0.100 seconds
[2024-07-26T03:15:41.301+0000] {processor.py:154} INFO - Started process (PID=5353) to work on /home/airflow/.local/lib/python3.7/site-packages/airflow/example_dags/example_xcomargs.py
[2024-07-26T03:15:41.303+0000] {processor.py:756} INFO - Processing file /home/airflow/.local/lib/python3.7/site-packages/airflow/example_dags/example_xcomargs.py for tasks to queue
[2024-07-26T03:15:41.304+0000] {logging_mixin.py:120} INFO - [2024-07-26T03:15:41.304+0000] {dagbag.py:537} INFO - Filling up the DagBag from /home/airflow/.local/lib/python3.7/site-packages/airflow/example_dags/example_xcomargs.py
[2024-07-26T03:15:41.327+0000] {processor.py:766} INFO - DAG(s) dict_keys(['example_xcom_args', 'example_xcom_args_with_operators']) retrieved from /home/airflow/.local/lib/python3.7/site-packages/airflow/example_dags/example_xcomargs.py
[2024-07-26T03:15:41.358+0000] {logging_mixin.py:120} INFO - [2024-07-26T03:15:41.358+0000] {dag.py:2585} INFO - Sync 2 DAGs
[2024-07-26T03:15:41.378+0000] {logging_mixin.py:120} INFO - [2024-07-26T03:15:41.378+0000] {dag.py:3340} INFO - Setting next_dagrun for example_xcom_args to None, run_after=None
[2024-07-26T03:15:41.381+0000] {logging_mixin.py:120} INFO - [2024-07-26T03:15:41.381+0000] {dag.py:3340} INFO - Setting next_dagrun for example_xcom_args_with_operators to None, run_after=None
[2024-07-26T03:15:41.396+0000] {processor.py:176} INFO - Processing /home/airflow/.local/lib/python3.7/site-packages/airflow/example_dags/example_xcomargs.py took 0.098 seconds
[2024-07-26T03:32:16.333+0000] {processor.py:154} INFO - Started process (PID=5408) to work on /home/airflow/.local/lib/python3.7/site-packages/airflow/example_dags/example_xcomargs.py
[2024-07-26T03:32:16.334+0000] {processor.py:756} INFO - Processing file /home/airflow/.local/lib/python3.7/site-packages/airflow/example_dags/example_xcomargs.py for tasks to queue
[2024-07-26T03:32:16.337+0000] {logging_mixin.py:120} INFO - [2024-07-26T03:32:16.337+0000] {dagbag.py:537} INFO - Filling up the DagBag from /home/airflow/.local/lib/python3.7/site-packages/airflow/example_dags/example_xcomargs.py
[2024-07-26T03:32:16.356+0000] {processor.py:766} INFO - DAG(s) dict_keys(['example_xcom_args', 'example_xcom_args_with_operators']) retrieved from /home/airflow/.local/lib/python3.7/site-packages/airflow/example_dags/example_xcomargs.py
[2024-07-26T03:32:16.390+0000] {logging_mixin.py:120} INFO - [2024-07-26T03:32:16.390+0000] {dag.py:2585} INFO - Sync 2 DAGs
[2024-07-26T03:32:16.411+0000] {logging_mixin.py:120} INFO - [2024-07-26T03:32:16.411+0000] {dag.py:3340} INFO - Setting next_dagrun for example_xcom_args to None, run_after=None
[2024-07-26T03:32:16.417+0000] {logging_mixin.py:120} INFO - [2024-07-26T03:32:16.417+0000] {dag.py:3340} INFO - Setting next_dagrun for example_xcom_args_with_operators to None, run_after=None
[2024-07-26T03:32:16.439+0000] {processor.py:176} INFO - Processing /home/airflow/.local/lib/python3.7/site-packages/airflow/example_dags/example_xcomargs.py took 0.108 seconds
[2024-07-26T03:56:59.205+0000] {processor.py:154} INFO - Started process (PID=5472) to work on /home/airflow/.local/lib/python3.7/site-packages/airflow/example_dags/example_xcomargs.py
[2024-07-26T03:56:59.206+0000] {processor.py:756} INFO - Processing file /home/airflow/.local/lib/python3.7/site-packages/airflow/example_dags/example_xcomargs.py for tasks to queue
[2024-07-26T03:56:59.207+0000] {logging_mixin.py:120} INFO - [2024-07-26T03:56:59.207+0000] {dagbag.py:537} INFO - Filling up the DagBag from /home/airflow/.local/lib/python3.7/site-packages/airflow/example_dags/example_xcomargs.py
[2024-07-26T03:56:59.223+0000] {processor.py:766} INFO - DAG(s) dict_keys(['example_xcom_args_with_operators', 'example_xcom_args']) retrieved from /home/airflow/.local/lib/python3.7/site-packages/airflow/example_dags/example_xcomargs.py
[2024-07-26T03:56:59.250+0000] {logging_mixin.py:120} INFO - [2024-07-26T03:56:59.250+0000] {dag.py:2585} INFO - Sync 2 DAGs
[2024-07-26T03:56:59.271+0000] {logging_mixin.py:120} INFO - [2024-07-26T03:56:59.271+0000] {dag.py:3340} INFO - Setting next_dagrun for example_xcom_args to None, run_after=None
[2024-07-26T03:56:59.281+0000] {logging_mixin.py:120} INFO - [2024-07-26T03:56:59.281+0000] {dag.py:3340} INFO - Setting next_dagrun for example_xcom_args_with_operators to None, run_after=None
[2024-07-26T03:56:59.298+0000] {processor.py:176} INFO - Processing /home/airflow/.local/lib/python3.7/site-packages/airflow/example_dags/example_xcomargs.py took 0.096 seconds
[2024-07-26T04:02:04.949+0000] {processor.py:154} INFO - Started process (PID=5536) to work on /home/airflow/.local/lib/python3.7/site-packages/airflow/example_dags/example_xcomargs.py
[2024-07-26T04:02:04.953+0000] {processor.py:756} INFO - Processing file /home/airflow/.local/lib/python3.7/site-packages/airflow/example_dags/example_xcomargs.py for tasks to queue
[2024-07-26T04:02:04.953+0000] {logging_mixin.py:120} INFO - [2024-07-26T04:02:04.953+0000] {dagbag.py:537} INFO - Filling up the DagBag from /home/airflow/.local/lib/python3.7/site-packages/airflow/example_dags/example_xcomargs.py
[2024-07-26T04:02:04.976+0000] {processor.py:766} INFO - DAG(s) dict_keys(['example_xcom_args_with_operators', 'example_xcom_args']) retrieved from /home/airflow/.local/lib/python3.7/site-packages/airflow/example_dags/example_xcomargs.py
[2024-07-26T04:02:05.017+0000] {logging_mixin.py:120} INFO - [2024-07-26T04:02:05.017+0000] {dag.py:2585} INFO - Sync 2 DAGs
[2024-07-26T04:02:05.035+0000] {logging_mixin.py:120} INFO - [2024-07-26T04:02:05.035+0000] {dag.py:3340} INFO - Setting next_dagrun for example_xcom_args to None, run_after=None
[2024-07-26T04:02:05.038+0000] {logging_mixin.py:120} INFO - [2024-07-26T04:02:05.038+0000] {dag.py:3340} INFO - Setting next_dagrun for example_xcom_args_with_operators to None, run_after=None
[2024-07-26T04:02:05.050+0000] {processor.py:176} INFO - Processing /home/airflow/.local/lib/python3.7/site-packages/airflow/example_dags/example_xcomargs.py took 0.106 seconds
[2024-07-26T04:04:17.539+0000] {processor.py:154} INFO - Started process (PID=5600) to work on /home/airflow/.local/lib/python3.7/site-packages/airflow/example_dags/example_xcomargs.py
[2024-07-26T04:04:17.539+0000] {processor.py:756} INFO - Processing file /home/airflow/.local/lib/python3.7/site-packages/airflow/example_dags/example_xcomargs.py for tasks to queue
[2024-07-26T04:04:17.539+0000] {logging_mixin.py:120} INFO - [2024-07-26T04:04:17.539+0000] {dagbag.py:537} INFO - Filling up the DagBag from /home/airflow/.local/lib/python3.7/site-packages/airflow/example_dags/example_xcomargs.py
[2024-07-26T04:04:17.551+0000] {processor.py:766} INFO - DAG(s) dict_keys(['example_xcom_args_with_operators', 'example_xcom_args']) retrieved from /home/airflow/.local/lib/python3.7/site-packages/airflow/example_dags/example_xcomargs.py
[2024-07-26T04:04:17.574+0000] {logging_mixin.py:120} INFO - [2024-07-26T04:04:17.574+0000] {dag.py:2585} INFO - Sync 2 DAGs
[2024-07-26T04:04:17.587+0000] {logging_mixin.py:120} INFO - [2024-07-26T04:04:17.587+0000] {dag.py:3340} INFO - Setting next_dagrun for example_xcom_args to None, run_after=None
[2024-07-26T04:04:17.589+0000] {logging_mixin.py:120} INFO - [2024-07-26T04:04:17.589+0000] {dag.py:3340} INFO - Setting next_dagrun for example_xcom_args_with_operators to None, run_after=None
[2024-07-26T04:04:17.599+0000] {processor.py:176} INFO - Processing /home/airflow/.local/lib/python3.7/site-packages/airflow/example_dags/example_xcomargs.py took 0.062 seconds
[2024-07-26T04:06:04.664+0000] {processor.py:154} INFO - Started process (PID=5663) to work on /home/airflow/.local/lib/python3.7/site-packages/airflow/example_dags/example_xcomargs.py
[2024-07-26T04:06:04.666+0000] {processor.py:756} INFO - Processing file /home/airflow/.local/lib/python3.7/site-packages/airflow/example_dags/example_xcomargs.py for tasks to queue
[2024-07-26T04:06:04.666+0000] {logging_mixin.py:120} INFO - [2024-07-26T04:06:04.666+0000] {dagbag.py:537} INFO - Filling up the DagBag from /home/airflow/.local/lib/python3.7/site-packages/airflow/example_dags/example_xcomargs.py
[2024-07-26T04:06:04.683+0000] {processor.py:766} INFO - DAG(s) dict_keys(['example_xcom_args', 'example_xcom_args_with_operators']) retrieved from /home/airflow/.local/lib/python3.7/site-packages/airflow/example_dags/example_xcomargs.py
[2024-07-26T04:06:04.717+0000] {logging_mixin.py:120} INFO - [2024-07-26T04:06:04.717+0000] {dag.py:2585} INFO - Sync 2 DAGs
[2024-07-26T04:06:04.732+0000] {logging_mixin.py:120} INFO - [2024-07-26T04:06:04.732+0000] {dag.py:3340} INFO - Setting next_dagrun for example_xcom_args to None, run_after=None
[2024-07-26T04:06:04.740+0000] {logging_mixin.py:120} INFO - [2024-07-26T04:06:04.740+0000] {dag.py:3340} INFO - Setting next_dagrun for example_xcom_args_with_operators to None, run_after=None
[2024-07-26T04:06:04.754+0000] {processor.py:176} INFO - Processing /home/airflow/.local/lib/python3.7/site-packages/airflow/example_dags/example_xcomargs.py took 0.092 seconds
[2024-07-26T04:08:05.927+0000] {processor.py:154} INFO - Started process (PID=5718) to work on /home/airflow/.local/lib/python3.7/site-packages/airflow/example_dags/example_xcomargs.py
[2024-07-26T04:08:05.931+0000] {processor.py:756} INFO - Processing file /home/airflow/.local/lib/python3.7/site-packages/airflow/example_dags/example_xcomargs.py for tasks to queue
[2024-07-26T04:08:05.932+0000] {logging_mixin.py:120} INFO - [2024-07-26T04:08:05.932+0000] {dagbag.py:537} INFO - Filling up the DagBag from /home/airflow/.local/lib/python3.7/site-packages/airflow/example_dags/example_xcomargs.py
[2024-07-26T04:08:05.947+0000] {processor.py:766} INFO - DAG(s) dict_keys(['example_xcom_args', 'example_xcom_args_with_operators']) retrieved from /home/airflow/.local/lib/python3.7/site-packages/airflow/example_dags/example_xcomargs.py
[2024-07-26T04:08:05.978+0000] {logging_mixin.py:120} INFO - [2024-07-26T04:08:05.978+0000] {dag.py:2585} INFO - Sync 2 DAGs
[2024-07-26T04:08:05.993+0000] {logging_mixin.py:120} INFO - [2024-07-26T04:08:05.993+0000] {dag.py:3340} INFO - Setting next_dagrun for example_xcom_args to None, run_after=None
[2024-07-26T04:08:05.996+0000] {logging_mixin.py:120} INFO - [2024-07-26T04:08:05.996+0000] {dag.py:3340} INFO - Setting next_dagrun for example_xcom_args_with_operators to None, run_after=None
[2024-07-26T04:08:06.008+0000] {processor.py:176} INFO - Processing /home/airflow/.local/lib/python3.7/site-packages/airflow/example_dags/example_xcomargs.py took 0.083 seconds
[2024-07-26T04:09:02.046+0000] {processor.py:154} INFO - Started process (PID=5782) to work on /home/airflow/.local/lib/python3.7/site-packages/airflow/example_dags/example_xcomargs.py
[2024-07-26T04:09:02.049+0000] {processor.py:756} INFO - Processing file /home/airflow/.local/lib/python3.7/site-packages/airflow/example_dags/example_xcomargs.py for tasks to queue
[2024-07-26T04:09:02.050+0000] {logging_mixin.py:120} INFO - [2024-07-26T04:09:02.050+0000] {dagbag.py:537} INFO - Filling up the DagBag from /home/airflow/.local/lib/python3.7/site-packages/airflow/example_dags/example_xcomargs.py
[2024-07-26T04:09:02.066+0000] {processor.py:766} INFO - DAG(s) dict_keys(['example_xcom_args_with_operators', 'example_xcom_args']) retrieved from /home/airflow/.local/lib/python3.7/site-packages/airflow/example_dags/example_xcomargs.py
[2024-07-26T04:09:02.101+0000] {logging_mixin.py:120} INFO - [2024-07-26T04:09:02.100+0000] {dag.py:2585} INFO - Sync 2 DAGs
[2024-07-26T04:09:02.112+0000] {logging_mixin.py:120} INFO - [2024-07-26T04:09:02.112+0000] {dag.py:3340} INFO - Setting next_dagrun for example_xcom_args to None, run_after=None
[2024-07-26T04:09:02.117+0000] {logging_mixin.py:120} INFO - [2024-07-26T04:09:02.117+0000] {dag.py:3340} INFO - Setting next_dagrun for example_xcom_args_with_operators to None, run_after=None
[2024-07-26T04:09:02.129+0000] {processor.py:176} INFO - Processing /home/airflow/.local/lib/python3.7/site-packages/airflow/example_dags/example_xcomargs.py took 0.085 seconds
[2024-07-26T04:10:11.565+0000] {processor.py:154} INFO - Started process (PID=5847) to work on /home/airflow/.local/lib/python3.7/site-packages/airflow/example_dags/example_xcomargs.py
[2024-07-26T04:10:11.567+0000] {processor.py:756} INFO - Processing file /home/airflow/.local/lib/python3.7/site-packages/airflow/example_dags/example_xcomargs.py for tasks to queue
[2024-07-26T04:10:11.567+0000] {logging_mixin.py:120} INFO - [2024-07-26T04:10:11.567+0000] {dagbag.py:537} INFO - Filling up the DagBag from /home/airflow/.local/lib/python3.7/site-packages/airflow/example_dags/example_xcomargs.py
[2024-07-26T04:10:11.579+0000] {processor.py:766} INFO - DAG(s) dict_keys(['example_xcom_args_with_operators', 'example_xcom_args']) retrieved from /home/airflow/.local/lib/python3.7/site-packages/airflow/example_dags/example_xcomargs.py
[2024-07-26T04:10:11.612+0000] {logging_mixin.py:120} INFO - [2024-07-26T04:10:11.612+0000] {dag.py:2585} INFO - Sync 2 DAGs
[2024-07-26T04:10:11.629+0000] {logging_mixin.py:120} INFO - [2024-07-26T04:10:11.629+0000] {dag.py:3340} INFO - Setting next_dagrun for example_xcom_args to None, run_after=None
[2024-07-26T04:10:11.633+0000] {logging_mixin.py:120} INFO - [2024-07-26T04:10:11.632+0000] {dag.py:3340} INFO - Setting next_dagrun for example_xcom_args_with_operators to None, run_after=None
[2024-07-26T04:10:11.645+0000] {processor.py:176} INFO - Processing /home/airflow/.local/lib/python3.7/site-packages/airflow/example_dags/example_xcomargs.py took 0.082 seconds
[2024-07-26T04:11:38.411+0000] {processor.py:154} INFO - Started process (PID=5911) to work on /home/airflow/.local/lib/python3.7/site-packages/airflow/example_dags/example_xcomargs.py
[2024-07-26T04:11:38.413+0000] {processor.py:756} INFO - Processing file /home/airflow/.local/lib/python3.7/site-packages/airflow/example_dags/example_xcomargs.py for tasks to queue
[2024-07-26T04:11:38.413+0000] {logging_mixin.py:120} INFO - [2024-07-26T04:11:38.413+0000] {dagbag.py:537} INFO - Filling up the DagBag from /home/airflow/.local/lib/python3.7/site-packages/airflow/example_dags/example_xcomargs.py
[2024-07-26T04:11:38.427+0000] {processor.py:766} INFO - DAG(s) dict_keys(['example_xcom_args_with_operators', 'example_xcom_args']) retrieved from /home/airflow/.local/lib/python3.7/site-packages/airflow/example_dags/example_xcomargs.py
[2024-07-26T04:11:38.466+0000] {logging_mixin.py:120} INFO - [2024-07-26T04:11:38.466+0000] {dag.py:2585} INFO - Sync 2 DAGs
[2024-07-26T04:11:38.486+0000] {logging_mixin.py:120} INFO - [2024-07-26T04:11:38.486+0000] {dag.py:3340} INFO - Setting next_dagrun for example_xcom_args to None, run_after=None
[2024-07-26T04:11:38.492+0000] {logging_mixin.py:120} INFO - [2024-07-26T04:11:38.492+0000] {dag.py:3340} INFO - Setting next_dagrun for example_xcom_args_with_operators to None, run_after=None
[2024-07-26T04:11:38.505+0000] {processor.py:176} INFO - Processing /home/airflow/.local/lib/python3.7/site-packages/airflow/example_dags/example_xcomargs.py took 0.095 seconds
[2024-07-26T04:12:21.525+0000] {processor.py:154} INFO - Started process (PID=5975) to work on /home/airflow/.local/lib/python3.7/site-packages/airflow/example_dags/example_xcomargs.py
[2024-07-26T04:12:21.526+0000] {processor.py:756} INFO - Processing file /home/airflow/.local/lib/python3.7/site-packages/airflow/example_dags/example_xcomargs.py for tasks to queue
[2024-07-26T04:12:21.528+0000] {logging_mixin.py:120} INFO - [2024-07-26T04:12:21.528+0000] {dagbag.py:537} INFO - Filling up the DagBag from /home/airflow/.local/lib/python3.7/site-packages/airflow/example_dags/example_xcomargs.py
[2024-07-26T04:12:21.546+0000] {processor.py:766} INFO - DAG(s) dict_keys(['example_xcom_args_with_operators', 'example_xcom_args']) retrieved from /home/airflow/.local/lib/python3.7/site-packages/airflow/example_dags/example_xcomargs.py
[2024-07-26T04:12:21.569+0000] {logging_mixin.py:120} INFO - [2024-07-26T04:12:21.569+0000] {dag.py:2585} INFO - Sync 2 DAGs
[2024-07-26T04:12:21.591+0000] {logging_mixin.py:120} INFO - [2024-07-26T04:12:21.591+0000] {dag.py:3340} INFO - Setting next_dagrun for example_xcom_args to None, run_after=None
[2024-07-26T04:12:21.593+0000] {logging_mixin.py:120} INFO - [2024-07-26T04:12:21.593+0000] {dag.py:3340} INFO - Setting next_dagrun for example_xcom_args_with_operators to None, run_after=None
[2024-07-26T04:12:21.612+0000] {processor.py:176} INFO - Processing /home/airflow/.local/lib/python3.7/site-packages/airflow/example_dags/example_xcomargs.py took 0.088 seconds
[2024-07-26T04:13:15.249+0000] {processor.py:154} INFO - Started process (PID=6030) to work on /home/airflow/.local/lib/python3.7/site-packages/airflow/example_dags/example_xcomargs.py
[2024-07-26T04:13:15.252+0000] {processor.py:756} INFO - Processing file /home/airflow/.local/lib/python3.7/site-packages/airflow/example_dags/example_xcomargs.py for tasks to queue
[2024-07-26T04:13:15.252+0000] {logging_mixin.py:120} INFO - [2024-07-26T04:13:15.252+0000] {dagbag.py:537} INFO - Filling up the DagBag from /home/airflow/.local/lib/python3.7/site-packages/airflow/example_dags/example_xcomargs.py
[2024-07-26T04:13:15.271+0000] {processor.py:766} INFO - DAG(s) dict_keys(['example_xcom_args', 'example_xcom_args_with_operators']) retrieved from /home/airflow/.local/lib/python3.7/site-packages/airflow/example_dags/example_xcomargs.py
[2024-07-26T04:13:15.304+0000] {logging_mixin.py:120} INFO - [2024-07-26T04:13:15.304+0000] {dag.py:2585} INFO - Sync 2 DAGs
[2024-07-26T04:13:15.320+0000] {logging_mixin.py:120} INFO - [2024-07-26T04:13:15.320+0000] {dag.py:3340} INFO - Setting next_dagrun for example_xcom_args to None, run_after=None
[2024-07-26T04:13:15.328+0000] {logging_mixin.py:120} INFO - [2024-07-26T04:13:15.328+0000] {dag.py:3340} INFO - Setting next_dagrun for example_xcom_args_with_operators to None, run_after=None
[2024-07-26T04:13:15.344+0000] {processor.py:176} INFO - Processing /home/airflow/.local/lib/python3.7/site-packages/airflow/example_dags/example_xcomargs.py took 0.098 seconds
[2024-07-26T04:14:05.669+0000] {processor.py:154} INFO - Started process (PID=6093) to work on /home/airflow/.local/lib/python3.7/site-packages/airflow/example_dags/example_xcomargs.py
[2024-07-26T04:14:05.669+0000] {processor.py:756} INFO - Processing file /home/airflow/.local/lib/python3.7/site-packages/airflow/example_dags/example_xcomargs.py for tasks to queue
[2024-07-26T04:14:05.670+0000] {logging_mixin.py:120} INFO - [2024-07-26T04:14:05.670+0000] {dagbag.py:537} INFO - Filling up the DagBag from /home/airflow/.local/lib/python3.7/site-packages/airflow/example_dags/example_xcomargs.py
[2024-07-26T04:14:05.681+0000] {processor.py:766} INFO - DAG(s) dict_keys(['example_xcom_args', 'example_xcom_args_with_operators']) retrieved from /home/airflow/.local/lib/python3.7/site-packages/airflow/example_dags/example_xcomargs.py
[2024-07-26T04:14:05.719+0000] {logging_mixin.py:120} INFO - [2024-07-26T04:14:05.719+0000] {dag.py:2585} INFO - Sync 2 DAGs
[2024-07-26T04:14:05.739+0000] {logging_mixin.py:120} INFO - [2024-07-26T04:14:05.739+0000] {dag.py:3340} INFO - Setting next_dagrun for example_xcom_args to None, run_after=None
[2024-07-26T04:14:05.741+0000] {logging_mixin.py:120} INFO - [2024-07-26T04:14:05.741+0000] {dag.py:3340} INFO - Setting next_dagrun for example_xcom_args_with_operators to None, run_after=None
[2024-07-26T04:14:05.752+0000] {processor.py:176} INFO - Processing /home/airflow/.local/lib/python3.7/site-packages/airflow/example_dags/example_xcomargs.py took 0.085 seconds
[2024-07-26T04:18:34.282+0000] {processor.py:154} INFO - Started process (PID=6157) to work on /home/airflow/.local/lib/python3.7/site-packages/airflow/example_dags/example_xcomargs.py
[2024-07-26T04:18:34.283+0000] {processor.py:756} INFO - Processing file /home/airflow/.local/lib/python3.7/site-packages/airflow/example_dags/example_xcomargs.py for tasks to queue
[2024-07-26T04:18:34.284+0000] {logging_mixin.py:120} INFO - [2024-07-26T04:18:34.284+0000] {dagbag.py:537} INFO - Filling up the DagBag from /home/airflow/.local/lib/python3.7/site-packages/airflow/example_dags/example_xcomargs.py
[2024-07-26T04:18:34.300+0000] {processor.py:766} INFO - DAG(s) dict_keys(['example_xcom_args_with_operators', 'example_xcom_args']) retrieved from /home/airflow/.local/lib/python3.7/site-packages/airflow/example_dags/example_xcomargs.py
[2024-07-26T04:18:34.342+0000] {logging_mixin.py:120} INFO - [2024-07-26T04:18:34.342+0000] {dag.py:2585} INFO - Sync 2 DAGs
[2024-07-26T04:18:34.359+0000] {logging_mixin.py:120} INFO - [2024-07-26T04:18:34.359+0000] {dag.py:3340} INFO - Setting next_dagrun for example_xcom_args to None, run_after=None
[2024-07-26T04:18:34.365+0000] {logging_mixin.py:120} INFO - [2024-07-26T04:18:34.365+0000] {dag.py:3340} INFO - Setting next_dagrun for example_xcom_args_with_operators to None, run_after=None
[2024-07-26T04:18:34.381+0000] {processor.py:176} INFO - Processing /home/airflow/.local/lib/python3.7/site-packages/airflow/example_dags/example_xcomargs.py took 0.101 seconds
[2024-07-26T04:19:16.541+0000] {processor.py:154} INFO - Started process (PID=6221) to work on /home/airflow/.local/lib/python3.7/site-packages/airflow/example_dags/example_xcomargs.py
[2024-07-26T04:19:16.541+0000] {processor.py:756} INFO - Processing file /home/airflow/.local/lib/python3.7/site-packages/airflow/example_dags/example_xcomargs.py for tasks to queue
[2024-07-26T04:19:16.542+0000] {logging_mixin.py:120} INFO - [2024-07-26T04:19:16.542+0000] {dagbag.py:537} INFO - Filling up the DagBag from /home/airflow/.local/lib/python3.7/site-packages/airflow/example_dags/example_xcomargs.py
[2024-07-26T04:19:16.559+0000] {processor.py:766} INFO - DAG(s) dict_keys(['example_xcom_args', 'example_xcom_args_with_operators']) retrieved from /home/airflow/.local/lib/python3.7/site-packages/airflow/example_dags/example_xcomargs.py
[2024-07-26T04:19:16.589+0000] {logging_mixin.py:120} INFO - [2024-07-26T04:19:16.589+0000] {dag.py:2585} INFO - Sync 2 DAGs
[2024-07-26T04:19:16.613+0000] {logging_mixin.py:120} INFO - [2024-07-26T04:19:16.612+0000] {dag.py:3340} INFO - Setting next_dagrun for example_xcom_args to None, run_after=None
[2024-07-26T04:19:16.616+0000] {logging_mixin.py:120} INFO - [2024-07-26T04:19:16.616+0000] {dag.py:3340} INFO - Setting next_dagrun for example_xcom_args_with_operators to None, run_after=None
[2024-07-26T04:19:16.629+0000] {processor.py:176} INFO - Processing /home/airflow/.local/lib/python3.7/site-packages/airflow/example_dags/example_xcomargs.py took 0.090 seconds
[2024-07-26T04:20:38.131+0000] {processor.py:154} INFO - Started process (PID=6276) to work on /home/airflow/.local/lib/python3.7/site-packages/airflow/example_dags/example_xcomargs.py
[2024-07-26T04:20:38.132+0000] {processor.py:756} INFO - Processing file /home/airflow/.local/lib/python3.7/site-packages/airflow/example_dags/example_xcomargs.py for tasks to queue
[2024-07-26T04:20:38.132+0000] {logging_mixin.py:120} INFO - [2024-07-26T04:20:38.132+0000] {dagbag.py:537} INFO - Filling up the DagBag from /home/airflow/.local/lib/python3.7/site-packages/airflow/example_dags/example_xcomargs.py
[2024-07-26T04:20:38.145+0000] {processor.py:766} INFO - DAG(s) dict_keys(['example_xcom_args', 'example_xcom_args_with_operators']) retrieved from /home/airflow/.local/lib/python3.7/site-packages/airflow/example_dags/example_xcomargs.py
[2024-07-26T04:20:38.168+0000] {logging_mixin.py:120} INFO - [2024-07-26T04:20:38.168+0000] {dag.py:2585} INFO - Sync 2 DAGs
[2024-07-26T04:20:38.180+0000] {logging_mixin.py:120} INFO - [2024-07-26T04:20:38.180+0000] {dag.py:3340} INFO - Setting next_dagrun for example_xcom_args to None, run_after=None
[2024-07-26T04:20:38.181+0000] {logging_mixin.py:120} INFO - [2024-07-26T04:20:38.181+0000] {dag.py:3340} INFO - Setting next_dagrun for example_xcom_args_with_operators to None, run_after=None
[2024-07-26T04:20:38.189+0000] {processor.py:176} INFO - Processing /home/airflow/.local/lib/python3.7/site-packages/airflow/example_dags/example_xcomargs.py took 0.059 seconds
[2024-07-26T04:21:42.038+0000] {processor.py:154} INFO - Started process (PID=6339) to work on /home/airflow/.local/lib/python3.7/site-packages/airflow/example_dags/example_xcomargs.py
[2024-07-26T04:21:42.039+0000] {processor.py:756} INFO - Processing file /home/airflow/.local/lib/python3.7/site-packages/airflow/example_dags/example_xcomargs.py for tasks to queue
[2024-07-26T04:21:42.039+0000] {logging_mixin.py:120} INFO - [2024-07-26T04:21:42.039+0000] {dagbag.py:537} INFO - Filling up the DagBag from /home/airflow/.local/lib/python3.7/site-packages/airflow/example_dags/example_xcomargs.py
[2024-07-26T04:21:42.051+0000] {processor.py:766} INFO - DAG(s) dict_keys(['example_xcom_args_with_operators', 'example_xcom_args']) retrieved from /home/airflow/.local/lib/python3.7/site-packages/airflow/example_dags/example_xcomargs.py
[2024-07-26T04:21:42.078+0000] {logging_mixin.py:120} INFO - [2024-07-26T04:21:42.078+0000] {dag.py:2585} INFO - Sync 2 DAGs
[2024-07-26T04:21:42.098+0000] {logging_mixin.py:120} INFO - [2024-07-26T04:21:42.098+0000] {dag.py:3340} INFO - Setting next_dagrun for example_xcom_args to None, run_after=None
[2024-07-26T04:21:42.105+0000] {logging_mixin.py:120} INFO - [2024-07-26T04:21:42.105+0000] {dag.py:3340} INFO - Setting next_dagrun for example_xcom_args_with_operators to None, run_after=None
[2024-07-26T04:21:42.118+0000] {processor.py:176} INFO - Processing /home/airflow/.local/lib/python3.7/site-packages/airflow/example_dags/example_xcomargs.py took 0.082 seconds
[2024-07-26T04:22:48.369+0000] {processor.py:154} INFO - Started process (PID=6403) to work on /home/airflow/.local/lib/python3.7/site-packages/airflow/example_dags/example_xcomargs.py
[2024-07-26T04:22:48.370+0000] {processor.py:756} INFO - Processing file /home/airflow/.local/lib/python3.7/site-packages/airflow/example_dags/example_xcomargs.py for tasks to queue
[2024-07-26T04:22:48.370+0000] {logging_mixin.py:120} INFO - [2024-07-26T04:22:48.370+0000] {dagbag.py:537} INFO - Filling up the DagBag from /home/airflow/.local/lib/python3.7/site-packages/airflow/example_dags/example_xcomargs.py
[2024-07-26T04:22:48.386+0000] {processor.py:766} INFO - DAG(s) dict_keys(['example_xcom_args', 'example_xcom_args_with_operators']) retrieved from /home/airflow/.local/lib/python3.7/site-packages/airflow/example_dags/example_xcomargs.py
[2024-07-26T04:22:48.410+0000] {logging_mixin.py:120} INFO - [2024-07-26T04:22:48.410+0000] {dag.py:2585} INFO - Sync 2 DAGs
[2024-07-26T04:22:48.425+0000] {logging_mixin.py:120} INFO - [2024-07-26T04:22:48.425+0000] {dag.py:3340} INFO - Setting next_dagrun for example_xcom_args to None, run_after=None
[2024-07-26T04:22:48.428+0000] {logging_mixin.py:120} INFO - [2024-07-26T04:22:48.428+0000] {dag.py:3340} INFO - Setting next_dagrun for example_xcom_args_with_operators to None, run_after=None
[2024-07-26T04:22:48.437+0000] {processor.py:176} INFO - Processing /home/airflow/.local/lib/python3.7/site-packages/airflow/example_dags/example_xcomargs.py took 0.070 seconds
[2024-07-26T04:34:01.460+0000] {processor.py:154} INFO - Started process (PID=6467) to work on /home/airflow/.local/lib/python3.7/site-packages/airflow/example_dags/example_xcomargs.py
[2024-07-26T04:34:01.464+0000] {processor.py:756} INFO - Processing file /home/airflow/.local/lib/python3.7/site-packages/airflow/example_dags/example_xcomargs.py for tasks to queue
[2024-07-26T04:34:01.467+0000] {logging_mixin.py:120} INFO - [2024-07-26T04:34:01.467+0000] {dagbag.py:537} INFO - Filling up the DagBag from /home/airflow/.local/lib/python3.7/site-packages/airflow/example_dags/example_xcomargs.py
[2024-07-26T04:34:01.485+0000] {processor.py:766} INFO - DAG(s) dict_keys(['example_xcom_args', 'example_xcom_args_with_operators']) retrieved from /home/airflow/.local/lib/python3.7/site-packages/airflow/example_dags/example_xcomargs.py
[2024-07-26T04:34:01.521+0000] {logging_mixin.py:120} INFO - [2024-07-26T04:34:01.521+0000] {dag.py:2585} INFO - Sync 2 DAGs
[2024-07-26T04:34:01.535+0000] {logging_mixin.py:120} INFO - [2024-07-26T04:34:01.535+0000] {dag.py:3340} INFO - Setting next_dagrun for example_xcom_args to None, run_after=None
[2024-07-26T04:34:01.539+0000] {logging_mixin.py:120} INFO - [2024-07-26T04:34:01.538+0000] {dag.py:3340} INFO - Setting next_dagrun for example_xcom_args_with_operators to None, run_after=None
[2024-07-26T04:34:01.552+0000] {processor.py:176} INFO - Processing /home/airflow/.local/lib/python3.7/site-packages/airflow/example_dags/example_xcomargs.py took 0.094 seconds
[2024-07-26T04:49:13.695+0000] {processor.py:154} INFO - Started process (PID=6531) to work on /home/airflow/.local/lib/python3.7/site-packages/airflow/example_dags/example_xcomargs.py
[2024-07-26T04:49:13.696+0000] {processor.py:756} INFO - Processing file /home/airflow/.local/lib/python3.7/site-packages/airflow/example_dags/example_xcomargs.py for tasks to queue
[2024-07-26T04:49:13.698+0000] {logging_mixin.py:120} INFO - [2024-07-26T04:49:13.698+0000] {dagbag.py:537} INFO - Filling up the DagBag from /home/airflow/.local/lib/python3.7/site-packages/airflow/example_dags/example_xcomargs.py
[2024-07-26T04:49:13.712+0000] {processor.py:766} INFO - DAG(s) dict_keys(['example_xcom_args_with_operators', 'example_xcom_args']) retrieved from /home/airflow/.local/lib/python3.7/site-packages/airflow/example_dags/example_xcomargs.py
[2024-07-26T04:49:13.737+0000] {logging_mixin.py:120} INFO - [2024-07-26T04:49:13.737+0000] {dag.py:2585} INFO - Sync 2 DAGs
[2024-07-26T04:49:13.752+0000] {logging_mixin.py:120} INFO - [2024-07-26T04:49:13.752+0000] {dag.py:3340} INFO - Setting next_dagrun for example_xcom_args to None, run_after=None
[2024-07-26T04:49:13.755+0000] {logging_mixin.py:120} INFO - [2024-07-26T04:49:13.755+0000] {dag.py:3340} INFO - Setting next_dagrun for example_xcom_args_with_operators to None, run_after=None
[2024-07-26T04:49:13.770+0000] {processor.py:176} INFO - Processing /home/airflow/.local/lib/python3.7/site-packages/airflow/example_dags/example_xcomargs.py took 0.078 seconds
[2024-07-26T04:53:38.510+0000] {processor.py:154} INFO - Started process (PID=6586) to work on /home/airflow/.local/lib/python3.7/site-packages/airflow/example_dags/example_xcomargs.py
[2024-07-26T04:53:38.511+0000] {processor.py:756} INFO - Processing file /home/airflow/.local/lib/python3.7/site-packages/airflow/example_dags/example_xcomargs.py for tasks to queue
[2024-07-26T04:53:38.512+0000] {logging_mixin.py:120} INFO - [2024-07-26T04:53:38.512+0000] {dagbag.py:537} INFO - Filling up the DagBag from /home/airflow/.local/lib/python3.7/site-packages/airflow/example_dags/example_xcomargs.py
[2024-07-26T04:53:38.529+0000] {processor.py:766} INFO - DAG(s) dict_keys(['example_xcom_args_with_operators', 'example_xcom_args']) retrieved from /home/airflow/.local/lib/python3.7/site-packages/airflow/example_dags/example_xcomargs.py
[2024-07-26T04:53:38.563+0000] {logging_mixin.py:120} INFO - [2024-07-26T04:53:38.563+0000] {dag.py:2585} INFO - Sync 2 DAGs
[2024-07-26T04:53:38.582+0000] {logging_mixin.py:120} INFO - [2024-07-26T04:53:38.582+0000] {dag.py:3340} INFO - Setting next_dagrun for example_xcom_args to None, run_after=None
[2024-07-26T04:53:38.587+0000] {logging_mixin.py:120} INFO - [2024-07-26T04:53:38.587+0000] {dag.py:3340} INFO - Setting next_dagrun for example_xcom_args_with_operators to None, run_after=None
[2024-07-26T04:53:38.604+0000] {processor.py:176} INFO - Processing /home/airflow/.local/lib/python3.7/site-packages/airflow/example_dags/example_xcomargs.py took 0.096 seconds
[2024-07-26T05:02:50.750+0000] {processor.py:154} INFO - Started process (PID=6650) to work on /home/airflow/.local/lib/python3.7/site-packages/airflow/example_dags/example_xcomargs.py
[2024-07-26T05:02:50.751+0000] {processor.py:756} INFO - Processing file /home/airflow/.local/lib/python3.7/site-packages/airflow/example_dags/example_xcomargs.py for tasks to queue
[2024-07-26T05:02:50.752+0000] {logging_mixin.py:120} INFO - [2024-07-26T05:02:50.752+0000] {dagbag.py:537} INFO - Filling up the DagBag from /home/airflow/.local/lib/python3.7/site-packages/airflow/example_dags/example_xcomargs.py
[2024-07-26T05:02:50.771+0000] {processor.py:766} INFO - DAG(s) dict_keys(['example_xcom_args_with_operators', 'example_xcom_args']) retrieved from /home/airflow/.local/lib/python3.7/site-packages/airflow/example_dags/example_xcomargs.py
[2024-07-26T05:02:50.798+0000] {logging_mixin.py:120} INFO - [2024-07-26T05:02:50.798+0000] {dag.py:2585} INFO - Sync 2 DAGs
[2024-07-26T05:02:50.815+0000] {logging_mixin.py:120} INFO - [2024-07-26T05:02:50.815+0000] {dag.py:3340} INFO - Setting next_dagrun for example_xcom_args to None, run_after=None
[2024-07-26T05:02:50.817+0000] {logging_mixin.py:120} INFO - [2024-07-26T05:02:50.817+0000] {dag.py:3340} INFO - Setting next_dagrun for example_xcom_args_with_operators to None, run_after=None
[2024-07-26T05:02:50.837+0000] {processor.py:176} INFO - Processing /home/airflow/.local/lib/python3.7/site-packages/airflow/example_dags/example_xcomargs.py took 0.089 seconds
[2024-07-26T05:15:53.030+0000] {processor.py:154} INFO - Started process (PID=6714) to work on /home/airflow/.local/lib/python3.7/site-packages/airflow/example_dags/example_xcomargs.py
[2024-07-26T05:15:53.032+0000] {processor.py:756} INFO - Processing file /home/airflow/.local/lib/python3.7/site-packages/airflow/example_dags/example_xcomargs.py for tasks to queue
[2024-07-26T05:15:53.033+0000] {logging_mixin.py:120} INFO - [2024-07-26T05:15:53.033+0000] {dagbag.py:537} INFO - Filling up the DagBag from /home/airflow/.local/lib/python3.7/site-packages/airflow/example_dags/example_xcomargs.py
[2024-07-26T05:15:53.048+0000] {processor.py:766} INFO - DAG(s) dict_keys(['example_xcom_args_with_operators', 'example_xcom_args']) retrieved from /home/airflow/.local/lib/python3.7/site-packages/airflow/example_dags/example_xcomargs.py
[2024-07-26T05:15:53.100+0000] {logging_mixin.py:120} INFO - [2024-07-26T05:15:53.100+0000] {dag.py:2585} INFO - Sync 2 DAGs
[2024-07-26T05:15:53.121+0000] {logging_mixin.py:120} INFO - [2024-07-26T05:15:53.121+0000] {dag.py:3340} INFO - Setting next_dagrun for example_xcom_args to None, run_after=None
[2024-07-26T05:15:53.127+0000] {logging_mixin.py:120} INFO - [2024-07-26T05:15:53.127+0000] {dag.py:3340} INFO - Setting next_dagrun for example_xcom_args_with_operators to None, run_after=None
[2024-07-26T05:15:53.158+0000] {processor.py:176} INFO - Processing /home/airflow/.local/lib/python3.7/site-packages/airflow/example_dags/example_xcomargs.py took 0.130 seconds
[2024-07-26T05:33:29.901+0000] {processor.py:154} INFO - Started process (PID=6778) to work on /home/airflow/.local/lib/python3.7/site-packages/airflow/example_dags/example_xcomargs.py
[2024-07-26T05:33:29.905+0000] {processor.py:756} INFO - Processing file /home/airflow/.local/lib/python3.7/site-packages/airflow/example_dags/example_xcomargs.py for tasks to queue
[2024-07-26T05:33:29.906+0000] {logging_mixin.py:120} INFO - [2024-07-26T05:33:29.906+0000] {dagbag.py:537} INFO - Filling up the DagBag from /home/airflow/.local/lib/python3.7/site-packages/airflow/example_dags/example_xcomargs.py
[2024-07-26T05:33:29.928+0000] {processor.py:766} INFO - DAG(s) dict_keys(['example_xcom_args', 'example_xcom_args_with_operators']) retrieved from /home/airflow/.local/lib/python3.7/site-packages/airflow/example_dags/example_xcomargs.py
[2024-07-26T05:33:29.972+0000] {logging_mixin.py:120} INFO - [2024-07-26T05:33:29.972+0000] {dag.py:2585} INFO - Sync 2 DAGs
[2024-07-26T05:33:29.992+0000] {logging_mixin.py:120} INFO - [2024-07-26T05:33:29.991+0000] {dag.py:3340} INFO - Setting next_dagrun for example_xcom_args to None, run_after=None
[2024-07-26T05:33:29.995+0000] {logging_mixin.py:120} INFO - [2024-07-26T05:33:29.995+0000] {dag.py:3340} INFO - Setting next_dagrun for example_xcom_args_with_operators to None, run_after=None
[2024-07-26T05:33:30.025+0000] {processor.py:176} INFO - Processing /home/airflow/.local/lib/python3.7/site-packages/airflow/example_dags/example_xcomargs.py took 0.126 seconds
[2024-07-26T06:09:37.296+0000] {processor.py:154} INFO - Started process (PID=6841) to work on /home/airflow/.local/lib/python3.7/site-packages/airflow/example_dags/example_xcomargs.py
[2024-07-26T06:09:37.300+0000] {processor.py:756} INFO - Processing file /home/airflow/.local/lib/python3.7/site-packages/airflow/example_dags/example_xcomargs.py for tasks to queue
[2024-07-26T06:09:37.305+0000] {logging_mixin.py:120} INFO - [2024-07-26T06:09:37.305+0000] {dagbag.py:537} INFO - Filling up the DagBag from /home/airflow/.local/lib/python3.7/site-packages/airflow/example_dags/example_xcomargs.py
[2024-07-26T06:09:37.323+0000] {processor.py:766} INFO - DAG(s) dict_keys(['example_xcom_args_with_operators', 'example_xcom_args']) retrieved from /home/airflow/.local/lib/python3.7/site-packages/airflow/example_dags/example_xcomargs.py
[2024-07-26T06:09:37.371+0000] {logging_mixin.py:120} INFO - [2024-07-26T06:09:37.370+0000] {dag.py:2585} INFO - Sync 2 DAGs
[2024-07-26T06:09:37.403+0000] {logging_mixin.py:120} INFO - [2024-07-26T06:09:37.403+0000] {dag.py:3340} INFO - Setting next_dagrun for example_xcom_args to None, run_after=None
[2024-07-26T06:09:37.406+0000] {logging_mixin.py:120} INFO - [2024-07-26T06:09:37.405+0000] {dag.py:3340} INFO - Setting next_dagrun for example_xcom_args_with_operators to None, run_after=None
[2024-07-26T06:09:37.423+0000] {processor.py:176} INFO - Processing /home/airflow/.local/lib/python3.7/site-packages/airflow/example_dags/example_xcomargs.py took 0.129 seconds
[2024-07-26T07:10:34.229+0000] {processor.py:154} INFO - Started process (PID=6896) to work on /home/airflow/.local/lib/python3.7/site-packages/airflow/example_dags/example_xcomargs.py
[2024-07-26T07:10:34.231+0000] {processor.py:756} INFO - Processing file /home/airflow/.local/lib/python3.7/site-packages/airflow/example_dags/example_xcomargs.py for tasks to queue
[2024-07-26T07:10:34.235+0000] {logging_mixin.py:120} INFO - [2024-07-26T07:10:34.235+0000] {dagbag.py:537} INFO - Filling up the DagBag from /home/airflow/.local/lib/python3.7/site-packages/airflow/example_dags/example_xcomargs.py
[2024-07-26T07:10:34.248+0000] {processor.py:766} INFO - DAG(s) dict_keys(['example_xcom_args_with_operators', 'example_xcom_args']) retrieved from /home/airflow/.local/lib/python3.7/site-packages/airflow/example_dags/example_xcomargs.py
[2024-07-26T07:10:34.289+0000] {logging_mixin.py:120} INFO - [2024-07-26T07:10:34.289+0000] {dag.py:2585} INFO - Sync 2 DAGs
[2024-07-26T07:10:34.308+0000] {logging_mixin.py:120} INFO - [2024-07-26T07:10:34.308+0000] {dag.py:3340} INFO - Setting next_dagrun for example_xcom_args to None, run_after=None
[2024-07-26T07:10:34.314+0000] {logging_mixin.py:120} INFO - [2024-07-26T07:10:34.314+0000] {dag.py:3340} INFO - Setting next_dagrun for example_xcom_args_with_operators to None, run_after=None
[2024-07-26T07:10:34.350+0000] {processor.py:176} INFO - Processing /home/airflow/.local/lib/python3.7/site-packages/airflow/example_dags/example_xcomargs.py took 0.123 seconds
[2024-07-26T08:11:48.632+0000] {processor.py:154} INFO - Started process (PID=6960) to work on /home/airflow/.local/lib/python3.7/site-packages/airflow/example_dags/example_xcomargs.py
[2024-07-26T08:11:48.636+0000] {processor.py:756} INFO - Processing file /home/airflow/.local/lib/python3.7/site-packages/airflow/example_dags/example_xcomargs.py for tasks to queue
[2024-07-26T08:11:48.638+0000] {logging_mixin.py:120} INFO - [2024-07-26T08:11:48.638+0000] {dagbag.py:537} INFO - Filling up the DagBag from /home/airflow/.local/lib/python3.7/site-packages/airflow/example_dags/example_xcomargs.py
[2024-07-26T08:11:48.655+0000] {processor.py:766} INFO - DAG(s) dict_keys(['example_xcom_args', 'example_xcom_args_with_operators']) retrieved from /home/airflow/.local/lib/python3.7/site-packages/airflow/example_dags/example_xcomargs.py
[2024-07-26T08:11:48.695+0000] {logging_mixin.py:120} INFO - [2024-07-26T08:11:48.695+0000] {dag.py:2585} INFO - Sync 2 DAGs
[2024-07-26T08:11:48.714+0000] {logging_mixin.py:120} INFO - [2024-07-26T08:11:48.714+0000] {dag.py:3340} INFO - Setting next_dagrun for example_xcom_args to None, run_after=None
[2024-07-26T08:11:48.717+0000] {logging_mixin.py:120} INFO - [2024-07-26T08:11:48.717+0000] {dag.py:3340} INFO - Setting next_dagrun for example_xcom_args_with_operators to None, run_after=None
[2024-07-26T08:11:48.734+0000] {processor.py:176} INFO - Processing /home/airflow/.local/lib/python3.7/site-packages/airflow/example_dags/example_xcomargs.py took 0.104 seconds
[2024-07-26T08:36:12.880+0000] {processor.py:154} INFO - Started process (PID=7024) to work on /home/airflow/.local/lib/python3.7/site-packages/airflow/example_dags/example_xcomargs.py
[2024-07-26T08:36:12.894+0000] {processor.py:756} INFO - Processing file /home/airflow/.local/lib/python3.7/site-packages/airflow/example_dags/example_xcomargs.py for tasks to queue
[2024-07-26T08:36:12.897+0000] {logging_mixin.py:120} INFO - [2024-07-26T08:36:12.897+0000] {dagbag.py:537} INFO - Filling up the DagBag from /home/airflow/.local/lib/python3.7/site-packages/airflow/example_dags/example_xcomargs.py
[2024-07-26T08:36:12.926+0000] {processor.py:766} INFO - DAG(s) dict_keys(['example_xcom_args_with_operators', 'example_xcom_args']) retrieved from /home/airflow/.local/lib/python3.7/site-packages/airflow/example_dags/example_xcomargs.py
[2024-07-26T08:36:12.984+0000] {logging_mixin.py:120} INFO - [2024-07-26T08:36:12.984+0000] {dag.py:2585} INFO - Sync 2 DAGs
[2024-07-26T08:36:13.008+0000] {logging_mixin.py:120} INFO - [2024-07-26T08:36:13.008+0000] {dag.py:3340} INFO - Setting next_dagrun for example_xcom_args to None, run_after=None
[2024-07-26T08:36:13.012+0000] {logging_mixin.py:120} INFO - [2024-07-26T08:36:13.012+0000] {dag.py:3340} INFO - Setting next_dagrun for example_xcom_args_with_operators to None, run_after=None
[2024-07-26T08:36:13.036+0000] {processor.py:176} INFO - Processing /home/airflow/.local/lib/python3.7/site-packages/airflow/example_dags/example_xcomargs.py took 0.168 seconds
[2024-07-26T09:29:27.046+0000] {processor.py:154} INFO - Started process (PID=7088) to work on /home/airflow/.local/lib/python3.7/site-packages/airflow/example_dags/example_xcomargs.py
[2024-07-26T09:29:27.047+0000] {processor.py:756} INFO - Processing file /home/airflow/.local/lib/python3.7/site-packages/airflow/example_dags/example_xcomargs.py for tasks to queue
[2024-07-26T09:29:27.050+0000] {logging_mixin.py:120} INFO - [2024-07-26T09:29:27.050+0000] {dagbag.py:537} INFO - Filling up the DagBag from /home/airflow/.local/lib/python3.7/site-packages/airflow/example_dags/example_xcomargs.py
[2024-07-26T09:29:27.067+0000] {processor.py:766} INFO - DAG(s) dict_keys(['example_xcom_args', 'example_xcom_args_with_operators']) retrieved from /home/airflow/.local/lib/python3.7/site-packages/airflow/example_dags/example_xcomargs.py
[2024-07-26T09:29:27.100+0000] {logging_mixin.py:120} INFO - [2024-07-26T09:29:27.100+0000] {dag.py:2585} INFO - Sync 2 DAGs
[2024-07-26T09:29:27.126+0000] {logging_mixin.py:120} INFO - [2024-07-26T09:29:27.126+0000] {dag.py:3340} INFO - Setting next_dagrun for example_xcom_args to None, run_after=None
[2024-07-26T09:29:27.129+0000] {logging_mixin.py:120} INFO - [2024-07-26T09:29:27.129+0000] {dag.py:3340} INFO - Setting next_dagrun for example_xcom_args_with_operators to None, run_after=None
[2024-07-26T09:29:27.148+0000] {processor.py:176} INFO - Processing /home/airflow/.local/lib/python3.7/site-packages/airflow/example_dags/example_xcomargs.py took 0.105 seconds
[2024-07-26T10:30:31.519+0000] {processor.py:154} INFO - Started process (PID=7143) to work on /home/airflow/.local/lib/python3.7/site-packages/airflow/example_dags/example_xcomargs.py
[2024-07-26T10:30:31.520+0000] {processor.py:756} INFO - Processing file /home/airflow/.local/lib/python3.7/site-packages/airflow/example_dags/example_xcomargs.py for tasks to queue
[2024-07-26T10:30:31.521+0000] {logging_mixin.py:120} INFO - [2024-07-26T10:30:31.521+0000] {dagbag.py:537} INFO - Filling up the DagBag from /home/airflow/.local/lib/python3.7/site-packages/airflow/example_dags/example_xcomargs.py
[2024-07-26T10:30:31.543+0000] {processor.py:766} INFO - DAG(s) dict_keys(['example_xcom_args_with_operators', 'example_xcom_args']) retrieved from /home/airflow/.local/lib/python3.7/site-packages/airflow/example_dags/example_xcomargs.py
[2024-07-26T10:30:31.583+0000] {logging_mixin.py:120} INFO - [2024-07-26T10:30:31.583+0000] {dag.py:2585} INFO - Sync 2 DAGs
[2024-07-26T10:30:31.601+0000] {logging_mixin.py:120} INFO - [2024-07-26T10:30:31.600+0000] {dag.py:3340} INFO - Setting next_dagrun for example_xcom_args to None, run_after=None
[2024-07-26T10:30:31.603+0000] {logging_mixin.py:120} INFO - [2024-07-26T10:30:31.603+0000] {dag.py:3340} INFO - Setting next_dagrun for example_xcom_args_with_operators to None, run_after=None
[2024-07-26T10:30:31.612+0000] {processor.py:176} INFO - Processing /home/airflow/.local/lib/python3.7/site-packages/airflow/example_dags/example_xcomargs.py took 0.095 seconds
[2024-07-26T10:39:57.290+0000] {processor.py:154} INFO - Started process (PID=7207) to work on /home/airflow/.local/lib/python3.7/site-packages/airflow/example_dags/example_xcomargs.py
[2024-07-26T10:39:57.291+0000] {processor.py:756} INFO - Processing file /home/airflow/.local/lib/python3.7/site-packages/airflow/example_dags/example_xcomargs.py for tasks to queue
[2024-07-26T10:39:57.293+0000] {logging_mixin.py:120} INFO - [2024-07-26T10:39:57.293+0000] {dagbag.py:537} INFO - Filling up the DagBag from /home/airflow/.local/lib/python3.7/site-packages/airflow/example_dags/example_xcomargs.py
[2024-07-26T10:39:57.308+0000] {processor.py:766} INFO - DAG(s) dict_keys(['example_xcom_args', 'example_xcom_args_with_operators']) retrieved from /home/airflow/.local/lib/python3.7/site-packages/airflow/example_dags/example_xcomargs.py
[2024-07-26T10:39:57.342+0000] {logging_mixin.py:120} INFO - [2024-07-26T10:39:57.342+0000] {dag.py:2585} INFO - Sync 2 DAGs
[2024-07-26T10:39:57.356+0000] {logging_mixin.py:120} INFO - [2024-07-26T10:39:57.356+0000] {dag.py:3340} INFO - Setting next_dagrun for example_xcom_args to None, run_after=None
[2024-07-26T10:39:57.358+0000] {logging_mixin.py:120} INFO - [2024-07-26T10:39:57.358+0000] {dag.py:3340} INFO - Setting next_dagrun for example_xcom_args_with_operators to None, run_after=None
[2024-07-26T10:39:57.366+0000] {processor.py:176} INFO - Processing /home/airflow/.local/lib/python3.7/site-packages/airflow/example_dags/example_xcomargs.py took 0.078 seconds
[2024-07-26T11:48:31.504+0000] {processor.py:154} INFO - Started process (PID=7271) to work on /home/airflow/.local/lib/python3.7/site-packages/airflow/example_dags/example_xcomargs.py
[2024-07-26T11:48:31.505+0000] {processor.py:756} INFO - Processing file /home/airflow/.local/lib/python3.7/site-packages/airflow/example_dags/example_xcomargs.py for tasks to queue
[2024-07-26T11:48:31.507+0000] {logging_mixin.py:120} INFO - [2024-07-26T11:48:31.507+0000] {dagbag.py:537} INFO - Filling up the DagBag from /home/airflow/.local/lib/python3.7/site-packages/airflow/example_dags/example_xcomargs.py
[2024-07-26T11:48:31.520+0000] {processor.py:766} INFO - DAG(s) dict_keys(['example_xcom_args', 'example_xcom_args_with_operators']) retrieved from /home/airflow/.local/lib/python3.7/site-packages/airflow/example_dags/example_xcomargs.py
[2024-07-26T11:48:31.573+0000] {logging_mixin.py:120} INFO - [2024-07-26T11:48:31.572+0000] {dag.py:2585} INFO - Sync 2 DAGs
[2024-07-26T11:48:31.615+0000] {logging_mixin.py:120} INFO - [2024-07-26T11:48:31.614+0000] {dag.py:3340} INFO - Setting next_dagrun for example_xcom_args to None, run_after=None
[2024-07-26T11:48:31.618+0000] {logging_mixin.py:120} INFO - [2024-07-26T11:48:31.617+0000] {dag.py:3340} INFO - Setting next_dagrun for example_xcom_args_with_operators to None, run_after=None
[2024-07-26T11:48:31.639+0000] {processor.py:176} INFO - Processing /home/airflow/.local/lib/python3.7/site-packages/airflow/example_dags/example_xcomargs.py took 0.137 seconds
[2024-07-26T12:13:06.744+0000] {processor.py:154} INFO - Started process (PID=7335) to work on /home/airflow/.local/lib/python3.7/site-packages/airflow/example_dags/example_xcomargs.py
[2024-07-26T12:13:06.747+0000] {processor.py:756} INFO - Processing file /home/airflow/.local/lib/python3.7/site-packages/airflow/example_dags/example_xcomargs.py for tasks to queue
[2024-07-26T12:13:06.748+0000] {logging_mixin.py:120} INFO - [2024-07-26T12:13:06.748+0000] {dagbag.py:537} INFO - Filling up the DagBag from /home/airflow/.local/lib/python3.7/site-packages/airflow/example_dags/example_xcomargs.py
[2024-07-26T12:13:06.770+0000] {processor.py:766} INFO - DAG(s) dict_keys(['example_xcom_args_with_operators', 'example_xcom_args']) retrieved from /home/airflow/.local/lib/python3.7/site-packages/airflow/example_dags/example_xcomargs.py
[2024-07-26T12:13:06.821+0000] {logging_mixin.py:120} INFO - [2024-07-26T12:13:06.821+0000] {dag.py:2585} INFO - Sync 2 DAGs
[2024-07-26T12:13:06.841+0000] {logging_mixin.py:120} INFO - [2024-07-26T12:13:06.841+0000] {dag.py:3340} INFO - Setting next_dagrun for example_xcom_args to None, run_after=None
[2024-07-26T12:13:06.846+0000] {logging_mixin.py:120} INFO - [2024-07-26T12:13:06.846+0000] {dag.py:3340} INFO - Setting next_dagrun for example_xcom_args_with_operators to None, run_after=None
[2024-07-26T12:13:06.875+0000] {processor.py:176} INFO - Processing /home/airflow/.local/lib/python3.7/site-packages/airflow/example_dags/example_xcomargs.py took 0.136 seconds
[2024-07-26T12:19:26.780+0000] {processor.py:154} INFO - Started process (PID=7390) to work on /home/airflow/.local/lib/python3.7/site-packages/airflow/example_dags/example_xcomargs.py
[2024-07-26T12:19:26.781+0000] {processor.py:756} INFO - Processing file /home/airflow/.local/lib/python3.7/site-packages/airflow/example_dags/example_xcomargs.py for tasks to queue
[2024-07-26T12:19:26.782+0000] {logging_mixin.py:120} INFO - [2024-07-26T12:19:26.782+0000] {dagbag.py:537} INFO - Filling up the DagBag from /home/airflow/.local/lib/python3.7/site-packages/airflow/example_dags/example_xcomargs.py
[2024-07-26T12:19:26.804+0000] {processor.py:766} INFO - DAG(s) dict_keys(['example_xcom_args_with_operators', 'example_xcom_args']) retrieved from /home/airflow/.local/lib/python3.7/site-packages/airflow/example_dags/example_xcomargs.py
[2024-07-26T12:19:26.849+0000] {logging_mixin.py:120} INFO - [2024-07-26T12:19:26.849+0000] {dag.py:2585} INFO - Sync 2 DAGs
[2024-07-26T12:19:26.872+0000] {logging_mixin.py:120} INFO - [2024-07-26T12:19:26.872+0000] {dag.py:3340} INFO - Setting next_dagrun for example_xcom_args to None, run_after=None
[2024-07-26T12:19:26.880+0000] {logging_mixin.py:120} INFO - [2024-07-26T12:19:26.880+0000] {dag.py:3340} INFO - Setting next_dagrun for example_xcom_args_with_operators to None, run_after=None
[2024-07-26T12:19:26.920+0000] {processor.py:176} INFO - Processing /home/airflow/.local/lib/python3.7/site-packages/airflow/example_dags/example_xcomargs.py took 0.142 seconds
[2024-07-26T13:00:09.360+0000] {processor.py:154} INFO - Started process (PID=7453) to work on /home/airflow/.local/lib/python3.7/site-packages/airflow/example_dags/example_xcomargs.py
[2024-07-26T13:00:09.362+0000] {processor.py:756} INFO - Processing file /home/airflow/.local/lib/python3.7/site-packages/airflow/example_dags/example_xcomargs.py for tasks to queue
[2024-07-26T13:00:09.363+0000] {logging_mixin.py:120} INFO - [2024-07-26T13:00:09.363+0000] {dagbag.py:537} INFO - Filling up the DagBag from /home/airflow/.local/lib/python3.7/site-packages/airflow/example_dags/example_xcomargs.py
[2024-07-26T13:00:09.383+0000] {processor.py:766} INFO - DAG(s) dict_keys(['example_xcom_args', 'example_xcom_args_with_operators']) retrieved from /home/airflow/.local/lib/python3.7/site-packages/airflow/example_dags/example_xcomargs.py
[2024-07-26T13:00:09.417+0000] {logging_mixin.py:120} INFO - [2024-07-26T13:00:09.416+0000] {dag.py:2585} INFO - Sync 2 DAGs
[2024-07-26T13:00:09.444+0000] {logging_mixin.py:120} INFO - [2024-07-26T13:00:09.443+0000] {dag.py:3340} INFO - Setting next_dagrun for example_xcom_args to None, run_after=None
[2024-07-26T13:00:09.449+0000] {logging_mixin.py:120} INFO - [2024-07-26T13:00:09.449+0000] {dag.py:3340} INFO - Setting next_dagrun for example_xcom_args_with_operators to None, run_after=None
[2024-07-26T13:00:09.463+0000] {processor.py:176} INFO - Processing /home/airflow/.local/lib/python3.7/site-packages/airflow/example_dags/example_xcomargs.py took 0.105 seconds
[2024-07-26T13:12:28.535+0000] {processor.py:154} INFO - Started process (PID=7517) to work on /home/airflow/.local/lib/python3.7/site-packages/airflow/example_dags/example_xcomargs.py
[2024-07-26T13:12:28.539+0000] {processor.py:756} INFO - Processing file /home/airflow/.local/lib/python3.7/site-packages/airflow/example_dags/example_xcomargs.py for tasks to queue
[2024-07-26T13:12:28.539+0000] {logging_mixin.py:120} INFO - [2024-07-26T13:12:28.539+0000] {dagbag.py:537} INFO - Filling up the DagBag from /home/airflow/.local/lib/python3.7/site-packages/airflow/example_dags/example_xcomargs.py
[2024-07-26T13:12:28.556+0000] {processor.py:766} INFO - DAG(s) dict_keys(['example_xcom_args_with_operators', 'example_xcom_args']) retrieved from /home/airflow/.local/lib/python3.7/site-packages/airflow/example_dags/example_xcomargs.py
[2024-07-26T13:12:28.620+0000] {logging_mixin.py:120} INFO - [2024-07-26T13:12:28.620+0000] {dag.py:2585} INFO - Sync 2 DAGs
[2024-07-26T13:12:28.645+0000] {logging_mixin.py:120} INFO - [2024-07-26T13:12:28.645+0000] {dag.py:3340} INFO - Setting next_dagrun for example_xcom_args to None, run_after=None
[2024-07-26T13:12:28.652+0000] {logging_mixin.py:120} INFO - [2024-07-26T13:12:28.652+0000] {dag.py:3340} INFO - Setting next_dagrun for example_xcom_args_with_operators to None, run_after=None
[2024-07-26T13:12:28.692+0000] {processor.py:176} INFO - Processing /home/airflow/.local/lib/python3.7/site-packages/airflow/example_dags/example_xcomargs.py took 0.159 seconds
[2024-07-26T13:43:22.797+0000] {processor.py:154} INFO - Started process (PID=7581) to work on /home/airflow/.local/lib/python3.7/site-packages/airflow/example_dags/example_xcomargs.py
[2024-07-26T13:43:22.799+0000] {processor.py:756} INFO - Processing file /home/airflow/.local/lib/python3.7/site-packages/airflow/example_dags/example_xcomargs.py for tasks to queue
[2024-07-26T13:43:22.800+0000] {logging_mixin.py:120} INFO - [2024-07-26T13:43:22.800+0000] {dagbag.py:537} INFO - Filling up the DagBag from /home/airflow/.local/lib/python3.7/site-packages/airflow/example_dags/example_xcomargs.py
[2024-07-26T13:43:22.822+0000] {processor.py:766} INFO - DAG(s) dict_keys(['example_xcom_args', 'example_xcom_args_with_operators']) retrieved from /home/airflow/.local/lib/python3.7/site-packages/airflow/example_dags/example_xcomargs.py
[2024-07-26T13:43:22.882+0000] {logging_mixin.py:120} INFO - [2024-07-26T13:43:22.882+0000] {dag.py:2585} INFO - Sync 2 DAGs
[2024-07-26T13:43:22.899+0000] {logging_mixin.py:120} INFO - [2024-07-26T13:43:22.899+0000] {dag.py:3340} INFO - Setting next_dagrun for example_xcom_args to None, run_after=None
[2024-07-26T13:43:22.902+0000] {logging_mixin.py:120} INFO - [2024-07-26T13:43:22.902+0000] {dag.py:3340} INFO - Setting next_dagrun for example_xcom_args_with_operators to None, run_after=None
[2024-07-26T13:43:22.915+0000] {processor.py:176} INFO - Processing /home/airflow/.local/lib/python3.7/site-packages/airflow/example_dags/example_xcomargs.py took 0.122 seconds
[2024-07-26T13:46:54.702+0000] {processor.py:154} INFO - Started process (PID=7645) to work on /home/airflow/.local/lib/python3.7/site-packages/airflow/example_dags/example_xcomargs.py
[2024-07-26T13:46:54.703+0000] {processor.py:756} INFO - Processing file /home/airflow/.local/lib/python3.7/site-packages/airflow/example_dags/example_xcomargs.py for tasks to queue
[2024-07-26T13:46:54.703+0000] {logging_mixin.py:120} INFO - [2024-07-26T13:46:54.703+0000] {dagbag.py:537} INFO - Filling up the DagBag from /home/airflow/.local/lib/python3.7/site-packages/airflow/example_dags/example_xcomargs.py
[2024-07-26T13:46:54.714+0000] {processor.py:766} INFO - DAG(s) dict_keys(['example_xcom_args_with_operators', 'example_xcom_args']) retrieved from /home/airflow/.local/lib/python3.7/site-packages/airflow/example_dags/example_xcomargs.py
[2024-07-26T13:46:54.736+0000] {logging_mixin.py:120} INFO - [2024-07-26T13:46:54.736+0000] {dag.py:2585} INFO - Sync 2 DAGs
[2024-07-26T13:46:54.748+0000] {logging_mixin.py:120} INFO - [2024-07-26T13:46:54.748+0000] {dag.py:3340} INFO - Setting next_dagrun for example_xcom_args to None, run_after=None
[2024-07-26T13:46:54.750+0000] {logging_mixin.py:120} INFO - [2024-07-26T13:46:54.750+0000] {dag.py:3340} INFO - Setting next_dagrun for example_xcom_args_with_operators to None, run_after=None
[2024-07-26T13:46:54.760+0000] {processor.py:176} INFO - Processing /home/airflow/.local/lib/python3.7/site-packages/airflow/example_dags/example_xcomargs.py took 0.060 seconds
[2024-07-26T13:52:24.269+0000] {processor.py:154} INFO - Started process (PID=7700) to work on /home/airflow/.local/lib/python3.7/site-packages/airflow/example_dags/example_xcomargs.py
[2024-07-26T13:52:24.271+0000] {processor.py:756} INFO - Processing file /home/airflow/.local/lib/python3.7/site-packages/airflow/example_dags/example_xcomargs.py for tasks to queue
[2024-07-26T13:52:24.272+0000] {logging_mixin.py:120} INFO - [2024-07-26T13:52:24.272+0000] {dagbag.py:537} INFO - Filling up the DagBag from /home/airflow/.local/lib/python3.7/site-packages/airflow/example_dags/example_xcomargs.py
[2024-07-26T13:52:24.294+0000] {processor.py:766} INFO - DAG(s) dict_keys(['example_xcom_args', 'example_xcom_args_with_operators']) retrieved from /home/airflow/.local/lib/python3.7/site-packages/airflow/example_dags/example_xcomargs.py
[2024-07-26T13:52:24.342+0000] {logging_mixin.py:120} INFO - [2024-07-26T13:52:24.342+0000] {dag.py:2585} INFO - Sync 2 DAGs
[2024-07-26T13:52:24.361+0000] {logging_mixin.py:120} INFO - [2024-07-26T13:52:24.361+0000] {dag.py:3340} INFO - Setting next_dagrun for example_xcom_args to None, run_after=None
[2024-07-26T13:52:24.363+0000] {logging_mixin.py:120} INFO - [2024-07-26T13:52:24.363+0000] {dag.py:3340} INFO - Setting next_dagrun for example_xcom_args_with_operators to None, run_after=None
[2024-07-26T13:52:24.384+0000] {processor.py:176} INFO - Processing /home/airflow/.local/lib/python3.7/site-packages/airflow/example_dags/example_xcomargs.py took 0.121 seconds
[2024-07-26T13:54:21.766+0000] {processor.py:154} INFO - Started process (PID=7764) to work on /home/airflow/.local/lib/python3.7/site-packages/airflow/example_dags/example_xcomargs.py
[2024-07-26T13:54:21.766+0000] {processor.py:756} INFO - Processing file /home/airflow/.local/lib/python3.7/site-packages/airflow/example_dags/example_xcomargs.py for tasks to queue
[2024-07-26T13:54:21.767+0000] {logging_mixin.py:120} INFO - [2024-07-26T13:54:21.767+0000] {dagbag.py:537} INFO - Filling up the DagBag from /home/airflow/.local/lib/python3.7/site-packages/airflow/example_dags/example_xcomargs.py
[2024-07-26T13:54:21.779+0000] {processor.py:766} INFO - DAG(s) dict_keys(['example_xcom_args_with_operators', 'example_xcom_args']) retrieved from /home/airflow/.local/lib/python3.7/site-packages/airflow/example_dags/example_xcomargs.py
[2024-07-26T13:54:21.806+0000] {logging_mixin.py:120} INFO - [2024-07-26T13:54:21.806+0000] {dag.py:2585} INFO - Sync 2 DAGs
[2024-07-26T13:54:21.821+0000] {logging_mixin.py:120} INFO - [2024-07-26T13:54:21.821+0000] {dag.py:3340} INFO - Setting next_dagrun for example_xcom_args to None, run_after=None
[2024-07-26T13:54:21.826+0000] {logging_mixin.py:120} INFO - [2024-07-26T13:54:21.826+0000] {dag.py:3340} INFO - Setting next_dagrun for example_xcom_args_with_operators to None, run_after=None
[2024-07-26T13:54:21.838+0000] {processor.py:176} INFO - Processing /home/airflow/.local/lib/python3.7/site-packages/airflow/example_dags/example_xcomargs.py took 0.074 seconds
[2024-07-26T13:55:29.869+0000] {processor.py:154} INFO - Started process (PID=7828) to work on /home/airflow/.local/lib/python3.7/site-packages/airflow/example_dags/example_xcomargs.py
[2024-07-26T13:55:29.871+0000] {processor.py:756} INFO - Processing file /home/airflow/.local/lib/python3.7/site-packages/airflow/example_dags/example_xcomargs.py for tasks to queue
[2024-07-26T13:55:29.872+0000] {logging_mixin.py:120} INFO - [2024-07-26T13:55:29.872+0000] {dagbag.py:537} INFO - Filling up the DagBag from /home/airflow/.local/lib/python3.7/site-packages/airflow/example_dags/example_xcomargs.py
[2024-07-26T13:55:29.885+0000] {processor.py:766} INFO - DAG(s) dict_keys(['example_xcom_args_with_operators', 'example_xcom_args']) retrieved from /home/airflow/.local/lib/python3.7/site-packages/airflow/example_dags/example_xcomargs.py
[2024-07-26T13:55:29.915+0000] {logging_mixin.py:120} INFO - [2024-07-26T13:55:29.914+0000] {dag.py:2585} INFO - Sync 2 DAGs
[2024-07-26T13:55:29.929+0000] {logging_mixin.py:120} INFO - [2024-07-26T13:55:29.929+0000] {dag.py:3340} INFO - Setting next_dagrun for example_xcom_args to None, run_after=None
[2024-07-26T13:55:29.933+0000] {logging_mixin.py:120} INFO - [2024-07-26T13:55:29.933+0000] {dag.py:3340} INFO - Setting next_dagrun for example_xcom_args_with_operators to None, run_after=None
[2024-07-26T13:55:29.945+0000] {processor.py:176} INFO - Processing /home/airflow/.local/lib/python3.7/site-packages/airflow/example_dags/example_xcomargs.py took 0.078 seconds
[2024-07-26T14:05:33.294+0000] {processor.py:154} INFO - Started process (PID=7892) to work on /home/airflow/.local/lib/python3.7/site-packages/airflow/example_dags/example_xcomargs.py
[2024-07-26T14:05:33.298+0000] {processor.py:756} INFO - Processing file /home/airflow/.local/lib/python3.7/site-packages/airflow/example_dags/example_xcomargs.py for tasks to queue
[2024-07-26T14:05:33.299+0000] {logging_mixin.py:120} INFO - [2024-07-26T14:05:33.299+0000] {dagbag.py:537} INFO - Filling up the DagBag from /home/airflow/.local/lib/python3.7/site-packages/airflow/example_dags/example_xcomargs.py
[2024-07-26T14:05:33.324+0000] {processor.py:766} INFO - DAG(s) dict_keys(['example_xcom_args_with_operators', 'example_xcom_args']) retrieved from /home/airflow/.local/lib/python3.7/site-packages/airflow/example_dags/example_xcomargs.py
[2024-07-26T14:05:33.370+0000] {logging_mixin.py:120} INFO - [2024-07-26T14:05:33.370+0000] {dag.py:2585} INFO - Sync 2 DAGs
[2024-07-26T14:05:33.389+0000] {logging_mixin.py:120} INFO - [2024-07-26T14:05:33.389+0000] {dag.py:3340} INFO - Setting next_dagrun for example_xcom_args to None, run_after=None
[2024-07-26T14:05:33.391+0000] {logging_mixin.py:120} INFO - [2024-07-26T14:05:33.391+0000] {dag.py:3340} INFO - Setting next_dagrun for example_xcom_args_with_operators to None, run_after=None
[2024-07-26T14:05:33.402+0000] {processor.py:176} INFO - Processing /home/airflow/.local/lib/python3.7/site-packages/airflow/example_dags/example_xcomargs.py took 0.115 seconds
[2024-07-26T14:06:20.861+0000] {processor.py:154} INFO - Started process (PID=7955) to work on /home/airflow/.local/lib/python3.7/site-packages/airflow/example_dags/example_xcomargs.py
[2024-07-26T14:06:20.862+0000] {processor.py:756} INFO - Processing file /home/airflow/.local/lib/python3.7/site-packages/airflow/example_dags/example_xcomargs.py for tasks to queue
[2024-07-26T14:06:20.864+0000] {logging_mixin.py:120} INFO - [2024-07-26T14:06:20.864+0000] {dagbag.py:537} INFO - Filling up the DagBag from /home/airflow/.local/lib/python3.7/site-packages/airflow/example_dags/example_xcomargs.py
[2024-07-26T14:06:20.876+0000] {processor.py:766} INFO - DAG(s) dict_keys(['example_xcom_args', 'example_xcom_args_with_operators']) retrieved from /home/airflow/.local/lib/python3.7/site-packages/airflow/example_dags/example_xcomargs.py
[2024-07-26T14:06:20.901+0000] {logging_mixin.py:120} INFO - [2024-07-26T14:06:20.901+0000] {dag.py:2585} INFO - Sync 2 DAGs
[2024-07-26T14:06:20.917+0000] {logging_mixin.py:120} INFO - [2024-07-26T14:06:20.917+0000] {dag.py:3340} INFO - Setting next_dagrun for example_xcom_args to None, run_after=None
[2024-07-26T14:06:20.920+0000] {logging_mixin.py:120} INFO - [2024-07-26T14:06:20.920+0000] {dag.py:3340} INFO - Setting next_dagrun for example_xcom_args_with_operators to None, run_after=None
[2024-07-26T14:06:20.941+0000] {processor.py:176} INFO - Processing /home/airflow/.local/lib/python3.7/site-packages/airflow/example_dags/example_xcomargs.py took 0.082 seconds
