[2024-07-26T00:02:54.727+0000] {processor.py:154} INFO - Started process (PID=4795) to work on /home/airflow/.local/lib/python3.7/site-packages/airflow/example_dags/example_branch_python_dop_operator_3.py
[2024-07-26T00:02:54.729+0000] {processor.py:756} INFO - Processing file /home/airflow/.local/lib/python3.7/site-packages/airflow/example_dags/example_branch_python_dop_operator_3.py for tasks to queue
[2024-07-26T00:02:54.730+0000] {logging_mixin.py:120} INFO - [2024-07-26T00:02:54.730+0000] {dagbag.py:537} INFO - Filling up the DagBag from /home/airflow/.local/lib/python3.7/site-packages/airflow/example_dags/example_branch_python_dop_operator_3.py
[2024-07-26T00:02:54.751+0000] {processor.py:766} INFO - DAG(s) dict_keys(['example_branch_dop_operator_v3']) retrieved from /home/airflow/.local/lib/python3.7/site-packages/airflow/example_dags/example_branch_python_dop_operator_3.py
[2024-07-26T00:02:54.786+0000] {logging_mixin.py:120} INFO - [2024-07-26T00:02:54.786+0000] {dag.py:2585} INFO - Sync 1 DAGs
[2024-07-26T00:02:54.801+0000] {logging_mixin.py:120} INFO - [2024-07-26T00:02:54.801+0000] {dag.py:3340} INFO - Setting next_dagrun for example_branch_dop_operator_v3 to 2024-07-26T00:01:00+00:00, run_after=2024-07-26T00:02:00+00:00
[2024-07-26T00:02:54.822+0000] {processor.py:176} INFO - Processing /home/airflow/.local/lib/python3.7/site-packages/airflow/example_dags/example_branch_python_dop_operator_3.py took 0.097 seconds
[2024-07-26T00:16:07.328+0000] {processor.py:154} INFO - Started process (PID=4850) to work on /home/airflow/.local/lib/python3.7/site-packages/airflow/example_dags/example_branch_python_dop_operator_3.py
[2024-07-26T00:16:07.330+0000] {processor.py:756} INFO - Processing file /home/airflow/.local/lib/python3.7/site-packages/airflow/example_dags/example_branch_python_dop_operator_3.py for tasks to queue
[2024-07-26T00:16:07.330+0000] {logging_mixin.py:120} INFO - [2024-07-26T00:16:07.330+0000] {dagbag.py:537} INFO - Filling up the DagBag from /home/airflow/.local/lib/python3.7/site-packages/airflow/example_dags/example_branch_python_dop_operator_3.py
[2024-07-26T00:16:07.345+0000] {processor.py:766} INFO - DAG(s) dict_keys(['example_branch_dop_operator_v3']) retrieved from /home/airflow/.local/lib/python3.7/site-packages/airflow/example_dags/example_branch_python_dop_operator_3.py
[2024-07-26T00:16:07.394+0000] {logging_mixin.py:120} INFO - [2024-07-26T00:16:07.394+0000] {dag.py:2585} INFO - Sync 1 DAGs
[2024-07-26T00:16:07.414+0000] {logging_mixin.py:120} INFO - [2024-07-26T00:16:07.414+0000] {dag.py:3340} INFO - Setting next_dagrun for example_branch_dop_operator_v3 to 2024-07-26T00:15:00+00:00, run_after=2024-07-26T00:16:00+00:00
[2024-07-26T00:16:07.430+0000] {processor.py:176} INFO - Processing /home/airflow/.local/lib/python3.7/site-packages/airflow/example_dags/example_branch_python_dop_operator_3.py took 0.104 seconds
[2024-07-26T00:40:52.942+0000] {processor.py:154} INFO - Started process (PID=4914) to work on /home/airflow/.local/lib/python3.7/site-packages/airflow/example_dags/example_branch_python_dop_operator_3.py
[2024-07-26T00:40:52.942+0000] {processor.py:756} INFO - Processing file /home/airflow/.local/lib/python3.7/site-packages/airflow/example_dags/example_branch_python_dop_operator_3.py for tasks to queue
[2024-07-26T00:40:52.944+0000] {logging_mixin.py:120} INFO - [2024-07-26T00:40:52.944+0000] {dagbag.py:537} INFO - Filling up the DagBag from /home/airflow/.local/lib/python3.7/site-packages/airflow/example_dags/example_branch_python_dop_operator_3.py
[2024-07-26T00:40:52.956+0000] {processor.py:766} INFO - DAG(s) dict_keys(['example_branch_dop_operator_v3']) retrieved from /home/airflow/.local/lib/python3.7/site-packages/airflow/example_dags/example_branch_python_dop_operator_3.py
[2024-07-26T00:40:52.985+0000] {logging_mixin.py:120} INFO - [2024-07-26T00:40:52.985+0000] {dag.py:2585} INFO - Sync 1 DAGs
[2024-07-26T00:40:53.155+0000] {logging_mixin.py:120} INFO - [2024-07-26T00:40:53.155+0000] {dag.py:3340} INFO - Setting next_dagrun for example_branch_dop_operator_v3 to 2024-07-26T00:39:00+00:00, run_after=2024-07-26T00:40:00+00:00
[2024-07-26T00:40:53.253+0000] {processor.py:176} INFO - Processing /home/airflow/.local/lib/python3.7/site-packages/airflow/example_dags/example_branch_python_dop_operator_3.py took 0.314 seconds
[2024-07-26T01:30:33.857+0000] {processor.py:154} INFO - Started process (PID=4978) to work on /home/airflow/.local/lib/python3.7/site-packages/airflow/example_dags/example_branch_python_dop_operator_3.py
[2024-07-26T01:30:33.858+0000] {processor.py:756} INFO - Processing file /home/airflow/.local/lib/python3.7/site-packages/airflow/example_dags/example_branch_python_dop_operator_3.py for tasks to queue
[2024-07-26T01:30:33.860+0000] {logging_mixin.py:120} INFO - [2024-07-26T01:30:33.860+0000] {dagbag.py:537} INFO - Filling up the DagBag from /home/airflow/.local/lib/python3.7/site-packages/airflow/example_dags/example_branch_python_dop_operator_3.py
[2024-07-26T01:30:33.881+0000] {processor.py:766} INFO - DAG(s) dict_keys(['example_branch_dop_operator_v3']) retrieved from /home/airflow/.local/lib/python3.7/site-packages/airflow/example_dags/example_branch_python_dop_operator_3.py
[2024-07-26T01:30:33.904+0000] {logging_mixin.py:120} INFO - [2024-07-26T01:30:33.903+0000] {dag.py:2585} INFO - Sync 1 DAGs
[2024-07-26T01:30:33.927+0000] {logging_mixin.py:120} INFO - [2024-07-26T01:30:33.927+0000] {dag.py:3340} INFO - Setting next_dagrun for example_branch_dop_operator_v3 to 2024-07-26T01:29:00+00:00, run_after=2024-07-26T01:30:00+00:00
[2024-07-26T01:30:33.947+0000] {processor.py:176} INFO - Processing /home/airflow/.local/lib/python3.7/site-packages/airflow/example_dags/example_branch_python_dop_operator_3.py took 0.092 seconds
[2024-07-26T02:00:30.302+0000] {processor.py:154} INFO - Started process (PID=5042) to work on /home/airflow/.local/lib/python3.7/site-packages/airflow/example_dags/example_branch_python_dop_operator_3.py
[2024-07-26T02:00:30.304+0000] {processor.py:756} INFO - Processing file /home/airflow/.local/lib/python3.7/site-packages/airflow/example_dags/example_branch_python_dop_operator_3.py for tasks to queue
[2024-07-26T02:00:30.306+0000] {logging_mixin.py:120} INFO - [2024-07-26T02:00:30.306+0000] {dagbag.py:537} INFO - Filling up the DagBag from /home/airflow/.local/lib/python3.7/site-packages/airflow/example_dags/example_branch_python_dop_operator_3.py
[2024-07-26T02:00:30.321+0000] {processor.py:766} INFO - DAG(s) dict_keys(['example_branch_dop_operator_v3']) retrieved from /home/airflow/.local/lib/python3.7/site-packages/airflow/example_dags/example_branch_python_dop_operator_3.py
[2024-07-26T02:00:30.354+0000] {logging_mixin.py:120} INFO - [2024-07-26T02:00:30.354+0000] {dag.py:2585} INFO - Sync 1 DAGs
[2024-07-26T02:00:30.374+0000] {logging_mixin.py:120} INFO - [2024-07-26T02:00:30.374+0000] {dag.py:3340} INFO - Setting next_dagrun for example_branch_dop_operator_v3 to 2024-07-26T01:59:00+00:00, run_after=2024-07-26T02:00:00+00:00
[2024-07-26T02:00:30.391+0000] {processor.py:176} INFO - Processing /home/airflow/.local/lib/python3.7/site-packages/airflow/example_dags/example_branch_python_dop_operator_3.py took 0.091 seconds
[2024-07-26T02:13:02.902+0000] {processor.py:154} INFO - Started process (PID=5105) to work on /home/airflow/.local/lib/python3.7/site-packages/airflow/example_dags/example_branch_python_dop_operator_3.py
[2024-07-26T02:13:02.905+0000] {processor.py:756} INFO - Processing file /home/airflow/.local/lib/python3.7/site-packages/airflow/example_dags/example_branch_python_dop_operator_3.py for tasks to queue
[2024-07-26T02:13:02.906+0000] {logging_mixin.py:120} INFO - [2024-07-26T02:13:02.906+0000] {dagbag.py:537} INFO - Filling up the DagBag from /home/airflow/.local/lib/python3.7/site-packages/airflow/example_dags/example_branch_python_dop_operator_3.py
[2024-07-26T02:13:02.921+0000] {processor.py:766} INFO - DAG(s) dict_keys(['example_branch_dop_operator_v3']) retrieved from /home/airflow/.local/lib/python3.7/site-packages/airflow/example_dags/example_branch_python_dop_operator_3.py
[2024-07-26T02:13:02.967+0000] {logging_mixin.py:120} INFO - [2024-07-26T02:13:02.967+0000] {dag.py:2585} INFO - Sync 1 DAGs
[2024-07-26T02:13:02.987+0000] {logging_mixin.py:120} INFO - [2024-07-26T02:13:02.986+0000] {dag.py:3340} INFO - Setting next_dagrun for example_branch_dop_operator_v3 to 2024-07-26T02:12:00+00:00, run_after=2024-07-26T02:13:00+00:00
[2024-07-26T02:13:03.018+0000] {processor.py:176} INFO - Processing /home/airflow/.local/lib/python3.7/site-packages/airflow/example_dags/example_branch_python_dop_operator_3.py took 0.118 seconds
[2024-07-26T02:39:12.379+0000] {processor.py:154} INFO - Started process (PID=5160) to work on /home/airflow/.local/lib/python3.7/site-packages/airflow/example_dags/example_branch_python_dop_operator_3.py
[2024-07-26T02:39:12.382+0000] {processor.py:756} INFO - Processing file /home/airflow/.local/lib/python3.7/site-packages/airflow/example_dags/example_branch_python_dop_operator_3.py for tasks to queue
[2024-07-26T02:39:12.382+0000] {logging_mixin.py:120} INFO - [2024-07-26T02:39:12.382+0000] {dagbag.py:537} INFO - Filling up the DagBag from /home/airflow/.local/lib/python3.7/site-packages/airflow/example_dags/example_branch_python_dop_operator_3.py
[2024-07-26T02:39:12.399+0000] {processor.py:766} INFO - DAG(s) dict_keys(['example_branch_dop_operator_v3']) retrieved from /home/airflow/.local/lib/python3.7/site-packages/airflow/example_dags/example_branch_python_dop_operator_3.py
[2024-07-26T02:39:12.432+0000] {logging_mixin.py:120} INFO - [2024-07-26T02:39:12.432+0000] {dag.py:2585} INFO - Sync 1 DAGs
[2024-07-26T02:39:12.460+0000] {logging_mixin.py:120} INFO - [2024-07-26T02:39:12.460+0000] {dag.py:3340} INFO - Setting next_dagrun for example_branch_dop_operator_v3 to 2024-07-26T02:38:00+00:00, run_after=2024-07-26T02:39:00+00:00
[2024-07-26T02:39:12.481+0000] {processor.py:176} INFO - Processing /home/airflow/.local/lib/python3.7/site-packages/airflow/example_dags/example_branch_python_dop_operator_3.py took 0.104 seconds
[2024-07-26T02:58:11.965+0000] {processor.py:154} INFO - Started process (PID=5224) to work on /home/airflow/.local/lib/python3.7/site-packages/airflow/example_dags/example_branch_python_dop_operator_3.py
[2024-07-26T02:58:11.965+0000] {processor.py:756} INFO - Processing file /home/airflow/.local/lib/python3.7/site-packages/airflow/example_dags/example_branch_python_dop_operator_3.py for tasks to queue
[2024-07-26T02:58:11.966+0000] {logging_mixin.py:120} INFO - [2024-07-26T02:58:11.966+0000] {dagbag.py:537} INFO - Filling up the DagBag from /home/airflow/.local/lib/python3.7/site-packages/airflow/example_dags/example_branch_python_dop_operator_3.py
[2024-07-26T02:58:11.980+0000] {processor.py:766} INFO - DAG(s) dict_keys(['example_branch_dop_operator_v3']) retrieved from /home/airflow/.local/lib/python3.7/site-packages/airflow/example_dags/example_branch_python_dop_operator_3.py
[2024-07-26T02:58:12.006+0000] {logging_mixin.py:120} INFO - [2024-07-26T02:58:12.005+0000] {dag.py:2585} INFO - Sync 1 DAGs
[2024-07-26T02:58:12.024+0000] {logging_mixin.py:120} INFO - [2024-07-26T02:58:12.024+0000] {dag.py:3340} INFO - Setting next_dagrun for example_branch_dop_operator_v3 to 2024-07-26T02:57:00+00:00, run_after=2024-07-26T02:58:00+00:00
[2024-07-26T02:58:12.040+0000] {processor.py:176} INFO - Processing /home/airflow/.local/lib/python3.7/site-packages/airflow/example_dags/example_branch_python_dop_operator_3.py took 0.077 seconds
[2024-07-26T03:01:34.731+0000] {processor.py:154} INFO - Started process (PID=5288) to work on /home/airflow/.local/lib/python3.7/site-packages/airflow/example_dags/example_branch_python_dop_operator_3.py
[2024-07-26T03:01:34.735+0000] {processor.py:756} INFO - Processing file /home/airflow/.local/lib/python3.7/site-packages/airflow/example_dags/example_branch_python_dop_operator_3.py for tasks to queue
[2024-07-26T03:01:34.736+0000] {logging_mixin.py:120} INFO - [2024-07-26T03:01:34.736+0000] {dagbag.py:537} INFO - Filling up the DagBag from /home/airflow/.local/lib/python3.7/site-packages/airflow/example_dags/example_branch_python_dop_operator_3.py
[2024-07-26T03:01:34.753+0000] {processor.py:766} INFO - DAG(s) dict_keys(['example_branch_dop_operator_v3']) retrieved from /home/airflow/.local/lib/python3.7/site-packages/airflow/example_dags/example_branch_python_dop_operator_3.py
[2024-07-26T03:01:34.786+0000] {logging_mixin.py:120} INFO - [2024-07-26T03:01:34.786+0000] {dag.py:2585} INFO - Sync 1 DAGs
[2024-07-26T03:01:34.809+0000] {logging_mixin.py:120} INFO - [2024-07-26T03:01:34.809+0000] {dag.py:3340} INFO - Setting next_dagrun for example_branch_dop_operator_v3 to 2024-07-26T03:00:00+00:00, run_after=2024-07-26T03:01:00+00:00
[2024-07-26T03:01:34.829+0000] {processor.py:176} INFO - Processing /home/airflow/.local/lib/python3.7/site-packages/airflow/example_dags/example_branch_python_dop_operator_3.py took 0.100 seconds
[2024-07-26T03:15:41.218+0000] {processor.py:154} INFO - Started process (PID=5352) to work on /home/airflow/.local/lib/python3.7/site-packages/airflow/example_dags/example_branch_python_dop_operator_3.py
[2024-07-26T03:15:41.218+0000] {processor.py:756} INFO - Processing file /home/airflow/.local/lib/python3.7/site-packages/airflow/example_dags/example_branch_python_dop_operator_3.py for tasks to queue
[2024-07-26T03:15:41.219+0000] {logging_mixin.py:120} INFO - [2024-07-26T03:15:41.219+0000] {dagbag.py:537} INFO - Filling up the DagBag from /home/airflow/.local/lib/python3.7/site-packages/airflow/example_dags/example_branch_python_dop_operator_3.py
[2024-07-26T03:15:41.231+0000] {processor.py:766} INFO - DAG(s) dict_keys(['example_branch_dop_operator_v3']) retrieved from /home/airflow/.local/lib/python3.7/site-packages/airflow/example_dags/example_branch_python_dop_operator_3.py
[2024-07-26T03:15:41.274+0000] {logging_mixin.py:120} INFO - [2024-07-26T03:15:41.274+0000] {dag.py:2585} INFO - Sync 1 DAGs
[2024-07-26T03:15:41.306+0000] {logging_mixin.py:120} INFO - [2024-07-26T03:15:41.305+0000] {dag.py:3340} INFO - Setting next_dagrun for example_branch_dop_operator_v3 to 2024-07-26T03:14:00+00:00, run_after=2024-07-26T03:15:00+00:00
[2024-07-26T03:15:41.332+0000] {processor.py:176} INFO - Processing /home/airflow/.local/lib/python3.7/site-packages/airflow/example_dags/example_branch_python_dop_operator_3.py took 0.117 seconds
[2024-07-26T03:32:16.237+0000] {processor.py:154} INFO - Started process (PID=5407) to work on /home/airflow/.local/lib/python3.7/site-packages/airflow/example_dags/example_branch_python_dop_operator_3.py
[2024-07-26T03:32:16.241+0000] {processor.py:756} INFO - Processing file /home/airflow/.local/lib/python3.7/site-packages/airflow/example_dags/example_branch_python_dop_operator_3.py for tasks to queue
[2024-07-26T03:32:16.242+0000] {logging_mixin.py:120} INFO - [2024-07-26T03:32:16.242+0000] {dagbag.py:537} INFO - Filling up the DagBag from /home/airflow/.local/lib/python3.7/site-packages/airflow/example_dags/example_branch_python_dop_operator_3.py
[2024-07-26T03:32:16.255+0000] {processor.py:766} INFO - DAG(s) dict_keys(['example_branch_dop_operator_v3']) retrieved from /home/airflow/.local/lib/python3.7/site-packages/airflow/example_dags/example_branch_python_dop_operator_3.py
[2024-07-26T03:32:16.296+0000] {logging_mixin.py:120} INFO - [2024-07-26T03:32:16.296+0000] {dag.py:2585} INFO - Sync 1 DAGs
[2024-07-26T03:32:16.318+0000] {logging_mixin.py:120} INFO - [2024-07-26T03:32:16.317+0000] {dag.py:3340} INFO - Setting next_dagrun for example_branch_dop_operator_v3 to 2024-07-26T03:31:00+00:00, run_after=2024-07-26T03:32:00+00:00
[2024-07-26T03:32:16.334+0000] {processor.py:176} INFO - Processing /home/airflow/.local/lib/python3.7/site-packages/airflow/example_dags/example_branch_python_dop_operator_3.py took 0.099 seconds
[2024-07-26T03:56:59.131+0000] {processor.py:154} INFO - Started process (PID=5471) to work on /home/airflow/.local/lib/python3.7/site-packages/airflow/example_dags/example_branch_python_dop_operator_3.py
[2024-07-26T03:56:59.132+0000] {processor.py:756} INFO - Processing file /home/airflow/.local/lib/python3.7/site-packages/airflow/example_dags/example_branch_python_dop_operator_3.py for tasks to queue
[2024-07-26T03:56:59.135+0000] {logging_mixin.py:120} INFO - [2024-07-26T03:56:59.135+0000] {dagbag.py:537} INFO - Filling up the DagBag from /home/airflow/.local/lib/python3.7/site-packages/airflow/example_dags/example_branch_python_dop_operator_3.py
[2024-07-26T03:56:59.149+0000] {processor.py:766} INFO - DAG(s) dict_keys(['example_branch_dop_operator_v3']) retrieved from /home/airflow/.local/lib/python3.7/site-packages/airflow/example_dags/example_branch_python_dop_operator_3.py
[2024-07-26T03:56:59.187+0000] {logging_mixin.py:120} INFO - [2024-07-26T03:56:59.186+0000] {dag.py:2585} INFO - Sync 1 DAGs
[2024-07-26T03:56:59.205+0000] {logging_mixin.py:120} INFO - [2024-07-26T03:56:59.205+0000] {dag.py:3340} INFO - Setting next_dagrun for example_branch_dop_operator_v3 to 2024-07-26T03:55:00+00:00, run_after=2024-07-26T03:56:00+00:00
[2024-07-26T03:56:59.222+0000] {processor.py:176} INFO - Processing /home/airflow/.local/lib/python3.7/site-packages/airflow/example_dags/example_branch_python_dop_operator_3.py took 0.092 seconds
[2024-07-26T04:02:04.897+0000] {processor.py:154} INFO - Started process (PID=5535) to work on /home/airflow/.local/lib/python3.7/site-packages/airflow/example_dags/example_branch_python_dop_operator_3.py
[2024-07-26T04:02:04.901+0000] {processor.py:756} INFO - Processing file /home/airflow/.local/lib/python3.7/site-packages/airflow/example_dags/example_branch_python_dop_operator_3.py for tasks to queue
[2024-07-26T04:02:04.902+0000] {logging_mixin.py:120} INFO - [2024-07-26T04:02:04.902+0000] {dagbag.py:537} INFO - Filling up the DagBag from /home/airflow/.local/lib/python3.7/site-packages/airflow/example_dags/example_branch_python_dop_operator_3.py
[2024-07-26T04:02:04.920+0000] {processor.py:766} INFO - DAG(s) dict_keys(['example_branch_dop_operator_v3']) retrieved from /home/airflow/.local/lib/python3.7/site-packages/airflow/example_dags/example_branch_python_dop_operator_3.py
[2024-07-26T04:02:04.976+0000] {logging_mixin.py:120} INFO - [2024-07-26T04:02:04.976+0000] {dag.py:2585} INFO - Sync 1 DAGs
[2024-07-26T04:02:05.007+0000] {logging_mixin.py:120} INFO - [2024-07-26T04:02:05.007+0000] {dag.py:3340} INFO - Setting next_dagrun for example_branch_dop_operator_v3 to 2024-07-26T04:01:00+00:00, run_after=2024-07-26T04:02:00+00:00
[2024-07-26T04:02:05.025+0000] {processor.py:176} INFO - Processing /home/airflow/.local/lib/python3.7/site-packages/airflow/example_dags/example_branch_python_dop_operator_3.py took 0.131 seconds
[2024-07-26T04:04:17.446+0000] {processor.py:154} INFO - Started process (PID=5599) to work on /home/airflow/.local/lib/python3.7/site-packages/airflow/example_dags/example_branch_python_dop_operator_3.py
[2024-07-26T04:04:17.451+0000] {processor.py:756} INFO - Processing file /home/airflow/.local/lib/python3.7/site-packages/airflow/example_dags/example_branch_python_dop_operator_3.py for tasks to queue
[2024-07-26T04:04:17.451+0000] {logging_mixin.py:120} INFO - [2024-07-26T04:04:17.451+0000] {dagbag.py:537} INFO - Filling up the DagBag from /home/airflow/.local/lib/python3.7/site-packages/airflow/example_dags/example_branch_python_dop_operator_3.py
[2024-07-26T04:04:17.469+0000] {processor.py:766} INFO - DAG(s) dict_keys(['example_branch_dop_operator_v3']) retrieved from /home/airflow/.local/lib/python3.7/site-packages/airflow/example_dags/example_branch_python_dop_operator_3.py
[2024-07-26T04:04:17.493+0000] {logging_mixin.py:120} INFO - [2024-07-26T04:04:17.493+0000] {dag.py:2585} INFO - Sync 1 DAGs
[2024-07-26T04:04:17.510+0000] {logging_mixin.py:120} INFO - [2024-07-26T04:04:17.510+0000] {dag.py:3340} INFO - Setting next_dagrun for example_branch_dop_operator_v3 to 2024-07-26T04:03:00+00:00, run_after=2024-07-26T04:04:00+00:00
[2024-07-26T04:04:17.527+0000] {processor.py:176} INFO - Processing /home/airflow/.local/lib/python3.7/site-packages/airflow/example_dags/example_branch_python_dop_operator_3.py took 0.083 seconds
[2024-07-26T04:06:04.603+0000] {processor.py:154} INFO - Started process (PID=5662) to work on /home/airflow/.local/lib/python3.7/site-packages/airflow/example_dags/example_branch_python_dop_operator_3.py
[2024-07-26T04:06:04.605+0000] {processor.py:756} INFO - Processing file /home/airflow/.local/lib/python3.7/site-packages/airflow/example_dags/example_branch_python_dop_operator_3.py for tasks to queue
[2024-07-26T04:06:04.605+0000] {logging_mixin.py:120} INFO - [2024-07-26T04:06:04.605+0000] {dagbag.py:537} INFO - Filling up the DagBag from /home/airflow/.local/lib/python3.7/site-packages/airflow/example_dags/example_branch_python_dop_operator_3.py
[2024-07-26T04:06:04.623+0000] {processor.py:766} INFO - DAG(s) dict_keys(['example_branch_dop_operator_v3']) retrieved from /home/airflow/.local/lib/python3.7/site-packages/airflow/example_dags/example_branch_python_dop_operator_3.py
[2024-07-26T04:06:04.653+0000] {logging_mixin.py:120} INFO - [2024-07-26T04:06:04.653+0000] {dag.py:2585} INFO - Sync 1 DAGs
[2024-07-26T04:06:04.677+0000] {logging_mixin.py:120} INFO - [2024-07-26T04:06:04.677+0000] {dag.py:3340} INFO - Setting next_dagrun for example_branch_dop_operator_v3 to 2024-07-26T04:05:00+00:00, run_after=2024-07-26T04:06:00+00:00
[2024-07-26T04:06:04.696+0000] {processor.py:176} INFO - Processing /home/airflow/.local/lib/python3.7/site-packages/airflow/example_dags/example_branch_python_dop_operator_3.py took 0.094 seconds
[2024-07-26T04:08:05.920+0000] {processor.py:154} INFO - Started process (PID=5717) to work on /home/airflow/.local/lib/python3.7/site-packages/airflow/example_dags/example_branch_python_dop_operator_3.py
[2024-07-26T04:08:05.920+0000] {processor.py:756} INFO - Processing file /home/airflow/.local/lib/python3.7/site-packages/airflow/example_dags/example_branch_python_dop_operator_3.py for tasks to queue
[2024-07-26T04:08:05.921+0000] {logging_mixin.py:120} INFO - [2024-07-26T04:08:05.921+0000] {dagbag.py:537} INFO - Filling up the DagBag from /home/airflow/.local/lib/python3.7/site-packages/airflow/example_dags/example_branch_python_dop_operator_3.py
[2024-07-26T04:08:05.937+0000] {processor.py:766} INFO - DAG(s) dict_keys(['example_branch_dop_operator_v3']) retrieved from /home/airflow/.local/lib/python3.7/site-packages/airflow/example_dags/example_branch_python_dop_operator_3.py
[2024-07-26T04:08:05.960+0000] {logging_mixin.py:120} INFO - [2024-07-26T04:08:05.960+0000] {dag.py:2585} INFO - Sync 1 DAGs
[2024-07-26T04:08:05.979+0000] {logging_mixin.py:120} INFO - [2024-07-26T04:08:05.979+0000] {dag.py:3340} INFO - Setting next_dagrun for example_branch_dop_operator_v3 to 2024-07-26T04:07:00+00:00, run_after=2024-07-26T04:08:00+00:00
[2024-07-26T04:08:05.998+0000] {processor.py:176} INFO - Processing /home/airflow/.local/lib/python3.7/site-packages/airflow/example_dags/example_branch_python_dop_operator_3.py took 0.080 seconds
[2024-07-26T04:09:02.013+0000] {processor.py:154} INFO - Started process (PID=5781) to work on /home/airflow/.local/lib/python3.7/site-packages/airflow/example_dags/example_branch_python_dop_operator_3.py
[2024-07-26T04:09:02.015+0000] {processor.py:756} INFO - Processing file /home/airflow/.local/lib/python3.7/site-packages/airflow/example_dags/example_branch_python_dop_operator_3.py for tasks to queue
[2024-07-26T04:09:02.015+0000] {logging_mixin.py:120} INFO - [2024-07-26T04:09:02.015+0000] {dagbag.py:537} INFO - Filling up the DagBag from /home/airflow/.local/lib/python3.7/site-packages/airflow/example_dags/example_branch_python_dop_operator_3.py
[2024-07-26T04:09:02.030+0000] {processor.py:766} INFO - DAG(s) dict_keys(['example_branch_dop_operator_v3']) retrieved from /home/airflow/.local/lib/python3.7/site-packages/airflow/example_dags/example_branch_python_dop_operator_3.py
[2024-07-26T04:09:02.056+0000] {logging_mixin.py:120} INFO - [2024-07-26T04:09:02.056+0000] {dag.py:2585} INFO - Sync 1 DAGs
[2024-07-26T04:09:02.076+0000] {logging_mixin.py:120} INFO - [2024-07-26T04:09:02.076+0000] {dag.py:3340} INFO - Setting next_dagrun for example_branch_dop_operator_v3 to 2024-07-26T04:08:00+00:00, run_after=2024-07-26T04:09:00+00:00
[2024-07-26T04:09:02.091+0000] {processor.py:176} INFO - Processing /home/airflow/.local/lib/python3.7/site-packages/airflow/example_dags/example_branch_python_dop_operator_3.py took 0.080 seconds
[2024-07-26T04:10:11.480+0000] {processor.py:154} INFO - Started process (PID=5846) to work on /home/airflow/.local/lib/python3.7/site-packages/airflow/example_dags/example_branch_python_dop_operator_3.py
[2024-07-26T04:10:11.481+0000] {processor.py:756} INFO - Processing file /home/airflow/.local/lib/python3.7/site-packages/airflow/example_dags/example_branch_python_dop_operator_3.py for tasks to queue
[2024-07-26T04:10:11.483+0000] {logging_mixin.py:120} INFO - [2024-07-26T04:10:11.483+0000] {dagbag.py:537} INFO - Filling up the DagBag from /home/airflow/.local/lib/python3.7/site-packages/airflow/example_dags/example_branch_python_dop_operator_3.py
[2024-07-26T04:10:11.496+0000] {processor.py:766} INFO - DAG(s) dict_keys(['example_branch_dop_operator_v3']) retrieved from /home/airflow/.local/lib/python3.7/site-packages/airflow/example_dags/example_branch_python_dop_operator_3.py
[2024-07-26T04:10:11.533+0000] {logging_mixin.py:120} INFO - [2024-07-26T04:10:11.532+0000] {dag.py:2585} INFO - Sync 1 DAGs
[2024-07-26T04:10:11.553+0000] {logging_mixin.py:120} INFO - [2024-07-26T04:10:11.553+0000] {dag.py:3340} INFO - Setting next_dagrun for example_branch_dop_operator_v3 to 2024-07-26T04:09:00+00:00, run_after=2024-07-26T04:10:00+00:00
[2024-07-26T04:10:11.563+0000] {processor.py:176} INFO - Processing /home/airflow/.local/lib/python3.7/site-packages/airflow/example_dags/example_branch_python_dop_operator_3.py took 0.086 seconds
[2024-07-26T04:11:38.396+0000] {processor.py:154} INFO - Started process (PID=5910) to work on /home/airflow/.local/lib/python3.7/site-packages/airflow/example_dags/example_branch_python_dop_operator_3.py
[2024-07-26T04:11:38.400+0000] {processor.py:756} INFO - Processing file /home/airflow/.local/lib/python3.7/site-packages/airflow/example_dags/example_branch_python_dop_operator_3.py for tasks to queue
[2024-07-26T04:11:38.400+0000] {logging_mixin.py:120} INFO - [2024-07-26T04:11:38.400+0000] {dagbag.py:537} INFO - Filling up the DagBag from /home/airflow/.local/lib/python3.7/site-packages/airflow/example_dags/example_branch_python_dop_operator_3.py
[2024-07-26T04:11:38.422+0000] {processor.py:766} INFO - DAG(s) dict_keys(['example_branch_dop_operator_v3']) retrieved from /home/airflow/.local/lib/python3.7/site-packages/airflow/example_dags/example_branch_python_dop_operator_3.py
[2024-07-26T04:11:38.448+0000] {logging_mixin.py:120} INFO - [2024-07-26T04:11:38.448+0000] {dag.py:2585} INFO - Sync 1 DAGs
[2024-07-26T04:11:38.469+0000] {logging_mixin.py:120} INFO - [2024-07-26T04:11:38.469+0000] {dag.py:3340} INFO - Setting next_dagrun for example_branch_dop_operator_v3 to 2024-07-26T04:10:00+00:00, run_after=2024-07-26T04:11:00+00:00
[2024-07-26T04:11:38.488+0000] {processor.py:176} INFO - Processing /home/airflow/.local/lib/python3.7/site-packages/airflow/example_dags/example_branch_python_dop_operator_3.py took 0.094 seconds
[2024-07-26T04:12:21.462+0000] {processor.py:154} INFO - Started process (PID=5974) to work on /home/airflow/.local/lib/python3.7/site-packages/airflow/example_dags/example_branch_python_dop_operator_3.py
[2024-07-26T04:12:21.463+0000] {processor.py:756} INFO - Processing file /home/airflow/.local/lib/python3.7/site-packages/airflow/example_dags/example_branch_python_dop_operator_3.py for tasks to queue
[2024-07-26T04:12:21.463+0000] {logging_mixin.py:120} INFO - [2024-07-26T04:12:21.463+0000] {dagbag.py:537} INFO - Filling up the DagBag from /home/airflow/.local/lib/python3.7/site-packages/airflow/example_dags/example_branch_python_dop_operator_3.py
[2024-07-26T04:12:21.476+0000] {processor.py:766} INFO - DAG(s) dict_keys(['example_branch_dop_operator_v3']) retrieved from /home/airflow/.local/lib/python3.7/site-packages/airflow/example_dags/example_branch_python_dop_operator_3.py
[2024-07-26T04:12:21.500+0000] {logging_mixin.py:120} INFO - [2024-07-26T04:12:21.500+0000] {dag.py:2585} INFO - Sync 1 DAGs
[2024-07-26T04:12:21.523+0000] {logging_mixin.py:120} INFO - [2024-07-26T04:12:21.523+0000] {dag.py:3340} INFO - Setting next_dagrun for example_branch_dop_operator_v3 to 2024-07-26T04:11:00+00:00, run_after=2024-07-26T04:12:00+00:00
[2024-07-26T04:12:21.540+0000] {processor.py:176} INFO - Processing /home/airflow/.local/lib/python3.7/site-packages/airflow/example_dags/example_branch_python_dop_operator_3.py took 0.080 seconds
[2024-07-26T04:13:15.197+0000] {processor.py:154} INFO - Started process (PID=6029) to work on /home/airflow/.local/lib/python3.7/site-packages/airflow/example_dags/example_branch_python_dop_operator_3.py
[2024-07-26T04:13:15.198+0000] {processor.py:756} INFO - Processing file /home/airflow/.local/lib/python3.7/site-packages/airflow/example_dags/example_branch_python_dop_operator_3.py for tasks to queue
[2024-07-26T04:13:15.199+0000] {logging_mixin.py:120} INFO - [2024-07-26T04:13:15.199+0000] {dagbag.py:537} INFO - Filling up the DagBag from /home/airflow/.local/lib/python3.7/site-packages/airflow/example_dags/example_branch_python_dop_operator_3.py
[2024-07-26T04:13:15.221+0000] {processor.py:766} INFO - DAG(s) dict_keys(['example_branch_dop_operator_v3']) retrieved from /home/airflow/.local/lib/python3.7/site-packages/airflow/example_dags/example_branch_python_dop_operator_3.py
[2024-07-26T04:13:15.254+0000] {logging_mixin.py:120} INFO - [2024-07-26T04:13:15.254+0000] {dag.py:2585} INFO - Sync 1 DAGs
[2024-07-26T04:13:15.278+0000] {logging_mixin.py:120} INFO - [2024-07-26T04:13:15.278+0000] {dag.py:3340} INFO - Setting next_dagrun for example_branch_dop_operator_v3 to 2024-07-26T04:12:00+00:00, run_after=2024-07-26T04:13:00+00:00
[2024-07-26T04:13:15.294+0000] {processor.py:176} INFO - Processing /home/airflow/.local/lib/python3.7/site-packages/airflow/example_dags/example_branch_python_dop_operator_3.py took 0.101 seconds
[2024-07-26T04:14:05.656+0000] {processor.py:154} INFO - Started process (PID=6092) to work on /home/airflow/.local/lib/python3.7/site-packages/airflow/example_dags/example_branch_python_dop_operator_3.py
[2024-07-26T04:14:05.657+0000] {processor.py:756} INFO - Processing file /home/airflow/.local/lib/python3.7/site-packages/airflow/example_dags/example_branch_python_dop_operator_3.py for tasks to queue
[2024-07-26T04:14:05.657+0000] {logging_mixin.py:120} INFO - [2024-07-26T04:14:05.657+0000] {dagbag.py:537} INFO - Filling up the DagBag from /home/airflow/.local/lib/python3.7/site-packages/airflow/example_dags/example_branch_python_dop_operator_3.py
[2024-07-26T04:14:05.674+0000] {processor.py:766} INFO - DAG(s) dict_keys(['example_branch_dop_operator_v3']) retrieved from /home/airflow/.local/lib/python3.7/site-packages/airflow/example_dags/example_branch_python_dop_operator_3.py
[2024-07-26T04:14:05.702+0000] {logging_mixin.py:120} INFO - [2024-07-26T04:14:05.701+0000] {dag.py:2585} INFO - Sync 1 DAGs
[2024-07-26T04:14:05.719+0000] {logging_mixin.py:120} INFO - [2024-07-26T04:14:05.719+0000] {dag.py:3340} INFO - Setting next_dagrun for example_branch_dop_operator_v3 to 2024-07-26T04:13:00+00:00, run_after=2024-07-26T04:14:00+00:00
[2024-07-26T04:14:05.736+0000] {processor.py:176} INFO - Processing /home/airflow/.local/lib/python3.7/site-packages/airflow/example_dags/example_branch_python_dop_operator_3.py took 0.082 seconds
[2024-07-26T04:18:34.186+0000] {processor.py:154} INFO - Started process (PID=6156) to work on /home/airflow/.local/lib/python3.7/site-packages/airflow/example_dags/example_branch_python_dop_operator_3.py
[2024-07-26T04:18:34.190+0000] {processor.py:756} INFO - Processing file /home/airflow/.local/lib/python3.7/site-packages/airflow/example_dags/example_branch_python_dop_operator_3.py for tasks to queue
[2024-07-26T04:18:34.190+0000] {logging_mixin.py:120} INFO - [2024-07-26T04:18:34.190+0000] {dagbag.py:537} INFO - Filling up the DagBag from /home/airflow/.local/lib/python3.7/site-packages/airflow/example_dags/example_branch_python_dop_operator_3.py
[2024-07-26T04:18:34.210+0000] {processor.py:766} INFO - DAG(s) dict_keys(['example_branch_dop_operator_v3']) retrieved from /home/airflow/.local/lib/python3.7/site-packages/airflow/example_dags/example_branch_python_dop_operator_3.py
[2024-07-26T04:18:34.241+0000] {logging_mixin.py:120} INFO - [2024-07-26T04:18:34.240+0000] {dag.py:2585} INFO - Sync 1 DAGs
[2024-07-26T04:18:34.274+0000] {logging_mixin.py:120} INFO - [2024-07-26T04:18:34.274+0000] {dag.py:3340} INFO - Setting next_dagrun for example_branch_dop_operator_v3 to 2024-07-26T04:17:00+00:00, run_after=2024-07-26T04:18:00+00:00
[2024-07-26T04:18:34.286+0000] {processor.py:176} INFO - Processing /home/airflow/.local/lib/python3.7/site-packages/airflow/example_dags/example_branch_python_dop_operator_3.py took 0.102 seconds
[2024-07-26T04:19:16.456+0000] {processor.py:154} INFO - Started process (PID=6220) to work on /home/airflow/.local/lib/python3.7/site-packages/airflow/example_dags/example_branch_python_dop_operator_3.py
[2024-07-26T04:19:16.459+0000] {processor.py:756} INFO - Processing file /home/airflow/.local/lib/python3.7/site-packages/airflow/example_dags/example_branch_python_dop_operator_3.py for tasks to queue
[2024-07-26T04:19:16.460+0000] {logging_mixin.py:120} INFO - [2024-07-26T04:19:16.459+0000] {dagbag.py:537} INFO - Filling up the DagBag from /home/airflow/.local/lib/python3.7/site-packages/airflow/example_dags/example_branch_python_dop_operator_3.py
[2024-07-26T04:19:16.473+0000] {processor.py:766} INFO - DAG(s) dict_keys(['example_branch_dop_operator_v3']) retrieved from /home/airflow/.local/lib/python3.7/site-packages/airflow/example_dags/example_branch_python_dop_operator_3.py
[2024-07-26T04:19:16.503+0000] {logging_mixin.py:120} INFO - [2024-07-26T04:19:16.503+0000] {dag.py:2585} INFO - Sync 1 DAGs
[2024-07-26T04:19:16.521+0000] {logging_mixin.py:120} INFO - [2024-07-26T04:19:16.521+0000] {dag.py:3340} INFO - Setting next_dagrun for example_branch_dop_operator_v3 to 2024-07-26T04:18:00+00:00, run_after=2024-07-26T04:19:00+00:00
[2024-07-26T04:19:16.535+0000] {processor.py:176} INFO - Processing /home/airflow/.local/lib/python3.7/site-packages/airflow/example_dags/example_branch_python_dop_operator_3.py took 0.081 seconds
[2024-07-26T04:20:38.047+0000] {processor.py:154} INFO - Started process (PID=6275) to work on /home/airflow/.local/lib/python3.7/site-packages/airflow/example_dags/example_branch_python_dop_operator_3.py
[2024-07-26T04:20:38.049+0000] {processor.py:756} INFO - Processing file /home/airflow/.local/lib/python3.7/site-packages/airflow/example_dags/example_branch_python_dop_operator_3.py for tasks to queue
[2024-07-26T04:20:38.051+0000] {logging_mixin.py:120} INFO - [2024-07-26T04:20:38.050+0000] {dagbag.py:537} INFO - Filling up the DagBag from /home/airflow/.local/lib/python3.7/site-packages/airflow/example_dags/example_branch_python_dop_operator_3.py
[2024-07-26T04:20:38.062+0000] {processor.py:766} INFO - DAG(s) dict_keys(['example_branch_dop_operator_v3']) retrieved from /home/airflow/.local/lib/python3.7/site-packages/airflow/example_dags/example_branch_python_dop_operator_3.py
[2024-07-26T04:20:38.084+0000] {logging_mixin.py:120} INFO - [2024-07-26T04:20:38.084+0000] {dag.py:2585} INFO - Sync 1 DAGs
[2024-07-26T04:20:38.106+0000] {logging_mixin.py:120} INFO - [2024-07-26T04:20:38.106+0000] {dag.py:3340} INFO - Setting next_dagrun for example_branch_dop_operator_v3 to 2024-07-26T04:19:00+00:00, run_after=2024-07-26T04:20:00+00:00
[2024-07-26T04:20:38.120+0000] {processor.py:176} INFO - Processing /home/airflow/.local/lib/python3.7/site-packages/airflow/example_dags/example_branch_python_dop_operator_3.py took 0.075 seconds
[2024-07-26T04:21:41.971+0000] {processor.py:154} INFO - Started process (PID=6338) to work on /home/airflow/.local/lib/python3.7/site-packages/airflow/example_dags/example_branch_python_dop_operator_3.py
[2024-07-26T04:21:41.971+0000] {processor.py:756} INFO - Processing file /home/airflow/.local/lib/python3.7/site-packages/airflow/example_dags/example_branch_python_dop_operator_3.py for tasks to queue
[2024-07-26T04:21:41.971+0000] {logging_mixin.py:120} INFO - [2024-07-26T04:21:41.971+0000] {dagbag.py:537} INFO - Filling up the DagBag from /home/airflow/.local/lib/python3.7/site-packages/airflow/example_dags/example_branch_python_dop_operator_3.py
[2024-07-26T04:21:41.985+0000] {processor.py:766} INFO - DAG(s) dict_keys(['example_branch_dop_operator_v3']) retrieved from /home/airflow/.local/lib/python3.7/site-packages/airflow/example_dags/example_branch_python_dop_operator_3.py
[2024-07-26T04:21:42.015+0000] {logging_mixin.py:120} INFO - [2024-07-26T04:21:42.014+0000] {dag.py:2585} INFO - Sync 1 DAGs
[2024-07-26T04:21:42.030+0000] {logging_mixin.py:120} INFO - [2024-07-26T04:21:42.030+0000] {dag.py:3340} INFO - Setting next_dagrun for example_branch_dop_operator_v3 to 2024-07-26T04:20:00+00:00, run_after=2024-07-26T04:21:00+00:00
[2024-07-26T04:21:42.039+0000] {processor.py:176} INFO - Processing /home/airflow/.local/lib/python3.7/site-packages/airflow/example_dags/example_branch_python_dop_operator_3.py took 0.071 seconds
[2024-07-26T04:22:48.349+0000] {processor.py:154} INFO - Started process (PID=6402) to work on /home/airflow/.local/lib/python3.7/site-packages/airflow/example_dags/example_branch_python_dop_operator_3.py
[2024-07-26T04:22:48.350+0000] {processor.py:756} INFO - Processing file /home/airflow/.local/lib/python3.7/site-packages/airflow/example_dags/example_branch_python_dop_operator_3.py for tasks to queue
[2024-07-26T04:22:48.351+0000] {logging_mixin.py:120} INFO - [2024-07-26T04:22:48.351+0000] {dagbag.py:537} INFO - Filling up the DagBag from /home/airflow/.local/lib/python3.7/site-packages/airflow/example_dags/example_branch_python_dop_operator_3.py
[2024-07-26T04:22:48.363+0000] {processor.py:766} INFO - DAG(s) dict_keys(['example_branch_dop_operator_v3']) retrieved from /home/airflow/.local/lib/python3.7/site-packages/airflow/example_dags/example_branch_python_dop_operator_3.py
[2024-07-26T04:22:48.387+0000] {logging_mixin.py:120} INFO - [2024-07-26T04:22:48.387+0000] {dag.py:2585} INFO - Sync 1 DAGs
[2024-07-26T04:22:48.402+0000] {logging_mixin.py:120} INFO - [2024-07-26T04:22:48.402+0000] {dag.py:3340} INFO - Setting next_dagrun for example_branch_dop_operator_v3 to 2024-07-26T04:21:00+00:00, run_after=2024-07-26T04:22:00+00:00
[2024-07-26T04:22:48.423+0000] {processor.py:176} INFO - Processing /home/airflow/.local/lib/python3.7/site-packages/airflow/example_dags/example_branch_python_dop_operator_3.py took 0.076 seconds
[2024-07-26T04:34:01.360+0000] {processor.py:154} INFO - Started process (PID=6466) to work on /home/airflow/.local/lib/python3.7/site-packages/airflow/example_dags/example_branch_python_dop_operator_3.py
[2024-07-26T04:34:01.364+0000] {processor.py:756} INFO - Processing file /home/airflow/.local/lib/python3.7/site-packages/airflow/example_dags/example_branch_python_dop_operator_3.py for tasks to queue
[2024-07-26T04:34:01.365+0000] {logging_mixin.py:120} INFO - [2024-07-26T04:34:01.365+0000] {dagbag.py:537} INFO - Filling up the DagBag from /home/airflow/.local/lib/python3.7/site-packages/airflow/example_dags/example_branch_python_dop_operator_3.py
[2024-07-26T04:34:01.379+0000] {processor.py:766} INFO - DAG(s) dict_keys(['example_branch_dop_operator_v3']) retrieved from /home/airflow/.local/lib/python3.7/site-packages/airflow/example_dags/example_branch_python_dop_operator_3.py
[2024-07-26T04:34:01.411+0000] {logging_mixin.py:120} INFO - [2024-07-26T04:34:01.411+0000] {dag.py:2585} INFO - Sync 1 DAGs
[2024-07-26T04:34:01.433+0000] {logging_mixin.py:120} INFO - [2024-07-26T04:34:01.433+0000] {dag.py:3340} INFO - Setting next_dagrun for example_branch_dop_operator_v3 to 2024-07-26T04:33:00+00:00, run_after=2024-07-26T04:34:00+00:00
[2024-07-26T04:34:01.456+0000] {processor.py:176} INFO - Processing /home/airflow/.local/lib/python3.7/site-packages/airflow/example_dags/example_branch_python_dop_operator_3.py took 0.098 seconds
[2024-07-26T04:49:13.639+0000] {processor.py:154} INFO - Started process (PID=6530) to work on /home/airflow/.local/lib/python3.7/site-packages/airflow/example_dags/example_branch_python_dop_operator_3.py
[2024-07-26T04:49:13.640+0000] {processor.py:756} INFO - Processing file /home/airflow/.local/lib/python3.7/site-packages/airflow/example_dags/example_branch_python_dop_operator_3.py for tasks to queue
[2024-07-26T04:49:13.641+0000] {logging_mixin.py:120} INFO - [2024-07-26T04:49:13.641+0000] {dagbag.py:537} INFO - Filling up the DagBag from /home/airflow/.local/lib/python3.7/site-packages/airflow/example_dags/example_branch_python_dop_operator_3.py
[2024-07-26T04:49:13.654+0000] {processor.py:766} INFO - DAG(s) dict_keys(['example_branch_dop_operator_v3']) retrieved from /home/airflow/.local/lib/python3.7/site-packages/airflow/example_dags/example_branch_python_dop_operator_3.py
[2024-07-26T04:49:13.682+0000] {logging_mixin.py:120} INFO - [2024-07-26T04:49:13.681+0000] {dag.py:2585} INFO - Sync 1 DAGs
[2024-07-26T04:49:13.698+0000] {logging_mixin.py:120} INFO - [2024-07-26T04:49:13.698+0000] {dag.py:3340} INFO - Setting next_dagrun for example_branch_dop_operator_v3 to 2024-07-26T04:48:00+00:00, run_after=2024-07-26T04:49:00+00:00
[2024-07-26T04:49:13.709+0000] {processor.py:176} INFO - Processing /home/airflow/.local/lib/python3.7/site-packages/airflow/example_dags/example_branch_python_dop_operator_3.py took 0.072 seconds
[2024-07-26T04:53:38.421+0000] {processor.py:154} INFO - Started process (PID=6585) to work on /home/airflow/.local/lib/python3.7/site-packages/airflow/example_dags/example_branch_python_dop_operator_3.py
[2024-07-26T04:53:38.425+0000] {processor.py:756} INFO - Processing file /home/airflow/.local/lib/python3.7/site-packages/airflow/example_dags/example_branch_python_dop_operator_3.py for tasks to queue
[2024-07-26T04:53:38.426+0000] {logging_mixin.py:120} INFO - [2024-07-26T04:53:38.425+0000] {dagbag.py:537} INFO - Filling up the DagBag from /home/airflow/.local/lib/python3.7/site-packages/airflow/example_dags/example_branch_python_dop_operator_3.py
[2024-07-26T04:53:38.440+0000] {processor.py:766} INFO - DAG(s) dict_keys(['example_branch_dop_operator_v3']) retrieved from /home/airflow/.local/lib/python3.7/site-packages/airflow/example_dags/example_branch_python_dop_operator_3.py
[2024-07-26T04:53:38.466+0000] {logging_mixin.py:120} INFO - [2024-07-26T04:53:38.466+0000] {dag.py:2585} INFO - Sync 1 DAGs
[2024-07-26T04:53:38.483+0000] {logging_mixin.py:120} INFO - [2024-07-26T04:53:38.483+0000] {dag.py:3340} INFO - Setting next_dagrun for example_branch_dop_operator_v3 to 2024-07-26T04:52:00+00:00, run_after=2024-07-26T04:53:00+00:00
[2024-07-26T04:53:38.500+0000] {processor.py:176} INFO - Processing /home/airflow/.local/lib/python3.7/site-packages/airflow/example_dags/example_branch_python_dop_operator_3.py took 0.082 seconds
[2024-07-26T05:02:50.690+0000] {processor.py:154} INFO - Started process (PID=6649) to work on /home/airflow/.local/lib/python3.7/site-packages/airflow/example_dags/example_branch_python_dop_operator_3.py
[2024-07-26T05:02:50.692+0000] {processor.py:756} INFO - Processing file /home/airflow/.local/lib/python3.7/site-packages/airflow/example_dags/example_branch_python_dop_operator_3.py for tasks to queue
[2024-07-26T05:02:50.693+0000] {logging_mixin.py:120} INFO - [2024-07-26T05:02:50.693+0000] {dagbag.py:537} INFO - Filling up the DagBag from /home/airflow/.local/lib/python3.7/site-packages/airflow/example_dags/example_branch_python_dop_operator_3.py
[2024-07-26T05:02:50.705+0000] {processor.py:766} INFO - DAG(s) dict_keys(['example_branch_dop_operator_v3']) retrieved from /home/airflow/.local/lib/python3.7/site-packages/airflow/example_dags/example_branch_python_dop_operator_3.py
[2024-07-26T05:02:50.727+0000] {logging_mixin.py:120} INFO - [2024-07-26T05:02:50.727+0000] {dag.py:2585} INFO - Sync 1 DAGs
[2024-07-26T05:02:50.743+0000] {logging_mixin.py:120} INFO - [2024-07-26T05:02:50.743+0000] {dag.py:3340} INFO - Setting next_dagrun for example_branch_dop_operator_v3 to 2024-07-26T05:01:00+00:00, run_after=2024-07-26T05:02:00+00:00
[2024-07-26T05:02:50.759+0000] {processor.py:176} INFO - Processing /home/airflow/.local/lib/python3.7/site-packages/airflow/example_dags/example_branch_python_dop_operator_3.py took 0.071 seconds
[2024-07-26T05:15:52.943+0000] {processor.py:154} INFO - Started process (PID=6713) to work on /home/airflow/.local/lib/python3.7/site-packages/airflow/example_dags/example_branch_python_dop_operator_3.py
[2024-07-26T05:15:52.944+0000] {processor.py:756} INFO - Processing file /home/airflow/.local/lib/python3.7/site-packages/airflow/example_dags/example_branch_python_dop_operator_3.py for tasks to queue
[2024-07-26T05:15:52.944+0000] {logging_mixin.py:120} INFO - [2024-07-26T05:15:52.944+0000] {dagbag.py:537} INFO - Filling up the DagBag from /home/airflow/.local/lib/python3.7/site-packages/airflow/example_dags/example_branch_python_dop_operator_3.py
[2024-07-26T05:15:52.958+0000] {processor.py:766} INFO - DAG(s) dict_keys(['example_branch_dop_operator_v3']) retrieved from /home/airflow/.local/lib/python3.7/site-packages/airflow/example_dags/example_branch_python_dop_operator_3.py
[2024-07-26T05:15:52.996+0000] {logging_mixin.py:120} INFO - [2024-07-26T05:15:52.995+0000] {dag.py:2585} INFO - Sync 1 DAGs
[2024-07-26T05:15:53.014+0000] {logging_mixin.py:120} INFO - [2024-07-26T05:15:53.014+0000] {dag.py:3340} INFO - Setting next_dagrun for example_branch_dop_operator_v3 to 2024-07-26T05:14:00+00:00, run_after=2024-07-26T05:15:00+00:00
[2024-07-26T05:15:53.033+0000] {processor.py:176} INFO - Processing /home/airflow/.local/lib/python3.7/site-packages/airflow/example_dags/example_branch_python_dop_operator_3.py took 0.093 seconds
[2024-07-26T05:33:29.838+0000] {processor.py:154} INFO - Started process (PID=6777) to work on /home/airflow/.local/lib/python3.7/site-packages/airflow/example_dags/example_branch_python_dop_operator_3.py
[2024-07-26T05:33:29.840+0000] {processor.py:756} INFO - Processing file /home/airflow/.local/lib/python3.7/site-packages/airflow/example_dags/example_branch_python_dop_operator_3.py for tasks to queue
[2024-07-26T05:33:29.842+0000] {logging_mixin.py:120} INFO - [2024-07-26T05:33:29.842+0000] {dagbag.py:537} INFO - Filling up the DagBag from /home/airflow/.local/lib/python3.7/site-packages/airflow/example_dags/example_branch_python_dop_operator_3.py
[2024-07-26T05:33:29.856+0000] {processor.py:766} INFO - DAG(s) dict_keys(['example_branch_dop_operator_v3']) retrieved from /home/airflow/.local/lib/python3.7/site-packages/airflow/example_dags/example_branch_python_dop_operator_3.py
[2024-07-26T05:33:29.887+0000] {logging_mixin.py:120} INFO - [2024-07-26T05:33:29.887+0000] {dag.py:2585} INFO - Sync 1 DAGs
[2024-07-26T05:33:29.906+0000] {logging_mixin.py:120} INFO - [2024-07-26T05:33:29.905+0000] {dag.py:3340} INFO - Setting next_dagrun for example_branch_dop_operator_v3 to 2024-07-26T05:32:00+00:00, run_after=2024-07-26T05:33:00+00:00
[2024-07-26T05:33:29.936+0000] {processor.py:176} INFO - Processing /home/airflow/.local/lib/python3.7/site-packages/airflow/example_dags/example_branch_python_dop_operator_3.py took 0.100 seconds
[2024-07-26T06:09:37.216+0000] {processor.py:154} INFO - Started process (PID=6840) to work on /home/airflow/.local/lib/python3.7/site-packages/airflow/example_dags/example_branch_python_dop_operator_3.py
[2024-07-26T06:09:37.218+0000] {processor.py:756} INFO - Processing file /home/airflow/.local/lib/python3.7/site-packages/airflow/example_dags/example_branch_python_dop_operator_3.py for tasks to queue
[2024-07-26T06:09:37.218+0000] {logging_mixin.py:120} INFO - [2024-07-26T06:09:37.218+0000] {dagbag.py:537} INFO - Filling up the DagBag from /home/airflow/.local/lib/python3.7/site-packages/airflow/example_dags/example_branch_python_dop_operator_3.py
[2024-07-26T06:09:37.234+0000] {processor.py:766} INFO - DAG(s) dict_keys(['example_branch_dop_operator_v3']) retrieved from /home/airflow/.local/lib/python3.7/site-packages/airflow/example_dags/example_branch_python_dop_operator_3.py
[2024-07-26T06:09:37.294+0000] {logging_mixin.py:120} INFO - [2024-07-26T06:09:37.294+0000] {dag.py:2585} INFO - Sync 1 DAGs
[2024-07-26T06:09:37.317+0000] {logging_mixin.py:120} INFO - [2024-07-26T06:09:37.317+0000] {dag.py:3340} INFO - Setting next_dagrun for example_branch_dop_operator_v3 to 2024-07-26T06:08:00+00:00, run_after=2024-07-26T06:09:00+00:00
[2024-07-26T06:09:37.339+0000] {processor.py:176} INFO - Processing /home/airflow/.local/lib/python3.7/site-packages/airflow/example_dags/example_branch_python_dop_operator_3.py took 0.126 seconds
[2024-07-26T07:10:34.189+0000] {processor.py:154} INFO - Started process (PID=6895) to work on /home/airflow/.local/lib/python3.7/site-packages/airflow/example_dags/example_branch_python_dop_operator_3.py
[2024-07-26T07:10:34.190+0000] {processor.py:756} INFO - Processing file /home/airflow/.local/lib/python3.7/site-packages/airflow/example_dags/example_branch_python_dop_operator_3.py for tasks to queue
[2024-07-26T07:10:34.194+0000] {logging_mixin.py:120} INFO - [2024-07-26T07:10:34.194+0000] {dagbag.py:537} INFO - Filling up the DagBag from /home/airflow/.local/lib/python3.7/site-packages/airflow/example_dags/example_branch_python_dop_operator_3.py
[2024-07-26T07:10:34.210+0000] {processor.py:766} INFO - DAG(s) dict_keys(['example_branch_dop_operator_v3']) retrieved from /home/airflow/.local/lib/python3.7/site-packages/airflow/example_dags/example_branch_python_dop_operator_3.py
[2024-07-26T07:10:34.243+0000] {logging_mixin.py:120} INFO - [2024-07-26T07:10:34.242+0000] {dag.py:2585} INFO - Sync 1 DAGs
[2024-07-26T07:10:34.261+0000] {logging_mixin.py:120} INFO - [2024-07-26T07:10:34.261+0000] {dag.py:3340} INFO - Setting next_dagrun for example_branch_dop_operator_v3 to 2024-07-26T07:09:00+00:00, run_after=2024-07-26T07:10:00+00:00
[2024-07-26T07:10:34.283+0000] {processor.py:176} INFO - Processing /home/airflow/.local/lib/python3.7/site-packages/airflow/example_dags/example_branch_python_dop_operator_3.py took 0.096 seconds
[2024-07-26T08:11:48.449+0000] {processor.py:154} INFO - Started process (PID=6959) to work on /home/airflow/.local/lib/python3.7/site-packages/airflow/example_dags/example_branch_python_dop_operator_3.py
[2024-07-26T08:11:48.452+0000] {processor.py:756} INFO - Processing file /home/airflow/.local/lib/python3.7/site-packages/airflow/example_dags/example_branch_python_dop_operator_3.py for tasks to queue
[2024-07-26T08:11:48.452+0000] {logging_mixin.py:120} INFO - [2024-07-26T08:11:48.452+0000] {dagbag.py:537} INFO - Filling up the DagBag from /home/airflow/.local/lib/python3.7/site-packages/airflow/example_dags/example_branch_python_dop_operator_3.py
[2024-07-26T08:11:48.468+0000] {processor.py:766} INFO - DAG(s) dict_keys(['example_branch_dop_operator_v3']) retrieved from /home/airflow/.local/lib/python3.7/site-packages/airflow/example_dags/example_branch_python_dop_operator_3.py
[2024-07-26T08:11:48.616+0000] {logging_mixin.py:120} INFO - [2024-07-26T08:11:48.616+0000] {dag.py:2585} INFO - Sync 1 DAGs
[2024-07-26T08:11:48.635+0000] {logging_mixin.py:120} INFO - [2024-07-26T08:11:48.635+0000] {dag.py:3340} INFO - Setting next_dagrun for example_branch_dop_operator_v3 to 2024-07-26T08:10:00+00:00, run_after=2024-07-26T08:11:00+00:00
[2024-07-26T08:11:48.655+0000] {processor.py:176} INFO - Processing /home/airflow/.local/lib/python3.7/site-packages/airflow/example_dags/example_branch_python_dop_operator_3.py took 0.208 seconds
[2024-07-26T08:36:12.334+0000] {processor.py:154} INFO - Started process (PID=7023) to work on /home/airflow/.local/lib/python3.7/site-packages/airflow/example_dags/example_branch_python_dop_operator_3.py
[2024-07-26T08:36:12.336+0000] {processor.py:756} INFO - Processing file /home/airflow/.local/lib/python3.7/site-packages/airflow/example_dags/example_branch_python_dop_operator_3.py for tasks to queue
[2024-07-26T08:36:12.338+0000] {logging_mixin.py:120} INFO - [2024-07-26T08:36:12.338+0000] {dagbag.py:537} INFO - Filling up the DagBag from /home/airflow/.local/lib/python3.7/site-packages/airflow/example_dags/example_branch_python_dop_operator_3.py
[2024-07-26T08:36:12.656+0000] {processor.py:766} INFO - DAG(s) dict_keys(['example_branch_dop_operator_v3']) retrieved from /home/airflow/.local/lib/python3.7/site-packages/airflow/example_dags/example_branch_python_dop_operator_3.py
[2024-07-26T08:36:12.717+0000] {logging_mixin.py:120} INFO - [2024-07-26T08:36:12.717+0000] {dag.py:2585} INFO - Sync 1 DAGs
[2024-07-26T08:36:12.835+0000] {logging_mixin.py:120} INFO - [2024-07-26T08:36:12.835+0000] {dag.py:3340} INFO - Setting next_dagrun for example_branch_dop_operator_v3 to 2024-07-26T08:35:00+00:00, run_after=2024-07-26T08:36:00+00:00
[2024-07-26T08:36:12.907+0000] {processor.py:176} INFO - Processing /home/airflow/.local/lib/python3.7/site-packages/airflow/example_dags/example_branch_python_dop_operator_3.py took 0.574 seconds
[2024-07-26T09:29:26.952+0000] {processor.py:154} INFO - Started process (PID=7087) to work on /home/airflow/.local/lib/python3.7/site-packages/airflow/example_dags/example_branch_python_dop_operator_3.py
[2024-07-26T09:29:26.960+0000] {processor.py:756} INFO - Processing file /home/airflow/.local/lib/python3.7/site-packages/airflow/example_dags/example_branch_python_dop_operator_3.py for tasks to queue
[2024-07-26T09:29:26.960+0000] {logging_mixin.py:120} INFO - [2024-07-26T09:29:26.960+0000] {dagbag.py:537} INFO - Filling up the DagBag from /home/airflow/.local/lib/python3.7/site-packages/airflow/example_dags/example_branch_python_dop_operator_3.py
[2024-07-26T09:29:26.973+0000] {processor.py:766} INFO - DAG(s) dict_keys(['example_branch_dop_operator_v3']) retrieved from /home/airflow/.local/lib/python3.7/site-packages/airflow/example_dags/example_branch_python_dop_operator_3.py
[2024-07-26T09:29:27.003+0000] {logging_mixin.py:120} INFO - [2024-07-26T09:29:27.003+0000] {dag.py:2585} INFO - Sync 1 DAGs
[2024-07-26T09:29:27.036+0000] {logging_mixin.py:120} INFO - [2024-07-26T09:29:27.036+0000] {dag.py:3340} INFO - Setting next_dagrun for example_branch_dop_operator_v3 to 2024-07-26T09:28:00+00:00, run_after=2024-07-26T09:29:00+00:00
[2024-07-26T09:29:27.072+0000] {processor.py:176} INFO - Processing /home/airflow/.local/lib/python3.7/site-packages/airflow/example_dags/example_branch_python_dop_operator_3.py took 0.123 seconds
[2024-07-26T10:30:31.487+0000] {processor.py:154} INFO - Started process (PID=7142) to work on /home/airflow/.local/lib/python3.7/site-packages/airflow/example_dags/example_branch_python_dop_operator_3.py
[2024-07-26T10:30:31.489+0000] {processor.py:756} INFO - Processing file /home/airflow/.local/lib/python3.7/site-packages/airflow/example_dags/example_branch_python_dop_operator_3.py for tasks to queue
[2024-07-26T10:30:31.490+0000] {logging_mixin.py:120} INFO - [2024-07-26T10:30:31.490+0000] {dagbag.py:537} INFO - Filling up the DagBag from /home/airflow/.local/lib/python3.7/site-packages/airflow/example_dags/example_branch_python_dop_operator_3.py
[2024-07-26T10:30:31.504+0000] {processor.py:766} INFO - DAG(s) dict_keys(['example_branch_dop_operator_v3']) retrieved from /home/airflow/.local/lib/python3.7/site-packages/airflow/example_dags/example_branch_python_dop_operator_3.py
[2024-07-26T10:30:31.543+0000] {logging_mixin.py:120} INFO - [2024-07-26T10:30:31.543+0000] {dag.py:2585} INFO - Sync 1 DAGs
[2024-07-26T10:30:31.562+0000] {logging_mixin.py:120} INFO - [2024-07-26T10:30:31.561+0000] {dag.py:3340} INFO - Setting next_dagrun for example_branch_dop_operator_v3 to 2024-07-26T10:29:00+00:00, run_after=2024-07-26T10:30:00+00:00
[2024-07-26T10:30:31.591+0000] {processor.py:176} INFO - Processing /home/airflow/.local/lib/python3.7/site-packages/airflow/example_dags/example_branch_python_dop_operator_3.py took 0.105 seconds
[2024-07-26T10:39:57.265+0000] {processor.py:154} INFO - Started process (PID=7206) to work on /home/airflow/.local/lib/python3.7/site-packages/airflow/example_dags/example_branch_python_dop_operator_3.py
[2024-07-26T10:39:57.266+0000] {processor.py:756} INFO - Processing file /home/airflow/.local/lib/python3.7/site-packages/airflow/example_dags/example_branch_python_dop_operator_3.py for tasks to queue
[2024-07-26T10:39:57.266+0000] {logging_mixin.py:120} INFO - [2024-07-26T10:39:57.266+0000] {dagbag.py:537} INFO - Filling up the DagBag from /home/airflow/.local/lib/python3.7/site-packages/airflow/example_dags/example_branch_python_dop_operator_3.py
[2024-07-26T10:39:57.282+0000] {processor.py:766} INFO - DAG(s) dict_keys(['example_branch_dop_operator_v3']) retrieved from /home/airflow/.local/lib/python3.7/site-packages/airflow/example_dags/example_branch_python_dop_operator_3.py
[2024-07-26T10:39:57.312+0000] {logging_mixin.py:120} INFO - [2024-07-26T10:39:57.311+0000] {dag.py:2585} INFO - Sync 1 DAGs
[2024-07-26T10:39:57.331+0000] {logging_mixin.py:120} INFO - [2024-07-26T10:39:57.331+0000] {dag.py:3340} INFO - Setting next_dagrun for example_branch_dop_operator_v3 to 2024-07-26T10:38:00+00:00, run_after=2024-07-26T10:39:00+00:00
[2024-07-26T10:39:57.349+0000] {processor.py:176} INFO - Processing /home/airflow/.local/lib/python3.7/site-packages/airflow/example_dags/example_branch_python_dop_operator_3.py took 0.086 seconds
[2024-07-26T11:48:31.414+0000] {processor.py:154} INFO - Started process (PID=7270) to work on /home/airflow/.local/lib/python3.7/site-packages/airflow/example_dags/example_branch_python_dop_operator_3.py
[2024-07-26T11:48:31.416+0000] {processor.py:756} INFO - Processing file /home/airflow/.local/lib/python3.7/site-packages/airflow/example_dags/example_branch_python_dop_operator_3.py for tasks to queue
[2024-07-26T11:48:31.421+0000] {logging_mixin.py:120} INFO - [2024-07-26T11:48:31.420+0000] {dagbag.py:537} INFO - Filling up the DagBag from /home/airflow/.local/lib/python3.7/site-packages/airflow/example_dags/example_branch_python_dop_operator_3.py
[2024-07-26T11:48:31.449+0000] {processor.py:766} INFO - DAG(s) dict_keys(['example_branch_dop_operator_v3']) retrieved from /home/airflow/.local/lib/python3.7/site-packages/airflow/example_dags/example_branch_python_dop_operator_3.py
[2024-07-26T11:48:31.497+0000] {logging_mixin.py:120} INFO - [2024-07-26T11:48:31.497+0000] {dag.py:2585} INFO - Sync 1 DAGs
[2024-07-26T11:48:31.520+0000] {logging_mixin.py:120} INFO - [2024-07-26T11:48:31.519+0000] {dag.py:3340} INFO - Setting next_dagrun for example_branch_dop_operator_v3 to 2024-07-26T11:47:00+00:00, run_after=2024-07-26T11:48:00+00:00
[2024-07-26T11:48:31.540+0000] {processor.py:176} INFO - Processing /home/airflow/.local/lib/python3.7/site-packages/airflow/example_dags/example_branch_python_dop_operator_3.py took 0.133 seconds
[2024-07-26T12:13:06.657+0000] {processor.py:154} INFO - Started process (PID=7334) to work on /home/airflow/.local/lib/python3.7/site-packages/airflow/example_dags/example_branch_python_dop_operator_3.py
[2024-07-26T12:13:06.659+0000] {processor.py:756} INFO - Processing file /home/airflow/.local/lib/python3.7/site-packages/airflow/example_dags/example_branch_python_dop_operator_3.py for tasks to queue
[2024-07-26T12:13:06.660+0000] {logging_mixin.py:120} INFO - [2024-07-26T12:13:06.660+0000] {dagbag.py:537} INFO - Filling up the DagBag from /home/airflow/.local/lib/python3.7/site-packages/airflow/example_dags/example_branch_python_dop_operator_3.py
[2024-07-26T12:13:06.675+0000] {processor.py:766} INFO - DAG(s) dict_keys(['example_branch_dop_operator_v3']) retrieved from /home/airflow/.local/lib/python3.7/site-packages/airflow/example_dags/example_branch_python_dop_operator_3.py
[2024-07-26T12:13:06.709+0000] {logging_mixin.py:120} INFO - [2024-07-26T12:13:06.709+0000] {dag.py:2585} INFO - Sync 1 DAGs
[2024-07-26T12:13:06.729+0000] {logging_mixin.py:120} INFO - [2024-07-26T12:13:06.729+0000] {dag.py:3340} INFO - Setting next_dagrun for example_branch_dop_operator_v3 to 2024-07-26T12:12:00+00:00, run_after=2024-07-26T12:13:00+00:00
[2024-07-26T12:13:06.742+0000] {processor.py:176} INFO - Processing /home/airflow/.local/lib/python3.7/site-packages/airflow/example_dags/example_branch_python_dop_operator_3.py took 0.087 seconds
[2024-07-26T12:19:26.700+0000] {processor.py:154} INFO - Started process (PID=7389) to work on /home/airflow/.local/lib/python3.7/site-packages/airflow/example_dags/example_branch_python_dop_operator_3.py
[2024-07-26T12:19:26.701+0000] {processor.py:756} INFO - Processing file /home/airflow/.local/lib/python3.7/site-packages/airflow/example_dags/example_branch_python_dop_operator_3.py for tasks to queue
[2024-07-26T12:19:26.702+0000] {logging_mixin.py:120} INFO - [2024-07-26T12:19:26.702+0000] {dagbag.py:537} INFO - Filling up the DagBag from /home/airflow/.local/lib/python3.7/site-packages/airflow/example_dags/example_branch_python_dop_operator_3.py
[2024-07-26T12:19:26.720+0000] {processor.py:766} INFO - DAG(s) dict_keys(['example_branch_dop_operator_v3']) retrieved from /home/airflow/.local/lib/python3.7/site-packages/airflow/example_dags/example_branch_python_dop_operator_3.py
[2024-07-26T12:19:26.758+0000] {logging_mixin.py:120} INFO - [2024-07-26T12:19:26.758+0000] {dag.py:2585} INFO - Sync 1 DAGs
[2024-07-26T12:19:26.777+0000] {logging_mixin.py:120} INFO - [2024-07-26T12:19:26.777+0000] {dag.py:3340} INFO - Setting next_dagrun for example_branch_dop_operator_v3 to 2024-07-26T12:18:00+00:00, run_after=2024-07-26T12:19:00+00:00
[2024-07-26T12:19:26.791+0000] {processor.py:176} INFO - Processing /home/airflow/.local/lib/python3.7/site-packages/airflow/example_dags/example_branch_python_dop_operator_3.py took 0.094 seconds
[2024-07-26T13:00:09.290+0000] {processor.py:154} INFO - Started process (PID=7452) to work on /home/airflow/.local/lib/python3.7/site-packages/airflow/example_dags/example_branch_python_dop_operator_3.py
[2024-07-26T13:00:09.292+0000] {processor.py:756} INFO - Processing file /home/airflow/.local/lib/python3.7/site-packages/airflow/example_dags/example_branch_python_dop_operator_3.py for tasks to queue
[2024-07-26T13:00:09.294+0000] {logging_mixin.py:120} INFO - [2024-07-26T13:00:09.293+0000] {dagbag.py:537} INFO - Filling up the DagBag from /home/airflow/.local/lib/python3.7/site-packages/airflow/example_dags/example_branch_python_dop_operator_3.py
[2024-07-26T13:00:09.308+0000] {processor.py:766} INFO - DAG(s) dict_keys(['example_branch_dop_operator_v3']) retrieved from /home/airflow/.local/lib/python3.7/site-packages/airflow/example_dags/example_branch_python_dop_operator_3.py
[2024-07-26T13:00:09.332+0000] {logging_mixin.py:120} INFO - [2024-07-26T13:00:09.332+0000] {dag.py:2585} INFO - Sync 1 DAGs
[2024-07-26T13:00:09.347+0000] {logging_mixin.py:120} INFO - [2024-07-26T13:00:09.347+0000] {dag.py:3340} INFO - Setting next_dagrun for example_branch_dop_operator_v3 to 2024-07-26T12:59:00+00:00, run_after=2024-07-26T13:00:00+00:00
[2024-07-26T13:00:09.373+0000] {processor.py:176} INFO - Processing /home/airflow/.local/lib/python3.7/site-packages/airflow/example_dags/example_branch_python_dop_operator_3.py took 0.087 seconds
[2024-07-26T13:12:28.525+0000] {processor.py:154} INFO - Started process (PID=7516) to work on /home/airflow/.local/lib/python3.7/site-packages/airflow/example_dags/example_branch_python_dop_operator_3.py
[2024-07-26T13:12:28.526+0000] {processor.py:756} INFO - Processing file /home/airflow/.local/lib/python3.7/site-packages/airflow/example_dags/example_branch_python_dop_operator_3.py for tasks to queue
[2024-07-26T13:12:28.526+0000] {logging_mixin.py:120} INFO - [2024-07-26T13:12:28.526+0000] {dagbag.py:537} INFO - Filling up the DagBag from /home/airflow/.local/lib/python3.7/site-packages/airflow/example_dags/example_branch_python_dop_operator_3.py
[2024-07-26T13:12:28.543+0000] {processor.py:766} INFO - DAG(s) dict_keys(['example_branch_dop_operator_v3']) retrieved from /home/airflow/.local/lib/python3.7/site-packages/airflow/example_dags/example_branch_python_dop_operator_3.py
[2024-07-26T13:12:28.592+0000] {logging_mixin.py:120} INFO - [2024-07-26T13:12:28.592+0000] {dag.py:2585} INFO - Sync 1 DAGs
[2024-07-26T13:12:28.623+0000] {logging_mixin.py:120} INFO - [2024-07-26T13:12:28.623+0000] {dag.py:3340} INFO - Setting next_dagrun for example_branch_dop_operator_v3 to 2024-07-26T13:11:00+00:00, run_after=2024-07-26T13:12:00+00:00
[2024-07-26T13:12:28.649+0000] {processor.py:176} INFO - Processing /home/airflow/.local/lib/python3.7/site-packages/airflow/example_dags/example_branch_python_dop_operator_3.py took 0.126 seconds
[2024-07-26T13:43:22.706+0000] {processor.py:154} INFO - Started process (PID=7580) to work on /home/airflow/.local/lib/python3.7/site-packages/airflow/example_dags/example_branch_python_dop_operator_3.py
[2024-07-26T13:43:22.707+0000] {processor.py:756} INFO - Processing file /home/airflow/.local/lib/python3.7/site-packages/airflow/example_dags/example_branch_python_dop_operator_3.py for tasks to queue
[2024-07-26T13:43:22.709+0000] {logging_mixin.py:120} INFO - [2024-07-26T13:43:22.709+0000] {dagbag.py:537} INFO - Filling up the DagBag from /home/airflow/.local/lib/python3.7/site-packages/airflow/example_dags/example_branch_python_dop_operator_3.py
[2024-07-26T13:43:22.728+0000] {processor.py:766} INFO - DAG(s) dict_keys(['example_branch_dop_operator_v3']) retrieved from /home/airflow/.local/lib/python3.7/site-packages/airflow/example_dags/example_branch_python_dop_operator_3.py
[2024-07-26T13:43:22.758+0000] {logging_mixin.py:120} INFO - [2024-07-26T13:43:22.758+0000] {dag.py:2585} INFO - Sync 1 DAGs
[2024-07-26T13:43:22.778+0000] {logging_mixin.py:120} INFO - [2024-07-26T13:43:22.778+0000] {dag.py:3340} INFO - Setting next_dagrun for example_branch_dop_operator_v3 to 2024-07-26T13:42:00+00:00, run_after=2024-07-26T13:43:00+00:00
[2024-07-26T13:43:22.802+0000] {processor.py:176} INFO - Processing /home/airflow/.local/lib/python3.7/site-packages/airflow/example_dags/example_branch_python_dop_operator_3.py took 0.098 seconds
[2024-07-26T13:46:54.582+0000] {processor.py:154} INFO - Started process (PID=7644) to work on /home/airflow/.local/lib/python3.7/site-packages/airflow/example_dags/example_branch_python_dop_operator_3.py
[2024-07-26T13:46:54.590+0000] {processor.py:756} INFO - Processing file /home/airflow/.local/lib/python3.7/site-packages/airflow/example_dags/example_branch_python_dop_operator_3.py for tasks to queue
[2024-07-26T13:46:54.590+0000] {logging_mixin.py:120} INFO - [2024-07-26T13:46:54.590+0000] {dagbag.py:537} INFO - Filling up the DagBag from /home/airflow/.local/lib/python3.7/site-packages/airflow/example_dags/example_branch_python_dop_operator_3.py
[2024-07-26T13:46:54.605+0000] {processor.py:766} INFO - DAG(s) dict_keys(['example_branch_dop_operator_v3']) retrieved from /home/airflow/.local/lib/python3.7/site-packages/airflow/example_dags/example_branch_python_dop_operator_3.py
[2024-07-26T13:46:54.635+0000] {logging_mixin.py:120} INFO - [2024-07-26T13:46:54.635+0000] {dag.py:2585} INFO - Sync 1 DAGs
[2024-07-26T13:46:54.664+0000] {logging_mixin.py:120} INFO - [2024-07-26T13:46:54.664+0000] {dag.py:3340} INFO - Setting next_dagrun for example_branch_dop_operator_v3 to 2024-07-26T13:45:00+00:00, run_after=2024-07-26T13:46:00+00:00
[2024-07-26T13:46:54.684+0000] {processor.py:176} INFO - Processing /home/airflow/.local/lib/python3.7/site-packages/airflow/example_dags/example_branch_python_dop_operator_3.py took 0.105 seconds
[2024-07-26T13:52:24.174+0000] {processor.py:154} INFO - Started process (PID=7699) to work on /home/airflow/.local/lib/python3.7/site-packages/airflow/example_dags/example_branch_python_dop_operator_3.py
[2024-07-26T13:52:24.175+0000] {processor.py:756} INFO - Processing file /home/airflow/.local/lib/python3.7/site-packages/airflow/example_dags/example_branch_python_dop_operator_3.py for tasks to queue
[2024-07-26T13:52:24.177+0000] {logging_mixin.py:120} INFO - [2024-07-26T13:52:24.176+0000] {dagbag.py:537} INFO - Filling up the DagBag from /home/airflow/.local/lib/python3.7/site-packages/airflow/example_dags/example_branch_python_dop_operator_3.py
[2024-07-26T13:52:24.196+0000] {processor.py:766} INFO - DAG(s) dict_keys(['example_branch_dop_operator_v3']) retrieved from /home/airflow/.local/lib/python3.7/site-packages/airflow/example_dags/example_branch_python_dop_operator_3.py
[2024-07-26T13:52:24.228+0000] {logging_mixin.py:120} INFO - [2024-07-26T13:52:24.227+0000] {dag.py:2585} INFO - Sync 1 DAGs
[2024-07-26T13:52:24.257+0000] {logging_mixin.py:120} INFO - [2024-07-26T13:52:24.257+0000] {dag.py:3340} INFO - Setting next_dagrun for example_branch_dop_operator_v3 to 2024-07-26T13:51:00+00:00, run_after=2024-07-26T13:52:00+00:00
[2024-07-26T13:52:24.273+0000] {processor.py:176} INFO - Processing /home/airflow/.local/lib/python3.7/site-packages/airflow/example_dags/example_branch_python_dop_operator_3.py took 0.101 seconds
[2024-07-26T13:54:21.694+0000] {processor.py:154} INFO - Started process (PID=7763) to work on /home/airflow/.local/lib/python3.7/site-packages/airflow/example_dags/example_branch_python_dop_operator_3.py
[2024-07-26T13:54:21.697+0000] {processor.py:756} INFO - Processing file /home/airflow/.local/lib/python3.7/site-packages/airflow/example_dags/example_branch_python_dop_operator_3.py for tasks to queue
[2024-07-26T13:54:21.698+0000] {logging_mixin.py:120} INFO - [2024-07-26T13:54:21.698+0000] {dagbag.py:537} INFO - Filling up the DagBag from /home/airflow/.local/lib/python3.7/site-packages/airflow/example_dags/example_branch_python_dop_operator_3.py
[2024-07-26T13:54:21.712+0000] {processor.py:766} INFO - DAG(s) dict_keys(['example_branch_dop_operator_v3']) retrieved from /home/airflow/.local/lib/python3.7/site-packages/airflow/example_dags/example_branch_python_dop_operator_3.py
[2024-07-26T13:54:21.732+0000] {logging_mixin.py:120} INFO - [2024-07-26T13:54:21.732+0000] {dag.py:2585} INFO - Sync 1 DAGs
[2024-07-26T13:54:21.748+0000] {logging_mixin.py:120} INFO - [2024-07-26T13:54:21.748+0000] {dag.py:3340} INFO - Setting next_dagrun for example_branch_dop_operator_v3 to 2024-07-26T13:53:00+00:00, run_after=2024-07-26T13:54:00+00:00
[2024-07-26T13:54:21.760+0000] {processor.py:176} INFO - Processing /home/airflow/.local/lib/python3.7/site-packages/airflow/example_dags/example_branch_python_dop_operator_3.py took 0.068 seconds
[2024-07-26T13:55:29.819+0000] {processor.py:154} INFO - Started process (PID=7827) to work on /home/airflow/.local/lib/python3.7/site-packages/airflow/example_dags/example_branch_python_dop_operator_3.py
[2024-07-26T13:55:29.822+0000] {processor.py:756} INFO - Processing file /home/airflow/.local/lib/python3.7/site-packages/airflow/example_dags/example_branch_python_dop_operator_3.py for tasks to queue
[2024-07-26T13:55:29.824+0000] {logging_mixin.py:120} INFO - [2024-07-26T13:55:29.824+0000] {dagbag.py:537} INFO - Filling up the DagBag from /home/airflow/.local/lib/python3.7/site-packages/airflow/example_dags/example_branch_python_dop_operator_3.py
[2024-07-26T13:55:29.837+0000] {processor.py:766} INFO - DAG(s) dict_keys(['example_branch_dop_operator_v3']) retrieved from /home/airflow/.local/lib/python3.7/site-packages/airflow/example_dags/example_branch_python_dop_operator_3.py
[2024-07-26T13:55:29.863+0000] {logging_mixin.py:120} INFO - [2024-07-26T13:55:29.863+0000] {dag.py:2585} INFO - Sync 1 DAGs
[2024-07-26T13:55:29.879+0000] {logging_mixin.py:120} INFO - [2024-07-26T13:55:29.879+0000] {dag.py:3340} INFO - Setting next_dagrun for example_branch_dop_operator_v3 to 2024-07-26T13:54:00+00:00, run_after=2024-07-26T13:55:00+00:00
[2024-07-26T13:55:29.897+0000] {processor.py:176} INFO - Processing /home/airflow/.local/lib/python3.7/site-packages/airflow/example_dags/example_branch_python_dop_operator_3.py took 0.079 seconds
[2024-07-26T14:05:32.864+0000] {processor.py:154} INFO - Started process (PID=7891) to work on /home/airflow/.local/lib/python3.7/site-packages/airflow/example_dags/example_branch_python_dop_operator_3.py
[2024-07-26T14:05:32.868+0000] {processor.py:756} INFO - Processing file /home/airflow/.local/lib/python3.7/site-packages/airflow/example_dags/example_branch_python_dop_operator_3.py for tasks to queue
[2024-07-26T14:05:32.872+0000] {logging_mixin.py:120} INFO - [2024-07-26T14:05:32.872+0000] {dagbag.py:537} INFO - Filling up the DagBag from /home/airflow/.local/lib/python3.7/site-packages/airflow/example_dags/example_branch_python_dop_operator_3.py
[2024-07-26T14:05:32.921+0000] {processor.py:766} INFO - DAG(s) dict_keys(['example_branch_dop_operator_v3']) retrieved from /home/airflow/.local/lib/python3.7/site-packages/airflow/example_dags/example_branch_python_dop_operator_3.py
[2024-07-26T14:05:32.960+0000] {logging_mixin.py:120} INFO - [2024-07-26T14:05:32.960+0000] {dag.py:2585} INFO - Sync 1 DAGs
[2024-07-26T14:05:33.028+0000] {logging_mixin.py:120} INFO - [2024-07-26T14:05:33.026+0000] {dag.py:3340} INFO - Setting next_dagrun for example_branch_dop_operator_v3 to 2024-07-26T14:04:00+00:00, run_after=2024-07-26T14:05:00+00:00
[2024-07-26T14:05:33.248+0000] {processor.py:176} INFO - Processing /home/airflow/.local/lib/python3.7/site-packages/airflow/example_dags/example_branch_python_dop_operator_3.py took 0.395 seconds
[2024-07-26T14:06:20.800+0000] {processor.py:154} INFO - Started process (PID=7954) to work on /home/airflow/.local/lib/python3.7/site-packages/airflow/example_dags/example_branch_python_dop_operator_3.py
[2024-07-26T14:06:20.803+0000] {processor.py:756} INFO - Processing file /home/airflow/.local/lib/python3.7/site-packages/airflow/example_dags/example_branch_python_dop_operator_3.py for tasks to queue
[2024-07-26T14:06:20.805+0000] {logging_mixin.py:120} INFO - [2024-07-26T14:06:20.805+0000] {dagbag.py:537} INFO - Filling up the DagBag from /home/airflow/.local/lib/python3.7/site-packages/airflow/example_dags/example_branch_python_dop_operator_3.py
[2024-07-26T14:06:20.839+0000] {processor.py:766} INFO - DAG(s) dict_keys(['example_branch_dop_operator_v3']) retrieved from /home/airflow/.local/lib/python3.7/site-packages/airflow/example_dags/example_branch_python_dop_operator_3.py
[2024-07-26T14:06:20.869+0000] {logging_mixin.py:120} INFO - [2024-07-26T14:06:20.869+0000] {dag.py:2585} INFO - Sync 1 DAGs
[2024-07-26T14:06:20.887+0000] {logging_mixin.py:120} INFO - [2024-07-26T14:06:20.887+0000] {dag.py:3340} INFO - Setting next_dagrun for example_branch_dop_operator_v3 to 2024-07-26T14:05:00+00:00, run_after=2024-07-26T14:06:00+00:00
[2024-07-26T14:06:20.905+0000] {processor.py:176} INFO - Processing /home/airflow/.local/lib/python3.7/site-packages/airflow/example_dags/example_branch_python_dop_operator_3.py took 0.108 seconds
