[2024-07-26T00:02:54.546+0000] {processor.py:154} INFO - Started process (PID=4792) to work on /home/airflow/.local/lib/python3.7/site-packages/airflow/example_dags/example_task_group.py
[2024-07-26T00:02:54.547+0000] {processor.py:756} INFO - Processing file /home/airflow/.local/lib/python3.7/site-packages/airflow/example_dags/example_task_group.py for tasks to queue
[2024-07-26T00:02:54.549+0000] {logging_mixin.py:120} INFO - [2024-07-26T00:02:54.549+0000] {dagbag.py:537} INFO - Filling up the DagBag from /home/airflow/.local/lib/python3.7/site-packages/airflow/example_dags/example_task_group.py
[2024-07-26T00:02:54.563+0000] {processor.py:766} INFO - DAG(s) dict_keys(['example_task_group']) retrieved from /home/airflow/.local/lib/python3.7/site-packages/airflow/example_dags/example_task_group.py
[2024-07-26T00:02:54.592+0000] {logging_mixin.py:120} INFO - [2024-07-26T00:02:54.592+0000] {dag.py:2585} INFO - Sync 1 DAGs
[2024-07-26T00:02:54.609+0000] {logging_mixin.py:120} INFO - [2024-07-26T00:02:54.609+0000] {dag.py:3340} INFO - Setting next_dagrun for example_task_group to 2024-07-25T00:02:54.609156+00:00, run_after=2024-07-26T00:02:54.609156+00:00
[2024-07-26T00:02:54.631+0000] {processor.py:176} INFO - Processing /home/airflow/.local/lib/python3.7/site-packages/airflow/example_dags/example_task_group.py took 0.088 seconds
[2024-07-26T00:16:07.105+0000] {processor.py:154} INFO - Started process (PID=4847) to work on /home/airflow/.local/lib/python3.7/site-packages/airflow/example_dags/example_task_group.py
[2024-07-26T00:16:07.107+0000] {processor.py:756} INFO - Processing file /home/airflow/.local/lib/python3.7/site-packages/airflow/example_dags/example_task_group.py for tasks to queue
[2024-07-26T00:16:07.110+0000] {logging_mixin.py:120} INFO - [2024-07-26T00:16:07.110+0000] {dagbag.py:537} INFO - Filling up the DagBag from /home/airflow/.local/lib/python3.7/site-packages/airflow/example_dags/example_task_group.py
[2024-07-26T00:16:07.129+0000] {processor.py:766} INFO - DAG(s) dict_keys(['example_task_group']) retrieved from /home/airflow/.local/lib/python3.7/site-packages/airflow/example_dags/example_task_group.py
[2024-07-26T00:16:07.185+0000] {logging_mixin.py:120} INFO - [2024-07-26T00:16:07.184+0000] {dag.py:2585} INFO - Sync 1 DAGs
[2024-07-26T00:16:07.217+0000] {logging_mixin.py:120} INFO - [2024-07-26T00:16:07.217+0000] {dag.py:3340} INFO - Setting next_dagrun for example_task_group to 2024-07-25T00:16:07.217415+00:00, run_after=2024-07-26T00:16:07.217415+00:00
[2024-07-26T00:16:07.240+0000] {processor.py:176} INFO - Processing /home/airflow/.local/lib/python3.7/site-packages/airflow/example_dags/example_task_group.py took 0.142 seconds
[2024-07-26T00:40:52.776+0000] {processor.py:154} INFO - Started process (PID=4911) to work on /home/airflow/.local/lib/python3.7/site-packages/airflow/example_dags/example_task_group.py
[2024-07-26T00:40:52.780+0000] {processor.py:756} INFO - Processing file /home/airflow/.local/lib/python3.7/site-packages/airflow/example_dags/example_task_group.py for tasks to queue
[2024-07-26T00:40:52.780+0000] {logging_mixin.py:120} INFO - [2024-07-26T00:40:52.780+0000] {dagbag.py:537} INFO - Filling up the DagBag from /home/airflow/.local/lib/python3.7/site-packages/airflow/example_dags/example_task_group.py
[2024-07-26T00:40:52.792+0000] {processor.py:766} INFO - DAG(s) dict_keys(['example_task_group']) retrieved from /home/airflow/.local/lib/python3.7/site-packages/airflow/example_dags/example_task_group.py
[2024-07-26T00:40:52.821+0000] {logging_mixin.py:120} INFO - [2024-07-26T00:40:52.821+0000] {dag.py:2585} INFO - Sync 1 DAGs
[2024-07-26T00:40:52.840+0000] {logging_mixin.py:120} INFO - [2024-07-26T00:40:52.840+0000] {dag.py:3340} INFO - Setting next_dagrun for example_task_group to 2024-07-25T00:40:52.840577+00:00, run_after=2024-07-26T00:40:52.840577+00:00
[2024-07-26T00:40:52.859+0000] {processor.py:176} INFO - Processing /home/airflow/.local/lib/python3.7/site-packages/airflow/example_dags/example_task_group.py took 0.085 seconds
[2024-07-26T01:30:33.598+0000] {processor.py:154} INFO - Started process (PID=4975) to work on /home/airflow/.local/lib/python3.7/site-packages/airflow/example_dags/example_task_group.py
[2024-07-26T01:30:33.599+0000] {processor.py:756} INFO - Processing file /home/airflow/.local/lib/python3.7/site-packages/airflow/example_dags/example_task_group.py for tasks to queue
[2024-07-26T01:30:33.600+0000] {logging_mixin.py:120} INFO - [2024-07-26T01:30:33.600+0000] {dagbag.py:537} INFO - Filling up the DagBag from /home/airflow/.local/lib/python3.7/site-packages/airflow/example_dags/example_task_group.py
[2024-07-26T01:30:33.610+0000] {processor.py:766} INFO - DAG(s) dict_keys(['example_task_group']) retrieved from /home/airflow/.local/lib/python3.7/site-packages/airflow/example_dags/example_task_group.py
[2024-07-26T01:30:33.655+0000] {logging_mixin.py:120} INFO - [2024-07-26T01:30:33.655+0000] {dag.py:2585} INFO - Sync 1 DAGs
[2024-07-26T01:30:33.677+0000] {logging_mixin.py:120} INFO - [2024-07-26T01:30:33.677+0000] {dag.py:3340} INFO - Setting next_dagrun for example_task_group to 2024-07-25T01:30:33.677483+00:00, run_after=2024-07-26T01:30:33.677483+00:00
[2024-07-26T01:30:33.705+0000] {processor.py:176} INFO - Processing /home/airflow/.local/lib/python3.7/site-packages/airflow/example_dags/example_task_group.py took 0.110 seconds
[2024-07-26T02:00:30.110+0000] {processor.py:154} INFO - Started process (PID=5039) to work on /home/airflow/.local/lib/python3.7/site-packages/airflow/example_dags/example_task_group.py
[2024-07-26T02:00:30.111+0000] {processor.py:756} INFO - Processing file /home/airflow/.local/lib/python3.7/site-packages/airflow/example_dags/example_task_group.py for tasks to queue
[2024-07-26T02:00:30.111+0000] {logging_mixin.py:120} INFO - [2024-07-26T02:00:30.111+0000] {dagbag.py:537} INFO - Filling up the DagBag from /home/airflow/.local/lib/python3.7/site-packages/airflow/example_dags/example_task_group.py
[2024-07-26T02:00:30.129+0000] {processor.py:766} INFO - DAG(s) dict_keys(['example_task_group']) retrieved from /home/airflow/.local/lib/python3.7/site-packages/airflow/example_dags/example_task_group.py
[2024-07-26T02:00:30.171+0000] {logging_mixin.py:120} INFO - [2024-07-26T02:00:30.171+0000] {dag.py:2585} INFO - Sync 1 DAGs
[2024-07-26T02:00:30.189+0000] {logging_mixin.py:120} INFO - [2024-07-26T02:00:30.189+0000] {dag.py:3340} INFO - Setting next_dagrun for example_task_group to 2024-07-25T02:00:30.189390+00:00, run_after=2024-07-26T02:00:30.189390+00:00
[2024-07-26T02:00:30.199+0000] {processor.py:176} INFO - Processing /home/airflow/.local/lib/python3.7/site-packages/airflow/example_dags/example_task_group.py took 0.091 seconds
[2024-07-26T02:13:02.691+0000] {processor.py:154} INFO - Started process (PID=5102) to work on /home/airflow/.local/lib/python3.7/site-packages/airflow/example_dags/example_task_group.py
[2024-07-26T02:13:02.697+0000] {processor.py:756} INFO - Processing file /home/airflow/.local/lib/python3.7/site-packages/airflow/example_dags/example_task_group.py for tasks to queue
[2024-07-26T02:13:02.698+0000] {logging_mixin.py:120} INFO - [2024-07-26T02:13:02.698+0000] {dagbag.py:537} INFO - Filling up the DagBag from /home/airflow/.local/lib/python3.7/site-packages/airflow/example_dags/example_task_group.py
[2024-07-26T02:13:02.714+0000] {processor.py:766} INFO - DAG(s) dict_keys(['example_task_group']) retrieved from /home/airflow/.local/lib/python3.7/site-packages/airflow/example_dags/example_task_group.py
[2024-07-26T02:13:02.747+0000] {logging_mixin.py:120} INFO - [2024-07-26T02:13:02.747+0000] {dag.py:2585} INFO - Sync 1 DAGs
[2024-07-26T02:13:02.771+0000] {logging_mixin.py:120} INFO - [2024-07-26T02:13:02.771+0000] {dag.py:3340} INFO - Setting next_dagrun for example_task_group to 2024-07-25T02:13:02.771591+00:00, run_after=2024-07-26T02:13:02.771591+00:00
[2024-07-26T02:13:02.795+0000] {processor.py:176} INFO - Processing /home/airflow/.local/lib/python3.7/site-packages/airflow/example_dags/example_task_group.py took 0.106 seconds
[2024-07-26T02:39:12.218+0000] {processor.py:154} INFO - Started process (PID=5157) to work on /home/airflow/.local/lib/python3.7/site-packages/airflow/example_dags/example_task_group.py
[2024-07-26T02:39:12.222+0000] {processor.py:756} INFO - Processing file /home/airflow/.local/lib/python3.7/site-packages/airflow/example_dags/example_task_group.py for tasks to queue
[2024-07-26T02:39:12.223+0000] {logging_mixin.py:120} INFO - [2024-07-26T02:39:12.223+0000] {dagbag.py:537} INFO - Filling up the DagBag from /home/airflow/.local/lib/python3.7/site-packages/airflow/example_dags/example_task_group.py
[2024-07-26T02:39:12.242+0000] {processor.py:766} INFO - DAG(s) dict_keys(['example_task_group']) retrieved from /home/airflow/.local/lib/python3.7/site-packages/airflow/example_dags/example_task_group.py
[2024-07-26T02:39:12.278+0000] {logging_mixin.py:120} INFO - [2024-07-26T02:39:12.278+0000] {dag.py:2585} INFO - Sync 1 DAGs
[2024-07-26T02:39:12.296+0000] {logging_mixin.py:120} INFO - [2024-07-26T02:39:12.296+0000] {dag.py:3340} INFO - Setting next_dagrun for example_task_group to 2024-07-25T02:39:12.295905+00:00, run_after=2024-07-26T02:39:12.295905+00:00
[2024-07-26T02:39:12.308+0000] {processor.py:176} INFO - Processing /home/airflow/.local/lib/python3.7/site-packages/airflow/example_dags/example_task_group.py took 0.092 seconds
[2024-07-26T02:58:11.814+0000] {processor.py:154} INFO - Started process (PID=5221) to work on /home/airflow/.local/lib/python3.7/site-packages/airflow/example_dags/example_task_group.py
[2024-07-26T02:58:11.815+0000] {processor.py:756} INFO - Processing file /home/airflow/.local/lib/python3.7/site-packages/airflow/example_dags/example_task_group.py for tasks to queue
[2024-07-26T02:58:11.816+0000] {logging_mixin.py:120} INFO - [2024-07-26T02:58:11.816+0000] {dagbag.py:537} INFO - Filling up the DagBag from /home/airflow/.local/lib/python3.7/site-packages/airflow/example_dags/example_task_group.py
[2024-07-26T02:58:11.824+0000] {processor.py:766} INFO - DAG(s) dict_keys(['example_task_group']) retrieved from /home/airflow/.local/lib/python3.7/site-packages/airflow/example_dags/example_task_group.py
[2024-07-26T02:58:11.846+0000] {logging_mixin.py:120} INFO - [2024-07-26T02:58:11.846+0000] {dag.py:2585} INFO - Sync 1 DAGs
[2024-07-26T02:58:11.858+0000] {logging_mixin.py:120} INFO - [2024-07-26T02:58:11.858+0000] {dag.py:3340} INFO - Setting next_dagrun for example_task_group to 2024-07-25T02:58:11.858408+00:00, run_after=2024-07-26T02:58:11.858408+00:00
[2024-07-26T02:58:11.867+0000] {processor.py:176} INFO - Processing /home/airflow/.local/lib/python3.7/site-packages/airflow/example_dags/example_task_group.py took 0.055 seconds
[2024-07-26T03:01:34.626+0000] {processor.py:154} INFO - Started process (PID=5285) to work on /home/airflow/.local/lib/python3.7/site-packages/airflow/example_dags/example_task_group.py
[2024-07-26T03:01:34.629+0000] {processor.py:756} INFO - Processing file /home/airflow/.local/lib/python3.7/site-packages/airflow/example_dags/example_task_group.py for tasks to queue
[2024-07-26T03:01:34.629+0000] {logging_mixin.py:120} INFO - [2024-07-26T03:01:34.629+0000] {dagbag.py:537} INFO - Filling up the DagBag from /home/airflow/.local/lib/python3.7/site-packages/airflow/example_dags/example_task_group.py
[2024-07-26T03:01:34.639+0000] {processor.py:766} INFO - DAG(s) dict_keys(['example_task_group']) retrieved from /home/airflow/.local/lib/python3.7/site-packages/airflow/example_dags/example_task_group.py
[2024-07-26T03:01:34.669+0000] {logging_mixin.py:120} INFO - [2024-07-26T03:01:34.669+0000] {dag.py:2585} INFO - Sync 1 DAGs
[2024-07-26T03:01:34.689+0000] {logging_mixin.py:120} INFO - [2024-07-26T03:01:34.689+0000] {dag.py:3340} INFO - Setting next_dagrun for example_task_group to 2024-07-25T03:01:34.688967+00:00, run_after=2024-07-26T03:01:34.688967+00:00
[2024-07-26T03:01:34.708+0000] {processor.py:176} INFO - Processing /home/airflow/.local/lib/python3.7/site-packages/airflow/example_dags/example_task_group.py took 0.084 seconds
[2024-07-26T03:15:41.077+0000] {processor.py:154} INFO - Started process (PID=5349) to work on /home/airflow/.local/lib/python3.7/site-packages/airflow/example_dags/example_task_group.py
[2024-07-26T03:15:41.079+0000] {processor.py:756} INFO - Processing file /home/airflow/.local/lib/python3.7/site-packages/airflow/example_dags/example_task_group.py for tasks to queue
[2024-07-26T03:15:41.080+0000] {logging_mixin.py:120} INFO - [2024-07-26T03:15:41.080+0000] {dagbag.py:537} INFO - Filling up the DagBag from /home/airflow/.local/lib/python3.7/site-packages/airflow/example_dags/example_task_group.py
[2024-07-26T03:15:41.093+0000] {processor.py:766} INFO - DAG(s) dict_keys(['example_task_group']) retrieved from /home/airflow/.local/lib/python3.7/site-packages/airflow/example_dags/example_task_group.py
[2024-07-26T03:15:41.125+0000] {logging_mixin.py:120} INFO - [2024-07-26T03:15:41.125+0000] {dag.py:2585} INFO - Sync 1 DAGs
[2024-07-26T03:15:41.146+0000] {logging_mixin.py:120} INFO - [2024-07-26T03:15:41.146+0000] {dag.py:3340} INFO - Setting next_dagrun for example_task_group to 2024-07-25T03:15:41.145988+00:00, run_after=2024-07-26T03:15:41.145988+00:00
[2024-07-26T03:15:41.166+0000] {processor.py:176} INFO - Processing /home/airflow/.local/lib/python3.7/site-packages/airflow/example_dags/example_task_group.py took 0.091 seconds
[2024-07-26T03:32:16.132+0000] {processor.py:154} INFO - Started process (PID=5404) to work on /home/airflow/.local/lib/python3.7/site-packages/airflow/example_dags/example_task_group.py
[2024-07-26T03:32:16.135+0000] {processor.py:756} INFO - Processing file /home/airflow/.local/lib/python3.7/site-packages/airflow/example_dags/example_task_group.py for tasks to queue
[2024-07-26T03:32:16.136+0000] {logging_mixin.py:120} INFO - [2024-07-26T03:32:16.136+0000] {dagbag.py:537} INFO - Filling up the DagBag from /home/airflow/.local/lib/python3.7/site-packages/airflow/example_dags/example_task_group.py
[2024-07-26T03:32:16.149+0000] {processor.py:766} INFO - DAG(s) dict_keys(['example_task_group']) retrieved from /home/airflow/.local/lib/python3.7/site-packages/airflow/example_dags/example_task_group.py
[2024-07-26T03:32:16.179+0000] {logging_mixin.py:120} INFO - [2024-07-26T03:32:16.179+0000] {dag.py:2585} INFO - Sync 1 DAGs
[2024-07-26T03:32:16.193+0000] {logging_mixin.py:120} INFO - [2024-07-26T03:32:16.193+0000] {dag.py:3340} INFO - Setting next_dagrun for example_task_group to 2024-07-25T03:32:16.193486+00:00, run_after=2024-07-26T03:32:16.193486+00:00
[2024-07-26T03:32:16.213+0000] {processor.py:176} INFO - Processing /home/airflow/.local/lib/python3.7/site-packages/airflow/example_dags/example_task_group.py took 0.083 seconds
[2024-07-26T03:56:59.008+0000] {processor.py:154} INFO - Started process (PID=5468) to work on /home/airflow/.local/lib/python3.7/site-packages/airflow/example_dags/example_task_group.py
[2024-07-26T03:56:59.011+0000] {processor.py:756} INFO - Processing file /home/airflow/.local/lib/python3.7/site-packages/airflow/example_dags/example_task_group.py for tasks to queue
[2024-07-26T03:56:59.013+0000] {logging_mixin.py:120} INFO - [2024-07-26T03:56:59.013+0000] {dagbag.py:537} INFO - Filling up the DagBag from /home/airflow/.local/lib/python3.7/site-packages/airflow/example_dags/example_task_group.py
[2024-07-26T03:56:59.029+0000] {processor.py:766} INFO - DAG(s) dict_keys(['example_task_group']) retrieved from /home/airflow/.local/lib/python3.7/site-packages/airflow/example_dags/example_task_group.py
[2024-07-26T03:56:59.054+0000] {logging_mixin.py:120} INFO - [2024-07-26T03:56:59.054+0000] {dag.py:2585} INFO - Sync 1 DAGs
[2024-07-26T03:56:59.075+0000] {logging_mixin.py:120} INFO - [2024-07-26T03:56:59.075+0000] {dag.py:3340} INFO - Setting next_dagrun for example_task_group to 2024-07-25T03:56:59.074946+00:00, run_after=2024-07-26T03:56:59.074946+00:00
[2024-07-26T03:56:59.085+0000] {processor.py:176} INFO - Processing /home/airflow/.local/lib/python3.7/site-packages/airflow/example_dags/example_task_group.py took 0.079 seconds
[2024-07-26T04:02:04.697+0000] {processor.py:154} INFO - Started process (PID=5532) to work on /home/airflow/.local/lib/python3.7/site-packages/airflow/example_dags/example_task_group.py
[2024-07-26T04:02:04.704+0000] {processor.py:756} INFO - Processing file /home/airflow/.local/lib/python3.7/site-packages/airflow/example_dags/example_task_group.py for tasks to queue
[2024-07-26T04:02:04.709+0000] {logging_mixin.py:120} INFO - [2024-07-26T04:02:04.709+0000] {dagbag.py:537} INFO - Filling up the DagBag from /home/airflow/.local/lib/python3.7/site-packages/airflow/example_dags/example_task_group.py
[2024-07-26T04:02:04.719+0000] {processor.py:766} INFO - DAG(s) dict_keys(['example_task_group']) retrieved from /home/airflow/.local/lib/python3.7/site-packages/airflow/example_dags/example_task_group.py
[2024-07-26T04:02:04.754+0000] {logging_mixin.py:120} INFO - [2024-07-26T04:02:04.754+0000] {dag.py:2585} INFO - Sync 1 DAGs
[2024-07-26T04:02:04.775+0000] {logging_mixin.py:120} INFO - [2024-07-26T04:02:04.775+0000] {dag.py:3340} INFO - Setting next_dagrun for example_task_group to 2024-07-25T04:02:04.775441+00:00, run_after=2024-07-26T04:02:04.775441+00:00
[2024-07-26T04:02:04.788+0000] {processor.py:176} INFO - Processing /home/airflow/.local/lib/python3.7/site-packages/airflow/example_dags/example_task_group.py took 0.093 seconds
[2024-07-26T04:04:17.288+0000] {processor.py:154} INFO - Started process (PID=5596) to work on /home/airflow/.local/lib/python3.7/site-packages/airflow/example_dags/example_task_group.py
[2024-07-26T04:04:17.289+0000] {processor.py:756} INFO - Processing file /home/airflow/.local/lib/python3.7/site-packages/airflow/example_dags/example_task_group.py for tasks to queue
[2024-07-26T04:04:17.292+0000] {logging_mixin.py:120} INFO - [2024-07-26T04:04:17.291+0000] {dagbag.py:537} INFO - Filling up the DagBag from /home/airflow/.local/lib/python3.7/site-packages/airflow/example_dags/example_task_group.py
[2024-07-26T04:04:17.301+0000] {processor.py:766} INFO - DAG(s) dict_keys(['example_task_group']) retrieved from /home/airflow/.local/lib/python3.7/site-packages/airflow/example_dags/example_task_group.py
[2024-07-26T04:04:17.327+0000] {logging_mixin.py:120} INFO - [2024-07-26T04:04:17.327+0000] {dag.py:2585} INFO - Sync 1 DAGs
[2024-07-26T04:04:17.349+0000] {logging_mixin.py:120} INFO - [2024-07-26T04:04:17.349+0000] {dag.py:3340} INFO - Setting next_dagrun for example_task_group to 2024-07-25T04:04:17.348982+00:00, run_after=2024-07-26T04:04:17.348982+00:00
[2024-07-26T04:04:17.368+0000] {processor.py:176} INFO - Processing /home/airflow/.local/lib/python3.7/site-packages/airflow/example_dags/example_task_group.py took 0.083 seconds
[2024-07-26T04:06:04.489+0000] {processor.py:154} INFO - Started process (PID=5659) to work on /home/airflow/.local/lib/python3.7/site-packages/airflow/example_dags/example_task_group.py
[2024-07-26T04:06:04.491+0000] {processor.py:756} INFO - Processing file /home/airflow/.local/lib/python3.7/site-packages/airflow/example_dags/example_task_group.py for tasks to queue
[2024-07-26T04:06:04.491+0000] {logging_mixin.py:120} INFO - [2024-07-26T04:06:04.491+0000] {dagbag.py:537} INFO - Filling up the DagBag from /home/airflow/.local/lib/python3.7/site-packages/airflow/example_dags/example_task_group.py
[2024-07-26T04:06:04.500+0000] {processor.py:766} INFO - DAG(s) dict_keys(['example_task_group']) retrieved from /home/airflow/.local/lib/python3.7/site-packages/airflow/example_dags/example_task_group.py
[2024-07-26T04:06:04.525+0000] {logging_mixin.py:120} INFO - [2024-07-26T04:06:04.525+0000] {dag.py:2585} INFO - Sync 1 DAGs
[2024-07-26T04:06:04.539+0000] {logging_mixin.py:120} INFO - [2024-07-26T04:06:04.539+0000] {dag.py:3340} INFO - Setting next_dagrun for example_task_group to 2024-07-25T04:06:04.539763+00:00, run_after=2024-07-26T04:06:04.539763+00:00
[2024-07-26T04:06:04.553+0000] {processor.py:176} INFO - Processing /home/airflow/.local/lib/python3.7/site-packages/airflow/example_dags/example_task_group.py took 0.066 seconds
[2024-07-26T04:08:05.757+0000] {processor.py:154} INFO - Started process (PID=5714) to work on /home/airflow/.local/lib/python3.7/site-packages/airflow/example_dags/example_task_group.py
[2024-07-26T04:08:05.757+0000] {processor.py:756} INFO - Processing file /home/airflow/.local/lib/python3.7/site-packages/airflow/example_dags/example_task_group.py for tasks to queue
[2024-07-26T04:08:05.761+0000] {logging_mixin.py:120} INFO - [2024-07-26T04:08:05.761+0000] {dagbag.py:537} INFO - Filling up the DagBag from /home/airflow/.local/lib/python3.7/site-packages/airflow/example_dags/example_task_group.py
[2024-07-26T04:08:05.770+0000] {processor.py:766} INFO - DAG(s) dict_keys(['example_task_group']) retrieved from /home/airflow/.local/lib/python3.7/site-packages/airflow/example_dags/example_task_group.py
[2024-07-26T04:08:05.798+0000] {logging_mixin.py:120} INFO - [2024-07-26T04:08:05.798+0000] {dag.py:2585} INFO - Sync 1 DAGs
[2024-07-26T04:08:05.814+0000] {logging_mixin.py:120} INFO - [2024-07-26T04:08:05.813+0000] {dag.py:3340} INFO - Setting next_dagrun for example_task_group to 2024-07-25T04:08:05.813833+00:00, run_after=2024-07-26T04:08:05.813833+00:00
[2024-07-26T04:08:05.828+0000] {processor.py:176} INFO - Processing /home/airflow/.local/lib/python3.7/site-packages/airflow/example_dags/example_task_group.py took 0.074 seconds
[2024-07-26T04:09:01.861+0000] {processor.py:154} INFO - Started process (PID=5778) to work on /home/airflow/.local/lib/python3.7/site-packages/airflow/example_dags/example_task_group.py
[2024-07-26T04:09:01.863+0000] {processor.py:756} INFO - Processing file /home/airflow/.local/lib/python3.7/site-packages/airflow/example_dags/example_task_group.py for tasks to queue
[2024-07-26T04:09:01.863+0000] {logging_mixin.py:120} INFO - [2024-07-26T04:09:01.863+0000] {dagbag.py:537} INFO - Filling up the DagBag from /home/airflow/.local/lib/python3.7/site-packages/airflow/example_dags/example_task_group.py
[2024-07-26T04:09:01.877+0000] {processor.py:766} INFO - DAG(s) dict_keys(['example_task_group']) retrieved from /home/airflow/.local/lib/python3.7/site-packages/airflow/example_dags/example_task_group.py
[2024-07-26T04:09:01.905+0000] {logging_mixin.py:120} INFO - [2024-07-26T04:09:01.905+0000] {dag.py:2585} INFO - Sync 1 DAGs
[2024-07-26T04:09:01.921+0000] {logging_mixin.py:120} INFO - [2024-07-26T04:09:01.920+0000] {dag.py:3340} INFO - Setting next_dagrun for example_task_group to 2024-07-25T04:09:01.920815+00:00, run_after=2024-07-26T04:09:01.920815+00:00
[2024-07-26T04:09:01.943+0000] {processor.py:176} INFO - Processing /home/airflow/.local/lib/python3.7/site-packages/airflow/example_dags/example_task_group.py took 0.083 seconds
[2024-07-26T04:10:11.384+0000] {processor.py:154} INFO - Started process (PID=5843) to work on /home/airflow/.local/lib/python3.7/site-packages/airflow/example_dags/example_task_group.py
[2024-07-26T04:10:11.385+0000] {processor.py:756} INFO - Processing file /home/airflow/.local/lib/python3.7/site-packages/airflow/example_dags/example_task_group.py for tasks to queue
[2024-07-26T04:10:11.385+0000] {logging_mixin.py:120} INFO - [2024-07-26T04:10:11.385+0000] {dagbag.py:537} INFO - Filling up the DagBag from /home/airflow/.local/lib/python3.7/site-packages/airflow/example_dags/example_task_group.py
[2024-07-26T04:10:11.396+0000] {processor.py:766} INFO - DAG(s) dict_keys(['example_task_group']) retrieved from /home/airflow/.local/lib/python3.7/site-packages/airflow/example_dags/example_task_group.py
[2024-07-26T04:10:11.422+0000] {logging_mixin.py:120} INFO - [2024-07-26T04:10:11.422+0000] {dag.py:2585} INFO - Sync 1 DAGs
[2024-07-26T04:10:11.438+0000] {logging_mixin.py:120} INFO - [2024-07-26T04:10:11.438+0000] {dag.py:3340} INFO - Setting next_dagrun for example_task_group to 2024-07-25T04:10:11.438172+00:00, run_after=2024-07-26T04:10:11.438172+00:00
[2024-07-26T04:10:11.456+0000] {processor.py:176} INFO - Processing /home/airflow/.local/lib/python3.7/site-packages/airflow/example_dags/example_task_group.py took 0.074 seconds
[2024-07-26T04:11:38.229+0000] {processor.py:154} INFO - Started process (PID=5907) to work on /home/airflow/.local/lib/python3.7/site-packages/airflow/example_dags/example_task_group.py
[2024-07-26T04:11:38.229+0000] {processor.py:756} INFO - Processing file /home/airflow/.local/lib/python3.7/site-packages/airflow/example_dags/example_task_group.py for tasks to queue
[2024-07-26T04:11:38.230+0000] {logging_mixin.py:120} INFO - [2024-07-26T04:11:38.230+0000] {dagbag.py:537} INFO - Filling up the DagBag from /home/airflow/.local/lib/python3.7/site-packages/airflow/example_dags/example_task_group.py
[2024-07-26T04:11:38.239+0000] {processor.py:766} INFO - DAG(s) dict_keys(['example_task_group']) retrieved from /home/airflow/.local/lib/python3.7/site-packages/airflow/example_dags/example_task_group.py
[2024-07-26T04:11:38.262+0000] {logging_mixin.py:120} INFO - [2024-07-26T04:11:38.262+0000] {dag.py:2585} INFO - Sync 1 DAGs
[2024-07-26T04:11:38.276+0000] {logging_mixin.py:120} INFO - [2024-07-26T04:11:38.275+0000] {dag.py:3340} INFO - Setting next_dagrun for example_task_group to 2024-07-25T04:11:38.275853+00:00, run_after=2024-07-26T04:11:38.275853+00:00
[2024-07-26T04:11:38.287+0000] {processor.py:176} INFO - Processing /home/airflow/.local/lib/python3.7/site-packages/airflow/example_dags/example_task_group.py took 0.061 seconds
[2024-07-26T04:12:21.345+0000] {processor.py:154} INFO - Started process (PID=5971) to work on /home/airflow/.local/lib/python3.7/site-packages/airflow/example_dags/example_task_group.py
[2024-07-26T04:12:21.346+0000] {processor.py:756} INFO - Processing file /home/airflow/.local/lib/python3.7/site-packages/airflow/example_dags/example_task_group.py for tasks to queue
[2024-07-26T04:12:21.347+0000] {logging_mixin.py:120} INFO - [2024-07-26T04:12:21.347+0000] {dagbag.py:537} INFO - Filling up the DagBag from /home/airflow/.local/lib/python3.7/site-packages/airflow/example_dags/example_task_group.py
[2024-07-26T04:12:21.360+0000] {processor.py:766} INFO - DAG(s) dict_keys(['example_task_group']) retrieved from /home/airflow/.local/lib/python3.7/site-packages/airflow/example_dags/example_task_group.py
[2024-07-26T04:12:21.385+0000] {logging_mixin.py:120} INFO - [2024-07-26T04:12:21.385+0000] {dag.py:2585} INFO - Sync 1 DAGs
[2024-07-26T04:12:21.405+0000] {logging_mixin.py:120} INFO - [2024-07-26T04:12:21.405+0000] {dag.py:3340} INFO - Setting next_dagrun for example_task_group to 2024-07-25T04:12:21.404981+00:00, run_after=2024-07-26T04:12:21.404981+00:00
[2024-07-26T04:12:21.418+0000] {processor.py:176} INFO - Processing /home/airflow/.local/lib/python3.7/site-packages/airflow/example_dags/example_task_group.py took 0.075 seconds
[2024-07-26T04:13:14.585+0000] {processor.py:154} INFO - Started process (PID=6026) to work on /home/airflow/.local/lib/python3.7/site-packages/airflow/example_dags/example_task_group.py
[2024-07-26T04:13:14.587+0000] {processor.py:756} INFO - Processing file /home/airflow/.local/lib/python3.7/site-packages/airflow/example_dags/example_task_group.py for tasks to queue
[2024-07-26T04:13:14.591+0000] {logging_mixin.py:120} INFO - [2024-07-26T04:13:14.590+0000] {dagbag.py:537} INFO - Filling up the DagBag from /home/airflow/.local/lib/python3.7/site-packages/airflow/example_dags/example_task_group.py
[2024-07-26T04:13:14.600+0000] {processor.py:766} INFO - DAG(s) dict_keys(['example_task_group']) retrieved from /home/airflow/.local/lib/python3.7/site-packages/airflow/example_dags/example_task_group.py
[2024-07-26T04:13:14.637+0000] {logging_mixin.py:120} INFO - [2024-07-26T04:13:14.637+0000] {dag.py:2585} INFO - Sync 1 DAGs
[2024-07-26T04:13:14.650+0000] {logging_mixin.py:120} INFO - [2024-07-26T04:13:14.650+0000] {dag.py:3340} INFO - Setting next_dagrun for example_task_group to 2024-07-25T04:13:14.650554+00:00, run_after=2024-07-26T04:13:14.650554+00:00
[2024-07-26T04:13:14.664+0000] {processor.py:176} INFO - Processing /home/airflow/.local/lib/python3.7/site-packages/airflow/example_dags/example_task_group.py took 0.081 seconds
[2024-07-26T04:14:05.482+0000] {processor.py:154} INFO - Started process (PID=6089) to work on /home/airflow/.local/lib/python3.7/site-packages/airflow/example_dags/example_task_group.py
[2024-07-26T04:14:05.484+0000] {processor.py:756} INFO - Processing file /home/airflow/.local/lib/python3.7/site-packages/airflow/example_dags/example_task_group.py for tasks to queue
[2024-07-26T04:14:05.488+0000] {logging_mixin.py:120} INFO - [2024-07-26T04:14:05.488+0000] {dagbag.py:537} INFO - Filling up the DagBag from /home/airflow/.local/lib/python3.7/site-packages/airflow/example_dags/example_task_group.py
[2024-07-26T04:14:05.497+0000] {processor.py:766} INFO - DAG(s) dict_keys(['example_task_group']) retrieved from /home/airflow/.local/lib/python3.7/site-packages/airflow/example_dags/example_task_group.py
[2024-07-26T04:14:05.526+0000] {logging_mixin.py:120} INFO - [2024-07-26T04:14:05.526+0000] {dag.py:2585} INFO - Sync 1 DAGs
[2024-07-26T04:14:05.545+0000] {logging_mixin.py:120} INFO - [2024-07-26T04:14:05.545+0000] {dag.py:3340} INFO - Setting next_dagrun for example_task_group to 2024-07-25T04:14:05.545488+00:00, run_after=2024-07-26T04:14:05.545488+00:00
[2024-07-26T04:14:05.561+0000] {processor.py:176} INFO - Processing /home/airflow/.local/lib/python3.7/site-packages/airflow/example_dags/example_task_group.py took 0.081 seconds
[2024-07-26T04:18:34.078+0000] {processor.py:154} INFO - Started process (PID=6153) to work on /home/airflow/.local/lib/python3.7/site-packages/airflow/example_dags/example_task_group.py
[2024-07-26T04:18:34.079+0000] {processor.py:756} INFO - Processing file /home/airflow/.local/lib/python3.7/site-packages/airflow/example_dags/example_task_group.py for tasks to queue
[2024-07-26T04:18:34.080+0000] {logging_mixin.py:120} INFO - [2024-07-26T04:18:34.079+0000] {dagbag.py:537} INFO - Filling up the DagBag from /home/airflow/.local/lib/python3.7/site-packages/airflow/example_dags/example_task_group.py
[2024-07-26T04:18:34.089+0000] {processor.py:766} INFO - DAG(s) dict_keys(['example_task_group']) retrieved from /home/airflow/.local/lib/python3.7/site-packages/airflow/example_dags/example_task_group.py
[2024-07-26T04:18:34.120+0000] {logging_mixin.py:120} INFO - [2024-07-26T04:18:34.119+0000] {dag.py:2585} INFO - Sync 1 DAGs
[2024-07-26T04:18:34.135+0000] {logging_mixin.py:120} INFO - [2024-07-26T04:18:34.135+0000] {dag.py:3340} INFO - Setting next_dagrun for example_task_group to 2024-07-25T04:18:34.135747+00:00, run_after=2024-07-26T04:18:34.135747+00:00
[2024-07-26T04:18:34.151+0000] {processor.py:176} INFO - Processing /home/airflow/.local/lib/python3.7/site-packages/airflow/example_dags/example_task_group.py took 0.075 seconds
[2024-07-26T04:19:16.302+0000] {processor.py:154} INFO - Started process (PID=6217) to work on /home/airflow/.local/lib/python3.7/site-packages/airflow/example_dags/example_task_group.py
[2024-07-26T04:19:16.305+0000] {processor.py:756} INFO - Processing file /home/airflow/.local/lib/python3.7/site-packages/airflow/example_dags/example_task_group.py for tasks to queue
[2024-07-26T04:19:16.306+0000] {logging_mixin.py:120} INFO - [2024-07-26T04:19:16.306+0000] {dagbag.py:537} INFO - Filling up the DagBag from /home/airflow/.local/lib/python3.7/site-packages/airflow/example_dags/example_task_group.py
[2024-07-26T04:19:16.316+0000] {processor.py:766} INFO - DAG(s) dict_keys(['example_task_group']) retrieved from /home/airflow/.local/lib/python3.7/site-packages/airflow/example_dags/example_task_group.py
[2024-07-26T04:19:16.339+0000] {logging_mixin.py:120} INFO - [2024-07-26T04:19:16.339+0000] {dag.py:2585} INFO - Sync 1 DAGs
[2024-07-26T04:19:16.356+0000] {logging_mixin.py:120} INFO - [2024-07-26T04:19:16.356+0000] {dag.py:3340} INFO - Setting next_dagrun for example_task_group to 2024-07-25T04:19:16.355925+00:00, run_after=2024-07-26T04:19:16.355925+00:00
[2024-07-26T04:19:16.377+0000] {processor.py:176} INFO - Processing /home/airflow/.local/lib/python3.7/site-packages/airflow/example_dags/example_task_group.py took 0.077 seconds
[2024-07-26T04:20:37.947+0000] {processor.py:154} INFO - Started process (PID=6272) to work on /home/airflow/.local/lib/python3.7/site-packages/airflow/example_dags/example_task_group.py
[2024-07-26T04:20:37.948+0000] {processor.py:756} INFO - Processing file /home/airflow/.local/lib/python3.7/site-packages/airflow/example_dags/example_task_group.py for tasks to queue
[2024-07-26T04:20:37.949+0000] {logging_mixin.py:120} INFO - [2024-07-26T04:20:37.949+0000] {dagbag.py:537} INFO - Filling up the DagBag from /home/airflow/.local/lib/python3.7/site-packages/airflow/example_dags/example_task_group.py
[2024-07-26T04:20:37.961+0000] {processor.py:766} INFO - DAG(s) dict_keys(['example_task_group']) retrieved from /home/airflow/.local/lib/python3.7/site-packages/airflow/example_dags/example_task_group.py
[2024-07-26T04:20:37.988+0000] {logging_mixin.py:120} INFO - [2024-07-26T04:20:37.987+0000] {dag.py:2585} INFO - Sync 1 DAGs
[2024-07-26T04:20:38.005+0000] {logging_mixin.py:120} INFO - [2024-07-26T04:20:38.005+0000] {dag.py:3340} INFO - Setting next_dagrun for example_task_group to 2024-07-25T04:20:38.005176+00:00, run_after=2024-07-26T04:20:38.005176+00:00
[2024-07-26T04:20:38.023+0000] {processor.py:176} INFO - Processing /home/airflow/.local/lib/python3.7/site-packages/airflow/example_dags/example_task_group.py took 0.077 seconds
[2024-07-26T04:21:41.874+0000] {processor.py:154} INFO - Started process (PID=6335) to work on /home/airflow/.local/lib/python3.7/site-packages/airflow/example_dags/example_task_group.py
[2024-07-26T04:21:41.875+0000] {processor.py:756} INFO - Processing file /home/airflow/.local/lib/python3.7/site-packages/airflow/example_dags/example_task_group.py for tasks to queue
[2024-07-26T04:21:41.875+0000] {logging_mixin.py:120} INFO - [2024-07-26T04:21:41.875+0000] {dagbag.py:537} INFO - Filling up the DagBag from /home/airflow/.local/lib/python3.7/site-packages/airflow/example_dags/example_task_group.py
[2024-07-26T04:21:41.887+0000] {processor.py:766} INFO - DAG(s) dict_keys(['example_task_group']) retrieved from /home/airflow/.local/lib/python3.7/site-packages/airflow/example_dags/example_task_group.py
[2024-07-26T04:21:41.910+0000] {logging_mixin.py:120} INFO - [2024-07-26T04:21:41.910+0000] {dag.py:2585} INFO - Sync 1 DAGs
[2024-07-26T04:21:41.927+0000] {logging_mixin.py:120} INFO - [2024-07-26T04:21:41.927+0000] {dag.py:3340} INFO - Setting next_dagrun for example_task_group to 2024-07-25T04:21:41.927259+00:00, run_after=2024-07-26T04:21:41.927259+00:00
[2024-07-26T04:21:41.942+0000] {processor.py:176} INFO - Processing /home/airflow/.local/lib/python3.7/site-packages/airflow/example_dags/example_task_group.py took 0.070 seconds
[2024-07-26T04:22:48.197+0000] {processor.py:154} INFO - Started process (PID=6399) to work on /home/airflow/.local/lib/python3.7/site-packages/airflow/example_dags/example_task_group.py
[2024-07-26T04:22:48.199+0000] {processor.py:756} INFO - Processing file /home/airflow/.local/lib/python3.7/site-packages/airflow/example_dags/example_task_group.py for tasks to queue
[2024-07-26T04:22:48.200+0000] {logging_mixin.py:120} INFO - [2024-07-26T04:22:48.200+0000] {dagbag.py:537} INFO - Filling up the DagBag from /home/airflow/.local/lib/python3.7/site-packages/airflow/example_dags/example_task_group.py
[2024-07-26T04:22:48.209+0000] {processor.py:766} INFO - DAG(s) dict_keys(['example_task_group']) retrieved from /home/airflow/.local/lib/python3.7/site-packages/airflow/example_dags/example_task_group.py
[2024-07-26T04:22:48.244+0000] {logging_mixin.py:120} INFO - [2024-07-26T04:22:48.243+0000] {dag.py:2585} INFO - Sync 1 DAGs
[2024-07-26T04:22:48.261+0000] {logging_mixin.py:120} INFO - [2024-07-26T04:22:48.261+0000] {dag.py:3340} INFO - Setting next_dagrun for example_task_group to 2024-07-25T04:22:48.261386+00:00, run_after=2024-07-26T04:22:48.261386+00:00
[2024-07-26T04:22:48.271+0000] {processor.py:176} INFO - Processing /home/airflow/.local/lib/python3.7/site-packages/airflow/example_dags/example_task_group.py took 0.076 seconds
[2024-07-26T04:34:01.242+0000] {processor.py:154} INFO - Started process (PID=6463) to work on /home/airflow/.local/lib/python3.7/site-packages/airflow/example_dags/example_task_group.py
[2024-07-26T04:34:01.246+0000] {processor.py:756} INFO - Processing file /home/airflow/.local/lib/python3.7/site-packages/airflow/example_dags/example_task_group.py for tasks to queue
[2024-07-26T04:34:01.247+0000] {logging_mixin.py:120} INFO - [2024-07-26T04:34:01.247+0000] {dagbag.py:537} INFO - Filling up the DagBag from /home/airflow/.local/lib/python3.7/site-packages/airflow/example_dags/example_task_group.py
[2024-07-26T04:34:01.258+0000] {processor.py:766} INFO - DAG(s) dict_keys(['example_task_group']) retrieved from /home/airflow/.local/lib/python3.7/site-packages/airflow/example_dags/example_task_group.py
[2024-07-26T04:34:01.288+0000] {logging_mixin.py:120} INFO - [2024-07-26T04:34:01.287+0000] {dag.py:2585} INFO - Sync 1 DAGs
[2024-07-26T04:34:01.309+0000] {logging_mixin.py:120} INFO - [2024-07-26T04:34:01.309+0000] {dag.py:3340} INFO - Setting next_dagrun for example_task_group to 2024-07-25T04:34:01.309080+00:00, run_after=2024-07-26T04:34:01.309080+00:00
[2024-07-26T04:34:01.334+0000] {processor.py:176} INFO - Processing /home/airflow/.local/lib/python3.7/site-packages/airflow/example_dags/example_task_group.py took 0.094 seconds
[2024-07-26T04:49:13.509+0000] {processor.py:154} INFO - Started process (PID=6527) to work on /home/airflow/.local/lib/python3.7/site-packages/airflow/example_dags/example_task_group.py
[2024-07-26T04:49:13.510+0000] {processor.py:756} INFO - Processing file /home/airflow/.local/lib/python3.7/site-packages/airflow/example_dags/example_task_group.py for tasks to queue
[2024-07-26T04:49:13.511+0000] {logging_mixin.py:120} INFO - [2024-07-26T04:49:13.511+0000] {dagbag.py:537} INFO - Filling up the DagBag from /home/airflow/.local/lib/python3.7/site-packages/airflow/example_dags/example_task_group.py
[2024-07-26T04:49:13.524+0000] {processor.py:766} INFO - DAG(s) dict_keys(['example_task_group']) retrieved from /home/airflow/.local/lib/python3.7/site-packages/airflow/example_dags/example_task_group.py
[2024-07-26T04:49:13.554+0000] {logging_mixin.py:120} INFO - [2024-07-26T04:49:13.554+0000] {dag.py:2585} INFO - Sync 1 DAGs
[2024-07-26T04:49:13.572+0000] {logging_mixin.py:120} INFO - [2024-07-26T04:49:13.572+0000] {dag.py:3340} INFO - Setting next_dagrun for example_task_group to 2024-07-25T04:49:13.572005+00:00, run_after=2024-07-26T04:49:13.572005+00:00
[2024-07-26T04:49:13.585+0000] {processor.py:176} INFO - Processing /home/airflow/.local/lib/python3.7/site-packages/airflow/example_dags/example_task_group.py took 0.077 seconds
[2024-07-26T04:53:38.315+0000] {processor.py:154} INFO - Started process (PID=6582) to work on /home/airflow/.local/lib/python3.7/site-packages/airflow/example_dags/example_task_group.py
[2024-07-26T04:53:38.316+0000] {processor.py:756} INFO - Processing file /home/airflow/.local/lib/python3.7/site-packages/airflow/example_dags/example_task_group.py for tasks to queue
[2024-07-26T04:53:38.316+0000] {logging_mixin.py:120} INFO - [2024-07-26T04:53:38.316+0000] {dagbag.py:537} INFO - Filling up the DagBag from /home/airflow/.local/lib/python3.7/site-packages/airflow/example_dags/example_task_group.py
[2024-07-26T04:53:38.327+0000] {processor.py:766} INFO - DAG(s) dict_keys(['example_task_group']) retrieved from /home/airflow/.local/lib/python3.7/site-packages/airflow/example_dags/example_task_group.py
[2024-07-26T04:53:38.353+0000] {logging_mixin.py:120} INFO - [2024-07-26T04:53:38.353+0000] {dag.py:2585} INFO - Sync 1 DAGs
[2024-07-26T04:53:38.372+0000] {logging_mixin.py:120} INFO - [2024-07-26T04:53:38.372+0000] {dag.py:3340} INFO - Setting next_dagrun for example_task_group to 2024-07-25T04:53:38.371881+00:00, run_after=2024-07-26T04:53:38.371881+00:00
[2024-07-26T04:53:38.388+0000] {processor.py:176} INFO - Processing /home/airflow/.local/lib/python3.7/site-packages/airflow/example_dags/example_task_group.py took 0.075 seconds
[2024-07-26T05:02:50.541+0000] {processor.py:154} INFO - Started process (PID=6646) to work on /home/airflow/.local/lib/python3.7/site-packages/airflow/example_dags/example_task_group.py
[2024-07-26T05:02:50.543+0000] {processor.py:756} INFO - Processing file /home/airflow/.local/lib/python3.7/site-packages/airflow/example_dags/example_task_group.py for tasks to queue
[2024-07-26T05:02:50.544+0000] {logging_mixin.py:120} INFO - [2024-07-26T05:02:50.544+0000] {dagbag.py:537} INFO - Filling up the DagBag from /home/airflow/.local/lib/python3.7/site-packages/airflow/example_dags/example_task_group.py
[2024-07-26T05:02:50.556+0000] {processor.py:766} INFO - DAG(s) dict_keys(['example_task_group']) retrieved from /home/airflow/.local/lib/python3.7/site-packages/airflow/example_dags/example_task_group.py
[2024-07-26T05:02:50.590+0000] {logging_mixin.py:120} INFO - [2024-07-26T05:02:50.590+0000] {dag.py:2585} INFO - Sync 1 DAGs
[2024-07-26T05:02:50.606+0000] {logging_mixin.py:120} INFO - [2024-07-26T05:02:50.606+0000] {dag.py:3340} INFO - Setting next_dagrun for example_task_group to 2024-07-25T05:02:50.605965+00:00, run_after=2024-07-26T05:02:50.605965+00:00
[2024-07-26T05:02:50.633+0000] {processor.py:176} INFO - Processing /home/airflow/.local/lib/python3.7/site-packages/airflow/example_dags/example_task_group.py took 0.094 seconds
[2024-07-26T05:15:52.817+0000] {processor.py:154} INFO - Started process (PID=6710) to work on /home/airflow/.local/lib/python3.7/site-packages/airflow/example_dags/example_task_group.py
[2024-07-26T05:15:52.818+0000] {processor.py:756} INFO - Processing file /home/airflow/.local/lib/python3.7/site-packages/airflow/example_dags/example_task_group.py for tasks to queue
[2024-07-26T05:15:52.818+0000] {logging_mixin.py:120} INFO - [2024-07-26T05:15:52.818+0000] {dagbag.py:537} INFO - Filling up the DagBag from /home/airflow/.local/lib/python3.7/site-packages/airflow/example_dags/example_task_group.py
[2024-07-26T05:15:52.829+0000] {processor.py:766} INFO - DAG(s) dict_keys(['example_task_group']) retrieved from /home/airflow/.local/lib/python3.7/site-packages/airflow/example_dags/example_task_group.py
[2024-07-26T05:15:52.862+0000] {logging_mixin.py:120} INFO - [2024-07-26T05:15:52.862+0000] {dag.py:2585} INFO - Sync 1 DAGs
[2024-07-26T05:15:52.879+0000] {logging_mixin.py:120} INFO - [2024-07-26T05:15:52.879+0000] {dag.py:3340} INFO - Setting next_dagrun for example_task_group to 2024-07-25T05:15:52.879500+00:00, run_after=2024-07-26T05:15:52.879500+00:00
[2024-07-26T05:15:52.896+0000] {processor.py:176} INFO - Processing /home/airflow/.local/lib/python3.7/site-packages/airflow/example_dags/example_task_group.py took 0.082 seconds
[2024-07-26T05:33:29.677+0000] {processor.py:154} INFO - Started process (PID=6774) to work on /home/airflow/.local/lib/python3.7/site-packages/airflow/example_dags/example_task_group.py
[2024-07-26T05:33:29.682+0000] {processor.py:756} INFO - Processing file /home/airflow/.local/lib/python3.7/site-packages/airflow/example_dags/example_task_group.py for tasks to queue
[2024-07-26T05:33:29.683+0000] {logging_mixin.py:120} INFO - [2024-07-26T05:33:29.683+0000] {dagbag.py:537} INFO - Filling up the DagBag from /home/airflow/.local/lib/python3.7/site-packages/airflow/example_dags/example_task_group.py
[2024-07-26T05:33:29.695+0000] {processor.py:766} INFO - DAG(s) dict_keys(['example_task_group']) retrieved from /home/airflow/.local/lib/python3.7/site-packages/airflow/example_dags/example_task_group.py
[2024-07-26T05:33:29.732+0000] {logging_mixin.py:120} INFO - [2024-07-26T05:33:29.731+0000] {dag.py:2585} INFO - Sync 1 DAGs
[2024-07-26T05:33:29.754+0000] {logging_mixin.py:120} INFO - [2024-07-26T05:33:29.754+0000] {dag.py:3340} INFO - Setting next_dagrun for example_task_group to 2024-07-25T05:33:29.754308+00:00, run_after=2024-07-26T05:33:29.754308+00:00
[2024-07-26T05:33:29.775+0000] {processor.py:176} INFO - Processing /home/airflow/.local/lib/python3.7/site-packages/airflow/example_dags/example_task_group.py took 0.100 seconds
[2024-07-26T06:09:37.029+0000] {processor.py:154} INFO - Started process (PID=6837) to work on /home/airflow/.local/lib/python3.7/site-packages/airflow/example_dags/example_task_group.py
[2024-07-26T06:09:37.031+0000] {processor.py:756} INFO - Processing file /home/airflow/.local/lib/python3.7/site-packages/airflow/example_dags/example_task_group.py for tasks to queue
[2024-07-26T06:09:37.033+0000] {logging_mixin.py:120} INFO - [2024-07-26T06:09:37.032+0000] {dagbag.py:537} INFO - Filling up the DagBag from /home/airflow/.local/lib/python3.7/site-packages/airflow/example_dags/example_task_group.py
[2024-07-26T06:09:37.044+0000] {processor.py:766} INFO - DAG(s) dict_keys(['example_task_group']) retrieved from /home/airflow/.local/lib/python3.7/site-packages/airflow/example_dags/example_task_group.py
[2024-07-26T06:09:37.080+0000] {logging_mixin.py:120} INFO - [2024-07-26T06:09:37.080+0000] {dag.py:2585} INFO - Sync 1 DAGs
[2024-07-26T06:09:37.100+0000] {logging_mixin.py:120} INFO - [2024-07-26T06:09:37.099+0000] {dag.py:3340} INFO - Setting next_dagrun for example_task_group to 2024-07-25T06:09:37.099812+00:00, run_after=2024-07-26T06:09:37.099812+00:00
[2024-07-26T06:09:37.130+0000] {processor.py:176} INFO - Processing /home/airflow/.local/lib/python3.7/site-packages/airflow/example_dags/example_task_group.py took 0.102 seconds
[2024-07-26T07:10:33.988+0000] {processor.py:154} INFO - Started process (PID=6892) to work on /home/airflow/.local/lib/python3.7/site-packages/airflow/example_dags/example_task_group.py
[2024-07-26T07:10:33.990+0000] {processor.py:756} INFO - Processing file /home/airflow/.local/lib/python3.7/site-packages/airflow/example_dags/example_task_group.py for tasks to queue
[2024-07-26T07:10:33.991+0000] {logging_mixin.py:120} INFO - [2024-07-26T07:10:33.991+0000] {dagbag.py:537} INFO - Filling up the DagBag from /home/airflow/.local/lib/python3.7/site-packages/airflow/example_dags/example_task_group.py
[2024-07-26T07:10:34.004+0000] {processor.py:766} INFO - DAG(s) dict_keys(['example_task_group']) retrieved from /home/airflow/.local/lib/python3.7/site-packages/airflow/example_dags/example_task_group.py
[2024-07-26T07:10:34.054+0000] {logging_mixin.py:120} INFO - [2024-07-26T07:10:34.053+0000] {dag.py:2585} INFO - Sync 1 DAGs
[2024-07-26T07:10:34.082+0000] {logging_mixin.py:120} INFO - [2024-07-26T07:10:34.082+0000] {dag.py:3340} INFO - Setting next_dagrun for example_task_group to 2024-07-25T07:10:34.082462+00:00, run_after=2024-07-26T07:10:34.082462+00:00
[2024-07-26T07:10:34.094+0000] {processor.py:176} INFO - Processing /home/airflow/.local/lib/python3.7/site-packages/airflow/example_dags/example_task_group.py took 0.108 seconds
[2024-07-26T08:11:48.308+0000] {processor.py:154} INFO - Started process (PID=6956) to work on /home/airflow/.local/lib/python3.7/site-packages/airflow/example_dags/example_task_group.py
[2024-07-26T08:11:48.312+0000] {processor.py:756} INFO - Processing file /home/airflow/.local/lib/python3.7/site-packages/airflow/example_dags/example_task_group.py for tasks to queue
[2024-07-26T08:11:48.312+0000] {logging_mixin.py:120} INFO - [2024-07-26T08:11:48.312+0000] {dagbag.py:537} INFO - Filling up the DagBag from /home/airflow/.local/lib/python3.7/site-packages/airflow/example_dags/example_task_group.py
[2024-07-26T08:11:48.323+0000] {processor.py:766} INFO - DAG(s) dict_keys(['example_task_group']) retrieved from /home/airflow/.local/lib/python3.7/site-packages/airflow/example_dags/example_task_group.py
[2024-07-26T08:11:48.353+0000] {logging_mixin.py:120} INFO - [2024-07-26T08:11:48.353+0000] {dag.py:2585} INFO - Sync 1 DAGs
[2024-07-26T08:11:48.377+0000] {logging_mixin.py:120} INFO - [2024-07-26T08:11:48.377+0000] {dag.py:3340} INFO - Setting next_dagrun for example_task_group to 2024-07-25T08:11:48.377224+00:00, run_after=2024-07-26T08:11:48.377224+00:00
[2024-07-26T08:11:48.398+0000] {processor.py:176} INFO - Processing /home/airflow/.local/lib/python3.7/site-packages/airflow/example_dags/example_task_group.py took 0.093 seconds
[2024-07-26T08:36:12.146+0000] {processor.py:154} INFO - Started process (PID=7020) to work on /home/airflow/.local/lib/python3.7/site-packages/airflow/example_dags/example_task_group.py
[2024-07-26T08:36:12.148+0000] {processor.py:756} INFO - Processing file /home/airflow/.local/lib/python3.7/site-packages/airflow/example_dags/example_task_group.py for tasks to queue
[2024-07-26T08:36:12.148+0000] {logging_mixin.py:120} INFO - [2024-07-26T08:36:12.148+0000] {dagbag.py:537} INFO - Filling up the DagBag from /home/airflow/.local/lib/python3.7/site-packages/airflow/example_dags/example_task_group.py
[2024-07-26T08:36:12.161+0000] {processor.py:766} INFO - DAG(s) dict_keys(['example_task_group']) retrieved from /home/airflow/.local/lib/python3.7/site-packages/airflow/example_dags/example_task_group.py
[2024-07-26T08:36:12.198+0000] {logging_mixin.py:120} INFO - [2024-07-26T08:36:12.198+0000] {dag.py:2585} INFO - Sync 1 DAGs
[2024-07-26T08:36:12.217+0000] {logging_mixin.py:120} INFO - [2024-07-26T08:36:12.216+0000] {dag.py:3340} INFO - Setting next_dagrun for example_task_group to 2024-07-25T08:36:12.216808+00:00, run_after=2024-07-26T08:36:12.216808+00:00
[2024-07-26T08:36:12.227+0000] {processor.py:176} INFO - Processing /home/airflow/.local/lib/python3.7/site-packages/airflow/example_dags/example_task_group.py took 0.083 seconds
[2024-07-26T09:29:26.785+0000] {processor.py:154} INFO - Started process (PID=7084) to work on /home/airflow/.local/lib/python3.7/site-packages/airflow/example_dags/example_task_group.py
[2024-07-26T09:29:26.789+0000] {processor.py:756} INFO - Processing file /home/airflow/.local/lib/python3.7/site-packages/airflow/example_dags/example_task_group.py for tasks to queue
[2024-07-26T09:29:26.790+0000] {logging_mixin.py:120} INFO - [2024-07-26T09:29:26.790+0000] {dagbag.py:537} INFO - Filling up the DagBag from /home/airflow/.local/lib/python3.7/site-packages/airflow/example_dags/example_task_group.py
[2024-07-26T09:29:26.811+0000] {processor.py:766} INFO - DAG(s) dict_keys(['example_task_group']) retrieved from /home/airflow/.local/lib/python3.7/site-packages/airflow/example_dags/example_task_group.py
[2024-07-26T09:29:26.861+0000] {logging_mixin.py:120} INFO - [2024-07-26T09:29:26.861+0000] {dag.py:2585} INFO - Sync 1 DAGs
[2024-07-26T09:29:26.887+0000] {logging_mixin.py:120} INFO - [2024-07-26T09:29:26.887+0000] {dag.py:3340} INFO - Setting next_dagrun for example_task_group to 2024-07-25T09:29:26.887288+00:00, run_after=2024-07-26T09:29:26.887288+00:00
[2024-07-26T09:29:26.911+0000] {processor.py:176} INFO - Processing /home/airflow/.local/lib/python3.7/site-packages/airflow/example_dags/example_task_group.py took 0.128 seconds
[2024-07-26T10:30:31.231+0000] {processor.py:154} INFO - Started process (PID=7139) to work on /home/airflow/.local/lib/python3.7/site-packages/airflow/example_dags/example_task_group.py
[2024-07-26T10:30:31.232+0000] {processor.py:756} INFO - Processing file /home/airflow/.local/lib/python3.7/site-packages/airflow/example_dags/example_task_group.py for tasks to queue
[2024-07-26T10:30:31.233+0000] {logging_mixin.py:120} INFO - [2024-07-26T10:30:31.233+0000] {dagbag.py:537} INFO - Filling up the DagBag from /home/airflow/.local/lib/python3.7/site-packages/airflow/example_dags/example_task_group.py
[2024-07-26T10:30:31.248+0000] {processor.py:766} INFO - DAG(s) dict_keys(['example_task_group']) retrieved from /home/airflow/.local/lib/python3.7/site-packages/airflow/example_dags/example_task_group.py
[2024-07-26T10:30:31.299+0000] {logging_mixin.py:120} INFO - [2024-07-26T10:30:31.299+0000] {dag.py:2585} INFO - Sync 1 DAGs
[2024-07-26T10:30:31.334+0000] {logging_mixin.py:120} INFO - [2024-07-26T10:30:31.334+0000] {dag.py:3340} INFO - Setting next_dagrun for example_task_group to 2024-07-25T10:30:31.333868+00:00, run_after=2024-07-26T10:30:31.333868+00:00
[2024-07-26T10:30:31.375+0000] {processor.py:176} INFO - Processing /home/airflow/.local/lib/python3.7/site-packages/airflow/example_dags/example_task_group.py took 0.146 seconds
[2024-07-26T10:39:57.103+0000] {processor.py:154} INFO - Started process (PID=7203) to work on /home/airflow/.local/lib/python3.7/site-packages/airflow/example_dags/example_task_group.py
[2024-07-26T10:39:57.104+0000] {processor.py:756} INFO - Processing file /home/airflow/.local/lib/python3.7/site-packages/airflow/example_dags/example_task_group.py for tasks to queue
[2024-07-26T10:39:57.107+0000] {logging_mixin.py:120} INFO - [2024-07-26T10:39:57.107+0000] {dagbag.py:537} INFO - Filling up the DagBag from /home/airflow/.local/lib/python3.7/site-packages/airflow/example_dags/example_task_group.py
[2024-07-26T10:39:57.123+0000] {processor.py:766} INFO - DAG(s) dict_keys(['example_task_group']) retrieved from /home/airflow/.local/lib/python3.7/site-packages/airflow/example_dags/example_task_group.py
[2024-07-26T10:39:57.149+0000] {logging_mixin.py:120} INFO - [2024-07-26T10:39:57.149+0000] {dag.py:2585} INFO - Sync 1 DAGs
[2024-07-26T10:39:57.164+0000] {logging_mixin.py:120} INFO - [2024-07-26T10:39:57.164+0000] {dag.py:3340} INFO - Setting next_dagrun for example_task_group to 2024-07-25T10:39:57.164110+00:00, run_after=2024-07-26T10:39:57.164110+00:00
[2024-07-26T10:39:57.178+0000] {processor.py:176} INFO - Processing /home/airflow/.local/lib/python3.7/site-packages/airflow/example_dags/example_task_group.py took 0.078 seconds
[2024-07-26T11:48:31.200+0000] {processor.py:154} INFO - Started process (PID=7267) to work on /home/airflow/.local/lib/python3.7/site-packages/airflow/example_dags/example_task_group.py
[2024-07-26T11:48:31.201+0000] {processor.py:756} INFO - Processing file /home/airflow/.local/lib/python3.7/site-packages/airflow/example_dags/example_task_group.py for tasks to queue
[2024-07-26T11:48:31.202+0000] {logging_mixin.py:120} INFO - [2024-07-26T11:48:31.202+0000] {dagbag.py:537} INFO - Filling up the DagBag from /home/airflow/.local/lib/python3.7/site-packages/airflow/example_dags/example_task_group.py
[2024-07-26T11:48:31.215+0000] {processor.py:766} INFO - DAG(s) dict_keys(['example_task_group']) retrieved from /home/airflow/.local/lib/python3.7/site-packages/airflow/example_dags/example_task_group.py
[2024-07-26T11:48:31.243+0000] {logging_mixin.py:120} INFO - [2024-07-26T11:48:31.243+0000] {dag.py:2585} INFO - Sync 1 DAGs
[2024-07-26T11:48:31.267+0000] {logging_mixin.py:120} INFO - [2024-07-26T11:48:31.267+0000] {dag.py:3340} INFO - Setting next_dagrun for example_task_group to 2024-07-25T11:48:31.267484+00:00, run_after=2024-07-26T11:48:31.267484+00:00
[2024-07-26T11:48:31.285+0000] {processor.py:176} INFO - Processing /home/airflow/.local/lib/python3.7/site-packages/airflow/example_dags/example_task_group.py took 0.087 seconds
[2024-07-26T12:13:06.497+0000] {processor.py:154} INFO - Started process (PID=7331) to work on /home/airflow/.local/lib/python3.7/site-packages/airflow/example_dags/example_task_group.py
[2024-07-26T12:13:06.499+0000] {processor.py:756} INFO - Processing file /home/airflow/.local/lib/python3.7/site-packages/airflow/example_dags/example_task_group.py for tasks to queue
[2024-07-26T12:13:06.501+0000] {logging_mixin.py:120} INFO - [2024-07-26T12:13:06.501+0000] {dagbag.py:537} INFO - Filling up the DagBag from /home/airflow/.local/lib/python3.7/site-packages/airflow/example_dags/example_task_group.py
[2024-07-26T12:13:06.513+0000] {processor.py:766} INFO - DAG(s) dict_keys(['example_task_group']) retrieved from /home/airflow/.local/lib/python3.7/site-packages/airflow/example_dags/example_task_group.py
[2024-07-26T12:13:06.548+0000] {logging_mixin.py:120} INFO - [2024-07-26T12:13:06.548+0000] {dag.py:2585} INFO - Sync 1 DAGs
[2024-07-26T12:13:06.566+0000] {logging_mixin.py:120} INFO - [2024-07-26T12:13:06.565+0000] {dag.py:3340} INFO - Setting next_dagrun for example_task_group to 2024-07-25T12:13:06.565813+00:00, run_after=2024-07-26T12:13:06.565813+00:00
[2024-07-26T12:13:06.600+0000] {processor.py:176} INFO - Processing /home/airflow/.local/lib/python3.7/site-packages/airflow/example_dags/example_task_group.py took 0.106 seconds
[2024-07-26T12:19:26.564+0000] {processor.py:154} INFO - Started process (PID=7386) to work on /home/airflow/.local/lib/python3.7/site-packages/airflow/example_dags/example_task_group.py
[2024-07-26T12:19:26.566+0000] {processor.py:756} INFO - Processing file /home/airflow/.local/lib/python3.7/site-packages/airflow/example_dags/example_task_group.py for tasks to queue
[2024-07-26T12:19:26.567+0000] {logging_mixin.py:120} INFO - [2024-07-26T12:19:26.567+0000] {dagbag.py:537} INFO - Filling up the DagBag from /home/airflow/.local/lib/python3.7/site-packages/airflow/example_dags/example_task_group.py
[2024-07-26T12:19:26.576+0000] {processor.py:766} INFO - DAG(s) dict_keys(['example_task_group']) retrieved from /home/airflow/.local/lib/python3.7/site-packages/airflow/example_dags/example_task_group.py
[2024-07-26T12:19:26.604+0000] {logging_mixin.py:120} INFO - [2024-07-26T12:19:26.604+0000] {dag.py:2585} INFO - Sync 1 DAGs
[2024-07-26T12:19:26.620+0000] {logging_mixin.py:120} INFO - [2024-07-26T12:19:26.620+0000] {dag.py:3340} INFO - Setting next_dagrun for example_task_group to 2024-07-25T12:19:26.620096+00:00, run_after=2024-07-26T12:19:26.620096+00:00
[2024-07-26T12:19:26.654+0000] {processor.py:176} INFO - Processing /home/airflow/.local/lib/python3.7/site-packages/airflow/example_dags/example_task_group.py took 0.092 seconds
[2024-07-26T13:00:09.157+0000] {processor.py:154} INFO - Started process (PID=7449) to work on /home/airflow/.local/lib/python3.7/site-packages/airflow/example_dags/example_task_group.py
[2024-07-26T13:00:09.158+0000] {processor.py:756} INFO - Processing file /home/airflow/.local/lib/python3.7/site-packages/airflow/example_dags/example_task_group.py for tasks to queue
[2024-07-26T13:00:09.159+0000] {logging_mixin.py:120} INFO - [2024-07-26T13:00:09.159+0000] {dagbag.py:537} INFO - Filling up the DagBag from /home/airflow/.local/lib/python3.7/site-packages/airflow/example_dags/example_task_group.py
[2024-07-26T13:00:09.174+0000] {processor.py:766} INFO - DAG(s) dict_keys(['example_task_group']) retrieved from /home/airflow/.local/lib/python3.7/site-packages/airflow/example_dags/example_task_group.py
[2024-07-26T13:00:09.198+0000] {logging_mixin.py:120} INFO - [2024-07-26T13:00:09.198+0000] {dag.py:2585} INFO - Sync 1 DAGs
[2024-07-26T13:00:09.216+0000] {logging_mixin.py:120} INFO - [2024-07-26T13:00:09.216+0000] {dag.py:3340} INFO - Setting next_dagrun for example_task_group to 2024-07-25T13:00:09.216300+00:00, run_after=2024-07-26T13:00:09.216300+00:00
[2024-07-26T13:00:09.238+0000] {processor.py:176} INFO - Processing /home/airflow/.local/lib/python3.7/site-packages/airflow/example_dags/example_task_group.py took 0.084 seconds
[2024-07-26T13:12:28.326+0000] {processor.py:154} INFO - Started process (PID=7513) to work on /home/airflow/.local/lib/python3.7/site-packages/airflow/example_dags/example_task_group.py
[2024-07-26T13:12:28.328+0000] {processor.py:756} INFO - Processing file /home/airflow/.local/lib/python3.7/site-packages/airflow/example_dags/example_task_group.py for tasks to queue
[2024-07-26T13:12:28.331+0000] {logging_mixin.py:120} INFO - [2024-07-26T13:12:28.331+0000] {dagbag.py:537} INFO - Filling up the DagBag from /home/airflow/.local/lib/python3.7/site-packages/airflow/example_dags/example_task_group.py
[2024-07-26T13:12:28.341+0000] {processor.py:766} INFO - DAG(s) dict_keys(['example_task_group']) retrieved from /home/airflow/.local/lib/python3.7/site-packages/airflow/example_dags/example_task_group.py
[2024-07-26T13:12:28.378+0000] {logging_mixin.py:120} INFO - [2024-07-26T13:12:28.378+0000] {dag.py:2585} INFO - Sync 1 DAGs
[2024-07-26T13:12:28.404+0000] {logging_mixin.py:120} INFO - [2024-07-26T13:12:28.404+0000] {dag.py:3340} INFO - Setting next_dagrun for example_task_group to 2024-07-25T13:12:28.404250+00:00, run_after=2024-07-26T13:12:28.404250+00:00
[2024-07-26T13:12:28.420+0000] {processor.py:176} INFO - Processing /home/airflow/.local/lib/python3.7/site-packages/airflow/example_dags/example_task_group.py took 0.096 seconds
[2024-07-26T13:43:22.570+0000] {processor.py:154} INFO - Started process (PID=7577) to work on /home/airflow/.local/lib/python3.7/site-packages/airflow/example_dags/example_task_group.py
[2024-07-26T13:43:22.571+0000] {processor.py:756} INFO - Processing file /home/airflow/.local/lib/python3.7/site-packages/airflow/example_dags/example_task_group.py for tasks to queue
[2024-07-26T13:43:22.573+0000] {logging_mixin.py:120} INFO - [2024-07-26T13:43:22.573+0000] {dagbag.py:537} INFO - Filling up the DagBag from /home/airflow/.local/lib/python3.7/site-packages/airflow/example_dags/example_task_group.py
[2024-07-26T13:43:22.582+0000] {processor.py:766} INFO - DAG(s) dict_keys(['example_task_group']) retrieved from /home/airflow/.local/lib/python3.7/site-packages/airflow/example_dags/example_task_group.py
[2024-07-26T13:43:22.613+0000] {logging_mixin.py:120} INFO - [2024-07-26T13:43:22.613+0000] {dag.py:2585} INFO - Sync 1 DAGs
[2024-07-26T13:43:22.645+0000] {logging_mixin.py:120} INFO - [2024-07-26T13:43:22.645+0000] {dag.py:3340} INFO - Setting next_dagrun for example_task_group to 2024-07-25T13:43:22.645581+00:00, run_after=2024-07-26T13:43:22.645581+00:00
[2024-07-26T13:43:22.666+0000] {processor.py:176} INFO - Processing /home/airflow/.local/lib/python3.7/site-packages/airflow/example_dags/example_task_group.py took 0.100 seconds
[2024-07-26T13:46:54.457+0000] {processor.py:154} INFO - Started process (PID=7641) to work on /home/airflow/.local/lib/python3.7/site-packages/airflow/example_dags/example_task_group.py
[2024-07-26T13:46:54.460+0000] {processor.py:756} INFO - Processing file /home/airflow/.local/lib/python3.7/site-packages/airflow/example_dags/example_task_group.py for tasks to queue
[2024-07-26T13:46:54.461+0000] {logging_mixin.py:120} INFO - [2024-07-26T13:46:54.460+0000] {dagbag.py:537} INFO - Filling up the DagBag from /home/airflow/.local/lib/python3.7/site-packages/airflow/example_dags/example_task_group.py
[2024-07-26T13:46:54.469+0000] {processor.py:766} INFO - DAG(s) dict_keys(['example_task_group']) retrieved from /home/airflow/.local/lib/python3.7/site-packages/airflow/example_dags/example_task_group.py
[2024-07-26T13:46:54.501+0000] {logging_mixin.py:120} INFO - [2024-07-26T13:46:54.501+0000] {dag.py:2585} INFO - Sync 1 DAGs
[2024-07-26T13:46:54.517+0000] {logging_mixin.py:120} INFO - [2024-07-26T13:46:54.517+0000] {dag.py:3340} INFO - Setting next_dagrun for example_task_group to 2024-07-25T13:46:54.517477+00:00, run_after=2024-07-26T13:46:54.517477+00:00
[2024-07-26T13:46:54.549+0000] {processor.py:176} INFO - Processing /home/airflow/.local/lib/python3.7/site-packages/airflow/example_dags/example_task_group.py took 0.095 seconds
[2024-07-26T13:52:24.036+0000] {processor.py:154} INFO - Started process (PID=7696) to work on /home/airflow/.local/lib/python3.7/site-packages/airflow/example_dags/example_task_group.py
[2024-07-26T13:52:24.038+0000] {processor.py:756} INFO - Processing file /home/airflow/.local/lib/python3.7/site-packages/airflow/example_dags/example_task_group.py for tasks to queue
[2024-07-26T13:52:24.039+0000] {logging_mixin.py:120} INFO - [2024-07-26T13:52:24.039+0000] {dagbag.py:537} INFO - Filling up the DagBag from /home/airflow/.local/lib/python3.7/site-packages/airflow/example_dags/example_task_group.py
[2024-07-26T13:52:24.055+0000] {processor.py:766} INFO - DAG(s) dict_keys(['example_task_group']) retrieved from /home/airflow/.local/lib/python3.7/site-packages/airflow/example_dags/example_task_group.py
[2024-07-26T13:52:24.109+0000] {logging_mixin.py:120} INFO - [2024-07-26T13:52:24.109+0000] {dag.py:2585} INFO - Sync 1 DAGs
[2024-07-26T13:52:24.134+0000] {logging_mixin.py:120} INFO - [2024-07-26T13:52:24.134+0000] {dag.py:3340} INFO - Setting next_dagrun for example_task_group to 2024-07-25T13:52:24.133877+00:00, run_after=2024-07-26T13:52:24.133877+00:00
[2024-07-26T13:52:24.160+0000] {processor.py:176} INFO - Processing /home/airflow/.local/lib/python3.7/site-packages/airflow/example_dags/example_task_group.py took 0.126 seconds
[2024-07-26T13:54:21.587+0000] {processor.py:154} INFO - Started process (PID=7760) to work on /home/airflow/.local/lib/python3.7/site-packages/airflow/example_dags/example_task_group.py
[2024-07-26T13:54:21.589+0000] {processor.py:756} INFO - Processing file /home/airflow/.local/lib/python3.7/site-packages/airflow/example_dags/example_task_group.py for tasks to queue
[2024-07-26T13:54:21.589+0000] {logging_mixin.py:120} INFO - [2024-07-26T13:54:21.589+0000] {dagbag.py:537} INFO - Filling up the DagBag from /home/airflow/.local/lib/python3.7/site-packages/airflow/example_dags/example_task_group.py
[2024-07-26T13:54:21.598+0000] {processor.py:766} INFO - DAG(s) dict_keys(['example_task_group']) retrieved from /home/airflow/.local/lib/python3.7/site-packages/airflow/example_dags/example_task_group.py
[2024-07-26T13:54:21.625+0000] {logging_mixin.py:120} INFO - [2024-07-26T13:54:21.625+0000] {dag.py:2585} INFO - Sync 1 DAGs
[2024-07-26T13:54:21.646+0000] {logging_mixin.py:120} INFO - [2024-07-26T13:54:21.646+0000] {dag.py:3340} INFO - Setting next_dagrun for example_task_group to 2024-07-25T13:54:21.646239+00:00, run_after=2024-07-26T13:54:21.646239+00:00
[2024-07-26T13:54:21.663+0000] {processor.py:176} INFO - Processing /home/airflow/.local/lib/python3.7/site-packages/airflow/example_dags/example_task_group.py took 0.077 seconds
[2024-07-26T13:55:29.713+0000] {processor.py:154} INFO - Started process (PID=7824) to work on /home/airflow/.local/lib/python3.7/site-packages/airflow/example_dags/example_task_group.py
[2024-07-26T13:55:29.713+0000] {processor.py:756} INFO - Processing file /home/airflow/.local/lib/python3.7/site-packages/airflow/example_dags/example_task_group.py for tasks to queue
[2024-07-26T13:55:29.714+0000] {logging_mixin.py:120} INFO - [2024-07-26T13:55:29.714+0000] {dagbag.py:537} INFO - Filling up the DagBag from /home/airflow/.local/lib/python3.7/site-packages/airflow/example_dags/example_task_group.py
[2024-07-26T13:55:29.723+0000] {processor.py:766} INFO - DAG(s) dict_keys(['example_task_group']) retrieved from /home/airflow/.local/lib/python3.7/site-packages/airflow/example_dags/example_task_group.py
[2024-07-26T13:55:29.752+0000] {logging_mixin.py:120} INFO - [2024-07-26T13:55:29.752+0000] {dag.py:2585} INFO - Sync 1 DAGs
[2024-07-26T13:55:29.766+0000] {logging_mixin.py:120} INFO - [2024-07-26T13:55:29.766+0000] {dag.py:3340} INFO - Setting next_dagrun for example_task_group to 2024-07-25T13:55:29.766234+00:00, run_after=2024-07-26T13:55:29.766234+00:00
[2024-07-26T13:55:29.775+0000] {processor.py:176} INFO - Processing /home/airflow/.local/lib/python3.7/site-packages/airflow/example_dags/example_task_group.py took 0.064 seconds
[2024-07-26T14:05:32.619+0000] {processor.py:154} INFO - Started process (PID=7888) to work on /home/airflow/.local/lib/python3.7/site-packages/airflow/example_dags/example_task_group.py
[2024-07-26T14:05:32.619+0000] {processor.py:756} INFO - Processing file /home/airflow/.local/lib/python3.7/site-packages/airflow/example_dags/example_task_group.py for tasks to queue
[2024-07-26T14:05:32.620+0000] {logging_mixin.py:120} INFO - [2024-07-26T14:05:32.620+0000] {dagbag.py:537} INFO - Filling up the DagBag from /home/airflow/.local/lib/python3.7/site-packages/airflow/example_dags/example_task_group.py
[2024-07-26T14:05:32.630+0000] {processor.py:766} INFO - DAG(s) dict_keys(['example_task_group']) retrieved from /home/airflow/.local/lib/python3.7/site-packages/airflow/example_dags/example_task_group.py
[2024-07-26T14:05:32.693+0000] {logging_mixin.py:120} INFO - [2024-07-26T14:05:32.692+0000] {dag.py:2585} INFO - Sync 1 DAGs
[2024-07-26T14:05:32.775+0000] {logging_mixin.py:120} INFO - [2024-07-26T14:05:32.775+0000] {dag.py:3340} INFO - Setting next_dagrun for example_task_group to 2024-07-25T14:05:32.775053+00:00, run_after=2024-07-26T14:05:32.775053+00:00
[2024-07-26T14:05:32.816+0000] {processor.py:176} INFO - Processing /home/airflow/.local/lib/python3.7/site-packages/airflow/example_dags/example_task_group.py took 0.200 seconds
[2024-07-26T14:06:20.622+0000] {processor.py:154} INFO - Started process (PID=7951) to work on /home/airflow/.local/lib/python3.7/site-packages/airflow/example_dags/example_task_group.py
[2024-07-26T14:06:20.623+0000] {processor.py:756} INFO - Processing file /home/airflow/.local/lib/python3.7/site-packages/airflow/example_dags/example_task_group.py for tasks to queue
[2024-07-26T14:06:20.623+0000] {logging_mixin.py:120} INFO - [2024-07-26T14:06:20.623+0000] {dagbag.py:537} INFO - Filling up the DagBag from /home/airflow/.local/lib/python3.7/site-packages/airflow/example_dags/example_task_group.py
[2024-07-26T14:06:20.634+0000] {processor.py:766} INFO - DAG(s) dict_keys(['example_task_group']) retrieved from /home/airflow/.local/lib/python3.7/site-packages/airflow/example_dags/example_task_group.py
[2024-07-26T14:06:20.659+0000] {logging_mixin.py:120} INFO - [2024-07-26T14:06:20.658+0000] {dag.py:2585} INFO - Sync 1 DAGs
[2024-07-26T14:06:20.674+0000] {logging_mixin.py:120} INFO - [2024-07-26T14:06:20.674+0000] {dag.py:3340} INFO - Setting next_dagrun for example_task_group to 2024-07-25T14:06:20.674179+00:00, run_after=2024-07-26T14:06:20.674179+00:00
[2024-07-26T14:06:20.685+0000] {processor.py:176} INFO - Processing /home/airflow/.local/lib/python3.7/site-packages/airflow/example_dags/example_task_group.py took 0.065 seconds
