[2024-07-26T00:02:54.836+0000] {processor.py:154} INFO - Started process (PID=4797) to work on /home/airflow/.local/lib/python3.7/site-packages/airflow/example_dags/example_kubernetes_executor.py
[2024-07-26T00:02:54.838+0000] {processor.py:756} INFO - Processing file /home/airflow/.local/lib/python3.7/site-packages/airflow/example_dags/example_kubernetes_executor.py for tasks to queue
[2024-07-26T00:02:54.838+0000] {logging_mixin.py:120} INFO - [2024-07-26T00:02:54.838+0000] {dagbag.py:537} INFO - Filling up the DagBag from /home/airflow/.local/lib/python3.7/site-packages/airflow/example_dags/example_kubernetes_executor.py
[2024-07-26T00:02:54.855+0000] {processor.py:766} INFO - DAG(s) dict_keys(['example_kubernetes_executor']) retrieved from /home/airflow/.local/lib/python3.7/site-packages/airflow/example_dags/example_kubernetes_executor.py
[2024-07-26T00:02:54.889+0000] {logging_mixin.py:120} INFO - [2024-07-26T00:02:54.889+0000] {dag.py:2585} INFO - Sync 1 DAGs
[2024-07-26T00:02:54.905+0000] {logging_mixin.py:120} INFO - [2024-07-26T00:02:54.905+0000] {dag.py:3340} INFO - Setting next_dagrun for example_kubernetes_executor to None, run_after=None
[2024-07-26T00:02:54.925+0000] {processor.py:176} INFO - Processing /home/airflow/.local/lib/python3.7/site-packages/airflow/example_dags/example_kubernetes_executor.py took 0.091 seconds
[2024-07-26T00:16:07.449+0000] {processor.py:154} INFO - Started process (PID=4852) to work on /home/airflow/.local/lib/python3.7/site-packages/airflow/example_dags/example_kubernetes_executor.py
[2024-07-26T00:16:07.450+0000] {processor.py:756} INFO - Processing file /home/airflow/.local/lib/python3.7/site-packages/airflow/example_dags/example_kubernetes_executor.py for tasks to queue
[2024-07-26T00:16:07.451+0000] {logging_mixin.py:120} INFO - [2024-07-26T00:16:07.451+0000] {dagbag.py:537} INFO - Filling up the DagBag from /home/airflow/.local/lib/python3.7/site-packages/airflow/example_dags/example_kubernetes_executor.py
[2024-07-26T00:16:07.473+0000] {processor.py:766} INFO - DAG(s) dict_keys(['example_kubernetes_executor']) retrieved from /home/airflow/.local/lib/python3.7/site-packages/airflow/example_dags/example_kubernetes_executor.py
[2024-07-26T00:16:07.530+0000] {logging_mixin.py:120} INFO - [2024-07-26T00:16:07.530+0000] {dag.py:2585} INFO - Sync 1 DAGs
[2024-07-26T00:16:07.553+0000] {logging_mixin.py:120} INFO - [2024-07-26T00:16:07.553+0000] {dag.py:3340} INFO - Setting next_dagrun for example_kubernetes_executor to None, run_after=None
[2024-07-26T00:16:07.573+0000] {processor.py:176} INFO - Processing /home/airflow/.local/lib/python3.7/site-packages/airflow/example_dags/example_kubernetes_executor.py took 0.127 seconds
[2024-07-26T00:40:53.351+0000] {processor.py:154} INFO - Started process (PID=4916) to work on /home/airflow/.local/lib/python3.7/site-packages/airflow/example_dags/example_kubernetes_executor.py
[2024-07-26T00:40:53.352+0000] {processor.py:756} INFO - Processing file /home/airflow/.local/lib/python3.7/site-packages/airflow/example_dags/example_kubernetes_executor.py for tasks to queue
[2024-07-26T00:40:53.353+0000] {logging_mixin.py:120} INFO - [2024-07-26T00:40:53.353+0000] {dagbag.py:537} INFO - Filling up the DagBag from /home/airflow/.local/lib/python3.7/site-packages/airflow/example_dags/example_kubernetes_executor.py
[2024-07-26T00:40:53.377+0000] {processor.py:766} INFO - DAG(s) dict_keys(['example_kubernetes_executor']) retrieved from /home/airflow/.local/lib/python3.7/site-packages/airflow/example_dags/example_kubernetes_executor.py
[2024-07-26T00:40:53.413+0000] {logging_mixin.py:120} INFO - [2024-07-26T00:40:53.413+0000] {dag.py:2585} INFO - Sync 1 DAGs
[2024-07-26T00:40:53.438+0000] {logging_mixin.py:120} INFO - [2024-07-26T00:40:53.438+0000] {dag.py:3340} INFO - Setting next_dagrun for example_kubernetes_executor to None, run_after=None
[2024-07-26T00:40:53.457+0000] {processor.py:176} INFO - Processing /home/airflow/.local/lib/python3.7/site-packages/airflow/example_dags/example_kubernetes_executor.py took 0.108 seconds
[2024-07-26T01:30:33.961+0000] {processor.py:154} INFO - Started process (PID=4980) to work on /home/airflow/.local/lib/python3.7/site-packages/airflow/example_dags/example_kubernetes_executor.py
[2024-07-26T01:30:33.963+0000] {processor.py:756} INFO - Processing file /home/airflow/.local/lib/python3.7/site-packages/airflow/example_dags/example_kubernetes_executor.py for tasks to queue
[2024-07-26T01:30:33.964+0000] {logging_mixin.py:120} INFO - [2024-07-26T01:30:33.963+0000] {dagbag.py:537} INFO - Filling up the DagBag from /home/airflow/.local/lib/python3.7/site-packages/airflow/example_dags/example_kubernetes_executor.py
[2024-07-26T01:30:33.987+0000] {processor.py:766} INFO - DAG(s) dict_keys(['example_kubernetes_executor']) retrieved from /home/airflow/.local/lib/python3.7/site-packages/airflow/example_dags/example_kubernetes_executor.py
[2024-07-26T01:30:34.021+0000] {logging_mixin.py:120} INFO - [2024-07-26T01:30:34.021+0000] {dag.py:2585} INFO - Sync 1 DAGs
[2024-07-26T01:30:34.048+0000] {logging_mixin.py:120} INFO - [2024-07-26T01:30:34.048+0000] {dag.py:3340} INFO - Setting next_dagrun for example_kubernetes_executor to None, run_after=None
[2024-07-26T01:30:34.067+0000] {processor.py:176} INFO - Processing /home/airflow/.local/lib/python3.7/site-packages/airflow/example_dags/example_kubernetes_executor.py took 0.108 seconds
[2024-07-26T02:00:30.403+0000] {processor.py:154} INFO - Started process (PID=5044) to work on /home/airflow/.local/lib/python3.7/site-packages/airflow/example_dags/example_kubernetes_executor.py
[2024-07-26T02:00:30.404+0000] {processor.py:756} INFO - Processing file /home/airflow/.local/lib/python3.7/site-packages/airflow/example_dags/example_kubernetes_executor.py for tasks to queue
[2024-07-26T02:00:30.404+0000] {logging_mixin.py:120} INFO - [2024-07-26T02:00:30.404+0000] {dagbag.py:537} INFO - Filling up the DagBag from /home/airflow/.local/lib/python3.7/site-packages/airflow/example_dags/example_kubernetes_executor.py
[2024-07-26T02:00:30.426+0000] {processor.py:766} INFO - DAG(s) dict_keys(['example_kubernetes_executor']) retrieved from /home/airflow/.local/lib/python3.7/site-packages/airflow/example_dags/example_kubernetes_executor.py
[2024-07-26T02:00:30.457+0000] {logging_mixin.py:120} INFO - [2024-07-26T02:00:30.457+0000] {dag.py:2585} INFO - Sync 1 DAGs
[2024-07-26T02:00:30.477+0000] {logging_mixin.py:120} INFO - [2024-07-26T02:00:30.477+0000] {dag.py:3340} INFO - Setting next_dagrun for example_kubernetes_executor to None, run_after=None
[2024-07-26T02:00:30.503+0000] {processor.py:176} INFO - Processing /home/airflow/.local/lib/python3.7/site-packages/airflow/example_dags/example_kubernetes_executor.py took 0.102 seconds
[2024-07-26T02:13:03.052+0000] {processor.py:154} INFO - Started process (PID=5107) to work on /home/airflow/.local/lib/python3.7/site-packages/airflow/example_dags/example_kubernetes_executor.py
[2024-07-26T02:13:03.054+0000] {processor.py:756} INFO - Processing file /home/airflow/.local/lib/python3.7/site-packages/airflow/example_dags/example_kubernetes_executor.py for tasks to queue
[2024-07-26T02:13:03.055+0000] {logging_mixin.py:120} INFO - [2024-07-26T02:13:03.055+0000] {dagbag.py:537} INFO - Filling up the DagBag from /home/airflow/.local/lib/python3.7/site-packages/airflow/example_dags/example_kubernetes_executor.py
[2024-07-26T02:13:03.072+0000] {processor.py:766} INFO - DAG(s) dict_keys(['example_kubernetes_executor']) retrieved from /home/airflow/.local/lib/python3.7/site-packages/airflow/example_dags/example_kubernetes_executor.py
[2024-07-26T02:13:03.104+0000] {logging_mixin.py:120} INFO - [2024-07-26T02:13:03.104+0000] {dag.py:2585} INFO - Sync 1 DAGs
[2024-07-26T02:13:03.135+0000] {logging_mixin.py:120} INFO - [2024-07-26T02:13:03.135+0000] {dag.py:3340} INFO - Setting next_dagrun for example_kubernetes_executor to None, run_after=None
[2024-07-26T02:13:03.171+0000] {processor.py:176} INFO - Processing /home/airflow/.local/lib/python3.7/site-packages/airflow/example_dags/example_kubernetes_executor.py took 0.123 seconds
[2024-07-26T02:39:12.496+0000] {processor.py:154} INFO - Started process (PID=5162) to work on /home/airflow/.local/lib/python3.7/site-packages/airflow/example_dags/example_kubernetes_executor.py
[2024-07-26T02:39:12.496+0000] {processor.py:756} INFO - Processing file /home/airflow/.local/lib/python3.7/site-packages/airflow/example_dags/example_kubernetes_executor.py for tasks to queue
[2024-07-26T02:39:12.497+0000] {logging_mixin.py:120} INFO - [2024-07-26T02:39:12.497+0000] {dagbag.py:537} INFO - Filling up the DagBag from /home/airflow/.local/lib/python3.7/site-packages/airflow/example_dags/example_kubernetes_executor.py
[2024-07-26T02:39:12.517+0000] {processor.py:766} INFO - DAG(s) dict_keys(['example_kubernetes_executor']) retrieved from /home/airflow/.local/lib/python3.7/site-packages/airflow/example_dags/example_kubernetes_executor.py
[2024-07-26T02:39:12.553+0000] {logging_mixin.py:120} INFO - [2024-07-26T02:39:12.553+0000] {dag.py:2585} INFO - Sync 1 DAGs
[2024-07-26T02:39:12.574+0000] {logging_mixin.py:120} INFO - [2024-07-26T02:39:12.574+0000] {dag.py:3340} INFO - Setting next_dagrun for example_kubernetes_executor to None, run_after=None
[2024-07-26T02:39:12.591+0000] {processor.py:176} INFO - Processing /home/airflow/.local/lib/python3.7/site-packages/airflow/example_dags/example_kubernetes_executor.py took 0.097 seconds
[2024-07-26T02:58:12.047+0000] {processor.py:154} INFO - Started process (PID=5226) to work on /home/airflow/.local/lib/python3.7/site-packages/airflow/example_dags/example_kubernetes_executor.py
[2024-07-26T02:58:12.047+0000] {processor.py:756} INFO - Processing file /home/airflow/.local/lib/python3.7/site-packages/airflow/example_dags/example_kubernetes_executor.py for tasks to queue
[2024-07-26T02:58:12.048+0000] {logging_mixin.py:120} INFO - [2024-07-26T02:58:12.048+0000] {dagbag.py:537} INFO - Filling up the DagBag from /home/airflow/.local/lib/python3.7/site-packages/airflow/example_dags/example_kubernetes_executor.py
[2024-07-26T02:58:12.062+0000] {processor.py:766} INFO - DAG(s) dict_keys(['example_kubernetes_executor']) retrieved from /home/airflow/.local/lib/python3.7/site-packages/airflow/example_dags/example_kubernetes_executor.py
[2024-07-26T02:58:12.082+0000] {logging_mixin.py:120} INFO - [2024-07-26T02:58:12.082+0000] {dag.py:2585} INFO - Sync 1 DAGs
[2024-07-26T02:58:12.093+0000] {logging_mixin.py:120} INFO - [2024-07-26T02:58:12.093+0000] {dag.py:3340} INFO - Setting next_dagrun for example_kubernetes_executor to None, run_after=None
[2024-07-26T02:58:12.102+0000] {processor.py:176} INFO - Processing /home/airflow/.local/lib/python3.7/site-packages/airflow/example_dags/example_kubernetes_executor.py took 0.057 seconds
[2024-07-26T03:01:34.845+0000] {processor.py:154} INFO - Started process (PID=5290) to work on /home/airflow/.local/lib/python3.7/site-packages/airflow/example_dags/example_kubernetes_executor.py
[2024-07-26T03:01:34.848+0000] {processor.py:756} INFO - Processing file /home/airflow/.local/lib/python3.7/site-packages/airflow/example_dags/example_kubernetes_executor.py for tasks to queue
[2024-07-26T03:01:34.855+0000] {logging_mixin.py:120} INFO - [2024-07-26T03:01:34.855+0000] {dagbag.py:537} INFO - Filling up the DagBag from /home/airflow/.local/lib/python3.7/site-packages/airflow/example_dags/example_kubernetes_executor.py
[2024-07-26T03:01:34.873+0000] {processor.py:766} INFO - DAG(s) dict_keys(['example_kubernetes_executor']) retrieved from /home/airflow/.local/lib/python3.7/site-packages/airflow/example_dags/example_kubernetes_executor.py
[2024-07-26T03:01:34.911+0000] {logging_mixin.py:120} INFO - [2024-07-26T03:01:34.911+0000] {dag.py:2585} INFO - Sync 1 DAGs
[2024-07-26T03:01:34.925+0000] {logging_mixin.py:120} INFO - [2024-07-26T03:01:34.925+0000] {dag.py:3340} INFO - Setting next_dagrun for example_kubernetes_executor to None, run_after=None
[2024-07-26T03:01:34.941+0000] {processor.py:176} INFO - Processing /home/airflow/.local/lib/python3.7/site-packages/airflow/example_dags/example_kubernetes_executor.py took 0.099 seconds
[2024-07-26T03:15:41.346+0000] {processor.py:154} INFO - Started process (PID=5354) to work on /home/airflow/.local/lib/python3.7/site-packages/airflow/example_dags/example_kubernetes_executor.py
[2024-07-26T03:15:41.349+0000] {processor.py:756} INFO - Processing file /home/airflow/.local/lib/python3.7/site-packages/airflow/example_dags/example_kubernetes_executor.py for tasks to queue
[2024-07-26T03:15:41.350+0000] {logging_mixin.py:120} INFO - [2024-07-26T03:15:41.350+0000] {dagbag.py:537} INFO - Filling up the DagBag from /home/airflow/.local/lib/python3.7/site-packages/airflow/example_dags/example_kubernetes_executor.py
[2024-07-26T03:15:41.370+0000] {processor.py:766} INFO - DAG(s) dict_keys(['example_kubernetes_executor']) retrieved from /home/airflow/.local/lib/python3.7/site-packages/airflow/example_dags/example_kubernetes_executor.py
[2024-07-26T03:15:41.405+0000] {logging_mixin.py:120} INFO - [2024-07-26T03:15:41.404+0000] {dag.py:2585} INFO - Sync 1 DAGs
[2024-07-26T03:15:41.421+0000] {logging_mixin.py:120} INFO - [2024-07-26T03:15:41.421+0000] {dag.py:3340} INFO - Setting next_dagrun for example_kubernetes_executor to None, run_after=None
[2024-07-26T03:15:41.438+0000] {processor.py:176} INFO - Processing /home/airflow/.local/lib/python3.7/site-packages/airflow/example_dags/example_kubernetes_executor.py took 0.094 seconds
[2024-07-26T03:32:16.350+0000] {processor.py:154} INFO - Started process (PID=5409) to work on /home/airflow/.local/lib/python3.7/site-packages/airflow/example_dags/example_kubernetes_executor.py
[2024-07-26T03:32:16.351+0000] {processor.py:756} INFO - Processing file /home/airflow/.local/lib/python3.7/site-packages/airflow/example_dags/example_kubernetes_executor.py for tasks to queue
[2024-07-26T03:32:16.352+0000] {logging_mixin.py:120} INFO - [2024-07-26T03:32:16.352+0000] {dagbag.py:537} INFO - Filling up the DagBag from /home/airflow/.local/lib/python3.7/site-packages/airflow/example_dags/example_kubernetes_executor.py
[2024-07-26T03:32:16.371+0000] {processor.py:766} INFO - DAG(s) dict_keys(['example_kubernetes_executor']) retrieved from /home/airflow/.local/lib/python3.7/site-packages/airflow/example_dags/example_kubernetes_executor.py
[2024-07-26T03:32:16.406+0000] {logging_mixin.py:120} INFO - [2024-07-26T03:32:16.406+0000] {dag.py:2585} INFO - Sync 1 DAGs
[2024-07-26T03:32:16.431+0000] {logging_mixin.py:120} INFO - [2024-07-26T03:32:16.430+0000] {dag.py:3340} INFO - Setting next_dagrun for example_kubernetes_executor to None, run_after=None
[2024-07-26T03:32:16.448+0000] {processor.py:176} INFO - Processing /home/airflow/.local/lib/python3.7/site-packages/airflow/example_dags/example_kubernetes_executor.py took 0.103 seconds
[2024-07-26T03:56:59.235+0000] {processor.py:154} INFO - Started process (PID=5473) to work on /home/airflow/.local/lib/python3.7/site-packages/airflow/example_dags/example_kubernetes_executor.py
[2024-07-26T03:56:59.236+0000] {processor.py:756} INFO - Processing file /home/airflow/.local/lib/python3.7/site-packages/airflow/example_dags/example_kubernetes_executor.py for tasks to queue
[2024-07-26T03:56:59.237+0000] {logging_mixin.py:120} INFO - [2024-07-26T03:56:59.237+0000] {dagbag.py:537} INFO - Filling up the DagBag from /home/airflow/.local/lib/python3.7/site-packages/airflow/example_dags/example_kubernetes_executor.py
[2024-07-26T03:56:59.253+0000] {processor.py:766} INFO - DAG(s) dict_keys(['example_kubernetes_executor']) retrieved from /home/airflow/.local/lib/python3.7/site-packages/airflow/example_dags/example_kubernetes_executor.py
[2024-07-26T03:56:59.283+0000] {logging_mixin.py:120} INFO - [2024-07-26T03:56:59.282+0000] {dag.py:2585} INFO - Sync 1 DAGs
[2024-07-26T03:56:59.303+0000] {logging_mixin.py:120} INFO - [2024-07-26T03:56:59.303+0000] {dag.py:3340} INFO - Setting next_dagrun for example_kubernetes_executor to None, run_after=None
[2024-07-26T03:56:59.316+0000] {processor.py:176} INFO - Processing /home/airflow/.local/lib/python3.7/site-packages/airflow/example_dags/example_kubernetes_executor.py took 0.083 seconds
[2024-07-26T04:02:05.051+0000] {processor.py:154} INFO - Started process (PID=5537) to work on /home/airflow/.local/lib/python3.7/site-packages/airflow/example_dags/example_kubernetes_executor.py
[2024-07-26T04:02:05.054+0000] {processor.py:756} INFO - Processing file /home/airflow/.local/lib/python3.7/site-packages/airflow/example_dags/example_kubernetes_executor.py for tasks to queue
[2024-07-26T04:02:05.055+0000] {logging_mixin.py:120} INFO - [2024-07-26T04:02:05.055+0000] {dagbag.py:537} INFO - Filling up the DagBag from /home/airflow/.local/lib/python3.7/site-packages/airflow/example_dags/example_kubernetes_executor.py
[2024-07-26T04:02:05.081+0000] {processor.py:766} INFO - DAG(s) dict_keys(['example_kubernetes_executor']) retrieved from /home/airflow/.local/lib/python3.7/site-packages/airflow/example_dags/example_kubernetes_executor.py
[2024-07-26T04:02:05.111+0000] {logging_mixin.py:120} INFO - [2024-07-26T04:02:05.111+0000] {dag.py:2585} INFO - Sync 1 DAGs
[2024-07-26T04:02:05.135+0000] {logging_mixin.py:120} INFO - [2024-07-26T04:02:05.135+0000] {dag.py:3340} INFO - Setting next_dagrun for example_kubernetes_executor to None, run_after=None
[2024-07-26T04:02:05.154+0000] {processor.py:176} INFO - Processing /home/airflow/.local/lib/python3.7/site-packages/airflow/example_dags/example_kubernetes_executor.py took 0.108 seconds
[2024-07-26T04:04:17.611+0000] {processor.py:154} INFO - Started process (PID=5601) to work on /home/airflow/.local/lib/python3.7/site-packages/airflow/example_dags/example_kubernetes_executor.py
[2024-07-26T04:04:17.612+0000] {processor.py:756} INFO - Processing file /home/airflow/.local/lib/python3.7/site-packages/airflow/example_dags/example_kubernetes_executor.py for tasks to queue
[2024-07-26T04:04:17.612+0000] {logging_mixin.py:120} INFO - [2024-07-26T04:04:17.612+0000] {dagbag.py:537} INFO - Filling up the DagBag from /home/airflow/.local/lib/python3.7/site-packages/airflow/example_dags/example_kubernetes_executor.py
[2024-07-26T04:04:17.631+0000] {processor.py:766} INFO - DAG(s) dict_keys(['example_kubernetes_executor']) retrieved from /home/airflow/.local/lib/python3.7/site-packages/airflow/example_dags/example_kubernetes_executor.py
[2024-07-26T04:04:17.664+0000] {logging_mixin.py:120} INFO - [2024-07-26T04:04:17.664+0000] {dag.py:2585} INFO - Sync 1 DAGs
[2024-07-26T04:04:17.682+0000] {logging_mixin.py:120} INFO - [2024-07-26T04:04:17.681+0000] {dag.py:3340} INFO - Setting next_dagrun for example_kubernetes_executor to None, run_after=None
[2024-07-26T04:04:17.703+0000] {processor.py:176} INFO - Processing /home/airflow/.local/lib/python3.7/site-packages/airflow/example_dags/example_kubernetes_executor.py took 0.094 seconds
[2024-07-26T04:06:04.709+0000] {processor.py:154} INFO - Started process (PID=5664) to work on /home/airflow/.local/lib/python3.7/site-packages/airflow/example_dags/example_kubernetes_executor.py
[2024-07-26T04:06:04.711+0000] {processor.py:756} INFO - Processing file /home/airflow/.local/lib/python3.7/site-packages/airflow/example_dags/example_kubernetes_executor.py for tasks to queue
[2024-07-26T04:06:04.711+0000] {logging_mixin.py:120} INFO - [2024-07-26T04:06:04.711+0000] {dagbag.py:537} INFO - Filling up the DagBag from /home/airflow/.local/lib/python3.7/site-packages/airflow/example_dags/example_kubernetes_executor.py
[2024-07-26T04:06:04.732+0000] {processor.py:766} INFO - DAG(s) dict_keys(['example_kubernetes_executor']) retrieved from /home/airflow/.local/lib/python3.7/site-packages/airflow/example_dags/example_kubernetes_executor.py
[2024-07-26T04:06:04.763+0000] {logging_mixin.py:120} INFO - [2024-07-26T04:06:04.763+0000] {dag.py:2585} INFO - Sync 1 DAGs
[2024-07-26T04:06:04.777+0000] {logging_mixin.py:120} INFO - [2024-07-26T04:06:04.777+0000] {dag.py:3340} INFO - Setting next_dagrun for example_kubernetes_executor to None, run_after=None
[2024-07-26T04:06:04.799+0000] {processor.py:176} INFO - Processing /home/airflow/.local/lib/python3.7/site-packages/airflow/example_dags/example_kubernetes_executor.py took 0.092 seconds
[2024-07-26T04:08:06.010+0000] {processor.py:154} INFO - Started process (PID=5719) to work on /home/airflow/.local/lib/python3.7/site-packages/airflow/example_dags/example_kubernetes_executor.py
[2024-07-26T04:08:06.011+0000] {processor.py:756} INFO - Processing file /home/airflow/.local/lib/python3.7/site-packages/airflow/example_dags/example_kubernetes_executor.py for tasks to queue
[2024-07-26T04:08:06.012+0000] {logging_mixin.py:120} INFO - [2024-07-26T04:08:06.012+0000] {dagbag.py:537} INFO - Filling up the DagBag from /home/airflow/.local/lib/python3.7/site-packages/airflow/example_dags/example_kubernetes_executor.py
[2024-07-26T04:08:06.032+0000] {processor.py:766} INFO - DAG(s) dict_keys(['example_kubernetes_executor']) retrieved from /home/airflow/.local/lib/python3.7/site-packages/airflow/example_dags/example_kubernetes_executor.py
[2024-07-26T04:08:06.063+0000] {logging_mixin.py:120} INFO - [2024-07-26T04:08:06.063+0000] {dag.py:2585} INFO - Sync 1 DAGs
[2024-07-26T04:08:06.079+0000] {logging_mixin.py:120} INFO - [2024-07-26T04:08:06.079+0000] {dag.py:3340} INFO - Setting next_dagrun for example_kubernetes_executor to None, run_after=None
[2024-07-26T04:08:06.088+0000] {processor.py:176} INFO - Processing /home/airflow/.local/lib/python3.7/site-packages/airflow/example_dags/example_kubernetes_executor.py took 0.080 seconds
[2024-07-26T04:09:02.106+0000] {processor.py:154} INFO - Started process (PID=5783) to work on /home/airflow/.local/lib/python3.7/site-packages/airflow/example_dags/example_kubernetes_executor.py
[2024-07-26T04:09:02.107+0000] {processor.py:756} INFO - Processing file /home/airflow/.local/lib/python3.7/site-packages/airflow/example_dags/example_kubernetes_executor.py for tasks to queue
[2024-07-26T04:09:02.107+0000] {logging_mixin.py:120} INFO - [2024-07-26T04:09:02.107+0000] {dagbag.py:537} INFO - Filling up the DagBag from /home/airflow/.local/lib/python3.7/site-packages/airflow/example_dags/example_kubernetes_executor.py
[2024-07-26T04:09:02.122+0000] {processor.py:766} INFO - DAG(s) dict_keys(['example_kubernetes_executor']) retrieved from /home/airflow/.local/lib/python3.7/site-packages/airflow/example_dags/example_kubernetes_executor.py
[2024-07-26T04:09:02.155+0000] {logging_mixin.py:120} INFO - [2024-07-26T04:09:02.155+0000] {dag.py:2585} INFO - Sync 1 DAGs
[2024-07-26T04:09:02.174+0000] {logging_mixin.py:120} INFO - [2024-07-26T04:09:02.174+0000] {dag.py:3340} INFO - Setting next_dagrun for example_kubernetes_executor to None, run_after=None
[2024-07-26T04:09:02.189+0000] {processor.py:176} INFO - Processing /home/airflow/.local/lib/python3.7/site-packages/airflow/example_dags/example_kubernetes_executor.py took 0.084 seconds
[2024-07-26T04:10:11.574+0000] {processor.py:154} INFO - Started process (PID=5848) to work on /home/airflow/.local/lib/python3.7/site-packages/airflow/example_dags/example_kubernetes_executor.py
[2024-07-26T04:10:11.577+0000] {processor.py:756} INFO - Processing file /home/airflow/.local/lib/python3.7/site-packages/airflow/example_dags/example_kubernetes_executor.py for tasks to queue
[2024-07-26T04:10:11.580+0000] {logging_mixin.py:120} INFO - [2024-07-26T04:10:11.580+0000] {dagbag.py:537} INFO - Filling up the DagBag from /home/airflow/.local/lib/python3.7/site-packages/airflow/example_dags/example_kubernetes_executor.py
[2024-07-26T04:10:11.601+0000] {processor.py:766} INFO - DAG(s) dict_keys(['example_kubernetes_executor']) retrieved from /home/airflow/.local/lib/python3.7/site-packages/airflow/example_dags/example_kubernetes_executor.py
[2024-07-26T04:10:11.629+0000] {logging_mixin.py:120} INFO - [2024-07-26T04:10:11.628+0000] {dag.py:2585} INFO - Sync 1 DAGs
[2024-07-26T04:10:11.642+0000] {logging_mixin.py:120} INFO - [2024-07-26T04:10:11.642+0000] {dag.py:3340} INFO - Setting next_dagrun for example_kubernetes_executor to None, run_after=None
[2024-07-26T04:10:11.655+0000] {processor.py:176} INFO - Processing /home/airflow/.local/lib/python3.7/site-packages/airflow/example_dags/example_kubernetes_executor.py took 0.083 seconds
[2024-07-26T04:11:38.504+0000] {processor.py:154} INFO - Started process (PID=5912) to work on /home/airflow/.local/lib/python3.7/site-packages/airflow/example_dags/example_kubernetes_executor.py
[2024-07-26T04:11:38.505+0000] {processor.py:756} INFO - Processing file /home/airflow/.local/lib/python3.7/site-packages/airflow/example_dags/example_kubernetes_executor.py for tasks to queue
[2024-07-26T04:11:38.509+0000] {logging_mixin.py:120} INFO - [2024-07-26T04:11:38.509+0000] {dagbag.py:537} INFO - Filling up the DagBag from /home/airflow/.local/lib/python3.7/site-packages/airflow/example_dags/example_kubernetes_executor.py
[2024-07-26T04:11:38.528+0000] {processor.py:766} INFO - DAG(s) dict_keys(['example_kubernetes_executor']) retrieved from /home/airflow/.local/lib/python3.7/site-packages/airflow/example_dags/example_kubernetes_executor.py
[2024-07-26T04:11:38.567+0000] {logging_mixin.py:120} INFO - [2024-07-26T04:11:38.567+0000] {dag.py:2585} INFO - Sync 1 DAGs
[2024-07-26T04:11:38.590+0000] {logging_mixin.py:120} INFO - [2024-07-26T04:11:38.589+0000] {dag.py:3340} INFO - Setting next_dagrun for example_kubernetes_executor to None, run_after=None
[2024-07-26T04:11:38.619+0000] {processor.py:176} INFO - Processing /home/airflow/.local/lib/python3.7/site-packages/airflow/example_dags/example_kubernetes_executor.py took 0.117 seconds
[2024-07-26T04:12:21.553+0000] {processor.py:154} INFO - Started process (PID=5976) to work on /home/airflow/.local/lib/python3.7/site-packages/airflow/example_dags/example_kubernetes_executor.py
[2024-07-26T04:12:21.554+0000] {processor.py:756} INFO - Processing file /home/airflow/.local/lib/python3.7/site-packages/airflow/example_dags/example_kubernetes_executor.py for tasks to queue
[2024-07-26T04:12:21.555+0000] {logging_mixin.py:120} INFO - [2024-07-26T04:12:21.555+0000] {dagbag.py:537} INFO - Filling up the DagBag from /home/airflow/.local/lib/python3.7/site-packages/airflow/example_dags/example_kubernetes_executor.py
[2024-07-26T04:12:21.569+0000] {processor.py:766} INFO - DAG(s) dict_keys(['example_kubernetes_executor']) retrieved from /home/airflow/.local/lib/python3.7/site-packages/airflow/example_dags/example_kubernetes_executor.py
[2024-07-26T04:12:21.592+0000] {logging_mixin.py:120} INFO - [2024-07-26T04:12:21.592+0000] {dag.py:2585} INFO - Sync 1 DAGs
[2024-07-26T04:12:21.608+0000] {logging_mixin.py:120} INFO - [2024-07-26T04:12:21.608+0000] {dag.py:3340} INFO - Setting next_dagrun for example_kubernetes_executor to None, run_after=None
[2024-07-26T04:12:21.622+0000] {processor.py:176} INFO - Processing /home/airflow/.local/lib/python3.7/site-packages/airflow/example_dags/example_kubernetes_executor.py took 0.070 seconds
[2024-07-26T04:13:15.311+0000] {processor.py:154} INFO - Started process (PID=6031) to work on /home/airflow/.local/lib/python3.7/site-packages/airflow/example_dags/example_kubernetes_executor.py
[2024-07-26T04:13:15.314+0000] {processor.py:756} INFO - Processing file /home/airflow/.local/lib/python3.7/site-packages/airflow/example_dags/example_kubernetes_executor.py for tasks to queue
[2024-07-26T04:13:15.314+0000] {logging_mixin.py:120} INFO - [2024-07-26T04:13:15.314+0000] {dagbag.py:537} INFO - Filling up the DagBag from /home/airflow/.local/lib/python3.7/site-packages/airflow/example_dags/example_kubernetes_executor.py
[2024-07-26T04:13:15.332+0000] {processor.py:766} INFO - DAG(s) dict_keys(['example_kubernetes_executor']) retrieved from /home/airflow/.local/lib/python3.7/site-packages/airflow/example_dags/example_kubernetes_executor.py
[2024-07-26T04:13:15.365+0000] {logging_mixin.py:120} INFO - [2024-07-26T04:13:15.364+0000] {dag.py:2585} INFO - Sync 1 DAGs
[2024-07-26T04:13:15.382+0000] {logging_mixin.py:120} INFO - [2024-07-26T04:13:15.382+0000] {dag.py:3340} INFO - Setting next_dagrun for example_kubernetes_executor to None, run_after=None
[2024-07-26T04:13:15.402+0000] {processor.py:176} INFO - Processing /home/airflow/.local/lib/python3.7/site-packages/airflow/example_dags/example_kubernetes_executor.py took 0.093 seconds
[2024-07-26T04:14:05.748+0000] {processor.py:154} INFO - Started process (PID=6094) to work on /home/airflow/.local/lib/python3.7/site-packages/airflow/example_dags/example_kubernetes_executor.py
[2024-07-26T04:14:05.749+0000] {processor.py:756} INFO - Processing file /home/airflow/.local/lib/python3.7/site-packages/airflow/example_dags/example_kubernetes_executor.py for tasks to queue
[2024-07-26T04:14:05.749+0000] {logging_mixin.py:120} INFO - [2024-07-26T04:14:05.749+0000] {dagbag.py:537} INFO - Filling up the DagBag from /home/airflow/.local/lib/python3.7/site-packages/airflow/example_dags/example_kubernetes_executor.py
[2024-07-26T04:14:05.773+0000] {processor.py:766} INFO - DAG(s) dict_keys(['example_kubernetes_executor']) retrieved from /home/airflow/.local/lib/python3.7/site-packages/airflow/example_dags/example_kubernetes_executor.py
[2024-07-26T04:14:05.803+0000] {logging_mixin.py:120} INFO - [2024-07-26T04:14:05.803+0000] {dag.py:2585} INFO - Sync 1 DAGs
[2024-07-26T04:14:05.821+0000] {logging_mixin.py:120} INFO - [2024-07-26T04:14:05.821+0000] {dag.py:3340} INFO - Setting next_dagrun for example_kubernetes_executor to None, run_after=None
[2024-07-26T04:14:05.837+0000] {processor.py:176} INFO - Processing /home/airflow/.local/lib/python3.7/site-packages/airflow/example_dags/example_kubernetes_executor.py took 0.091 seconds
[2024-07-26T04:18:34.302+0000] {processor.py:154} INFO - Started process (PID=6158) to work on /home/airflow/.local/lib/python3.7/site-packages/airflow/example_dags/example_kubernetes_executor.py
[2024-07-26T04:18:34.305+0000] {processor.py:756} INFO - Processing file /home/airflow/.local/lib/python3.7/site-packages/airflow/example_dags/example_kubernetes_executor.py for tasks to queue
[2024-07-26T04:18:34.308+0000] {logging_mixin.py:120} INFO - [2024-07-26T04:18:34.308+0000] {dagbag.py:537} INFO - Filling up the DagBag from /home/airflow/.local/lib/python3.7/site-packages/airflow/example_dags/example_kubernetes_executor.py
[2024-07-26T04:18:34.329+0000] {processor.py:766} INFO - DAG(s) dict_keys(['example_kubernetes_executor']) retrieved from /home/airflow/.local/lib/python3.7/site-packages/airflow/example_dags/example_kubernetes_executor.py
[2024-07-26T04:18:34.369+0000] {logging_mixin.py:120} INFO - [2024-07-26T04:18:34.369+0000] {dag.py:2585} INFO - Sync 1 DAGs
[2024-07-26T04:18:34.392+0000] {logging_mixin.py:120} INFO - [2024-07-26T04:18:34.392+0000] {dag.py:3340} INFO - Setting next_dagrun for example_kubernetes_executor to None, run_after=None
[2024-07-26T04:18:34.409+0000] {processor.py:176} INFO - Processing /home/airflow/.local/lib/python3.7/site-packages/airflow/example_dags/example_kubernetes_executor.py took 0.108 seconds
[2024-07-26T04:19:16.548+0000] {processor.py:154} INFO - Started process (PID=6222) to work on /home/airflow/.local/lib/python3.7/site-packages/airflow/example_dags/example_kubernetes_executor.py
[2024-07-26T04:19:16.550+0000] {processor.py:756} INFO - Processing file /home/airflow/.local/lib/python3.7/site-packages/airflow/example_dags/example_kubernetes_executor.py for tasks to queue
[2024-07-26T04:19:16.552+0000] {logging_mixin.py:120} INFO - [2024-07-26T04:19:16.552+0000] {dagbag.py:537} INFO - Filling up the DagBag from /home/airflow/.local/lib/python3.7/site-packages/airflow/example_dags/example_kubernetes_executor.py
[2024-07-26T04:19:16.572+0000] {processor.py:766} INFO - DAG(s) dict_keys(['example_kubernetes_executor']) retrieved from /home/airflow/.local/lib/python3.7/site-packages/airflow/example_dags/example_kubernetes_executor.py
[2024-07-26T04:19:16.598+0000] {logging_mixin.py:120} INFO - [2024-07-26T04:19:16.598+0000] {dag.py:2585} INFO - Sync 1 DAGs
[2024-07-26T04:19:16.613+0000] {logging_mixin.py:120} INFO - [2024-07-26T04:19:16.613+0000] {dag.py:3340} INFO - Setting next_dagrun for example_kubernetes_executor to None, run_after=None
[2024-07-26T04:19:16.627+0000] {processor.py:176} INFO - Processing /home/airflow/.local/lib/python3.7/site-packages/airflow/example_dags/example_kubernetes_executor.py took 0.081 seconds
[2024-07-26T04:20:38.200+0000] {processor.py:154} INFO - Started process (PID=6277) to work on /home/airflow/.local/lib/python3.7/site-packages/airflow/example_dags/example_kubernetes_executor.py
[2024-07-26T04:20:38.201+0000] {processor.py:756} INFO - Processing file /home/airflow/.local/lib/python3.7/site-packages/airflow/example_dags/example_kubernetes_executor.py for tasks to queue
[2024-07-26T04:20:38.202+0000] {logging_mixin.py:120} INFO - [2024-07-26T04:20:38.202+0000] {dagbag.py:537} INFO - Filling up the DagBag from /home/airflow/.local/lib/python3.7/site-packages/airflow/example_dags/example_kubernetes_executor.py
[2024-07-26T04:20:38.217+0000] {processor.py:766} INFO - DAG(s) dict_keys(['example_kubernetes_executor']) retrieved from /home/airflow/.local/lib/python3.7/site-packages/airflow/example_dags/example_kubernetes_executor.py
[2024-07-26T04:20:38.243+0000] {logging_mixin.py:120} INFO - [2024-07-26T04:20:38.243+0000] {dag.py:2585} INFO - Sync 1 DAGs
[2024-07-26T04:20:38.255+0000] {logging_mixin.py:120} INFO - [2024-07-26T04:20:38.255+0000] {dag.py:3340} INFO - Setting next_dagrun for example_kubernetes_executor to None, run_after=None
[2024-07-26T04:20:38.271+0000] {processor.py:176} INFO - Processing /home/airflow/.local/lib/python3.7/site-packages/airflow/example_dags/example_kubernetes_executor.py took 0.073 seconds
[2024-07-26T04:21:42.053+0000] {processor.py:154} INFO - Started process (PID=6340) to work on /home/airflow/.local/lib/python3.7/site-packages/airflow/example_dags/example_kubernetes_executor.py
[2024-07-26T04:21:42.058+0000] {processor.py:756} INFO - Processing file /home/airflow/.local/lib/python3.7/site-packages/airflow/example_dags/example_kubernetes_executor.py for tasks to queue
[2024-07-26T04:21:42.059+0000] {logging_mixin.py:120} INFO - [2024-07-26T04:21:42.059+0000] {dagbag.py:537} INFO - Filling up the DagBag from /home/airflow/.local/lib/python3.7/site-packages/airflow/example_dags/example_kubernetes_executor.py
[2024-07-26T04:21:42.077+0000] {processor.py:766} INFO - DAG(s) dict_keys(['example_kubernetes_executor']) retrieved from /home/airflow/.local/lib/python3.7/site-packages/airflow/example_dags/example_kubernetes_executor.py
[2024-07-26T04:21:42.097+0000] {logging_mixin.py:120} INFO - [2024-07-26T04:21:42.097+0000] {dag.py:2585} INFO - Sync 1 DAGs
[2024-07-26T04:21:42.109+0000] {logging_mixin.py:120} INFO - [2024-07-26T04:21:42.109+0000] {dag.py:3340} INFO - Setting next_dagrun for example_kubernetes_executor to None, run_after=None
[2024-07-26T04:21:42.124+0000] {processor.py:176} INFO - Processing /home/airflow/.local/lib/python3.7/site-packages/airflow/example_dags/example_kubernetes_executor.py took 0.072 seconds
[2024-07-26T04:22:48.435+0000] {processor.py:154} INFO - Started process (PID=6404) to work on /home/airflow/.local/lib/python3.7/site-packages/airflow/example_dags/example_kubernetes_executor.py
[2024-07-26T04:22:48.436+0000] {processor.py:756} INFO - Processing file /home/airflow/.local/lib/python3.7/site-packages/airflow/example_dags/example_kubernetes_executor.py for tasks to queue
[2024-07-26T04:22:48.436+0000] {logging_mixin.py:120} INFO - [2024-07-26T04:22:48.436+0000] {dagbag.py:537} INFO - Filling up the DagBag from /home/airflow/.local/lib/python3.7/site-packages/airflow/example_dags/example_kubernetes_executor.py
[2024-07-26T04:22:48.458+0000] {processor.py:766} INFO - DAG(s) dict_keys(['example_kubernetes_executor']) retrieved from /home/airflow/.local/lib/python3.7/site-packages/airflow/example_dags/example_kubernetes_executor.py
[2024-07-26T04:22:48.488+0000] {logging_mixin.py:120} INFO - [2024-07-26T04:22:48.488+0000] {dag.py:2585} INFO - Sync 1 DAGs
[2024-07-26T04:22:48.835+0000] {logging_mixin.py:120} INFO - [2024-07-26T04:22:48.835+0000] {dag.py:3340} INFO - Setting next_dagrun for example_kubernetes_executor to None, run_after=None
[2024-07-26T04:22:48.962+0000] {processor.py:176} INFO - Processing /home/airflow/.local/lib/python3.7/site-packages/airflow/example_dags/example_kubernetes_executor.py took 0.529 seconds
[2024-07-26T04:34:01.477+0000] {processor.py:154} INFO - Started process (PID=6468) to work on /home/airflow/.local/lib/python3.7/site-packages/airflow/example_dags/example_kubernetes_executor.py
[2024-07-26T04:34:01.478+0000] {processor.py:756} INFO - Processing file /home/airflow/.local/lib/python3.7/site-packages/airflow/example_dags/example_kubernetes_executor.py for tasks to queue
[2024-07-26T04:34:01.480+0000] {logging_mixin.py:120} INFO - [2024-07-26T04:34:01.480+0000] {dagbag.py:537} INFO - Filling up the DagBag from /home/airflow/.local/lib/python3.7/site-packages/airflow/example_dags/example_kubernetes_executor.py
[2024-07-26T04:34:01.496+0000] {processor.py:766} INFO - DAG(s) dict_keys(['example_kubernetes_executor']) retrieved from /home/airflow/.local/lib/python3.7/site-packages/airflow/example_dags/example_kubernetes_executor.py
[2024-07-26T04:34:01.524+0000] {logging_mixin.py:120} INFO - [2024-07-26T04:34:01.524+0000] {dag.py:2585} INFO - Sync 1 DAGs
[2024-07-26T04:34:01.539+0000] {logging_mixin.py:120} INFO - [2024-07-26T04:34:01.539+0000] {dag.py:3340} INFO - Setting next_dagrun for example_kubernetes_executor to None, run_after=None
[2024-07-26T04:34:01.554+0000] {processor.py:176} INFO - Processing /home/airflow/.local/lib/python3.7/site-packages/airflow/example_dags/example_kubernetes_executor.py took 0.080 seconds
[2024-07-26T04:49:13.723+0000] {processor.py:154} INFO - Started process (PID=6532) to work on /home/airflow/.local/lib/python3.7/site-packages/airflow/example_dags/example_kubernetes_executor.py
[2024-07-26T04:49:13.724+0000] {processor.py:756} INFO - Processing file /home/airflow/.local/lib/python3.7/site-packages/airflow/example_dags/example_kubernetes_executor.py for tasks to queue
[2024-07-26T04:49:13.725+0000] {logging_mixin.py:120} INFO - [2024-07-26T04:49:13.725+0000] {dagbag.py:537} INFO - Filling up the DagBag from /home/airflow/.local/lib/python3.7/site-packages/airflow/example_dags/example_kubernetes_executor.py
[2024-07-26T04:49:13.740+0000] {processor.py:766} INFO - DAG(s) dict_keys(['example_kubernetes_executor']) retrieved from /home/airflow/.local/lib/python3.7/site-packages/airflow/example_dags/example_kubernetes_executor.py
[2024-07-26T04:49:13.777+0000] {logging_mixin.py:120} INFO - [2024-07-26T04:49:13.777+0000] {dag.py:2585} INFO - Sync 1 DAGs
[2024-07-26T04:49:13.790+0000] {logging_mixin.py:120} INFO - [2024-07-26T04:49:13.790+0000] {dag.py:3340} INFO - Setting next_dagrun for example_kubernetes_executor to None, run_after=None
[2024-07-26T04:49:13.809+0000] {processor.py:176} INFO - Processing /home/airflow/.local/lib/python3.7/site-packages/airflow/example_dags/example_kubernetes_executor.py took 0.088 seconds
[2024-07-26T04:53:38.515+0000] {processor.py:154} INFO - Started process (PID=6587) to work on /home/airflow/.local/lib/python3.7/site-packages/airflow/example_dags/example_kubernetes_executor.py
[2024-07-26T04:53:38.521+0000] {processor.py:756} INFO - Processing file /home/airflow/.local/lib/python3.7/site-packages/airflow/example_dags/example_kubernetes_executor.py for tasks to queue
[2024-07-26T04:53:38.523+0000] {logging_mixin.py:120} INFO - [2024-07-26T04:53:38.523+0000] {dagbag.py:537} INFO - Filling up the DagBag from /home/airflow/.local/lib/python3.7/site-packages/airflow/example_dags/example_kubernetes_executor.py
[2024-07-26T04:53:38.548+0000] {processor.py:766} INFO - DAG(s) dict_keys(['example_kubernetes_executor']) retrieved from /home/airflow/.local/lib/python3.7/site-packages/airflow/example_dags/example_kubernetes_executor.py
[2024-07-26T04:53:38.579+0000] {logging_mixin.py:120} INFO - [2024-07-26T04:53:38.578+0000] {dag.py:2585} INFO - Sync 1 DAGs
[2024-07-26T04:53:38.593+0000] {logging_mixin.py:120} INFO - [2024-07-26T04:53:38.592+0000] {dag.py:3340} INFO - Setting next_dagrun for example_kubernetes_executor to None, run_after=None
[2024-07-26T04:53:38.610+0000] {processor.py:176} INFO - Processing /home/airflow/.local/lib/python3.7/site-packages/airflow/example_dags/example_kubernetes_executor.py took 0.097 seconds
[2024-07-26T05:02:50.773+0000] {processor.py:154} INFO - Started process (PID=6651) to work on /home/airflow/.local/lib/python3.7/site-packages/airflow/example_dags/example_kubernetes_executor.py
[2024-07-26T05:02:50.776+0000] {processor.py:756} INFO - Processing file /home/airflow/.local/lib/python3.7/site-packages/airflow/example_dags/example_kubernetes_executor.py for tasks to queue
[2024-07-26T05:02:50.776+0000] {logging_mixin.py:120} INFO - [2024-07-26T05:02:50.776+0000] {dagbag.py:537} INFO - Filling up the DagBag from /home/airflow/.local/lib/python3.7/site-packages/airflow/example_dags/example_kubernetes_executor.py
[2024-07-26T05:02:50.794+0000] {processor.py:766} INFO - DAG(s) dict_keys(['example_kubernetes_executor']) retrieved from /home/airflow/.local/lib/python3.7/site-packages/airflow/example_dags/example_kubernetes_executor.py
[2024-07-26T05:02:50.816+0000] {logging_mixin.py:120} INFO - [2024-07-26T05:02:50.815+0000] {dag.py:2585} INFO - Sync 1 DAGs
[2024-07-26T05:02:50.835+0000] {logging_mixin.py:120} INFO - [2024-07-26T05:02:50.835+0000] {dag.py:3340} INFO - Setting next_dagrun for example_kubernetes_executor to None, run_after=None
[2024-07-26T05:02:50.848+0000] {processor.py:176} INFO - Processing /home/airflow/.local/lib/python3.7/site-packages/airflow/example_dags/example_kubernetes_executor.py took 0.077 seconds
[2024-07-26T05:15:53.050+0000] {processor.py:154} INFO - Started process (PID=6715) to work on /home/airflow/.local/lib/python3.7/site-packages/airflow/example_dags/example_kubernetes_executor.py
[2024-07-26T05:15:53.053+0000] {processor.py:756} INFO - Processing file /home/airflow/.local/lib/python3.7/site-packages/airflow/example_dags/example_kubernetes_executor.py for tasks to queue
[2024-07-26T05:15:53.057+0000] {logging_mixin.py:120} INFO - [2024-07-26T05:15:53.057+0000] {dagbag.py:537} INFO - Filling up the DagBag from /home/airflow/.local/lib/python3.7/site-packages/airflow/example_dags/example_kubernetes_executor.py
[2024-07-26T05:15:53.084+0000] {processor.py:766} INFO - DAG(s) dict_keys(['example_kubernetes_executor']) retrieved from /home/airflow/.local/lib/python3.7/site-packages/airflow/example_dags/example_kubernetes_executor.py
[2024-07-26T05:15:53.124+0000] {logging_mixin.py:120} INFO - [2024-07-26T05:15:53.123+0000] {dag.py:2585} INFO - Sync 1 DAGs
[2024-07-26T05:15:53.149+0000] {logging_mixin.py:120} INFO - [2024-07-26T05:15:53.149+0000] {dag.py:3340} INFO - Setting next_dagrun for example_kubernetes_executor to None, run_after=None
[2024-07-26T05:15:53.168+0000] {processor.py:176} INFO - Processing /home/airflow/.local/lib/python3.7/site-packages/airflow/example_dags/example_kubernetes_executor.py took 0.120 seconds
[2024-07-26T05:33:29.952+0000] {processor.py:154} INFO - Started process (PID=6779) to work on /home/airflow/.local/lib/python3.7/site-packages/airflow/example_dags/example_kubernetes_executor.py
[2024-07-26T05:33:29.953+0000] {processor.py:756} INFO - Processing file /home/airflow/.local/lib/python3.7/site-packages/airflow/example_dags/example_kubernetes_executor.py for tasks to queue
[2024-07-26T05:33:29.958+0000] {logging_mixin.py:120} INFO - [2024-07-26T05:33:29.958+0000] {dagbag.py:537} INFO - Filling up the DagBag from /home/airflow/.local/lib/python3.7/site-packages/airflow/example_dags/example_kubernetes_executor.py
[2024-07-26T05:33:29.977+0000] {processor.py:766} INFO - DAG(s) dict_keys(['example_kubernetes_executor']) retrieved from /home/airflow/.local/lib/python3.7/site-packages/airflow/example_dags/example_kubernetes_executor.py
[2024-07-26T05:33:30.030+0000] {logging_mixin.py:120} INFO - [2024-07-26T05:33:30.030+0000] {dag.py:2585} INFO - Sync 1 DAGs
[2024-07-26T05:33:30.049+0000] {logging_mixin.py:120} INFO - [2024-07-26T05:33:30.049+0000] {dag.py:3340} INFO - Setting next_dagrun for example_kubernetes_executor to None, run_after=None
[2024-07-26T05:33:30.070+0000] {processor.py:176} INFO - Processing /home/airflow/.local/lib/python3.7/site-packages/airflow/example_dags/example_kubernetes_executor.py took 0.121 seconds
[2024-07-26T06:09:37.361+0000] {processor.py:154} INFO - Started process (PID=6842) to work on /home/airflow/.local/lib/python3.7/site-packages/airflow/example_dags/example_kubernetes_executor.py
[2024-07-26T06:09:37.363+0000] {processor.py:756} INFO - Processing file /home/airflow/.local/lib/python3.7/site-packages/airflow/example_dags/example_kubernetes_executor.py for tasks to queue
[2024-07-26T06:09:37.364+0000] {logging_mixin.py:120} INFO - [2024-07-26T06:09:37.364+0000] {dagbag.py:537} INFO - Filling up the DagBag from /home/airflow/.local/lib/python3.7/site-packages/airflow/example_dags/example_kubernetes_executor.py
[2024-07-26T06:09:37.386+0000] {processor.py:766} INFO - DAG(s) dict_keys(['example_kubernetes_executor']) retrieved from /home/airflow/.local/lib/python3.7/site-packages/airflow/example_dags/example_kubernetes_executor.py
[2024-07-26T06:09:37.422+0000] {logging_mixin.py:120} INFO - [2024-07-26T06:09:37.422+0000] {dag.py:2585} INFO - Sync 1 DAGs
[2024-07-26T06:09:37.439+0000] {logging_mixin.py:120} INFO - [2024-07-26T06:09:37.439+0000] {dag.py:3340} INFO - Setting next_dagrun for example_kubernetes_executor to None, run_after=None
[2024-07-26T06:09:37.456+0000] {processor.py:176} INFO - Processing /home/airflow/.local/lib/python3.7/site-packages/airflow/example_dags/example_kubernetes_executor.py took 0.097 seconds
[2024-07-26T07:10:34.305+0000] {processor.py:154} INFO - Started process (PID=6897) to work on /home/airflow/.local/lib/python3.7/site-packages/airflow/example_dags/example_kubernetes_executor.py
[2024-07-26T07:10:34.306+0000] {processor.py:756} INFO - Processing file /home/airflow/.local/lib/python3.7/site-packages/airflow/example_dags/example_kubernetes_executor.py for tasks to queue
[2024-07-26T07:10:34.309+0000] {logging_mixin.py:120} INFO - [2024-07-26T07:10:34.309+0000] {dagbag.py:537} INFO - Filling up the DagBag from /home/airflow/.local/lib/python3.7/site-packages/airflow/example_dags/example_kubernetes_executor.py
[2024-07-26T07:10:34.339+0000] {processor.py:766} INFO - DAG(s) dict_keys(['example_kubernetes_executor']) retrieved from /home/airflow/.local/lib/python3.7/site-packages/airflow/example_dags/example_kubernetes_executor.py
[2024-07-26T07:10:34.379+0000] {logging_mixin.py:120} INFO - [2024-07-26T07:10:34.379+0000] {dag.py:2585} INFO - Sync 1 DAGs
[2024-07-26T07:10:34.396+0000] {logging_mixin.py:120} INFO - [2024-07-26T07:10:34.396+0000] {dag.py:3340} INFO - Setting next_dagrun for example_kubernetes_executor to None, run_after=None
[2024-07-26T07:10:34.418+0000] {processor.py:176} INFO - Processing /home/airflow/.local/lib/python3.7/site-packages/airflow/example_dags/example_kubernetes_executor.py took 0.114 seconds
[2024-07-26T08:11:48.671+0000] {processor.py:154} INFO - Started process (PID=6961) to work on /home/airflow/.local/lib/python3.7/site-packages/airflow/example_dags/example_kubernetes_executor.py
[2024-07-26T08:11:48.673+0000] {processor.py:756} INFO - Processing file /home/airflow/.local/lib/python3.7/site-packages/airflow/example_dags/example_kubernetes_executor.py for tasks to queue
[2024-07-26T08:11:48.678+0000] {logging_mixin.py:120} INFO - [2024-07-26T08:11:48.678+0000] {dagbag.py:537} INFO - Filling up the DagBag from /home/airflow/.local/lib/python3.7/site-packages/airflow/example_dags/example_kubernetes_executor.py
[2024-07-26T08:11:48.698+0000] {processor.py:766} INFO - DAG(s) dict_keys(['example_kubernetes_executor']) retrieved from /home/airflow/.local/lib/python3.7/site-packages/airflow/example_dags/example_kubernetes_executor.py
[2024-07-26T08:11:48.729+0000] {logging_mixin.py:120} INFO - [2024-07-26T08:11:48.729+0000] {dag.py:2585} INFO - Sync 1 DAGs
[2024-07-26T08:11:48.746+0000] {logging_mixin.py:120} INFO - [2024-07-26T08:11:48.745+0000] {dag.py:3340} INFO - Setting next_dagrun for example_kubernetes_executor to None, run_after=None
[2024-07-26T08:11:48.764+0000] {processor.py:176} INFO - Processing /home/airflow/.local/lib/python3.7/site-packages/airflow/example_dags/example_kubernetes_executor.py took 0.095 seconds
[2024-07-26T08:36:12.934+0000] {processor.py:154} INFO - Started process (PID=7025) to work on /home/airflow/.local/lib/python3.7/site-packages/airflow/example_dags/example_kubernetes_executor.py
[2024-07-26T08:36:12.936+0000] {processor.py:756} INFO - Processing file /home/airflow/.local/lib/python3.7/site-packages/airflow/example_dags/example_kubernetes_executor.py for tasks to queue
[2024-07-26T08:36:12.936+0000] {logging_mixin.py:120} INFO - [2024-07-26T08:36:12.936+0000] {dagbag.py:537} INFO - Filling up the DagBag from /home/airflow/.local/lib/python3.7/site-packages/airflow/example_dags/example_kubernetes_executor.py
[2024-07-26T08:36:12.987+0000] {processor.py:766} INFO - DAG(s) dict_keys(['example_kubernetes_executor']) retrieved from /home/airflow/.local/lib/python3.7/site-packages/airflow/example_dags/example_kubernetes_executor.py
[2024-07-26T08:36:13.045+0000] {logging_mixin.py:120} INFO - [2024-07-26T08:36:13.045+0000] {dag.py:2585} INFO - Sync 1 DAGs
[2024-07-26T08:36:13.091+0000] {logging_mixin.py:120} INFO - [2024-07-26T08:36:13.091+0000] {dag.py:3340} INFO - Setting next_dagrun for example_kubernetes_executor to None, run_after=None
[2024-07-26T08:36:13.151+0000] {processor.py:176} INFO - Processing /home/airflow/.local/lib/python3.7/site-packages/airflow/example_dags/example_kubernetes_executor.py took 0.219 seconds
[2024-07-26T09:29:27.085+0000] {processor.py:154} INFO - Started process (PID=7089) to work on /home/airflow/.local/lib/python3.7/site-packages/airflow/example_dags/example_kubernetes_executor.py
[2024-07-26T09:29:27.087+0000] {processor.py:756} INFO - Processing file /home/airflow/.local/lib/python3.7/site-packages/airflow/example_dags/example_kubernetes_executor.py for tasks to queue
[2024-07-26T09:29:27.092+0000] {logging_mixin.py:120} INFO - [2024-07-26T09:29:27.092+0000] {dagbag.py:537} INFO - Filling up the DagBag from /home/airflow/.local/lib/python3.7/site-packages/airflow/example_dags/example_kubernetes_executor.py
[2024-07-26T09:29:27.114+0000] {processor.py:766} INFO - DAG(s) dict_keys(['example_kubernetes_executor']) retrieved from /home/airflow/.local/lib/python3.7/site-packages/airflow/example_dags/example_kubernetes_executor.py
[2024-07-26T09:29:27.154+0000] {logging_mixin.py:120} INFO - [2024-07-26T09:29:27.154+0000] {dag.py:2585} INFO - Sync 1 DAGs
[2024-07-26T09:29:27.172+0000] {logging_mixin.py:120} INFO - [2024-07-26T09:29:27.172+0000] {dag.py:3340} INFO - Setting next_dagrun for example_kubernetes_executor to None, run_after=None
[2024-07-26T09:29:27.203+0000] {processor.py:176} INFO - Processing /home/airflow/.local/lib/python3.7/site-packages/airflow/example_dags/example_kubernetes_executor.py took 0.120 seconds
[2024-07-26T10:30:31.606+0000] {processor.py:154} INFO - Started process (PID=7144) to work on /home/airflow/.local/lib/python3.7/site-packages/airflow/example_dags/example_kubernetes_executor.py
[2024-07-26T10:30:31.607+0000] {processor.py:756} INFO - Processing file /home/airflow/.local/lib/python3.7/site-packages/airflow/example_dags/example_kubernetes_executor.py for tasks to queue
[2024-07-26T10:30:31.608+0000] {logging_mixin.py:120} INFO - [2024-07-26T10:30:31.608+0000] {dagbag.py:537} INFO - Filling up the DagBag from /home/airflow/.local/lib/python3.7/site-packages/airflow/example_dags/example_kubernetes_executor.py
[2024-07-26T10:30:31.626+0000] {processor.py:766} INFO - DAG(s) dict_keys(['example_kubernetes_executor']) retrieved from /home/airflow/.local/lib/python3.7/site-packages/airflow/example_dags/example_kubernetes_executor.py
[2024-07-26T10:30:31.660+0000] {logging_mixin.py:120} INFO - [2024-07-26T10:30:31.660+0000] {dag.py:2585} INFO - Sync 1 DAGs
[2024-07-26T10:30:31.833+0000] {logging_mixin.py:120} INFO - [2024-07-26T10:30:31.832+0000] {dag.py:3340} INFO - Setting next_dagrun for example_kubernetes_executor to None, run_after=None
[2024-07-26T10:30:31.900+0000] {processor.py:176} INFO - Processing /home/airflow/.local/lib/python3.7/site-packages/airflow/example_dags/example_kubernetes_executor.py took 0.296 seconds
[2024-07-26T10:39:57.361+0000] {processor.py:154} INFO - Started process (PID=7208) to work on /home/airflow/.local/lib/python3.7/site-packages/airflow/example_dags/example_kubernetes_executor.py
[2024-07-26T10:39:57.362+0000] {processor.py:756} INFO - Processing file /home/airflow/.local/lib/python3.7/site-packages/airflow/example_dags/example_kubernetes_executor.py for tasks to queue
[2024-07-26T10:39:57.363+0000] {logging_mixin.py:120} INFO - [2024-07-26T10:39:57.362+0000] {dagbag.py:537} INFO - Filling up the DagBag from /home/airflow/.local/lib/python3.7/site-packages/airflow/example_dags/example_kubernetes_executor.py
[2024-07-26T10:39:57.378+0000] {processor.py:766} INFO - DAG(s) dict_keys(['example_kubernetes_executor']) retrieved from /home/airflow/.local/lib/python3.7/site-packages/airflow/example_dags/example_kubernetes_executor.py
[2024-07-26T10:39:57.407+0000] {logging_mixin.py:120} INFO - [2024-07-26T10:39:57.407+0000] {dag.py:2585} INFO - Sync 1 DAGs
[2024-07-26T10:39:57.426+0000] {logging_mixin.py:120} INFO - [2024-07-26T10:39:57.426+0000] {dag.py:3340} INFO - Setting next_dagrun for example_kubernetes_executor to None, run_after=None
[2024-07-26T10:39:57.443+0000] {processor.py:176} INFO - Processing /home/airflow/.local/lib/python3.7/site-packages/airflow/example_dags/example_kubernetes_executor.py took 0.084 seconds
[2024-07-26T11:48:31.568+0000] {processor.py:154} INFO - Started process (PID=7272) to work on /home/airflow/.local/lib/python3.7/site-packages/airflow/example_dags/example_kubernetes_executor.py
[2024-07-26T11:48:31.570+0000] {processor.py:756} INFO - Processing file /home/airflow/.local/lib/python3.7/site-packages/airflow/example_dags/example_kubernetes_executor.py for tasks to queue
[2024-07-26T11:48:31.572+0000] {logging_mixin.py:120} INFO - [2024-07-26T11:48:31.572+0000] {dagbag.py:537} INFO - Filling up the DagBag from /home/airflow/.local/lib/python3.7/site-packages/airflow/example_dags/example_kubernetes_executor.py
[2024-07-26T11:48:31.603+0000] {processor.py:766} INFO - DAG(s) dict_keys(['example_kubernetes_executor']) retrieved from /home/airflow/.local/lib/python3.7/site-packages/airflow/example_dags/example_kubernetes_executor.py
[2024-07-26T11:48:31.650+0000] {logging_mixin.py:120} INFO - [2024-07-26T11:48:31.650+0000] {dag.py:2585} INFO - Sync 1 DAGs
[2024-07-26T11:48:31.671+0000] {logging_mixin.py:120} INFO - [2024-07-26T11:48:31.671+0000] {dag.py:3340} INFO - Setting next_dagrun for example_kubernetes_executor to None, run_after=None
[2024-07-26T11:48:31.701+0000] {processor.py:176} INFO - Processing /home/airflow/.local/lib/python3.7/site-packages/airflow/example_dags/example_kubernetes_executor.py took 0.134 seconds
[2024-07-26T12:13:06.766+0000] {processor.py:154} INFO - Started process (PID=7336) to work on /home/airflow/.local/lib/python3.7/site-packages/airflow/example_dags/example_kubernetes_executor.py
[2024-07-26T12:13:06.768+0000] {processor.py:756} INFO - Processing file /home/airflow/.local/lib/python3.7/site-packages/airflow/example_dags/example_kubernetes_executor.py for tasks to queue
[2024-07-26T12:13:06.769+0000] {logging_mixin.py:120} INFO - [2024-07-26T12:13:06.769+0000] {dagbag.py:537} INFO - Filling up the DagBag from /home/airflow/.local/lib/python3.7/site-packages/airflow/example_dags/example_kubernetes_executor.py
[2024-07-26T12:13:06.804+0000] {processor.py:766} INFO - DAG(s) dict_keys(['example_kubernetes_executor']) retrieved from /home/airflow/.local/lib/python3.7/site-packages/airflow/example_dags/example_kubernetes_executor.py
[2024-07-26T12:13:06.852+0000] {logging_mixin.py:120} INFO - [2024-07-26T12:13:06.852+0000] {dag.py:2585} INFO - Sync 1 DAGs
[2024-07-26T12:13:06.870+0000] {logging_mixin.py:120} INFO - [2024-07-26T12:13:06.870+0000] {dag.py:3340} INFO - Setting next_dagrun for example_kubernetes_executor to None, run_after=None
[2024-07-26T12:13:06.887+0000] {processor.py:176} INFO - Processing /home/airflow/.local/lib/python3.7/site-packages/airflow/example_dags/example_kubernetes_executor.py took 0.125 seconds
[2024-07-26T12:19:26.820+0000] {processor.py:154} INFO - Started process (PID=7391) to work on /home/airflow/.local/lib/python3.7/site-packages/airflow/example_dags/example_kubernetes_executor.py
[2024-07-26T12:19:26.823+0000] {processor.py:756} INFO - Processing file /home/airflow/.local/lib/python3.7/site-packages/airflow/example_dags/example_kubernetes_executor.py for tasks to queue
[2024-07-26T12:19:26.827+0000] {logging_mixin.py:120} INFO - [2024-07-26T12:19:26.827+0000] {dagbag.py:537} INFO - Filling up the DagBag from /home/airflow/.local/lib/python3.7/site-packages/airflow/example_dags/example_kubernetes_executor.py
[2024-07-26T12:19:26.860+0000] {processor.py:766} INFO - DAG(s) dict_keys(['example_kubernetes_executor']) retrieved from /home/airflow/.local/lib/python3.7/site-packages/airflow/example_dags/example_kubernetes_executor.py
[2024-07-26T12:19:26.910+0000] {logging_mixin.py:120} INFO - [2024-07-26T12:19:26.910+0000] {dag.py:2585} INFO - Sync 1 DAGs
[2024-07-26T12:19:26.937+0000] {logging_mixin.py:120} INFO - [2024-07-26T12:19:26.937+0000] {dag.py:3340} INFO - Setting next_dagrun for example_kubernetes_executor to None, run_after=None
[2024-07-26T12:19:26.949+0000] {processor.py:176} INFO - Processing /home/airflow/.local/lib/python3.7/site-packages/airflow/example_dags/example_kubernetes_executor.py took 0.131 seconds
[2024-07-26T13:00:09.399+0000] {processor.py:154} INFO - Started process (PID=7454) to work on /home/airflow/.local/lib/python3.7/site-packages/airflow/example_dags/example_kubernetes_executor.py
[2024-07-26T13:00:09.401+0000] {processor.py:756} INFO - Processing file /home/airflow/.local/lib/python3.7/site-packages/airflow/example_dags/example_kubernetes_executor.py for tasks to queue
[2024-07-26T13:00:09.402+0000] {logging_mixin.py:120} INFO - [2024-07-26T13:00:09.402+0000] {dagbag.py:537} INFO - Filling up the DagBag from /home/airflow/.local/lib/python3.7/site-packages/airflow/example_dags/example_kubernetes_executor.py
[2024-07-26T13:00:09.423+0000] {processor.py:766} INFO - DAG(s) dict_keys(['example_kubernetes_executor']) retrieved from /home/airflow/.local/lib/python3.7/site-packages/airflow/example_dags/example_kubernetes_executor.py
[2024-07-26T13:00:09.471+0000] {logging_mixin.py:120} INFO - [2024-07-26T13:00:09.471+0000] {dag.py:2585} INFO - Sync 1 DAGs
[2024-07-26T13:00:09.494+0000] {logging_mixin.py:120} INFO - [2024-07-26T13:00:09.494+0000] {dag.py:3340} INFO - Setting next_dagrun for example_kubernetes_executor to None, run_after=None
[2024-07-26T13:00:09.532+0000] {processor.py:176} INFO - Processing /home/airflow/.local/lib/python3.7/site-packages/airflow/example_dags/example_kubernetes_executor.py took 0.135 seconds
[2024-07-26T13:12:28.686+0000] {processor.py:154} INFO - Started process (PID=7518) to work on /home/airflow/.local/lib/python3.7/site-packages/airflow/example_dags/example_kubernetes_executor.py
[2024-07-26T13:12:28.688+0000] {processor.py:756} INFO - Processing file /home/airflow/.local/lib/python3.7/site-packages/airflow/example_dags/example_kubernetes_executor.py for tasks to queue
[2024-07-26T13:12:28.689+0000] {logging_mixin.py:120} INFO - [2024-07-26T13:12:28.689+0000] {dagbag.py:537} INFO - Filling up the DagBag from /home/airflow/.local/lib/python3.7/site-packages/airflow/example_dags/example_kubernetes_executor.py
[2024-07-26T13:12:28.711+0000] {processor.py:766} INFO - DAG(s) dict_keys(['example_kubernetes_executor']) retrieved from /home/airflow/.local/lib/python3.7/site-packages/airflow/example_dags/example_kubernetes_executor.py
[2024-07-26T13:12:28.754+0000] {logging_mixin.py:120} INFO - [2024-07-26T13:12:28.754+0000] {dag.py:2585} INFO - Sync 1 DAGs
[2024-07-26T13:12:28.774+0000] {logging_mixin.py:120} INFO - [2024-07-26T13:12:28.774+0000] {dag.py:3340} INFO - Setting next_dagrun for example_kubernetes_executor to None, run_after=None
[2024-07-26T13:12:28.795+0000] {processor.py:176} INFO - Processing /home/airflow/.local/lib/python3.7/site-packages/airflow/example_dags/example_kubernetes_executor.py took 0.112 seconds
[2024-07-26T13:43:22.844+0000] {processor.py:154} INFO - Started process (PID=7582) to work on /home/airflow/.local/lib/python3.7/site-packages/airflow/example_dags/example_kubernetes_executor.py
[2024-07-26T13:43:22.847+0000] {processor.py:756} INFO - Processing file /home/airflow/.local/lib/python3.7/site-packages/airflow/example_dags/example_kubernetes_executor.py for tasks to queue
[2024-07-26T13:43:22.851+0000] {logging_mixin.py:120} INFO - [2024-07-26T13:43:22.851+0000] {dagbag.py:537} INFO - Filling up the DagBag from /home/airflow/.local/lib/python3.7/site-packages/airflow/example_dags/example_kubernetes_executor.py
[2024-07-26T13:43:22.872+0000] {processor.py:766} INFO - DAG(s) dict_keys(['example_kubernetes_executor']) retrieved from /home/airflow/.local/lib/python3.7/site-packages/airflow/example_dags/example_kubernetes_executor.py
[2024-07-26T13:43:22.913+0000] {logging_mixin.py:120} INFO - [2024-07-26T13:43:22.913+0000] {dag.py:2585} INFO - Sync 1 DAGs
[2024-07-26T13:43:22.928+0000] {logging_mixin.py:120} INFO - [2024-07-26T13:43:22.928+0000] {dag.py:3340} INFO - Setting next_dagrun for example_kubernetes_executor to None, run_after=None
[2024-07-26T13:43:22.938+0000] {processor.py:176} INFO - Processing /home/airflow/.local/lib/python3.7/site-packages/airflow/example_dags/example_kubernetes_executor.py took 0.111 seconds
[2024-07-26T13:46:54.780+0000] {processor.py:154} INFO - Started process (PID=7646) to work on /home/airflow/.local/lib/python3.7/site-packages/airflow/example_dags/example_kubernetes_executor.py
[2024-07-26T13:46:54.787+0000] {processor.py:756} INFO - Processing file /home/airflow/.local/lib/python3.7/site-packages/airflow/example_dags/example_kubernetes_executor.py for tasks to queue
[2024-07-26T13:46:54.788+0000] {logging_mixin.py:120} INFO - [2024-07-26T13:46:54.788+0000] {dagbag.py:537} INFO - Filling up the DagBag from /home/airflow/.local/lib/python3.7/site-packages/airflow/example_dags/example_kubernetes_executor.py
[2024-07-26T13:46:54.807+0000] {processor.py:766} INFO - DAG(s) dict_keys(['example_kubernetes_executor']) retrieved from /home/airflow/.local/lib/python3.7/site-packages/airflow/example_dags/example_kubernetes_executor.py
[2024-07-26T13:46:54.834+0000] {logging_mixin.py:120} INFO - [2024-07-26T13:46:54.834+0000] {dag.py:2585} INFO - Sync 1 DAGs
[2024-07-26T13:46:54.862+0000] {logging_mixin.py:120} INFO - [2024-07-26T13:46:54.862+0000] {dag.py:3340} INFO - Setting next_dagrun for example_kubernetes_executor to None, run_after=None
[2024-07-26T13:46:54.891+0000] {processor.py:176} INFO - Processing /home/airflow/.local/lib/python3.7/site-packages/airflow/example_dags/example_kubernetes_executor.py took 0.112 seconds
[2024-07-26T13:52:24.295+0000] {processor.py:154} INFO - Started process (PID=7701) to work on /home/airflow/.local/lib/python3.7/site-packages/airflow/example_dags/example_kubernetes_executor.py
[2024-07-26T13:52:24.300+0000] {processor.py:756} INFO - Processing file /home/airflow/.local/lib/python3.7/site-packages/airflow/example_dags/example_kubernetes_executor.py for tasks to queue
[2024-07-26T13:52:24.303+0000] {logging_mixin.py:120} INFO - [2024-07-26T13:52:24.303+0000] {dagbag.py:537} INFO - Filling up the DagBag from /home/airflow/.local/lib/python3.7/site-packages/airflow/example_dags/example_kubernetes_executor.py
[2024-07-26T13:52:24.331+0000] {processor.py:766} INFO - DAG(s) dict_keys(['example_kubernetes_executor']) retrieved from /home/airflow/.local/lib/python3.7/site-packages/airflow/example_dags/example_kubernetes_executor.py
[2024-07-26T13:52:24.362+0000] {logging_mixin.py:120} INFO - [2024-07-26T13:52:24.362+0000] {dag.py:2585} INFO - Sync 1 DAGs
[2024-07-26T13:52:24.382+0000] {logging_mixin.py:120} INFO - [2024-07-26T13:52:24.381+0000] {dag.py:3340} INFO - Setting next_dagrun for example_kubernetes_executor to None, run_after=None
[2024-07-26T13:52:24.398+0000] {processor.py:176} INFO - Processing /home/airflow/.local/lib/python3.7/site-packages/airflow/example_dags/example_kubernetes_executor.py took 0.106 seconds
[2024-07-26T13:54:21.773+0000] {processor.py:154} INFO - Started process (PID=7765) to work on /home/airflow/.local/lib/python3.7/site-packages/airflow/example_dags/example_kubernetes_executor.py
[2024-07-26T13:54:21.777+0000] {processor.py:756} INFO - Processing file /home/airflow/.local/lib/python3.7/site-packages/airflow/example_dags/example_kubernetes_executor.py for tasks to queue
[2024-07-26T13:54:21.778+0000] {logging_mixin.py:120} INFO - [2024-07-26T13:54:21.778+0000] {dagbag.py:537} INFO - Filling up the DagBag from /home/airflow/.local/lib/python3.7/site-packages/airflow/example_dags/example_kubernetes_executor.py
[2024-07-26T13:54:21.796+0000] {processor.py:766} INFO - DAG(s) dict_keys(['example_kubernetes_executor']) retrieved from /home/airflow/.local/lib/python3.7/site-packages/airflow/example_dags/example_kubernetes_executor.py
[2024-07-26T13:54:21.827+0000] {logging_mixin.py:120} INFO - [2024-07-26T13:54:21.827+0000] {dag.py:2585} INFO - Sync 1 DAGs
[2024-07-26T13:54:21.838+0000] {logging_mixin.py:120} INFO - [2024-07-26T13:54:21.838+0000] {dag.py:3340} INFO - Setting next_dagrun for example_kubernetes_executor to None, run_after=None
[2024-07-26T13:54:21.850+0000] {processor.py:176} INFO - Processing /home/airflow/.local/lib/python3.7/site-packages/airflow/example_dags/example_kubernetes_executor.py took 0.078 seconds
[2024-07-26T13:55:29.910+0000] {processor.py:154} INFO - Started process (PID=7829) to work on /home/airflow/.local/lib/python3.7/site-packages/airflow/example_dags/example_kubernetes_executor.py
[2024-07-26T13:55:29.912+0000] {processor.py:756} INFO - Processing file /home/airflow/.local/lib/python3.7/site-packages/airflow/example_dags/example_kubernetes_executor.py for tasks to queue
[2024-07-26T13:55:29.913+0000] {logging_mixin.py:120} INFO - [2024-07-26T13:55:29.912+0000] {dagbag.py:537} INFO - Filling up the DagBag from /home/airflow/.local/lib/python3.7/site-packages/airflow/example_dags/example_kubernetes_executor.py
[2024-07-26T13:55:29.929+0000] {processor.py:766} INFO - DAG(s) dict_keys(['example_kubernetes_executor']) retrieved from /home/airflow/.local/lib/python3.7/site-packages/airflow/example_dags/example_kubernetes_executor.py
[2024-07-26T13:55:29.955+0000] {logging_mixin.py:120} INFO - [2024-07-26T13:55:29.955+0000] {dag.py:2585} INFO - Sync 1 DAGs
[2024-07-26T13:55:29.968+0000] {logging_mixin.py:120} INFO - [2024-07-26T13:55:29.967+0000] {dag.py:3340} INFO - Setting next_dagrun for example_kubernetes_executor to None, run_after=None
[2024-07-26T13:55:29.982+0000] {processor.py:176} INFO - Processing /home/airflow/.local/lib/python3.7/site-packages/airflow/example_dags/example_kubernetes_executor.py took 0.075 seconds
[2024-07-26T14:05:33.425+0000] {processor.py:154} INFO - Started process (PID=7893) to work on /home/airflow/.local/lib/python3.7/site-packages/airflow/example_dags/example_kubernetes_executor.py
[2024-07-26T14:05:33.427+0000] {processor.py:756} INFO - Processing file /home/airflow/.local/lib/python3.7/site-packages/airflow/example_dags/example_kubernetes_executor.py for tasks to queue
[2024-07-26T14:05:33.428+0000] {logging_mixin.py:120} INFO - [2024-07-26T14:05:33.428+0000] {dagbag.py:537} INFO - Filling up the DagBag from /home/airflow/.local/lib/python3.7/site-packages/airflow/example_dags/example_kubernetes_executor.py
[2024-07-26T14:05:33.454+0000] {processor.py:766} INFO - DAG(s) dict_keys(['example_kubernetes_executor']) retrieved from /home/airflow/.local/lib/python3.7/site-packages/airflow/example_dags/example_kubernetes_executor.py
[2024-07-26T14:05:33.493+0000] {logging_mixin.py:120} INFO - [2024-07-26T14:05:33.493+0000] {dag.py:2585} INFO - Sync 1 DAGs
[2024-07-26T14:05:33.513+0000] {logging_mixin.py:120} INFO - [2024-07-26T14:05:33.512+0000] {dag.py:3340} INFO - Setting next_dagrun for example_kubernetes_executor to None, run_after=None
[2024-07-26T14:05:33.542+0000] {processor.py:176} INFO - Processing /home/airflow/.local/lib/python3.7/site-packages/airflow/example_dags/example_kubernetes_executor.py took 0.126 seconds
[2024-07-26T14:06:20.920+0000] {processor.py:154} INFO - Started process (PID=7956) to work on /home/airflow/.local/lib/python3.7/site-packages/airflow/example_dags/example_kubernetes_executor.py
[2024-07-26T14:06:20.921+0000] {processor.py:756} INFO - Processing file /home/airflow/.local/lib/python3.7/site-packages/airflow/example_dags/example_kubernetes_executor.py for tasks to queue
[2024-07-26T14:06:20.922+0000] {logging_mixin.py:120} INFO - [2024-07-26T14:06:20.922+0000] {dagbag.py:537} INFO - Filling up the DagBag from /home/airflow/.local/lib/python3.7/site-packages/airflow/example_dags/example_kubernetes_executor.py
[2024-07-26T14:06:20.941+0000] {processor.py:766} INFO - DAG(s) dict_keys(['example_kubernetes_executor']) retrieved from /home/airflow/.local/lib/python3.7/site-packages/airflow/example_dags/example_kubernetes_executor.py
[2024-07-26T14:06:20.965+0000] {logging_mixin.py:120} INFO - [2024-07-26T14:06:20.965+0000] {dag.py:2585} INFO - Sync 1 DAGs
[2024-07-26T14:06:20.984+0000] {logging_mixin.py:120} INFO - [2024-07-26T14:06:20.984+0000] {dag.py:3340} INFO - Setting next_dagrun for example_kubernetes_executor to None, run_after=None
[2024-07-26T14:06:21.008+0000] {processor.py:176} INFO - Processing /home/airflow/.local/lib/python3.7/site-packages/airflow/example_dags/example_kubernetes_executor.py took 0.090 seconds
