[2024-07-26T00:02:54.376+0000] {processor.py:154} INFO - Started process (PID=4789) to work on /home/airflow/.local/lib/python3.7/site-packages/airflow/example_dags/example_branch_day_of_week_operator.py
[2024-07-26T00:02:54.379+0000] {processor.py:756} INFO - Processing file /home/airflow/.local/lib/python3.7/site-packages/airflow/example_dags/example_branch_day_of_week_operator.py for tasks to queue
[2024-07-26T00:02:54.379+0000] {logging_mixin.py:120} INFO - [2024-07-26T00:02:54.379+0000] {dagbag.py:537} INFO - Filling up the DagBag from /home/airflow/.local/lib/python3.7/site-packages/airflow/example_dags/example_branch_day_of_week_operator.py
[2024-07-26T00:02:54.394+0000] {processor.py:766} INFO - DAG(s) dict_keys(['example_weekday_branch_operator']) retrieved from /home/airflow/.local/lib/python3.7/site-packages/airflow/example_dags/example_branch_day_of_week_operator.py
[2024-07-26T00:02:54.423+0000] {logging_mixin.py:120} INFO - [2024-07-26T00:02:54.423+0000] {dag.py:2585} INFO - Sync 1 DAGs
[2024-07-26T00:02:54.441+0000] {logging_mixin.py:120} INFO - [2024-07-26T00:02:54.441+0000] {dag.py:3340} INFO - Setting next_dagrun for example_weekday_branch_operator to 2024-07-25T00:00:00+00:00, run_after=2024-07-26T00:00:00+00:00
[2024-07-26T00:02:54.461+0000] {processor.py:176} INFO - Processing /home/airflow/.local/lib/python3.7/site-packages/airflow/example_dags/example_branch_day_of_week_operator.py took 0.087 seconds
[2024-07-26T00:16:06.805+0000] {processor.py:154} INFO - Started process (PID=4844) to work on /home/airflow/.local/lib/python3.7/site-packages/airflow/example_dags/example_branch_day_of_week_operator.py
[2024-07-26T00:16:06.810+0000] {processor.py:756} INFO - Processing file /home/airflow/.local/lib/python3.7/site-packages/airflow/example_dags/example_branch_day_of_week_operator.py for tasks to queue
[2024-07-26T00:16:06.815+0000] {logging_mixin.py:120} INFO - [2024-07-26T00:16:06.815+0000] {dagbag.py:537} INFO - Filling up the DagBag from /home/airflow/.local/lib/python3.7/site-packages/airflow/example_dags/example_branch_day_of_week_operator.py
[2024-07-26T00:16:06.833+0000] {processor.py:766} INFO - DAG(s) dict_keys(['example_weekday_branch_operator']) retrieved from /home/airflow/.local/lib/python3.7/site-packages/airflow/example_dags/example_branch_day_of_week_operator.py
[2024-07-26T00:16:06.901+0000] {logging_mixin.py:120} INFO - [2024-07-26T00:16:06.900+0000] {dag.py:2585} INFO - Sync 1 DAGs
[2024-07-26T00:16:06.939+0000] {logging_mixin.py:120} INFO - [2024-07-26T00:16:06.939+0000] {dag.py:3340} INFO - Setting next_dagrun for example_weekday_branch_operator to 2024-07-25T00:00:00+00:00, run_after=2024-07-26T00:00:00+00:00
[2024-07-26T00:16:06.976+0000] {processor.py:176} INFO - Processing /home/airflow/.local/lib/python3.7/site-packages/airflow/example_dags/example_branch_day_of_week_operator.py took 0.175 seconds
[2024-07-26T00:40:52.672+0000] {processor.py:154} INFO - Started process (PID=4908) to work on /home/airflow/.local/lib/python3.7/site-packages/airflow/example_dags/example_branch_day_of_week_operator.py
[2024-07-26T00:40:52.673+0000] {processor.py:756} INFO - Processing file /home/airflow/.local/lib/python3.7/site-packages/airflow/example_dags/example_branch_day_of_week_operator.py for tasks to queue
[2024-07-26T00:40:52.674+0000] {logging_mixin.py:120} INFO - [2024-07-26T00:40:52.674+0000] {dagbag.py:537} INFO - Filling up the DagBag from /home/airflow/.local/lib/python3.7/site-packages/airflow/example_dags/example_branch_day_of_week_operator.py
[2024-07-26T00:40:52.686+0000] {processor.py:766} INFO - DAG(s) dict_keys(['example_weekday_branch_operator']) retrieved from /home/airflow/.local/lib/python3.7/site-packages/airflow/example_dags/example_branch_day_of_week_operator.py
[2024-07-26T00:40:52.719+0000] {logging_mixin.py:120} INFO - [2024-07-26T00:40:52.719+0000] {dag.py:2585} INFO - Sync 1 DAGs
[2024-07-26T00:40:52.737+0000] {logging_mixin.py:120} INFO - [2024-07-26T00:40:52.737+0000] {dag.py:3340} INFO - Setting next_dagrun for example_weekday_branch_operator to 2024-07-25T00:00:00+00:00, run_after=2024-07-26T00:00:00+00:00
[2024-07-26T00:40:52.755+0000] {processor.py:176} INFO - Processing /home/airflow/.local/lib/python3.7/site-packages/airflow/example_dags/example_branch_day_of_week_operator.py took 0.084 seconds
[2024-07-26T01:30:33.490+0000] {processor.py:154} INFO - Started process (PID=4972) to work on /home/airflow/.local/lib/python3.7/site-packages/airflow/example_dags/example_branch_day_of_week_operator.py
[2024-07-26T01:30:33.491+0000] {processor.py:756} INFO - Processing file /home/airflow/.local/lib/python3.7/site-packages/airflow/example_dags/example_branch_day_of_week_operator.py for tasks to queue
[2024-07-26T01:30:33.492+0000] {logging_mixin.py:120} INFO - [2024-07-26T01:30:33.492+0000] {dagbag.py:537} INFO - Filling up the DagBag from /home/airflow/.local/lib/python3.7/site-packages/airflow/example_dags/example_branch_day_of_week_operator.py
[2024-07-26T01:30:33.501+0000] {processor.py:766} INFO - DAG(s) dict_keys(['example_weekday_branch_operator']) retrieved from /home/airflow/.local/lib/python3.7/site-packages/airflow/example_dags/example_branch_day_of_week_operator.py
[2024-07-26T01:30:33.543+0000] {logging_mixin.py:120} INFO - [2024-07-26T01:30:33.543+0000] {dag.py:2585} INFO - Sync 1 DAGs
[2024-07-26T01:30:33.568+0000] {logging_mixin.py:120} INFO - [2024-07-26T01:30:33.567+0000] {dag.py:3340} INFO - Setting next_dagrun for example_weekday_branch_operator to 2024-07-25T00:00:00+00:00, run_after=2024-07-26T00:00:00+00:00
[2024-07-26T01:30:33.584+0000] {processor.py:176} INFO - Processing /home/airflow/.local/lib/python3.7/site-packages/airflow/example_dags/example_branch_day_of_week_operator.py took 0.097 seconds
[2024-07-26T02:00:29.984+0000] {processor.py:154} INFO - Started process (PID=5036) to work on /home/airflow/.local/lib/python3.7/site-packages/airflow/example_dags/example_branch_day_of_week_operator.py
[2024-07-26T02:00:29.986+0000] {processor.py:756} INFO - Processing file /home/airflow/.local/lib/python3.7/site-packages/airflow/example_dags/example_branch_day_of_week_operator.py for tasks to queue
[2024-07-26T02:00:29.987+0000] {logging_mixin.py:120} INFO - [2024-07-26T02:00:29.987+0000] {dagbag.py:537} INFO - Filling up the DagBag from /home/airflow/.local/lib/python3.7/site-packages/airflow/example_dags/example_branch_day_of_week_operator.py
[2024-07-26T02:00:29.999+0000] {processor.py:766} INFO - DAG(s) dict_keys(['example_weekday_branch_operator']) retrieved from /home/airflow/.local/lib/python3.7/site-packages/airflow/example_dags/example_branch_day_of_week_operator.py
[2024-07-26T02:00:30.029+0000] {logging_mixin.py:120} INFO - [2024-07-26T02:00:30.029+0000] {dag.py:2585} INFO - Sync 1 DAGs
[2024-07-26T02:00:30.049+0000] {logging_mixin.py:120} INFO - [2024-07-26T02:00:30.049+0000] {dag.py:3340} INFO - Setting next_dagrun for example_weekday_branch_operator to 2024-07-25T00:00:00+00:00, run_after=2024-07-26T00:00:00+00:00
[2024-07-26T02:00:30.073+0000] {processor.py:176} INFO - Processing /home/airflow/.local/lib/python3.7/site-packages/airflow/example_dags/example_branch_day_of_week_operator.py took 0.090 seconds
[2024-07-26T02:13:02.358+0000] {processor.py:154} INFO - Started process (PID=5099) to work on /home/airflow/.local/lib/python3.7/site-packages/airflow/example_dags/example_branch_day_of_week_operator.py
[2024-07-26T02:13:02.364+0000] {processor.py:756} INFO - Processing file /home/airflow/.local/lib/python3.7/site-packages/airflow/example_dags/example_branch_day_of_week_operator.py for tasks to queue
[2024-07-26T02:13:02.374+0000] {logging_mixin.py:120} INFO - [2024-07-26T02:13:02.373+0000] {dagbag.py:537} INFO - Filling up the DagBag from /home/airflow/.local/lib/python3.7/site-packages/airflow/example_dags/example_branch_day_of_week_operator.py
[2024-07-26T02:13:02.412+0000] {processor.py:766} INFO - DAG(s) dict_keys(['example_weekday_branch_operator']) retrieved from /home/airflow/.local/lib/python3.7/site-packages/airflow/example_dags/example_branch_day_of_week_operator.py
[2024-07-26T02:13:02.550+0000] {logging_mixin.py:120} INFO - [2024-07-26T02:13:02.544+0000] {dag.py:2585} INFO - Sync 1 DAGs
[2024-07-26T02:13:02.592+0000] {logging_mixin.py:120} INFO - [2024-07-26T02:13:02.591+0000] {dag.py:3340} INFO - Setting next_dagrun for example_weekday_branch_operator to 2024-07-25T00:00:00+00:00, run_after=2024-07-26T00:00:00+00:00
[2024-07-26T02:13:02.618+0000] {processor.py:176} INFO - Processing /home/airflow/.local/lib/python3.7/site-packages/airflow/example_dags/example_branch_day_of_week_operator.py took 0.263 seconds
[2024-07-26T02:39:12.116+0000] {processor.py:154} INFO - Started process (PID=5154) to work on /home/airflow/.local/lib/python3.7/site-packages/airflow/example_dags/example_branch_day_of_week_operator.py
[2024-07-26T02:39:12.117+0000] {processor.py:756} INFO - Processing file /home/airflow/.local/lib/python3.7/site-packages/airflow/example_dags/example_branch_day_of_week_operator.py for tasks to queue
[2024-07-26T02:39:12.118+0000] {logging_mixin.py:120} INFO - [2024-07-26T02:39:12.118+0000] {dagbag.py:537} INFO - Filling up the DagBag from /home/airflow/.local/lib/python3.7/site-packages/airflow/example_dags/example_branch_day_of_week_operator.py
[2024-07-26T02:39:12.130+0000] {processor.py:766} INFO - DAG(s) dict_keys(['example_weekday_branch_operator']) retrieved from /home/airflow/.local/lib/python3.7/site-packages/airflow/example_dags/example_branch_day_of_week_operator.py
[2024-07-26T02:39:12.159+0000] {logging_mixin.py:120} INFO - [2024-07-26T02:39:12.159+0000] {dag.py:2585} INFO - Sync 1 DAGs
[2024-07-26T02:39:12.180+0000] {logging_mixin.py:120} INFO - [2024-07-26T02:39:12.180+0000] {dag.py:3340} INFO - Setting next_dagrun for example_weekday_branch_operator to 2024-07-25T00:00:00+00:00, run_after=2024-07-26T00:00:00+00:00
[2024-07-26T02:39:12.197+0000] {processor.py:176} INFO - Processing /home/airflow/.local/lib/python3.7/site-packages/airflow/example_dags/example_branch_day_of_week_operator.py took 0.083 seconds
[2024-07-26T02:58:11.629+0000] {processor.py:154} INFO - Started process (PID=5218) to work on /home/airflow/.local/lib/python3.7/site-packages/airflow/example_dags/example_branch_day_of_week_operator.py
[2024-07-26T02:58:11.632+0000] {processor.py:756} INFO - Processing file /home/airflow/.local/lib/python3.7/site-packages/airflow/example_dags/example_branch_day_of_week_operator.py for tasks to queue
[2024-07-26T02:58:11.634+0000] {logging_mixin.py:120} INFO - [2024-07-26T02:58:11.634+0000] {dagbag.py:537} INFO - Filling up the DagBag from /home/airflow/.local/lib/python3.7/site-packages/airflow/example_dags/example_branch_day_of_week_operator.py
[2024-07-26T02:58:11.647+0000] {processor.py:766} INFO - DAG(s) dict_keys(['example_weekday_branch_operator']) retrieved from /home/airflow/.local/lib/python3.7/site-packages/airflow/example_dags/example_branch_day_of_week_operator.py
[2024-07-26T02:58:11.680+0000] {logging_mixin.py:120} INFO - [2024-07-26T02:58:11.680+0000] {dag.py:2585} INFO - Sync 1 DAGs
[2024-07-26T02:58:11.699+0000] {logging_mixin.py:120} INFO - [2024-07-26T02:58:11.699+0000] {dag.py:3340} INFO - Setting next_dagrun for example_weekday_branch_operator to 2024-07-25T00:00:00+00:00, run_after=2024-07-26T00:00:00+00:00
[2024-07-26T02:58:11.711+0000] {processor.py:176} INFO - Processing /home/airflow/.local/lib/python3.7/site-packages/airflow/example_dags/example_branch_day_of_week_operator.py took 0.084 seconds
[2024-07-26T03:01:34.422+0000] {processor.py:154} INFO - Started process (PID=5282) to work on /home/airflow/.local/lib/python3.7/site-packages/airflow/example_dags/example_branch_day_of_week_operator.py
[2024-07-26T03:01:34.425+0000] {processor.py:756} INFO - Processing file /home/airflow/.local/lib/python3.7/site-packages/airflow/example_dags/example_branch_day_of_week_operator.py for tasks to queue
[2024-07-26T03:01:34.427+0000] {logging_mixin.py:120} INFO - [2024-07-26T03:01:34.427+0000] {dagbag.py:537} INFO - Filling up the DagBag from /home/airflow/.local/lib/python3.7/site-packages/airflow/example_dags/example_branch_day_of_week_operator.py
[2024-07-26T03:01:34.441+0000] {processor.py:766} INFO - DAG(s) dict_keys(['example_weekday_branch_operator']) retrieved from /home/airflow/.local/lib/python3.7/site-packages/airflow/example_dags/example_branch_day_of_week_operator.py
[2024-07-26T03:01:34.475+0000] {logging_mixin.py:120} INFO - [2024-07-26T03:01:34.475+0000] {dag.py:2585} INFO - Sync 1 DAGs
[2024-07-26T03:01:34.500+0000] {logging_mixin.py:120} INFO - [2024-07-26T03:01:34.500+0000] {dag.py:3340} INFO - Setting next_dagrun for example_weekday_branch_operator to 2024-07-25T00:00:00+00:00, run_after=2024-07-26T00:00:00+00:00
[2024-07-26T03:01:34.519+0000] {processor.py:176} INFO - Processing /home/airflow/.local/lib/python3.7/site-packages/airflow/example_dags/example_branch_day_of_week_operator.py took 0.099 seconds
[2024-07-26T03:15:40.892+0000] {processor.py:154} INFO - Started process (PID=5346) to work on /home/airflow/.local/lib/python3.7/site-packages/airflow/example_dags/example_branch_day_of_week_operator.py
[2024-07-26T03:15:40.892+0000] {processor.py:756} INFO - Processing file /home/airflow/.local/lib/python3.7/site-packages/airflow/example_dags/example_branch_day_of_week_operator.py for tasks to queue
[2024-07-26T03:15:40.893+0000] {logging_mixin.py:120} INFO - [2024-07-26T03:15:40.893+0000] {dagbag.py:537} INFO - Filling up the DagBag from /home/airflow/.local/lib/python3.7/site-packages/airflow/example_dags/example_branch_day_of_week_operator.py
[2024-07-26T03:15:40.903+0000] {processor.py:766} INFO - DAG(s) dict_keys(['example_weekday_branch_operator']) retrieved from /home/airflow/.local/lib/python3.7/site-packages/airflow/example_dags/example_branch_day_of_week_operator.py
[2024-07-26T03:15:40.933+0000] {logging_mixin.py:120} INFO - [2024-07-26T03:15:40.933+0000] {dag.py:2585} INFO - Sync 1 DAGs
[2024-07-26T03:15:40.955+0000] {logging_mixin.py:120} INFO - [2024-07-26T03:15:40.955+0000] {dag.py:3340} INFO - Setting next_dagrun for example_weekday_branch_operator to 2024-07-25T00:00:00+00:00, run_after=2024-07-26T00:00:00+00:00
[2024-07-26T03:15:40.971+0000] {processor.py:176} INFO - Processing /home/airflow/.local/lib/python3.7/site-packages/airflow/example_dags/example_branch_day_of_week_operator.py took 0.081 seconds
[2024-07-26T03:32:15.978+0000] {processor.py:154} INFO - Started process (PID=5401) to work on /home/airflow/.local/lib/python3.7/site-packages/airflow/example_dags/example_branch_day_of_week_operator.py
[2024-07-26T03:32:15.979+0000] {processor.py:756} INFO - Processing file /home/airflow/.local/lib/python3.7/site-packages/airflow/example_dags/example_branch_day_of_week_operator.py for tasks to queue
[2024-07-26T03:32:15.980+0000] {logging_mixin.py:120} INFO - [2024-07-26T03:32:15.980+0000] {dagbag.py:537} INFO - Filling up the DagBag from /home/airflow/.local/lib/python3.7/site-packages/airflow/example_dags/example_branch_day_of_week_operator.py
[2024-07-26T03:32:15.990+0000] {processor.py:766} INFO - DAG(s) dict_keys(['example_weekday_branch_operator']) retrieved from /home/airflow/.local/lib/python3.7/site-packages/airflow/example_dags/example_branch_day_of_week_operator.py
[2024-07-26T03:32:16.012+0000] {logging_mixin.py:120} INFO - [2024-07-26T03:32:16.012+0000] {dag.py:2585} INFO - Sync 1 DAGs
[2024-07-26T03:32:16.026+0000] {logging_mixin.py:120} INFO - [2024-07-26T03:32:16.026+0000] {dag.py:3340} INFO - Setting next_dagrun for example_weekday_branch_operator to 2024-07-25T00:00:00+00:00, run_after=2024-07-26T00:00:00+00:00
[2024-07-26T03:32:16.043+0000] {processor.py:176} INFO - Processing /home/airflow/.local/lib/python3.7/site-packages/airflow/example_dags/example_branch_day_of_week_operator.py took 0.068 seconds
[2024-07-26T03:56:58.843+0000] {processor.py:154} INFO - Started process (PID=5465) to work on /home/airflow/.local/lib/python3.7/site-packages/airflow/example_dags/example_branch_day_of_week_operator.py
[2024-07-26T03:56:58.845+0000] {processor.py:756} INFO - Processing file /home/airflow/.local/lib/python3.7/site-packages/airflow/example_dags/example_branch_day_of_week_operator.py for tasks to queue
[2024-07-26T03:56:58.846+0000] {logging_mixin.py:120} INFO - [2024-07-26T03:56:58.846+0000] {dagbag.py:537} INFO - Filling up the DagBag from /home/airflow/.local/lib/python3.7/site-packages/airflow/example_dags/example_branch_day_of_week_operator.py
[2024-07-26T03:56:58.855+0000] {processor.py:766} INFO - DAG(s) dict_keys(['example_weekday_branch_operator']) retrieved from /home/airflow/.local/lib/python3.7/site-packages/airflow/example_dags/example_branch_day_of_week_operator.py
[2024-07-26T03:56:58.892+0000] {logging_mixin.py:120} INFO - [2024-07-26T03:56:58.892+0000] {dag.py:2585} INFO - Sync 1 DAGs
[2024-07-26T03:56:58.906+0000] {logging_mixin.py:120} INFO - [2024-07-26T03:56:58.905+0000] {dag.py:3340} INFO - Setting next_dagrun for example_weekday_branch_operator to 2024-07-25T00:00:00+00:00, run_after=2024-07-26T00:00:00+00:00
[2024-07-26T03:56:58.927+0000] {processor.py:176} INFO - Processing /home/airflow/.local/lib/python3.7/site-packages/airflow/example_dags/example_branch_day_of_week_operator.py took 0.086 seconds
[2024-07-26T04:02:04.592+0000] {processor.py:154} INFO - Started process (PID=5529) to work on /home/airflow/.local/lib/python3.7/site-packages/airflow/example_dags/example_branch_day_of_week_operator.py
[2024-07-26T04:02:04.593+0000] {processor.py:756} INFO - Processing file /home/airflow/.local/lib/python3.7/site-packages/airflow/example_dags/example_branch_day_of_week_operator.py for tasks to queue
[2024-07-26T04:02:04.594+0000] {logging_mixin.py:120} INFO - [2024-07-26T04:02:04.594+0000] {dagbag.py:537} INFO - Filling up the DagBag from /home/airflow/.local/lib/python3.7/site-packages/airflow/example_dags/example_branch_day_of_week_operator.py
[2024-07-26T04:02:04.612+0000] {processor.py:766} INFO - DAG(s) dict_keys(['example_weekday_branch_operator']) retrieved from /home/airflow/.local/lib/python3.7/site-packages/airflow/example_dags/example_branch_day_of_week_operator.py
[2024-07-26T04:02:04.640+0000] {logging_mixin.py:120} INFO - [2024-07-26T04:02:04.640+0000] {dag.py:2585} INFO - Sync 1 DAGs
[2024-07-26T04:02:04.661+0000] {logging_mixin.py:120} INFO - [2024-07-26T04:02:04.661+0000] {dag.py:3340} INFO - Setting next_dagrun for example_weekday_branch_operator to 2024-07-25T00:00:00+00:00, run_after=2024-07-26T00:00:00+00:00
[2024-07-26T04:02:04.683+0000] {processor.py:176} INFO - Processing /home/airflow/.local/lib/python3.7/site-packages/airflow/example_dags/example_branch_day_of_week_operator.py took 0.094 seconds
[2024-07-26T04:04:17.171+0000] {processor.py:154} INFO - Started process (PID=5593) to work on /home/airflow/.local/lib/python3.7/site-packages/airflow/example_dags/example_branch_day_of_week_operator.py
[2024-07-26T04:04:17.172+0000] {processor.py:756} INFO - Processing file /home/airflow/.local/lib/python3.7/site-packages/airflow/example_dags/example_branch_day_of_week_operator.py for tasks to queue
[2024-07-26T04:04:17.173+0000] {logging_mixin.py:120} INFO - [2024-07-26T04:04:17.173+0000] {dagbag.py:537} INFO - Filling up the DagBag from /home/airflow/.local/lib/python3.7/site-packages/airflow/example_dags/example_branch_day_of_week_operator.py
[2024-07-26T04:04:17.183+0000] {processor.py:766} INFO - DAG(s) dict_keys(['example_weekday_branch_operator']) retrieved from /home/airflow/.local/lib/python3.7/site-packages/airflow/example_dags/example_branch_day_of_week_operator.py
[2024-07-26T04:04:17.219+0000] {logging_mixin.py:120} INFO - [2024-07-26T04:04:17.219+0000] {dag.py:2585} INFO - Sync 1 DAGs
[2024-07-26T04:04:17.239+0000] {logging_mixin.py:120} INFO - [2024-07-26T04:04:17.239+0000] {dag.py:3340} INFO - Setting next_dagrun for example_weekday_branch_operator to 2024-07-25T00:00:00+00:00, run_after=2024-07-26T00:00:00+00:00
[2024-07-26T04:04:17.262+0000] {processor.py:176} INFO - Processing /home/airflow/.local/lib/python3.7/site-packages/airflow/example_dags/example_branch_day_of_week_operator.py took 0.093 seconds
[2024-07-26T04:06:04.354+0000] {processor.py:154} INFO - Started process (PID=5656) to work on /home/airflow/.local/lib/python3.7/site-packages/airflow/example_dags/example_branch_day_of_week_operator.py
[2024-07-26T04:06:04.354+0000] {processor.py:756} INFO - Processing file /home/airflow/.local/lib/python3.7/site-packages/airflow/example_dags/example_branch_day_of_week_operator.py for tasks to queue
[2024-07-26T04:06:04.356+0000] {logging_mixin.py:120} INFO - [2024-07-26T04:06:04.355+0000] {dagbag.py:537} INFO - Filling up the DagBag from /home/airflow/.local/lib/python3.7/site-packages/airflow/example_dags/example_branch_day_of_week_operator.py
[2024-07-26T04:06:04.364+0000] {processor.py:766} INFO - DAG(s) dict_keys(['example_weekday_branch_operator']) retrieved from /home/airflow/.local/lib/python3.7/site-packages/airflow/example_dags/example_branch_day_of_week_operator.py
[2024-07-26T04:06:04.389+0000] {logging_mixin.py:120} INFO - [2024-07-26T04:06:04.389+0000] {dag.py:2585} INFO - Sync 1 DAGs
[2024-07-26T04:06:04.407+0000] {logging_mixin.py:120} INFO - [2024-07-26T04:06:04.407+0000] {dag.py:3340} INFO - Setting next_dagrun for example_weekday_branch_operator to 2024-07-25T00:00:00+00:00, run_after=2024-07-26T00:00:00+00:00
[2024-07-26T04:06:04.424+0000] {processor.py:176} INFO - Processing /home/airflow/.local/lib/python3.7/site-packages/airflow/example_dags/example_branch_day_of_week_operator.py took 0.073 seconds
[2024-07-26T04:08:05.666+0000] {processor.py:154} INFO - Started process (PID=5711) to work on /home/airflow/.local/lib/python3.7/site-packages/airflow/example_dags/example_branch_day_of_week_operator.py
[2024-07-26T04:08:05.666+0000] {processor.py:756} INFO - Processing file /home/airflow/.local/lib/python3.7/site-packages/airflow/example_dags/example_branch_day_of_week_operator.py for tasks to queue
[2024-07-26T04:08:05.667+0000] {logging_mixin.py:120} INFO - [2024-07-26T04:08:05.667+0000] {dagbag.py:537} INFO - Filling up the DagBag from /home/airflow/.local/lib/python3.7/site-packages/airflow/example_dags/example_branch_day_of_week_operator.py
[2024-07-26T04:08:05.679+0000] {processor.py:766} INFO - DAG(s) dict_keys(['example_weekday_branch_operator']) retrieved from /home/airflow/.local/lib/python3.7/site-packages/airflow/example_dags/example_branch_day_of_week_operator.py
[2024-07-26T04:08:05.706+0000] {logging_mixin.py:120} INFO - [2024-07-26T04:08:05.706+0000] {dag.py:2585} INFO - Sync 1 DAGs
[2024-07-26T04:08:05.724+0000] {logging_mixin.py:120} INFO - [2024-07-26T04:08:05.724+0000] {dag.py:3340} INFO - Setting next_dagrun for example_weekday_branch_operator to 2024-07-25T00:00:00+00:00, run_after=2024-07-26T00:00:00+00:00
[2024-07-26T04:08:05.742+0000] {processor.py:176} INFO - Processing /home/airflow/.local/lib/python3.7/site-packages/airflow/example_dags/example_branch_day_of_week_operator.py took 0.078 seconds
[2024-07-26T04:09:01.735+0000] {processor.py:154} INFO - Started process (PID=5775) to work on /home/airflow/.local/lib/python3.7/site-packages/airflow/example_dags/example_branch_day_of_week_operator.py
[2024-07-26T04:09:01.736+0000] {processor.py:756} INFO - Processing file /home/airflow/.local/lib/python3.7/site-packages/airflow/example_dags/example_branch_day_of_week_operator.py for tasks to queue
[2024-07-26T04:09:01.736+0000] {logging_mixin.py:120} INFO - [2024-07-26T04:09:01.736+0000] {dagbag.py:537} INFO - Filling up the DagBag from /home/airflow/.local/lib/python3.7/site-packages/airflow/example_dags/example_branch_day_of_week_operator.py
[2024-07-26T04:09:01.745+0000] {processor.py:766} INFO - DAG(s) dict_keys(['example_weekday_branch_operator']) retrieved from /home/airflow/.local/lib/python3.7/site-packages/airflow/example_dags/example_branch_day_of_week_operator.py
[2024-07-26T04:09:01.766+0000] {logging_mixin.py:120} INFO - [2024-07-26T04:09:01.766+0000] {dag.py:2585} INFO - Sync 1 DAGs
[2024-07-26T04:09:01.786+0000] {logging_mixin.py:120} INFO - [2024-07-26T04:09:01.786+0000] {dag.py:3340} INFO - Setting next_dagrun for example_weekday_branch_operator to 2024-07-25T00:00:00+00:00, run_after=2024-07-26T00:00:00+00:00
[2024-07-26T04:09:01.801+0000] {processor.py:176} INFO - Processing /home/airflow/.local/lib/python3.7/site-packages/airflow/example_dags/example_branch_day_of_week_operator.py took 0.067 seconds
[2024-07-26T04:10:11.223+0000] {processor.py:154} INFO - Started process (PID=5840) to work on /home/airflow/.local/lib/python3.7/site-packages/airflow/example_dags/example_branch_day_of_week_operator.py
[2024-07-26T04:10:11.224+0000] {processor.py:756} INFO - Processing file /home/airflow/.local/lib/python3.7/site-packages/airflow/example_dags/example_branch_day_of_week_operator.py for tasks to queue
[2024-07-26T04:10:11.225+0000] {logging_mixin.py:120} INFO - [2024-07-26T04:10:11.225+0000] {dagbag.py:537} INFO - Filling up the DagBag from /home/airflow/.local/lib/python3.7/site-packages/airflow/example_dags/example_branch_day_of_week_operator.py
[2024-07-26T04:10:11.232+0000] {processor.py:766} INFO - DAG(s) dict_keys(['example_weekday_branch_operator']) retrieved from /home/airflow/.local/lib/python3.7/site-packages/airflow/example_dags/example_branch_day_of_week_operator.py
[2024-07-26T04:10:11.263+0000] {logging_mixin.py:120} INFO - [2024-07-26T04:10:11.263+0000] {dag.py:2585} INFO - Sync 1 DAGs
[2024-07-26T04:10:11.280+0000] {logging_mixin.py:120} INFO - [2024-07-26T04:10:11.280+0000] {dag.py:3340} INFO - Setting next_dagrun for example_weekday_branch_operator to 2024-07-25T00:00:00+00:00, run_after=2024-07-26T00:00:00+00:00
[2024-07-26T04:10:11.297+0000] {processor.py:176} INFO - Processing /home/airflow/.local/lib/python3.7/site-packages/airflow/example_dags/example_branch_day_of_week_operator.py took 0.077 seconds
[2024-07-26T04:11:37.582+0000] {processor.py:154} INFO - Started process (PID=5904) to work on /home/airflow/.local/lib/python3.7/site-packages/airflow/example_dags/example_branch_day_of_week_operator.py
[2024-07-26T04:11:37.586+0000] {processor.py:756} INFO - Processing file /home/airflow/.local/lib/python3.7/site-packages/airflow/example_dags/example_branch_day_of_week_operator.py for tasks to queue
[2024-07-26T04:11:37.589+0000] {logging_mixin.py:120} INFO - [2024-07-26T04:11:37.589+0000] {dagbag.py:537} INFO - Filling up the DagBag from /home/airflow/.local/lib/python3.7/site-packages/airflow/example_dags/example_branch_day_of_week_operator.py
[2024-07-26T04:11:37.600+0000] {processor.py:766} INFO - DAG(s) dict_keys(['example_weekday_branch_operator']) retrieved from /home/airflow/.local/lib/python3.7/site-packages/airflow/example_dags/example_branch_day_of_week_operator.py
[2024-07-26T04:11:37.630+0000] {logging_mixin.py:120} INFO - [2024-07-26T04:11:37.630+0000] {dag.py:2585} INFO - Sync 1 DAGs
[2024-07-26T04:11:37.645+0000] {logging_mixin.py:120} INFO - [2024-07-26T04:11:37.645+0000] {dag.py:3340} INFO - Setting next_dagrun for example_weekday_branch_operator to 2024-07-25T00:00:00+00:00, run_after=2024-07-26T00:00:00+00:00
[2024-07-26T04:11:37.661+0000] {processor.py:176} INFO - Processing /home/airflow/.local/lib/python3.7/site-packages/airflow/example_dags/example_branch_day_of_week_operator.py took 0.080 seconds
[2024-07-26T04:12:21.200+0000] {processor.py:154} INFO - Started process (PID=5966) to work on /home/airflow/.local/lib/python3.7/site-packages/airflow/example_dags/example_branch_day_of_week_operator.py
[2024-07-26T04:12:21.201+0000] {processor.py:756} INFO - Processing file /home/airflow/.local/lib/python3.7/site-packages/airflow/example_dags/example_branch_day_of_week_operator.py for tasks to queue
[2024-07-26T04:12:21.201+0000] {logging_mixin.py:120} INFO - [2024-07-26T04:12:21.201+0000] {dagbag.py:537} INFO - Filling up the DagBag from /home/airflow/.local/lib/python3.7/site-packages/airflow/example_dags/example_branch_day_of_week_operator.py
[2024-07-26T04:12:21.210+0000] {processor.py:766} INFO - DAG(s) dict_keys(['example_weekday_branch_operator']) retrieved from /home/airflow/.local/lib/python3.7/site-packages/airflow/example_dags/example_branch_day_of_week_operator.py
[2024-07-26T04:12:21.232+0000] {logging_mixin.py:120} INFO - [2024-07-26T04:12:21.232+0000] {dag.py:2585} INFO - Sync 1 DAGs
[2024-07-26T04:12:21.250+0000] {logging_mixin.py:120} INFO - [2024-07-26T04:12:21.250+0000] {dag.py:3340} INFO - Setting next_dagrun for example_weekday_branch_operator to 2024-07-25T00:00:00+00:00, run_after=2024-07-26T00:00:00+00:00
[2024-07-26T04:12:21.266+0000] {processor.py:176} INFO - Processing /home/airflow/.local/lib/python3.7/site-packages/airflow/example_dags/example_branch_day_of_week_operator.py took 0.068 seconds
[2024-07-26T04:13:14.497+0000] {processor.py:154} INFO - Started process (PID=6023) to work on /home/airflow/.local/lib/python3.7/site-packages/airflow/example_dags/example_branch_day_of_week_operator.py
[2024-07-26T04:13:14.498+0000] {processor.py:756} INFO - Processing file /home/airflow/.local/lib/python3.7/site-packages/airflow/example_dags/example_branch_day_of_week_operator.py for tasks to queue
[2024-07-26T04:13:14.500+0000] {logging_mixin.py:120} INFO - [2024-07-26T04:13:14.500+0000] {dagbag.py:537} INFO - Filling up the DagBag from /home/airflow/.local/lib/python3.7/site-packages/airflow/example_dags/example_branch_day_of_week_operator.py
[2024-07-26T04:13:14.510+0000] {processor.py:766} INFO - DAG(s) dict_keys(['example_weekday_branch_operator']) retrieved from /home/airflow/.local/lib/python3.7/site-packages/airflow/example_dags/example_branch_day_of_week_operator.py
[2024-07-26T04:13:14.536+0000] {logging_mixin.py:120} INFO - [2024-07-26T04:13:14.536+0000] {dag.py:2585} INFO - Sync 1 DAGs
[2024-07-26T04:13:14.556+0000] {logging_mixin.py:120} INFO - [2024-07-26T04:13:14.556+0000] {dag.py:3340} INFO - Setting next_dagrun for example_weekday_branch_operator to 2024-07-25T00:00:00+00:00, run_after=2024-07-26T00:00:00+00:00
[2024-07-26T04:13:14.572+0000] {processor.py:176} INFO - Processing /home/airflow/.local/lib/python3.7/site-packages/airflow/example_dags/example_branch_day_of_week_operator.py took 0.077 seconds
[2024-07-26T04:14:05.359+0000] {processor.py:154} INFO - Started process (PID=6086) to work on /home/airflow/.local/lib/python3.7/site-packages/airflow/example_dags/example_branch_day_of_week_operator.py
[2024-07-26T04:14:05.360+0000] {processor.py:756} INFO - Processing file /home/airflow/.local/lib/python3.7/site-packages/airflow/example_dags/example_branch_day_of_week_operator.py for tasks to queue
[2024-07-26T04:14:05.360+0000] {logging_mixin.py:120} INFO - [2024-07-26T04:14:05.360+0000] {dagbag.py:537} INFO - Filling up the DagBag from /home/airflow/.local/lib/python3.7/site-packages/airflow/example_dags/example_branch_day_of_week_operator.py
[2024-07-26T04:14:05.373+0000] {processor.py:766} INFO - DAG(s) dict_keys(['example_weekday_branch_operator']) retrieved from /home/airflow/.local/lib/python3.7/site-packages/airflow/example_dags/example_branch_day_of_week_operator.py
[2024-07-26T04:14:05.424+0000] {logging_mixin.py:120} INFO - [2024-07-26T04:14:05.423+0000] {dag.py:2585} INFO - Sync 1 DAGs
[2024-07-26T04:14:05.444+0000] {logging_mixin.py:120} INFO - [2024-07-26T04:14:05.444+0000] {dag.py:3340} INFO - Setting next_dagrun for example_weekday_branch_operator to 2024-07-25T00:00:00+00:00, run_after=2024-07-26T00:00:00+00:00
[2024-07-26T04:14:05.460+0000] {processor.py:176} INFO - Processing /home/airflow/.local/lib/python3.7/site-packages/airflow/example_dags/example_branch_day_of_week_operator.py took 0.103 seconds
[2024-07-26T04:18:33.901+0000] {processor.py:154} INFO - Started process (PID=6150) to work on /home/airflow/.local/lib/python3.7/site-packages/airflow/example_dags/example_branch_day_of_week_operator.py
[2024-07-26T04:18:33.905+0000] {processor.py:756} INFO - Processing file /home/airflow/.local/lib/python3.7/site-packages/airflow/example_dags/example_branch_day_of_week_operator.py for tasks to queue
[2024-07-26T04:18:33.905+0000] {logging_mixin.py:120} INFO - [2024-07-26T04:18:33.905+0000] {dagbag.py:537} INFO - Filling up the DagBag from /home/airflow/.local/lib/python3.7/site-packages/airflow/example_dags/example_branch_day_of_week_operator.py
[2024-07-26T04:18:33.916+0000] {processor.py:766} INFO - DAG(s) dict_keys(['example_weekday_branch_operator']) retrieved from /home/airflow/.local/lib/python3.7/site-packages/airflow/example_dags/example_branch_day_of_week_operator.py
[2024-07-26T04:18:33.940+0000] {logging_mixin.py:120} INFO - [2024-07-26T04:18:33.940+0000] {dag.py:2585} INFO - Sync 1 DAGs
[2024-07-26T04:18:33.960+0000] {logging_mixin.py:120} INFO - [2024-07-26T04:18:33.960+0000] {dag.py:3340} INFO - Setting next_dagrun for example_weekday_branch_operator to 2024-07-25T00:00:00+00:00, run_after=2024-07-26T00:00:00+00:00
[2024-07-26T04:18:33.977+0000] {processor.py:176} INFO - Processing /home/airflow/.local/lib/python3.7/site-packages/airflow/example_dags/example_branch_day_of_week_operator.py took 0.078 seconds
[2024-07-26T04:19:16.156+0000] {processor.py:154} INFO - Started process (PID=6214) to work on /home/airflow/.local/lib/python3.7/site-packages/airflow/example_dags/example_branch_day_of_week_operator.py
[2024-07-26T04:19:16.158+0000] {processor.py:756} INFO - Processing file /home/airflow/.local/lib/python3.7/site-packages/airflow/example_dags/example_branch_day_of_week_operator.py for tasks to queue
[2024-07-26T04:19:16.158+0000] {logging_mixin.py:120} INFO - [2024-07-26T04:19:16.158+0000] {dagbag.py:537} INFO - Filling up the DagBag from /home/airflow/.local/lib/python3.7/site-packages/airflow/example_dags/example_branch_day_of_week_operator.py
[2024-07-26T04:19:16.166+0000] {processor.py:766} INFO - DAG(s) dict_keys(['example_weekday_branch_operator']) retrieved from /home/airflow/.local/lib/python3.7/site-packages/airflow/example_dags/example_branch_day_of_week_operator.py
[2024-07-26T04:19:16.196+0000] {logging_mixin.py:120} INFO - [2024-07-26T04:19:16.196+0000] {dag.py:2585} INFO - Sync 1 DAGs
[2024-07-26T04:19:16.212+0000] {logging_mixin.py:120} INFO - [2024-07-26T04:19:16.212+0000] {dag.py:3340} INFO - Setting next_dagrun for example_weekday_branch_operator to 2024-07-25T00:00:00+00:00, run_after=2024-07-26T00:00:00+00:00
[2024-07-26T04:19:16.229+0000] {processor.py:176} INFO - Processing /home/airflow/.local/lib/python3.7/site-packages/airflow/example_dags/example_branch_day_of_week_operator.py took 0.075 seconds
[2024-07-26T04:20:37.794+0000] {processor.py:154} INFO - Started process (PID=6269) to work on /home/airflow/.local/lib/python3.7/site-packages/airflow/example_dags/example_branch_day_of_week_operator.py
[2024-07-26T04:20:37.795+0000] {processor.py:756} INFO - Processing file /home/airflow/.local/lib/python3.7/site-packages/airflow/example_dags/example_branch_day_of_week_operator.py for tasks to queue
[2024-07-26T04:20:37.795+0000] {logging_mixin.py:120} INFO - [2024-07-26T04:20:37.795+0000] {dagbag.py:537} INFO - Filling up the DagBag from /home/airflow/.local/lib/python3.7/site-packages/airflow/example_dags/example_branch_day_of_week_operator.py
[2024-07-26T04:20:37.803+0000] {processor.py:766} INFO - DAG(s) dict_keys(['example_weekday_branch_operator']) retrieved from /home/airflow/.local/lib/python3.7/site-packages/airflow/example_dags/example_branch_day_of_week_operator.py
[2024-07-26T04:20:37.825+0000] {logging_mixin.py:120} INFO - [2024-07-26T04:20:37.825+0000] {dag.py:2585} INFO - Sync 1 DAGs
[2024-07-26T04:20:37.840+0000] {logging_mixin.py:120} INFO - [2024-07-26T04:20:37.840+0000] {dag.py:3340} INFO - Setting next_dagrun for example_weekday_branch_operator to 2024-07-25T00:00:00+00:00, run_after=2024-07-26T00:00:00+00:00
[2024-07-26T04:20:37.848+0000] {processor.py:176} INFO - Processing /home/airflow/.local/lib/python3.7/site-packages/airflow/example_dags/example_branch_day_of_week_operator.py took 0.056 seconds
[2024-07-26T04:21:41.737+0000] {processor.py:154} INFO - Started process (PID=6332) to work on /home/airflow/.local/lib/python3.7/site-packages/airflow/example_dags/example_branch_day_of_week_operator.py
[2024-07-26T04:21:41.739+0000] {processor.py:756} INFO - Processing file /home/airflow/.local/lib/python3.7/site-packages/airflow/example_dags/example_branch_day_of_week_operator.py for tasks to queue
[2024-07-26T04:21:41.740+0000] {logging_mixin.py:120} INFO - [2024-07-26T04:21:41.740+0000] {dagbag.py:537} INFO - Filling up the DagBag from /home/airflow/.local/lib/python3.7/site-packages/airflow/example_dags/example_branch_day_of_week_operator.py
[2024-07-26T04:21:41.750+0000] {processor.py:766} INFO - DAG(s) dict_keys(['example_weekday_branch_operator']) retrieved from /home/airflow/.local/lib/python3.7/site-packages/airflow/example_dags/example_branch_day_of_week_operator.py
[2024-07-26T04:21:41.776+0000] {logging_mixin.py:120} INFO - [2024-07-26T04:21:41.776+0000] {dag.py:2585} INFO - Sync 1 DAGs
[2024-07-26T04:21:41.789+0000] {logging_mixin.py:120} INFO - [2024-07-26T04:21:41.789+0000] {dag.py:3340} INFO - Setting next_dagrun for example_weekday_branch_operator to 2024-07-25T00:00:00+00:00, run_after=2024-07-26T00:00:00+00:00
[2024-07-26T04:21:41.798+0000] {processor.py:176} INFO - Processing /home/airflow/.local/lib/python3.7/site-packages/airflow/example_dags/example_branch_day_of_week_operator.py took 0.063 seconds
[2024-07-26T04:22:48.105+0000] {processor.py:154} INFO - Started process (PID=6396) to work on /home/airflow/.local/lib/python3.7/site-packages/airflow/example_dags/example_branch_day_of_week_operator.py
[2024-07-26T04:22:48.108+0000] {processor.py:756} INFO - Processing file /home/airflow/.local/lib/python3.7/site-packages/airflow/example_dags/example_branch_day_of_week_operator.py for tasks to queue
[2024-07-26T04:22:48.109+0000] {logging_mixin.py:120} INFO - [2024-07-26T04:22:48.108+0000] {dagbag.py:537} INFO - Filling up the DagBag from /home/airflow/.local/lib/python3.7/site-packages/airflow/example_dags/example_branch_day_of_week_operator.py
[2024-07-26T04:22:48.117+0000] {processor.py:766} INFO - DAG(s) dict_keys(['example_weekday_branch_operator']) retrieved from /home/airflow/.local/lib/python3.7/site-packages/airflow/example_dags/example_branch_day_of_week_operator.py
[2024-07-26T04:22:48.142+0000] {logging_mixin.py:120} INFO - [2024-07-26T04:22:48.142+0000] {dag.py:2585} INFO - Sync 1 DAGs
[2024-07-26T04:22:48.159+0000] {logging_mixin.py:120} INFO - [2024-07-26T04:22:48.159+0000] {dag.py:3340} INFO - Setting next_dagrun for example_weekday_branch_operator to 2024-07-25T00:00:00+00:00, run_after=2024-07-26T00:00:00+00:00
[2024-07-26T04:22:48.177+0000] {processor.py:176} INFO - Processing /home/airflow/.local/lib/python3.7/site-packages/airflow/example_dags/example_branch_day_of_week_operator.py took 0.074 seconds
[2024-07-26T04:34:00.945+0000] {processor.py:154} INFO - Started process (PID=6460) to work on /home/airflow/.local/lib/python3.7/site-packages/airflow/example_dags/example_branch_day_of_week_operator.py
[2024-07-26T04:34:00.949+0000] {processor.py:756} INFO - Processing file /home/airflow/.local/lib/python3.7/site-packages/airflow/example_dags/example_branch_day_of_week_operator.py for tasks to queue
[2024-07-26T04:34:00.950+0000] {logging_mixin.py:120} INFO - [2024-07-26T04:34:00.950+0000] {dagbag.py:537} INFO - Filling up the DagBag from /home/airflow/.local/lib/python3.7/site-packages/airflow/example_dags/example_branch_day_of_week_operator.py
[2024-07-26T04:34:00.963+0000] {processor.py:766} INFO - DAG(s) dict_keys(['example_weekday_branch_operator']) retrieved from /home/airflow/.local/lib/python3.7/site-packages/airflow/example_dags/example_branch_day_of_week_operator.py
[2024-07-26T04:34:01.025+0000] {logging_mixin.py:120} INFO - [2024-07-26T04:34:01.025+0000] {dag.py:2585} INFO - Sync 1 DAGs
[2024-07-26T04:34:01.060+0000] {logging_mixin.py:120} INFO - [2024-07-26T04:34:01.060+0000] {dag.py:3340} INFO - Setting next_dagrun for example_weekday_branch_operator to 2024-07-25T00:00:00+00:00, run_after=2024-07-26T00:00:00+00:00
[2024-07-26T04:34:01.087+0000] {processor.py:176} INFO - Processing /home/airflow/.local/lib/python3.7/site-packages/airflow/example_dags/example_branch_day_of_week_operator.py took 0.150 seconds
[2024-07-26T04:49:13.356+0000] {processor.py:154} INFO - Started process (PID=6524) to work on /home/airflow/.local/lib/python3.7/site-packages/airflow/example_dags/example_branch_day_of_week_operator.py
[2024-07-26T04:49:13.360+0000] {processor.py:756} INFO - Processing file /home/airflow/.local/lib/python3.7/site-packages/airflow/example_dags/example_branch_day_of_week_operator.py for tasks to queue
[2024-07-26T04:49:13.361+0000] {logging_mixin.py:120} INFO - [2024-07-26T04:49:13.361+0000] {dagbag.py:537} INFO - Filling up the DagBag from /home/airflow/.local/lib/python3.7/site-packages/airflow/example_dags/example_branch_day_of_week_operator.py
[2024-07-26T04:49:13.373+0000] {processor.py:766} INFO - DAG(s) dict_keys(['example_weekday_branch_operator']) retrieved from /home/airflow/.local/lib/python3.7/site-packages/airflow/example_dags/example_branch_day_of_week_operator.py
[2024-07-26T04:49:13.403+0000] {logging_mixin.py:120} INFO - [2024-07-26T04:49:13.403+0000] {dag.py:2585} INFO - Sync 1 DAGs
[2024-07-26T04:49:13.420+0000] {logging_mixin.py:120} INFO - [2024-07-26T04:49:13.420+0000] {dag.py:3340} INFO - Setting next_dagrun for example_weekday_branch_operator to 2024-07-25T00:00:00+00:00, run_after=2024-07-26T00:00:00+00:00
[2024-07-26T04:49:13.436+0000] {processor.py:176} INFO - Processing /home/airflow/.local/lib/python3.7/site-packages/airflow/example_dags/example_branch_day_of_week_operator.py took 0.082 seconds
[2024-07-26T04:53:38.105+0000] {processor.py:154} INFO - Started process (PID=6579) to work on /home/airflow/.local/lib/python3.7/site-packages/airflow/example_dags/example_branch_day_of_week_operator.py
[2024-07-26T04:53:38.108+0000] {processor.py:756} INFO - Processing file /home/airflow/.local/lib/python3.7/site-packages/airflow/example_dags/example_branch_day_of_week_operator.py for tasks to queue
[2024-07-26T04:53:38.112+0000] {logging_mixin.py:120} INFO - [2024-07-26T04:53:38.112+0000] {dagbag.py:537} INFO - Filling up the DagBag from /home/airflow/.local/lib/python3.7/site-packages/airflow/example_dags/example_branch_day_of_week_operator.py
[2024-07-26T04:53:38.126+0000] {processor.py:766} INFO - DAG(s) dict_keys(['example_weekday_branch_operator']) retrieved from /home/airflow/.local/lib/python3.7/site-packages/airflow/example_dags/example_branch_day_of_week_operator.py
[2024-07-26T04:53:38.162+0000] {logging_mixin.py:120} INFO - [2024-07-26T04:53:38.162+0000] {dag.py:2585} INFO - Sync 1 DAGs
[2024-07-26T04:53:38.180+0000] {logging_mixin.py:120} INFO - [2024-07-26T04:53:38.180+0000] {dag.py:3340} INFO - Setting next_dagrun for example_weekday_branch_operator to 2024-07-25T00:00:00+00:00, run_after=2024-07-26T00:00:00+00:00
[2024-07-26T04:53:38.199+0000] {processor.py:176} INFO - Processing /home/airflow/.local/lib/python3.7/site-packages/airflow/example_dags/example_branch_day_of_week_operator.py took 0.098 seconds
[2024-07-26T05:02:50.353+0000] {processor.py:154} INFO - Started process (PID=6643) to work on /home/airflow/.local/lib/python3.7/site-packages/airflow/example_dags/example_branch_day_of_week_operator.py
[2024-07-26T05:02:50.356+0000] {processor.py:756} INFO - Processing file /home/airflow/.local/lib/python3.7/site-packages/airflow/example_dags/example_branch_day_of_week_operator.py for tasks to queue
[2024-07-26T05:02:50.358+0000] {logging_mixin.py:120} INFO - [2024-07-26T05:02:50.358+0000] {dagbag.py:537} INFO - Filling up the DagBag from /home/airflow/.local/lib/python3.7/site-packages/airflow/example_dags/example_branch_day_of_week_operator.py
[2024-07-26T05:02:50.371+0000] {processor.py:766} INFO - DAG(s) dict_keys(['example_weekday_branch_operator']) retrieved from /home/airflow/.local/lib/python3.7/site-packages/airflow/example_dags/example_branch_day_of_week_operator.py
[2024-07-26T05:02:50.412+0000] {logging_mixin.py:120} INFO - [2024-07-26T05:02:50.409+0000] {dag.py:2585} INFO - Sync 1 DAGs
[2024-07-26T05:02:50.431+0000] {logging_mixin.py:120} INFO - [2024-07-26T05:02:50.430+0000] {dag.py:3340} INFO - Setting next_dagrun for example_weekday_branch_operator to 2024-07-25T00:00:00+00:00, run_after=2024-07-26T00:00:00+00:00
[2024-07-26T05:02:50.454+0000] {processor.py:176} INFO - Processing /home/airflow/.local/lib/python3.7/site-packages/airflow/example_dags/example_branch_day_of_week_operator.py took 0.103 seconds
[2024-07-26T05:15:52.619+0000] {processor.py:154} INFO - Started process (PID=6707) to work on /home/airflow/.local/lib/python3.7/site-packages/airflow/example_dags/example_branch_day_of_week_operator.py
[2024-07-26T05:15:52.622+0000] {processor.py:756} INFO - Processing file /home/airflow/.local/lib/python3.7/site-packages/airflow/example_dags/example_branch_day_of_week_operator.py for tasks to queue
[2024-07-26T05:15:52.623+0000] {logging_mixin.py:120} INFO - [2024-07-26T05:15:52.623+0000] {dagbag.py:537} INFO - Filling up the DagBag from /home/airflow/.local/lib/python3.7/site-packages/airflow/example_dags/example_branch_day_of_week_operator.py
[2024-07-26T05:15:52.637+0000] {processor.py:766} INFO - DAG(s) dict_keys(['example_weekday_branch_operator']) retrieved from /home/airflow/.local/lib/python3.7/site-packages/airflow/example_dags/example_branch_day_of_week_operator.py
[2024-07-26T05:15:52.678+0000] {logging_mixin.py:120} INFO - [2024-07-26T05:15:52.678+0000] {dag.py:2585} INFO - Sync 1 DAGs
[2024-07-26T05:15:52.697+0000] {logging_mixin.py:120} INFO - [2024-07-26T05:15:52.697+0000] {dag.py:3340} INFO - Setting next_dagrun for example_weekday_branch_operator to 2024-07-25T00:00:00+00:00, run_after=2024-07-26T00:00:00+00:00
[2024-07-26T05:15:52.709+0000] {processor.py:176} INFO - Processing /home/airflow/.local/lib/python3.7/site-packages/airflow/example_dags/example_branch_day_of_week_operator.py took 0.093 seconds
[2024-07-26T05:33:29.469+0000] {processor.py:154} INFO - Started process (PID=6771) to work on /home/airflow/.local/lib/python3.7/site-packages/airflow/example_dags/example_branch_day_of_week_operator.py
[2024-07-26T05:33:29.471+0000] {processor.py:756} INFO - Processing file /home/airflow/.local/lib/python3.7/site-packages/airflow/example_dags/example_branch_day_of_week_operator.py for tasks to queue
[2024-07-26T05:33:29.472+0000] {logging_mixin.py:120} INFO - [2024-07-26T05:33:29.472+0000] {dagbag.py:537} INFO - Filling up the DagBag from /home/airflow/.local/lib/python3.7/site-packages/airflow/example_dags/example_branch_day_of_week_operator.py
[2024-07-26T05:33:29.487+0000] {processor.py:766} INFO - DAG(s) dict_keys(['example_weekday_branch_operator']) retrieved from /home/airflow/.local/lib/python3.7/site-packages/airflow/example_dags/example_branch_day_of_week_operator.py
[2024-07-26T05:33:29.548+0000] {logging_mixin.py:120} INFO - [2024-07-26T05:33:29.548+0000] {dag.py:2585} INFO - Sync 1 DAGs
[2024-07-26T05:33:29.567+0000] {logging_mixin.py:120} INFO - [2024-07-26T05:33:29.567+0000] {dag.py:3340} INFO - Setting next_dagrun for example_weekday_branch_operator to 2024-07-25T00:00:00+00:00, run_after=2024-07-26T00:00:00+00:00
[2024-07-26T05:33:29.579+0000] {processor.py:176} INFO - Processing /home/airflow/.local/lib/python3.7/site-packages/airflow/example_dags/example_branch_day_of_week_operator.py took 0.113 seconds
[2024-07-26T06:09:36.875+0000] {processor.py:154} INFO - Started process (PID=6834) to work on /home/airflow/.local/lib/python3.7/site-packages/airflow/example_dags/example_branch_day_of_week_operator.py
[2024-07-26T06:09:36.877+0000] {processor.py:756} INFO - Processing file /home/airflow/.local/lib/python3.7/site-packages/airflow/example_dags/example_branch_day_of_week_operator.py for tasks to queue
[2024-07-26T06:09:36.878+0000] {logging_mixin.py:120} INFO - [2024-07-26T06:09:36.878+0000] {dagbag.py:537} INFO - Filling up the DagBag from /home/airflow/.local/lib/python3.7/site-packages/airflow/example_dags/example_branch_day_of_week_operator.py
[2024-07-26T06:09:36.893+0000] {processor.py:766} INFO - DAG(s) dict_keys(['example_weekday_branch_operator']) retrieved from /home/airflow/.local/lib/python3.7/site-packages/airflow/example_dags/example_branch_day_of_week_operator.py
[2024-07-26T06:09:36.936+0000] {logging_mixin.py:120} INFO - [2024-07-26T06:09:36.936+0000] {dag.py:2585} INFO - Sync 1 DAGs
[2024-07-26T06:09:36.953+0000] {logging_mixin.py:120} INFO - [2024-07-26T06:09:36.953+0000] {dag.py:3340} INFO - Setting next_dagrun for example_weekday_branch_operator to 2024-07-25T00:00:00+00:00, run_after=2024-07-26T00:00:00+00:00
[2024-07-26T06:09:36.972+0000] {processor.py:176} INFO - Processing /home/airflow/.local/lib/python3.7/site-packages/airflow/example_dags/example_branch_day_of_week_operator.py took 0.099 seconds
[2024-07-26T07:10:33.869+0000] {processor.py:154} INFO - Started process (PID=6889) to work on /home/airflow/.local/lib/python3.7/site-packages/airflow/example_dags/example_branch_day_of_week_operator.py
[2024-07-26T07:10:33.870+0000] {processor.py:756} INFO - Processing file /home/airflow/.local/lib/python3.7/site-packages/airflow/example_dags/example_branch_day_of_week_operator.py for tasks to queue
[2024-07-26T07:10:33.871+0000] {logging_mixin.py:120} INFO - [2024-07-26T07:10:33.871+0000] {dagbag.py:537} INFO - Filling up the DagBag from /home/airflow/.local/lib/python3.7/site-packages/airflow/example_dags/example_branch_day_of_week_operator.py
[2024-07-26T07:10:33.881+0000] {processor.py:766} INFO - DAG(s) dict_keys(['example_weekday_branch_operator']) retrieved from /home/airflow/.local/lib/python3.7/site-packages/airflow/example_dags/example_branch_day_of_week_operator.py
[2024-07-26T07:10:33.914+0000] {logging_mixin.py:120} INFO - [2024-07-26T07:10:33.914+0000] {dag.py:2585} INFO - Sync 1 DAGs
[2024-07-26T07:10:33.930+0000] {logging_mixin.py:120} INFO - [2024-07-26T07:10:33.930+0000] {dag.py:3340} INFO - Setting next_dagrun for example_weekday_branch_operator to 2024-07-25T00:00:00+00:00, run_after=2024-07-26T00:00:00+00:00
[2024-07-26T07:10:33.951+0000] {processor.py:176} INFO - Processing /home/airflow/.local/lib/python3.7/site-packages/airflow/example_dags/example_branch_day_of_week_operator.py took 0.083 seconds
[2024-07-26T08:11:48.154+0000] {processor.py:154} INFO - Started process (PID=6953) to work on /home/airflow/.local/lib/python3.7/site-packages/airflow/example_dags/example_branch_day_of_week_operator.py
[2024-07-26T08:11:48.157+0000] {processor.py:756} INFO - Processing file /home/airflow/.local/lib/python3.7/site-packages/airflow/example_dags/example_branch_day_of_week_operator.py for tasks to queue
[2024-07-26T08:11:48.158+0000] {logging_mixin.py:120} INFO - [2024-07-26T08:11:48.157+0000] {dagbag.py:537} INFO - Filling up the DagBag from /home/airflow/.local/lib/python3.7/site-packages/airflow/example_dags/example_branch_day_of_week_operator.py
[2024-07-26T08:11:48.169+0000] {processor.py:766} INFO - DAG(s) dict_keys(['example_weekday_branch_operator']) retrieved from /home/airflow/.local/lib/python3.7/site-packages/airflow/example_dags/example_branch_day_of_week_operator.py
[2024-07-26T08:11:48.204+0000] {logging_mixin.py:120} INFO - [2024-07-26T08:11:48.204+0000] {dag.py:2585} INFO - Sync 1 DAGs
[2024-07-26T08:11:48.219+0000] {logging_mixin.py:120} INFO - [2024-07-26T08:11:48.219+0000] {dag.py:3340} INFO - Setting next_dagrun for example_weekday_branch_operator to 2024-07-25T00:00:00+00:00, run_after=2024-07-26T00:00:00+00:00
[2024-07-26T08:11:48.239+0000] {processor.py:176} INFO - Processing /home/airflow/.local/lib/python3.7/site-packages/airflow/example_dags/example_branch_day_of_week_operator.py took 0.087 seconds
[2024-07-26T08:36:12.030+0000] {processor.py:154} INFO - Started process (PID=7017) to work on /home/airflow/.local/lib/python3.7/site-packages/airflow/example_dags/example_branch_day_of_week_operator.py
[2024-07-26T08:36:12.031+0000] {processor.py:756} INFO - Processing file /home/airflow/.local/lib/python3.7/site-packages/airflow/example_dags/example_branch_day_of_week_operator.py for tasks to queue
[2024-07-26T08:36:12.033+0000] {logging_mixin.py:120} INFO - [2024-07-26T08:36:12.033+0000] {dagbag.py:537} INFO - Filling up the DagBag from /home/airflow/.local/lib/python3.7/site-packages/airflow/example_dags/example_branch_day_of_week_operator.py
[2024-07-26T08:36:12.047+0000] {processor.py:766} INFO - DAG(s) dict_keys(['example_weekday_branch_operator']) retrieved from /home/airflow/.local/lib/python3.7/site-packages/airflow/example_dags/example_branch_day_of_week_operator.py
[2024-07-26T08:36:12.079+0000] {logging_mixin.py:120} INFO - [2024-07-26T08:36:12.079+0000] {dag.py:2585} INFO - Sync 1 DAGs
[2024-07-26T08:36:12.093+0000] {logging_mixin.py:120} INFO - [2024-07-26T08:36:12.093+0000] {dag.py:3340} INFO - Setting next_dagrun for example_weekday_branch_operator to 2024-07-25T00:00:00+00:00, run_after=2024-07-26T00:00:00+00:00
[2024-07-26T08:36:12.105+0000] {processor.py:176} INFO - Processing /home/airflow/.local/lib/python3.7/site-packages/airflow/example_dags/example_branch_day_of_week_operator.py took 0.077 seconds
[2024-07-26T09:29:26.571+0000] {processor.py:154} INFO - Started process (PID=7081) to work on /home/airflow/.local/lib/python3.7/site-packages/airflow/example_dags/example_branch_day_of_week_operator.py
[2024-07-26T09:29:26.572+0000] {processor.py:756} INFO - Processing file /home/airflow/.local/lib/python3.7/site-packages/airflow/example_dags/example_branch_day_of_week_operator.py for tasks to queue
[2024-07-26T09:29:26.576+0000] {logging_mixin.py:120} INFO - [2024-07-26T09:29:26.575+0000] {dagbag.py:537} INFO - Filling up the DagBag from /home/airflow/.local/lib/python3.7/site-packages/airflow/example_dags/example_branch_day_of_week_operator.py
[2024-07-26T09:29:26.586+0000] {processor.py:766} INFO - DAG(s) dict_keys(['example_weekday_branch_operator']) retrieved from /home/airflow/.local/lib/python3.7/site-packages/airflow/example_dags/example_branch_day_of_week_operator.py
[2024-07-26T09:29:26.628+0000] {logging_mixin.py:120} INFO - [2024-07-26T09:29:26.628+0000] {dag.py:2585} INFO - Sync 1 DAGs
[2024-07-26T09:29:26.654+0000] {logging_mixin.py:120} INFO - [2024-07-26T09:29:26.654+0000] {dag.py:3340} INFO - Setting next_dagrun for example_weekday_branch_operator to 2024-07-25T00:00:00+00:00, run_after=2024-07-26T00:00:00+00:00
[2024-07-26T09:29:26.679+0000] {processor.py:176} INFO - Processing /home/airflow/.local/lib/python3.7/site-packages/airflow/example_dags/example_branch_day_of_week_operator.py took 0.110 seconds
[2024-07-26T10:30:31.099+0000] {processor.py:154} INFO - Started process (PID=7136) to work on /home/airflow/.local/lib/python3.7/site-packages/airflow/example_dags/example_branch_day_of_week_operator.py
[2024-07-26T10:30:31.101+0000] {processor.py:756} INFO - Processing file /home/airflow/.local/lib/python3.7/site-packages/airflow/example_dags/example_branch_day_of_week_operator.py for tasks to queue
[2024-07-26T10:30:31.103+0000] {logging_mixin.py:120} INFO - [2024-07-26T10:30:31.102+0000] {dagbag.py:537} INFO - Filling up the DagBag from /home/airflow/.local/lib/python3.7/site-packages/airflow/example_dags/example_branch_day_of_week_operator.py
[2024-07-26T10:30:31.116+0000] {processor.py:766} INFO - DAG(s) dict_keys(['example_weekday_branch_operator']) retrieved from /home/airflow/.local/lib/python3.7/site-packages/airflow/example_dags/example_branch_day_of_week_operator.py
[2024-07-26T10:30:31.147+0000] {logging_mixin.py:120} INFO - [2024-07-26T10:30:31.147+0000] {dag.py:2585} INFO - Sync 1 DAGs
[2024-07-26T10:30:31.163+0000] {logging_mixin.py:120} INFO - [2024-07-26T10:30:31.163+0000] {dag.py:3340} INFO - Setting next_dagrun for example_weekday_branch_operator to 2024-07-25T00:00:00+00:00, run_after=2024-07-26T00:00:00+00:00
[2024-07-26T10:30:31.190+0000] {processor.py:176} INFO - Processing /home/airflow/.local/lib/python3.7/site-packages/airflow/example_dags/example_branch_day_of_week_operator.py took 0.092 seconds
[2024-07-26T10:39:56.994+0000] {processor.py:154} INFO - Started process (PID=7200) to work on /home/airflow/.local/lib/python3.7/site-packages/airflow/example_dags/example_branch_day_of_week_operator.py
[2024-07-26T10:39:56.997+0000] {processor.py:756} INFO - Processing file /home/airflow/.local/lib/python3.7/site-packages/airflow/example_dags/example_branch_day_of_week_operator.py for tasks to queue
[2024-07-26T10:39:56.997+0000] {logging_mixin.py:120} INFO - [2024-07-26T10:39:56.997+0000] {dagbag.py:537} INFO - Filling up the DagBag from /home/airflow/.local/lib/python3.7/site-packages/airflow/example_dags/example_branch_day_of_week_operator.py
[2024-07-26T10:39:57.007+0000] {processor.py:766} INFO - DAG(s) dict_keys(['example_weekday_branch_operator']) retrieved from /home/airflow/.local/lib/python3.7/site-packages/airflow/example_dags/example_branch_day_of_week_operator.py
[2024-07-26T10:39:57.034+0000] {logging_mixin.py:120} INFO - [2024-07-26T10:39:57.034+0000] {dag.py:2585} INFO - Sync 1 DAGs
[2024-07-26T10:39:57.049+0000] {logging_mixin.py:120} INFO - [2024-07-26T10:39:57.049+0000] {dag.py:3340} INFO - Setting next_dagrun for example_weekday_branch_operator to 2024-07-25T00:00:00+00:00, run_after=2024-07-26T00:00:00+00:00
[2024-07-26T10:39:57.079+0000] {processor.py:176} INFO - Processing /home/airflow/.local/lib/python3.7/site-packages/airflow/example_dags/example_branch_day_of_week_operator.py took 0.087 seconds
[2024-07-26T11:48:31.047+0000] {processor.py:154} INFO - Started process (PID=7264) to work on /home/airflow/.local/lib/python3.7/site-packages/airflow/example_dags/example_branch_day_of_week_operator.py
[2024-07-26T11:48:31.048+0000] {processor.py:756} INFO - Processing file /home/airflow/.local/lib/python3.7/site-packages/airflow/example_dags/example_branch_day_of_week_operator.py for tasks to queue
[2024-07-26T11:48:31.049+0000] {logging_mixin.py:120} INFO - [2024-07-26T11:48:31.049+0000] {dagbag.py:537} INFO - Filling up the DagBag from /home/airflow/.local/lib/python3.7/site-packages/airflow/example_dags/example_branch_day_of_week_operator.py
[2024-07-26T11:48:31.062+0000] {processor.py:766} INFO - DAG(s) dict_keys(['example_weekday_branch_operator']) retrieved from /home/airflow/.local/lib/python3.7/site-packages/airflow/example_dags/example_branch_day_of_week_operator.py
[2024-07-26T11:48:31.099+0000] {logging_mixin.py:120} INFO - [2024-07-26T11:48:31.099+0000] {dag.py:2585} INFO - Sync 1 DAGs
[2024-07-26T11:48:31.117+0000] {logging_mixin.py:120} INFO - [2024-07-26T11:48:31.117+0000] {dag.py:3340} INFO - Setting next_dagrun for example_weekday_branch_operator to 2024-07-25T00:00:00+00:00, run_after=2024-07-26T00:00:00+00:00
[2024-07-26T11:48:31.138+0000] {processor.py:176} INFO - Processing /home/airflow/.local/lib/python3.7/site-packages/airflow/example_dags/example_branch_day_of_week_operator.py took 0.093 seconds
[2024-07-26T12:13:06.342+0000] {processor.py:154} INFO - Started process (PID=7328) to work on /home/airflow/.local/lib/python3.7/site-packages/airflow/example_dags/example_branch_day_of_week_operator.py
[2024-07-26T12:13:06.343+0000] {processor.py:756} INFO - Processing file /home/airflow/.local/lib/python3.7/site-packages/airflow/example_dags/example_branch_day_of_week_operator.py for tasks to queue
[2024-07-26T12:13:06.345+0000] {logging_mixin.py:120} INFO - [2024-07-26T12:13:06.345+0000] {dagbag.py:537} INFO - Filling up the DagBag from /home/airflow/.local/lib/python3.7/site-packages/airflow/example_dags/example_branch_day_of_week_operator.py
[2024-07-26T12:13:06.354+0000] {processor.py:766} INFO - DAG(s) dict_keys(['example_weekday_branch_operator']) retrieved from /home/airflow/.local/lib/python3.7/site-packages/airflow/example_dags/example_branch_day_of_week_operator.py
[2024-07-26T12:13:06.398+0000] {logging_mixin.py:120} INFO - [2024-07-26T12:13:06.398+0000] {dag.py:2585} INFO - Sync 1 DAGs
[2024-07-26T12:13:06.420+0000] {logging_mixin.py:120} INFO - [2024-07-26T12:13:06.420+0000] {dag.py:3340} INFO - Setting next_dagrun for example_weekday_branch_operator to 2024-07-25T00:00:00+00:00, run_after=2024-07-26T00:00:00+00:00
[2024-07-26T12:13:06.440+0000] {processor.py:176} INFO - Processing /home/airflow/.local/lib/python3.7/site-packages/airflow/example_dags/example_branch_day_of_week_operator.py took 0.100 seconds
[2024-07-26T12:19:26.369+0000] {processor.py:154} INFO - Started process (PID=7383) to work on /home/airflow/.local/lib/python3.7/site-packages/airflow/example_dags/example_branch_day_of_week_operator.py
[2024-07-26T12:19:26.372+0000] {processor.py:756} INFO - Processing file /home/airflow/.local/lib/python3.7/site-packages/airflow/example_dags/example_branch_day_of_week_operator.py for tasks to queue
[2024-07-26T12:19:26.372+0000] {logging_mixin.py:120} INFO - [2024-07-26T12:19:26.372+0000] {dagbag.py:537} INFO - Filling up the DagBag from /home/airflow/.local/lib/python3.7/site-packages/airflow/example_dags/example_branch_day_of_week_operator.py
[2024-07-26T12:19:26.389+0000] {processor.py:766} INFO - DAG(s) dict_keys(['example_weekday_branch_operator']) retrieved from /home/airflow/.local/lib/python3.7/site-packages/airflow/example_dags/example_branch_day_of_week_operator.py
[2024-07-26T12:19:26.427+0000] {logging_mixin.py:120} INFO - [2024-07-26T12:19:26.427+0000] {dag.py:2585} INFO - Sync 1 DAGs
[2024-07-26T12:19:26.444+0000] {logging_mixin.py:120} INFO - [2024-07-26T12:19:26.444+0000] {dag.py:3340} INFO - Setting next_dagrun for example_weekday_branch_operator to 2024-07-25T00:00:00+00:00, run_after=2024-07-26T00:00:00+00:00
[2024-07-26T12:19:26.458+0000] {processor.py:176} INFO - Processing /home/airflow/.local/lib/python3.7/site-packages/airflow/example_dags/example_branch_day_of_week_operator.py took 0.091 seconds
[2024-07-26T13:00:08.987+0000] {processor.py:154} INFO - Started process (PID=7446) to work on /home/airflow/.local/lib/python3.7/site-packages/airflow/example_dags/example_branch_day_of_week_operator.py
[2024-07-26T13:00:08.990+0000] {processor.py:756} INFO - Processing file /home/airflow/.local/lib/python3.7/site-packages/airflow/example_dags/example_branch_day_of_week_operator.py for tasks to queue
[2024-07-26T13:00:08.991+0000] {logging_mixin.py:120} INFO - [2024-07-26T13:00:08.991+0000] {dagbag.py:537} INFO - Filling up the DagBag from /home/airflow/.local/lib/python3.7/site-packages/airflow/example_dags/example_branch_day_of_week_operator.py
[2024-07-26T13:00:09.003+0000] {processor.py:766} INFO - DAG(s) dict_keys(['example_weekday_branch_operator']) retrieved from /home/airflow/.local/lib/python3.7/site-packages/airflow/example_dags/example_branch_day_of_week_operator.py
[2024-07-26T13:00:09.034+0000] {logging_mixin.py:120} INFO - [2024-07-26T13:00:09.034+0000] {dag.py:2585} INFO - Sync 1 DAGs
[2024-07-26T13:00:09.049+0000] {logging_mixin.py:120} INFO - [2024-07-26T13:00:09.048+0000] {dag.py:3340} INFO - Setting next_dagrun for example_weekday_branch_operator to 2024-07-25T00:00:00+00:00, run_after=2024-07-26T00:00:00+00:00
[2024-07-26T13:00:09.060+0000] {processor.py:176} INFO - Processing /home/airflow/.local/lib/python3.7/site-packages/airflow/example_dags/example_branch_day_of_week_operator.py took 0.077 seconds
[2024-07-26T13:12:28.221+0000] {processor.py:154} INFO - Started process (PID=7510) to work on /home/airflow/.local/lib/python3.7/site-packages/airflow/example_dags/example_branch_day_of_week_operator.py
[2024-07-26T13:12:28.222+0000] {processor.py:756} INFO - Processing file /home/airflow/.local/lib/python3.7/site-packages/airflow/example_dags/example_branch_day_of_week_operator.py for tasks to queue
[2024-07-26T13:12:28.222+0000] {logging_mixin.py:120} INFO - [2024-07-26T13:12:28.222+0000] {dagbag.py:537} INFO - Filling up the DagBag from /home/airflow/.local/lib/python3.7/site-packages/airflow/example_dags/example_branch_day_of_week_operator.py
[2024-07-26T13:12:28.232+0000] {processor.py:766} INFO - DAG(s) dict_keys(['example_weekday_branch_operator']) retrieved from /home/airflow/.local/lib/python3.7/site-packages/airflow/example_dags/example_branch_day_of_week_operator.py
[2024-07-26T13:12:28.268+0000] {logging_mixin.py:120} INFO - [2024-07-26T13:12:28.268+0000] {dag.py:2585} INFO - Sync 1 DAGs
[2024-07-26T13:12:28.290+0000] {logging_mixin.py:120} INFO - [2024-07-26T13:12:28.289+0000] {dag.py:3340} INFO - Setting next_dagrun for example_weekday_branch_operator to 2024-07-25T00:00:00+00:00, run_after=2024-07-26T00:00:00+00:00
[2024-07-26T13:12:28.306+0000] {processor.py:176} INFO - Processing /home/airflow/.local/lib/python3.7/site-packages/airflow/example_dags/example_branch_day_of_week_operator.py took 0.086 seconds
[2024-07-26T13:43:22.375+0000] {processor.py:154} INFO - Started process (PID=7574) to work on /home/airflow/.local/lib/python3.7/site-packages/airflow/example_dags/example_branch_day_of_week_operator.py
[2024-07-26T13:43:22.379+0000] {processor.py:756} INFO - Processing file /home/airflow/.local/lib/python3.7/site-packages/airflow/example_dags/example_branch_day_of_week_operator.py for tasks to queue
[2024-07-26T13:43:22.380+0000] {logging_mixin.py:120} INFO - [2024-07-26T13:43:22.380+0000] {dagbag.py:537} INFO - Filling up the DagBag from /home/airflow/.local/lib/python3.7/site-packages/airflow/example_dags/example_branch_day_of_week_operator.py
[2024-07-26T13:43:22.392+0000] {processor.py:766} INFO - DAG(s) dict_keys(['example_weekday_branch_operator']) retrieved from /home/airflow/.local/lib/python3.7/site-packages/airflow/example_dags/example_branch_day_of_week_operator.py
[2024-07-26T13:43:22.436+0000] {logging_mixin.py:120} INFO - [2024-07-26T13:43:22.436+0000] {dag.py:2585} INFO - Sync 1 DAGs
[2024-07-26T13:43:22.455+0000] {logging_mixin.py:120} INFO - [2024-07-26T13:43:22.455+0000] {dag.py:3340} INFO - Setting next_dagrun for example_weekday_branch_operator to 2024-07-25T00:00:00+00:00, run_after=2024-07-26T00:00:00+00:00
[2024-07-26T13:43:22.470+0000] {processor.py:176} INFO - Processing /home/airflow/.local/lib/python3.7/site-packages/airflow/example_dags/example_branch_day_of_week_operator.py took 0.097 seconds
[2024-07-26T13:46:54.256+0000] {processor.py:154} INFO - Started process (PID=7638) to work on /home/airflow/.local/lib/python3.7/site-packages/airflow/example_dags/example_branch_day_of_week_operator.py
[2024-07-26T13:46:54.257+0000] {processor.py:756} INFO - Processing file /home/airflow/.local/lib/python3.7/site-packages/airflow/example_dags/example_branch_day_of_week_operator.py for tasks to queue
[2024-07-26T13:46:54.257+0000] {logging_mixin.py:120} INFO - [2024-07-26T13:46:54.257+0000] {dagbag.py:537} INFO - Filling up the DagBag from /home/airflow/.local/lib/python3.7/site-packages/airflow/example_dags/example_branch_day_of_week_operator.py
[2024-07-26T13:46:54.271+0000] {processor.py:766} INFO - DAG(s) dict_keys(['example_weekday_branch_operator']) retrieved from /home/airflow/.local/lib/python3.7/site-packages/airflow/example_dags/example_branch_day_of_week_operator.py
[2024-07-26T13:46:54.313+0000] {logging_mixin.py:120} INFO - [2024-07-26T13:46:54.313+0000] {dag.py:2585} INFO - Sync 1 DAGs
[2024-07-26T13:46:54.333+0000] {logging_mixin.py:120} INFO - [2024-07-26T13:46:54.333+0000] {dag.py:3340} INFO - Setting next_dagrun for example_weekday_branch_operator to 2024-07-25T00:00:00+00:00, run_after=2024-07-26T00:00:00+00:00
[2024-07-26T13:46:54.352+0000] {processor.py:176} INFO - Processing /home/airflow/.local/lib/python3.7/site-packages/airflow/example_dags/example_branch_day_of_week_operator.py took 0.098 seconds
[2024-07-26T13:52:23.785+0000] {processor.py:154} INFO - Started process (PID=7693) to work on /home/airflow/.local/lib/python3.7/site-packages/airflow/example_dags/example_branch_day_of_week_operator.py
[2024-07-26T13:52:23.788+0000] {processor.py:756} INFO - Processing file /home/airflow/.local/lib/python3.7/site-packages/airflow/example_dags/example_branch_day_of_week_operator.py for tasks to queue
[2024-07-26T13:52:23.794+0000] {logging_mixin.py:120} INFO - [2024-07-26T13:52:23.793+0000] {dagbag.py:537} INFO - Filling up the DagBag from /home/airflow/.local/lib/python3.7/site-packages/airflow/example_dags/example_branch_day_of_week_operator.py
[2024-07-26T13:52:23.807+0000] {processor.py:766} INFO - DAG(s) dict_keys(['example_weekday_branch_operator']) retrieved from /home/airflow/.local/lib/python3.7/site-packages/airflow/example_dags/example_branch_day_of_week_operator.py
[2024-07-26T13:52:23.867+0000] {logging_mixin.py:120} INFO - [2024-07-26T13:52:23.867+0000] {dag.py:2585} INFO - Sync 1 DAGs
[2024-07-26T13:52:23.891+0000] {logging_mixin.py:120} INFO - [2024-07-26T13:52:23.890+0000] {dag.py:3340} INFO - Setting next_dagrun for example_weekday_branch_operator to 2024-07-25T00:00:00+00:00, run_after=2024-07-26T00:00:00+00:00
[2024-07-26T13:52:23.907+0000] {processor.py:176} INFO - Processing /home/airflow/.local/lib/python3.7/site-packages/airflow/example_dags/example_branch_day_of_week_operator.py took 0.126 seconds
[2024-07-26T13:54:21.437+0000] {processor.py:154} INFO - Started process (PID=7757) to work on /home/airflow/.local/lib/python3.7/site-packages/airflow/example_dags/example_branch_day_of_week_operator.py
[2024-07-26T13:54:21.441+0000] {processor.py:756} INFO - Processing file /home/airflow/.local/lib/python3.7/site-packages/airflow/example_dags/example_branch_day_of_week_operator.py for tasks to queue
[2024-07-26T13:54:21.441+0000] {logging_mixin.py:120} INFO - [2024-07-26T13:54:21.441+0000] {dagbag.py:537} INFO - Filling up the DagBag from /home/airflow/.local/lib/python3.7/site-packages/airflow/example_dags/example_branch_day_of_week_operator.py
[2024-07-26T13:54:21.452+0000] {processor.py:766} INFO - DAG(s) dict_keys(['example_weekday_branch_operator']) retrieved from /home/airflow/.local/lib/python3.7/site-packages/airflow/example_dags/example_branch_day_of_week_operator.py
[2024-07-26T13:54:21.473+0000] {logging_mixin.py:120} INFO - [2024-07-26T13:54:21.473+0000] {dag.py:2585} INFO - Sync 1 DAGs
[2024-07-26T13:54:21.488+0000] {logging_mixin.py:120} INFO - [2024-07-26T13:54:21.488+0000] {dag.py:3340} INFO - Setting next_dagrun for example_weekday_branch_operator to 2024-07-25T00:00:00+00:00, run_after=2024-07-26T00:00:00+00:00
[2024-07-26T13:54:21.503+0000] {processor.py:176} INFO - Processing /home/airflow/.local/lib/python3.7/site-packages/airflow/example_dags/example_branch_day_of_week_operator.py took 0.068 seconds
[2024-07-26T13:55:29.563+0000] {processor.py:154} INFO - Started process (PID=7821) to work on /home/airflow/.local/lib/python3.7/site-packages/airflow/example_dags/example_branch_day_of_week_operator.py
[2024-07-26T13:55:29.564+0000] {processor.py:756} INFO - Processing file /home/airflow/.local/lib/python3.7/site-packages/airflow/example_dags/example_branch_day_of_week_operator.py for tasks to queue
[2024-07-26T13:55:29.566+0000] {logging_mixin.py:120} INFO - [2024-07-26T13:55:29.566+0000] {dagbag.py:537} INFO - Filling up the DagBag from /home/airflow/.local/lib/python3.7/site-packages/airflow/example_dags/example_branch_day_of_week_operator.py
[2024-07-26T13:55:29.574+0000] {processor.py:766} INFO - DAG(s) dict_keys(['example_weekday_branch_operator']) retrieved from /home/airflow/.local/lib/python3.7/site-packages/airflow/example_dags/example_branch_day_of_week_operator.py
[2024-07-26T13:55:29.602+0000] {logging_mixin.py:120} INFO - [2024-07-26T13:55:29.602+0000] {dag.py:2585} INFO - Sync 1 DAGs
[2024-07-26T13:55:29.619+0000] {logging_mixin.py:120} INFO - [2024-07-26T13:55:29.619+0000] {dag.py:3340} INFO - Setting next_dagrun for example_weekday_branch_operator to 2024-07-25T00:00:00+00:00, run_after=2024-07-26T00:00:00+00:00
[2024-07-26T13:55:29.632+0000] {processor.py:176} INFO - Processing /home/airflow/.local/lib/python3.7/site-packages/airflow/example_dags/example_branch_day_of_week_operator.py took 0.071 seconds
[2024-07-26T14:05:32.430+0000] {processor.py:154} INFO - Started process (PID=7885) to work on /home/airflow/.local/lib/python3.7/site-packages/airflow/example_dags/example_branch_day_of_week_operator.py
[2024-07-26T14:05:32.431+0000] {processor.py:756} INFO - Processing file /home/airflow/.local/lib/python3.7/site-packages/airflow/example_dags/example_branch_day_of_week_operator.py for tasks to queue
[2024-07-26T14:05:32.432+0000] {logging_mixin.py:120} INFO - [2024-07-26T14:05:32.432+0000] {dagbag.py:537} INFO - Filling up the DagBag from /home/airflow/.local/lib/python3.7/site-packages/airflow/example_dags/example_branch_day_of_week_operator.py
[2024-07-26T14:05:32.447+0000] {processor.py:766} INFO - DAG(s) dict_keys(['example_weekday_branch_operator']) retrieved from /home/airflow/.local/lib/python3.7/site-packages/airflow/example_dags/example_branch_day_of_week_operator.py
[2024-07-26T14:05:32.486+0000] {logging_mixin.py:120} INFO - [2024-07-26T14:05:32.486+0000] {dag.py:2585} INFO - Sync 1 DAGs
[2024-07-26T14:05:32.506+0000] {logging_mixin.py:120} INFO - [2024-07-26T14:05:32.506+0000] {dag.py:3340} INFO - Setting next_dagrun for example_weekday_branch_operator to 2024-07-25T00:00:00+00:00, run_after=2024-07-26T00:00:00+00:00
[2024-07-26T14:05:32.521+0000] {processor.py:176} INFO - Processing /home/airflow/.local/lib/python3.7/site-packages/airflow/example_dags/example_branch_day_of_week_operator.py took 0.094 seconds
[2024-07-26T14:06:20.427+0000] {processor.py:154} INFO - Started process (PID=7948) to work on /home/airflow/.local/lib/python3.7/site-packages/airflow/example_dags/example_branch_day_of_week_operator.py
[2024-07-26T14:06:20.430+0000] {processor.py:756} INFO - Processing file /home/airflow/.local/lib/python3.7/site-packages/airflow/example_dags/example_branch_day_of_week_operator.py for tasks to queue
[2024-07-26T14:06:20.430+0000] {logging_mixin.py:120} INFO - [2024-07-26T14:06:20.430+0000] {dagbag.py:537} INFO - Filling up the DagBag from /home/airflow/.local/lib/python3.7/site-packages/airflow/example_dags/example_branch_day_of_week_operator.py
[2024-07-26T14:06:20.441+0000] {processor.py:766} INFO - DAG(s) dict_keys(['example_weekday_branch_operator']) retrieved from /home/airflow/.local/lib/python3.7/site-packages/airflow/example_dags/example_branch_day_of_week_operator.py
[2024-07-26T14:06:20.476+0000] {logging_mixin.py:120} INFO - [2024-07-26T14:06:20.476+0000] {dag.py:2585} INFO - Sync 1 DAGs
[2024-07-26T14:06:20.498+0000] {logging_mixin.py:120} INFO - [2024-07-26T14:06:20.498+0000] {dag.py:3340} INFO - Setting next_dagrun for example_weekday_branch_operator to 2024-07-25T00:00:00+00:00, run_after=2024-07-26T00:00:00+00:00
[2024-07-26T14:06:20.519+0000] {processor.py:176} INFO - Processing /home/airflow/.local/lib/python3.7/site-packages/airflow/example_dags/example_branch_day_of_week_operator.py took 0.094 seconds
