[2024-07-26T00:02:53.189+0000] {processor.py:154} INFO - Started process (PID=4767) to work on /home/airflow/.local/lib/python3.7/site-packages/airflow/example_dags/example_branch_labels.py
[2024-07-26T00:02:53.191+0000] {processor.py:756} INFO - Processing file /home/airflow/.local/lib/python3.7/site-packages/airflow/example_dags/example_branch_labels.py for tasks to queue
[2024-07-26T00:02:53.193+0000] {logging_mixin.py:120} INFO - [2024-07-26T00:02:53.193+0000] {dagbag.py:537} INFO - Filling up the DagBag from /home/airflow/.local/lib/python3.7/site-packages/airflow/example_dags/example_branch_labels.py
[2024-07-26T00:02:53.224+0000] {processor.py:766} INFO - DAG(s) dict_keys(['example_branch_labels']) retrieved from /home/airflow/.local/lib/python3.7/site-packages/airflow/example_dags/example_branch_labels.py
[2024-07-26T00:02:53.274+0000] {logging_mixin.py:120} INFO - [2024-07-26T00:02:53.274+0000] {dag.py:2585} INFO - Sync 1 DAGs
[2024-07-26T00:02:53.351+0000] {logging_mixin.py:120} INFO - [2024-07-26T00:02:53.351+0000] {dag.py:3340} INFO - Setting next_dagrun for example_branch_labels to 2024-07-25T00:00:00+00:00, run_after=2024-07-26T00:00:00+00:00
[2024-07-26T00:02:53.399+0000] {processor.py:176} INFO - Processing /home/airflow/.local/lib/python3.7/site-packages/airflow/example_dags/example_branch_labels.py took 0.215 seconds
[2024-07-26T00:16:06.061+0000] {processor.py:154} INFO - Started process (PID=4831) to work on /home/airflow/.local/lib/python3.7/site-packages/airflow/example_dags/example_branch_labels.py
[2024-07-26T00:16:06.063+0000] {processor.py:756} INFO - Processing file /home/airflow/.local/lib/python3.7/site-packages/airflow/example_dags/example_branch_labels.py for tasks to queue
[2024-07-26T00:16:06.068+0000] {logging_mixin.py:120} INFO - [2024-07-26T00:16:06.068+0000] {dagbag.py:537} INFO - Filling up the DagBag from /home/airflow/.local/lib/python3.7/site-packages/airflow/example_dags/example_branch_labels.py
[2024-07-26T00:16:06.078+0000] {processor.py:766} INFO - DAG(s) dict_keys(['example_branch_labels']) retrieved from /home/airflow/.local/lib/python3.7/site-packages/airflow/example_dags/example_branch_labels.py
[2024-07-26T00:16:06.107+0000] {logging_mixin.py:120} INFO - [2024-07-26T00:16:06.107+0000] {dag.py:2585} INFO - Sync 1 DAGs
[2024-07-26T00:16:06.119+0000] {logging_mixin.py:120} INFO - [2024-07-26T00:16:06.119+0000] {dag.py:3340} INFO - Setting next_dagrun for example_branch_labels to 2024-07-25T00:00:00+00:00, run_after=2024-07-26T00:00:00+00:00
[2024-07-26T00:16:06.128+0000] {processor.py:176} INFO - Processing /home/airflow/.local/lib/python3.7/site-packages/airflow/example_dags/example_branch_labels.py took 0.069 seconds
[2024-07-26T00:40:51.756+0000] {processor.py:154} INFO - Started process (PID=4895) to work on /home/airflow/.local/lib/python3.7/site-packages/airflow/example_dags/example_branch_labels.py
[2024-07-26T00:40:51.757+0000] {processor.py:756} INFO - Processing file /home/airflow/.local/lib/python3.7/site-packages/airflow/example_dags/example_branch_labels.py for tasks to queue
[2024-07-26T00:40:51.757+0000] {logging_mixin.py:120} INFO - [2024-07-26T00:40:51.757+0000] {dagbag.py:537} INFO - Filling up the DagBag from /home/airflow/.local/lib/python3.7/site-packages/airflow/example_dags/example_branch_labels.py
[2024-07-26T00:40:51.767+0000] {processor.py:766} INFO - DAG(s) dict_keys(['example_branch_labels']) retrieved from /home/airflow/.local/lib/python3.7/site-packages/airflow/example_dags/example_branch_labels.py
[2024-07-26T00:40:51.805+0000] {logging_mixin.py:120} INFO - [2024-07-26T00:40:51.805+0000] {dag.py:2585} INFO - Sync 1 DAGs
[2024-07-26T00:40:51.824+0000] {logging_mixin.py:120} INFO - [2024-07-26T00:40:51.824+0000] {dag.py:3340} INFO - Setting next_dagrun for example_branch_labels to 2024-07-25T00:00:00+00:00, run_after=2024-07-26T00:00:00+00:00
[2024-07-26T00:40:51.845+0000] {processor.py:176} INFO - Processing /home/airflow/.local/lib/python3.7/site-packages/airflow/example_dags/example_branch_labels.py took 0.091 seconds
[2024-07-26T01:30:32.246+0000] {processor.py:154} INFO - Started process (PID=4959) to work on /home/airflow/.local/lib/python3.7/site-packages/airflow/example_dags/example_branch_labels.py
[2024-07-26T01:30:32.249+0000] {processor.py:756} INFO - Processing file /home/airflow/.local/lib/python3.7/site-packages/airflow/example_dags/example_branch_labels.py for tasks to queue
[2024-07-26T01:30:32.249+0000] {logging_mixin.py:120} INFO - [2024-07-26T01:30:32.249+0000] {dagbag.py:537} INFO - Filling up the DagBag from /home/airflow/.local/lib/python3.7/site-packages/airflow/example_dags/example_branch_labels.py
[2024-07-26T01:30:32.256+0000] {processor.py:766} INFO - DAG(s) dict_keys(['example_branch_labels']) retrieved from /home/airflow/.local/lib/python3.7/site-packages/airflow/example_dags/example_branch_labels.py
[2024-07-26T01:30:32.277+0000] {logging_mixin.py:120} INFO - [2024-07-26T01:30:32.277+0000] {dag.py:2585} INFO - Sync 1 DAGs
[2024-07-26T01:30:32.291+0000] {logging_mixin.py:120} INFO - [2024-07-26T01:30:32.291+0000] {dag.py:3340} INFO - Setting next_dagrun for example_branch_labels to 2024-07-25T00:00:00+00:00, run_after=2024-07-26T00:00:00+00:00
[2024-07-26T01:30:32.300+0000] {processor.py:176} INFO - Processing /home/airflow/.local/lib/python3.7/site-packages/airflow/example_dags/example_branch_labels.py took 0.055 seconds
[2024-07-26T02:00:28.454+0000] {processor.py:154} INFO - Started process (PID=5023) to work on /home/airflow/.local/lib/python3.7/site-packages/airflow/example_dags/example_branch_labels.py
[2024-07-26T02:00:28.455+0000] {processor.py:756} INFO - Processing file /home/airflow/.local/lib/python3.7/site-packages/airflow/example_dags/example_branch_labels.py for tasks to queue
[2024-07-26T02:00:28.456+0000] {logging_mixin.py:120} INFO - [2024-07-26T02:00:28.456+0000] {dagbag.py:537} INFO - Filling up the DagBag from /home/airflow/.local/lib/python3.7/site-packages/airflow/example_dags/example_branch_labels.py
[2024-07-26T02:00:28.474+0000] {processor.py:766} INFO - DAG(s) dict_keys(['example_branch_labels']) retrieved from /home/airflow/.local/lib/python3.7/site-packages/airflow/example_dags/example_branch_labels.py
[2024-07-26T02:00:28.517+0000] {logging_mixin.py:120} INFO - [2024-07-26T02:00:28.517+0000] {dag.py:2585} INFO - Sync 1 DAGs
[2024-07-26T02:00:28.547+0000] {logging_mixin.py:120} INFO - [2024-07-26T02:00:28.547+0000] {dag.py:3340} INFO - Setting next_dagrun for example_branch_labels to 2024-07-25T00:00:00+00:00, run_after=2024-07-26T00:00:00+00:00
[2024-07-26T02:00:28.583+0000] {processor.py:176} INFO - Processing /home/airflow/.local/lib/python3.7/site-packages/airflow/example_dags/example_branch_labels.py took 0.135 seconds
[2024-07-26T02:13:00.067+0000] {processor.py:154} INFO - Started process (PID=5078) to work on /home/airflow/.local/lib/python3.7/site-packages/airflow/example_dags/example_branch_labels.py
[2024-07-26T02:13:00.069+0000] {processor.py:756} INFO - Processing file /home/airflow/.local/lib/python3.7/site-packages/airflow/example_dags/example_branch_labels.py for tasks to queue
[2024-07-26T02:13:00.070+0000] {logging_mixin.py:120} INFO - [2024-07-26T02:13:00.070+0000] {dagbag.py:537} INFO - Filling up the DagBag from /home/airflow/.local/lib/python3.7/site-packages/airflow/example_dags/example_branch_labels.py
[2024-07-26T02:13:00.080+0000] {processor.py:766} INFO - DAG(s) dict_keys(['example_branch_labels']) retrieved from /home/airflow/.local/lib/python3.7/site-packages/airflow/example_dags/example_branch_labels.py
[2024-07-26T02:13:00.100+0000] {logging_mixin.py:120} INFO - [2024-07-26T02:13:00.100+0000] {dag.py:2585} INFO - Sync 1 DAGs
[2024-07-26T02:13:00.112+0000] {logging_mixin.py:120} INFO - [2024-07-26T02:13:00.112+0000] {dag.py:3340} INFO - Setting next_dagrun for example_branch_labels to 2024-07-25T00:00:00+00:00, run_after=2024-07-26T00:00:00+00:00
[2024-07-26T02:13:00.121+0000] {processor.py:176} INFO - Processing /home/airflow/.local/lib/python3.7/site-packages/airflow/example_dags/example_branch_labels.py took 0.056 seconds
[2024-07-26T02:39:11.153+0000] {processor.py:154} INFO - Started process (PID=5141) to work on /home/airflow/.local/lib/python3.7/site-packages/airflow/example_dags/example_branch_labels.py
[2024-07-26T02:39:11.158+0000] {processor.py:756} INFO - Processing file /home/airflow/.local/lib/python3.7/site-packages/airflow/example_dags/example_branch_labels.py for tasks to queue
[2024-07-26T02:39:11.158+0000] {logging_mixin.py:120} INFO - [2024-07-26T02:39:11.158+0000] {dagbag.py:537} INFO - Filling up the DagBag from /home/airflow/.local/lib/python3.7/site-packages/airflow/example_dags/example_branch_labels.py
[2024-07-26T02:39:11.187+0000] {processor.py:766} INFO - DAG(s) dict_keys(['example_branch_labels']) retrieved from /home/airflow/.local/lib/python3.7/site-packages/airflow/example_dags/example_branch_labels.py
[2024-07-26T02:39:11.237+0000] {logging_mixin.py:120} INFO - [2024-07-26T02:39:11.236+0000] {dag.py:2585} INFO - Sync 1 DAGs
[2024-07-26T02:39:11.263+0000] {logging_mixin.py:120} INFO - [2024-07-26T02:39:11.263+0000] {dag.py:3340} INFO - Setting next_dagrun for example_branch_labels to 2024-07-25T00:00:00+00:00, run_after=2024-07-26T00:00:00+00:00
[2024-07-26T02:39:11.289+0000] {processor.py:176} INFO - Processing /home/airflow/.local/lib/python3.7/site-packages/airflow/example_dags/example_branch_labels.py took 0.141 seconds
[2024-07-26T02:58:10.926+0000] {processor.py:154} INFO - Started process (PID=5205) to work on /home/airflow/.local/lib/python3.7/site-packages/airflow/example_dags/example_branch_labels.py
[2024-07-26T02:58:10.928+0000] {processor.py:756} INFO - Processing file /home/airflow/.local/lib/python3.7/site-packages/airflow/example_dags/example_branch_labels.py for tasks to queue
[2024-07-26T02:58:10.929+0000] {logging_mixin.py:120} INFO - [2024-07-26T02:58:10.929+0000] {dagbag.py:537} INFO - Filling up the DagBag from /home/airflow/.local/lib/python3.7/site-packages/airflow/example_dags/example_branch_labels.py
[2024-07-26T02:58:10.938+0000] {processor.py:766} INFO - DAG(s) dict_keys(['example_branch_labels']) retrieved from /home/airflow/.local/lib/python3.7/site-packages/airflow/example_dags/example_branch_labels.py
[2024-07-26T02:58:10.962+0000] {logging_mixin.py:120} INFO - [2024-07-26T02:58:10.962+0000] {dag.py:2585} INFO - Sync 1 DAGs
[2024-07-26T02:58:10.975+0000] {logging_mixin.py:120} INFO - [2024-07-26T02:58:10.974+0000] {dag.py:3340} INFO - Setting next_dagrun for example_branch_labels to 2024-07-25T00:00:00+00:00, run_after=2024-07-26T00:00:00+00:00
[2024-07-26T02:58:10.984+0000] {processor.py:176} INFO - Processing /home/airflow/.local/lib/python3.7/site-packages/airflow/example_dags/example_branch_labels.py took 0.059 seconds
[2024-07-26T03:01:33.544+0000] {processor.py:154} INFO - Started process (PID=5269) to work on /home/airflow/.local/lib/python3.7/site-packages/airflow/example_dags/example_branch_labels.py
[2024-07-26T03:01:33.548+0000] {processor.py:756} INFO - Processing file /home/airflow/.local/lib/python3.7/site-packages/airflow/example_dags/example_branch_labels.py for tasks to queue
[2024-07-26T03:01:33.549+0000] {logging_mixin.py:120} INFO - [2024-07-26T03:01:33.549+0000] {dagbag.py:537} INFO - Filling up the DagBag from /home/airflow/.local/lib/python3.7/site-packages/airflow/example_dags/example_branch_labels.py
[2024-07-26T03:01:33.572+0000] {processor.py:766} INFO - DAG(s) dict_keys(['example_branch_labels']) retrieved from /home/airflow/.local/lib/python3.7/site-packages/airflow/example_dags/example_branch_labels.py
[2024-07-26T03:01:33.609+0000] {logging_mixin.py:120} INFO - [2024-07-26T03:01:33.609+0000] {dag.py:2585} INFO - Sync 1 DAGs
[2024-07-26T03:01:33.632+0000] {logging_mixin.py:120} INFO - [2024-07-26T03:01:33.632+0000] {dag.py:3340} INFO - Setting next_dagrun for example_branch_labels to 2024-07-25T00:00:00+00:00, run_after=2024-07-26T00:00:00+00:00
[2024-07-26T03:01:33.656+0000] {processor.py:176} INFO - Processing /home/airflow/.local/lib/python3.7/site-packages/airflow/example_dags/example_branch_labels.py took 0.120 seconds
[2024-07-26T03:15:39.591+0000] {processor.py:154} INFO - Started process (PID=5332) to work on /home/airflow/.local/lib/python3.7/site-packages/airflow/example_dags/example_branch_labels.py
[2024-07-26T03:15:39.600+0000] {processor.py:756} INFO - Processing file /home/airflow/.local/lib/python3.7/site-packages/airflow/example_dags/example_branch_labels.py for tasks to queue
[2024-07-26T03:15:39.603+0000] {logging_mixin.py:120} INFO - [2024-07-26T03:15:39.603+0000] {dagbag.py:537} INFO - Filling up the DagBag from /home/airflow/.local/lib/python3.7/site-packages/airflow/example_dags/example_branch_labels.py
[2024-07-26T03:15:39.633+0000] {processor.py:766} INFO - DAG(s) dict_keys(['example_branch_labels']) retrieved from /home/airflow/.local/lib/python3.7/site-packages/airflow/example_dags/example_branch_labels.py
[2024-07-26T03:15:39.766+0000] {logging_mixin.py:120} INFO - [2024-07-26T03:15:39.765+0000] {dag.py:2585} INFO - Sync 1 DAGs
[2024-07-26T03:15:39.789+0000] {logging_mixin.py:120} INFO - [2024-07-26T03:15:39.789+0000] {dag.py:3340} INFO - Setting next_dagrun for example_branch_labels to 2024-07-25T00:00:00+00:00, run_after=2024-07-26T00:00:00+00:00
[2024-07-26T03:15:39.810+0000] {processor.py:176} INFO - Processing /home/airflow/.local/lib/python3.7/site-packages/airflow/example_dags/example_branch_labels.py took 0.229 seconds
[2024-07-26T03:32:15.112+0000] {processor.py:154} INFO - Started process (PID=5388) to work on /home/airflow/.local/lib/python3.7/site-packages/airflow/example_dags/example_branch_labels.py
[2024-07-26T03:32:15.118+0000] {processor.py:756} INFO - Processing file /home/airflow/.local/lib/python3.7/site-packages/airflow/example_dags/example_branch_labels.py for tasks to queue
[2024-07-26T03:32:15.121+0000] {logging_mixin.py:120} INFO - [2024-07-26T03:32:15.121+0000] {dagbag.py:537} INFO - Filling up the DagBag from /home/airflow/.local/lib/python3.7/site-packages/airflow/example_dags/example_branch_labels.py
[2024-07-26T03:32:15.140+0000] {processor.py:766} INFO - DAG(s) dict_keys(['example_branch_labels']) retrieved from /home/airflow/.local/lib/python3.7/site-packages/airflow/example_dags/example_branch_labels.py
[2024-07-26T03:32:15.197+0000] {logging_mixin.py:120} INFO - [2024-07-26T03:32:15.197+0000] {dag.py:2585} INFO - Sync 1 DAGs
[2024-07-26T03:32:15.220+0000] {logging_mixin.py:120} INFO - [2024-07-26T03:32:15.220+0000] {dag.py:3340} INFO - Setting next_dagrun for example_branch_labels to 2024-07-25T00:00:00+00:00, run_after=2024-07-26T00:00:00+00:00
[2024-07-26T03:32:15.240+0000] {processor.py:176} INFO - Processing /home/airflow/.local/lib/python3.7/site-packages/airflow/example_dags/example_branch_labels.py took 0.131 seconds
[2024-07-26T03:56:57.256+0000] {processor.py:154} INFO - Started process (PID=5452) to work on /home/airflow/.local/lib/python3.7/site-packages/airflow/example_dags/example_branch_labels.py
[2024-07-26T03:56:57.260+0000] {processor.py:756} INFO - Processing file /home/airflow/.local/lib/python3.7/site-packages/airflow/example_dags/example_branch_labels.py for tasks to queue
[2024-07-26T03:56:57.260+0000] {logging_mixin.py:120} INFO - [2024-07-26T03:56:57.260+0000] {dagbag.py:537} INFO - Filling up the DagBag from /home/airflow/.local/lib/python3.7/site-packages/airflow/example_dags/example_branch_labels.py
[2024-07-26T03:56:57.280+0000] {processor.py:766} INFO - DAG(s) dict_keys(['example_branch_labels']) retrieved from /home/airflow/.local/lib/python3.7/site-packages/airflow/example_dags/example_branch_labels.py
[2024-07-26T03:56:57.336+0000] {logging_mixin.py:120} INFO - [2024-07-26T03:56:57.335+0000] {dag.py:2585} INFO - Sync 1 DAGs
[2024-07-26T03:56:57.374+0000] {logging_mixin.py:120} INFO - [2024-07-26T03:56:57.374+0000] {dag.py:3340} INFO - Setting next_dagrun for example_branch_labels to 2024-07-25T00:00:00+00:00, run_after=2024-07-26T00:00:00+00:00
[2024-07-26T03:56:57.425+0000] {processor.py:176} INFO - Processing /home/airflow/.local/lib/python3.7/site-packages/airflow/example_dags/example_branch_labels.py took 0.176 seconds
[2024-07-26T04:02:03.642+0000] {processor.py:154} INFO - Started process (PID=5516) to work on /home/airflow/.local/lib/python3.7/site-packages/airflow/example_dags/example_branch_labels.py
[2024-07-26T04:02:03.643+0000] {processor.py:756} INFO - Processing file /home/airflow/.local/lib/python3.7/site-packages/airflow/example_dags/example_branch_labels.py for tasks to queue
[2024-07-26T04:02:03.647+0000] {logging_mixin.py:120} INFO - [2024-07-26T04:02:03.647+0000] {dagbag.py:537} INFO - Filling up the DagBag from /home/airflow/.local/lib/python3.7/site-packages/airflow/example_dags/example_branch_labels.py
[2024-07-26T04:02:03.656+0000] {processor.py:766} INFO - DAG(s) dict_keys(['example_branch_labels']) retrieved from /home/airflow/.local/lib/python3.7/site-packages/airflow/example_dags/example_branch_labels.py
[2024-07-26T04:02:03.690+0000] {logging_mixin.py:120} INFO - [2024-07-26T04:02:03.690+0000] {dag.py:2585} INFO - Sync 1 DAGs
[2024-07-26T04:02:03.722+0000] {logging_mixin.py:120} INFO - [2024-07-26T04:02:03.722+0000] {dag.py:3340} INFO - Setting next_dagrun for example_branch_labels to 2024-07-25T00:00:00+00:00, run_after=2024-07-26T00:00:00+00:00
[2024-07-26T04:02:03.744+0000] {processor.py:176} INFO - Processing /home/airflow/.local/lib/python3.7/site-packages/airflow/example_dags/example_branch_labels.py took 0.104 seconds
[2024-07-26T04:04:16.289+0000] {processor.py:154} INFO - Started process (PID=5580) to work on /home/airflow/.local/lib/python3.7/site-packages/airflow/example_dags/example_branch_labels.py
[2024-07-26T04:04:16.296+0000] {processor.py:756} INFO - Processing file /home/airflow/.local/lib/python3.7/site-packages/airflow/example_dags/example_branch_labels.py for tasks to queue
[2024-07-26T04:04:16.298+0000] {logging_mixin.py:120} INFO - [2024-07-26T04:04:16.298+0000] {dagbag.py:537} INFO - Filling up the DagBag from /home/airflow/.local/lib/python3.7/site-packages/airflow/example_dags/example_branch_labels.py
[2024-07-26T04:04:16.309+0000] {processor.py:766} INFO - DAG(s) dict_keys(['example_branch_labels']) retrieved from /home/airflow/.local/lib/python3.7/site-packages/airflow/example_dags/example_branch_labels.py
[2024-07-26T04:04:16.343+0000] {logging_mixin.py:120} INFO - [2024-07-26T04:04:16.343+0000] {dag.py:2585} INFO - Sync 1 DAGs
[2024-07-26T04:04:16.358+0000] {logging_mixin.py:120} INFO - [2024-07-26T04:04:16.358+0000] {dag.py:3340} INFO - Setting next_dagrun for example_branch_labels to 2024-07-25T00:00:00+00:00, run_after=2024-07-26T00:00:00+00:00
[2024-07-26T04:04:16.368+0000] {processor.py:176} INFO - Processing /home/airflow/.local/lib/python3.7/site-packages/airflow/example_dags/example_branch_labels.py took 0.081 seconds
[2024-07-26T04:06:03.081+0000] {processor.py:154} INFO - Started process (PID=5641) to work on /home/airflow/.local/lib/python3.7/site-packages/airflow/example_dags/example_branch_labels.py
[2024-07-26T04:06:03.085+0000] {processor.py:756} INFO - Processing file /home/airflow/.local/lib/python3.7/site-packages/airflow/example_dags/example_branch_labels.py for tasks to queue
[2024-07-26T04:06:03.085+0000] {logging_mixin.py:120} INFO - [2024-07-26T04:06:03.085+0000] {dagbag.py:537} INFO - Filling up the DagBag from /home/airflow/.local/lib/python3.7/site-packages/airflow/example_dags/example_branch_labels.py
[2024-07-26T04:06:03.095+0000] {processor.py:766} INFO - DAG(s) dict_keys(['example_branch_labels']) retrieved from /home/airflow/.local/lib/python3.7/site-packages/airflow/example_dags/example_branch_labels.py
[2024-07-26T04:06:03.478+0000] {logging_mixin.py:120} INFO - [2024-07-26T04:06:03.478+0000] {dag.py:2585} INFO - Sync 1 DAGs
[2024-07-26T04:06:03.615+0000] {logging_mixin.py:120} INFO - [2024-07-26T04:06:03.615+0000] {dag.py:3340} INFO - Setting next_dagrun for example_branch_labels to 2024-07-25T00:00:00+00:00, run_after=2024-07-26T00:00:00+00:00
[2024-07-26T04:06:03.659+0000] {processor.py:176} INFO - Processing /home/airflow/.local/lib/python3.7/site-packages/airflow/example_dags/example_branch_labels.py took 0.580 seconds
[2024-07-26T04:08:04.950+0000] {processor.py:154} INFO - Started process (PID=5698) to work on /home/airflow/.local/lib/python3.7/site-packages/airflow/example_dags/example_branch_labels.py
[2024-07-26T04:08:04.951+0000] {processor.py:756} INFO - Processing file /home/airflow/.local/lib/python3.7/site-packages/airflow/example_dags/example_branch_labels.py for tasks to queue
[2024-07-26T04:08:04.952+0000] {logging_mixin.py:120} INFO - [2024-07-26T04:08:04.952+0000] {dagbag.py:537} INFO - Filling up the DagBag from /home/airflow/.local/lib/python3.7/site-packages/airflow/example_dags/example_branch_labels.py
[2024-07-26T04:08:04.961+0000] {processor.py:766} INFO - DAG(s) dict_keys(['example_branch_labels']) retrieved from /home/airflow/.local/lib/python3.7/site-packages/airflow/example_dags/example_branch_labels.py
[2024-07-26T04:08:04.981+0000] {logging_mixin.py:120} INFO - [2024-07-26T04:08:04.981+0000] {dag.py:2585} INFO - Sync 1 DAGs
[2024-07-26T04:08:04.993+0000] {logging_mixin.py:120} INFO - [2024-07-26T04:08:04.993+0000] {dag.py:3340} INFO - Setting next_dagrun for example_branch_labels to 2024-07-25T00:00:00+00:00, run_after=2024-07-26T00:00:00+00:00
[2024-07-26T04:08:05.002+0000] {processor.py:176} INFO - Processing /home/airflow/.local/lib/python3.7/site-packages/airflow/example_dags/example_branch_labels.py took 0.054 seconds
[2024-07-26T04:09:00.983+0000] {processor.py:154} INFO - Started process (PID=5762) to work on /home/airflow/.local/lib/python3.7/site-packages/airflow/example_dags/example_branch_labels.py
[2024-07-26T04:09:00.983+0000] {processor.py:756} INFO - Processing file /home/airflow/.local/lib/python3.7/site-packages/airflow/example_dags/example_branch_labels.py for tasks to queue
[2024-07-26T04:09:00.987+0000] {logging_mixin.py:120} INFO - [2024-07-26T04:09:00.986+0000] {dagbag.py:537} INFO - Filling up the DagBag from /home/airflow/.local/lib/python3.7/site-packages/airflow/example_dags/example_branch_labels.py
[2024-07-26T04:09:00.995+0000] {processor.py:766} INFO - DAG(s) dict_keys(['example_branch_labels']) retrieved from /home/airflow/.local/lib/python3.7/site-packages/airflow/example_dags/example_branch_labels.py
[2024-07-26T04:09:01.029+0000] {logging_mixin.py:120} INFO - [2024-07-26T04:09:01.029+0000] {dag.py:2585} INFO - Sync 1 DAGs
[2024-07-26T04:09:01.042+0000] {logging_mixin.py:120} INFO - [2024-07-26T04:09:01.042+0000] {dag.py:3340} INFO - Setting next_dagrun for example_branch_labels to 2024-07-25T00:00:00+00:00, run_after=2024-07-26T00:00:00+00:00
[2024-07-26T04:09:01.052+0000] {processor.py:176} INFO - Processing /home/airflow/.local/lib/python3.7/site-packages/airflow/example_dags/example_branch_labels.py took 0.071 seconds
[2024-07-26T04:10:10.565+0000] {processor.py:154} INFO - Started process (PID=5827) to work on /home/airflow/.local/lib/python3.7/site-packages/airflow/example_dags/example_branch_labels.py
[2024-07-26T04:10:10.566+0000] {processor.py:756} INFO - Processing file /home/airflow/.local/lib/python3.7/site-packages/airflow/example_dags/example_branch_labels.py for tasks to queue
[2024-07-26T04:10:10.567+0000] {logging_mixin.py:120} INFO - [2024-07-26T04:10:10.567+0000] {dagbag.py:537} INFO - Filling up the DagBag from /home/airflow/.local/lib/python3.7/site-packages/airflow/example_dags/example_branch_labels.py
[2024-07-26T04:10:10.578+0000] {processor.py:766} INFO - DAG(s) dict_keys(['example_branch_labels']) retrieved from /home/airflow/.local/lib/python3.7/site-packages/airflow/example_dags/example_branch_labels.py
[2024-07-26T04:10:10.606+0000] {logging_mixin.py:120} INFO - [2024-07-26T04:10:10.606+0000] {dag.py:2585} INFO - Sync 1 DAGs
[2024-07-26T04:10:10.621+0000] {logging_mixin.py:120} INFO - [2024-07-26T04:10:10.621+0000] {dag.py:3340} INFO - Setting next_dagrun for example_branch_labels to 2024-07-25T00:00:00+00:00, run_after=2024-07-26T00:00:00+00:00
[2024-07-26T04:10:10.631+0000] {processor.py:176} INFO - Processing /home/airflow/.local/lib/python3.7/site-packages/airflow/example_dags/example_branch_labels.py took 0.068 seconds
[2024-07-26T04:11:36.974+0000] {processor.py:154} INFO - Started process (PID=5891) to work on /home/airflow/.local/lib/python3.7/site-packages/airflow/example_dags/example_branch_labels.py
[2024-07-26T04:11:36.975+0000] {processor.py:756} INFO - Processing file /home/airflow/.local/lib/python3.7/site-packages/airflow/example_dags/example_branch_labels.py for tasks to queue
[2024-07-26T04:11:36.977+0000] {logging_mixin.py:120} INFO - [2024-07-26T04:11:36.977+0000] {dagbag.py:537} INFO - Filling up the DagBag from /home/airflow/.local/lib/python3.7/site-packages/airflow/example_dags/example_branch_labels.py
[2024-07-26T04:11:36.989+0000] {processor.py:766} INFO - DAG(s) dict_keys(['example_branch_labels']) retrieved from /home/airflow/.local/lib/python3.7/site-packages/airflow/example_dags/example_branch_labels.py
[2024-07-26T04:11:37.017+0000] {logging_mixin.py:120} INFO - [2024-07-26T04:11:37.017+0000] {dag.py:2585} INFO - Sync 1 DAGs
[2024-07-26T04:11:37.037+0000] {logging_mixin.py:120} INFO - [2024-07-26T04:11:37.037+0000] {dag.py:3340} INFO - Setting next_dagrun for example_branch_labels to 2024-07-25T00:00:00+00:00, run_after=2024-07-26T00:00:00+00:00
[2024-07-26T04:11:37.051+0000] {processor.py:176} INFO - Processing /home/airflow/.local/lib/python3.7/site-packages/airflow/example_dags/example_branch_labels.py took 0.079 seconds
[2024-07-26T04:12:20.538+0000] {processor.py:154} INFO - Started process (PID=5946) to work on /home/airflow/.local/lib/python3.7/site-packages/airflow/example_dags/example_branch_labels.py
[2024-07-26T04:12:20.540+0000] {processor.py:756} INFO - Processing file /home/airflow/.local/lib/python3.7/site-packages/airflow/example_dags/example_branch_labels.py for tasks to queue
[2024-07-26T04:12:20.540+0000] {logging_mixin.py:120} INFO - [2024-07-26T04:12:20.540+0000] {dagbag.py:537} INFO - Filling up the DagBag from /home/airflow/.local/lib/python3.7/site-packages/airflow/example_dags/example_branch_labels.py
[2024-07-26T04:12:20.548+0000] {processor.py:766} INFO - DAG(s) dict_keys(['example_branch_labels']) retrieved from /home/airflow/.local/lib/python3.7/site-packages/airflow/example_dags/example_branch_labels.py
[2024-07-26T04:12:20.570+0000] {logging_mixin.py:120} INFO - [2024-07-26T04:12:20.570+0000] {dag.py:2585} INFO - Sync 1 DAGs
[2024-07-26T04:12:20.583+0000] {logging_mixin.py:120} INFO - [2024-07-26T04:12:20.583+0000] {dag.py:3340} INFO - Setting next_dagrun for example_branch_labels to 2024-07-25T00:00:00+00:00, run_after=2024-07-26T00:00:00+00:00
[2024-07-26T04:12:20.591+0000] {processor.py:176} INFO - Processing /home/airflow/.local/lib/python3.7/site-packages/airflow/example_dags/example_branch_labels.py took 0.055 seconds
[2024-07-26T04:13:13.729+0000] {processor.py:154} INFO - Started process (PID=6010) to work on /home/airflow/.local/lib/python3.7/site-packages/airflow/example_dags/example_branch_labels.py
[2024-07-26T04:13:13.732+0000] {processor.py:756} INFO - Processing file /home/airflow/.local/lib/python3.7/site-packages/airflow/example_dags/example_branch_labels.py for tasks to queue
[2024-07-26T04:13:13.732+0000] {logging_mixin.py:120} INFO - [2024-07-26T04:13:13.732+0000] {dagbag.py:537} INFO - Filling up the DagBag from /home/airflow/.local/lib/python3.7/site-packages/airflow/example_dags/example_branch_labels.py
[2024-07-26T04:13:13.740+0000] {processor.py:766} INFO - DAG(s) dict_keys(['example_branch_labels']) retrieved from /home/airflow/.local/lib/python3.7/site-packages/airflow/example_dags/example_branch_labels.py
[2024-07-26T04:13:13.760+0000] {logging_mixin.py:120} INFO - [2024-07-26T04:13:13.760+0000] {dag.py:2585} INFO - Sync 1 DAGs
[2024-07-26T04:13:13.772+0000] {logging_mixin.py:120} INFO - [2024-07-26T04:13:13.772+0000] {dag.py:3340} INFO - Setting next_dagrun for example_branch_labels to 2024-07-25T00:00:00+00:00, run_after=2024-07-26T00:00:00+00:00
[2024-07-26T04:13:13.782+0000] {processor.py:176} INFO - Processing /home/airflow/.local/lib/python3.7/site-packages/airflow/example_dags/example_branch_labels.py took 0.055 seconds
[2024-07-26T04:14:04.205+0000] {processor.py:154} INFO - Started process (PID=6073) to work on /home/airflow/.local/lib/python3.7/site-packages/airflow/example_dags/example_branch_labels.py
[2024-07-26T04:14:04.206+0000] {processor.py:756} INFO - Processing file /home/airflow/.local/lib/python3.7/site-packages/airflow/example_dags/example_branch_labels.py for tasks to queue
[2024-07-26T04:14:04.206+0000] {logging_mixin.py:120} INFO - [2024-07-26T04:14:04.206+0000] {dagbag.py:537} INFO - Filling up the DagBag from /home/airflow/.local/lib/python3.7/site-packages/airflow/example_dags/example_branch_labels.py
[2024-07-26T04:14:04.214+0000] {processor.py:766} INFO - DAG(s) dict_keys(['example_branch_labels']) retrieved from /home/airflow/.local/lib/python3.7/site-packages/airflow/example_dags/example_branch_labels.py
[2024-07-26T04:14:04.239+0000] {logging_mixin.py:120} INFO - [2024-07-26T04:14:04.239+0000] {dag.py:2585} INFO - Sync 1 DAGs
[2024-07-26T04:14:04.256+0000] {logging_mixin.py:120} INFO - [2024-07-26T04:14:04.256+0000] {dag.py:3340} INFO - Setting next_dagrun for example_branch_labels to 2024-07-25T00:00:00+00:00, run_after=2024-07-26T00:00:00+00:00
[2024-07-26T04:14:04.265+0000] {processor.py:176} INFO - Processing /home/airflow/.local/lib/python3.7/site-packages/airflow/example_dags/example_branch_labels.py took 0.062 seconds
[2024-07-26T04:18:32.325+0000] {processor.py:154} INFO - Started process (PID=6137) to work on /home/airflow/.local/lib/python3.7/site-packages/airflow/example_dags/example_branch_labels.py
[2024-07-26T04:18:32.330+0000] {processor.py:756} INFO - Processing file /home/airflow/.local/lib/python3.7/site-packages/airflow/example_dags/example_branch_labels.py for tasks to queue
[2024-07-26T04:18:32.331+0000] {logging_mixin.py:120} INFO - [2024-07-26T04:18:32.331+0000] {dagbag.py:537} INFO - Filling up the DagBag from /home/airflow/.local/lib/python3.7/site-packages/airflow/example_dags/example_branch_labels.py
[2024-07-26T04:18:32.364+0000] {processor.py:766} INFO - DAG(s) dict_keys(['example_branch_labels']) retrieved from /home/airflow/.local/lib/python3.7/site-packages/airflow/example_dags/example_branch_labels.py
[2024-07-26T04:18:32.775+0000] {logging_mixin.py:120} INFO - [2024-07-26T04:18:32.775+0000] {dag.py:2585} INFO - Sync 1 DAGs
[2024-07-26T04:18:32.911+0000] {logging_mixin.py:120} INFO - [2024-07-26T04:18:32.911+0000] {dag.py:3340} INFO - Setting next_dagrun for example_branch_labels to 2024-07-25T00:00:00+00:00, run_after=2024-07-26T00:00:00+00:00
[2024-07-26T04:18:32.940+0000] {processor.py:176} INFO - Processing /home/airflow/.local/lib/python3.7/site-packages/airflow/example_dags/example_branch_labels.py took 0.621 seconds
[2024-07-26T04:19:15.520+0000] {processor.py:154} INFO - Started process (PID=6201) to work on /home/airflow/.local/lib/python3.7/site-packages/airflow/example_dags/example_branch_labels.py
[2024-07-26T04:19:15.521+0000] {processor.py:756} INFO - Processing file /home/airflow/.local/lib/python3.7/site-packages/airflow/example_dags/example_branch_labels.py for tasks to queue
[2024-07-26T04:19:15.521+0000] {logging_mixin.py:120} INFO - [2024-07-26T04:19:15.521+0000] {dagbag.py:537} INFO - Filling up the DagBag from /home/airflow/.local/lib/python3.7/site-packages/airflow/example_dags/example_branch_labels.py
[2024-07-26T04:19:15.529+0000] {processor.py:766} INFO - DAG(s) dict_keys(['example_branch_labels']) retrieved from /home/airflow/.local/lib/python3.7/site-packages/airflow/example_dags/example_branch_labels.py
[2024-07-26T04:19:15.551+0000] {logging_mixin.py:120} INFO - [2024-07-26T04:19:15.551+0000] {dag.py:2585} INFO - Sync 1 DAGs
[2024-07-26T04:19:15.567+0000] {logging_mixin.py:120} INFO - [2024-07-26T04:19:15.567+0000] {dag.py:3340} INFO - Setting next_dagrun for example_branch_labels to 2024-07-25T00:00:00+00:00, run_after=2024-07-26T00:00:00+00:00
[2024-07-26T04:19:15.585+0000] {processor.py:176} INFO - Processing /home/airflow/.local/lib/python3.7/site-packages/airflow/example_dags/example_branch_labels.py took 0.067 seconds
[2024-07-26T04:20:37.086+0000] {processor.py:154} INFO - Started process (PID=6256) to work on /home/airflow/.local/lib/python3.7/site-packages/airflow/example_dags/example_branch_labels.py
[2024-07-26T04:20:37.088+0000] {processor.py:756} INFO - Processing file /home/airflow/.local/lib/python3.7/site-packages/airflow/example_dags/example_branch_labels.py for tasks to queue
[2024-07-26T04:20:37.090+0000] {logging_mixin.py:120} INFO - [2024-07-26T04:20:37.090+0000] {dagbag.py:537} INFO - Filling up the DagBag from /home/airflow/.local/lib/python3.7/site-packages/airflow/example_dags/example_branch_labels.py
[2024-07-26T04:20:37.100+0000] {processor.py:766} INFO - DAG(s) dict_keys(['example_branch_labels']) retrieved from /home/airflow/.local/lib/python3.7/site-packages/airflow/example_dags/example_branch_labels.py
[2024-07-26T04:20:37.123+0000] {logging_mixin.py:120} INFO - [2024-07-26T04:20:37.122+0000] {dag.py:2585} INFO - Sync 1 DAGs
[2024-07-26T04:20:37.136+0000] {logging_mixin.py:120} INFO - [2024-07-26T04:20:37.136+0000] {dag.py:3340} INFO - Setting next_dagrun for example_branch_labels to 2024-07-25T00:00:00+00:00, run_after=2024-07-26T00:00:00+00:00
[2024-07-26T04:20:37.144+0000] {processor.py:176} INFO - Processing /home/airflow/.local/lib/python3.7/site-packages/airflow/example_dags/example_branch_labels.py took 0.060 seconds
[2024-07-26T04:21:41.085+0000] {processor.py:154} INFO - Started process (PID=6319) to work on /home/airflow/.local/lib/python3.7/site-packages/airflow/example_dags/example_branch_labels.py
[2024-07-26T04:21:41.087+0000] {processor.py:756} INFO - Processing file /home/airflow/.local/lib/python3.7/site-packages/airflow/example_dags/example_branch_labels.py for tasks to queue
[2024-07-26T04:21:41.088+0000] {logging_mixin.py:120} INFO - [2024-07-26T04:21:41.088+0000] {dagbag.py:537} INFO - Filling up the DagBag from /home/airflow/.local/lib/python3.7/site-packages/airflow/example_dags/example_branch_labels.py
[2024-07-26T04:21:41.100+0000] {processor.py:766} INFO - DAG(s) dict_keys(['example_branch_labels']) retrieved from /home/airflow/.local/lib/python3.7/site-packages/airflow/example_dags/example_branch_labels.py
[2024-07-26T04:21:41.131+0000] {logging_mixin.py:120} INFO - [2024-07-26T04:21:41.131+0000] {dag.py:2585} INFO - Sync 1 DAGs
[2024-07-26T04:21:41.152+0000] {logging_mixin.py:120} INFO - [2024-07-26T04:21:41.151+0000] {dag.py:3340} INFO - Setting next_dagrun for example_branch_labels to 2024-07-25T00:00:00+00:00, run_after=2024-07-26T00:00:00+00:00
[2024-07-26T04:21:41.161+0000] {processor.py:176} INFO - Processing /home/airflow/.local/lib/python3.7/site-packages/airflow/example_dags/example_branch_labels.py took 0.079 seconds
[2024-07-26T04:22:47.410+0000] {processor.py:154} INFO - Started process (PID=6383) to work on /home/airflow/.local/lib/python3.7/site-packages/airflow/example_dags/example_branch_labels.py
[2024-07-26T04:22:47.411+0000] {processor.py:756} INFO - Processing file /home/airflow/.local/lib/python3.7/site-packages/airflow/example_dags/example_branch_labels.py for tasks to queue
[2024-07-26T04:22:47.413+0000] {logging_mixin.py:120} INFO - [2024-07-26T04:22:47.413+0000] {dagbag.py:537} INFO - Filling up the DagBag from /home/airflow/.local/lib/python3.7/site-packages/airflow/example_dags/example_branch_labels.py
[2024-07-26T04:22:47.423+0000] {processor.py:766} INFO - DAG(s) dict_keys(['example_branch_labels']) retrieved from /home/airflow/.local/lib/python3.7/site-packages/airflow/example_dags/example_branch_labels.py
[2024-07-26T04:22:47.445+0000] {logging_mixin.py:120} INFO - [2024-07-26T04:22:47.445+0000] {dag.py:2585} INFO - Sync 1 DAGs
[2024-07-26T04:22:47.460+0000] {logging_mixin.py:120} INFO - [2024-07-26T04:22:47.460+0000] {dag.py:3340} INFO - Setting next_dagrun for example_branch_labels to 2024-07-25T00:00:00+00:00, run_after=2024-07-26T00:00:00+00:00
[2024-07-26T04:22:47.471+0000] {processor.py:176} INFO - Processing /home/airflow/.local/lib/python3.7/site-packages/airflow/example_dags/example_branch_labels.py took 0.063 seconds
[2024-07-26T04:33:59.959+0000] {processor.py:154} INFO - Started process (PID=6447) to work on /home/airflow/.local/lib/python3.7/site-packages/airflow/example_dags/example_branch_labels.py
[2024-07-26T04:33:59.960+0000] {processor.py:756} INFO - Processing file /home/airflow/.local/lib/python3.7/site-packages/airflow/example_dags/example_branch_labels.py for tasks to queue
[2024-07-26T04:33:59.960+0000] {logging_mixin.py:120} INFO - [2024-07-26T04:33:59.960+0000] {dagbag.py:537} INFO - Filling up the DagBag from /home/airflow/.local/lib/python3.7/site-packages/airflow/example_dags/example_branch_labels.py
[2024-07-26T04:33:59.969+0000] {processor.py:766} INFO - DAG(s) dict_keys(['example_branch_labels']) retrieved from /home/airflow/.local/lib/python3.7/site-packages/airflow/example_dags/example_branch_labels.py
[2024-07-26T04:33:59.989+0000] {logging_mixin.py:120} INFO - [2024-07-26T04:33:59.989+0000] {dag.py:2585} INFO - Sync 1 DAGs
[2024-07-26T04:34:00.001+0000] {logging_mixin.py:120} INFO - [2024-07-26T04:34:00.001+0000] {dag.py:3340} INFO - Setting next_dagrun for example_branch_labels to 2024-07-25T00:00:00+00:00, run_after=2024-07-26T00:00:00+00:00
[2024-07-26T04:34:00.013+0000] {processor.py:176} INFO - Processing /home/airflow/.local/lib/python3.7/site-packages/airflow/example_dags/example_branch_labels.py took 0.056 seconds
[2024-07-26T04:49:12.623+0000] {processor.py:154} INFO - Started process (PID=6511) to work on /home/airflow/.local/lib/python3.7/site-packages/airflow/example_dags/example_branch_labels.py
[2024-07-26T04:49:12.624+0000] {processor.py:756} INFO - Processing file /home/airflow/.local/lib/python3.7/site-packages/airflow/example_dags/example_branch_labels.py for tasks to queue
[2024-07-26T04:49:12.625+0000] {logging_mixin.py:120} INFO - [2024-07-26T04:49:12.625+0000] {dagbag.py:537} INFO - Filling up the DagBag from /home/airflow/.local/lib/python3.7/site-packages/airflow/example_dags/example_branch_labels.py
[2024-07-26T04:49:12.637+0000] {processor.py:766} INFO - DAG(s) dict_keys(['example_branch_labels']) retrieved from /home/airflow/.local/lib/python3.7/site-packages/airflow/example_dags/example_branch_labels.py
[2024-07-26T04:49:12.678+0000] {logging_mixin.py:120} INFO - [2024-07-26T04:49:12.678+0000] {dag.py:2585} INFO - Sync 1 DAGs
[2024-07-26T04:49:12.693+0000] {logging_mixin.py:120} INFO - [2024-07-26T04:49:12.693+0000] {dag.py:3340} INFO - Setting next_dagrun for example_branch_labels to 2024-07-25T00:00:00+00:00, run_after=2024-07-26T00:00:00+00:00
[2024-07-26T04:49:12.709+0000] {processor.py:176} INFO - Processing /home/airflow/.local/lib/python3.7/site-packages/airflow/example_dags/example_branch_labels.py took 0.087 seconds
[2024-07-26T04:53:37.057+0000] {processor.py:154} INFO - Started process (PID=6566) to work on /home/airflow/.local/lib/python3.7/site-packages/airflow/example_dags/example_branch_labels.py
[2024-07-26T04:53:37.058+0000] {processor.py:756} INFO - Processing file /home/airflow/.local/lib/python3.7/site-packages/airflow/example_dags/example_branch_labels.py for tasks to queue
[2024-07-26T04:53:37.058+0000] {logging_mixin.py:120} INFO - [2024-07-26T04:53:37.058+0000] {dagbag.py:537} INFO - Filling up the DagBag from /home/airflow/.local/lib/python3.7/site-packages/airflow/example_dags/example_branch_labels.py
[2024-07-26T04:53:37.066+0000] {processor.py:766} INFO - DAG(s) dict_keys(['example_branch_labels']) retrieved from /home/airflow/.local/lib/python3.7/site-packages/airflow/example_dags/example_branch_labels.py
[2024-07-26T04:53:37.086+0000] {logging_mixin.py:120} INFO - [2024-07-26T04:53:37.086+0000] {dag.py:2585} INFO - Sync 1 DAGs
[2024-07-26T04:53:37.098+0000] {logging_mixin.py:120} INFO - [2024-07-26T04:53:37.098+0000] {dag.py:3340} INFO - Setting next_dagrun for example_branch_labels to 2024-07-25T00:00:00+00:00, run_after=2024-07-26T00:00:00+00:00
[2024-07-26T04:53:37.112+0000] {processor.py:176} INFO - Processing /home/airflow/.local/lib/python3.7/site-packages/airflow/example_dags/example_branch_labels.py took 0.057 seconds
[2024-07-26T05:02:49.301+0000] {processor.py:154} INFO - Started process (PID=6630) to work on /home/airflow/.local/lib/python3.7/site-packages/airflow/example_dags/example_branch_labels.py
[2024-07-26T05:02:49.303+0000] {processor.py:756} INFO - Processing file /home/airflow/.local/lib/python3.7/site-packages/airflow/example_dags/example_branch_labels.py for tasks to queue
[2024-07-26T05:02:49.304+0000] {logging_mixin.py:120} INFO - [2024-07-26T05:02:49.304+0000] {dagbag.py:537} INFO - Filling up the DagBag from /home/airflow/.local/lib/python3.7/site-packages/airflow/example_dags/example_branch_labels.py
[2024-07-26T05:02:49.315+0000] {processor.py:766} INFO - DAG(s) dict_keys(['example_branch_labels']) retrieved from /home/airflow/.local/lib/python3.7/site-packages/airflow/example_dags/example_branch_labels.py
[2024-07-26T05:02:49.352+0000] {logging_mixin.py:120} INFO - [2024-07-26T05:02:49.352+0000] {dag.py:2585} INFO - Sync 1 DAGs
[2024-07-26T05:02:49.375+0000] {logging_mixin.py:120} INFO - [2024-07-26T05:02:49.375+0000] {dag.py:3340} INFO - Setting next_dagrun for example_branch_labels to 2024-07-25T00:00:00+00:00, run_after=2024-07-26T00:00:00+00:00
[2024-07-26T05:02:49.390+0000] {processor.py:176} INFO - Processing /home/airflow/.local/lib/python3.7/site-packages/airflow/example_dags/example_branch_labels.py took 0.092 seconds
[2024-07-26T05:15:51.468+0000] {processor.py:154} INFO - Started process (PID=6694) to work on /home/airflow/.local/lib/python3.7/site-packages/airflow/example_dags/example_branch_labels.py
[2024-07-26T05:15:51.469+0000] {processor.py:756} INFO - Processing file /home/airflow/.local/lib/python3.7/site-packages/airflow/example_dags/example_branch_labels.py for tasks to queue
[2024-07-26T05:15:51.470+0000] {logging_mixin.py:120} INFO - [2024-07-26T05:15:51.470+0000] {dagbag.py:537} INFO - Filling up the DagBag from /home/airflow/.local/lib/python3.7/site-packages/airflow/example_dags/example_branch_labels.py
[2024-07-26T05:15:51.477+0000] {processor.py:766} INFO - DAG(s) dict_keys(['example_branch_labels']) retrieved from /home/airflow/.local/lib/python3.7/site-packages/airflow/example_dags/example_branch_labels.py
[2024-07-26T05:15:51.497+0000] {logging_mixin.py:120} INFO - [2024-07-26T05:15:51.496+0000] {dag.py:2585} INFO - Sync 1 DAGs
[2024-07-26T05:15:51.510+0000] {logging_mixin.py:120} INFO - [2024-07-26T05:15:51.510+0000] {dag.py:3340} INFO - Setting next_dagrun for example_branch_labels to 2024-07-25T00:00:00+00:00, run_after=2024-07-26T00:00:00+00:00
[2024-07-26T05:15:51.519+0000] {processor.py:176} INFO - Processing /home/airflow/.local/lib/python3.7/site-packages/airflow/example_dags/example_branch_labels.py took 0.053 seconds
[2024-07-26T05:33:28.327+0000] {processor.py:154} INFO - Started process (PID=6758) to work on /home/airflow/.local/lib/python3.7/site-packages/airflow/example_dags/example_branch_labels.py
[2024-07-26T05:33:28.330+0000] {processor.py:756} INFO - Processing file /home/airflow/.local/lib/python3.7/site-packages/airflow/example_dags/example_branch_labels.py for tasks to queue
[2024-07-26T05:33:28.334+0000] {logging_mixin.py:120} INFO - [2024-07-26T05:33:28.333+0000] {dagbag.py:537} INFO - Filling up the DagBag from /home/airflow/.local/lib/python3.7/site-packages/airflow/example_dags/example_branch_labels.py
[2024-07-26T05:33:28.345+0000] {processor.py:766} INFO - DAG(s) dict_keys(['example_branch_labels']) retrieved from /home/airflow/.local/lib/python3.7/site-packages/airflow/example_dags/example_branch_labels.py
[2024-07-26T05:33:28.367+0000] {logging_mixin.py:120} INFO - [2024-07-26T05:33:28.367+0000] {dag.py:2585} INFO - Sync 1 DAGs
[2024-07-26T05:33:28.380+0000] {logging_mixin.py:120} INFO - [2024-07-26T05:33:28.380+0000] {dag.py:3340} INFO - Setting next_dagrun for example_branch_labels to 2024-07-25T00:00:00+00:00, run_after=2024-07-26T00:00:00+00:00
[2024-07-26T05:33:28.389+0000] {processor.py:176} INFO - Processing /home/airflow/.local/lib/python3.7/site-packages/airflow/example_dags/example_branch_labels.py took 0.064 seconds
[2024-07-26T06:09:35.764+0000] {processor.py:154} INFO - Started process (PID=6821) to work on /home/airflow/.local/lib/python3.7/site-packages/airflow/example_dags/example_branch_labels.py
[2024-07-26T06:09:35.767+0000] {processor.py:756} INFO - Processing file /home/airflow/.local/lib/python3.7/site-packages/airflow/example_dags/example_branch_labels.py for tasks to queue
[2024-07-26T06:09:35.773+0000] {logging_mixin.py:120} INFO - [2024-07-26T06:09:35.773+0000] {dagbag.py:537} INFO - Filling up the DagBag from /home/airflow/.local/lib/python3.7/site-packages/airflow/example_dags/example_branch_labels.py
[2024-07-26T06:09:35.788+0000] {processor.py:766} INFO - DAG(s) dict_keys(['example_branch_labels']) retrieved from /home/airflow/.local/lib/python3.7/site-packages/airflow/example_dags/example_branch_labels.py
[2024-07-26T06:09:35.858+0000] {logging_mixin.py:120} INFO - [2024-07-26T06:09:35.858+0000] {dag.py:2585} INFO - Sync 1 DAGs
[2024-07-26T06:09:35.901+0000] {logging_mixin.py:120} INFO - [2024-07-26T06:09:35.901+0000] {dag.py:3340} INFO - Setting next_dagrun for example_branch_labels to 2024-07-25T00:00:00+00:00, run_after=2024-07-26T00:00:00+00:00
[2024-07-26T06:09:35.929+0000] {processor.py:176} INFO - Processing /home/airflow/.local/lib/python3.7/site-packages/airflow/example_dags/example_branch_labels.py took 0.169 seconds
[2024-07-26T07:10:32.796+0000] {processor.py:154} INFO - Started process (PID=6876) to work on /home/airflow/.local/lib/python3.7/site-packages/airflow/example_dags/example_branch_labels.py
[2024-07-26T07:10:32.803+0000] {processor.py:756} INFO - Processing file /home/airflow/.local/lib/python3.7/site-packages/airflow/example_dags/example_branch_labels.py for tasks to queue
[2024-07-26T07:10:32.804+0000] {logging_mixin.py:120} INFO - [2024-07-26T07:10:32.804+0000] {dagbag.py:537} INFO - Filling up the DagBag from /home/airflow/.local/lib/python3.7/site-packages/airflow/example_dags/example_branch_labels.py
[2024-07-26T07:10:32.816+0000] {processor.py:766} INFO - DAG(s) dict_keys(['example_branch_labels']) retrieved from /home/airflow/.local/lib/python3.7/site-packages/airflow/example_dags/example_branch_labels.py
[2024-07-26T07:10:32.882+0000] {logging_mixin.py:120} INFO - [2024-07-26T07:10:32.881+0000] {dag.py:2585} INFO - Sync 1 DAGs
[2024-07-26T07:10:32.938+0000] {logging_mixin.py:120} INFO - [2024-07-26T07:10:32.938+0000] {dag.py:3340} INFO - Setting next_dagrun for example_branch_labels to 2024-07-25T00:00:00+00:00, run_after=2024-07-26T00:00:00+00:00
[2024-07-26T07:10:32.973+0000] {processor.py:176} INFO - Processing /home/airflow/.local/lib/python3.7/site-packages/airflow/example_dags/example_branch_labels.py took 0.181 seconds
[2024-07-26T08:11:46.956+0000] {processor.py:154} INFO - Started process (PID=6940) to work on /home/airflow/.local/lib/python3.7/site-packages/airflow/example_dags/example_branch_labels.py
[2024-07-26T08:11:46.964+0000] {processor.py:756} INFO - Processing file /home/airflow/.local/lib/python3.7/site-packages/airflow/example_dags/example_branch_labels.py for tasks to queue
[2024-07-26T08:11:46.965+0000] {logging_mixin.py:120} INFO - [2024-07-26T08:11:46.965+0000] {dagbag.py:537} INFO - Filling up the DagBag from /home/airflow/.local/lib/python3.7/site-packages/airflow/example_dags/example_branch_labels.py
[2024-07-26T08:11:46.977+0000] {processor.py:766} INFO - DAG(s) dict_keys(['example_branch_labels']) retrieved from /home/airflow/.local/lib/python3.7/site-packages/airflow/example_dags/example_branch_labels.py
[2024-07-26T08:11:47.034+0000] {logging_mixin.py:120} INFO - [2024-07-26T08:11:47.034+0000] {dag.py:2585} INFO - Sync 1 DAGs
[2024-07-26T08:11:47.058+0000] {logging_mixin.py:120} INFO - [2024-07-26T08:11:47.057+0000] {dag.py:3340} INFO - Setting next_dagrun for example_branch_labels to 2024-07-25T00:00:00+00:00, run_after=2024-07-26T00:00:00+00:00
[2024-07-26T08:11:47.073+0000] {processor.py:176} INFO - Processing /home/airflow/.local/lib/python3.7/site-packages/airflow/example_dags/example_branch_labels.py took 0.119 seconds
[2024-07-26T08:36:11.045+0000] {processor.py:154} INFO - Started process (PID=7004) to work on /home/airflow/.local/lib/python3.7/site-packages/airflow/example_dags/example_branch_labels.py
[2024-07-26T08:36:11.049+0000] {processor.py:756} INFO - Processing file /home/airflow/.local/lib/python3.7/site-packages/airflow/example_dags/example_branch_labels.py for tasks to queue
[2024-07-26T08:36:11.050+0000] {logging_mixin.py:120} INFO - [2024-07-26T08:36:11.050+0000] {dagbag.py:537} INFO - Filling up the DagBag from /home/airflow/.local/lib/python3.7/site-packages/airflow/example_dags/example_branch_labels.py
[2024-07-26T08:36:11.063+0000] {processor.py:766} INFO - DAG(s) dict_keys(['example_branch_labels']) retrieved from /home/airflow/.local/lib/python3.7/site-packages/airflow/example_dags/example_branch_labels.py
[2024-07-26T08:36:11.122+0000] {logging_mixin.py:120} INFO - [2024-07-26T08:36:11.122+0000] {dag.py:2585} INFO - Sync 1 DAGs
[2024-07-26T08:36:11.154+0000] {logging_mixin.py:120} INFO - [2024-07-26T08:36:11.153+0000] {dag.py:3340} INFO - Setting next_dagrun for example_branch_labels to 2024-07-25T00:00:00+00:00, run_after=2024-07-26T00:00:00+00:00
[2024-07-26T08:36:11.178+0000] {processor.py:176} INFO - Processing /home/airflow/.local/lib/python3.7/site-packages/airflow/example_dags/example_branch_labels.py took 0.137 seconds
[2024-07-26T09:29:25.533+0000] {processor.py:154} INFO - Started process (PID=7068) to work on /home/airflow/.local/lib/python3.7/site-packages/airflow/example_dags/example_branch_labels.py
[2024-07-26T09:29:25.548+0000] {processor.py:756} INFO - Processing file /home/airflow/.local/lib/python3.7/site-packages/airflow/example_dags/example_branch_labels.py for tasks to queue
[2024-07-26T09:29:25.551+0000] {logging_mixin.py:120} INFO - [2024-07-26T09:29:25.550+0000] {dagbag.py:537} INFO - Filling up the DagBag from /home/airflow/.local/lib/python3.7/site-packages/airflow/example_dags/example_branch_labels.py
[2024-07-26T09:29:25.606+0000] {processor.py:766} INFO - DAG(s) dict_keys(['example_branch_labels']) retrieved from /home/airflow/.local/lib/python3.7/site-packages/airflow/example_dags/example_branch_labels.py
[2024-07-26T09:29:25.691+0000] {logging_mixin.py:120} INFO - [2024-07-26T09:29:25.691+0000] {dag.py:2585} INFO - Sync 1 DAGs
[2024-07-26T09:29:25.737+0000] {logging_mixin.py:120} INFO - [2024-07-26T09:29:25.736+0000] {dag.py:3340} INFO - Setting next_dagrun for example_branch_labels to 2024-07-25T00:00:00+00:00, run_after=2024-07-26T00:00:00+00:00
[2024-07-26T09:29:25.792+0000] {processor.py:176} INFO - Processing /home/airflow/.local/lib/python3.7/site-packages/airflow/example_dags/example_branch_labels.py took 0.266 seconds
[2024-07-26T10:30:30.005+0000] {processor.py:154} INFO - Started process (PID=7123) to work on /home/airflow/.local/lib/python3.7/site-packages/airflow/example_dags/example_branch_labels.py
[2024-07-26T10:30:30.009+0000] {processor.py:756} INFO - Processing file /home/airflow/.local/lib/python3.7/site-packages/airflow/example_dags/example_branch_labels.py for tasks to queue
[2024-07-26T10:30:30.010+0000] {logging_mixin.py:120} INFO - [2024-07-26T10:30:30.010+0000] {dagbag.py:537} INFO - Filling up the DagBag from /home/airflow/.local/lib/python3.7/site-packages/airflow/example_dags/example_branch_labels.py
[2024-07-26T10:30:30.023+0000] {processor.py:766} INFO - DAG(s) dict_keys(['example_branch_labels']) retrieved from /home/airflow/.local/lib/python3.7/site-packages/airflow/example_dags/example_branch_labels.py
[2024-07-26T10:30:30.049+0000] {logging_mixin.py:120} INFO - [2024-07-26T10:30:30.049+0000] {dag.py:2585} INFO - Sync 1 DAGs
[2024-07-26T10:30:30.067+0000] {logging_mixin.py:120} INFO - [2024-07-26T10:30:30.067+0000] {dag.py:3340} INFO - Setting next_dagrun for example_branch_labels to 2024-07-25T00:00:00+00:00, run_after=2024-07-26T00:00:00+00:00
[2024-07-26T10:30:30.077+0000] {processor.py:176} INFO - Processing /home/airflow/.local/lib/python3.7/site-packages/airflow/example_dags/example_branch_labels.py took 0.074 seconds
[2024-07-26T10:39:55.808+0000] {processor.py:154} INFO - Started process (PID=7187) to work on /home/airflow/.local/lib/python3.7/site-packages/airflow/example_dags/example_branch_labels.py
[2024-07-26T10:39:55.810+0000] {processor.py:756} INFO - Processing file /home/airflow/.local/lib/python3.7/site-packages/airflow/example_dags/example_branch_labels.py for tasks to queue
[2024-07-26T10:39:55.810+0000] {logging_mixin.py:120} INFO - [2024-07-26T10:39:55.810+0000] {dagbag.py:537} INFO - Filling up the DagBag from /home/airflow/.local/lib/python3.7/site-packages/airflow/example_dags/example_branch_labels.py
[2024-07-26T10:39:55.819+0000] {processor.py:766} INFO - DAG(s) dict_keys(['example_branch_labels']) retrieved from /home/airflow/.local/lib/python3.7/site-packages/airflow/example_dags/example_branch_labels.py
[2024-07-26T10:39:55.840+0000] {logging_mixin.py:120} INFO - [2024-07-26T10:39:55.840+0000] {dag.py:2585} INFO - Sync 1 DAGs
[2024-07-26T10:39:55.853+0000] {logging_mixin.py:120} INFO - [2024-07-26T10:39:55.853+0000] {dag.py:3340} INFO - Setting next_dagrun for example_branch_labels to 2024-07-25T00:00:00+00:00, run_after=2024-07-26T00:00:00+00:00
[2024-07-26T10:39:55.863+0000] {processor.py:176} INFO - Processing /home/airflow/.local/lib/python3.7/site-packages/airflow/example_dags/example_branch_labels.py took 0.058 seconds
[2024-07-26T11:48:30.108+0000] {processor.py:154} INFO - Started process (PID=7251) to work on /home/airflow/.local/lib/python3.7/site-packages/airflow/example_dags/example_branch_labels.py
[2024-07-26T11:48:30.110+0000] {processor.py:756} INFO - Processing file /home/airflow/.local/lib/python3.7/site-packages/airflow/example_dags/example_branch_labels.py for tasks to queue
[2024-07-26T11:48:30.111+0000] {logging_mixin.py:120} INFO - [2024-07-26T11:48:30.111+0000] {dagbag.py:537} INFO - Filling up the DagBag from /home/airflow/.local/lib/python3.7/site-packages/airflow/example_dags/example_branch_labels.py
[2024-07-26T11:48:30.120+0000] {processor.py:766} INFO - DAG(s) dict_keys(['example_branch_labels']) retrieved from /home/airflow/.local/lib/python3.7/site-packages/airflow/example_dags/example_branch_labels.py
[2024-07-26T11:48:30.163+0000] {logging_mixin.py:120} INFO - [2024-07-26T11:48:30.163+0000] {dag.py:2585} INFO - Sync 1 DAGs
[2024-07-26T11:48:30.184+0000] {logging_mixin.py:120} INFO - [2024-07-26T11:48:30.184+0000] {dag.py:3340} INFO - Setting next_dagrun for example_branch_labels to 2024-07-25T00:00:00+00:00, run_after=2024-07-26T00:00:00+00:00
[2024-07-26T11:48:30.197+0000] {processor.py:176} INFO - Processing /home/airflow/.local/lib/python3.7/site-packages/airflow/example_dags/example_branch_labels.py took 0.091 seconds
[2024-07-26T12:13:05.246+0000] {processor.py:154} INFO - Started process (PID=7315) to work on /home/airflow/.local/lib/python3.7/site-packages/airflow/example_dags/example_branch_labels.py
[2024-07-26T12:13:05.247+0000] {processor.py:756} INFO - Processing file /home/airflow/.local/lib/python3.7/site-packages/airflow/example_dags/example_branch_labels.py for tasks to queue
[2024-07-26T12:13:05.250+0000] {logging_mixin.py:120} INFO - [2024-07-26T12:13:05.250+0000] {dagbag.py:537} INFO - Filling up the DagBag from /home/airflow/.local/lib/python3.7/site-packages/airflow/example_dags/example_branch_labels.py
[2024-07-26T12:13:05.262+0000] {processor.py:766} INFO - DAG(s) dict_keys(['example_branch_labels']) retrieved from /home/airflow/.local/lib/python3.7/site-packages/airflow/example_dags/example_branch_labels.py
[2024-07-26T12:13:05.291+0000] {logging_mixin.py:120} INFO - [2024-07-26T12:13:05.291+0000] {dag.py:2585} INFO - Sync 1 DAGs
[2024-07-26T12:13:05.307+0000] {logging_mixin.py:120} INFO - [2024-07-26T12:13:05.307+0000] {dag.py:3340} INFO - Setting next_dagrun for example_branch_labels to 2024-07-25T00:00:00+00:00, run_after=2024-07-26T00:00:00+00:00
[2024-07-26T12:13:05.336+0000] {processor.py:176} INFO - Processing /home/airflow/.local/lib/python3.7/site-packages/airflow/example_dags/example_branch_labels.py took 0.092 seconds
[2024-07-26T12:19:25.221+0000] {processor.py:154} INFO - Started process (PID=7370) to work on /home/airflow/.local/lib/python3.7/site-packages/airflow/example_dags/example_branch_labels.py
[2024-07-26T12:19:25.223+0000] {processor.py:756} INFO - Processing file /home/airflow/.local/lib/python3.7/site-packages/airflow/example_dags/example_branch_labels.py for tasks to queue
[2024-07-26T12:19:25.223+0000] {logging_mixin.py:120} INFO - [2024-07-26T12:19:25.223+0000] {dagbag.py:537} INFO - Filling up the DagBag from /home/airflow/.local/lib/python3.7/site-packages/airflow/example_dags/example_branch_labels.py
[2024-07-26T12:19:25.231+0000] {processor.py:766} INFO - DAG(s) dict_keys(['example_branch_labels']) retrieved from /home/airflow/.local/lib/python3.7/site-packages/airflow/example_dags/example_branch_labels.py
[2024-07-26T12:19:25.252+0000] {logging_mixin.py:120} INFO - [2024-07-26T12:19:25.252+0000] {dag.py:2585} INFO - Sync 1 DAGs
[2024-07-26T12:19:25.265+0000] {logging_mixin.py:120} INFO - [2024-07-26T12:19:25.265+0000] {dag.py:3340} INFO - Setting next_dagrun for example_branch_labels to 2024-07-25T00:00:00+00:00, run_after=2024-07-26T00:00:00+00:00
[2024-07-26T12:19:25.274+0000] {processor.py:176} INFO - Processing /home/airflow/.local/lib/python3.7/site-packages/airflow/example_dags/example_branch_labels.py took 0.055 seconds
[2024-07-26T13:00:06.928+0000] {processor.py:154} INFO - Started process (PID=7433) to work on /home/airflow/.local/lib/python3.7/site-packages/airflow/example_dags/example_branch_labels.py
[2024-07-26T13:00:06.929+0000] {processor.py:756} INFO - Processing file /home/airflow/.local/lib/python3.7/site-packages/airflow/example_dags/example_branch_labels.py for tasks to queue
[2024-07-26T13:00:06.930+0000] {logging_mixin.py:120} INFO - [2024-07-26T13:00:06.930+0000] {dagbag.py:537} INFO - Filling up the DagBag from /home/airflow/.local/lib/python3.7/site-packages/airflow/example_dags/example_branch_labels.py
[2024-07-26T13:00:06.944+0000] {processor.py:766} INFO - DAG(s) dict_keys(['example_branch_labels']) retrieved from /home/airflow/.local/lib/python3.7/site-packages/airflow/example_dags/example_branch_labels.py
[2024-07-26T13:00:06.988+0000] {logging_mixin.py:120} INFO - [2024-07-26T13:00:06.988+0000] {dag.py:2585} INFO - Sync 1 DAGs
[2024-07-26T13:00:07.017+0000] {logging_mixin.py:120} INFO - [2024-07-26T13:00:07.017+0000] {dag.py:3340} INFO - Setting next_dagrun for example_branch_labels to 2024-07-25T00:00:00+00:00, run_after=2024-07-26T00:00:00+00:00
[2024-07-26T13:00:07.039+0000] {processor.py:176} INFO - Processing /home/airflow/.local/lib/python3.7/site-packages/airflow/example_dags/example_branch_labels.py took 0.113 seconds
[2024-07-26T13:12:27.146+0000] {processor.py:154} INFO - Started process (PID=7497) to work on /home/airflow/.local/lib/python3.7/site-packages/airflow/example_dags/example_branch_labels.py
[2024-07-26T13:12:27.148+0000] {processor.py:756} INFO - Processing file /home/airflow/.local/lib/python3.7/site-packages/airflow/example_dags/example_branch_labels.py for tasks to queue
[2024-07-26T13:12:27.149+0000] {logging_mixin.py:120} INFO - [2024-07-26T13:12:27.149+0000] {dagbag.py:537} INFO - Filling up the DagBag from /home/airflow/.local/lib/python3.7/site-packages/airflow/example_dags/example_branch_labels.py
[2024-07-26T13:12:27.159+0000] {processor.py:766} INFO - DAG(s) dict_keys(['example_branch_labels']) retrieved from /home/airflow/.local/lib/python3.7/site-packages/airflow/example_dags/example_branch_labels.py
[2024-07-26T13:12:27.187+0000] {logging_mixin.py:120} INFO - [2024-07-26T13:12:27.187+0000] {dag.py:2585} INFO - Sync 1 DAGs
[2024-07-26T13:12:27.202+0000] {logging_mixin.py:120} INFO - [2024-07-26T13:12:27.202+0000] {dag.py:3340} INFO - Setting next_dagrun for example_branch_labels to 2024-07-25T00:00:00+00:00, run_after=2024-07-26T00:00:00+00:00
[2024-07-26T13:12:27.216+0000] {processor.py:176} INFO - Processing /home/airflow/.local/lib/python3.7/site-packages/airflow/example_dags/example_branch_labels.py took 0.072 seconds
[2024-07-26T13:43:21.289+0000] {processor.py:154} INFO - Started process (PID=7561) to work on /home/airflow/.local/lib/python3.7/site-packages/airflow/example_dags/example_branch_labels.py
[2024-07-26T13:43:21.295+0000] {processor.py:756} INFO - Processing file /home/airflow/.local/lib/python3.7/site-packages/airflow/example_dags/example_branch_labels.py for tasks to queue
[2024-07-26T13:43:21.298+0000] {logging_mixin.py:120} INFO - [2024-07-26T13:43:21.298+0000] {dagbag.py:537} INFO - Filling up the DagBag from /home/airflow/.local/lib/python3.7/site-packages/airflow/example_dags/example_branch_labels.py
[2024-07-26T13:43:21.321+0000] {processor.py:766} INFO - DAG(s) dict_keys(['example_branch_labels']) retrieved from /home/airflow/.local/lib/python3.7/site-packages/airflow/example_dags/example_branch_labels.py
[2024-07-26T13:43:21.407+0000] {logging_mixin.py:120} INFO - [2024-07-26T13:43:21.406+0000] {dag.py:2585} INFO - Sync 1 DAGs
[2024-07-26T13:43:21.445+0000] {logging_mixin.py:120} INFO - [2024-07-26T13:43:21.445+0000] {dag.py:3340} INFO - Setting next_dagrun for example_branch_labels to 2024-07-25T00:00:00+00:00, run_after=2024-07-26T00:00:00+00:00
[2024-07-26T13:43:21.465+0000] {processor.py:176} INFO - Processing /home/airflow/.local/lib/python3.7/site-packages/airflow/example_dags/example_branch_labels.py took 0.182 seconds
[2024-07-26T13:46:53.161+0000] {processor.py:154} INFO - Started process (PID=7625) to work on /home/airflow/.local/lib/python3.7/site-packages/airflow/example_dags/example_branch_labels.py
[2024-07-26T13:46:53.162+0000] {processor.py:756} INFO - Processing file /home/airflow/.local/lib/python3.7/site-packages/airflow/example_dags/example_branch_labels.py for tasks to queue
[2024-07-26T13:46:53.164+0000] {logging_mixin.py:120} INFO - [2024-07-26T13:46:53.164+0000] {dagbag.py:537} INFO - Filling up the DagBag from /home/airflow/.local/lib/python3.7/site-packages/airflow/example_dags/example_branch_labels.py
[2024-07-26T13:46:53.175+0000] {processor.py:766} INFO - DAG(s) dict_keys(['example_branch_labels']) retrieved from /home/airflow/.local/lib/python3.7/site-packages/airflow/example_dags/example_branch_labels.py
[2024-07-26T13:46:53.293+0000] {logging_mixin.py:120} INFO - [2024-07-26T13:46:53.293+0000] {dag.py:2585} INFO - Sync 1 DAGs
[2024-07-26T13:46:53.316+0000] {logging_mixin.py:120} INFO - [2024-07-26T13:46:53.316+0000] {dag.py:3340} INFO - Setting next_dagrun for example_branch_labels to 2024-07-25T00:00:00+00:00, run_after=2024-07-26T00:00:00+00:00
[2024-07-26T13:46:53.327+0000] {processor.py:176} INFO - Processing /home/airflow/.local/lib/python3.7/site-packages/airflow/example_dags/example_branch_labels.py took 0.170 seconds
[2024-07-26T13:52:22.227+0000] {processor.py:154} INFO - Started process (PID=7680) to work on /home/airflow/.local/lib/python3.7/site-packages/airflow/example_dags/example_branch_labels.py
[2024-07-26T13:52:22.229+0000] {processor.py:756} INFO - Processing file /home/airflow/.local/lib/python3.7/site-packages/airflow/example_dags/example_branch_labels.py for tasks to queue
[2024-07-26T13:52:22.237+0000] {logging_mixin.py:120} INFO - [2024-07-26T13:52:22.237+0000] {dagbag.py:537} INFO - Filling up the DagBag from /home/airflow/.local/lib/python3.7/site-packages/airflow/example_dags/example_branch_labels.py
[2024-07-26T13:52:22.252+0000] {processor.py:766} INFO - DAG(s) dict_keys(['example_branch_labels']) retrieved from /home/airflow/.local/lib/python3.7/site-packages/airflow/example_dags/example_branch_labels.py
[2024-07-26T13:52:22.313+0000] {logging_mixin.py:120} INFO - [2024-07-26T13:52:22.313+0000] {dag.py:2585} INFO - Sync 1 DAGs
[2024-07-26T13:52:22.349+0000] {logging_mixin.py:120} INFO - [2024-07-26T13:52:22.349+0000] {dag.py:3340} INFO - Setting next_dagrun for example_branch_labels to 2024-07-25T00:00:00+00:00, run_after=2024-07-26T00:00:00+00:00
[2024-07-26T13:52:22.378+0000] {processor.py:176} INFO - Processing /home/airflow/.local/lib/python3.7/site-packages/airflow/example_dags/example_branch_labels.py took 0.155 seconds
[2024-07-26T13:54:20.805+0000] {processor.py:154} INFO - Started process (PID=7744) to work on /home/airflow/.local/lib/python3.7/site-packages/airflow/example_dags/example_branch_labels.py
[2024-07-26T13:54:20.808+0000] {processor.py:756} INFO - Processing file /home/airflow/.local/lib/python3.7/site-packages/airflow/example_dags/example_branch_labels.py for tasks to queue
[2024-07-26T13:54:20.810+0000] {logging_mixin.py:120} INFO - [2024-07-26T13:54:20.810+0000] {dagbag.py:537} INFO - Filling up the DagBag from /home/airflow/.local/lib/python3.7/site-packages/airflow/example_dags/example_branch_labels.py
[2024-07-26T13:54:20.818+0000] {processor.py:766} INFO - DAG(s) dict_keys(['example_branch_labels']) retrieved from /home/airflow/.local/lib/python3.7/site-packages/airflow/example_dags/example_branch_labels.py
[2024-07-26T13:54:20.845+0000] {logging_mixin.py:120} INFO - [2024-07-26T13:54:20.845+0000] {dag.py:2585} INFO - Sync 1 DAGs
[2024-07-26T13:54:20.858+0000] {logging_mixin.py:120} INFO - [2024-07-26T13:54:20.858+0000] {dag.py:3340} INFO - Setting next_dagrun for example_branch_labels to 2024-07-25T00:00:00+00:00, run_after=2024-07-26T00:00:00+00:00
[2024-07-26T13:54:20.866+0000] {processor.py:176} INFO - Processing /home/airflow/.local/lib/python3.7/site-packages/airflow/example_dags/example_branch_labels.py took 0.063 seconds
[2024-07-26T13:55:28.883+0000] {processor.py:154} INFO - Started process (PID=7808) to work on /home/airflow/.local/lib/python3.7/site-packages/airflow/example_dags/example_branch_labels.py
[2024-07-26T13:55:28.884+0000] {processor.py:756} INFO - Processing file /home/airflow/.local/lib/python3.7/site-packages/airflow/example_dags/example_branch_labels.py for tasks to queue
[2024-07-26T13:55:28.884+0000] {logging_mixin.py:120} INFO - [2024-07-26T13:55:28.884+0000] {dagbag.py:537} INFO - Filling up the DagBag from /home/airflow/.local/lib/python3.7/site-packages/airflow/example_dags/example_branch_labels.py
[2024-07-26T13:55:28.893+0000] {processor.py:766} INFO - DAG(s) dict_keys(['example_branch_labels']) retrieved from /home/airflow/.local/lib/python3.7/site-packages/airflow/example_dags/example_branch_labels.py
[2024-07-26T13:55:28.913+0000] {logging_mixin.py:120} INFO - [2024-07-26T13:55:28.912+0000] {dag.py:2585} INFO - Sync 1 DAGs
[2024-07-26T13:55:28.925+0000] {logging_mixin.py:120} INFO - [2024-07-26T13:55:28.925+0000] {dag.py:3340} INFO - Setting next_dagrun for example_branch_labels to 2024-07-25T00:00:00+00:00, run_after=2024-07-26T00:00:00+00:00
[2024-07-26T13:55:28.934+0000] {processor.py:176} INFO - Processing /home/airflow/.local/lib/python3.7/site-packages/airflow/example_dags/example_branch_labels.py took 0.053 seconds
[2024-07-26T14:05:30.416+0000] {processor.py:154} INFO - Started process (PID=7872) to work on /home/airflow/.local/lib/python3.7/site-packages/airflow/example_dags/example_branch_labels.py
[2024-07-26T14:05:30.417+0000] {processor.py:756} INFO - Processing file /home/airflow/.local/lib/python3.7/site-packages/airflow/example_dags/example_branch_labels.py for tasks to queue
[2024-07-26T14:05:30.417+0000] {logging_mixin.py:120} INFO - [2024-07-26T14:05:30.417+0000] {dagbag.py:537} INFO - Filling up the DagBag from /home/airflow/.local/lib/python3.7/site-packages/airflow/example_dags/example_branch_labels.py
[2024-07-26T14:05:30.426+0000] {processor.py:766} INFO - DAG(s) dict_keys(['example_branch_labels']) retrieved from /home/airflow/.local/lib/python3.7/site-packages/airflow/example_dags/example_branch_labels.py
[2024-07-26T14:05:30.455+0000] {logging_mixin.py:120} INFO - [2024-07-26T14:05:30.455+0000] {dag.py:2585} INFO - Sync 1 DAGs
[2024-07-26T14:05:30.472+0000] {logging_mixin.py:120} INFO - [2024-07-26T14:05:30.472+0000] {dag.py:3340} INFO - Setting next_dagrun for example_branch_labels to 2024-07-25T00:00:00+00:00, run_after=2024-07-26T00:00:00+00:00
[2024-07-26T14:05:30.510+0000] {processor.py:176} INFO - Processing /home/airflow/.local/lib/python3.7/site-packages/airflow/example_dags/example_branch_labels.py took 0.096 seconds
[2024-07-26T14:06:19.731+0000] {processor.py:154} INFO - Started process (PID=7926) to work on /home/airflow/.local/lib/python3.7/site-packages/airflow/example_dags/example_branch_labels.py
[2024-07-26T14:06:19.732+0000] {processor.py:756} INFO - Processing file /home/airflow/.local/lib/python3.7/site-packages/airflow/example_dags/example_branch_labels.py for tasks to queue
[2024-07-26T14:06:19.733+0000] {logging_mixin.py:120} INFO - [2024-07-26T14:06:19.733+0000] {dagbag.py:537} INFO - Filling up the DagBag from /home/airflow/.local/lib/python3.7/site-packages/airflow/example_dags/example_branch_labels.py
[2024-07-26T14:06:19.743+0000] {processor.py:766} INFO - DAG(s) dict_keys(['example_branch_labels']) retrieved from /home/airflow/.local/lib/python3.7/site-packages/airflow/example_dags/example_branch_labels.py
[2024-07-26T14:06:19.771+0000] {logging_mixin.py:120} INFO - [2024-07-26T14:06:19.771+0000] {dag.py:2585} INFO - Sync 1 DAGs
[2024-07-26T14:06:19.787+0000] {logging_mixin.py:120} INFO - [2024-07-26T14:06:19.786+0000] {dag.py:3340} INFO - Setting next_dagrun for example_branch_labels to 2024-07-25T00:00:00+00:00, run_after=2024-07-26T00:00:00+00:00
[2024-07-26T14:06:19.799+0000] {processor.py:176} INFO - Processing /home/airflow/.local/lib/python3.7/site-packages/airflow/example_dags/example_branch_labels.py took 0.069 seconds
