[2024-07-26T00:02:54.655+0000] {processor.py:154} INFO - Started process (PID=4794) to work on /home/airflow/.local/lib/python3.7/site-packages/airflow/example_dags/example_task_group_decorator.py
[2024-07-26T00:02:54.657+0000] {processor.py:756} INFO - Processing file /home/airflow/.local/lib/python3.7/site-packages/airflow/example_dags/example_task_group_decorator.py for tasks to queue
[2024-07-26T00:02:54.660+0000] {logging_mixin.py:120} INFO - [2024-07-26T00:02:54.660+0000] {dagbag.py:537} INFO - Filling up the DagBag from /home/airflow/.local/lib/python3.7/site-packages/airflow/example_dags/example_task_group_decorator.py
[2024-07-26T00:02:54.682+0000] {processor.py:766} INFO - DAG(s) dict_keys(['example_task_group_decorator']) retrieved from /home/airflow/.local/lib/python3.7/site-packages/airflow/example_dags/example_task_group_decorator.py
[2024-07-26T00:02:54.741+0000] {logging_mixin.py:120} INFO - [2024-07-26T00:02:54.740+0000] {dag.py:2585} INFO - Sync 1 DAGs
[2024-07-26T00:02:54.765+0000] {logging_mixin.py:120} INFO - [2024-07-26T00:02:54.765+0000] {dag.py:3340} INFO - Setting next_dagrun for example_task_group_decorator to 2024-07-25T00:02:54.764863+00:00, run_after=2024-07-26T00:02:54.764863+00:00
[2024-07-26T00:02:54.779+0000] {processor.py:176} INFO - Processing /home/airflow/.local/lib/python3.7/site-packages/airflow/example_dags/example_task_group_decorator.py took 0.127 seconds
[2024-07-26T00:16:07.264+0000] {processor.py:154} INFO - Started process (PID=4849) to work on /home/airflow/.local/lib/python3.7/site-packages/airflow/example_dags/example_task_group_decorator.py
[2024-07-26T00:16:07.268+0000] {processor.py:756} INFO - Processing file /home/airflow/.local/lib/python3.7/site-packages/airflow/example_dags/example_task_group_decorator.py for tasks to queue
[2024-07-26T00:16:07.272+0000] {logging_mixin.py:120} INFO - [2024-07-26T00:16:07.272+0000] {dagbag.py:537} INFO - Filling up the DagBag from /home/airflow/.local/lib/python3.7/site-packages/airflow/example_dags/example_task_group_decorator.py
[2024-07-26T00:16:07.312+0000] {processor.py:766} INFO - DAG(s) dict_keys(['example_task_group_decorator']) retrieved from /home/airflow/.local/lib/python3.7/site-packages/airflow/example_dags/example_task_group_decorator.py
[2024-07-26T00:16:07.346+0000] {logging_mixin.py:120} INFO - [2024-07-26T00:16:07.345+0000] {dag.py:2585} INFO - Sync 1 DAGs
[2024-07-26T00:16:07.371+0000] {logging_mixin.py:120} INFO - [2024-07-26T00:16:07.371+0000] {dag.py:3340} INFO - Setting next_dagrun for example_task_group_decorator to 2024-07-25T00:16:07.371104+00:00, run_after=2024-07-26T00:16:07.371104+00:00
[2024-07-26T00:16:07.390+0000] {processor.py:176} INFO - Processing /home/airflow/.local/lib/python3.7/site-packages/airflow/example_dags/example_task_group_decorator.py took 0.128 seconds
[2024-07-26T00:40:52.941+0000] {processor.py:154} INFO - Started process (PID=4913) to work on /home/airflow/.local/lib/python3.7/site-packages/airflow/example_dags/example_task_group_decorator.py
[2024-07-26T00:40:52.942+0000] {processor.py:756} INFO - Processing file /home/airflow/.local/lib/python3.7/site-packages/airflow/example_dags/example_task_group_decorator.py for tasks to queue
[2024-07-26T00:40:52.942+0000] {logging_mixin.py:120} INFO - [2024-07-26T00:40:52.942+0000] {dagbag.py:537} INFO - Filling up the DagBag from /home/airflow/.local/lib/python3.7/site-packages/airflow/example_dags/example_task_group_decorator.py
[2024-07-26T00:40:52.959+0000] {processor.py:766} INFO - DAG(s) dict_keys(['example_task_group_decorator']) retrieved from /home/airflow/.local/lib/python3.7/site-packages/airflow/example_dags/example_task_group_decorator.py
[2024-07-26T00:40:53.092+0000] {logging_mixin.py:120} INFO - [2024-07-26T00:40:53.092+0000] {dag.py:2585} INFO - Sync 1 DAGs
[2024-07-26T00:40:53.173+0000] {logging_mixin.py:120} INFO - [2024-07-26T00:40:53.173+0000] {dag.py:3340} INFO - Setting next_dagrun for example_task_group_decorator to 2024-07-25T00:40:53.173165+00:00, run_after=2024-07-26T00:40:53.173165+00:00
[2024-07-26T00:40:53.224+0000] {processor.py:176} INFO - Processing /home/airflow/.local/lib/python3.7/site-packages/airflow/example_dags/example_task_group_decorator.py took 0.285 seconds
[2024-07-26T01:30:33.743+0000] {processor.py:154} INFO - Started process (PID=4977) to work on /home/airflow/.local/lib/python3.7/site-packages/airflow/example_dags/example_task_group_decorator.py
[2024-07-26T01:30:33.750+0000] {processor.py:756} INFO - Processing file /home/airflow/.local/lib/python3.7/site-packages/airflow/example_dags/example_task_group_decorator.py for tasks to queue
[2024-07-26T01:30:33.754+0000] {logging_mixin.py:120} INFO - [2024-07-26T01:30:33.754+0000] {dagbag.py:537} INFO - Filling up the DagBag from /home/airflow/.local/lib/python3.7/site-packages/airflow/example_dags/example_task_group_decorator.py
[2024-07-26T01:30:33.773+0000] {processor.py:766} INFO - DAG(s) dict_keys(['example_task_group_decorator']) retrieved from /home/airflow/.local/lib/python3.7/site-packages/airflow/example_dags/example_task_group_decorator.py
[2024-07-26T01:30:33.818+0000] {logging_mixin.py:120} INFO - [2024-07-26T01:30:33.817+0000] {dag.py:2585} INFO - Sync 1 DAGs
[2024-07-26T01:30:33.858+0000] {logging_mixin.py:120} INFO - [2024-07-26T01:30:33.858+0000] {dag.py:3340} INFO - Setting next_dagrun for example_task_group_decorator to 2024-07-25T01:30:33.857885+00:00, run_after=2024-07-26T01:30:33.857885+00:00
[2024-07-26T01:30:33.877+0000] {processor.py:176} INFO - Processing /home/airflow/.local/lib/python3.7/site-packages/airflow/example_dags/example_task_group_decorator.py took 0.147 seconds
[2024-07-26T02:00:30.218+0000] {processor.py:154} INFO - Started process (PID=5041) to work on /home/airflow/.local/lib/python3.7/site-packages/airflow/example_dags/example_task_group_decorator.py
[2024-07-26T02:00:30.219+0000] {processor.py:756} INFO - Processing file /home/airflow/.local/lib/python3.7/site-packages/airflow/example_dags/example_task_group_decorator.py for tasks to queue
[2024-07-26T02:00:30.219+0000] {logging_mixin.py:120} INFO - [2024-07-26T02:00:30.219+0000] {dagbag.py:537} INFO - Filling up the DagBag from /home/airflow/.local/lib/python3.7/site-packages/airflow/example_dags/example_task_group_decorator.py
[2024-07-26T02:00:30.237+0000] {processor.py:766} INFO - DAG(s) dict_keys(['example_task_group_decorator']) retrieved from /home/airflow/.local/lib/python3.7/site-packages/airflow/example_dags/example_task_group_decorator.py
[2024-07-26T02:00:30.293+0000] {logging_mixin.py:120} INFO - [2024-07-26T02:00:30.292+0000] {dag.py:2585} INFO - Sync 1 DAGs
[2024-07-26T02:00:30.307+0000] {logging_mixin.py:120} INFO - [2024-07-26T02:00:30.307+0000] {dag.py:3340} INFO - Setting next_dagrun for example_task_group_decorator to 2024-07-25T02:00:30.306892+00:00, run_after=2024-07-26T02:00:30.306892+00:00
[2024-07-26T02:00:30.336+0000] {processor.py:176} INFO - Processing /home/airflow/.local/lib/python3.7/site-packages/airflow/example_dags/example_task_group_decorator.py took 0.121 seconds
[2024-07-26T02:13:02.808+0000] {processor.py:154} INFO - Started process (PID=5104) to work on /home/airflow/.local/lib/python3.7/site-packages/airflow/example_dags/example_task_group_decorator.py
[2024-07-26T02:13:02.814+0000] {processor.py:756} INFO - Processing file /home/airflow/.local/lib/python3.7/site-packages/airflow/example_dags/example_task_group_decorator.py for tasks to queue
[2024-07-26T02:13:02.815+0000] {logging_mixin.py:120} INFO - [2024-07-26T02:13:02.815+0000] {dagbag.py:537} INFO - Filling up the DagBag from /home/airflow/.local/lib/python3.7/site-packages/airflow/example_dags/example_task_group_decorator.py
[2024-07-26T02:13:02.835+0000] {processor.py:766} INFO - DAG(s) dict_keys(['example_task_group_decorator']) retrieved from /home/airflow/.local/lib/python3.7/site-packages/airflow/example_dags/example_task_group_decorator.py
[2024-07-26T02:13:02.876+0000] {logging_mixin.py:120} INFO - [2024-07-26T02:13:02.875+0000] {dag.py:2585} INFO - Sync 1 DAGs
[2024-07-26T02:13:02.905+0000] {logging_mixin.py:120} INFO - [2024-07-26T02:13:02.905+0000] {dag.py:3340} INFO - Setting next_dagrun for example_task_group_decorator to 2024-07-25T02:13:02.905662+00:00, run_after=2024-07-26T02:13:02.905662+00:00
[2024-07-26T02:13:02.933+0000] {processor.py:176} INFO - Processing /home/airflow/.local/lib/python3.7/site-packages/airflow/example_dags/example_task_group_decorator.py took 0.127 seconds
[2024-07-26T02:39:12.324+0000] {processor.py:154} INFO - Started process (PID=5159) to work on /home/airflow/.local/lib/python3.7/site-packages/airflow/example_dags/example_task_group_decorator.py
[2024-07-26T02:39:12.325+0000] {processor.py:756} INFO - Processing file /home/airflow/.local/lib/python3.7/site-packages/airflow/example_dags/example_task_group_decorator.py for tasks to queue
[2024-07-26T02:39:12.326+0000] {logging_mixin.py:120} INFO - [2024-07-26T02:39:12.325+0000] {dagbag.py:537} INFO - Filling up the DagBag from /home/airflow/.local/lib/python3.7/site-packages/airflow/example_dags/example_task_group_decorator.py
[2024-07-26T02:39:12.343+0000] {processor.py:766} INFO - DAG(s) dict_keys(['example_task_group_decorator']) retrieved from /home/airflow/.local/lib/python3.7/site-packages/airflow/example_dags/example_task_group_decorator.py
[2024-07-26T02:39:12.376+0000] {logging_mixin.py:120} INFO - [2024-07-26T02:39:12.376+0000] {dag.py:2585} INFO - Sync 1 DAGs
[2024-07-26T02:39:12.390+0000] {logging_mixin.py:120} INFO - [2024-07-26T02:39:12.390+0000] {dag.py:3340} INFO - Setting next_dagrun for example_task_group_decorator to 2024-07-25T02:39:12.390635+00:00, run_after=2024-07-26T02:39:12.390635+00:00
[2024-07-26T02:39:12.413+0000] {processor.py:176} INFO - Processing /home/airflow/.local/lib/python3.7/site-packages/airflow/example_dags/example_task_group_decorator.py took 0.092 seconds
[2024-07-26T02:58:11.879+0000] {processor.py:154} INFO - Started process (PID=5223) to work on /home/airflow/.local/lib/python3.7/site-packages/airflow/example_dags/example_task_group_decorator.py
[2024-07-26T02:58:11.886+0000] {processor.py:756} INFO - Processing file /home/airflow/.local/lib/python3.7/site-packages/airflow/example_dags/example_task_group_decorator.py for tasks to queue
[2024-07-26T02:58:11.886+0000] {logging_mixin.py:120} INFO - [2024-07-26T02:58:11.886+0000] {dagbag.py:537} INFO - Filling up the DagBag from /home/airflow/.local/lib/python3.7/site-packages/airflow/example_dags/example_task_group_decorator.py
[2024-07-26T02:58:11.901+0000] {processor.py:766} INFO - DAG(s) dict_keys(['example_task_group_decorator']) retrieved from /home/airflow/.local/lib/python3.7/site-packages/airflow/example_dags/example_task_group_decorator.py
[2024-07-26T02:58:11.933+0000] {logging_mixin.py:120} INFO - [2024-07-26T02:58:11.933+0000] {dag.py:2585} INFO - Sync 1 DAGs
[2024-07-26T02:58:11.946+0000] {logging_mixin.py:120} INFO - [2024-07-26T02:58:11.945+0000] {dag.py:3340} INFO - Setting next_dagrun for example_task_group_decorator to 2024-07-25T02:58:11.945828+00:00, run_after=2024-07-26T02:58:11.945828+00:00
[2024-07-26T02:58:11.959+0000] {processor.py:176} INFO - Processing /home/airflow/.local/lib/python3.7/site-packages/airflow/example_dags/example_task_group_decorator.py took 0.082 seconds
[2024-07-26T03:01:34.723+0000] {processor.py:154} INFO - Started process (PID=5287) to work on /home/airflow/.local/lib/python3.7/site-packages/airflow/example_dags/example_task_group_decorator.py
[2024-07-26T03:01:34.724+0000] {processor.py:756} INFO - Processing file /home/airflow/.local/lib/python3.7/site-packages/airflow/example_dags/example_task_group_decorator.py for tasks to queue
[2024-07-26T03:01:34.724+0000] {logging_mixin.py:120} INFO - [2024-07-26T03:01:34.724+0000] {dagbag.py:537} INFO - Filling up the DagBag from /home/airflow/.local/lib/python3.7/site-packages/airflow/example_dags/example_task_group_decorator.py
[2024-07-26T03:01:34.746+0000] {processor.py:766} INFO - DAG(s) dict_keys(['example_task_group_decorator']) retrieved from /home/airflow/.local/lib/python3.7/site-packages/airflow/example_dags/example_task_group_decorator.py
[2024-07-26T03:01:34.778+0000] {logging_mixin.py:120} INFO - [2024-07-26T03:01:34.778+0000] {dag.py:2585} INFO - Sync 1 DAGs
[2024-07-26T03:01:34.801+0000] {logging_mixin.py:120} INFO - [2024-07-26T03:01:34.801+0000] {dag.py:3340} INFO - Setting next_dagrun for example_task_group_decorator to 2024-07-25T03:01:34.801524+00:00, run_after=2024-07-26T03:01:34.801524+00:00
[2024-07-26T03:01:34.818+0000] {processor.py:176} INFO - Processing /home/airflow/.local/lib/python3.7/site-packages/airflow/example_dags/example_task_group_decorator.py took 0.097 seconds
[2024-07-26T03:15:41.180+0000] {processor.py:154} INFO - Started process (PID=5351) to work on /home/airflow/.local/lib/python3.7/site-packages/airflow/example_dags/example_task_group_decorator.py
[2024-07-26T03:15:41.185+0000] {processor.py:756} INFO - Processing file /home/airflow/.local/lib/python3.7/site-packages/airflow/example_dags/example_task_group_decorator.py for tasks to queue
[2024-07-26T03:15:41.186+0000] {logging_mixin.py:120} INFO - [2024-07-26T03:15:41.186+0000] {dagbag.py:537} INFO - Filling up the DagBag from /home/airflow/.local/lib/python3.7/site-packages/airflow/example_dags/example_task_group_decorator.py
[2024-07-26T03:15:41.207+0000] {processor.py:766} INFO - DAG(s) dict_keys(['example_task_group_decorator']) retrieved from /home/airflow/.local/lib/python3.7/site-packages/airflow/example_dags/example_task_group_decorator.py
[2024-07-26T03:15:41.230+0000] {logging_mixin.py:120} INFO - [2024-07-26T03:15:41.230+0000] {dag.py:2585} INFO - Sync 1 DAGs
[2024-07-26T03:15:41.251+0000] {logging_mixin.py:120} INFO - [2024-07-26T03:15:41.251+0000] {dag.py:3340} INFO - Setting next_dagrun for example_task_group_decorator to 2024-07-25T03:15:41.251054+00:00, run_after=2024-07-26T03:15:41.251054+00:00
[2024-07-26T03:15:41.272+0000] {processor.py:176} INFO - Processing /home/airflow/.local/lib/python3.7/site-packages/airflow/example_dags/example_task_group_decorator.py took 0.094 seconds
[2024-07-26T03:32:16.227+0000] {processor.py:154} INFO - Started process (PID=5406) to work on /home/airflow/.local/lib/python3.7/site-packages/airflow/example_dags/example_task_group_decorator.py
[2024-07-26T03:32:16.228+0000] {processor.py:756} INFO - Processing file /home/airflow/.local/lib/python3.7/site-packages/airflow/example_dags/example_task_group_decorator.py for tasks to queue
[2024-07-26T03:32:16.230+0000] {logging_mixin.py:120} INFO - [2024-07-26T03:32:16.230+0000] {dagbag.py:537} INFO - Filling up the DagBag from /home/airflow/.local/lib/python3.7/site-packages/airflow/example_dags/example_task_group_decorator.py
[2024-07-26T03:32:16.248+0000] {processor.py:766} INFO - DAG(s) dict_keys(['example_task_group_decorator']) retrieved from /home/airflow/.local/lib/python3.7/site-packages/airflow/example_dags/example_task_group_decorator.py
[2024-07-26T03:32:16.282+0000] {logging_mixin.py:120} INFO - [2024-07-26T03:32:16.282+0000] {dag.py:2585} INFO - Sync 1 DAGs
[2024-07-26T03:32:16.301+0000] {logging_mixin.py:120} INFO - [2024-07-26T03:32:16.301+0000] {dag.py:3340} INFO - Setting next_dagrun for example_task_group_decorator to 2024-07-25T03:32:16.301700+00:00, run_after=2024-07-26T03:32:16.301700+00:00
[2024-07-26T03:32:16.320+0000] {processor.py:176} INFO - Processing /home/airflow/.local/lib/python3.7/site-packages/airflow/example_dags/example_task_group_decorator.py took 0.095 seconds
[2024-07-26T03:56:59.098+0000] {processor.py:154} INFO - Started process (PID=5470) to work on /home/airflow/.local/lib/python3.7/site-packages/airflow/example_dags/example_task_group_decorator.py
[2024-07-26T03:56:59.100+0000] {processor.py:756} INFO - Processing file /home/airflow/.local/lib/python3.7/site-packages/airflow/example_dags/example_task_group_decorator.py for tasks to queue
[2024-07-26T03:56:59.101+0000] {logging_mixin.py:120} INFO - [2024-07-26T03:56:59.101+0000] {dagbag.py:537} INFO - Filling up the DagBag from /home/airflow/.local/lib/python3.7/site-packages/airflow/example_dags/example_task_group_decorator.py
[2024-07-26T03:56:59.118+0000] {processor.py:766} INFO - DAG(s) dict_keys(['example_task_group_decorator']) retrieved from /home/airflow/.local/lib/python3.7/site-packages/airflow/example_dags/example_task_group_decorator.py
[2024-07-26T03:56:59.147+0000] {logging_mixin.py:120} INFO - [2024-07-26T03:56:59.147+0000] {dag.py:2585} INFO - Sync 1 DAGs
[2024-07-26T03:56:59.167+0000] {logging_mixin.py:120} INFO - [2024-07-26T03:56:59.167+0000] {dag.py:3340} INFO - Setting next_dagrun for example_task_group_decorator to 2024-07-25T03:56:59.167413+00:00, run_after=2024-07-26T03:56:59.167413+00:00
[2024-07-26T03:56:59.187+0000] {processor.py:176} INFO - Processing /home/airflow/.local/lib/python3.7/site-packages/airflow/example_dags/example_task_group_decorator.py took 0.091 seconds
[2024-07-26T04:02:04.802+0000] {processor.py:154} INFO - Started process (PID=5534) to work on /home/airflow/.local/lib/python3.7/site-packages/airflow/example_dags/example_task_group_decorator.py
[2024-07-26T04:02:04.803+0000] {processor.py:756} INFO - Processing file /home/airflow/.local/lib/python3.7/site-packages/airflow/example_dags/example_task_group_decorator.py for tasks to queue
[2024-07-26T04:02:04.807+0000] {logging_mixin.py:120} INFO - [2024-07-26T04:02:04.807+0000] {dagbag.py:537} INFO - Filling up the DagBag from /home/airflow/.local/lib/python3.7/site-packages/airflow/example_dags/example_task_group_decorator.py
[2024-07-26T04:02:04.832+0000] {processor.py:766} INFO - DAG(s) dict_keys(['example_task_group_decorator']) retrieved from /home/airflow/.local/lib/python3.7/site-packages/airflow/example_dags/example_task_group_decorator.py
[2024-07-26T04:02:04.871+0000] {logging_mixin.py:120} INFO - [2024-07-26T04:02:04.871+0000] {dag.py:2585} INFO - Sync 1 DAGs
[2024-07-26T04:02:04.895+0000] {logging_mixin.py:120} INFO - [2024-07-26T04:02:04.895+0000] {dag.py:3340} INFO - Setting next_dagrun for example_task_group_decorator to 2024-07-25T04:02:04.895106+00:00, run_after=2024-07-26T04:02:04.895106+00:00
[2024-07-26T04:02:04.909+0000] {processor.py:176} INFO - Processing /home/airflow/.local/lib/python3.7/site-packages/airflow/example_dags/example_task_group_decorator.py took 0.109 seconds
[2024-07-26T04:04:17.442+0000] {processor.py:154} INFO - Started process (PID=5598) to work on /home/airflow/.local/lib/python3.7/site-packages/airflow/example_dags/example_task_group_decorator.py
[2024-07-26T04:04:17.442+0000] {processor.py:756} INFO - Processing file /home/airflow/.local/lib/python3.7/site-packages/airflow/example_dags/example_task_group_decorator.py for tasks to queue
[2024-07-26T04:04:17.443+0000] {logging_mixin.py:120} INFO - [2024-07-26T04:04:17.443+0000] {dagbag.py:537} INFO - Filling up the DagBag from /home/airflow/.local/lib/python3.7/site-packages/airflow/example_dags/example_task_group_decorator.py
[2024-07-26T04:04:17.464+0000] {processor.py:766} INFO - DAG(s) dict_keys(['example_task_group_decorator']) retrieved from /home/airflow/.local/lib/python3.7/site-packages/airflow/example_dags/example_task_group_decorator.py
[2024-07-26T04:04:17.493+0000] {logging_mixin.py:120} INFO - [2024-07-26T04:04:17.492+0000] {dag.py:2585} INFO - Sync 1 DAGs
[2024-07-26T04:04:17.508+0000] {logging_mixin.py:120} INFO - [2024-07-26T04:04:17.508+0000] {dag.py:3340} INFO - Setting next_dagrun for example_task_group_decorator to 2024-07-25T04:04:17.508037+00:00, run_after=2024-07-26T04:04:17.508037+00:00
[2024-07-26T04:04:17.527+0000] {processor.py:176} INFO - Processing /home/airflow/.local/lib/python3.7/site-packages/airflow/example_dags/example_task_group_decorator.py took 0.087 seconds
[2024-07-26T04:06:04.564+0000] {processor.py:154} INFO - Started process (PID=5661) to work on /home/airflow/.local/lib/python3.7/site-packages/airflow/example_dags/example_task_group_decorator.py
[2024-07-26T04:06:04.565+0000] {processor.py:756} INFO - Processing file /home/airflow/.local/lib/python3.7/site-packages/airflow/example_dags/example_task_group_decorator.py for tasks to queue
[2024-07-26T04:06:04.565+0000] {logging_mixin.py:120} INFO - [2024-07-26T04:06:04.565+0000] {dagbag.py:537} INFO - Filling up the DagBag from /home/airflow/.local/lib/python3.7/site-packages/airflow/example_dags/example_task_group_decorator.py
[2024-07-26T04:06:04.578+0000] {processor.py:766} INFO - DAG(s) dict_keys(['example_task_group_decorator']) retrieved from /home/airflow/.local/lib/python3.7/site-packages/airflow/example_dags/example_task_group_decorator.py
[2024-07-26T04:06:04.609+0000] {logging_mixin.py:120} INFO - [2024-07-26T04:06:04.609+0000] {dag.py:2585} INFO - Sync 1 DAGs
[2024-07-26T04:06:04.628+0000] {logging_mixin.py:120} INFO - [2024-07-26T04:06:04.628+0000] {dag.py:3340} INFO - Setting next_dagrun for example_task_group_decorator to 2024-07-25T04:06:04.628443+00:00, run_after=2024-07-26T04:06:04.628443+00:00
[2024-07-26T04:06:04.646+0000] {processor.py:176} INFO - Processing /home/airflow/.local/lib/python3.7/site-packages/airflow/example_dags/example_task_group_decorator.py took 0.085 seconds
[2024-07-26T04:08:05.841+0000] {processor.py:154} INFO - Started process (PID=5716) to work on /home/airflow/.local/lib/python3.7/site-packages/airflow/example_dags/example_task_group_decorator.py
[2024-07-26T04:08:05.845+0000] {processor.py:756} INFO - Processing file /home/airflow/.local/lib/python3.7/site-packages/airflow/example_dags/example_task_group_decorator.py for tasks to queue
[2024-07-26T04:08:05.846+0000] {logging_mixin.py:120} INFO - [2024-07-26T04:08:05.846+0000] {dagbag.py:537} INFO - Filling up the DagBag from /home/airflow/.local/lib/python3.7/site-packages/airflow/example_dags/example_task_group_decorator.py
[2024-07-26T04:08:05.861+0000] {processor.py:766} INFO - DAG(s) dict_keys(['example_task_group_decorator']) retrieved from /home/airflow/.local/lib/python3.7/site-packages/airflow/example_dags/example_task_group_decorator.py
[2024-07-26T04:08:05.886+0000] {logging_mixin.py:120} INFO - [2024-07-26T04:08:05.886+0000] {dag.py:2585} INFO - Sync 1 DAGs
[2024-07-26T04:08:05.900+0000] {logging_mixin.py:120} INFO - [2024-07-26T04:08:05.900+0000] {dag.py:3340} INFO - Setting next_dagrun for example_task_group_decorator to 2024-07-25T04:08:05.900533+00:00, run_after=2024-07-26T04:08:05.900533+00:00
[2024-07-26T04:08:05.914+0000] {processor.py:176} INFO - Processing /home/airflow/.local/lib/python3.7/site-packages/airflow/example_dags/example_task_group_decorator.py took 0.075 seconds
[2024-07-26T04:09:01.955+0000] {processor.py:154} INFO - Started process (PID=5780) to work on /home/airflow/.local/lib/python3.7/site-packages/airflow/example_dags/example_task_group_decorator.py
[2024-07-26T04:09:01.957+0000] {processor.py:756} INFO - Processing file /home/airflow/.local/lib/python3.7/site-packages/airflow/example_dags/example_task_group_decorator.py for tasks to queue
[2024-07-26T04:09:01.958+0000] {logging_mixin.py:120} INFO - [2024-07-26T04:09:01.958+0000] {dagbag.py:537} INFO - Filling up the DagBag from /home/airflow/.local/lib/python3.7/site-packages/airflow/example_dags/example_task_group_decorator.py
[2024-07-26T04:09:01.972+0000] {processor.py:766} INFO - DAG(s) dict_keys(['example_task_group_decorator']) retrieved from /home/airflow/.local/lib/python3.7/site-packages/airflow/example_dags/example_task_group_decorator.py
[2024-07-26T04:09:02.000+0000] {logging_mixin.py:120} INFO - [2024-07-26T04:09:02.000+0000] {dag.py:2585} INFO - Sync 1 DAGs
[2024-07-26T04:09:02.015+0000] {logging_mixin.py:120} INFO - [2024-07-26T04:09:02.015+0000] {dag.py:3340} INFO - Setting next_dagrun for example_task_group_decorator to 2024-07-25T04:09:02.015416+00:00, run_after=2024-07-26T04:09:02.015416+00:00
[2024-07-26T04:09:02.030+0000] {processor.py:176} INFO - Processing /home/airflow/.local/lib/python3.7/site-packages/airflow/example_dags/example_task_group_decorator.py took 0.077 seconds
[2024-07-26T04:10:11.470+0000] {processor.py:154} INFO - Started process (PID=5845) to work on /home/airflow/.local/lib/python3.7/site-packages/airflow/example_dags/example_task_group_decorator.py
[2024-07-26T04:10:11.471+0000] {processor.py:756} INFO - Processing file /home/airflow/.local/lib/python3.7/site-packages/airflow/example_dags/example_task_group_decorator.py for tasks to queue
[2024-07-26T04:10:11.471+0000] {logging_mixin.py:120} INFO - [2024-07-26T04:10:11.471+0000] {dagbag.py:537} INFO - Filling up the DagBag from /home/airflow/.local/lib/python3.7/site-packages/airflow/example_dags/example_task_group_decorator.py
[2024-07-26T04:10:11.491+0000] {processor.py:766} INFO - DAG(s) dict_keys(['example_task_group_decorator']) retrieved from /home/airflow/.local/lib/python3.7/site-packages/airflow/example_dags/example_task_group_decorator.py
[2024-07-26T04:10:11.517+0000] {logging_mixin.py:120} INFO - [2024-07-26T04:10:11.517+0000] {dag.py:2585} INFO - Sync 1 DAGs
[2024-07-26T04:10:11.533+0000] {logging_mixin.py:120} INFO - [2024-07-26T04:10:11.533+0000] {dag.py:3340} INFO - Setting next_dagrun for example_task_group_decorator to 2024-07-25T04:10:11.533369+00:00, run_after=2024-07-26T04:10:11.533369+00:00
[2024-07-26T04:10:11.553+0000] {processor.py:176} INFO - Processing /home/airflow/.local/lib/python3.7/site-packages/airflow/example_dags/example_task_group_decorator.py took 0.085 seconds
[2024-07-26T04:11:38.302+0000] {processor.py:154} INFO - Started process (PID=5909) to work on /home/airflow/.local/lib/python3.7/site-packages/airflow/example_dags/example_task_group_decorator.py
[2024-07-26T04:11:38.306+0000] {processor.py:756} INFO - Processing file /home/airflow/.local/lib/python3.7/site-packages/airflow/example_dags/example_task_group_decorator.py for tasks to queue
[2024-07-26T04:11:38.310+0000] {logging_mixin.py:120} INFO - [2024-07-26T04:11:38.310+0000] {dagbag.py:537} INFO - Filling up the DagBag from /home/airflow/.local/lib/python3.7/site-packages/airflow/example_dags/example_task_group_decorator.py
[2024-07-26T04:11:38.327+0000] {processor.py:766} INFO - DAG(s) dict_keys(['example_task_group_decorator']) retrieved from /home/airflow/.local/lib/python3.7/site-packages/airflow/example_dags/example_task_group_decorator.py
[2024-07-26T04:11:38.365+0000] {logging_mixin.py:120} INFO - [2024-07-26T04:11:38.365+0000] {dag.py:2585} INFO - Sync 1 DAGs
[2024-07-26T04:11:38.382+0000] {logging_mixin.py:120} INFO - [2024-07-26T04:11:38.382+0000] {dag.py:3340} INFO - Setting next_dagrun for example_task_group_decorator to 2024-07-25T04:11:38.382743+00:00, run_after=2024-07-26T04:11:38.382743+00:00
[2024-07-26T04:11:38.396+0000] {processor.py:176} INFO - Processing /home/airflow/.local/lib/python3.7/site-packages/airflow/example_dags/example_task_group_decorator.py took 0.096 seconds
[2024-07-26T04:12:21.433+0000] {processor.py:154} INFO - Started process (PID=5973) to work on /home/airflow/.local/lib/python3.7/site-packages/airflow/example_dags/example_task_group_decorator.py
[2024-07-26T04:12:21.433+0000] {processor.py:756} INFO - Processing file /home/airflow/.local/lib/python3.7/site-packages/airflow/example_dags/example_task_group_decorator.py for tasks to queue
[2024-07-26T04:12:21.434+0000] {logging_mixin.py:120} INFO - [2024-07-26T04:12:21.434+0000] {dagbag.py:537} INFO - Filling up the DagBag from /home/airflow/.local/lib/python3.7/site-packages/airflow/example_dags/example_task_group_decorator.py
[2024-07-26T04:12:21.452+0000] {processor.py:766} INFO - DAG(s) dict_keys(['example_task_group_decorator']) retrieved from /home/airflow/.local/lib/python3.7/site-packages/airflow/example_dags/example_task_group_decorator.py
[2024-07-26T04:12:21.473+0000] {logging_mixin.py:120} INFO - [2024-07-26T04:12:21.473+0000] {dag.py:2585} INFO - Sync 1 DAGs
[2024-07-26T04:12:21.491+0000] {logging_mixin.py:120} INFO - [2024-07-26T04:12:21.491+0000] {dag.py:3340} INFO - Setting next_dagrun for example_task_group_decorator to 2024-07-25T04:12:21.491296+00:00, run_after=2024-07-26T04:12:21.491296+00:00
[2024-07-26T04:12:21.514+0000] {processor.py:176} INFO - Processing /home/airflow/.local/lib/python3.7/site-packages/airflow/example_dags/example_task_group_decorator.py took 0.083 seconds
[2024-07-26T04:13:14.676+0000] {processor.py:154} INFO - Started process (PID=6028) to work on /home/airflow/.local/lib/python3.7/site-packages/airflow/example_dags/example_task_group_decorator.py
[2024-07-26T04:13:14.678+0000] {processor.py:756} INFO - Processing file /home/airflow/.local/lib/python3.7/site-packages/airflow/example_dags/example_task_group_decorator.py for tasks to queue
[2024-07-26T04:13:14.682+0000] {logging_mixin.py:120} INFO - [2024-07-26T04:13:14.682+0000] {dagbag.py:537} INFO - Filling up the DagBag from /home/airflow/.local/lib/python3.7/site-packages/airflow/example_dags/example_task_group_decorator.py
[2024-07-26T04:13:14.700+0000] {processor.py:766} INFO - DAG(s) dict_keys(['example_task_group_decorator']) retrieved from /home/airflow/.local/lib/python3.7/site-packages/airflow/example_dags/example_task_group_decorator.py
[2024-07-26T04:13:15.041+0000] {logging_mixin.py:120} INFO - [2024-07-26T04:13:15.040+0000] {dag.py:2585} INFO - Sync 1 DAGs
[2024-07-26T04:13:15.199+0000] {logging_mixin.py:120} INFO - [2024-07-26T04:13:15.199+0000] {dag.py:3340} INFO - Setting next_dagrun for example_task_group_decorator to 2024-07-25T04:13:15.199516+00:00, run_after=2024-07-26T04:13:15.199516+00:00
[2024-07-26T04:13:15.229+0000] {processor.py:176} INFO - Processing /home/airflow/.local/lib/python3.7/site-packages/airflow/example_dags/example_task_group_decorator.py took 0.555 seconds
[2024-07-26T04:14:05.574+0000] {processor.py:154} INFO - Started process (PID=6091) to work on /home/airflow/.local/lib/python3.7/site-packages/airflow/example_dags/example_task_group_decorator.py
[2024-07-26T04:14:05.576+0000] {processor.py:756} INFO - Processing file /home/airflow/.local/lib/python3.7/site-packages/airflow/example_dags/example_task_group_decorator.py for tasks to queue
[2024-07-26T04:14:05.578+0000] {logging_mixin.py:120} INFO - [2024-07-26T04:14:05.578+0000] {dagbag.py:537} INFO - Filling up the DagBag from /home/airflow/.local/lib/python3.7/site-packages/airflow/example_dags/example_task_group_decorator.py
[2024-07-26T04:14:05.594+0000] {processor.py:766} INFO - DAG(s) dict_keys(['example_task_group_decorator']) retrieved from /home/airflow/.local/lib/python3.7/site-packages/airflow/example_dags/example_task_group_decorator.py
[2024-07-26T04:14:05.625+0000] {logging_mixin.py:120} INFO - [2024-07-26T04:14:05.625+0000] {dag.py:2585} INFO - Sync 1 DAGs
[2024-07-26T04:14:05.640+0000] {logging_mixin.py:120} INFO - [2024-07-26T04:14:05.640+0000] {dag.py:3340} INFO - Setting next_dagrun for example_task_group_decorator to 2024-07-25T04:14:05.639246+00:00, run_after=2024-07-26T04:14:05.639246+00:00
[2024-07-26T04:14:05.654+0000] {processor.py:176} INFO - Processing /home/airflow/.local/lib/python3.7/site-packages/airflow/example_dags/example_task_group_decorator.py took 0.082 seconds
[2024-07-26T04:18:34.164+0000] {processor.py:154} INFO - Started process (PID=6155) to work on /home/airflow/.local/lib/python3.7/site-packages/airflow/example_dags/example_task_group_decorator.py
[2024-07-26T04:18:34.166+0000] {processor.py:756} INFO - Processing file /home/airflow/.local/lib/python3.7/site-packages/airflow/example_dags/example_task_group_decorator.py for tasks to queue
[2024-07-26T04:18:34.167+0000] {logging_mixin.py:120} INFO - [2024-07-26T04:18:34.167+0000] {dagbag.py:537} INFO - Filling up the DagBag from /home/airflow/.local/lib/python3.7/site-packages/airflow/example_dags/example_task_group_decorator.py
[2024-07-26T04:18:34.185+0000] {processor.py:766} INFO - DAG(s) dict_keys(['example_task_group_decorator']) retrieved from /home/airflow/.local/lib/python3.7/site-packages/airflow/example_dags/example_task_group_decorator.py
[2024-07-26T04:18:34.221+0000] {logging_mixin.py:120} INFO - [2024-07-26T04:18:34.221+0000] {dag.py:2585} INFO - Sync 1 DAGs
[2024-07-26T04:18:34.239+0000] {logging_mixin.py:120} INFO - [2024-07-26T04:18:34.239+0000] {dag.py:3340} INFO - Setting next_dagrun for example_task_group_decorator to 2024-07-25T04:18:34.238978+00:00, run_after=2024-07-26T04:18:34.238978+00:00
[2024-07-26T04:18:34.263+0000] {processor.py:176} INFO - Processing /home/airflow/.local/lib/python3.7/site-packages/airflow/example_dags/example_task_group_decorator.py took 0.101 seconds
[2024-07-26T04:19:16.453+0000] {processor.py:154} INFO - Started process (PID=6219) to work on /home/airflow/.local/lib/python3.7/site-packages/airflow/example_dags/example_task_group_decorator.py
[2024-07-26T04:19:16.454+0000] {processor.py:756} INFO - Processing file /home/airflow/.local/lib/python3.7/site-packages/airflow/example_dags/example_task_group_decorator.py for tasks to queue
[2024-07-26T04:19:16.455+0000] {logging_mixin.py:120} INFO - [2024-07-26T04:19:16.455+0000] {dagbag.py:537} INFO - Filling up the DagBag from /home/airflow/.local/lib/python3.7/site-packages/airflow/example_dags/example_task_group_decorator.py
[2024-07-26T04:19:16.471+0000] {processor.py:766} INFO - DAG(s) dict_keys(['example_task_group_decorator']) retrieved from /home/airflow/.local/lib/python3.7/site-packages/airflow/example_dags/example_task_group_decorator.py
[2024-07-26T04:19:16.494+0000] {logging_mixin.py:120} INFO - [2024-07-26T04:19:16.494+0000] {dag.py:2585} INFO - Sync 1 DAGs
[2024-07-26T04:19:16.511+0000] {logging_mixin.py:120} INFO - [2024-07-26T04:19:16.511+0000] {dag.py:3340} INFO - Setting next_dagrun for example_task_group_decorator to 2024-07-25T04:19:16.511091+00:00, run_after=2024-07-26T04:19:16.511091+00:00
[2024-07-26T04:19:16.527+0000] {processor.py:176} INFO - Processing /home/airflow/.local/lib/python3.7/site-packages/airflow/example_dags/example_task_group_decorator.py took 0.076 seconds
[2024-07-26T04:20:38.040+0000] {processor.py:154} INFO - Started process (PID=6274) to work on /home/airflow/.local/lib/python3.7/site-packages/airflow/example_dags/example_task_group_decorator.py
[2024-07-26T04:20:38.041+0000] {processor.py:756} INFO - Processing file /home/airflow/.local/lib/python3.7/site-packages/airflow/example_dags/example_task_group_decorator.py for tasks to queue
[2024-07-26T04:20:38.041+0000] {logging_mixin.py:120} INFO - [2024-07-26T04:20:38.041+0000] {dagbag.py:537} INFO - Filling up the DagBag from /home/airflow/.local/lib/python3.7/site-packages/airflow/example_dags/example_task_group_decorator.py
[2024-07-26T04:20:38.058+0000] {processor.py:766} INFO - DAG(s) dict_keys(['example_task_group_decorator']) retrieved from /home/airflow/.local/lib/python3.7/site-packages/airflow/example_dags/example_task_group_decorator.py
[2024-07-26T04:20:38.088+0000] {logging_mixin.py:120} INFO - [2024-07-26T04:20:38.088+0000] {dag.py:2585} INFO - Sync 1 DAGs
[2024-07-26T04:20:38.108+0000] {logging_mixin.py:120} INFO - [2024-07-26T04:20:38.108+0000] {dag.py:3340} INFO - Setting next_dagrun for example_task_group_decorator to 2024-07-25T04:20:38.108056+00:00, run_after=2024-07-26T04:20:38.108056+00:00
[2024-07-26T04:20:38.122+0000] {processor.py:176} INFO - Processing /home/airflow/.local/lib/python3.7/site-packages/airflow/example_dags/example_task_group_decorator.py took 0.084 seconds
[2024-07-26T04:21:41.954+0000] {processor.py:154} INFO - Started process (PID=6337) to work on /home/airflow/.local/lib/python3.7/site-packages/airflow/example_dags/example_task_group_decorator.py
[2024-07-26T04:21:41.955+0000] {processor.py:756} INFO - Processing file /home/airflow/.local/lib/python3.7/site-packages/airflow/example_dags/example_task_group_decorator.py for tasks to queue
[2024-07-26T04:21:41.956+0000] {logging_mixin.py:120} INFO - [2024-07-26T04:21:41.956+0000] {dagbag.py:537} INFO - Filling up the DagBag from /home/airflow/.local/lib/python3.7/site-packages/airflow/example_dags/example_task_group_decorator.py
[2024-07-26T04:21:41.971+0000] {processor.py:766} INFO - DAG(s) dict_keys(['example_task_group_decorator']) retrieved from /home/airflow/.local/lib/python3.7/site-packages/airflow/example_dags/example_task_group_decorator.py
[2024-07-26T04:21:41.992+0000] {logging_mixin.py:120} INFO - [2024-07-26T04:21:41.992+0000] {dag.py:2585} INFO - Sync 1 DAGs
[2024-07-26T04:21:42.006+0000] {logging_mixin.py:120} INFO - [2024-07-26T04:21:42.006+0000] {dag.py:3340} INFO - Setting next_dagrun for example_task_group_decorator to 2024-07-25T04:21:42.006711+00:00, run_after=2024-07-26T04:21:42.006711+00:00
[2024-07-26T04:21:42.026+0000] {processor.py:176} INFO - Processing /home/airflow/.local/lib/python3.7/site-packages/airflow/example_dags/example_task_group_decorator.py took 0.073 seconds
[2024-07-26T04:22:48.284+0000] {processor.py:154} INFO - Started process (PID=6401) to work on /home/airflow/.local/lib/python3.7/site-packages/airflow/example_dags/example_task_group_decorator.py
[2024-07-26T04:22:48.286+0000] {processor.py:756} INFO - Processing file /home/airflow/.local/lib/python3.7/site-packages/airflow/example_dags/example_task_group_decorator.py for tasks to queue
[2024-07-26T04:22:48.287+0000] {logging_mixin.py:120} INFO - [2024-07-26T04:22:48.286+0000] {dagbag.py:537} INFO - Filling up the DagBag from /home/airflow/.local/lib/python3.7/site-packages/airflow/example_dags/example_task_group_decorator.py
[2024-07-26T04:22:48.303+0000] {processor.py:766} INFO - DAG(s) dict_keys(['example_task_group_decorator']) retrieved from /home/airflow/.local/lib/python3.7/site-packages/airflow/example_dags/example_task_group_decorator.py
[2024-07-26T04:22:48.328+0000] {logging_mixin.py:120} INFO - [2024-07-26T04:22:48.328+0000] {dag.py:2585} INFO - Sync 1 DAGs
[2024-07-26T04:22:48.341+0000] {logging_mixin.py:120} INFO - [2024-07-26T04:22:48.341+0000] {dag.py:3340} INFO - Setting next_dagrun for example_task_group_decorator to 2024-07-25T04:22:48.341653+00:00, run_after=2024-07-26T04:22:48.341653+00:00
[2024-07-26T04:22:48.352+0000] {processor.py:176} INFO - Processing /home/airflow/.local/lib/python3.7/site-packages/airflow/example_dags/example_task_group_decorator.py took 0.070 seconds
[2024-07-26T04:34:01.351+0000] {processor.py:154} INFO - Started process (PID=6465) to work on /home/airflow/.local/lib/python3.7/site-packages/airflow/example_dags/example_task_group_decorator.py
[2024-07-26T04:34:01.352+0000] {processor.py:756} INFO - Processing file /home/airflow/.local/lib/python3.7/site-packages/airflow/example_dags/example_task_group_decorator.py for tasks to queue
[2024-07-26T04:34:01.353+0000] {logging_mixin.py:120} INFO - [2024-07-26T04:34:01.353+0000] {dagbag.py:537} INFO - Filling up the DagBag from /home/airflow/.local/lib/python3.7/site-packages/airflow/example_dags/example_task_group_decorator.py
[2024-07-26T04:34:01.370+0000] {processor.py:766} INFO - DAG(s) dict_keys(['example_task_group_decorator']) retrieved from /home/airflow/.local/lib/python3.7/site-packages/airflow/example_dags/example_task_group_decorator.py
[2024-07-26T04:34:01.404+0000] {logging_mixin.py:120} INFO - [2024-07-26T04:34:01.404+0000] {dag.py:2585} INFO - Sync 1 DAGs
[2024-07-26T04:34:01.419+0000] {logging_mixin.py:120} INFO - [2024-07-26T04:34:01.419+0000] {dag.py:3340} INFO - Setting next_dagrun for example_task_group_decorator to 2024-07-25T04:34:01.419033+00:00, run_after=2024-07-26T04:34:01.419033+00:00
[2024-07-26T04:34:01.441+0000] {processor.py:176} INFO - Processing /home/airflow/.local/lib/python3.7/site-packages/airflow/example_dags/example_task_group_decorator.py took 0.092 seconds
[2024-07-26T04:49:13.597+0000] {processor.py:154} INFO - Started process (PID=6529) to work on /home/airflow/.local/lib/python3.7/site-packages/airflow/example_dags/example_task_group_decorator.py
[2024-07-26T04:49:13.599+0000] {processor.py:756} INFO - Processing file /home/airflow/.local/lib/python3.7/site-packages/airflow/example_dags/example_task_group_decorator.py for tasks to queue
[2024-07-26T04:49:13.599+0000] {logging_mixin.py:120} INFO - [2024-07-26T04:49:13.599+0000] {dagbag.py:537} INFO - Filling up the DagBag from /home/airflow/.local/lib/python3.7/site-packages/airflow/example_dags/example_task_group_decorator.py
[2024-07-26T04:49:13.615+0000] {processor.py:766} INFO - DAG(s) dict_keys(['example_task_group_decorator']) retrieved from /home/airflow/.local/lib/python3.7/site-packages/airflow/example_dags/example_task_group_decorator.py
[2024-07-26T04:49:13.643+0000] {logging_mixin.py:120} INFO - [2024-07-26T04:49:13.643+0000] {dag.py:2585} INFO - Sync 1 DAGs
[2024-07-26T04:49:13.660+0000] {logging_mixin.py:120} INFO - [2024-07-26T04:49:13.660+0000] {dag.py:3340} INFO - Setting next_dagrun for example_task_group_decorator to 2024-07-25T04:49:13.659932+00:00, run_after=2024-07-26T04:49:13.659932+00:00
[2024-07-26T04:49:13.682+0000] {processor.py:176} INFO - Processing /home/airflow/.local/lib/python3.7/site-packages/airflow/example_dags/example_task_group_decorator.py took 0.087 seconds
[2024-07-26T04:53:38.401+0000] {processor.py:154} INFO - Started process (PID=6584) to work on /home/airflow/.local/lib/python3.7/site-packages/airflow/example_dags/example_task_group_decorator.py
[2024-07-26T04:53:38.405+0000] {processor.py:756} INFO - Processing file /home/airflow/.local/lib/python3.7/site-packages/airflow/example_dags/example_task_group_decorator.py for tasks to queue
[2024-07-26T04:53:38.405+0000] {logging_mixin.py:120} INFO - [2024-07-26T04:53:38.405+0000] {dagbag.py:537} INFO - Filling up the DagBag from /home/airflow/.local/lib/python3.7/site-packages/airflow/example_dags/example_task_group_decorator.py
[2024-07-26T04:53:38.427+0000] {processor.py:766} INFO - DAG(s) dict_keys(['example_task_group_decorator']) retrieved from /home/airflow/.local/lib/python3.7/site-packages/airflow/example_dags/example_task_group_decorator.py
[2024-07-26T04:53:38.458+0000] {logging_mixin.py:120} INFO - [2024-07-26T04:53:38.458+0000] {dag.py:2585} INFO - Sync 1 DAGs
[2024-07-26T04:53:38.475+0000] {logging_mixin.py:120} INFO - [2024-07-26T04:53:38.475+0000] {dag.py:3340} INFO - Setting next_dagrun for example_task_group_decorator to 2024-07-25T04:53:38.475221+00:00, run_after=2024-07-26T04:53:38.475221+00:00
[2024-07-26T04:53:38.493+0000] {processor.py:176} INFO - Processing /home/airflow/.local/lib/python3.7/site-packages/airflow/example_dags/example_task_group_decorator.py took 0.094 seconds
[2024-07-26T05:02:50.649+0000] {processor.py:154} INFO - Started process (PID=6648) to work on /home/airflow/.local/lib/python3.7/site-packages/airflow/example_dags/example_task_group_decorator.py
[2024-07-26T05:02:50.651+0000] {processor.py:756} INFO - Processing file /home/airflow/.local/lib/python3.7/site-packages/airflow/example_dags/example_task_group_decorator.py for tasks to queue
[2024-07-26T05:02:50.653+0000] {logging_mixin.py:120} INFO - [2024-07-26T05:02:50.653+0000] {dagbag.py:537} INFO - Filling up the DagBag from /home/airflow/.local/lib/python3.7/site-packages/airflow/example_dags/example_task_group_decorator.py
[2024-07-26T05:02:50.683+0000] {processor.py:766} INFO - DAG(s) dict_keys(['example_task_group_decorator']) retrieved from /home/airflow/.local/lib/python3.7/site-packages/airflow/example_dags/example_task_group_decorator.py
[2024-07-26T05:02:50.706+0000] {logging_mixin.py:120} INFO - [2024-07-26T05:02:50.706+0000] {dag.py:2585} INFO - Sync 1 DAGs
[2024-07-26T05:02:50.727+0000] {logging_mixin.py:120} INFO - [2024-07-26T05:02:50.727+0000] {dag.py:3340} INFO - Setting next_dagrun for example_task_group_decorator to 2024-07-25T05:02:50.726945+00:00, run_after=2024-07-26T05:02:50.726945+00:00
[2024-07-26T05:02:50.737+0000] {processor.py:176} INFO - Processing /home/airflow/.local/lib/python3.7/site-packages/airflow/example_dags/example_task_group_decorator.py took 0.091 seconds
[2024-07-26T05:15:52.911+0000] {processor.py:154} INFO - Started process (PID=6712) to work on /home/airflow/.local/lib/python3.7/site-packages/airflow/example_dags/example_task_group_decorator.py
[2024-07-26T05:15:52.913+0000] {processor.py:756} INFO - Processing file /home/airflow/.local/lib/python3.7/site-packages/airflow/example_dags/example_task_group_decorator.py for tasks to queue
[2024-07-26T05:15:52.914+0000] {logging_mixin.py:120} INFO - [2024-07-26T05:15:52.914+0000] {dagbag.py:537} INFO - Filling up the DagBag from /home/airflow/.local/lib/python3.7/site-packages/airflow/example_dags/example_task_group_decorator.py
[2024-07-26T05:15:52.931+0000] {processor.py:766} INFO - DAG(s) dict_keys(['example_task_group_decorator']) retrieved from /home/airflow/.local/lib/python3.7/site-packages/airflow/example_dags/example_task_group_decorator.py
[2024-07-26T05:15:52.964+0000] {logging_mixin.py:120} INFO - [2024-07-26T05:15:52.963+0000] {dag.py:2585} INFO - Sync 1 DAGs
[2024-07-26T05:15:52.983+0000] {logging_mixin.py:120} INFO - [2024-07-26T05:15:52.983+0000] {dag.py:3340} INFO - Setting next_dagrun for example_task_group_decorator to 2024-07-25T05:15:52.983371+00:00, run_after=2024-07-26T05:15:52.983371+00:00
[2024-07-26T05:15:53.012+0000] {processor.py:176} INFO - Processing /home/airflow/.local/lib/python3.7/site-packages/airflow/example_dags/example_task_group_decorator.py took 0.104 seconds
[2024-07-26T05:33:29.791+0000] {processor.py:154} INFO - Started process (PID=6776) to work on /home/airflow/.local/lib/python3.7/site-packages/airflow/example_dags/example_task_group_decorator.py
[2024-07-26T05:33:29.792+0000] {processor.py:756} INFO - Processing file /home/airflow/.local/lib/python3.7/site-packages/airflow/example_dags/example_task_group_decorator.py for tasks to queue
[2024-07-26T05:33:29.793+0000] {logging_mixin.py:120} INFO - [2024-07-26T05:33:29.793+0000] {dagbag.py:537} INFO - Filling up the DagBag from /home/airflow/.local/lib/python3.7/site-packages/airflow/example_dags/example_task_group_decorator.py
[2024-07-26T05:33:29.808+0000] {processor.py:766} INFO - DAG(s) dict_keys(['example_task_group_decorator']) retrieved from /home/airflow/.local/lib/python3.7/site-packages/airflow/example_dags/example_task_group_decorator.py
[2024-07-26T05:33:29.843+0000] {logging_mixin.py:120} INFO - [2024-07-26T05:33:29.843+0000] {dag.py:2585} INFO - Sync 1 DAGs
[2024-07-26T05:33:29.865+0000] {logging_mixin.py:120} INFO - [2024-07-26T05:33:29.865+0000] {dag.py:3340} INFO - Setting next_dagrun for example_task_group_decorator to 2024-07-25T05:33:29.865190+00:00, run_after=2024-07-26T05:33:29.865190+00:00
[2024-07-26T05:33:29.879+0000] {processor.py:176} INFO - Processing /home/airflow/.local/lib/python3.7/site-packages/airflow/example_dags/example_task_group_decorator.py took 0.091 seconds
[2024-07-26T06:09:37.148+0000] {processor.py:154} INFO - Started process (PID=6839) to work on /home/airflow/.local/lib/python3.7/site-packages/airflow/example_dags/example_task_group_decorator.py
[2024-07-26T06:09:37.149+0000] {processor.py:756} INFO - Processing file /home/airflow/.local/lib/python3.7/site-packages/airflow/example_dags/example_task_group_decorator.py for tasks to queue
[2024-07-26T06:09:37.153+0000] {logging_mixin.py:120} INFO - [2024-07-26T06:09:37.153+0000] {dagbag.py:537} INFO - Filling up the DagBag from /home/airflow/.local/lib/python3.7/site-packages/airflow/example_dags/example_task_group_decorator.py
[2024-07-26T06:09:37.178+0000] {processor.py:766} INFO - DAG(s) dict_keys(['example_task_group_decorator']) retrieved from /home/airflow/.local/lib/python3.7/site-packages/airflow/example_dags/example_task_group_decorator.py
[2024-07-26T06:09:37.218+0000] {logging_mixin.py:120} INFO - [2024-07-26T06:09:37.218+0000] {dag.py:2585} INFO - Sync 1 DAGs
[2024-07-26T06:09:37.232+0000] {logging_mixin.py:120} INFO - [2024-07-26T06:09:37.232+0000] {dag.py:3340} INFO - Setting next_dagrun for example_task_group_decorator to 2024-07-25T06:09:37.232271+00:00, run_after=2024-07-26T06:09:37.232271+00:00
[2024-07-26T06:09:37.279+0000] {processor.py:176} INFO - Processing /home/airflow/.local/lib/python3.7/site-packages/airflow/example_dags/example_task_group_decorator.py took 0.134 seconds
[2024-07-26T07:10:34.118+0000] {processor.py:154} INFO - Started process (PID=6894) to work on /home/airflow/.local/lib/python3.7/site-packages/airflow/example_dags/example_task_group_decorator.py
[2024-07-26T07:10:34.120+0000] {processor.py:756} INFO - Processing file /home/airflow/.local/lib/python3.7/site-packages/airflow/example_dags/example_task_group_decorator.py for tasks to queue
[2024-07-26T07:10:34.121+0000] {logging_mixin.py:120} INFO - [2024-07-26T07:10:34.121+0000] {dagbag.py:537} INFO - Filling up the DagBag from /home/airflow/.local/lib/python3.7/site-packages/airflow/example_dags/example_task_group_decorator.py
[2024-07-26T07:10:34.147+0000] {processor.py:766} INFO - DAG(s) dict_keys(['example_task_group_decorator']) retrieved from /home/airflow/.local/lib/python3.7/site-packages/airflow/example_dags/example_task_group_decorator.py
[2024-07-26T07:10:34.183+0000] {logging_mixin.py:120} INFO - [2024-07-26T07:10:34.183+0000] {dag.py:2585} INFO - Sync 1 DAGs
[2024-07-26T07:10:34.197+0000] {logging_mixin.py:120} INFO - [2024-07-26T07:10:34.196+0000] {dag.py:3340} INFO - Setting next_dagrun for example_task_group_decorator to 2024-07-25T07:10:34.196806+00:00, run_after=2024-07-26T07:10:34.196806+00:00
[2024-07-26T07:10:34.210+0000] {processor.py:176} INFO - Processing /home/airflow/.local/lib/python3.7/site-packages/airflow/example_dags/example_task_group_decorator.py took 0.094 seconds
[2024-07-26T08:11:48.416+0000] {processor.py:154} INFO - Started process (PID=6958) to work on /home/airflow/.local/lib/python3.7/site-packages/airflow/example_dags/example_task_group_decorator.py
[2024-07-26T08:11:48.417+0000] {processor.py:756} INFO - Processing file /home/airflow/.local/lib/python3.7/site-packages/airflow/example_dags/example_task_group_decorator.py for tasks to queue
[2024-07-26T08:11:48.419+0000] {logging_mixin.py:120} INFO - [2024-07-26T08:11:48.419+0000] {dagbag.py:537} INFO - Filling up the DagBag from /home/airflow/.local/lib/python3.7/site-packages/airflow/example_dags/example_task_group_decorator.py
[2024-07-26T08:11:48.441+0000] {processor.py:766} INFO - DAG(s) dict_keys(['example_task_group_decorator']) retrieved from /home/airflow/.local/lib/python3.7/site-packages/airflow/example_dags/example_task_group_decorator.py
[2024-07-26T08:11:48.465+0000] {logging_mixin.py:120} INFO - [2024-07-26T08:11:48.465+0000] {dag.py:2585} INFO - Sync 1 DAGs
[2024-07-26T08:11:48.533+0000] {logging_mixin.py:120} INFO - [2024-07-26T08:11:48.533+0000] {dag.py:3340} INFO - Setting next_dagrun for example_task_group_decorator to 2024-07-25T08:11:48.532929+00:00, run_after=2024-07-26T08:11:48.532929+00:00
[2024-07-26T08:11:48.617+0000] {processor.py:176} INFO - Processing /home/airflow/.local/lib/python3.7/site-packages/airflow/example_dags/example_task_group_decorator.py took 0.202 seconds
[2024-07-26T08:36:12.242+0000] {processor.py:154} INFO - Started process (PID=7022) to work on /home/airflow/.local/lib/python3.7/site-packages/airflow/example_dags/example_task_group_decorator.py
[2024-07-26T08:36:12.246+0000] {processor.py:756} INFO - Processing file /home/airflow/.local/lib/python3.7/site-packages/airflow/example_dags/example_task_group_decorator.py for tasks to queue
[2024-07-26T08:36:12.246+0000] {logging_mixin.py:120} INFO - [2024-07-26T08:36:12.246+0000] {dagbag.py:537} INFO - Filling up the DagBag from /home/airflow/.local/lib/python3.7/site-packages/airflow/example_dags/example_task_group_decorator.py
[2024-07-26T08:36:12.266+0000] {processor.py:766} INFO - DAG(s) dict_keys(['example_task_group_decorator']) retrieved from /home/airflow/.local/lib/python3.7/site-packages/airflow/example_dags/example_task_group_decorator.py
[2024-07-26T08:36:12.313+0000] {logging_mixin.py:120} INFO - [2024-07-26T08:36:12.313+0000] {dag.py:2585} INFO - Sync 1 DAGs
[2024-07-26T08:36:12.335+0000] {logging_mixin.py:120} INFO - [2024-07-26T08:36:12.335+0000] {dag.py:3340} INFO - Setting next_dagrun for example_task_group_decorator to 2024-07-25T08:36:12.335161+00:00, run_after=2024-07-26T08:36:12.335161+00:00
[2024-07-26T08:36:12.660+0000] {processor.py:176} INFO - Processing /home/airflow/.local/lib/python3.7/site-packages/airflow/example_dags/example_task_group_decorator.py took 0.420 seconds
[2024-07-26T09:29:26.926+0000] {processor.py:154} INFO - Started process (PID=7086) to work on /home/airflow/.local/lib/python3.7/site-packages/airflow/example_dags/example_task_group_decorator.py
[2024-07-26T09:29:26.927+0000] {processor.py:756} INFO - Processing file /home/airflow/.local/lib/python3.7/site-packages/airflow/example_dags/example_task_group_decorator.py for tasks to queue
[2024-07-26T09:29:26.928+0000] {logging_mixin.py:120} INFO - [2024-07-26T09:29:26.928+0000] {dagbag.py:537} INFO - Filling up the DagBag from /home/airflow/.local/lib/python3.7/site-packages/airflow/example_dags/example_task_group_decorator.py
[2024-07-26T09:29:26.951+0000] {processor.py:766} INFO - DAG(s) dict_keys(['example_task_group_decorator']) retrieved from /home/airflow/.local/lib/python3.7/site-packages/airflow/example_dags/example_task_group_decorator.py
[2024-07-26T09:29:26.976+0000] {logging_mixin.py:120} INFO - [2024-07-26T09:29:26.976+0000] {dag.py:2585} INFO - Sync 1 DAGs
[2024-07-26T09:29:27.002+0000] {logging_mixin.py:120} INFO - [2024-07-26T09:29:27.002+0000] {dag.py:3340} INFO - Setting next_dagrun for example_task_group_decorator to 2024-07-25T09:29:27.001806+00:00, run_after=2024-07-26T09:29:27.001806+00:00
[2024-07-26T09:29:27.023+0000] {processor.py:176} INFO - Processing /home/airflow/.local/lib/python3.7/site-packages/airflow/example_dags/example_task_group_decorator.py took 0.099 seconds
[2024-07-26T10:30:31.406+0000] {processor.py:154} INFO - Started process (PID=7141) to work on /home/airflow/.local/lib/python3.7/site-packages/airflow/example_dags/example_task_group_decorator.py
[2024-07-26T10:30:31.408+0000] {processor.py:756} INFO - Processing file /home/airflow/.local/lib/python3.7/site-packages/airflow/example_dags/example_task_group_decorator.py for tasks to queue
[2024-07-26T10:30:31.408+0000] {logging_mixin.py:120} INFO - [2024-07-26T10:30:31.408+0000] {dagbag.py:537} INFO - Filling up the DagBag from /home/airflow/.local/lib/python3.7/site-packages/airflow/example_dags/example_task_group_decorator.py
[2024-07-26T10:30:31.429+0000] {processor.py:766} INFO - DAG(s) dict_keys(['example_task_group_decorator']) retrieved from /home/airflow/.local/lib/python3.7/site-packages/airflow/example_dags/example_task_group_decorator.py
[2024-07-26T10:30:31.473+0000] {logging_mixin.py:120} INFO - [2024-07-26T10:30:31.472+0000] {dag.py:2585} INFO - Sync 1 DAGs
[2024-07-26T10:30:31.487+0000] {logging_mixin.py:120} INFO - [2024-07-26T10:30:31.487+0000] {dag.py:3340} INFO - Setting next_dagrun for example_task_group_decorator to 2024-07-25T10:30:31.486928+00:00, run_after=2024-07-26T10:30:31.486928+00:00
[2024-07-26T10:30:31.496+0000] {processor.py:176} INFO - Processing /home/airflow/.local/lib/python3.7/site-packages/airflow/example_dags/example_task_group_decorator.py took 0.092 seconds
[2024-07-26T10:39:57.191+0000] {processor.py:154} INFO - Started process (PID=7205) to work on /home/airflow/.local/lib/python3.7/site-packages/airflow/example_dags/example_task_group_decorator.py
[2024-07-26T10:39:57.193+0000] {processor.py:756} INFO - Processing file /home/airflow/.local/lib/python3.7/site-packages/airflow/example_dags/example_task_group_decorator.py for tasks to queue
[2024-07-26T10:39:57.196+0000] {logging_mixin.py:120} INFO - [2024-07-26T10:39:57.195+0000] {dagbag.py:537} INFO - Filling up the DagBag from /home/airflow/.local/lib/python3.7/site-packages/airflow/example_dags/example_task_group_decorator.py
[2024-07-26T10:39:57.212+0000] {processor.py:766} INFO - DAG(s) dict_keys(['example_task_group_decorator']) retrieved from /home/airflow/.local/lib/python3.7/site-packages/airflow/example_dags/example_task_group_decorator.py
[2024-07-26T10:39:57.239+0000] {logging_mixin.py:120} INFO - [2024-07-26T10:39:57.239+0000] {dag.py:2585} INFO - Sync 1 DAGs
[2024-07-26T10:39:57.255+0000] {logging_mixin.py:120} INFO - [2024-07-26T10:39:57.255+0000] {dag.py:3340} INFO - Setting next_dagrun for example_task_group_decorator to 2024-07-25T10:39:57.255011+00:00, run_after=2024-07-26T10:39:57.255011+00:00
[2024-07-26T10:39:57.266+0000] {processor.py:176} INFO - Processing /home/airflow/.local/lib/python3.7/site-packages/airflow/example_dags/example_task_group_decorator.py took 0.077 seconds
[2024-07-26T11:48:31.306+0000] {processor.py:154} INFO - Started process (PID=7269) to work on /home/airflow/.local/lib/python3.7/site-packages/airflow/example_dags/example_task_group_decorator.py
[2024-07-26T11:48:31.310+0000] {processor.py:756} INFO - Processing file /home/airflow/.local/lib/python3.7/site-packages/airflow/example_dags/example_task_group_decorator.py for tasks to queue
[2024-07-26T11:48:31.311+0000] {logging_mixin.py:120} INFO - [2024-07-26T11:48:31.311+0000] {dagbag.py:537} INFO - Filling up the DagBag from /home/airflow/.local/lib/python3.7/site-packages/airflow/example_dags/example_task_group_decorator.py
[2024-07-26T11:48:31.334+0000] {processor.py:766} INFO - DAG(s) dict_keys(['example_task_group_decorator']) retrieved from /home/airflow/.local/lib/python3.7/site-packages/airflow/example_dags/example_task_group_decorator.py
[2024-07-26T11:48:31.399+0000] {logging_mixin.py:120} INFO - [2024-07-26T11:48:31.399+0000] {dag.py:2585} INFO - Sync 1 DAGs
[2024-07-26T11:48:31.421+0000] {logging_mixin.py:120} INFO - [2024-07-26T11:48:31.421+0000] {dag.py:3340} INFO - Setting next_dagrun for example_task_group_decorator to 2024-07-25T11:48:31.421044+00:00, run_after=2024-07-26T11:48:31.421044+00:00
[2024-07-26T11:48:31.471+0000] {processor.py:176} INFO - Processing /home/airflow/.local/lib/python3.7/site-packages/airflow/example_dags/example_task_group_decorator.py took 0.166 seconds
[2024-07-26T12:13:06.623+0000] {processor.py:154} INFO - Started process (PID=7333) to work on /home/airflow/.local/lib/python3.7/site-packages/airflow/example_dags/example_task_group_decorator.py
[2024-07-26T12:13:06.625+0000] {processor.py:756} INFO - Processing file /home/airflow/.local/lib/python3.7/site-packages/airflow/example_dags/example_task_group_decorator.py for tasks to queue
[2024-07-26T12:13:06.626+0000] {logging_mixin.py:120} INFO - [2024-07-26T12:13:06.626+0000] {dagbag.py:537} INFO - Filling up the DagBag from /home/airflow/.local/lib/python3.7/site-packages/airflow/example_dags/example_task_group_decorator.py
[2024-07-26T12:13:06.650+0000] {processor.py:766} INFO - DAG(s) dict_keys(['example_task_group_decorator']) retrieved from /home/airflow/.local/lib/python3.7/site-packages/airflow/example_dags/example_task_group_decorator.py
[2024-07-26T12:13:06.676+0000] {logging_mixin.py:120} INFO - [2024-07-26T12:13:06.676+0000] {dag.py:2585} INFO - Sync 1 DAGs
[2024-07-26T12:13:06.704+0000] {logging_mixin.py:120} INFO - [2024-07-26T12:13:06.704+0000] {dag.py:3340} INFO - Setting next_dagrun for example_task_group_decorator to 2024-07-25T12:13:06.704565+00:00, run_after=2024-07-26T12:13:06.704565+00:00
[2024-07-26T12:13:06.718+0000] {processor.py:176} INFO - Processing /home/airflow/.local/lib/python3.7/site-packages/airflow/example_dags/example_task_group_decorator.py took 0.096 seconds
[2024-07-26T12:19:26.675+0000] {processor.py:154} INFO - Started process (PID=7388) to work on /home/airflow/.local/lib/python3.7/site-packages/airflow/example_dags/example_task_group_decorator.py
[2024-07-26T12:19:26.676+0000] {processor.py:756} INFO - Processing file /home/airflow/.local/lib/python3.7/site-packages/airflow/example_dags/example_task_group_decorator.py for tasks to queue
[2024-07-26T12:19:26.678+0000] {logging_mixin.py:120} INFO - [2024-07-26T12:19:26.677+0000] {dagbag.py:537} INFO - Filling up the DagBag from /home/airflow/.local/lib/python3.7/site-packages/airflow/example_dags/example_task_group_decorator.py
[2024-07-26T12:19:26.697+0000] {processor.py:766} INFO - DAG(s) dict_keys(['example_task_group_decorator']) retrieved from /home/airflow/.local/lib/python3.7/site-packages/airflow/example_dags/example_task_group_decorator.py
[2024-07-26T12:19:26.726+0000] {logging_mixin.py:120} INFO - [2024-07-26T12:19:26.726+0000] {dag.py:2585} INFO - Sync 1 DAGs
[2024-07-26T12:19:26.747+0000] {logging_mixin.py:120} INFO - [2024-07-26T12:19:26.746+0000] {dag.py:3340} INFO - Setting next_dagrun for example_task_group_decorator to 2024-07-25T12:19:26.746777+00:00, run_after=2024-07-26T12:19:26.746777+00:00
[2024-07-26T12:19:26.760+0000] {processor.py:176} INFO - Processing /home/airflow/.local/lib/python3.7/site-packages/airflow/example_dags/example_task_group_decorator.py took 0.089 seconds
[2024-07-26T13:00:09.253+0000] {processor.py:154} INFO - Started process (PID=7451) to work on /home/airflow/.local/lib/python3.7/site-packages/airflow/example_dags/example_task_group_decorator.py
[2024-07-26T13:00:09.256+0000] {processor.py:756} INFO - Processing file /home/airflow/.local/lib/python3.7/site-packages/airflow/example_dags/example_task_group_decorator.py for tasks to queue
[2024-07-26T13:00:09.257+0000] {logging_mixin.py:120} INFO - [2024-07-26T13:00:09.256+0000] {dagbag.py:537} INFO - Filling up the DagBag from /home/airflow/.local/lib/python3.7/site-packages/airflow/example_dags/example_task_group_decorator.py
[2024-07-26T13:00:09.276+0000] {processor.py:766} INFO - DAG(s) dict_keys(['example_task_group_decorator']) retrieved from /home/airflow/.local/lib/python3.7/site-packages/airflow/example_dags/example_task_group_decorator.py
[2024-07-26T13:00:09.309+0000] {logging_mixin.py:120} INFO - [2024-07-26T13:00:09.309+0000] {dag.py:2585} INFO - Sync 1 DAGs
[2024-07-26T13:00:09.330+0000] {logging_mixin.py:120} INFO - [2024-07-26T13:00:09.330+0000] {dag.py:3340} INFO - Setting next_dagrun for example_task_group_decorator to 2024-07-25T13:00:09.330619+00:00, run_after=2024-07-26T13:00:09.330619+00:00
[2024-07-26T13:00:09.340+0000] {processor.py:176} INFO - Processing /home/airflow/.local/lib/python3.7/site-packages/airflow/example_dags/example_task_group_decorator.py took 0.090 seconds
[2024-07-26T13:12:28.435+0000] {processor.py:154} INFO - Started process (PID=7515) to work on /home/airflow/.local/lib/python3.7/site-packages/airflow/example_dags/example_task_group_decorator.py
[2024-07-26T13:12:28.439+0000] {processor.py:756} INFO - Processing file /home/airflow/.local/lib/python3.7/site-packages/airflow/example_dags/example_task_group_decorator.py for tasks to queue
[2024-07-26T13:12:28.440+0000] {logging_mixin.py:120} INFO - [2024-07-26T13:12:28.440+0000] {dagbag.py:537} INFO - Filling up the DagBag from /home/airflow/.local/lib/python3.7/site-packages/airflow/example_dags/example_task_group_decorator.py
[2024-07-26T13:12:28.457+0000] {processor.py:766} INFO - DAG(s) dict_keys(['example_task_group_decorator']) retrieved from /home/airflow/.local/lib/python3.7/site-packages/airflow/example_dags/example_task_group_decorator.py
[2024-07-26T13:12:28.488+0000] {logging_mixin.py:120} INFO - [2024-07-26T13:12:28.488+0000] {dag.py:2585} INFO - Sync 1 DAGs
[2024-07-26T13:12:28.507+0000] {logging_mixin.py:120} INFO - [2024-07-26T13:12:28.507+0000] {dag.py:3340} INFO - Setting next_dagrun for example_task_group_decorator to 2024-07-25T13:12:28.507335+00:00, run_after=2024-07-26T13:12:28.507335+00:00
[2024-07-26T13:12:28.522+0000] {processor.py:176} INFO - Processing /home/airflow/.local/lib/python3.7/site-packages/airflow/example_dags/example_task_group_decorator.py took 0.089 seconds
[2024-07-26T13:43:22.680+0000] {processor.py:154} INFO - Started process (PID=7579) to work on /home/airflow/.local/lib/python3.7/site-packages/airflow/example_dags/example_task_group_decorator.py
[2024-07-26T13:43:22.681+0000] {processor.py:756} INFO - Processing file /home/airflow/.local/lib/python3.7/site-packages/airflow/example_dags/example_task_group_decorator.py for tasks to queue
[2024-07-26T13:43:22.682+0000] {logging_mixin.py:120} INFO - [2024-07-26T13:43:22.682+0000] {dagbag.py:537} INFO - Filling up the DagBag from /home/airflow/.local/lib/python3.7/site-packages/airflow/example_dags/example_task_group_decorator.py
[2024-07-26T13:43:22.697+0000] {processor.py:766} INFO - DAG(s) dict_keys(['example_task_group_decorator']) retrieved from /home/airflow/.local/lib/python3.7/site-packages/airflow/example_dags/example_task_group_decorator.py
[2024-07-26T13:43:22.732+0000] {logging_mixin.py:120} INFO - [2024-07-26T13:43:22.732+0000] {dag.py:2585} INFO - Sync 1 DAGs
[2024-07-26T13:43:22.753+0000] {logging_mixin.py:120} INFO - [2024-07-26T13:43:22.753+0000] {dag.py:3340} INFO - Setting next_dagrun for example_task_group_decorator to 2024-07-25T13:43:22.753588+00:00, run_after=2024-07-26T13:43:22.753588+00:00
[2024-07-26T13:43:22.770+0000] {processor.py:176} INFO - Processing /home/airflow/.local/lib/python3.7/site-packages/airflow/example_dags/example_task_group_decorator.py took 0.092 seconds
[2024-07-26T13:46:54.567+0000] {processor.py:154} INFO - Started process (PID=7643) to work on /home/airflow/.local/lib/python3.7/site-packages/airflow/example_dags/example_task_group_decorator.py
[2024-07-26T13:46:54.572+0000] {processor.py:756} INFO - Processing file /home/airflow/.local/lib/python3.7/site-packages/airflow/example_dags/example_task_group_decorator.py for tasks to queue
[2024-07-26T13:46:54.575+0000] {logging_mixin.py:120} INFO - [2024-07-26T13:46:54.575+0000] {dagbag.py:537} INFO - Filling up the DagBag from /home/airflow/.local/lib/python3.7/site-packages/airflow/example_dags/example_task_group_decorator.py
[2024-07-26T13:46:54.594+0000] {processor.py:766} INFO - DAG(s) dict_keys(['example_task_group_decorator']) retrieved from /home/airflow/.local/lib/python3.7/site-packages/airflow/example_dags/example_task_group_decorator.py
[2024-07-26T13:46:54.631+0000] {logging_mixin.py:120} INFO - [2024-07-26T13:46:54.631+0000] {dag.py:2585} INFO - Sync 1 DAGs
[2024-07-26T13:46:54.661+0000] {logging_mixin.py:120} INFO - [2024-07-26T13:46:54.661+0000] {dag.py:3340} INFO - Setting next_dagrun for example_task_group_decorator to 2024-07-25T13:46:54.661639+00:00, run_after=2024-07-26T13:46:54.661639+00:00
[2024-07-26T13:46:54.684+0000] {processor.py:176} INFO - Processing /home/airflow/.local/lib/python3.7/site-packages/airflow/example_dags/example_task_group_decorator.py took 0.118 seconds
[2024-07-26T13:52:24.146+0000] {processor.py:154} INFO - Started process (PID=7698) to work on /home/airflow/.local/lib/python3.7/site-packages/airflow/example_dags/example_task_group_decorator.py
[2024-07-26T13:52:24.148+0000] {processor.py:756} INFO - Processing file /home/airflow/.local/lib/python3.7/site-packages/airflow/example_dags/example_task_group_decorator.py for tasks to queue
[2024-07-26T13:52:24.149+0000] {logging_mixin.py:120} INFO - [2024-07-26T13:52:24.149+0000] {dagbag.py:537} INFO - Filling up the DagBag from /home/airflow/.local/lib/python3.7/site-packages/airflow/example_dags/example_task_group_decorator.py
[2024-07-26T13:52:24.171+0000] {processor.py:766} INFO - DAG(s) dict_keys(['example_task_group_decorator']) retrieved from /home/airflow/.local/lib/python3.7/site-packages/airflow/example_dags/example_task_group_decorator.py
[2024-07-26T13:52:24.208+0000] {logging_mixin.py:120} INFO - [2024-07-26T13:52:24.208+0000] {dag.py:2585} INFO - Sync 1 DAGs
[2024-07-26T13:52:24.224+0000] {logging_mixin.py:120} INFO - [2024-07-26T13:52:24.224+0000] {dag.py:3340} INFO - Setting next_dagrun for example_task_group_decorator to 2024-07-25T13:52:24.224704+00:00, run_after=2024-07-26T13:52:24.224704+00:00
[2024-07-26T13:52:24.241+0000] {processor.py:176} INFO - Processing /home/airflow/.local/lib/python3.7/site-packages/airflow/example_dags/example_task_group_decorator.py took 0.097 seconds
[2024-07-26T13:54:21.677+0000] {processor.py:154} INFO - Started process (PID=7762) to work on /home/airflow/.local/lib/python3.7/site-packages/airflow/example_dags/example_task_group_decorator.py
[2024-07-26T13:54:21.678+0000] {processor.py:756} INFO - Processing file /home/airflow/.local/lib/python3.7/site-packages/airflow/example_dags/example_task_group_decorator.py for tasks to queue
[2024-07-26T13:54:21.678+0000] {logging_mixin.py:120} INFO - [2024-07-26T13:54:21.678+0000] {dagbag.py:537} INFO - Filling up the DagBag from /home/airflow/.local/lib/python3.7/site-packages/airflow/example_dags/example_task_group_decorator.py
[2024-07-26T13:54:21.693+0000] {processor.py:766} INFO - DAG(s) dict_keys(['example_task_group_decorator']) retrieved from /home/airflow/.local/lib/python3.7/site-packages/airflow/example_dags/example_task_group_decorator.py
[2024-07-26T13:54:21.719+0000] {logging_mixin.py:120} INFO - [2024-07-26T13:54:21.719+0000] {dag.py:2585} INFO - Sync 1 DAGs
[2024-07-26T13:54:21.733+0000] {logging_mixin.py:120} INFO - [2024-07-26T13:54:21.733+0000] {dag.py:3340} INFO - Setting next_dagrun for example_task_group_decorator to 2024-07-25T13:54:21.732973+00:00, run_after=2024-07-26T13:54:21.732973+00:00
[2024-07-26T13:54:21.751+0000] {processor.py:176} INFO - Processing /home/airflow/.local/lib/python3.7/site-packages/airflow/example_dags/example_task_group_decorator.py took 0.077 seconds
[2024-07-26T13:55:29.786+0000] {processor.py:154} INFO - Started process (PID=7826) to work on /home/airflow/.local/lib/python3.7/site-packages/airflow/example_dags/example_task_group_decorator.py
[2024-07-26T13:55:29.788+0000] {processor.py:756} INFO - Processing file /home/airflow/.local/lib/python3.7/site-packages/airflow/example_dags/example_task_group_decorator.py for tasks to queue
[2024-07-26T13:55:29.789+0000] {logging_mixin.py:120} INFO - [2024-07-26T13:55:29.789+0000] {dagbag.py:537} INFO - Filling up the DagBag from /home/airflow/.local/lib/python3.7/site-packages/airflow/example_dags/example_task_group_decorator.py
[2024-07-26T13:55:29.804+0000] {processor.py:766} INFO - DAG(s) dict_keys(['example_task_group_decorator']) retrieved from /home/airflow/.local/lib/python3.7/site-packages/airflow/example_dags/example_task_group_decorator.py
[2024-07-26T13:55:29.827+0000] {logging_mixin.py:120} INFO - [2024-07-26T13:55:29.827+0000] {dag.py:2585} INFO - Sync 1 DAGs
[2024-07-26T13:55:29.842+0000] {logging_mixin.py:120} INFO - [2024-07-26T13:55:29.842+0000] {dag.py:3340} INFO - Setting next_dagrun for example_task_group_decorator to 2024-07-25T13:55:29.842052+00:00, run_after=2024-07-26T13:55:29.842052+00:00
[2024-07-26T13:55:29.857+0000] {processor.py:176} INFO - Processing /home/airflow/.local/lib/python3.7/site-packages/airflow/example_dags/example_task_group_decorator.py took 0.073 seconds
[2024-07-26T14:05:32.834+0000] {processor.py:154} INFO - Started process (PID=7890) to work on /home/airflow/.local/lib/python3.7/site-packages/airflow/example_dags/example_task_group_decorator.py
[2024-07-26T14:05:32.841+0000] {processor.py:756} INFO - Processing file /home/airflow/.local/lib/python3.7/site-packages/airflow/example_dags/example_task_group_decorator.py for tasks to queue
[2024-07-26T14:05:32.842+0000] {logging_mixin.py:120} INFO - [2024-07-26T14:05:32.842+0000] {dagbag.py:537} INFO - Filling up the DagBag from /home/airflow/.local/lib/python3.7/site-packages/airflow/example_dags/example_task_group_decorator.py
[2024-07-26T14:05:32.892+0000] {processor.py:766} INFO - DAG(s) dict_keys(['example_task_group_decorator']) retrieved from /home/airflow/.local/lib/python3.7/site-packages/airflow/example_dags/example_task_group_decorator.py
[2024-07-26T14:05:32.955+0000] {logging_mixin.py:120} INFO - [2024-07-26T14:05:32.955+0000] {dag.py:2585} INFO - Sync 1 DAGs
[2024-07-26T14:05:32.985+0000] {logging_mixin.py:120} INFO - [2024-07-26T14:05:32.985+0000] {dag.py:3340} INFO - Setting next_dagrun for example_task_group_decorator to 2024-07-25T14:05:32.984759+00:00, run_after=2024-07-26T14:05:32.984759+00:00
[2024-07-26T14:05:33.210+0000] {processor.py:176} INFO - Processing /home/airflow/.local/lib/python3.7/site-packages/airflow/example_dags/example_task_group_decorator.py took 0.378 seconds
[2024-07-26T14:06:20.712+0000] {processor.py:154} INFO - Started process (PID=7953) to work on /home/airflow/.local/lib/python3.7/site-packages/airflow/example_dags/example_task_group_decorator.py
[2024-07-26T14:06:20.714+0000] {processor.py:756} INFO - Processing file /home/airflow/.local/lib/python3.7/site-packages/airflow/example_dags/example_task_group_decorator.py for tasks to queue
[2024-07-26T14:06:20.718+0000] {logging_mixin.py:120} INFO - [2024-07-26T14:06:20.718+0000] {dagbag.py:537} INFO - Filling up the DagBag from /home/airflow/.local/lib/python3.7/site-packages/airflow/example_dags/example_task_group_decorator.py
[2024-07-26T14:06:20.738+0000] {processor.py:766} INFO - DAG(s) dict_keys(['example_task_group_decorator']) retrieved from /home/airflow/.local/lib/python3.7/site-packages/airflow/example_dags/example_task_group_decorator.py
[2024-07-26T14:06:20.784+0000] {logging_mixin.py:120} INFO - [2024-07-26T14:06:20.784+0000] {dag.py:2585} INFO - Sync 1 DAGs
[2024-07-26T14:06:20.802+0000] {logging_mixin.py:120} INFO - [2024-07-26T14:06:20.802+0000] {dag.py:3340} INFO - Setting next_dagrun for example_task_group_decorator to 2024-07-25T14:06:20.802637+00:00, run_after=2024-07-26T14:06:20.802637+00:00
[2024-07-26T14:06:20.846+0000] {processor.py:176} INFO - Processing /home/airflow/.local/lib/python3.7/site-packages/airflow/example_dags/example_task_group_decorator.py took 0.139 seconds
