[2024-07-26T00:02:53.735+0000] {processor.py:154} INFO - Started process (PID=4781) to work on /home/airflow/.local/lib/python3.7/site-packages/airflow/example_dags/example_nested_branch_dag.py
[2024-07-26T00:02:53.736+0000] {processor.py:756} INFO - Processing file /home/airflow/.local/lib/python3.7/site-packages/airflow/example_dags/example_nested_branch_dag.py for tasks to queue
[2024-07-26T00:02:53.738+0000] {logging_mixin.py:120} INFO - [2024-07-26T00:02:53.738+0000] {dagbag.py:537} INFO - Filling up the DagBag from /home/airflow/.local/lib/python3.7/site-packages/airflow/example_dags/example_nested_branch_dag.py
[2024-07-26T00:02:53.758+0000] {processor.py:766} INFO - DAG(s) dict_keys(['example_nested_branch_dag']) retrieved from /home/airflow/.local/lib/python3.7/site-packages/airflow/example_dags/example_nested_branch_dag.py
[2024-07-26T00:02:53.785+0000] {logging_mixin.py:120} INFO - [2024-07-26T00:02:53.785+0000] {dag.py:2585} INFO - Sync 1 DAGs
[2024-07-26T00:02:53.808+0000] {logging_mixin.py:120} INFO - [2024-07-26T00:02:53.808+0000] {dag.py:3340} INFO - Setting next_dagrun for example_nested_branch_dag to 2024-07-25T00:00:00+00:00, run_after=2024-07-26T00:00:00+00:00
[2024-07-26T00:02:53.819+0000] {processor.py:176} INFO - Processing /home/airflow/.local/lib/python3.7/site-packages/airflow/example_dags/example_nested_branch_dag.py took 0.086 seconds
[2024-07-26T00:16:06.323+0000] {processor.py:154} INFO - Started process (PID=4836) to work on /home/airflow/.local/lib/python3.7/site-packages/airflow/example_dags/example_nested_branch_dag.py
[2024-07-26T00:16:06.325+0000] {processor.py:756} INFO - Processing file /home/airflow/.local/lib/python3.7/site-packages/airflow/example_dags/example_nested_branch_dag.py for tasks to queue
[2024-07-26T00:16:06.325+0000] {logging_mixin.py:120} INFO - [2024-07-26T00:16:06.325+0000] {dagbag.py:537} INFO - Filling up the DagBag from /home/airflow/.local/lib/python3.7/site-packages/airflow/example_dags/example_nested_branch_dag.py
[2024-07-26T00:16:06.337+0000] {processor.py:766} INFO - DAG(s) dict_keys(['example_nested_branch_dag']) retrieved from /home/airflow/.local/lib/python3.7/site-packages/airflow/example_dags/example_nested_branch_dag.py
[2024-07-26T00:16:06.367+0000] {logging_mixin.py:120} INFO - [2024-07-26T00:16:06.367+0000] {dag.py:2585} INFO - Sync 1 DAGs
[2024-07-26T00:16:06.384+0000] {logging_mixin.py:120} INFO - [2024-07-26T00:16:06.384+0000] {dag.py:3340} INFO - Setting next_dagrun for example_nested_branch_dag to 2024-07-25T00:00:00+00:00, run_after=2024-07-26T00:00:00+00:00
[2024-07-26T00:16:06.397+0000] {processor.py:176} INFO - Processing /home/airflow/.local/lib/python3.7/site-packages/airflow/example_dags/example_nested_branch_dag.py took 0.075 seconds
[2024-07-26T00:40:52.122+0000] {processor.py:154} INFO - Started process (PID=4900) to work on /home/airflow/.local/lib/python3.7/site-packages/airflow/example_dags/example_nested_branch_dag.py
[2024-07-26T00:40:52.124+0000] {processor.py:756} INFO - Processing file /home/airflow/.local/lib/python3.7/site-packages/airflow/example_dags/example_nested_branch_dag.py for tasks to queue
[2024-07-26T00:40:52.124+0000] {logging_mixin.py:120} INFO - [2024-07-26T00:40:52.124+0000] {dagbag.py:537} INFO - Filling up the DagBag from /home/airflow/.local/lib/python3.7/site-packages/airflow/example_dags/example_nested_branch_dag.py
[2024-07-26T00:40:52.140+0000] {processor.py:766} INFO - DAG(s) dict_keys(['example_nested_branch_dag']) retrieved from /home/airflow/.local/lib/python3.7/site-packages/airflow/example_dags/example_nested_branch_dag.py
[2024-07-26T00:40:52.180+0000] {logging_mixin.py:120} INFO - [2024-07-26T00:40:52.180+0000] {dag.py:2585} INFO - Sync 1 DAGs
[2024-07-26T00:40:52.206+0000] {logging_mixin.py:120} INFO - [2024-07-26T00:40:52.206+0000] {dag.py:3340} INFO - Setting next_dagrun for example_nested_branch_dag to 2024-07-25T00:00:00+00:00, run_after=2024-07-26T00:00:00+00:00
[2024-07-26T00:40:52.225+0000] {processor.py:176} INFO - Processing /home/airflow/.local/lib/python3.7/site-packages/airflow/example_dags/example_nested_branch_dag.py took 0.105 seconds
[2024-07-26T01:30:32.739+0000] {processor.py:154} INFO - Started process (PID=4964) to work on /home/airflow/.local/lib/python3.7/site-packages/airflow/example_dags/example_nested_branch_dag.py
[2024-07-26T01:30:32.742+0000] {processor.py:756} INFO - Processing file /home/airflow/.local/lib/python3.7/site-packages/airflow/example_dags/example_nested_branch_dag.py for tasks to queue
[2024-07-26T01:30:32.745+0000] {logging_mixin.py:120} INFO - [2024-07-26T01:30:32.745+0000] {dagbag.py:537} INFO - Filling up the DagBag from /home/airflow/.local/lib/python3.7/site-packages/airflow/example_dags/example_nested_branch_dag.py
[2024-07-26T01:30:32.793+0000] {processor.py:766} INFO - DAG(s) dict_keys(['example_nested_branch_dag']) retrieved from /home/airflow/.local/lib/python3.7/site-packages/airflow/example_dags/example_nested_branch_dag.py
[2024-07-26T01:30:32.838+0000] {logging_mixin.py:120} INFO - [2024-07-26T01:30:32.838+0000] {dag.py:2585} INFO - Sync 1 DAGs
[2024-07-26T01:30:32.874+0000] {logging_mixin.py:120} INFO - [2024-07-26T01:30:32.874+0000] {dag.py:3340} INFO - Setting next_dagrun for example_nested_branch_dag to 2024-07-25T00:00:00+00:00, run_after=2024-07-26T00:00:00+00:00
[2024-07-26T01:30:32.902+0000] {processor.py:176} INFO - Processing /home/airflow/.local/lib/python3.7/site-packages/airflow/example_dags/example_nested_branch_dag.py took 0.173 seconds
[2024-07-26T02:00:29.421+0000] {processor.py:154} INFO - Started process (PID=5028) to work on /home/airflow/.local/lib/python3.7/site-packages/airflow/example_dags/example_nested_branch_dag.py
[2024-07-26T02:00:29.424+0000] {processor.py:756} INFO - Processing file /home/airflow/.local/lib/python3.7/site-packages/airflow/example_dags/example_nested_branch_dag.py for tasks to queue
[2024-07-26T02:00:29.425+0000] {logging_mixin.py:120} INFO - [2024-07-26T02:00:29.424+0000] {dagbag.py:537} INFO - Filling up the DagBag from /home/airflow/.local/lib/python3.7/site-packages/airflow/example_dags/example_nested_branch_dag.py
[2024-07-26T02:00:29.447+0000] {processor.py:766} INFO - DAG(s) dict_keys(['example_nested_branch_dag']) retrieved from /home/airflow/.local/lib/python3.7/site-packages/airflow/example_dags/example_nested_branch_dag.py
[2024-07-26T02:00:29.498+0000] {logging_mixin.py:120} INFO - [2024-07-26T02:00:29.498+0000] {dag.py:2585} INFO - Sync 1 DAGs
[2024-07-26T02:00:29.520+0000] {logging_mixin.py:120} INFO - [2024-07-26T02:00:29.519+0000] {dag.py:3340} INFO - Setting next_dagrun for example_nested_branch_dag to 2024-07-25T00:00:00+00:00, run_after=2024-07-26T00:00:00+00:00
[2024-07-26T02:00:29.540+0000] {processor.py:176} INFO - Processing /home/airflow/.local/lib/python3.7/site-packages/airflow/example_dags/example_nested_branch_dag.py took 0.122 seconds
[2024-07-26T02:13:00.586+0000] {processor.py:154} INFO - Started process (PID=5083) to work on /home/airflow/.local/lib/python3.7/site-packages/airflow/example_dags/example_nested_branch_dag.py
[2024-07-26T02:13:00.590+0000] {processor.py:756} INFO - Processing file /home/airflow/.local/lib/python3.7/site-packages/airflow/example_dags/example_nested_branch_dag.py for tasks to queue
[2024-07-26T02:13:00.594+0000] {logging_mixin.py:120} INFO - [2024-07-26T02:13:00.594+0000] {dagbag.py:537} INFO - Filling up the DagBag from /home/airflow/.local/lib/python3.7/site-packages/airflow/example_dags/example_nested_branch_dag.py
[2024-07-26T02:13:00.624+0000] {processor.py:766} INFO - DAG(s) dict_keys(['example_nested_branch_dag']) retrieved from /home/airflow/.local/lib/python3.7/site-packages/airflow/example_dags/example_nested_branch_dag.py
[2024-07-26T02:13:00.691+0000] {logging_mixin.py:120} INFO - [2024-07-26T02:13:00.691+0000] {dag.py:2585} INFO - Sync 1 DAGs
[2024-07-26T02:13:00.735+0000] {logging_mixin.py:120} INFO - [2024-07-26T02:13:00.734+0000] {dag.py:3340} INFO - Setting next_dagrun for example_nested_branch_dag to 2024-07-25T00:00:00+00:00, run_after=2024-07-26T00:00:00+00:00
[2024-07-26T02:13:01.157+0000] {processor.py:176} INFO - Processing /home/airflow/.local/lib/python3.7/site-packages/airflow/example_dags/example_nested_branch_dag.py took 0.575 seconds
[2024-07-26T02:39:11.563+0000] {processor.py:154} INFO - Started process (PID=5146) to work on /home/airflow/.local/lib/python3.7/site-packages/airflow/example_dags/example_nested_branch_dag.py
[2024-07-26T02:39:11.563+0000] {processor.py:756} INFO - Processing file /home/airflow/.local/lib/python3.7/site-packages/airflow/example_dags/example_nested_branch_dag.py for tasks to queue
[2024-07-26T02:39:11.564+0000] {logging_mixin.py:120} INFO - [2024-07-26T02:39:11.564+0000] {dagbag.py:537} INFO - Filling up the DagBag from /home/airflow/.local/lib/python3.7/site-packages/airflow/example_dags/example_nested_branch_dag.py
[2024-07-26T02:39:11.578+0000] {processor.py:766} INFO - DAG(s) dict_keys(['example_nested_branch_dag']) retrieved from /home/airflow/.local/lib/python3.7/site-packages/airflow/example_dags/example_nested_branch_dag.py
[2024-07-26T02:39:11.616+0000] {logging_mixin.py:120} INFO - [2024-07-26T02:39:11.616+0000] {dag.py:2585} INFO - Sync 1 DAGs
[2024-07-26T02:39:11.636+0000] {logging_mixin.py:120} INFO - [2024-07-26T02:39:11.636+0000] {dag.py:3340} INFO - Setting next_dagrun for example_nested_branch_dag to 2024-07-25T00:00:00+00:00, run_after=2024-07-26T00:00:00+00:00
[2024-07-26T02:39:11.651+0000] {processor.py:176} INFO - Processing /home/airflow/.local/lib/python3.7/site-packages/airflow/example_dags/example_nested_branch_dag.py took 0.090 seconds
[2024-07-26T02:58:11.230+0000] {processor.py:154} INFO - Started process (PID=5210) to work on /home/airflow/.local/lib/python3.7/site-packages/airflow/example_dags/example_nested_branch_dag.py
[2024-07-26T02:58:11.231+0000] {processor.py:756} INFO - Processing file /home/airflow/.local/lib/python3.7/site-packages/airflow/example_dags/example_nested_branch_dag.py for tasks to queue
[2024-07-26T02:58:11.231+0000] {logging_mixin.py:120} INFO - [2024-07-26T02:58:11.231+0000] {dagbag.py:537} INFO - Filling up the DagBag from /home/airflow/.local/lib/python3.7/site-packages/airflow/example_dags/example_nested_branch_dag.py
[2024-07-26T02:58:11.245+0000] {processor.py:766} INFO - DAG(s) dict_keys(['example_nested_branch_dag']) retrieved from /home/airflow/.local/lib/python3.7/site-packages/airflow/example_dags/example_nested_branch_dag.py
[2024-07-26T02:58:11.274+0000] {logging_mixin.py:120} INFO - [2024-07-26T02:58:11.274+0000] {dag.py:2585} INFO - Sync 1 DAGs
[2024-07-26T02:58:11.292+0000] {logging_mixin.py:120} INFO - [2024-07-26T02:58:11.292+0000] {dag.py:3340} INFO - Setting next_dagrun for example_nested_branch_dag to 2024-07-25T00:00:00+00:00, run_after=2024-07-26T00:00:00+00:00
[2024-07-26T02:58:11.309+0000] {processor.py:176} INFO - Processing /home/airflow/.local/lib/python3.7/site-packages/airflow/example_dags/example_nested_branch_dag.py took 0.081 seconds
[2024-07-26T03:01:33.985+0000] {processor.py:154} INFO - Started process (PID=5274) to work on /home/airflow/.local/lib/python3.7/site-packages/airflow/example_dags/example_nested_branch_dag.py
[2024-07-26T03:01:33.986+0000] {processor.py:756} INFO - Processing file /home/airflow/.local/lib/python3.7/site-packages/airflow/example_dags/example_nested_branch_dag.py for tasks to queue
[2024-07-26T03:01:33.987+0000] {logging_mixin.py:120} INFO - [2024-07-26T03:01:33.987+0000] {dagbag.py:537} INFO - Filling up the DagBag from /home/airflow/.local/lib/python3.7/site-packages/airflow/example_dags/example_nested_branch_dag.py
[2024-07-26T03:01:34.005+0000] {processor.py:766} INFO - DAG(s) dict_keys(['example_nested_branch_dag']) retrieved from /home/airflow/.local/lib/python3.7/site-packages/airflow/example_dags/example_nested_branch_dag.py
[2024-07-26T03:01:34.035+0000] {logging_mixin.py:120} INFO - [2024-07-26T03:01:34.035+0000] {dag.py:2585} INFO - Sync 1 DAGs
[2024-07-26T03:01:34.051+0000] {logging_mixin.py:120} INFO - [2024-07-26T03:01:34.051+0000] {dag.py:3340} INFO - Setting next_dagrun for example_nested_branch_dag to 2024-07-25T00:00:00+00:00, run_after=2024-07-26T00:00:00+00:00
[2024-07-26T03:01:34.072+0000] {processor.py:176} INFO - Processing /home/airflow/.local/lib/python3.7/site-packages/airflow/example_dags/example_nested_branch_dag.py took 0.090 seconds
[2024-07-26T03:15:40.232+0000] {processor.py:154} INFO - Started process (PID=5338) to work on /home/airflow/.local/lib/python3.7/site-packages/airflow/example_dags/example_nested_branch_dag.py
[2024-07-26T03:15:40.234+0000] {processor.py:756} INFO - Processing file /home/airflow/.local/lib/python3.7/site-packages/airflow/example_dags/example_nested_branch_dag.py for tasks to queue
[2024-07-26T03:15:40.236+0000] {logging_mixin.py:120} INFO - [2024-07-26T03:15:40.236+0000] {dagbag.py:537} INFO - Filling up the DagBag from /home/airflow/.local/lib/python3.7/site-packages/airflow/example_dags/example_nested_branch_dag.py
[2024-07-26T03:15:40.274+0000] {processor.py:766} INFO - DAG(s) dict_keys(['example_nested_branch_dag']) retrieved from /home/airflow/.local/lib/python3.7/site-packages/airflow/example_dags/example_nested_branch_dag.py
[2024-07-26T03:15:40.366+0000] {logging_mixin.py:120} INFO - [2024-07-26T03:15:40.365+0000] {dag.py:2585} INFO - Sync 1 DAGs
[2024-07-26T03:15:40.402+0000] {logging_mixin.py:120} INFO - [2024-07-26T03:15:40.402+0000] {dag.py:3340} INFO - Setting next_dagrun for example_nested_branch_dag to 2024-07-25T00:00:00+00:00, run_after=2024-07-26T00:00:00+00:00
[2024-07-26T03:15:40.428+0000] {processor.py:176} INFO - Processing /home/airflow/.local/lib/python3.7/site-packages/airflow/example_dags/example_nested_branch_dag.py took 0.202 seconds
[2024-07-26T03:32:15.485+0000] {processor.py:154} INFO - Started process (PID=5393) to work on /home/airflow/.local/lib/python3.7/site-packages/airflow/example_dags/example_nested_branch_dag.py
[2024-07-26T03:32:15.487+0000] {processor.py:756} INFO - Processing file /home/airflow/.local/lib/python3.7/site-packages/airflow/example_dags/example_nested_branch_dag.py for tasks to queue
[2024-07-26T03:32:15.489+0000] {logging_mixin.py:120} INFO - [2024-07-26T03:32:15.489+0000] {dagbag.py:537} INFO - Filling up the DagBag from /home/airflow/.local/lib/python3.7/site-packages/airflow/example_dags/example_nested_branch_dag.py
[2024-07-26T03:32:15.507+0000] {processor.py:766} INFO - DAG(s) dict_keys(['example_nested_branch_dag']) retrieved from /home/airflow/.local/lib/python3.7/site-packages/airflow/example_dags/example_nested_branch_dag.py
[2024-07-26T03:32:15.549+0000] {logging_mixin.py:120} INFO - [2024-07-26T03:32:15.549+0000] {dag.py:2585} INFO - Sync 1 DAGs
[2024-07-26T03:32:15.573+0000] {logging_mixin.py:120} INFO - [2024-07-26T03:32:15.572+0000] {dag.py:3340} INFO - Setting next_dagrun for example_nested_branch_dag to 2024-07-25T00:00:00+00:00, run_after=2024-07-26T00:00:00+00:00
[2024-07-26T03:32:15.590+0000] {processor.py:176} INFO - Processing /home/airflow/.local/lib/python3.7/site-packages/airflow/example_dags/example_nested_branch_dag.py took 0.108 seconds
[2024-07-26T03:56:58.273+0000] {processor.py:154} INFO - Started process (PID=5457) to work on /home/airflow/.local/lib/python3.7/site-packages/airflow/example_dags/example_nested_branch_dag.py
[2024-07-26T03:56:58.275+0000] {processor.py:756} INFO - Processing file /home/airflow/.local/lib/python3.7/site-packages/airflow/example_dags/example_nested_branch_dag.py for tasks to queue
[2024-07-26T03:56:58.277+0000] {logging_mixin.py:120} INFO - [2024-07-26T03:56:58.277+0000] {dagbag.py:537} INFO - Filling up the DagBag from /home/airflow/.local/lib/python3.7/site-packages/airflow/example_dags/example_nested_branch_dag.py
[2024-07-26T03:56:58.294+0000] {processor.py:766} INFO - DAG(s) dict_keys(['example_nested_branch_dag']) retrieved from /home/airflow/.local/lib/python3.7/site-packages/airflow/example_dags/example_nested_branch_dag.py
[2024-07-26T03:56:58.355+0000] {logging_mixin.py:120} INFO - [2024-07-26T03:56:58.355+0000] {dag.py:2585} INFO - Sync 1 DAGs
[2024-07-26T03:56:58.371+0000] {logging_mixin.py:120} INFO - [2024-07-26T03:56:58.371+0000] {dag.py:3340} INFO - Setting next_dagrun for example_nested_branch_dag to 2024-07-25T00:00:00+00:00, run_after=2024-07-26T00:00:00+00:00
[2024-07-26T03:56:58.390+0000] {processor.py:176} INFO - Processing /home/airflow/.local/lib/python3.7/site-packages/airflow/example_dags/example_nested_branch_dag.py took 0.120 seconds
[2024-07-26T04:02:04.117+0000] {processor.py:154} INFO - Started process (PID=5521) to work on /home/airflow/.local/lib/python3.7/site-packages/airflow/example_dags/example_nested_branch_dag.py
[2024-07-26T04:02:04.118+0000] {processor.py:756} INFO - Processing file /home/airflow/.local/lib/python3.7/site-packages/airflow/example_dags/example_nested_branch_dag.py for tasks to queue
[2024-07-26T04:02:04.119+0000] {logging_mixin.py:120} INFO - [2024-07-26T04:02:04.119+0000] {dagbag.py:537} INFO - Filling up the DagBag from /home/airflow/.local/lib/python3.7/site-packages/airflow/example_dags/example_nested_branch_dag.py
[2024-07-26T04:02:04.133+0000] {processor.py:766} INFO - DAG(s) dict_keys(['example_nested_branch_dag']) retrieved from /home/airflow/.local/lib/python3.7/site-packages/airflow/example_dags/example_nested_branch_dag.py
[2024-07-26T04:02:04.187+0000] {logging_mixin.py:120} INFO - [2024-07-26T04:02:04.187+0000] {dag.py:2585} INFO - Sync 1 DAGs
[2024-07-26T04:02:04.208+0000] {logging_mixin.py:120} INFO - [2024-07-26T04:02:04.208+0000] {dag.py:3340} INFO - Setting next_dagrun for example_nested_branch_dag to 2024-07-25T00:00:00+00:00, run_after=2024-07-26T00:00:00+00:00
[2024-07-26T04:02:04.223+0000] {processor.py:176} INFO - Processing /home/airflow/.local/lib/python3.7/site-packages/airflow/example_dags/example_nested_branch_dag.py took 0.108 seconds
[2024-07-26T04:04:16.612+0000] {processor.py:154} INFO - Started process (PID=5585) to work on /home/airflow/.local/lib/python3.7/site-packages/airflow/example_dags/example_nested_branch_dag.py
[2024-07-26T04:04:16.614+0000] {processor.py:756} INFO - Processing file /home/airflow/.local/lib/python3.7/site-packages/airflow/example_dags/example_nested_branch_dag.py for tasks to queue
[2024-07-26T04:04:16.617+0000] {logging_mixin.py:120} INFO - [2024-07-26T04:04:16.617+0000] {dagbag.py:537} INFO - Filling up the DagBag from /home/airflow/.local/lib/python3.7/site-packages/airflow/example_dags/example_nested_branch_dag.py
[2024-07-26T04:04:16.645+0000] {processor.py:766} INFO - DAG(s) dict_keys(['example_nested_branch_dag']) retrieved from /home/airflow/.local/lib/python3.7/site-packages/airflow/example_dags/example_nested_branch_dag.py
[2024-07-26T04:04:16.681+0000] {logging_mixin.py:120} INFO - [2024-07-26T04:04:16.681+0000] {dag.py:2585} INFO - Sync 1 DAGs
[2024-07-26T04:04:16.700+0000] {logging_mixin.py:120} INFO - [2024-07-26T04:04:16.700+0000] {dag.py:3340} INFO - Setting next_dagrun for example_nested_branch_dag to 2024-07-25T00:00:00+00:00, run_after=2024-07-26T00:00:00+00:00
[2024-07-26T04:04:16.715+0000] {processor.py:176} INFO - Processing /home/airflow/.local/lib/python3.7/site-packages/airflow/example_dags/example_nested_branch_dag.py took 0.105 seconds
[2024-07-26T04:06:03.894+0000] {processor.py:154} INFO - Started process (PID=5648) to work on /home/airflow/.local/lib/python3.7/site-packages/airflow/example_dags/example_nested_branch_dag.py
[2024-07-26T04:06:03.895+0000] {processor.py:756} INFO - Processing file /home/airflow/.local/lib/python3.7/site-packages/airflow/example_dags/example_nested_branch_dag.py for tasks to queue
[2024-07-26T04:06:03.896+0000] {logging_mixin.py:120} INFO - [2024-07-26T04:06:03.896+0000] {dagbag.py:537} INFO - Filling up the DagBag from /home/airflow/.local/lib/python3.7/site-packages/airflow/example_dags/example_nested_branch_dag.py
[2024-07-26T04:06:03.910+0000] {processor.py:766} INFO - DAG(s) dict_keys(['example_nested_branch_dag']) retrieved from /home/airflow/.local/lib/python3.7/site-packages/airflow/example_dags/example_nested_branch_dag.py
[2024-07-26T04:06:03.936+0000] {logging_mixin.py:120} INFO - [2024-07-26T04:06:03.936+0000] {dag.py:2585} INFO - Sync 1 DAGs
[2024-07-26T04:06:03.961+0000] {logging_mixin.py:120} INFO - [2024-07-26T04:06:03.961+0000] {dag.py:3340} INFO - Setting next_dagrun for example_nested_branch_dag to 2024-07-25T00:00:00+00:00, run_after=2024-07-26T00:00:00+00:00
[2024-07-26T04:06:03.979+0000] {processor.py:176} INFO - Processing /home/airflow/.local/lib/python3.7/site-packages/airflow/example_dags/example_nested_branch_dag.py took 0.088 seconds
[2024-07-26T04:08:05.244+0000] {processor.py:154} INFO - Started process (PID=5703) to work on /home/airflow/.local/lib/python3.7/site-packages/airflow/example_dags/example_nested_branch_dag.py
[2024-07-26T04:08:05.245+0000] {processor.py:756} INFO - Processing file /home/airflow/.local/lib/python3.7/site-packages/airflow/example_dags/example_nested_branch_dag.py for tasks to queue
[2024-07-26T04:08:05.245+0000] {logging_mixin.py:120} INFO - [2024-07-26T04:08:05.245+0000] {dagbag.py:537} INFO - Filling up the DagBag from /home/airflow/.local/lib/python3.7/site-packages/airflow/example_dags/example_nested_branch_dag.py
[2024-07-26T04:08:05.260+0000] {processor.py:766} INFO - DAG(s) dict_keys(['example_nested_branch_dag']) retrieved from /home/airflow/.local/lib/python3.7/site-packages/airflow/example_dags/example_nested_branch_dag.py
[2024-07-26T04:08:05.291+0000] {logging_mixin.py:120} INFO - [2024-07-26T04:08:05.291+0000] {dag.py:2585} INFO - Sync 1 DAGs
[2024-07-26T04:08:05.307+0000] {logging_mixin.py:120} INFO - [2024-07-26T04:08:05.307+0000] {dag.py:3340} INFO - Setting next_dagrun for example_nested_branch_dag to 2024-07-25T00:00:00+00:00, run_after=2024-07-26T00:00:00+00:00
[2024-07-26T04:08:05.322+0000] {processor.py:176} INFO - Processing /home/airflow/.local/lib/python3.7/site-packages/airflow/example_dags/example_nested_branch_dag.py took 0.079 seconds
[2024-07-26T04:09:01.316+0000] {processor.py:154} INFO - Started process (PID=5767) to work on /home/airflow/.local/lib/python3.7/site-packages/airflow/example_dags/example_nested_branch_dag.py
[2024-07-26T04:09:01.317+0000] {processor.py:756} INFO - Processing file /home/airflow/.local/lib/python3.7/site-packages/airflow/example_dags/example_nested_branch_dag.py for tasks to queue
[2024-07-26T04:09:01.317+0000] {logging_mixin.py:120} INFO - [2024-07-26T04:09:01.317+0000] {dagbag.py:537} INFO - Filling up the DagBag from /home/airflow/.local/lib/python3.7/site-packages/airflow/example_dags/example_nested_branch_dag.py
[2024-07-26T04:09:01.329+0000] {processor.py:766} INFO - DAG(s) dict_keys(['example_nested_branch_dag']) retrieved from /home/airflow/.local/lib/python3.7/site-packages/airflow/example_dags/example_nested_branch_dag.py
[2024-07-26T04:09:01.349+0000] {logging_mixin.py:120} INFO - [2024-07-26T04:09:01.349+0000] {dag.py:2585} INFO - Sync 1 DAGs
[2024-07-26T04:09:01.361+0000] {logging_mixin.py:120} INFO - [2024-07-26T04:09:01.361+0000] {dag.py:3340} INFO - Setting next_dagrun for example_nested_branch_dag to 2024-07-25T00:00:00+00:00, run_after=2024-07-26T00:00:00+00:00
[2024-07-26T04:09:01.370+0000] {processor.py:176} INFO - Processing /home/airflow/.local/lib/python3.7/site-packages/airflow/example_dags/example_nested_branch_dag.py took 0.055 seconds
[2024-07-26T04:10:10.878+0000] {processor.py:154} INFO - Started process (PID=5832) to work on /home/airflow/.local/lib/python3.7/site-packages/airflow/example_dags/example_nested_branch_dag.py
[2024-07-26T04:10:10.878+0000] {processor.py:756} INFO - Processing file /home/airflow/.local/lib/python3.7/site-packages/airflow/example_dags/example_nested_branch_dag.py for tasks to queue
[2024-07-26T04:10:10.879+0000] {logging_mixin.py:120} INFO - [2024-07-26T04:10:10.879+0000] {dagbag.py:537} INFO - Filling up the DagBag from /home/airflow/.local/lib/python3.7/site-packages/airflow/example_dags/example_nested_branch_dag.py
[2024-07-26T04:10:10.893+0000] {processor.py:766} INFO - DAG(s) dict_keys(['example_nested_branch_dag']) retrieved from /home/airflow/.local/lib/python3.7/site-packages/airflow/example_dags/example_nested_branch_dag.py
[2024-07-26T04:10:10.922+0000] {logging_mixin.py:120} INFO - [2024-07-26T04:10:10.922+0000] {dag.py:2585} INFO - Sync 1 DAGs
[2024-07-26T04:10:10.938+0000] {logging_mixin.py:120} INFO - [2024-07-26T04:10:10.938+0000] {dag.py:3340} INFO - Setting next_dagrun for example_nested_branch_dag to 2024-07-25T00:00:00+00:00, run_after=2024-07-26T00:00:00+00:00
[2024-07-26T04:10:10.952+0000] {processor.py:176} INFO - Processing /home/airflow/.local/lib/python3.7/site-packages/airflow/example_dags/example_nested_branch_dag.py took 0.076 seconds
[2024-07-26T04:11:37.222+0000] {processor.py:154} INFO - Started process (PID=5896) to work on /home/airflow/.local/lib/python3.7/site-packages/airflow/example_dags/example_nested_branch_dag.py
[2024-07-26T04:11:37.222+0000] {processor.py:756} INFO - Processing file /home/airflow/.local/lib/python3.7/site-packages/airflow/example_dags/example_nested_branch_dag.py for tasks to queue
[2024-07-26T04:11:37.223+0000] {logging_mixin.py:120} INFO - [2024-07-26T04:11:37.223+0000] {dagbag.py:537} INFO - Filling up the DagBag from /home/airflow/.local/lib/python3.7/site-packages/airflow/example_dags/example_nested_branch_dag.py
[2024-07-26T04:11:37.236+0000] {processor.py:766} INFO - DAG(s) dict_keys(['example_nested_branch_dag']) retrieved from /home/airflow/.local/lib/python3.7/site-packages/airflow/example_dags/example_nested_branch_dag.py
[2024-07-26T04:11:37.262+0000] {logging_mixin.py:120} INFO - [2024-07-26T04:11:37.262+0000] {dag.py:2585} INFO - Sync 1 DAGs
[2024-07-26T04:11:37.279+0000] {logging_mixin.py:120} INFO - [2024-07-26T04:11:37.279+0000] {dag.py:3340} INFO - Setting next_dagrun for example_nested_branch_dag to 2024-07-25T00:00:00+00:00, run_after=2024-07-26T00:00:00+00:00
[2024-07-26T04:11:37.297+0000] {processor.py:176} INFO - Processing /home/airflow/.local/lib/python3.7/site-packages/airflow/example_dags/example_nested_branch_dag.py took 0.077 seconds
[2024-07-26T04:12:20.777+0000] {processor.py:154} INFO - Started process (PID=5951) to work on /home/airflow/.local/lib/python3.7/site-packages/airflow/example_dags/example_nested_branch_dag.py
[2024-07-26T04:12:20.780+0000] {processor.py:756} INFO - Processing file /home/airflow/.local/lib/python3.7/site-packages/airflow/example_dags/example_nested_branch_dag.py for tasks to queue
[2024-07-26T04:12:20.781+0000] {logging_mixin.py:120} INFO - [2024-07-26T04:12:20.781+0000] {dagbag.py:537} INFO - Filling up the DagBag from /home/airflow/.local/lib/python3.7/site-packages/airflow/example_dags/example_nested_branch_dag.py
[2024-07-26T04:12:20.794+0000] {processor.py:766} INFO - DAG(s) dict_keys(['example_nested_branch_dag']) retrieved from /home/airflow/.local/lib/python3.7/site-packages/airflow/example_dags/example_nested_branch_dag.py
[2024-07-26T04:12:20.822+0000] {logging_mixin.py:120} INFO - [2024-07-26T04:12:20.822+0000] {dag.py:2585} INFO - Sync 1 DAGs
[2024-07-26T04:12:20.840+0000] {logging_mixin.py:120} INFO - [2024-07-26T04:12:20.840+0000] {dag.py:3340} INFO - Setting next_dagrun for example_nested_branch_dag to 2024-07-25T00:00:00+00:00, run_after=2024-07-26T00:00:00+00:00
[2024-07-26T04:12:20.857+0000] {processor.py:176} INFO - Processing /home/airflow/.local/lib/python3.7/site-packages/airflow/example_dags/example_nested_branch_dag.py took 0.082 seconds
[2024-07-26T04:13:14.030+0000] {processor.py:154} INFO - Started process (PID=6015) to work on /home/airflow/.local/lib/python3.7/site-packages/airflow/example_dags/example_nested_branch_dag.py
[2024-07-26T04:13:14.031+0000] {processor.py:756} INFO - Processing file /home/airflow/.local/lib/python3.7/site-packages/airflow/example_dags/example_nested_branch_dag.py for tasks to queue
[2024-07-26T04:13:14.031+0000] {logging_mixin.py:120} INFO - [2024-07-26T04:13:14.031+0000] {dagbag.py:537} INFO - Filling up the DagBag from /home/airflow/.local/lib/python3.7/site-packages/airflow/example_dags/example_nested_branch_dag.py
[2024-07-26T04:13:14.046+0000] {processor.py:766} INFO - DAG(s) dict_keys(['example_nested_branch_dag']) retrieved from /home/airflow/.local/lib/python3.7/site-packages/airflow/example_dags/example_nested_branch_dag.py
[2024-07-26T04:13:14.080+0000] {logging_mixin.py:120} INFO - [2024-07-26T04:13:14.080+0000] {dag.py:2585} INFO - Sync 1 DAGs
[2024-07-26T04:13:14.099+0000] {logging_mixin.py:120} INFO - [2024-07-26T04:13:14.099+0000] {dag.py:3340} INFO - Setting next_dagrun for example_nested_branch_dag to 2024-07-25T00:00:00+00:00, run_after=2024-07-26T00:00:00+00:00
[2024-07-26T04:13:14.114+0000] {processor.py:176} INFO - Processing /home/airflow/.local/lib/python3.7/site-packages/airflow/example_dags/example_nested_branch_dag.py took 0.086 seconds
[2024-07-26T04:14:04.465+0000] {processor.py:154} INFO - Started process (PID=6078) to work on /home/airflow/.local/lib/python3.7/site-packages/airflow/example_dags/example_nested_branch_dag.py
[2024-07-26T04:14:04.467+0000] {processor.py:756} INFO - Processing file /home/airflow/.local/lib/python3.7/site-packages/airflow/example_dags/example_nested_branch_dag.py for tasks to queue
[2024-07-26T04:14:04.468+0000] {logging_mixin.py:120} INFO - [2024-07-26T04:14:04.467+0000] {dagbag.py:537} INFO - Filling up the DagBag from /home/airflow/.local/lib/python3.7/site-packages/airflow/example_dags/example_nested_branch_dag.py
[2024-07-26T04:14:04.480+0000] {processor.py:766} INFO - DAG(s) dict_keys(['example_nested_branch_dag']) retrieved from /home/airflow/.local/lib/python3.7/site-packages/airflow/example_dags/example_nested_branch_dag.py
[2024-07-26T04:14:04.509+0000] {logging_mixin.py:120} INFO - [2024-07-26T04:14:04.509+0000] {dag.py:2585} INFO - Sync 1 DAGs
[2024-07-26T04:14:04.524+0000] {logging_mixin.py:120} INFO - [2024-07-26T04:14:04.524+0000] {dag.py:3340} INFO - Setting next_dagrun for example_nested_branch_dag to 2024-07-25T00:00:00+00:00, run_after=2024-07-26T00:00:00+00:00
[2024-07-26T04:14:04.540+0000] {processor.py:176} INFO - Processing /home/airflow/.local/lib/python3.7/site-packages/airflow/example_dags/example_nested_branch_dag.py took 0.077 seconds
[2024-07-26T04:18:33.431+0000] {processor.py:154} INFO - Started process (PID=6142) to work on /home/airflow/.local/lib/python3.7/site-packages/airflow/example_dags/example_nested_branch_dag.py
[2024-07-26T04:18:33.439+0000] {processor.py:756} INFO - Processing file /home/airflow/.local/lib/python3.7/site-packages/airflow/example_dags/example_nested_branch_dag.py for tasks to queue
[2024-07-26T04:18:33.440+0000] {logging_mixin.py:120} INFO - [2024-07-26T04:18:33.440+0000] {dagbag.py:537} INFO - Filling up the DagBag from /home/airflow/.local/lib/python3.7/site-packages/airflow/example_dags/example_nested_branch_dag.py
[2024-07-26T04:18:33.465+0000] {processor.py:766} INFO - DAG(s) dict_keys(['example_nested_branch_dag']) retrieved from /home/airflow/.local/lib/python3.7/site-packages/airflow/example_dags/example_nested_branch_dag.py
[2024-07-26T04:18:33.511+0000] {logging_mixin.py:120} INFO - [2024-07-26T04:18:33.511+0000] {dag.py:2585} INFO - Sync 1 DAGs
[2024-07-26T04:18:33.535+0000] {logging_mixin.py:120} INFO - [2024-07-26T04:18:33.534+0000] {dag.py:3340} INFO - Setting next_dagrun for example_nested_branch_dag to 2024-07-25T00:00:00+00:00, run_after=2024-07-26T00:00:00+00:00
[2024-07-26T04:18:33.553+0000] {processor.py:176} INFO - Processing /home/airflow/.local/lib/python3.7/site-packages/airflow/example_dags/example_nested_branch_dag.py took 0.129 seconds
[2024-07-26T04:19:15.797+0000] {processor.py:154} INFO - Started process (PID=6206) to work on /home/airflow/.local/lib/python3.7/site-packages/airflow/example_dags/example_nested_branch_dag.py
[2024-07-26T04:19:15.798+0000] {processor.py:756} INFO - Processing file /home/airflow/.local/lib/python3.7/site-packages/airflow/example_dags/example_nested_branch_dag.py for tasks to queue
[2024-07-26T04:19:15.798+0000] {logging_mixin.py:120} INFO - [2024-07-26T04:19:15.798+0000] {dagbag.py:537} INFO - Filling up the DagBag from /home/airflow/.local/lib/python3.7/site-packages/airflow/example_dags/example_nested_branch_dag.py
[2024-07-26T04:19:15.815+0000] {processor.py:766} INFO - DAG(s) dict_keys(['example_nested_branch_dag']) retrieved from /home/airflow/.local/lib/python3.7/site-packages/airflow/example_dags/example_nested_branch_dag.py
[2024-07-26T04:19:15.841+0000] {logging_mixin.py:120} INFO - [2024-07-26T04:19:15.841+0000] {dag.py:2585} INFO - Sync 1 DAGs
[2024-07-26T04:19:15.857+0000] {logging_mixin.py:120} INFO - [2024-07-26T04:19:15.857+0000] {dag.py:3340} INFO - Setting next_dagrun for example_nested_branch_dag to 2024-07-25T00:00:00+00:00, run_after=2024-07-26T00:00:00+00:00
[2024-07-26T04:19:15.874+0000] {processor.py:176} INFO - Processing /home/airflow/.local/lib/python3.7/site-packages/airflow/example_dags/example_nested_branch_dag.py took 0.078 seconds
[2024-07-26T04:20:37.329+0000] {processor.py:154} INFO - Started process (PID=6261) to work on /home/airflow/.local/lib/python3.7/site-packages/airflow/example_dags/example_nested_branch_dag.py
[2024-07-26T04:20:37.330+0000] {processor.py:756} INFO - Processing file /home/airflow/.local/lib/python3.7/site-packages/airflow/example_dags/example_nested_branch_dag.py for tasks to queue
[2024-07-26T04:20:37.334+0000] {logging_mixin.py:120} INFO - [2024-07-26T04:20:37.334+0000] {dagbag.py:537} INFO - Filling up the DagBag from /home/airflow/.local/lib/python3.7/site-packages/airflow/example_dags/example_nested_branch_dag.py
[2024-07-26T04:20:37.347+0000] {processor.py:766} INFO - DAG(s) dict_keys(['example_nested_branch_dag']) retrieved from /home/airflow/.local/lib/python3.7/site-packages/airflow/example_dags/example_nested_branch_dag.py
[2024-07-26T04:20:37.368+0000] {logging_mixin.py:120} INFO - [2024-07-26T04:20:37.368+0000] {dag.py:2585} INFO - Sync 1 DAGs
[2024-07-26T04:20:37.386+0000] {logging_mixin.py:120} INFO - [2024-07-26T04:20:37.386+0000] {dag.py:3340} INFO - Setting next_dagrun for example_nested_branch_dag to 2024-07-25T00:00:00+00:00, run_after=2024-07-26T00:00:00+00:00
[2024-07-26T04:20:37.403+0000] {processor.py:176} INFO - Processing /home/airflow/.local/lib/python3.7/site-packages/airflow/example_dags/example_nested_branch_dag.py took 0.076 seconds
[2024-07-26T04:21:41.398+0000] {processor.py:154} INFO - Started process (PID=6324) to work on /home/airflow/.local/lib/python3.7/site-packages/airflow/example_dags/example_nested_branch_dag.py
[2024-07-26T04:21:41.398+0000] {processor.py:756} INFO - Processing file /home/airflow/.local/lib/python3.7/site-packages/airflow/example_dags/example_nested_branch_dag.py for tasks to queue
[2024-07-26T04:21:41.399+0000] {logging_mixin.py:120} INFO - [2024-07-26T04:21:41.398+0000] {dagbag.py:537} INFO - Filling up the DagBag from /home/airflow/.local/lib/python3.7/site-packages/airflow/example_dags/example_nested_branch_dag.py
[2024-07-26T04:21:41.414+0000] {processor.py:766} INFO - DAG(s) dict_keys(['example_nested_branch_dag']) retrieved from /home/airflow/.local/lib/python3.7/site-packages/airflow/example_dags/example_nested_branch_dag.py
[2024-07-26T04:21:41.445+0000] {logging_mixin.py:120} INFO - [2024-07-26T04:21:41.445+0000] {dag.py:2585} INFO - Sync 1 DAGs
[2024-07-26T04:21:41.459+0000] {logging_mixin.py:120} INFO - [2024-07-26T04:21:41.459+0000] {dag.py:3340} INFO - Setting next_dagrun for example_nested_branch_dag to 2024-07-25T00:00:00+00:00, run_after=2024-07-26T00:00:00+00:00
[2024-07-26T04:21:41.474+0000] {processor.py:176} INFO - Processing /home/airflow/.local/lib/python3.7/site-packages/airflow/example_dags/example_nested_branch_dag.py took 0.078 seconds
[2024-07-26T04:22:47.711+0000] {processor.py:154} INFO - Started process (PID=6388) to work on /home/airflow/.local/lib/python3.7/site-packages/airflow/example_dags/example_nested_branch_dag.py
[2024-07-26T04:22:47.711+0000] {processor.py:756} INFO - Processing file /home/airflow/.local/lib/python3.7/site-packages/airflow/example_dags/example_nested_branch_dag.py for tasks to queue
[2024-07-26T04:22:47.711+0000] {logging_mixin.py:120} INFO - [2024-07-26T04:22:47.711+0000] {dagbag.py:537} INFO - Filling up the DagBag from /home/airflow/.local/lib/python3.7/site-packages/airflow/example_dags/example_nested_branch_dag.py
[2024-07-26T04:22:47.724+0000] {processor.py:766} INFO - DAG(s) dict_keys(['example_nested_branch_dag']) retrieved from /home/airflow/.local/lib/python3.7/site-packages/airflow/example_dags/example_nested_branch_dag.py
[2024-07-26T04:22:47.745+0000] {logging_mixin.py:120} INFO - [2024-07-26T04:22:47.745+0000] {dag.py:2585} INFO - Sync 1 DAGs
[2024-07-26T04:22:47.756+0000] {logging_mixin.py:120} INFO - [2024-07-26T04:22:47.756+0000] {dag.py:3340} INFO - Setting next_dagrun for example_nested_branch_dag to 2024-07-25T00:00:00+00:00, run_after=2024-07-26T00:00:00+00:00
[2024-07-26T04:22:47.765+0000] {processor.py:176} INFO - Processing /home/airflow/.local/lib/python3.7/site-packages/airflow/example_dags/example_nested_branch_dag.py took 0.057 seconds
[2024-07-26T04:34:00.295+0000] {processor.py:154} INFO - Started process (PID=6452) to work on /home/airflow/.local/lib/python3.7/site-packages/airflow/example_dags/example_nested_branch_dag.py
[2024-07-26T04:34:00.297+0000] {processor.py:756} INFO - Processing file /home/airflow/.local/lib/python3.7/site-packages/airflow/example_dags/example_nested_branch_dag.py for tasks to queue
[2024-07-26T04:34:00.298+0000] {logging_mixin.py:120} INFO - [2024-07-26T04:34:00.298+0000] {dagbag.py:537} INFO - Filling up the DagBag from /home/airflow/.local/lib/python3.7/site-packages/airflow/example_dags/example_nested_branch_dag.py
[2024-07-26T04:34:00.333+0000] {processor.py:766} INFO - DAG(s) dict_keys(['example_nested_branch_dag']) retrieved from /home/airflow/.local/lib/python3.7/site-packages/airflow/example_dags/example_nested_branch_dag.py
[2024-07-26T04:34:00.398+0000] {logging_mixin.py:120} INFO - [2024-07-26T04:34:00.398+0000] {dag.py:2585} INFO - Sync 1 DAGs
[2024-07-26T04:34:00.447+0000] {logging_mixin.py:120} INFO - [2024-07-26T04:34:00.446+0000] {dag.py:3340} INFO - Setting next_dagrun for example_nested_branch_dag to 2024-07-25T00:00:00+00:00, run_after=2024-07-26T00:00:00+00:00
[2024-07-26T04:34:00.475+0000] {processor.py:176} INFO - Processing /home/airflow/.local/lib/python3.7/site-packages/airflow/example_dags/example_nested_branch_dag.py took 0.186 seconds
[2024-07-26T04:49:12.863+0000] {processor.py:154} INFO - Started process (PID=6516) to work on /home/airflow/.local/lib/python3.7/site-packages/airflow/example_dags/example_nested_branch_dag.py
[2024-07-26T04:49:12.865+0000] {processor.py:756} INFO - Processing file /home/airflow/.local/lib/python3.7/site-packages/airflow/example_dags/example_nested_branch_dag.py for tasks to queue
[2024-07-26T04:49:12.866+0000] {logging_mixin.py:120} INFO - [2024-07-26T04:49:12.866+0000] {dagbag.py:537} INFO - Filling up the DagBag from /home/airflow/.local/lib/python3.7/site-packages/airflow/example_dags/example_nested_branch_dag.py
[2024-07-26T04:49:12.883+0000] {processor.py:766} INFO - DAG(s) dict_keys(['example_nested_branch_dag']) retrieved from /home/airflow/.local/lib/python3.7/site-packages/airflow/example_dags/example_nested_branch_dag.py
[2024-07-26T04:49:12.917+0000] {logging_mixin.py:120} INFO - [2024-07-26T04:49:12.917+0000] {dag.py:2585} INFO - Sync 1 DAGs
[2024-07-26T04:49:12.935+0000] {logging_mixin.py:120} INFO - [2024-07-26T04:49:12.935+0000] {dag.py:3340} INFO - Setting next_dagrun for example_nested_branch_dag to 2024-07-25T00:00:00+00:00, run_after=2024-07-26T00:00:00+00:00
[2024-07-26T04:49:12.965+0000] {processor.py:176} INFO - Processing /home/airflow/.local/lib/python3.7/site-packages/airflow/example_dags/example_nested_branch_dag.py took 0.105 seconds
[2024-07-26T04:53:37.473+0000] {processor.py:154} INFO - Started process (PID=6571) to work on /home/airflow/.local/lib/python3.7/site-packages/airflow/example_dags/example_nested_branch_dag.py
[2024-07-26T04:53:37.476+0000] {processor.py:756} INFO - Processing file /home/airflow/.local/lib/python3.7/site-packages/airflow/example_dags/example_nested_branch_dag.py for tasks to queue
[2024-07-26T04:53:37.476+0000] {logging_mixin.py:120} INFO - [2024-07-26T04:53:37.476+0000] {dagbag.py:537} INFO - Filling up the DagBag from /home/airflow/.local/lib/python3.7/site-packages/airflow/example_dags/example_nested_branch_dag.py
[2024-07-26T04:53:37.496+0000] {processor.py:766} INFO - DAG(s) dict_keys(['example_nested_branch_dag']) retrieved from /home/airflow/.local/lib/python3.7/site-packages/airflow/example_dags/example_nested_branch_dag.py
[2024-07-26T04:53:37.536+0000] {logging_mixin.py:120} INFO - [2024-07-26T04:53:37.536+0000] {dag.py:2585} INFO - Sync 1 DAGs
[2024-07-26T04:53:37.564+0000] {logging_mixin.py:120} INFO - [2024-07-26T04:53:37.564+0000] {dag.py:3340} INFO - Setting next_dagrun for example_nested_branch_dag to 2024-07-25T00:00:00+00:00, run_after=2024-07-26T00:00:00+00:00
[2024-07-26T04:53:37.589+0000] {processor.py:176} INFO - Processing /home/airflow/.local/lib/python3.7/site-packages/airflow/example_dags/example_nested_branch_dag.py took 0.117 seconds
[2024-07-26T05:02:49.751+0000] {processor.py:154} INFO - Started process (PID=6635) to work on /home/airflow/.local/lib/python3.7/site-packages/airflow/example_dags/example_nested_branch_dag.py
[2024-07-26T05:02:49.752+0000] {processor.py:756} INFO - Processing file /home/airflow/.local/lib/python3.7/site-packages/airflow/example_dags/example_nested_branch_dag.py for tasks to queue
[2024-07-26T05:02:49.754+0000] {logging_mixin.py:120} INFO - [2024-07-26T05:02:49.754+0000] {dagbag.py:537} INFO - Filling up the DagBag from /home/airflow/.local/lib/python3.7/site-packages/airflow/example_dags/example_nested_branch_dag.py
[2024-07-26T05:02:49.773+0000] {processor.py:766} INFO - DAG(s) dict_keys(['example_nested_branch_dag']) retrieved from /home/airflow/.local/lib/python3.7/site-packages/airflow/example_dags/example_nested_branch_dag.py
[2024-07-26T05:02:49.810+0000] {logging_mixin.py:120} INFO - [2024-07-26T05:02:49.810+0000] {dag.py:2585} INFO - Sync 1 DAGs
[2024-07-26T05:02:49.835+0000] {logging_mixin.py:120} INFO - [2024-07-26T05:02:49.835+0000] {dag.py:3340} INFO - Setting next_dagrun for example_nested_branch_dag to 2024-07-25T00:00:00+00:00, run_after=2024-07-26T00:00:00+00:00
[2024-07-26T05:02:49.853+0000] {processor.py:176} INFO - Processing /home/airflow/.local/lib/python3.7/site-packages/airflow/example_dags/example_nested_branch_dag.py took 0.105 seconds
[2024-07-26T05:15:51.972+0000] {processor.py:154} INFO - Started process (PID=6699) to work on /home/airflow/.local/lib/python3.7/site-packages/airflow/example_dags/example_nested_branch_dag.py
[2024-07-26T05:15:51.974+0000] {processor.py:756} INFO - Processing file /home/airflow/.local/lib/python3.7/site-packages/airflow/example_dags/example_nested_branch_dag.py for tasks to queue
[2024-07-26T05:15:51.974+0000] {logging_mixin.py:120} INFO - [2024-07-26T05:15:51.974+0000] {dagbag.py:537} INFO - Filling up the DagBag from /home/airflow/.local/lib/python3.7/site-packages/airflow/example_dags/example_nested_branch_dag.py
[2024-07-26T05:15:51.996+0000] {processor.py:766} INFO - DAG(s) dict_keys(['example_nested_branch_dag']) retrieved from /home/airflow/.local/lib/python3.7/site-packages/airflow/example_dags/example_nested_branch_dag.py
[2024-07-26T05:15:52.052+0000] {logging_mixin.py:120} INFO - [2024-07-26T05:15:52.052+0000] {dag.py:2585} INFO - Sync 1 DAGs
[2024-07-26T05:15:52.082+0000] {logging_mixin.py:120} INFO - [2024-07-26T05:15:52.082+0000] {dag.py:3340} INFO - Setting next_dagrun for example_nested_branch_dag to 2024-07-25T00:00:00+00:00, run_after=2024-07-26T00:00:00+00:00
[2024-07-26T05:15:52.111+0000] {processor.py:176} INFO - Processing /home/airflow/.local/lib/python3.7/site-packages/airflow/example_dags/example_nested_branch_dag.py took 0.141 seconds
[2024-07-26T05:33:28.806+0000] {processor.py:154} INFO - Started process (PID=6763) to work on /home/airflow/.local/lib/python3.7/site-packages/airflow/example_dags/example_nested_branch_dag.py
[2024-07-26T05:33:28.812+0000] {processor.py:756} INFO - Processing file /home/airflow/.local/lib/python3.7/site-packages/airflow/example_dags/example_nested_branch_dag.py for tasks to queue
[2024-07-26T05:33:28.812+0000] {logging_mixin.py:120} INFO - [2024-07-26T05:33:28.812+0000] {dagbag.py:537} INFO - Filling up the DagBag from /home/airflow/.local/lib/python3.7/site-packages/airflow/example_dags/example_nested_branch_dag.py
[2024-07-26T05:33:28.837+0000] {processor.py:766} INFO - DAG(s) dict_keys(['example_nested_branch_dag']) retrieved from /home/airflow/.local/lib/python3.7/site-packages/airflow/example_dags/example_nested_branch_dag.py
[2024-07-26T05:33:28.882+0000] {logging_mixin.py:120} INFO - [2024-07-26T05:33:28.882+0000] {dag.py:2585} INFO - Sync 1 DAGs
[2024-07-26T05:33:28.913+0000] {logging_mixin.py:120} INFO - [2024-07-26T05:33:28.912+0000] {dag.py:3340} INFO - Setting next_dagrun for example_nested_branch_dag to 2024-07-25T00:00:00+00:00, run_after=2024-07-26T00:00:00+00:00
[2024-07-26T05:33:28.936+0000] {processor.py:176} INFO - Processing /home/airflow/.local/lib/python3.7/site-packages/airflow/example_dags/example_nested_branch_dag.py took 0.136 seconds
[2024-07-26T06:09:36.403+0000] {processor.py:154} INFO - Started process (PID=6826) to work on /home/airflow/.local/lib/python3.7/site-packages/airflow/example_dags/example_nested_branch_dag.py
[2024-07-26T06:09:36.404+0000] {processor.py:756} INFO - Processing file /home/airflow/.local/lib/python3.7/site-packages/airflow/example_dags/example_nested_branch_dag.py for tasks to queue
[2024-07-26T06:09:36.405+0000] {logging_mixin.py:120} INFO - [2024-07-26T06:09:36.405+0000] {dagbag.py:537} INFO - Filling up the DagBag from /home/airflow/.local/lib/python3.7/site-packages/airflow/example_dags/example_nested_branch_dag.py
[2024-07-26T06:09:36.419+0000] {processor.py:766} INFO - DAG(s) dict_keys(['example_nested_branch_dag']) retrieved from /home/airflow/.local/lib/python3.7/site-packages/airflow/example_dags/example_nested_branch_dag.py
[2024-07-26T06:09:36.441+0000] {logging_mixin.py:120} INFO - [2024-07-26T06:09:36.441+0000] {dag.py:2585} INFO - Sync 1 DAGs
[2024-07-26T06:09:36.454+0000] {logging_mixin.py:120} INFO - [2024-07-26T06:09:36.454+0000] {dag.py:3340} INFO - Setting next_dagrun for example_nested_branch_dag to 2024-07-25T00:00:00+00:00, run_after=2024-07-26T00:00:00+00:00
[2024-07-26T06:09:36.469+0000] {processor.py:176} INFO - Processing /home/airflow/.local/lib/python3.7/site-packages/airflow/example_dags/example_nested_branch_dag.py took 0.068 seconds
[2024-07-26T07:10:33.237+0000] {processor.py:154} INFO - Started process (PID=6881) to work on /home/airflow/.local/lib/python3.7/site-packages/airflow/example_dags/example_nested_branch_dag.py
[2024-07-26T07:10:33.240+0000] {processor.py:756} INFO - Processing file /home/airflow/.local/lib/python3.7/site-packages/airflow/example_dags/example_nested_branch_dag.py for tasks to queue
[2024-07-26T07:10:33.240+0000] {logging_mixin.py:120} INFO - [2024-07-26T07:10:33.240+0000] {dagbag.py:537} INFO - Filling up the DagBag from /home/airflow/.local/lib/python3.7/site-packages/airflow/example_dags/example_nested_branch_dag.py
[2024-07-26T07:10:33.255+0000] {processor.py:766} INFO - DAG(s) dict_keys(['example_nested_branch_dag']) retrieved from /home/airflow/.local/lib/python3.7/site-packages/airflow/example_dags/example_nested_branch_dag.py
[2024-07-26T07:10:33.286+0000] {logging_mixin.py:120} INFO - [2024-07-26T07:10:33.286+0000] {dag.py:2585} INFO - Sync 1 DAGs
[2024-07-26T07:10:33.309+0000] {logging_mixin.py:120} INFO - [2024-07-26T07:10:33.309+0000] {dag.py:3340} INFO - Setting next_dagrun for example_nested_branch_dag to 2024-07-25T00:00:00+00:00, run_after=2024-07-26T00:00:00+00:00
[2024-07-26T07:10:33.332+0000] {processor.py:176} INFO - Processing /home/airflow/.local/lib/python3.7/site-packages/airflow/example_dags/example_nested_branch_dag.py took 0.097 seconds
[2024-07-26T08:11:47.635+0000] {processor.py:154} INFO - Started process (PID=6945) to work on /home/airflow/.local/lib/python3.7/site-packages/airflow/example_dags/example_nested_branch_dag.py
[2024-07-26T08:11:47.637+0000] {processor.py:756} INFO - Processing file /home/airflow/.local/lib/python3.7/site-packages/airflow/example_dags/example_nested_branch_dag.py for tasks to queue
[2024-07-26T08:11:47.638+0000] {logging_mixin.py:120} INFO - [2024-07-26T08:11:47.638+0000] {dagbag.py:537} INFO - Filling up the DagBag from /home/airflow/.local/lib/python3.7/site-packages/airflow/example_dags/example_nested_branch_dag.py
[2024-07-26T08:11:47.658+0000] {processor.py:766} INFO - DAG(s) dict_keys(['example_nested_branch_dag']) retrieved from /home/airflow/.local/lib/python3.7/site-packages/airflow/example_dags/example_nested_branch_dag.py
[2024-07-26T08:11:47.696+0000] {logging_mixin.py:120} INFO - [2024-07-26T08:11:47.695+0000] {dag.py:2585} INFO - Sync 1 DAGs
[2024-07-26T08:11:47.715+0000] {logging_mixin.py:120} INFO - [2024-07-26T08:11:47.715+0000] {dag.py:3340} INFO - Setting next_dagrun for example_nested_branch_dag to 2024-07-25T00:00:00+00:00, run_after=2024-07-26T00:00:00+00:00
[2024-07-26T08:11:47.736+0000] {processor.py:176} INFO - Processing /home/airflow/.local/lib/python3.7/site-packages/airflow/example_dags/example_nested_branch_dag.py took 0.104 seconds
[2024-07-26T08:36:11.481+0000] {processor.py:154} INFO - Started process (PID=7009) to work on /home/airflow/.local/lib/python3.7/site-packages/airflow/example_dags/example_nested_branch_dag.py
[2024-07-26T08:36:11.485+0000] {processor.py:756} INFO - Processing file /home/airflow/.local/lib/python3.7/site-packages/airflow/example_dags/example_nested_branch_dag.py for tasks to queue
[2024-07-26T08:36:11.486+0000] {logging_mixin.py:120} INFO - [2024-07-26T08:36:11.486+0000] {dagbag.py:537} INFO - Filling up the DagBag from /home/airflow/.local/lib/python3.7/site-packages/airflow/example_dags/example_nested_branch_dag.py
[2024-07-26T08:36:11.501+0000] {processor.py:766} INFO - DAG(s) dict_keys(['example_nested_branch_dag']) retrieved from /home/airflow/.local/lib/python3.7/site-packages/airflow/example_dags/example_nested_branch_dag.py
[2024-07-26T08:36:11.557+0000] {logging_mixin.py:120} INFO - [2024-07-26T08:36:11.557+0000] {dag.py:2585} INFO - Sync 1 DAGs
[2024-07-26T08:36:11.583+0000] {logging_mixin.py:120} INFO - [2024-07-26T08:36:11.583+0000] {dag.py:3340} INFO - Setting next_dagrun for example_nested_branch_dag to 2024-07-25T00:00:00+00:00, run_after=2024-07-26T00:00:00+00:00
[2024-07-26T08:36:11.600+0000] {processor.py:176} INFO - Processing /home/airflow/.local/lib/python3.7/site-packages/airflow/example_dags/example_nested_branch_dag.py took 0.122 seconds
[2024-07-26T09:29:26.083+0000] {processor.py:154} INFO - Started process (PID=7073) to work on /home/airflow/.local/lib/python3.7/site-packages/airflow/example_dags/example_nested_branch_dag.py
[2024-07-26T09:29:26.086+0000] {processor.py:756} INFO - Processing file /home/airflow/.local/lib/python3.7/site-packages/airflow/example_dags/example_nested_branch_dag.py for tasks to queue
[2024-07-26T09:29:26.088+0000] {logging_mixin.py:120} INFO - [2024-07-26T09:29:26.088+0000] {dagbag.py:537} INFO - Filling up the DagBag from /home/airflow/.local/lib/python3.7/site-packages/airflow/example_dags/example_nested_branch_dag.py
[2024-07-26T09:29:26.104+0000] {processor.py:766} INFO - DAG(s) dict_keys(['example_nested_branch_dag']) retrieved from /home/airflow/.local/lib/python3.7/site-packages/airflow/example_dags/example_nested_branch_dag.py
[2024-07-26T09:29:26.140+0000] {logging_mixin.py:120} INFO - [2024-07-26T09:29:26.140+0000] {dag.py:2585} INFO - Sync 1 DAGs
[2024-07-26T09:29:26.164+0000] {logging_mixin.py:120} INFO - [2024-07-26T09:29:26.164+0000] {dag.py:3340} INFO - Setting next_dagrun for example_nested_branch_dag to 2024-07-25T00:00:00+00:00, run_after=2024-07-26T00:00:00+00:00
[2024-07-26T09:29:26.185+0000] {processor.py:176} INFO - Processing /home/airflow/.local/lib/python3.7/site-packages/airflow/example_dags/example_nested_branch_dag.py took 0.104 seconds
[2024-07-26T10:30:30.324+0000] {processor.py:154} INFO - Started process (PID=7128) to work on /home/airflow/.local/lib/python3.7/site-packages/airflow/example_dags/example_nested_branch_dag.py
[2024-07-26T10:30:30.331+0000] {processor.py:756} INFO - Processing file /home/airflow/.local/lib/python3.7/site-packages/airflow/example_dags/example_nested_branch_dag.py for tasks to queue
[2024-07-26T10:30:30.333+0000] {logging_mixin.py:120} INFO - [2024-07-26T10:30:30.333+0000] {dagbag.py:537} INFO - Filling up the DagBag from /home/airflow/.local/lib/python3.7/site-packages/airflow/example_dags/example_nested_branch_dag.py
[2024-07-26T10:30:30.360+0000] {processor.py:766} INFO - DAG(s) dict_keys(['example_nested_branch_dag']) retrieved from /home/airflow/.local/lib/python3.7/site-packages/airflow/example_dags/example_nested_branch_dag.py
[2024-07-26T10:30:30.403+0000] {logging_mixin.py:120} INFO - [2024-07-26T10:30:30.402+0000] {dag.py:2585} INFO - Sync 1 DAGs
[2024-07-26T10:30:30.423+0000] {logging_mixin.py:120} INFO - [2024-07-26T10:30:30.423+0000] {dag.py:3340} INFO - Setting next_dagrun for example_nested_branch_dag to 2024-07-25T00:00:00+00:00, run_after=2024-07-26T00:00:00+00:00
[2024-07-26T10:30:30.460+0000] {processor.py:176} INFO - Processing /home/airflow/.local/lib/python3.7/site-packages/airflow/example_dags/example_nested_branch_dag.py took 0.138 seconds
[2024-07-26T10:39:56.131+0000] {processor.py:154} INFO - Started process (PID=7192) to work on /home/airflow/.local/lib/python3.7/site-packages/airflow/example_dags/example_nested_branch_dag.py
[2024-07-26T10:39:56.132+0000] {processor.py:756} INFO - Processing file /home/airflow/.local/lib/python3.7/site-packages/airflow/example_dags/example_nested_branch_dag.py for tasks to queue
[2024-07-26T10:39:56.132+0000] {logging_mixin.py:120} INFO - [2024-07-26T10:39:56.132+0000] {dagbag.py:537} INFO - Filling up the DagBag from /home/airflow/.local/lib/python3.7/site-packages/airflow/example_dags/example_nested_branch_dag.py
[2024-07-26T10:39:56.144+0000] {processor.py:766} INFO - DAG(s) dict_keys(['example_nested_branch_dag']) retrieved from /home/airflow/.local/lib/python3.7/site-packages/airflow/example_dags/example_nested_branch_dag.py
[2024-07-26T10:39:56.165+0000] {logging_mixin.py:120} INFO - [2024-07-26T10:39:56.165+0000] {dag.py:2585} INFO - Sync 1 DAGs
[2024-07-26T10:39:56.176+0000] {logging_mixin.py:120} INFO - [2024-07-26T10:39:56.176+0000] {dag.py:3340} INFO - Setting next_dagrun for example_nested_branch_dag to 2024-07-25T00:00:00+00:00, run_after=2024-07-26T00:00:00+00:00
[2024-07-26T10:39:56.184+0000] {processor.py:176} INFO - Processing /home/airflow/.local/lib/python3.7/site-packages/airflow/example_dags/example_nested_branch_dag.py took 0.055 seconds
[2024-07-26T11:48:30.481+0000] {processor.py:154} INFO - Started process (PID=7256) to work on /home/airflow/.local/lib/python3.7/site-packages/airflow/example_dags/example_nested_branch_dag.py
[2024-07-26T11:48:30.483+0000] {processor.py:756} INFO - Processing file /home/airflow/.local/lib/python3.7/site-packages/airflow/example_dags/example_nested_branch_dag.py for tasks to queue
[2024-07-26T11:48:30.485+0000] {logging_mixin.py:120} INFO - [2024-07-26T11:48:30.484+0000] {dagbag.py:537} INFO - Filling up the DagBag from /home/airflow/.local/lib/python3.7/site-packages/airflow/example_dags/example_nested_branch_dag.py
[2024-07-26T11:48:30.512+0000] {processor.py:766} INFO - DAG(s) dict_keys(['example_nested_branch_dag']) retrieved from /home/airflow/.local/lib/python3.7/site-packages/airflow/example_dags/example_nested_branch_dag.py
[2024-07-26T11:48:30.577+0000] {logging_mixin.py:120} INFO - [2024-07-26T11:48:30.577+0000] {dag.py:2585} INFO - Sync 1 DAGs
[2024-07-26T11:48:30.602+0000] {logging_mixin.py:120} INFO - [2024-07-26T11:48:30.602+0000] {dag.py:3340} INFO - Setting next_dagrun for example_nested_branch_dag to 2024-07-25T00:00:00+00:00, run_after=2024-07-26T00:00:00+00:00
[2024-07-26T11:48:30.620+0000] {processor.py:176} INFO - Processing /home/airflow/.local/lib/python3.7/site-packages/airflow/example_dags/example_nested_branch_dag.py took 0.143 seconds
[2024-07-26T12:13:05.713+0000] {processor.py:154} INFO - Started process (PID=7320) to work on /home/airflow/.local/lib/python3.7/site-packages/airflow/example_dags/example_nested_branch_dag.py
[2024-07-26T12:13:05.715+0000] {processor.py:756} INFO - Processing file /home/airflow/.local/lib/python3.7/site-packages/airflow/example_dags/example_nested_branch_dag.py for tasks to queue
[2024-07-26T12:13:05.717+0000] {logging_mixin.py:120} INFO - [2024-07-26T12:13:05.716+0000] {dagbag.py:537} INFO - Filling up the DagBag from /home/airflow/.local/lib/python3.7/site-packages/airflow/example_dags/example_nested_branch_dag.py
[2024-07-26T12:13:05.741+0000] {processor.py:766} INFO - DAG(s) dict_keys(['example_nested_branch_dag']) retrieved from /home/airflow/.local/lib/python3.7/site-packages/airflow/example_dags/example_nested_branch_dag.py
[2024-07-26T12:13:05.803+0000] {logging_mixin.py:120} INFO - [2024-07-26T12:13:05.803+0000] {dag.py:2585} INFO - Sync 1 DAGs
[2024-07-26T12:13:05.839+0000] {logging_mixin.py:120} INFO - [2024-07-26T12:13:05.839+0000] {dag.py:3340} INFO - Setting next_dagrun for example_nested_branch_dag to 2024-07-25T00:00:00+00:00, run_after=2024-07-26T00:00:00+00:00
[2024-07-26T12:13:05.859+0000] {processor.py:176} INFO - Processing /home/airflow/.local/lib/python3.7/site-packages/airflow/example_dags/example_nested_branch_dag.py took 0.149 seconds
[2024-07-26T12:19:25.578+0000] {processor.py:154} INFO - Started process (PID=7375) to work on /home/airflow/.local/lib/python3.7/site-packages/airflow/example_dags/example_nested_branch_dag.py
[2024-07-26T12:19:25.580+0000] {processor.py:756} INFO - Processing file /home/airflow/.local/lib/python3.7/site-packages/airflow/example_dags/example_nested_branch_dag.py for tasks to queue
[2024-07-26T12:19:25.581+0000] {logging_mixin.py:120} INFO - [2024-07-26T12:19:25.581+0000] {dagbag.py:537} INFO - Filling up the DagBag from /home/airflow/.local/lib/python3.7/site-packages/airflow/example_dags/example_nested_branch_dag.py
[2024-07-26T12:19:25.621+0000] {processor.py:766} INFO - DAG(s) dict_keys(['example_nested_branch_dag']) retrieved from /home/airflow/.local/lib/python3.7/site-packages/airflow/example_dags/example_nested_branch_dag.py
[2024-07-26T12:19:25.687+0000] {logging_mixin.py:120} INFO - [2024-07-26T12:19:25.687+0000] {dag.py:2585} INFO - Sync 1 DAGs
[2024-07-26T12:19:25.712+0000] {logging_mixin.py:120} INFO - [2024-07-26T12:19:25.712+0000] {dag.py:3340} INFO - Setting next_dagrun for example_nested_branch_dag to 2024-07-25T00:00:00+00:00, run_after=2024-07-26T00:00:00+00:00
[2024-07-26T12:19:25.734+0000] {processor.py:176} INFO - Processing /home/airflow/.local/lib/python3.7/site-packages/airflow/example_dags/example_nested_branch_dag.py took 0.159 seconds
[2024-07-26T13:00:08.141+0000] {processor.py:154} INFO - Started process (PID=7438) to work on /home/airflow/.local/lib/python3.7/site-packages/airflow/example_dags/example_nested_branch_dag.py
[2024-07-26T13:00:08.146+0000] {processor.py:756} INFO - Processing file /home/airflow/.local/lib/python3.7/site-packages/airflow/example_dags/example_nested_branch_dag.py for tasks to queue
[2024-07-26T13:00:08.151+0000] {logging_mixin.py:120} INFO - [2024-07-26T13:00:08.151+0000] {dagbag.py:537} INFO - Filling up the DagBag from /home/airflow/.local/lib/python3.7/site-packages/airflow/example_dags/example_nested_branch_dag.py
[2024-07-26T13:00:08.181+0000] {processor.py:766} INFO - DAG(s) dict_keys(['example_nested_branch_dag']) retrieved from /home/airflow/.local/lib/python3.7/site-packages/airflow/example_dags/example_nested_branch_dag.py
[2024-07-26T13:00:08.243+0000] {logging_mixin.py:120} INFO - [2024-07-26T13:00:08.243+0000] {dag.py:2585} INFO - Sync 1 DAGs
[2024-07-26T13:00:08.289+0000] {logging_mixin.py:120} INFO - [2024-07-26T13:00:08.289+0000] {dag.py:3340} INFO - Setting next_dagrun for example_nested_branch_dag to 2024-07-25T00:00:00+00:00, run_after=2024-07-26T00:00:00+00:00
[2024-07-26T13:00:08.331+0000] {processor.py:176} INFO - Processing /home/airflow/.local/lib/python3.7/site-packages/airflow/example_dags/example_nested_branch_dag.py took 0.195 seconds
[2024-07-26T13:12:27.618+0000] {processor.py:154} INFO - Started process (PID=7502) to work on /home/airflow/.local/lib/python3.7/site-packages/airflow/example_dags/example_nested_branch_dag.py
[2024-07-26T13:12:27.620+0000] {processor.py:756} INFO - Processing file /home/airflow/.local/lib/python3.7/site-packages/airflow/example_dags/example_nested_branch_dag.py for tasks to queue
[2024-07-26T13:12:27.620+0000] {logging_mixin.py:120} INFO - [2024-07-26T13:12:27.620+0000] {dagbag.py:537} INFO - Filling up the DagBag from /home/airflow/.local/lib/python3.7/site-packages/airflow/example_dags/example_nested_branch_dag.py
[2024-07-26T13:12:27.641+0000] {processor.py:766} INFO - DAG(s) dict_keys(['example_nested_branch_dag']) retrieved from /home/airflow/.local/lib/python3.7/site-packages/airflow/example_dags/example_nested_branch_dag.py
[2024-07-26T13:12:27.684+0000] {logging_mixin.py:120} INFO - [2024-07-26T13:12:27.684+0000] {dag.py:2585} INFO - Sync 1 DAGs
[2024-07-26T13:12:27.707+0000] {logging_mixin.py:120} INFO - [2024-07-26T13:12:27.707+0000] {dag.py:3340} INFO - Setting next_dagrun for example_nested_branch_dag to 2024-07-25T00:00:00+00:00, run_after=2024-07-26T00:00:00+00:00
[2024-07-26T13:12:27.741+0000] {processor.py:176} INFO - Processing /home/airflow/.local/lib/python3.7/site-packages/airflow/example_dags/example_nested_branch_dag.py took 0.125 seconds
[2024-07-26T13:43:21.790+0000] {processor.py:154} INFO - Started process (PID=7566) to work on /home/airflow/.local/lib/python3.7/site-packages/airflow/example_dags/example_nested_branch_dag.py
[2024-07-26T13:43:21.791+0000] {processor.py:756} INFO - Processing file /home/airflow/.local/lib/python3.7/site-packages/airflow/example_dags/example_nested_branch_dag.py for tasks to queue
[2024-07-26T13:43:21.792+0000] {logging_mixin.py:120} INFO - [2024-07-26T13:43:21.792+0000] {dagbag.py:537} INFO - Filling up the DagBag from /home/airflow/.local/lib/python3.7/site-packages/airflow/example_dags/example_nested_branch_dag.py
[2024-07-26T13:43:21.811+0000] {processor.py:766} INFO - DAG(s) dict_keys(['example_nested_branch_dag']) retrieved from /home/airflow/.local/lib/python3.7/site-packages/airflow/example_dags/example_nested_branch_dag.py
[2024-07-26T13:43:21.847+0000] {logging_mixin.py:120} INFO - [2024-07-26T13:43:21.847+0000] {dag.py:2585} INFO - Sync 1 DAGs
[2024-07-26T13:43:21.881+0000] {logging_mixin.py:120} INFO - [2024-07-26T13:43:21.880+0000] {dag.py:3340} INFO - Setting next_dagrun for example_nested_branch_dag to 2024-07-25T00:00:00+00:00, run_after=2024-07-26T00:00:00+00:00
[2024-07-26T13:43:21.908+0000] {processor.py:176} INFO - Processing /home/airflow/.local/lib/python3.7/site-packages/airflow/example_dags/example_nested_branch_dag.py took 0.121 seconds
[2024-07-26T13:46:53.597+0000] {processor.py:154} INFO - Started process (PID=7630) to work on /home/airflow/.local/lib/python3.7/site-packages/airflow/example_dags/example_nested_branch_dag.py
[2024-07-26T13:46:53.600+0000] {processor.py:756} INFO - Processing file /home/airflow/.local/lib/python3.7/site-packages/airflow/example_dags/example_nested_branch_dag.py for tasks to queue
[2024-07-26T13:46:53.602+0000] {logging_mixin.py:120} INFO - [2024-07-26T13:46:53.602+0000] {dagbag.py:537} INFO - Filling up the DagBag from /home/airflow/.local/lib/python3.7/site-packages/airflow/example_dags/example_nested_branch_dag.py
[2024-07-26T13:46:53.623+0000] {processor.py:766} INFO - DAG(s) dict_keys(['example_nested_branch_dag']) retrieved from /home/airflow/.local/lib/python3.7/site-packages/airflow/example_dags/example_nested_branch_dag.py
[2024-07-26T13:46:53.701+0000] {logging_mixin.py:120} INFO - [2024-07-26T13:46:53.701+0000] {dag.py:2585} INFO - Sync 1 DAGs
[2024-07-26T13:46:53.717+0000] {logging_mixin.py:120} INFO - [2024-07-26T13:46:53.717+0000] {dag.py:3340} INFO - Setting next_dagrun for example_nested_branch_dag to 2024-07-25T00:00:00+00:00, run_after=2024-07-26T00:00:00+00:00
[2024-07-26T13:46:53.739+0000] {processor.py:176} INFO - Processing /home/airflow/.local/lib/python3.7/site-packages/airflow/example_dags/example_nested_branch_dag.py took 0.143 seconds
[2024-07-26T13:52:22.701+0000] {processor.py:154} INFO - Started process (PID=7685) to work on /home/airflow/.local/lib/python3.7/site-packages/airflow/example_dags/example_nested_branch_dag.py
[2024-07-26T13:52:22.702+0000] {processor.py:756} INFO - Processing file /home/airflow/.local/lib/python3.7/site-packages/airflow/example_dags/example_nested_branch_dag.py for tasks to queue
[2024-07-26T13:52:22.703+0000] {logging_mixin.py:120} INFO - [2024-07-26T13:52:22.703+0000] {dagbag.py:537} INFO - Filling up the DagBag from /home/airflow/.local/lib/python3.7/site-packages/airflow/example_dags/example_nested_branch_dag.py
[2024-07-26T13:52:22.720+0000] {processor.py:766} INFO - DAG(s) dict_keys(['example_nested_branch_dag']) retrieved from /home/airflow/.local/lib/python3.7/site-packages/airflow/example_dags/example_nested_branch_dag.py
[2024-07-26T13:52:22.755+0000] {logging_mixin.py:120} INFO - [2024-07-26T13:52:22.755+0000] {dag.py:2585} INFO - Sync 1 DAGs
[2024-07-26T13:52:22.773+0000] {logging_mixin.py:120} INFO - [2024-07-26T13:52:22.773+0000] {dag.py:3340} INFO - Setting next_dagrun for example_nested_branch_dag to 2024-07-25T00:00:00+00:00, run_after=2024-07-26T00:00:00+00:00
[2024-07-26T13:52:22.798+0000] {processor.py:176} INFO - Processing /home/airflow/.local/lib/python3.7/site-packages/airflow/example_dags/example_nested_branch_dag.py took 0.099 seconds
[2024-07-26T13:54:21.061+0000] {processor.py:154} INFO - Started process (PID=7749) to work on /home/airflow/.local/lib/python3.7/site-packages/airflow/example_dags/example_nested_branch_dag.py
[2024-07-26T13:54:21.063+0000] {processor.py:756} INFO - Processing file /home/airflow/.local/lib/python3.7/site-packages/airflow/example_dags/example_nested_branch_dag.py for tasks to queue
[2024-07-26T13:54:21.065+0000] {logging_mixin.py:120} INFO - [2024-07-26T13:54:21.065+0000] {dagbag.py:537} INFO - Filling up the DagBag from /home/airflow/.local/lib/python3.7/site-packages/airflow/example_dags/example_nested_branch_dag.py
[2024-07-26T13:54:21.081+0000] {processor.py:766} INFO - DAG(s) dict_keys(['example_nested_branch_dag']) retrieved from /home/airflow/.local/lib/python3.7/site-packages/airflow/example_dags/example_nested_branch_dag.py
[2024-07-26T13:54:21.108+0000] {logging_mixin.py:120} INFO - [2024-07-26T13:54:21.108+0000] {dag.py:2585} INFO - Sync 1 DAGs
[2024-07-26T13:54:21.127+0000] {logging_mixin.py:120} INFO - [2024-07-26T13:54:21.127+0000] {dag.py:3340} INFO - Setting next_dagrun for example_nested_branch_dag to 2024-07-25T00:00:00+00:00, run_after=2024-07-26T00:00:00+00:00
[2024-07-26T13:54:21.136+0000] {processor.py:176} INFO - Processing /home/airflow/.local/lib/python3.7/site-packages/airflow/example_dags/example_nested_branch_dag.py took 0.077 seconds
[2024-07-26T13:55:29.190+0000] {processor.py:154} INFO - Started process (PID=7813) to work on /home/airflow/.local/lib/python3.7/site-packages/airflow/example_dags/example_nested_branch_dag.py
[2024-07-26T13:55:29.191+0000] {processor.py:756} INFO - Processing file /home/airflow/.local/lib/python3.7/site-packages/airflow/example_dags/example_nested_branch_dag.py for tasks to queue
[2024-07-26T13:55:29.191+0000] {logging_mixin.py:120} INFO - [2024-07-26T13:55:29.191+0000] {dagbag.py:537} INFO - Filling up the DagBag from /home/airflow/.local/lib/python3.7/site-packages/airflow/example_dags/example_nested_branch_dag.py
[2024-07-26T13:55:29.206+0000] {processor.py:766} INFO - DAG(s) dict_keys(['example_nested_branch_dag']) retrieved from /home/airflow/.local/lib/python3.7/site-packages/airflow/example_dags/example_nested_branch_dag.py
[2024-07-26T13:55:29.241+0000] {logging_mixin.py:120} INFO - [2024-07-26T13:55:29.240+0000] {dag.py:2585} INFO - Sync 1 DAGs
[2024-07-26T13:55:29.257+0000] {logging_mixin.py:120} INFO - [2024-07-26T13:55:29.257+0000] {dag.py:3340} INFO - Setting next_dagrun for example_nested_branch_dag to 2024-07-25T00:00:00+00:00, run_after=2024-07-26T00:00:00+00:00
[2024-07-26T13:55:29.272+0000] {processor.py:176} INFO - Processing /home/airflow/.local/lib/python3.7/site-packages/airflow/example_dags/example_nested_branch_dag.py took 0.084 seconds
[2024-07-26T14:05:30.865+0000] {processor.py:154} INFO - Started process (PID=7877) to work on /home/airflow/.local/lib/python3.7/site-packages/airflow/example_dags/example_nested_branch_dag.py
[2024-07-26T14:05:30.866+0000] {processor.py:756} INFO - Processing file /home/airflow/.local/lib/python3.7/site-packages/airflow/example_dags/example_nested_branch_dag.py for tasks to queue
[2024-07-26T14:05:30.868+0000] {logging_mixin.py:120} INFO - [2024-07-26T14:05:30.868+0000] {dagbag.py:537} INFO - Filling up the DagBag from /home/airflow/.local/lib/python3.7/site-packages/airflow/example_dags/example_nested_branch_dag.py
[2024-07-26T14:05:30.887+0000] {processor.py:766} INFO - DAG(s) dict_keys(['example_nested_branch_dag']) retrieved from /home/airflow/.local/lib/python3.7/site-packages/airflow/example_dags/example_nested_branch_dag.py
[2024-07-26T14:05:30.946+0000] {logging_mixin.py:120} INFO - [2024-07-26T14:05:30.946+0000] {dag.py:2585} INFO - Sync 1 DAGs
[2024-07-26T14:05:30.967+0000] {logging_mixin.py:120} INFO - [2024-07-26T14:05:30.967+0000] {dag.py:3340} INFO - Setting next_dagrun for example_nested_branch_dag to 2024-07-25T00:00:00+00:00, run_after=2024-07-26T00:00:00+00:00
[2024-07-26T14:05:30.991+0000] {processor.py:176} INFO - Processing /home/airflow/.local/lib/python3.7/site-packages/airflow/example_dags/example_nested_branch_dag.py took 0.128 seconds
[2024-07-26T14:06:20.050+0000] {processor.py:154} INFO - Started process (PID=7931) to work on /home/airflow/.local/lib/python3.7/site-packages/airflow/example_dags/example_nested_branch_dag.py
[2024-07-26T14:06:20.050+0000] {processor.py:756} INFO - Processing file /home/airflow/.local/lib/python3.7/site-packages/airflow/example_dags/example_nested_branch_dag.py for tasks to queue
[2024-07-26T14:06:20.051+0000] {logging_mixin.py:120} INFO - [2024-07-26T14:06:20.051+0000] {dagbag.py:537} INFO - Filling up the DagBag from /home/airflow/.local/lib/python3.7/site-packages/airflow/example_dags/example_nested_branch_dag.py
[2024-07-26T14:06:20.064+0000] {processor.py:766} INFO - DAG(s) dict_keys(['example_nested_branch_dag']) retrieved from /home/airflow/.local/lib/python3.7/site-packages/airflow/example_dags/example_nested_branch_dag.py
[2024-07-26T14:06:20.090+0000] {logging_mixin.py:120} INFO - [2024-07-26T14:06:20.090+0000] {dag.py:2585} INFO - Sync 1 DAGs
[2024-07-26T14:06:20.109+0000] {logging_mixin.py:120} INFO - [2024-07-26T14:06:20.109+0000] {dag.py:3340} INFO - Setting next_dagrun for example_nested_branch_dag to 2024-07-25T00:00:00+00:00, run_after=2024-07-26T00:00:00+00:00
[2024-07-26T14:06:20.129+0000] {processor.py:176} INFO - Processing /home/airflow/.local/lib/python3.7/site-packages/airflow/example_dags/example_nested_branch_dag.py took 0.081 seconds
