[2024-07-26T00:02:54.331+0000] {processor.py:154} INFO - Started process (PID=4788) to work on /home/airflow/.local/lib/python3.7/site-packages/airflow/example_dags/example_xcom.py
[2024-07-26T00:02:54.333+0000] {processor.py:756} INFO - Processing file /home/airflow/.local/lib/python3.7/site-packages/airflow/example_dags/example_xcom.py for tasks to queue
[2024-07-26T00:02:54.334+0000] {logging_mixin.py:120} INFO - [2024-07-26T00:02:54.334+0000] {dagbag.py:537} INFO - Filling up the DagBag from /home/airflow/.local/lib/python3.7/site-packages/airflow/example_dags/example_xcom.py
[2024-07-26T00:02:54.354+0000] {processor.py:766} INFO - DAG(s) dict_keys(['example_xcom']) retrieved from /home/airflow/.local/lib/python3.7/site-packages/airflow/example_dags/example_xcom.py
[2024-07-26T00:02:54.383+0000] {logging_mixin.py:120} INFO - [2024-07-26T00:02:54.382+0000] {dag.py:2585} INFO - Sync 1 DAGs
[2024-07-26T00:02:54.403+0000] {logging_mixin.py:120} INFO - [2024-07-26T00:02:54.403+0000] {dag.py:3340} INFO - Setting next_dagrun for example_xcom to 2021-01-01T00:00:00+00:00, run_after=2021-01-01T00:00:00+00:00
[2024-07-26T00:02:54.422+0000] {processor.py:176} INFO - Processing /home/airflow/.local/lib/python3.7/site-packages/airflow/example_dags/example_xcom.py took 0.093 seconds
[2024-07-26T00:16:06.676+0000] {processor.py:154} INFO - Started process (PID=4843) to work on /home/airflow/.local/lib/python3.7/site-packages/airflow/example_dags/example_xcom.py
[2024-07-26T00:16:06.679+0000] {processor.py:756} INFO - Processing file /home/airflow/.local/lib/python3.7/site-packages/airflow/example_dags/example_xcom.py for tasks to queue
[2024-07-26T00:16:06.681+0000] {logging_mixin.py:120} INFO - [2024-07-26T00:16:06.681+0000] {dagbag.py:537} INFO - Filling up the DagBag from /home/airflow/.local/lib/python3.7/site-packages/airflow/example_dags/example_xcom.py
[2024-07-26T00:16:06.715+0000] {processor.py:766} INFO - DAG(s) dict_keys(['example_xcom']) retrieved from /home/airflow/.local/lib/python3.7/site-packages/airflow/example_dags/example_xcom.py
[2024-07-26T00:16:06.803+0000] {logging_mixin.py:120} INFO - [2024-07-26T00:16:06.802+0000] {dag.py:2585} INFO - Sync 1 DAGs
[2024-07-26T00:16:06.862+0000] {logging_mixin.py:120} INFO - [2024-07-26T00:16:06.861+0000] {dag.py:3340} INFO - Setting next_dagrun for example_xcom to 2021-01-01T00:00:00+00:00, run_after=2021-01-01T00:00:00+00:00
[2024-07-26T00:16:06.904+0000] {processor.py:176} INFO - Processing /home/airflow/.local/lib/python3.7/site-packages/airflow/example_dags/example_xcom.py took 0.230 seconds
[2024-07-26T00:40:52.579+0000] {processor.py:154} INFO - Started process (PID=4907) to work on /home/airflow/.local/lib/python3.7/site-packages/airflow/example_dags/example_xcom.py
[2024-07-26T00:40:52.584+0000] {processor.py:756} INFO - Processing file /home/airflow/.local/lib/python3.7/site-packages/airflow/example_dags/example_xcom.py for tasks to queue
[2024-07-26T00:40:52.584+0000] {logging_mixin.py:120} INFO - [2024-07-26T00:40:52.584+0000] {dagbag.py:537} INFO - Filling up the DagBag from /home/airflow/.local/lib/python3.7/site-packages/airflow/example_dags/example_xcom.py
[2024-07-26T00:40:52.598+0000] {processor.py:766} INFO - DAG(s) dict_keys(['example_xcom']) retrieved from /home/airflow/.local/lib/python3.7/site-packages/airflow/example_dags/example_xcom.py
[2024-07-26T00:40:52.630+0000] {logging_mixin.py:120} INFO - [2024-07-26T00:40:52.630+0000] {dag.py:2585} INFO - Sync 1 DAGs
[2024-07-26T00:40:52.648+0000] {logging_mixin.py:120} INFO - [2024-07-26T00:40:52.647+0000] {dag.py:3340} INFO - Setting next_dagrun for example_xcom to 2021-01-01T00:00:00+00:00, run_after=2021-01-01T00:00:00+00:00
[2024-07-26T00:40:52.664+0000] {processor.py:176} INFO - Processing /home/airflow/.local/lib/python3.7/site-packages/airflow/example_dags/example_xcom.py took 0.087 seconds
[2024-07-26T01:30:33.415+0000] {processor.py:154} INFO - Started process (PID=4971) to work on /home/airflow/.local/lib/python3.7/site-packages/airflow/example_dags/example_xcom.py
[2024-07-26T01:30:33.415+0000] {processor.py:756} INFO - Processing file /home/airflow/.local/lib/python3.7/site-packages/airflow/example_dags/example_xcom.py for tasks to queue
[2024-07-26T01:30:33.416+0000] {logging_mixin.py:120} INFO - [2024-07-26T01:30:33.416+0000] {dagbag.py:537} INFO - Filling up the DagBag from /home/airflow/.local/lib/python3.7/site-packages/airflow/example_dags/example_xcom.py
[2024-07-26T01:30:33.429+0000] {processor.py:766} INFO - DAG(s) dict_keys(['example_xcom']) retrieved from /home/airflow/.local/lib/python3.7/site-packages/airflow/example_dags/example_xcom.py
[2024-07-26T01:30:33.452+0000] {logging_mixin.py:120} INFO - [2024-07-26T01:30:33.452+0000] {dag.py:2585} INFO - Sync 1 DAGs
[2024-07-26T01:30:33.465+0000] {logging_mixin.py:120} INFO - [2024-07-26T01:30:33.465+0000] {dag.py:3340} INFO - Setting next_dagrun for example_xcom to 2021-01-01T00:00:00+00:00, run_after=2021-01-01T00:00:00+00:00
[2024-07-26T01:30:33.476+0000] {processor.py:176} INFO - Processing /home/airflow/.local/lib/python3.7/site-packages/airflow/example_dags/example_xcom.py took 0.063 seconds
[2024-07-26T02:00:29.910+0000] {processor.py:154} INFO - Started process (PID=5035) to work on /home/airflow/.local/lib/python3.7/site-packages/airflow/example_dags/example_xcom.py
[2024-07-26T02:00:29.914+0000] {processor.py:756} INFO - Processing file /home/airflow/.local/lib/python3.7/site-packages/airflow/example_dags/example_xcom.py for tasks to queue
[2024-07-26T02:00:29.915+0000] {logging_mixin.py:120} INFO - [2024-07-26T02:00:29.915+0000] {dagbag.py:537} INFO - Filling up the DagBag from /home/airflow/.local/lib/python3.7/site-packages/airflow/example_dags/example_xcom.py
[2024-07-26T02:00:29.931+0000] {processor.py:766} INFO - DAG(s) dict_keys(['example_xcom']) retrieved from /home/airflow/.local/lib/python3.7/site-packages/airflow/example_dags/example_xcom.py
[2024-07-26T02:00:29.971+0000] {logging_mixin.py:120} INFO - [2024-07-26T02:00:29.971+0000] {dag.py:2585} INFO - Sync 1 DAGs
[2024-07-26T02:00:29.988+0000] {logging_mixin.py:120} INFO - [2024-07-26T02:00:29.988+0000] {dag.py:3340} INFO - Setting next_dagrun for example_xcom to 2021-01-01T00:00:00+00:00, run_after=2021-01-01T00:00:00+00:00
[2024-07-26T02:00:30.012+0000] {processor.py:176} INFO - Processing /home/airflow/.local/lib/python3.7/site-packages/airflow/example_dags/example_xcom.py took 0.104 seconds
[2024-07-26T02:13:02.218+0000] {processor.py:154} INFO - Started process (PID=5098) to work on /home/airflow/.local/lib/python3.7/site-packages/airflow/example_dags/example_xcom.py
[2024-07-26T02:13:02.219+0000] {processor.py:756} INFO - Processing file /home/airflow/.local/lib/python3.7/site-packages/airflow/example_dags/example_xcom.py for tasks to queue
[2024-07-26T02:13:02.223+0000] {logging_mixin.py:120} INFO - [2024-07-26T02:13:02.223+0000] {dagbag.py:537} INFO - Filling up the DagBag from /home/airflow/.local/lib/python3.7/site-packages/airflow/example_dags/example_xcom.py
[2024-07-26T02:13:02.250+0000] {processor.py:766} INFO - DAG(s) dict_keys(['example_xcom']) retrieved from /home/airflow/.local/lib/python3.7/site-packages/airflow/example_dags/example_xcom.py
[2024-07-26T02:13:02.301+0000] {logging_mixin.py:120} INFO - [2024-07-26T02:13:02.300+0000] {dag.py:2585} INFO - Sync 1 DAGs
[2024-07-26T02:13:02.337+0000] {logging_mixin.py:120} INFO - [2024-07-26T02:13:02.337+0000] {dag.py:3340} INFO - Setting next_dagrun for example_xcom to 2021-01-01T00:00:00+00:00, run_after=2021-01-01T00:00:00+00:00
[2024-07-26T02:13:02.408+0000] {processor.py:176} INFO - Processing /home/airflow/.local/lib/python3.7/site-packages/airflow/example_dags/example_xcom.py took 0.196 seconds
[2024-07-26T02:39:12.035+0000] {processor.py:154} INFO - Started process (PID=5153) to work on /home/airflow/.local/lib/python3.7/site-packages/airflow/example_dags/example_xcom.py
[2024-07-26T02:39:12.036+0000] {processor.py:756} INFO - Processing file /home/airflow/.local/lib/python3.7/site-packages/airflow/example_dags/example_xcom.py for tasks to queue
[2024-07-26T02:39:12.037+0000] {logging_mixin.py:120} INFO - [2024-07-26T02:39:12.037+0000] {dagbag.py:537} INFO - Filling up the DagBag from /home/airflow/.local/lib/python3.7/site-packages/airflow/example_dags/example_xcom.py
[2024-07-26T02:39:12.057+0000] {processor.py:766} INFO - DAG(s) dict_keys(['example_xcom']) retrieved from /home/airflow/.local/lib/python3.7/site-packages/airflow/example_dags/example_xcom.py
[2024-07-26T02:39:12.082+0000] {logging_mixin.py:120} INFO - [2024-07-26T02:39:12.082+0000] {dag.py:2585} INFO - Sync 1 DAGs
[2024-07-26T02:39:12.094+0000] {logging_mixin.py:120} INFO - [2024-07-26T02:39:12.094+0000] {dag.py:3340} INFO - Setting next_dagrun for example_xcom to 2021-01-01T00:00:00+00:00, run_after=2021-01-01T00:00:00+00:00
[2024-07-26T02:39:12.103+0000] {processor.py:176} INFO - Processing /home/airflow/.local/lib/python3.7/site-packages/airflow/example_dags/example_xcom.py took 0.070 seconds
[2024-07-26T02:58:11.623+0000] {processor.py:154} INFO - Started process (PID=5217) to work on /home/airflow/.local/lib/python3.7/site-packages/airflow/example_dags/example_xcom.py
[2024-07-26T02:58:11.624+0000] {processor.py:756} INFO - Processing file /home/airflow/.local/lib/python3.7/site-packages/airflow/example_dags/example_xcom.py for tasks to queue
[2024-07-26T02:58:11.624+0000] {logging_mixin.py:120} INFO - [2024-07-26T02:58:11.624+0000] {dagbag.py:537} INFO - Filling up the DagBag from /home/airflow/.local/lib/python3.7/site-packages/airflow/example_dags/example_xcom.py
[2024-07-26T02:58:11.637+0000] {processor.py:766} INFO - DAG(s) dict_keys(['example_xcom']) retrieved from /home/airflow/.local/lib/python3.7/site-packages/airflow/example_dags/example_xcom.py
[2024-07-26T02:58:11.668+0000] {logging_mixin.py:120} INFO - [2024-07-26T02:58:11.668+0000] {dag.py:2585} INFO - Sync 1 DAGs
[2024-07-26T02:58:11.686+0000] {logging_mixin.py:120} INFO - [2024-07-26T02:58:11.686+0000] {dag.py:3340} INFO - Setting next_dagrun for example_xcom to 2021-01-01T00:00:00+00:00, run_after=2021-01-01T00:00:00+00:00
[2024-07-26T02:58:11.702+0000] {processor.py:176} INFO - Processing /home/airflow/.local/lib/python3.7/site-packages/airflow/example_dags/example_xcom.py took 0.082 seconds
[2024-07-26T03:01:34.393+0000] {processor.py:154} INFO - Started process (PID=5281) to work on /home/airflow/.local/lib/python3.7/site-packages/airflow/example_dags/example_xcom.py
[2024-07-26T03:01:34.396+0000] {processor.py:756} INFO - Processing file /home/airflow/.local/lib/python3.7/site-packages/airflow/example_dags/example_xcom.py for tasks to queue
[2024-07-26T03:01:34.400+0000] {logging_mixin.py:120} INFO - [2024-07-26T03:01:34.400+0000] {dagbag.py:537} INFO - Filling up the DagBag from /home/airflow/.local/lib/python3.7/site-packages/airflow/example_dags/example_xcom.py
[2024-07-26T03:01:34.427+0000] {processor.py:766} INFO - DAG(s) dict_keys(['example_xcom']) retrieved from /home/airflow/.local/lib/python3.7/site-packages/airflow/example_dags/example_xcom.py
[2024-07-26T03:01:34.462+0000] {logging_mixin.py:120} INFO - [2024-07-26T03:01:34.462+0000] {dag.py:2585} INFO - Sync 1 DAGs
[2024-07-26T03:01:34.479+0000] {logging_mixin.py:120} INFO - [2024-07-26T03:01:34.479+0000] {dag.py:3340} INFO - Setting next_dagrun for example_xcom to 2021-01-01T00:00:00+00:00, run_after=2021-01-01T00:00:00+00:00
[2024-07-26T03:01:34.505+0000] {processor.py:176} INFO - Processing /home/airflow/.local/lib/python3.7/site-packages/airflow/example_dags/example_xcom.py took 0.116 seconds
[2024-07-26T03:15:40.824+0000] {processor.py:154} INFO - Started process (PID=5345) to work on /home/airflow/.local/lib/python3.7/site-packages/airflow/example_dags/example_xcom.py
[2024-07-26T03:15:40.827+0000] {processor.py:756} INFO - Processing file /home/airflow/.local/lib/python3.7/site-packages/airflow/example_dags/example_xcom.py for tasks to queue
[2024-07-26T03:15:40.827+0000] {logging_mixin.py:120} INFO - [2024-07-26T03:15:40.827+0000] {dagbag.py:537} INFO - Filling up the DagBag from /home/airflow/.local/lib/python3.7/site-packages/airflow/example_dags/example_xcom.py
[2024-07-26T03:15:40.847+0000] {processor.py:766} INFO - DAG(s) dict_keys(['example_xcom']) retrieved from /home/airflow/.local/lib/python3.7/site-packages/airflow/example_dags/example_xcom.py
[2024-07-26T03:15:40.881+0000] {logging_mixin.py:120} INFO - [2024-07-26T03:15:40.881+0000] {dag.py:2585} INFO - Sync 1 DAGs
[2024-07-26T03:15:40.896+0000] {logging_mixin.py:120} INFO - [2024-07-26T03:15:40.896+0000] {dag.py:3340} INFO - Setting next_dagrun for example_xcom to 2021-01-01T00:00:00+00:00, run_after=2021-01-01T00:00:00+00:00
[2024-07-26T03:15:40.921+0000] {processor.py:176} INFO - Processing /home/airflow/.local/lib/python3.7/site-packages/airflow/example_dags/example_xcom.py took 0.099 seconds
[2024-07-26T03:32:15.945+0000] {processor.py:154} INFO - Started process (PID=5400) to work on /home/airflow/.local/lib/python3.7/site-packages/airflow/example_dags/example_xcom.py
[2024-07-26T03:32:15.945+0000] {processor.py:756} INFO - Processing file /home/airflow/.local/lib/python3.7/site-packages/airflow/example_dags/example_xcom.py for tasks to queue
[2024-07-26T03:32:15.947+0000] {logging_mixin.py:120} INFO - [2024-07-26T03:32:15.947+0000] {dagbag.py:537} INFO - Filling up the DagBag from /home/airflow/.local/lib/python3.7/site-packages/airflow/example_dags/example_xcom.py
[2024-07-26T03:32:15.969+0000] {processor.py:766} INFO - DAG(s) dict_keys(['example_xcom']) retrieved from /home/airflow/.local/lib/python3.7/site-packages/airflow/example_dags/example_xcom.py
[2024-07-26T03:32:15.997+0000] {logging_mixin.py:120} INFO - [2024-07-26T03:32:15.996+0000] {dag.py:2585} INFO - Sync 1 DAGs
[2024-07-26T03:32:16.011+0000] {logging_mixin.py:120} INFO - [2024-07-26T03:32:16.011+0000] {dag.py:3340} INFO - Setting next_dagrun for example_xcom to 2021-01-01T00:00:00+00:00, run_after=2021-01-01T00:00:00+00:00
[2024-07-26T03:32:16.020+0000] {processor.py:176} INFO - Processing /home/airflow/.local/lib/python3.7/site-packages/airflow/example_dags/example_xcom.py took 0.077 seconds
[2024-07-26T03:56:58.801+0000] {processor.py:154} INFO - Started process (PID=5464) to work on /home/airflow/.local/lib/python3.7/site-packages/airflow/example_dags/example_xcom.py
[2024-07-26T03:56:58.804+0000] {processor.py:756} INFO - Processing file /home/airflow/.local/lib/python3.7/site-packages/airflow/example_dags/example_xcom.py for tasks to queue
[2024-07-26T03:56:58.808+0000] {logging_mixin.py:120} INFO - [2024-07-26T03:56:58.808+0000] {dagbag.py:537} INFO - Filling up the DagBag from /home/airflow/.local/lib/python3.7/site-packages/airflow/example_dags/example_xcom.py
[2024-07-26T03:56:58.828+0000] {processor.py:766} INFO - DAG(s) dict_keys(['example_xcom']) retrieved from /home/airflow/.local/lib/python3.7/site-packages/airflow/example_dags/example_xcom.py
[2024-07-26T03:56:58.854+0000] {logging_mixin.py:120} INFO - [2024-07-26T03:56:58.854+0000] {dag.py:2585} INFO - Sync 1 DAGs
[2024-07-26T03:56:58.870+0000] {logging_mixin.py:120} INFO - [2024-07-26T03:56:58.870+0000] {dag.py:3340} INFO - Setting next_dagrun for example_xcom to 2021-01-01T00:00:00+00:00, run_after=2021-01-01T00:00:00+00:00
[2024-07-26T03:56:58.889+0000] {processor.py:176} INFO - Processing /home/airflow/.local/lib/python3.7/site-packages/airflow/example_dags/example_xcom.py took 0.093 seconds
[2024-07-26T04:02:04.525+0000] {processor.py:154} INFO - Started process (PID=5528) to work on /home/airflow/.local/lib/python3.7/site-packages/airflow/example_dags/example_xcom.py
[2024-07-26T04:02:04.525+0000] {processor.py:756} INFO - Processing file /home/airflow/.local/lib/python3.7/site-packages/airflow/example_dags/example_xcom.py for tasks to queue
[2024-07-26T04:02:04.526+0000] {logging_mixin.py:120} INFO - [2024-07-26T04:02:04.526+0000] {dagbag.py:537} INFO - Filling up the DagBag from /home/airflow/.local/lib/python3.7/site-packages/airflow/example_dags/example_xcom.py
[2024-07-26T04:02:04.538+0000] {processor.py:766} INFO - DAG(s) dict_keys(['example_xcom']) retrieved from /home/airflow/.local/lib/python3.7/site-packages/airflow/example_dags/example_xcom.py
[2024-07-26T04:02:04.559+0000] {logging_mixin.py:120} INFO - [2024-07-26T04:02:04.558+0000] {dag.py:2585} INFO - Sync 1 DAGs
[2024-07-26T04:02:04.571+0000] {logging_mixin.py:120} INFO - [2024-07-26T04:02:04.571+0000] {dag.py:3340} INFO - Setting next_dagrun for example_xcom to 2021-01-01T00:00:00+00:00, run_after=2021-01-01T00:00:00+00:00
[2024-07-26T04:02:04.580+0000] {processor.py:176} INFO - Processing /home/airflow/.local/lib/python3.7/site-packages/airflow/example_dags/example_xcom.py took 0.057 seconds
[2024-07-26T04:04:17.082+0000] {processor.py:154} INFO - Started process (PID=5592) to work on /home/airflow/.local/lib/python3.7/site-packages/airflow/example_dags/example_xcom.py
[2024-07-26T04:04:17.084+0000] {processor.py:756} INFO - Processing file /home/airflow/.local/lib/python3.7/site-packages/airflow/example_dags/example_xcom.py for tasks to queue
[2024-07-26T04:04:17.085+0000] {logging_mixin.py:120} INFO - [2024-07-26T04:04:17.085+0000] {dagbag.py:537} INFO - Filling up the DagBag from /home/airflow/.local/lib/python3.7/site-packages/airflow/example_dags/example_xcom.py
[2024-07-26T04:04:17.102+0000] {processor.py:766} INFO - DAG(s) dict_keys(['example_xcom']) retrieved from /home/airflow/.local/lib/python3.7/site-packages/airflow/example_dags/example_xcom.py
[2024-07-26T04:04:17.133+0000] {logging_mixin.py:120} INFO - [2024-07-26T04:04:17.133+0000] {dag.py:2585} INFO - Sync 1 DAGs
[2024-07-26T04:04:17.156+0000] {logging_mixin.py:120} INFO - [2024-07-26T04:04:17.156+0000] {dag.py:3340} INFO - Setting next_dagrun for example_xcom to 2021-01-01T00:00:00+00:00, run_after=2021-01-01T00:00:00+00:00
[2024-07-26T04:04:17.169+0000] {processor.py:176} INFO - Processing /home/airflow/.local/lib/python3.7/site-packages/airflow/example_dags/example_xcom.py took 0.089 seconds
[2024-07-26T04:06:04.314+0000] {processor.py:154} INFO - Started process (PID=5655) to work on /home/airflow/.local/lib/python3.7/site-packages/airflow/example_dags/example_xcom.py
[2024-07-26T04:06:04.315+0000] {processor.py:756} INFO - Processing file /home/airflow/.local/lib/python3.7/site-packages/airflow/example_dags/example_xcom.py for tasks to queue
[2024-07-26T04:06:04.316+0000] {logging_mixin.py:120} INFO - [2024-07-26T04:06:04.316+0000] {dagbag.py:537} INFO - Filling up the DagBag from /home/airflow/.local/lib/python3.7/site-packages/airflow/example_dags/example_xcom.py
[2024-07-26T04:06:04.331+0000] {processor.py:766} INFO - DAG(s) dict_keys(['example_xcom']) retrieved from /home/airflow/.local/lib/python3.7/site-packages/airflow/example_dags/example_xcom.py
[2024-07-26T04:06:04.360+0000] {logging_mixin.py:120} INFO - [2024-07-26T04:06:04.360+0000] {dag.py:2585} INFO - Sync 1 DAGs
[2024-07-26T04:06:04.376+0000] {logging_mixin.py:120} INFO - [2024-07-26T04:06:04.376+0000] {dag.py:3340} INFO - Setting next_dagrun for example_xcom to 2021-01-01T00:00:00+00:00, run_after=2021-01-01T00:00:00+00:00
[2024-07-26T04:06:04.395+0000] {processor.py:176} INFO - Processing /home/airflow/.local/lib/python3.7/site-packages/airflow/example_dags/example_xcom.py took 0.083 seconds
[2024-07-26T04:08:05.603+0000] {processor.py:154} INFO - Started process (PID=5710) to work on /home/airflow/.local/lib/python3.7/site-packages/airflow/example_dags/example_xcom.py
[2024-07-26T04:08:05.604+0000] {processor.py:756} INFO - Processing file /home/airflow/.local/lib/python3.7/site-packages/airflow/example_dags/example_xcom.py for tasks to queue
[2024-07-26T04:08:05.604+0000] {logging_mixin.py:120} INFO - [2024-07-26T04:08:05.604+0000] {dagbag.py:537} INFO - Filling up the DagBag from /home/airflow/.local/lib/python3.7/site-packages/airflow/example_dags/example_xcom.py
[2024-07-26T04:08:05.615+0000] {processor.py:766} INFO - DAG(s) dict_keys(['example_xcom']) retrieved from /home/airflow/.local/lib/python3.7/site-packages/airflow/example_dags/example_xcom.py
[2024-07-26T04:08:05.636+0000] {logging_mixin.py:120} INFO - [2024-07-26T04:08:05.636+0000] {dag.py:2585} INFO - Sync 1 DAGs
[2024-07-26T04:08:05.647+0000] {logging_mixin.py:120} INFO - [2024-07-26T04:08:05.647+0000] {dag.py:3340} INFO - Setting next_dagrun for example_xcom to 2021-01-01T00:00:00+00:00, run_after=2021-01-01T00:00:00+00:00
[2024-07-26T04:08:05.656+0000] {processor.py:176} INFO - Processing /home/airflow/.local/lib/python3.7/site-packages/airflow/example_dags/example_xcom.py took 0.054 seconds
[2024-07-26T04:09:01.663+0000] {processor.py:154} INFO - Started process (PID=5774) to work on /home/airflow/.local/lib/python3.7/site-packages/airflow/example_dags/example_xcom.py
[2024-07-26T04:09:01.666+0000] {processor.py:756} INFO - Processing file /home/airflow/.local/lib/python3.7/site-packages/airflow/example_dags/example_xcom.py for tasks to queue
[2024-07-26T04:09:01.666+0000] {logging_mixin.py:120} INFO - [2024-07-26T04:09:01.666+0000] {dagbag.py:537} INFO - Filling up the DagBag from /home/airflow/.local/lib/python3.7/site-packages/airflow/example_dags/example_xcom.py
[2024-07-26T04:09:01.679+0000] {processor.py:766} INFO - DAG(s) dict_keys(['example_xcom']) retrieved from /home/airflow/.local/lib/python3.7/site-packages/airflow/example_dags/example_xcom.py
[2024-07-26T04:09:01.710+0000] {logging_mixin.py:120} INFO - [2024-07-26T04:09:01.710+0000] {dag.py:2585} INFO - Sync 1 DAGs
[2024-07-26T04:09:01.728+0000] {logging_mixin.py:120} INFO - [2024-07-26T04:09:01.728+0000] {dag.py:3340} INFO - Setting next_dagrun for example_xcom to 2021-01-01T00:00:00+00:00, run_after=2021-01-01T00:00:00+00:00
[2024-07-26T04:09:01.737+0000] {processor.py:176} INFO - Processing /home/airflow/.local/lib/python3.7/site-packages/airflow/example_dags/example_xcom.py took 0.075 seconds
[2024-07-26T04:10:11.215+0000] {processor.py:154} INFO - Started process (PID=5839) to work on /home/airflow/.local/lib/python3.7/site-packages/airflow/example_dags/example_xcom.py
[2024-07-26T04:10:11.216+0000] {processor.py:756} INFO - Processing file /home/airflow/.local/lib/python3.7/site-packages/airflow/example_dags/example_xcom.py for tasks to queue
[2024-07-26T04:10:11.216+0000] {logging_mixin.py:120} INFO - [2024-07-26T04:10:11.216+0000] {dagbag.py:537} INFO - Filling up the DagBag from /home/airflow/.local/lib/python3.7/site-packages/airflow/example_dags/example_xcom.py
[2024-07-26T04:10:11.231+0000] {processor.py:766} INFO - DAG(s) dict_keys(['example_xcom']) retrieved from /home/airflow/.local/lib/python3.7/site-packages/airflow/example_dags/example_xcom.py
[2024-07-26T04:10:11.256+0000] {logging_mixin.py:120} INFO - [2024-07-26T04:10:11.256+0000] {dag.py:2585} INFO - Sync 1 DAGs
[2024-07-26T04:10:11.276+0000] {logging_mixin.py:120} INFO - [2024-07-26T04:10:11.276+0000] {dag.py:3340} INFO - Setting next_dagrun for example_xcom to 2021-01-01T00:00:00+00:00, run_after=2021-01-01T00:00:00+00:00
[2024-07-26T04:10:11.292+0000] {processor.py:176} INFO - Processing /home/airflow/.local/lib/python3.7/site-packages/airflow/example_dags/example_xcom.py took 0.079 seconds
[2024-07-26T04:11:37.575+0000] {processor.py:154} INFO - Started process (PID=5903) to work on /home/airflow/.local/lib/python3.7/site-packages/airflow/example_dags/example_xcom.py
[2024-07-26T04:11:37.576+0000] {processor.py:756} INFO - Processing file /home/airflow/.local/lib/python3.7/site-packages/airflow/example_dags/example_xcom.py for tasks to queue
[2024-07-26T04:11:37.576+0000] {logging_mixin.py:120} INFO - [2024-07-26T04:11:37.576+0000] {dagbag.py:537} INFO - Filling up the DagBag from /home/airflow/.local/lib/python3.7/site-packages/airflow/example_dags/example_xcom.py
[2024-07-26T04:11:37.588+0000] {processor.py:766} INFO - DAG(s) dict_keys(['example_xcom']) retrieved from /home/airflow/.local/lib/python3.7/site-packages/airflow/example_dags/example_xcom.py
[2024-07-26T04:11:37.616+0000] {logging_mixin.py:120} INFO - [2024-07-26T04:11:37.616+0000] {dag.py:2585} INFO - Sync 1 DAGs
[2024-07-26T04:11:37.636+0000] {logging_mixin.py:120} INFO - [2024-07-26T04:11:37.636+0000] {dag.py:3340} INFO - Setting next_dagrun for example_xcom to 2021-01-01T00:00:00+00:00, run_after=2021-01-01T00:00:00+00:00
[2024-07-26T04:11:37.652+0000] {processor.py:176} INFO - Processing /home/airflow/.local/lib/python3.7/site-packages/airflow/example_dags/example_xcom.py took 0.079 seconds
[2024-07-26T04:12:21.183+0000] {processor.py:154} INFO - Started process (PID=5965) to work on /home/airflow/.local/lib/python3.7/site-packages/airflow/example_dags/example_xcom.py
[2024-07-26T04:12:21.184+0000] {processor.py:756} INFO - Processing file /home/airflow/.local/lib/python3.7/site-packages/airflow/example_dags/example_xcom.py for tasks to queue
[2024-07-26T04:12:21.185+0000] {logging_mixin.py:120} INFO - [2024-07-26T04:12:21.185+0000] {dagbag.py:537} INFO - Filling up the DagBag from /home/airflow/.local/lib/python3.7/site-packages/airflow/example_dags/example_xcom.py
[2024-07-26T04:12:21.200+0000] {processor.py:766} INFO - DAG(s) dict_keys(['example_xcom']) retrieved from /home/airflow/.local/lib/python3.7/site-packages/airflow/example_dags/example_xcom.py
[2024-07-26T04:12:21.223+0000] {logging_mixin.py:120} INFO - [2024-07-26T04:12:21.223+0000] {dag.py:2585} INFO - Sync 1 DAGs
[2024-07-26T04:12:21.240+0000] {logging_mixin.py:120} INFO - [2024-07-26T04:12:21.240+0000] {dag.py:3340} INFO - Setting next_dagrun for example_xcom to 2021-01-01T00:00:00+00:00, run_after=2021-01-01T00:00:00+00:00
[2024-07-26T04:12:21.256+0000] {processor.py:176} INFO - Processing /home/airflow/.local/lib/python3.7/site-packages/airflow/example_dags/example_xcom.py took 0.075 seconds
[2024-07-26T04:13:14.431+0000] {processor.py:154} INFO - Started process (PID=6022) to work on /home/airflow/.local/lib/python3.7/site-packages/airflow/example_dags/example_xcom.py
[2024-07-26T04:13:14.432+0000] {processor.py:756} INFO - Processing file /home/airflow/.local/lib/python3.7/site-packages/airflow/example_dags/example_xcom.py for tasks to queue
[2024-07-26T04:13:14.432+0000] {logging_mixin.py:120} INFO - [2024-07-26T04:13:14.432+0000] {dagbag.py:537} INFO - Filling up the DagBag from /home/airflow/.local/lib/python3.7/site-packages/airflow/example_dags/example_xcom.py
[2024-07-26T04:13:14.444+0000] {processor.py:766} INFO - DAG(s) dict_keys(['example_xcom']) retrieved from /home/airflow/.local/lib/python3.7/site-packages/airflow/example_dags/example_xcom.py
[2024-07-26T04:13:14.466+0000] {logging_mixin.py:120} INFO - [2024-07-26T04:13:14.465+0000] {dag.py:2585} INFO - Sync 1 DAGs
[2024-07-26T04:13:14.477+0000] {logging_mixin.py:120} INFO - [2024-07-26T04:13:14.477+0000] {dag.py:3340} INFO - Setting next_dagrun for example_xcom to 2021-01-01T00:00:00+00:00, run_after=2021-01-01T00:00:00+00:00
[2024-07-26T04:13:14.485+0000] {processor.py:176} INFO - Processing /home/airflow/.local/lib/python3.7/site-packages/airflow/example_dags/example_xcom.py took 0.055 seconds
[2024-07-26T04:14:05.287+0000] {processor.py:154} INFO - Started process (PID=6085) to work on /home/airflow/.local/lib/python3.7/site-packages/airflow/example_dags/example_xcom.py
[2024-07-26T04:14:05.287+0000] {processor.py:756} INFO - Processing file /home/airflow/.local/lib/python3.7/site-packages/airflow/example_dags/example_xcom.py for tasks to queue
[2024-07-26T04:14:05.288+0000] {logging_mixin.py:120} INFO - [2024-07-26T04:14:05.288+0000] {dagbag.py:537} INFO - Filling up the DagBag from /home/airflow/.local/lib/python3.7/site-packages/airflow/example_dags/example_xcom.py
[2024-07-26T04:14:05.300+0000] {processor.py:766} INFO - DAG(s) dict_keys(['example_xcom']) retrieved from /home/airflow/.local/lib/python3.7/site-packages/airflow/example_dags/example_xcom.py
[2024-07-26T04:14:05.324+0000] {logging_mixin.py:120} INFO - [2024-07-26T04:14:05.323+0000] {dag.py:2585} INFO - Sync 1 DAGs
[2024-07-26T04:14:05.337+0000] {logging_mixin.py:120} INFO - [2024-07-26T04:14:05.337+0000] {dag.py:3340} INFO - Setting next_dagrun for example_xcom to 2021-01-01T00:00:00+00:00, run_after=2021-01-01T00:00:00+00:00
[2024-07-26T04:14:05.348+0000] {processor.py:176} INFO - Processing /home/airflow/.local/lib/python3.7/site-packages/airflow/example_dags/example_xcom.py took 0.062 seconds
[2024-07-26T04:18:33.879+0000] {processor.py:154} INFO - Started process (PID=6149) to work on /home/airflow/.local/lib/python3.7/site-packages/airflow/example_dags/example_xcom.py
[2024-07-26T04:18:33.881+0000] {processor.py:756} INFO - Processing file /home/airflow/.local/lib/python3.7/site-packages/airflow/example_dags/example_xcom.py for tasks to queue
[2024-07-26T04:18:33.882+0000] {logging_mixin.py:120} INFO - [2024-07-26T04:18:33.882+0000] {dagbag.py:537} INFO - Filling up the DagBag from /home/airflow/.local/lib/python3.7/site-packages/airflow/example_dags/example_xcom.py
[2024-07-26T04:18:33.900+0000] {processor.py:766} INFO - DAG(s) dict_keys(['example_xcom']) retrieved from /home/airflow/.local/lib/python3.7/site-packages/airflow/example_dags/example_xcom.py
[2024-07-26T04:18:33.930+0000] {logging_mixin.py:120} INFO - [2024-07-26T04:18:33.930+0000] {dag.py:2585} INFO - Sync 1 DAGs
[2024-07-26T04:18:33.949+0000] {logging_mixin.py:120} INFO - [2024-07-26T04:18:33.948+0000] {dag.py:3340} INFO - Setting next_dagrun for example_xcom to 2021-01-01T00:00:00+00:00, run_after=2021-01-01T00:00:00+00:00
[2024-07-26T04:18:33.967+0000] {processor.py:176} INFO - Processing /home/airflow/.local/lib/python3.7/site-packages/airflow/example_dags/example_xcom.py took 0.090 seconds
[2024-07-26T04:19:16.148+0000] {processor.py:154} INFO - Started process (PID=6213) to work on /home/airflow/.local/lib/python3.7/site-packages/airflow/example_dags/example_xcom.py
[2024-07-26T04:19:16.149+0000] {processor.py:756} INFO - Processing file /home/airflow/.local/lib/python3.7/site-packages/airflow/example_dags/example_xcom.py for tasks to queue
[2024-07-26T04:19:16.150+0000] {logging_mixin.py:120} INFO - [2024-07-26T04:19:16.150+0000] {dagbag.py:537} INFO - Filling up the DagBag from /home/airflow/.local/lib/python3.7/site-packages/airflow/example_dags/example_xcom.py
[2024-07-26T04:19:16.163+0000] {processor.py:766} INFO - DAG(s) dict_keys(['example_xcom']) retrieved from /home/airflow/.local/lib/python3.7/site-packages/airflow/example_dags/example_xcom.py
[2024-07-26T04:19:16.196+0000] {logging_mixin.py:120} INFO - [2024-07-26T04:19:16.196+0000] {dag.py:2585} INFO - Sync 1 DAGs
[2024-07-26T04:19:16.212+0000] {logging_mixin.py:120} INFO - [2024-07-26T04:19:16.212+0000] {dag.py:3340} INFO - Setting next_dagrun for example_xcom to 2021-01-01T00:00:00+00:00, run_after=2021-01-01T00:00:00+00:00
[2024-07-26T04:19:16.225+0000] {processor.py:176} INFO - Processing /home/airflow/.local/lib/python3.7/site-packages/airflow/example_dags/example_xcom.py took 0.078 seconds
[2024-07-26T04:20:37.713+0000] {processor.py:154} INFO - Started process (PID=6268) to work on /home/airflow/.local/lib/python3.7/site-packages/airflow/example_dags/example_xcom.py
[2024-07-26T04:20:37.714+0000] {processor.py:756} INFO - Processing file /home/airflow/.local/lib/python3.7/site-packages/airflow/example_dags/example_xcom.py for tasks to queue
[2024-07-26T04:20:37.715+0000] {logging_mixin.py:120} INFO - [2024-07-26T04:20:37.715+0000] {dagbag.py:537} INFO - Filling up the DagBag from /home/airflow/.local/lib/python3.7/site-packages/airflow/example_dags/example_xcom.py
[2024-07-26T04:20:37.727+0000] {processor.py:766} INFO - DAG(s) dict_keys(['example_xcom']) retrieved from /home/airflow/.local/lib/python3.7/site-packages/airflow/example_dags/example_xcom.py
[2024-07-26T04:20:37.758+0000] {logging_mixin.py:120} INFO - [2024-07-26T04:20:37.758+0000] {dag.py:2585} INFO - Sync 1 DAGs
[2024-07-26T04:20:37.770+0000] {logging_mixin.py:120} INFO - [2024-07-26T04:20:37.770+0000] {dag.py:3340} INFO - Setting next_dagrun for example_xcom to 2021-01-01T00:00:00+00:00, run_after=2021-01-01T00:00:00+00:00
[2024-07-26T04:20:37.783+0000] {processor.py:176} INFO - Processing /home/airflow/.local/lib/python3.7/site-packages/airflow/example_dags/example_xcom.py took 0.071 seconds
[2024-07-26T04:21:41.718+0000] {processor.py:154} INFO - Started process (PID=6331) to work on /home/airflow/.local/lib/python3.7/site-packages/airflow/example_dags/example_xcom.py
[2024-07-26T04:21:41.719+0000] {processor.py:756} INFO - Processing file /home/airflow/.local/lib/python3.7/site-packages/airflow/example_dags/example_xcom.py for tasks to queue
[2024-07-26T04:21:41.719+0000] {logging_mixin.py:120} INFO - [2024-07-26T04:21:41.719+0000] {dagbag.py:537} INFO - Filling up the DagBag from /home/airflow/.local/lib/python3.7/site-packages/airflow/example_dags/example_xcom.py
[2024-07-26T04:21:41.731+0000] {processor.py:766} INFO - DAG(s) dict_keys(['example_xcom']) retrieved from /home/airflow/.local/lib/python3.7/site-packages/airflow/example_dags/example_xcom.py
[2024-07-26T04:21:41.760+0000] {logging_mixin.py:120} INFO - [2024-07-26T04:21:41.760+0000] {dag.py:2585} INFO - Sync 1 DAGs
[2024-07-26T04:21:41.774+0000] {logging_mixin.py:120} INFO - [2024-07-26T04:21:41.774+0000] {dag.py:3340} INFO - Setting next_dagrun for example_xcom to 2021-01-01T00:00:00+00:00, run_after=2021-01-01T00:00:00+00:00
[2024-07-26T04:21:41.786+0000] {processor.py:176} INFO - Processing /home/airflow/.local/lib/python3.7/site-packages/airflow/example_dags/example_xcom.py took 0.069 seconds
[2024-07-26T04:22:48.047+0000] {processor.py:154} INFO - Started process (PID=6395) to work on /home/airflow/.local/lib/python3.7/site-packages/airflow/example_dags/example_xcom.py
[2024-07-26T04:22:48.048+0000] {processor.py:756} INFO - Processing file /home/airflow/.local/lib/python3.7/site-packages/airflow/example_dags/example_xcom.py for tasks to queue
[2024-07-26T04:22:48.048+0000] {logging_mixin.py:120} INFO - [2024-07-26T04:22:48.048+0000] {dagbag.py:537} INFO - Filling up the DagBag from /home/airflow/.local/lib/python3.7/site-packages/airflow/example_dags/example_xcom.py
[2024-07-26T04:22:48.061+0000] {processor.py:766} INFO - DAG(s) dict_keys(['example_xcom']) retrieved from /home/airflow/.local/lib/python3.7/site-packages/airflow/example_dags/example_xcom.py
[2024-07-26T04:22:48.082+0000] {logging_mixin.py:120} INFO - [2024-07-26T04:22:48.082+0000] {dag.py:2585} INFO - Sync 1 DAGs
[2024-07-26T04:22:48.094+0000] {logging_mixin.py:120} INFO - [2024-07-26T04:22:48.094+0000] {dag.py:3340} INFO - Setting next_dagrun for example_xcom to 2021-01-01T00:00:00+00:00, run_after=2021-01-01T00:00:00+00:00
[2024-07-26T04:22:48.105+0000] {processor.py:176} INFO - Processing /home/airflow/.local/lib/python3.7/site-packages/airflow/example_dags/example_xcom.py took 0.059 seconds
[2024-07-26T04:34:00.897+0000] {processor.py:154} INFO - Started process (PID=6459) to work on /home/airflow/.local/lib/python3.7/site-packages/airflow/example_dags/example_xcom.py
[2024-07-26T04:34:00.900+0000] {processor.py:756} INFO - Processing file /home/airflow/.local/lib/python3.7/site-packages/airflow/example_dags/example_xcom.py for tasks to queue
[2024-07-26T04:34:00.901+0000] {logging_mixin.py:120} INFO - [2024-07-26T04:34:00.901+0000] {dagbag.py:537} INFO - Filling up the DagBag from /home/airflow/.local/lib/python3.7/site-packages/airflow/example_dags/example_xcom.py
[2024-07-26T04:34:00.917+0000] {processor.py:766} INFO - DAG(s) dict_keys(['example_xcom']) retrieved from /home/airflow/.local/lib/python3.7/site-packages/airflow/example_dags/example_xcom.py
[2024-07-26T04:34:00.967+0000] {logging_mixin.py:120} INFO - [2024-07-26T04:34:00.967+0000] {dag.py:2585} INFO - Sync 1 DAGs
[2024-07-26T04:34:00.999+0000] {logging_mixin.py:120} INFO - [2024-07-26T04:34:00.999+0000] {dag.py:3340} INFO - Setting next_dagrun for example_xcom to 2021-01-01T00:00:00+00:00, run_after=2021-01-01T00:00:00+00:00
[2024-07-26T04:34:01.025+0000] {processor.py:176} INFO - Processing /home/airflow/.local/lib/python3.7/site-packages/airflow/example_dags/example_xcom.py took 0.130 seconds
[2024-07-26T04:49:13.286+0000] {processor.py:154} INFO - Started process (PID=6523) to work on /home/airflow/.local/lib/python3.7/site-packages/airflow/example_dags/example_xcom.py
[2024-07-26T04:49:13.291+0000] {processor.py:756} INFO - Processing file /home/airflow/.local/lib/python3.7/site-packages/airflow/example_dags/example_xcom.py for tasks to queue
[2024-07-26T04:49:13.297+0000] {logging_mixin.py:120} INFO - [2024-07-26T04:49:13.296+0000] {dagbag.py:537} INFO - Filling up the DagBag from /home/airflow/.local/lib/python3.7/site-packages/airflow/example_dags/example_xcom.py
[2024-07-26T04:49:13.322+0000] {processor.py:766} INFO - DAG(s) dict_keys(['example_xcom']) retrieved from /home/airflow/.local/lib/python3.7/site-packages/airflow/example_dags/example_xcom.py
[2024-07-26T04:49:13.360+0000] {logging_mixin.py:120} INFO - [2024-07-26T04:49:13.360+0000] {dag.py:2585} INFO - Sync 1 DAGs
[2024-07-26T04:49:13.375+0000] {logging_mixin.py:120} INFO - [2024-07-26T04:49:13.375+0000] {dag.py:3340} INFO - Setting next_dagrun for example_xcom to 2021-01-01T00:00:00+00:00, run_after=2021-01-01T00:00:00+00:00
[2024-07-26T04:49:13.391+0000] {processor.py:176} INFO - Processing /home/airflow/.local/lib/python3.7/site-packages/airflow/example_dags/example_xcom.py took 0.106 seconds
[2024-07-26T04:53:38.081+0000] {processor.py:154} INFO - Started process (PID=6578) to work on /home/airflow/.local/lib/python3.7/site-packages/airflow/example_dags/example_xcom.py
[2024-07-26T04:53:38.087+0000] {processor.py:756} INFO - Processing file /home/airflow/.local/lib/python3.7/site-packages/airflow/example_dags/example_xcom.py for tasks to queue
[2024-07-26T04:53:38.089+0000] {logging_mixin.py:120} INFO - [2024-07-26T04:53:38.089+0000] {dagbag.py:537} INFO - Filling up the DagBag from /home/airflow/.local/lib/python3.7/site-packages/airflow/example_dags/example_xcom.py
[2024-07-26T04:53:38.107+0000] {processor.py:766} INFO - DAG(s) dict_keys(['example_xcom']) retrieved from /home/airflow/.local/lib/python3.7/site-packages/airflow/example_dags/example_xcom.py
[2024-07-26T04:53:38.146+0000] {logging_mixin.py:120} INFO - [2024-07-26T04:53:38.146+0000] {dag.py:2585} INFO - Sync 1 DAGs
[2024-07-26T04:53:38.166+0000] {logging_mixin.py:120} INFO - [2024-07-26T04:53:38.165+0000] {dag.py:3340} INFO - Setting next_dagrun for example_xcom to 2021-01-01T00:00:00+00:00, run_after=2021-01-01T00:00:00+00:00
[2024-07-26T04:53:38.184+0000] {processor.py:176} INFO - Processing /home/airflow/.local/lib/python3.7/site-packages/airflow/example_dags/example_xcom.py took 0.110 seconds
[2024-07-26T05:02:50.303+0000] {processor.py:154} INFO - Started process (PID=6642) to work on /home/airflow/.local/lib/python3.7/site-packages/airflow/example_dags/example_xcom.py
[2024-07-26T05:02:50.304+0000] {processor.py:756} INFO - Processing file /home/airflow/.local/lib/python3.7/site-packages/airflow/example_dags/example_xcom.py for tasks to queue
[2024-07-26T05:02:50.305+0000] {logging_mixin.py:120} INFO - [2024-07-26T05:02:50.305+0000] {dagbag.py:537} INFO - Filling up the DagBag from /home/airflow/.local/lib/python3.7/site-packages/airflow/example_dags/example_xcom.py
[2024-07-26T05:02:50.326+0000] {processor.py:766} INFO - DAG(s) dict_keys(['example_xcom']) retrieved from /home/airflow/.local/lib/python3.7/site-packages/airflow/example_dags/example_xcom.py
[2024-07-26T05:02:50.367+0000] {logging_mixin.py:120} INFO - [2024-07-26T05:02:50.367+0000] {dag.py:2585} INFO - Sync 1 DAGs
[2024-07-26T05:02:50.386+0000] {logging_mixin.py:120} INFO - [2024-07-26T05:02:50.386+0000] {dag.py:3340} INFO - Setting next_dagrun for example_xcom to 2021-01-01T00:00:00+00:00, run_after=2021-01-01T00:00:00+00:00
[2024-07-26T05:02:50.409+0000] {processor.py:176} INFO - Processing /home/airflow/.local/lib/python3.7/site-packages/airflow/example_dags/example_xcom.py took 0.110 seconds
[2024-07-26T05:15:52.577+0000] {processor.py:154} INFO - Started process (PID=6706) to work on /home/airflow/.local/lib/python3.7/site-packages/airflow/example_dags/example_xcom.py
[2024-07-26T05:15:52.580+0000] {processor.py:756} INFO - Processing file /home/airflow/.local/lib/python3.7/site-packages/airflow/example_dags/example_xcom.py for tasks to queue
[2024-07-26T05:15:52.581+0000] {logging_mixin.py:120} INFO - [2024-07-26T05:15:52.581+0000] {dagbag.py:537} INFO - Filling up the DagBag from /home/airflow/.local/lib/python3.7/site-packages/airflow/example_dags/example_xcom.py
[2024-07-26T05:15:52.609+0000] {processor.py:766} INFO - DAG(s) dict_keys(['example_xcom']) retrieved from /home/airflow/.local/lib/python3.7/site-packages/airflow/example_dags/example_xcom.py
[2024-07-26T05:15:52.659+0000] {logging_mixin.py:120} INFO - [2024-07-26T05:15:52.659+0000] {dag.py:2585} INFO - Sync 1 DAGs
[2024-07-26T05:15:52.676+0000] {logging_mixin.py:120} INFO - [2024-07-26T05:15:52.676+0000] {dag.py:3340} INFO - Setting next_dagrun for example_xcom to 2021-01-01T00:00:00+00:00, run_after=2021-01-01T00:00:00+00:00
[2024-07-26T05:15:52.697+0000] {processor.py:176} INFO - Processing /home/airflow/.local/lib/python3.7/site-packages/airflow/example_dags/example_xcom.py took 0.125 seconds
[2024-07-26T05:33:29.414+0000] {processor.py:154} INFO - Started process (PID=6770) to work on /home/airflow/.local/lib/python3.7/site-packages/airflow/example_dags/example_xcom.py
[2024-07-26T05:33:29.419+0000] {processor.py:756} INFO - Processing file /home/airflow/.local/lib/python3.7/site-packages/airflow/example_dags/example_xcom.py for tasks to queue
[2024-07-26T05:33:29.422+0000] {logging_mixin.py:120} INFO - [2024-07-26T05:33:29.421+0000] {dagbag.py:537} INFO - Filling up the DagBag from /home/airflow/.local/lib/python3.7/site-packages/airflow/example_dags/example_xcom.py
[2024-07-26T05:33:29.452+0000] {processor.py:766} INFO - DAG(s) dict_keys(['example_xcom']) retrieved from /home/airflow/.local/lib/python3.7/site-packages/airflow/example_dags/example_xcom.py
[2024-07-26T05:33:29.495+0000] {logging_mixin.py:120} INFO - [2024-07-26T05:33:29.495+0000] {dag.py:2585} INFO - Sync 1 DAGs
[2024-07-26T05:33:29.528+0000] {logging_mixin.py:120} INFO - [2024-07-26T05:33:29.528+0000] {dag.py:3340} INFO - Setting next_dagrun for example_xcom to 2021-01-01T00:00:00+00:00, run_after=2021-01-01T00:00:00+00:00
[2024-07-26T05:33:29.548+0000] {processor.py:176} INFO - Processing /home/airflow/.local/lib/python3.7/site-packages/airflow/example_dags/example_xcom.py took 0.139 seconds
[2024-07-26T06:09:36.797+0000] {processor.py:154} INFO - Started process (PID=6833) to work on /home/airflow/.local/lib/python3.7/site-packages/airflow/example_dags/example_xcom.py
[2024-07-26T06:09:36.798+0000] {processor.py:756} INFO - Processing file /home/airflow/.local/lib/python3.7/site-packages/airflow/example_dags/example_xcom.py for tasks to queue
[2024-07-26T06:09:36.800+0000] {logging_mixin.py:120} INFO - [2024-07-26T06:09:36.799+0000] {dagbag.py:537} INFO - Filling up the DagBag from /home/airflow/.local/lib/python3.7/site-packages/airflow/example_dags/example_xcom.py
[2024-07-26T06:09:36.816+0000] {processor.py:766} INFO - DAG(s) dict_keys(['example_xcom']) retrieved from /home/airflow/.local/lib/python3.7/site-packages/airflow/example_dags/example_xcom.py
[2024-07-26T06:09:36.858+0000] {logging_mixin.py:120} INFO - [2024-07-26T06:09:36.858+0000] {dag.py:2585} INFO - Sync 1 DAGs
[2024-07-26T06:09:36.876+0000] {logging_mixin.py:120} INFO - [2024-07-26T06:09:36.876+0000] {dag.py:3340} INFO - Setting next_dagrun for example_xcom to 2021-01-01T00:00:00+00:00, run_after=2021-01-01T00:00:00+00:00
[2024-07-26T06:09:36.908+0000] {processor.py:176} INFO - Processing /home/airflow/.local/lib/python3.7/site-packages/airflow/example_dags/example_xcom.py took 0.112 seconds
[2024-07-26T07:10:33.790+0000] {processor.py:154} INFO - Started process (PID=6888) to work on /home/airflow/.local/lib/python3.7/site-packages/airflow/example_dags/example_xcom.py
[2024-07-26T07:10:33.793+0000] {processor.py:756} INFO - Processing file /home/airflow/.local/lib/python3.7/site-packages/airflow/example_dags/example_xcom.py for tasks to queue
[2024-07-26T07:10:33.794+0000] {logging_mixin.py:120} INFO - [2024-07-26T07:10:33.793+0000] {dagbag.py:537} INFO - Filling up the DagBag from /home/airflow/.local/lib/python3.7/site-packages/airflow/example_dags/example_xcom.py
[2024-07-26T07:10:33.811+0000] {processor.py:766} INFO - DAG(s) dict_keys(['example_xcom']) retrieved from /home/airflow/.local/lib/python3.7/site-packages/airflow/example_dags/example_xcom.py
[2024-07-26T07:10:33.849+0000] {logging_mixin.py:120} INFO - [2024-07-26T07:10:33.849+0000] {dag.py:2585} INFO - Sync 1 DAGs
[2024-07-26T07:10:33.864+0000] {logging_mixin.py:120} INFO - [2024-07-26T07:10:33.864+0000] {dag.py:3340} INFO - Setting next_dagrun for example_xcom to 2021-01-01T00:00:00+00:00, run_after=2021-01-01T00:00:00+00:00
[2024-07-26T07:10:33.879+0000] {processor.py:176} INFO - Processing /home/airflow/.local/lib/python3.7/site-packages/airflow/example_dags/example_xcom.py took 0.091 seconds
[2024-07-26T08:11:48.110+0000] {processor.py:154} INFO - Started process (PID=6952) to work on /home/airflow/.local/lib/python3.7/site-packages/airflow/example_dags/example_xcom.py
[2024-07-26T08:11:48.113+0000] {processor.py:756} INFO - Processing file /home/airflow/.local/lib/python3.7/site-packages/airflow/example_dags/example_xcom.py for tasks to queue
[2024-07-26T08:11:48.114+0000] {logging_mixin.py:120} INFO - [2024-07-26T08:11:48.114+0000] {dagbag.py:537} INFO - Filling up the DagBag from /home/airflow/.local/lib/python3.7/site-packages/airflow/example_dags/example_xcom.py
[2024-07-26T08:11:48.127+0000] {processor.py:766} INFO - DAG(s) dict_keys(['example_xcom']) retrieved from /home/airflow/.local/lib/python3.7/site-packages/airflow/example_dags/example_xcom.py
[2024-07-26T08:11:48.160+0000] {logging_mixin.py:120} INFO - [2024-07-26T08:11:48.159+0000] {dag.py:2585} INFO - Sync 1 DAGs
[2024-07-26T08:11:48.178+0000] {logging_mixin.py:120} INFO - [2024-07-26T08:11:48.178+0000] {dag.py:3340} INFO - Setting next_dagrun for example_xcom to 2021-01-01T00:00:00+00:00, run_after=2021-01-01T00:00:00+00:00
[2024-07-26T08:11:48.196+0000] {processor.py:176} INFO - Processing /home/airflow/.local/lib/python3.7/site-packages/airflow/example_dags/example_xcom.py took 0.088 seconds
[2024-07-26T08:36:11.966+0000] {processor.py:154} INFO - Started process (PID=7016) to work on /home/airflow/.local/lib/python3.7/site-packages/airflow/example_dags/example_xcom.py
[2024-07-26T08:36:11.968+0000] {processor.py:756} INFO - Processing file /home/airflow/.local/lib/python3.7/site-packages/airflow/example_dags/example_xcom.py for tasks to queue
[2024-07-26T08:36:11.969+0000] {logging_mixin.py:120} INFO - [2024-07-26T08:36:11.969+0000] {dagbag.py:537} INFO - Filling up the DagBag from /home/airflow/.local/lib/python3.7/site-packages/airflow/example_dags/example_xcom.py
[2024-07-26T08:36:11.982+0000] {processor.py:766} INFO - DAG(s) dict_keys(['example_xcom']) retrieved from /home/airflow/.local/lib/python3.7/site-packages/airflow/example_dags/example_xcom.py
[2024-07-26T08:36:12.017+0000] {logging_mixin.py:120} INFO - [2024-07-26T08:36:12.017+0000] {dag.py:2585} INFO - Sync 1 DAGs
[2024-07-26T08:36:12.030+0000] {logging_mixin.py:120} INFO - [2024-07-26T08:36:12.030+0000] {dag.py:3340} INFO - Setting next_dagrun for example_xcom to 2021-01-01T00:00:00+00:00, run_after=2021-01-01T00:00:00+00:00
[2024-07-26T08:36:12.055+0000] {processor.py:176} INFO - Processing /home/airflow/.local/lib/python3.7/site-packages/airflow/example_dags/example_xcom.py took 0.091 seconds
[2024-07-26T09:29:26.561+0000] {processor.py:154} INFO - Started process (PID=7080) to work on /home/airflow/.local/lib/python3.7/site-packages/airflow/example_dags/example_xcom.py
[2024-07-26T09:29:26.562+0000] {processor.py:756} INFO - Processing file /home/airflow/.local/lib/python3.7/site-packages/airflow/example_dags/example_xcom.py for tasks to queue
[2024-07-26T09:29:26.563+0000] {logging_mixin.py:120} INFO - [2024-07-26T09:29:26.563+0000] {dagbag.py:537} INFO - Filling up the DagBag from /home/airflow/.local/lib/python3.7/site-packages/airflow/example_dags/example_xcom.py
[2024-07-26T09:29:26.578+0000] {processor.py:766} INFO - DAG(s) dict_keys(['example_xcom']) retrieved from /home/airflow/.local/lib/python3.7/site-packages/airflow/example_dags/example_xcom.py
[2024-07-26T09:29:26.606+0000] {logging_mixin.py:120} INFO - [2024-07-26T09:29:26.606+0000] {dag.py:2585} INFO - Sync 1 DAGs
[2024-07-26T09:29:26.632+0000] {logging_mixin.py:120} INFO - [2024-07-26T09:29:26.632+0000] {dag.py:3340} INFO - Setting next_dagrun for example_xcom to 2021-01-01T00:00:00+00:00, run_after=2021-01-01T00:00:00+00:00
[2024-07-26T09:29:26.662+0000] {processor.py:176} INFO - Processing /home/airflow/.local/lib/python3.7/site-packages/airflow/example_dags/example_xcom.py took 0.103 seconds
[2024-07-26T10:30:31.017+0000] {processor.py:154} INFO - Started process (PID=7135) to work on /home/airflow/.local/lib/python3.7/site-packages/airflow/example_dags/example_xcom.py
[2024-07-26T10:30:31.020+0000] {processor.py:756} INFO - Processing file /home/airflow/.local/lib/python3.7/site-packages/airflow/example_dags/example_xcom.py for tasks to queue
[2024-07-26T10:30:31.021+0000] {logging_mixin.py:120} INFO - [2024-07-26T10:30:31.021+0000] {dagbag.py:537} INFO - Filling up the DagBag from /home/airflow/.local/lib/python3.7/site-packages/airflow/example_dags/example_xcom.py
[2024-07-26T10:30:31.037+0000] {processor.py:766} INFO - DAG(s) dict_keys(['example_xcom']) retrieved from /home/airflow/.local/lib/python3.7/site-packages/airflow/example_dags/example_xcom.py
[2024-07-26T10:30:31.071+0000] {logging_mixin.py:120} INFO - [2024-07-26T10:30:31.071+0000] {dag.py:2585} INFO - Sync 1 DAGs
[2024-07-26T10:30:31.090+0000] {logging_mixin.py:120} INFO - [2024-07-26T10:30:31.090+0000] {dag.py:3340} INFO - Setting next_dagrun for example_xcom to 2021-01-01T00:00:00+00:00, run_after=2021-01-01T00:00:00+00:00
[2024-07-26T10:30:31.104+0000] {processor.py:176} INFO - Processing /home/airflow/.local/lib/python3.7/site-packages/airflow/example_dags/example_xcom.py took 0.089 seconds
[2024-07-26T10:39:56.918+0000] {processor.py:154} INFO - Started process (PID=7199) to work on /home/airflow/.local/lib/python3.7/site-packages/airflow/example_dags/example_xcom.py
[2024-07-26T10:39:56.919+0000] {processor.py:756} INFO - Processing file /home/airflow/.local/lib/python3.7/site-packages/airflow/example_dags/example_xcom.py for tasks to queue
[2024-07-26T10:39:56.919+0000] {logging_mixin.py:120} INFO - [2024-07-26T10:39:56.919+0000] {dagbag.py:537} INFO - Filling up the DagBag from /home/airflow/.local/lib/python3.7/site-packages/airflow/example_dags/example_xcom.py
[2024-07-26T10:39:56.934+0000] {processor.py:766} INFO - DAG(s) dict_keys(['example_xcom']) retrieved from /home/airflow/.local/lib/python3.7/site-packages/airflow/example_dags/example_xcom.py
[2024-07-26T10:39:56.962+0000] {logging_mixin.py:120} INFO - [2024-07-26T10:39:56.962+0000] {dag.py:2585} INFO - Sync 1 DAGs
[2024-07-26T10:39:56.978+0000] {logging_mixin.py:120} INFO - [2024-07-26T10:39:56.978+0000] {dag.py:3340} INFO - Setting next_dagrun for example_xcom to 2021-01-01T00:00:00+00:00, run_after=2021-01-01T00:00:00+00:00
[2024-07-26T10:39:56.993+0000] {processor.py:176} INFO - Processing /home/airflow/.local/lib/python3.7/site-packages/airflow/example_dags/example_xcom.py took 0.077 seconds
[2024-07-26T11:48:30.949+0000] {processor.py:154} INFO - Started process (PID=7263) to work on /home/airflow/.local/lib/python3.7/site-packages/airflow/example_dags/example_xcom.py
[2024-07-26T11:48:30.950+0000] {processor.py:756} INFO - Processing file /home/airflow/.local/lib/python3.7/site-packages/airflow/example_dags/example_xcom.py for tasks to queue
[2024-07-26T11:48:30.951+0000] {logging_mixin.py:120} INFO - [2024-07-26T11:48:30.951+0000] {dagbag.py:537} INFO - Filling up the DagBag from /home/airflow/.local/lib/python3.7/site-packages/airflow/example_dags/example_xcom.py
[2024-07-26T11:48:30.968+0000] {processor.py:766} INFO - DAG(s) dict_keys(['example_xcom']) retrieved from /home/airflow/.local/lib/python3.7/site-packages/airflow/example_dags/example_xcom.py
[2024-07-26T11:48:31.014+0000] {logging_mixin.py:120} INFO - [2024-07-26T11:48:31.014+0000] {dag.py:2585} INFO - Sync 1 DAGs
[2024-07-26T11:48:31.034+0000] {logging_mixin.py:120} INFO - [2024-07-26T11:48:31.034+0000] {dag.py:3340} INFO - Setting next_dagrun for example_xcom to 2021-01-01T00:00:00+00:00, run_after=2021-01-01T00:00:00+00:00
[2024-07-26T11:48:31.054+0000] {processor.py:176} INFO - Processing /home/airflow/.local/lib/python3.7/site-packages/airflow/example_dags/example_xcom.py took 0.107 seconds
[2024-07-26T12:13:06.259+0000] {processor.py:154} INFO - Started process (PID=7327) to work on /home/airflow/.local/lib/python3.7/site-packages/airflow/example_dags/example_xcom.py
[2024-07-26T12:13:06.261+0000] {processor.py:756} INFO - Processing file /home/airflow/.local/lib/python3.7/site-packages/airflow/example_dags/example_xcom.py for tasks to queue
[2024-07-26T12:13:06.263+0000] {logging_mixin.py:120} INFO - [2024-07-26T12:13:06.263+0000] {dagbag.py:537} INFO - Filling up the DagBag from /home/airflow/.local/lib/python3.7/site-packages/airflow/example_dags/example_xcom.py
[2024-07-26T12:13:06.295+0000] {processor.py:766} INFO - DAG(s) dict_keys(['example_xcom']) retrieved from /home/airflow/.local/lib/python3.7/site-packages/airflow/example_dags/example_xcom.py
[2024-07-26T12:13:06.326+0000] {logging_mixin.py:120} INFO - [2024-07-26T12:13:06.326+0000] {dag.py:2585} INFO - Sync 1 DAGs
[2024-07-26T12:13:06.342+0000] {logging_mixin.py:120} INFO - [2024-07-26T12:13:06.342+0000] {dag.py:3340} INFO - Setting next_dagrun for example_xcom to 2021-01-01T00:00:00+00:00, run_after=2021-01-01T00:00:00+00:00
[2024-07-26T12:13:06.382+0000] {processor.py:176} INFO - Processing /home/airflow/.local/lib/python3.7/site-packages/airflow/example_dags/example_xcom.py took 0.126 seconds
[2024-07-26T12:19:26.355+0000] {processor.py:154} INFO - Started process (PID=7382) to work on /home/airflow/.local/lib/python3.7/site-packages/airflow/example_dags/example_xcom.py
[2024-07-26T12:19:26.356+0000] {processor.py:756} INFO - Processing file /home/airflow/.local/lib/python3.7/site-packages/airflow/example_dags/example_xcom.py for tasks to queue
[2024-07-26T12:19:26.357+0000] {logging_mixin.py:120} INFO - [2024-07-26T12:19:26.357+0000] {dagbag.py:537} INFO - Filling up the DagBag from /home/airflow/.local/lib/python3.7/site-packages/airflow/example_dags/example_xcom.py
[2024-07-26T12:19:26.379+0000] {processor.py:766} INFO - DAG(s) dict_keys(['example_xcom']) retrieved from /home/airflow/.local/lib/python3.7/site-packages/airflow/example_dags/example_xcom.py
[2024-07-26T12:19:26.415+0000] {logging_mixin.py:120} INFO - [2024-07-26T12:19:26.415+0000] {dag.py:2585} INFO - Sync 1 DAGs
[2024-07-26T12:19:26.430+0000] {logging_mixin.py:120} INFO - [2024-07-26T12:19:26.430+0000] {dag.py:3340} INFO - Setting next_dagrun for example_xcom to 2021-01-01T00:00:00+00:00, run_after=2021-01-01T00:00:00+00:00
[2024-07-26T12:19:26.447+0000] {processor.py:176} INFO - Processing /home/airflow/.local/lib/python3.7/site-packages/airflow/example_dags/example_xcom.py took 0.097 seconds
[2024-07-26T13:00:08.928+0000] {processor.py:154} INFO - Started process (PID=7445) to work on /home/airflow/.local/lib/python3.7/site-packages/airflow/example_dags/example_xcom.py
[2024-07-26T13:00:08.930+0000] {processor.py:756} INFO - Processing file /home/airflow/.local/lib/python3.7/site-packages/airflow/example_dags/example_xcom.py for tasks to queue
[2024-07-26T13:00:08.930+0000] {logging_mixin.py:120} INFO - [2024-07-26T13:00:08.930+0000] {dagbag.py:537} INFO - Filling up the DagBag from /home/airflow/.local/lib/python3.7/site-packages/airflow/example_dags/example_xcom.py
[2024-07-26T13:00:08.978+0000] {processor.py:766} INFO - DAG(s) dict_keys(['example_xcom']) retrieved from /home/airflow/.local/lib/python3.7/site-packages/airflow/example_dags/example_xcom.py
[2024-07-26T13:00:09.011+0000] {logging_mixin.py:120} INFO - [2024-07-26T13:00:09.011+0000] {dag.py:2585} INFO - Sync 1 DAGs
[2024-07-26T13:00:09.033+0000] {logging_mixin.py:120} INFO - [2024-07-26T13:00:09.033+0000] {dag.py:3340} INFO - Setting next_dagrun for example_xcom to 2021-01-01T00:00:00+00:00, run_after=2021-01-01T00:00:00+00:00
[2024-07-26T13:00:09.044+0000] {processor.py:176} INFO - Processing /home/airflow/.local/lib/python3.7/site-packages/airflow/example_dags/example_xcom.py took 0.118 seconds
[2024-07-26T13:12:28.119+0000] {processor.py:154} INFO - Started process (PID=7509) to work on /home/airflow/.local/lib/python3.7/site-packages/airflow/example_dags/example_xcom.py
[2024-07-26T13:12:28.120+0000] {processor.py:756} INFO - Processing file /home/airflow/.local/lib/python3.7/site-packages/airflow/example_dags/example_xcom.py for tasks to queue
[2024-07-26T13:12:28.125+0000] {logging_mixin.py:120} INFO - [2024-07-26T13:12:28.124+0000] {dagbag.py:537} INFO - Filling up the DagBag from /home/airflow/.local/lib/python3.7/site-packages/airflow/example_dags/example_xcom.py
[2024-07-26T13:12:28.141+0000] {processor.py:766} INFO - DAG(s) dict_keys(['example_xcom']) retrieved from /home/airflow/.local/lib/python3.7/site-packages/airflow/example_dags/example_xcom.py
[2024-07-26T13:12:28.169+0000] {logging_mixin.py:120} INFO - [2024-07-26T13:12:28.169+0000] {dag.py:2585} INFO - Sync 1 DAGs
[2024-07-26T13:12:28.189+0000] {logging_mixin.py:120} INFO - [2024-07-26T13:12:28.189+0000] {dag.py:3340} INFO - Setting next_dagrun for example_xcom to 2021-01-01T00:00:00+00:00, run_after=2021-01-01T00:00:00+00:00
[2024-07-26T13:12:28.207+0000] {processor.py:176} INFO - Processing /home/airflow/.local/lib/python3.7/site-packages/airflow/example_dags/example_xcom.py took 0.089 seconds
[2024-07-26T13:43:22.366+0000] {processor.py:154} INFO - Started process (PID=7573) to work on /home/airflow/.local/lib/python3.7/site-packages/airflow/example_dags/example_xcom.py
[2024-07-26T13:43:22.367+0000] {processor.py:756} INFO - Processing file /home/airflow/.local/lib/python3.7/site-packages/airflow/example_dags/example_xcom.py for tasks to queue
[2024-07-26T13:43:22.368+0000] {logging_mixin.py:120} INFO - [2024-07-26T13:43:22.368+0000] {dagbag.py:537} INFO - Filling up the DagBag from /home/airflow/.local/lib/python3.7/site-packages/airflow/example_dags/example_xcom.py
[2024-07-26T13:43:22.383+0000] {processor.py:766} INFO - DAG(s) dict_keys(['example_xcom']) retrieved from /home/airflow/.local/lib/python3.7/site-packages/airflow/example_dags/example_xcom.py
[2024-07-26T13:43:22.423+0000] {logging_mixin.py:120} INFO - [2024-07-26T13:43:22.423+0000] {dag.py:2585} INFO - Sync 1 DAGs
[2024-07-26T13:43:22.444+0000] {logging_mixin.py:120} INFO - [2024-07-26T13:43:22.444+0000] {dag.py:3340} INFO - Setting next_dagrun for example_xcom to 2021-01-01T00:00:00+00:00, run_after=2021-01-01T00:00:00+00:00
[2024-07-26T13:43:22.459+0000] {processor.py:176} INFO - Processing /home/airflow/.local/lib/python3.7/site-packages/airflow/example_dags/example_xcom.py took 0.095 seconds
[2024-07-26T13:46:54.184+0000] {processor.py:154} INFO - Started process (PID=7637) to work on /home/airflow/.local/lib/python3.7/site-packages/airflow/example_dags/example_xcom.py
[2024-07-26T13:46:54.185+0000] {processor.py:756} INFO - Processing file /home/airflow/.local/lib/python3.7/site-packages/airflow/example_dags/example_xcom.py for tasks to queue
[2024-07-26T13:46:54.186+0000] {logging_mixin.py:120} INFO - [2024-07-26T13:46:54.186+0000] {dagbag.py:537} INFO - Filling up the DagBag from /home/airflow/.local/lib/python3.7/site-packages/airflow/example_dags/example_xcom.py
[2024-07-26T13:46:54.198+0000] {processor.py:766} INFO - DAG(s) dict_keys(['example_xcom']) retrieved from /home/airflow/.local/lib/python3.7/site-packages/airflow/example_dags/example_xcom.py
[2024-07-26T13:46:54.220+0000] {logging_mixin.py:120} INFO - [2024-07-26T13:46:54.220+0000] {dag.py:2585} INFO - Sync 1 DAGs
[2024-07-26T13:46:54.233+0000] {logging_mixin.py:120} INFO - [2024-07-26T13:46:54.233+0000] {dag.py:3340} INFO - Setting next_dagrun for example_xcom to 2021-01-01T00:00:00+00:00, run_after=2021-01-01T00:00:00+00:00
[2024-07-26T13:46:54.244+0000] {processor.py:176} INFO - Processing /home/airflow/.local/lib/python3.7/site-packages/airflow/example_dags/example_xcom.py took 0.061 seconds
[2024-07-26T13:52:23.721+0000] {processor.py:154} INFO - Started process (PID=7692) to work on /home/airflow/.local/lib/python3.7/site-packages/airflow/example_dags/example_xcom.py
[2024-07-26T13:52:23.724+0000] {processor.py:756} INFO - Processing file /home/airflow/.local/lib/python3.7/site-packages/airflow/example_dags/example_xcom.py for tasks to queue
[2024-07-26T13:52:23.725+0000] {logging_mixin.py:120} INFO - [2024-07-26T13:52:23.725+0000] {dagbag.py:537} INFO - Filling up the DagBag from /home/airflow/.local/lib/python3.7/site-packages/airflow/example_dags/example_xcom.py
[2024-07-26T13:52:23.748+0000] {processor.py:766} INFO - DAG(s) dict_keys(['example_xcom']) retrieved from /home/airflow/.local/lib/python3.7/site-packages/airflow/example_dags/example_xcom.py
[2024-07-26T13:52:23.813+0000] {logging_mixin.py:120} INFO - [2024-07-26T13:52:23.813+0000] {dag.py:2585} INFO - Sync 1 DAGs
[2024-07-26T13:52:23.849+0000] {logging_mixin.py:120} INFO - [2024-07-26T13:52:23.849+0000] {dag.py:3340} INFO - Setting next_dagrun for example_xcom to 2021-01-01T00:00:00+00:00, run_after=2021-01-01T00:00:00+00:00
[2024-07-26T13:52:23.876+0000] {processor.py:176} INFO - Processing /home/airflow/.local/lib/python3.7/site-packages/airflow/example_dags/example_xcom.py took 0.159 seconds
[2024-07-26T13:54:21.420+0000] {processor.py:154} INFO - Started process (PID=7756) to work on /home/airflow/.local/lib/python3.7/site-packages/airflow/example_dags/example_xcom.py
[2024-07-26T13:54:21.421+0000] {processor.py:756} INFO - Processing file /home/airflow/.local/lib/python3.7/site-packages/airflow/example_dags/example_xcom.py for tasks to queue
[2024-07-26T13:54:21.422+0000] {logging_mixin.py:120} INFO - [2024-07-26T13:54:21.422+0000] {dagbag.py:537} INFO - Filling up the DagBag from /home/airflow/.local/lib/python3.7/site-packages/airflow/example_dags/example_xcom.py
[2024-07-26T13:54:21.436+0000] {processor.py:766} INFO - DAG(s) dict_keys(['example_xcom']) retrieved from /home/airflow/.local/lib/python3.7/site-packages/airflow/example_dags/example_xcom.py
[2024-07-26T13:54:21.458+0000] {logging_mixin.py:120} INFO - [2024-07-26T13:54:21.458+0000] {dag.py:2585} INFO - Sync 1 DAGs
[2024-07-26T13:54:21.471+0000] {logging_mixin.py:120} INFO - [2024-07-26T13:54:21.470+0000] {dag.py:3340} INFO - Setting next_dagrun for example_xcom to 2021-01-01T00:00:00+00:00, run_after=2021-01-01T00:00:00+00:00
[2024-07-26T13:54:21.480+0000] {processor.py:176} INFO - Processing /home/airflow/.local/lib/python3.7/site-packages/airflow/example_dags/example_xcom.py took 0.062 seconds
[2024-07-26T13:55:29.543+0000] {processor.py:154} INFO - Started process (PID=7820) to work on /home/airflow/.local/lib/python3.7/site-packages/airflow/example_dags/example_xcom.py
[2024-07-26T13:55:29.543+0000] {processor.py:756} INFO - Processing file /home/airflow/.local/lib/python3.7/site-packages/airflow/example_dags/example_xcom.py for tasks to queue
[2024-07-26T13:55:29.544+0000] {logging_mixin.py:120} INFO - [2024-07-26T13:55:29.544+0000] {dagbag.py:537} INFO - Filling up the DagBag from /home/airflow/.local/lib/python3.7/site-packages/airflow/example_dags/example_xcom.py
[2024-07-26T13:55:29.556+0000] {processor.py:766} INFO - DAG(s) dict_keys(['example_xcom']) retrieved from /home/airflow/.local/lib/python3.7/site-packages/airflow/example_dags/example_xcom.py
[2024-07-26T13:55:29.591+0000] {logging_mixin.py:120} INFO - [2024-07-26T13:55:29.590+0000] {dag.py:2585} INFO - Sync 1 DAGs
[2024-07-26T13:55:29.609+0000] {logging_mixin.py:120} INFO - [2024-07-26T13:55:29.609+0000] {dag.py:3340} INFO - Setting next_dagrun for example_xcom to 2021-01-01T00:00:00+00:00, run_after=2021-01-01T00:00:00+00:00
[2024-07-26T13:55:29.623+0000] {processor.py:176} INFO - Processing /home/airflow/.local/lib/python3.7/site-packages/airflow/example_dags/example_xcom.py took 0.082 seconds
[2024-07-26T14:05:32.093+0000] {processor.py:154} INFO - Started process (PID=7884) to work on /home/airflow/.local/lib/python3.7/site-packages/airflow/example_dags/example_xcom.py
[2024-07-26T14:05:32.095+0000] {processor.py:756} INFO - Processing file /home/airflow/.local/lib/python3.7/site-packages/airflow/example_dags/example_xcom.py for tasks to queue
[2024-07-26T14:05:32.097+0000] {logging_mixin.py:120} INFO - [2024-07-26T14:05:32.097+0000] {dagbag.py:537} INFO - Filling up the DagBag from /home/airflow/.local/lib/python3.7/site-packages/airflow/example_dags/example_xcom.py
[2024-07-26T14:05:32.132+0000] {processor.py:766} INFO - DAG(s) dict_keys(['example_xcom']) retrieved from /home/airflow/.local/lib/python3.7/site-packages/airflow/example_dags/example_xcom.py
[2024-07-26T14:05:32.162+0000] {logging_mixin.py:120} INFO - [2024-07-26T14:05:32.162+0000] {dag.py:2585} INFO - Sync 1 DAGs
[2024-07-26T14:05:32.199+0000] {logging_mixin.py:120} INFO - [2024-07-26T14:05:32.199+0000] {dag.py:3340} INFO - Setting next_dagrun for example_xcom to 2021-01-01T00:00:00+00:00, run_after=2021-01-01T00:00:00+00:00
[2024-07-26T14:05:32.297+0000] {processor.py:176} INFO - Processing /home/airflow/.local/lib/python3.7/site-packages/airflow/example_dags/example_xcom.py took 0.207 seconds
[2024-07-26T14:06:20.419+0000] {processor.py:154} INFO - Started process (PID=7947) to work on /home/airflow/.local/lib/python3.7/site-packages/airflow/example_dags/example_xcom.py
[2024-07-26T14:06:20.420+0000] {processor.py:756} INFO - Processing file /home/airflow/.local/lib/python3.7/site-packages/airflow/example_dags/example_xcom.py for tasks to queue
[2024-07-26T14:06:20.420+0000] {logging_mixin.py:120} INFO - [2024-07-26T14:06:20.420+0000] {dagbag.py:537} INFO - Filling up the DagBag from /home/airflow/.local/lib/python3.7/site-packages/airflow/example_dags/example_xcom.py
[2024-07-26T14:06:20.436+0000] {processor.py:766} INFO - DAG(s) dict_keys(['example_xcom']) retrieved from /home/airflow/.local/lib/python3.7/site-packages/airflow/example_dags/example_xcom.py
[2024-07-26T14:06:20.468+0000] {logging_mixin.py:120} INFO - [2024-07-26T14:06:20.468+0000] {dag.py:2585} INFO - Sync 1 DAGs
[2024-07-26T14:06:20.486+0000] {logging_mixin.py:120} INFO - [2024-07-26T14:06:20.486+0000] {dag.py:3340} INFO - Setting next_dagrun for example_xcom to 2021-01-01T00:00:00+00:00, run_after=2021-01-01T00:00:00+00:00
[2024-07-26T14:06:20.509+0000] {processor.py:176} INFO - Processing /home/airflow/.local/lib/python3.7/site-packages/airflow/example_dags/example_xcom.py took 0.091 seconds
