[2024-07-26T00:02:54.473+0000] {processor.py:154} INFO - Started process (PID=4791) to work on /home/airflow/.local/lib/python3.7/site-packages/airflow/example_dags/example_latest_only_with_trigger.py
[2024-07-26T00:02:54.475+0000] {processor.py:756} INFO - Processing file /home/airflow/.local/lib/python3.7/site-packages/airflow/example_dags/example_latest_only_with_trigger.py for tasks to queue
[2024-07-26T00:02:54.483+0000] {logging_mixin.py:120} INFO - [2024-07-26T00:02:54.483+0000] {dagbag.py:537} INFO - Filling up the DagBag from /home/airflow/.local/lib/python3.7/site-packages/airflow/example_dags/example_latest_only_with_trigger.py
[2024-07-26T00:02:54.496+0000] {processor.py:766} INFO - DAG(s) dict_keys(['latest_only_with_trigger']) retrieved from /home/airflow/.local/lib/python3.7/site-packages/airflow/example_dags/example_latest_only_with_trigger.py
[2024-07-26T00:02:54.530+0000] {logging_mixin.py:120} INFO - [2024-07-26T00:02:54.530+0000] {dag.py:2585} INFO - Sync 1 DAGs
[2024-07-26T00:02:54.545+0000] {logging_mixin.py:120} INFO - [2024-07-26T00:02:54.545+0000] {dag.py:3340} INFO - Setting next_dagrun for latest_only_with_trigger to 2024-07-25T20:02:54.545024+00:00, run_after=2024-07-26T00:02:54.545024+00:00
[2024-07-26T00:02:54.566+0000] {processor.py:176} INFO - Processing /home/airflow/.local/lib/python3.7/site-packages/airflow/example_dags/example_latest_only_with_trigger.py took 0.095 seconds
[2024-07-26T00:16:06.999+0000] {processor.py:154} INFO - Started process (PID=4846) to work on /home/airflow/.local/lib/python3.7/site-packages/airflow/example_dags/example_latest_only_with_trigger.py
[2024-07-26T00:16:07.007+0000] {processor.py:756} INFO - Processing file /home/airflow/.local/lib/python3.7/site-packages/airflow/example_dags/example_latest_only_with_trigger.py for tasks to queue
[2024-07-26T00:16:07.009+0000] {logging_mixin.py:120} INFO - [2024-07-26T00:16:07.008+0000] {dagbag.py:537} INFO - Filling up the DagBag from /home/airflow/.local/lib/python3.7/site-packages/airflow/example_dags/example_latest_only_with_trigger.py
[2024-07-26T00:16:07.025+0000] {processor.py:766} INFO - DAG(s) dict_keys(['latest_only_with_trigger']) retrieved from /home/airflow/.local/lib/python3.7/site-packages/airflow/example_dags/example_latest_only_with_trigger.py
[2024-07-26T00:16:07.091+0000] {logging_mixin.py:120} INFO - [2024-07-26T00:16:07.091+0000] {dag.py:2585} INFO - Sync 1 DAGs
[2024-07-26T00:16:07.111+0000] {logging_mixin.py:120} INFO - [2024-07-26T00:16:07.111+0000] {dag.py:3340} INFO - Setting next_dagrun for latest_only_with_trigger to 2024-07-25T20:16:07.111287+00:00, run_after=2024-07-26T00:16:07.111287+00:00
[2024-07-26T00:16:07.150+0000] {processor.py:176} INFO - Processing /home/airflow/.local/lib/python3.7/site-packages/airflow/example_dags/example_latest_only_with_trigger.py took 0.156 seconds
[2024-07-26T00:40:52.769+0000] {processor.py:154} INFO - Started process (PID=4910) to work on /home/airflow/.local/lib/python3.7/site-packages/airflow/example_dags/example_latest_only_with_trigger.py
[2024-07-26T00:40:52.771+0000] {processor.py:756} INFO - Processing file /home/airflow/.local/lib/python3.7/site-packages/airflow/example_dags/example_latest_only_with_trigger.py for tasks to queue
[2024-07-26T00:40:52.772+0000] {logging_mixin.py:120} INFO - [2024-07-26T00:40:52.772+0000] {dagbag.py:537} INFO - Filling up the DagBag from /home/airflow/.local/lib/python3.7/site-packages/airflow/example_dags/example_latest_only_with_trigger.py
[2024-07-26T00:40:52.786+0000] {processor.py:766} INFO - DAG(s) dict_keys(['latest_only_with_trigger']) retrieved from /home/airflow/.local/lib/python3.7/site-packages/airflow/example_dags/example_latest_only_with_trigger.py
[2024-07-26T00:40:52.828+0000] {logging_mixin.py:120} INFO - [2024-07-26T00:40:52.828+0000] {dag.py:2585} INFO - Sync 1 DAGs
[2024-07-26T00:40:52.848+0000] {logging_mixin.py:120} INFO - [2024-07-26T00:40:52.848+0000] {dag.py:3340} INFO - Setting next_dagrun for latest_only_with_trigger to 2024-07-25T20:40:52.848523+00:00, run_after=2024-07-26T00:40:52.848523+00:00
[2024-07-26T00:40:52.865+0000] {processor.py:176} INFO - Processing /home/airflow/.local/lib/python3.7/site-packages/airflow/example_dags/example_latest_only_with_trigger.py took 0.097 seconds
[2024-07-26T01:30:33.591+0000] {processor.py:154} INFO - Started process (PID=4974) to work on /home/airflow/.local/lib/python3.7/site-packages/airflow/example_dags/example_latest_only_with_trigger.py
[2024-07-26T01:30:33.592+0000] {processor.py:756} INFO - Processing file /home/airflow/.local/lib/python3.7/site-packages/airflow/example_dags/example_latest_only_with_trigger.py for tasks to queue
[2024-07-26T01:30:33.594+0000] {logging_mixin.py:120} INFO - [2024-07-26T01:30:33.593+0000] {dagbag.py:537} INFO - Filling up the DagBag from /home/airflow/.local/lib/python3.7/site-packages/airflow/example_dags/example_latest_only_with_trigger.py
[2024-07-26T01:30:33.604+0000] {processor.py:766} INFO - DAG(s) dict_keys(['latest_only_with_trigger']) retrieved from /home/airflow/.local/lib/python3.7/site-packages/airflow/example_dags/example_latest_only_with_trigger.py
[2024-07-26T01:30:33.640+0000] {logging_mixin.py:120} INFO - [2024-07-26T01:30:33.639+0000] {dag.py:2585} INFO - Sync 1 DAGs
[2024-07-26T01:30:33.673+0000] {logging_mixin.py:120} INFO - [2024-07-26T01:30:33.673+0000] {dag.py:3340} INFO - Setting next_dagrun for latest_only_with_trigger to 2024-07-25T21:30:33.673236+00:00, run_after=2024-07-26T01:30:33.673236+00:00
[2024-07-26T01:30:33.694+0000] {processor.py:176} INFO - Processing /home/airflow/.local/lib/python3.7/site-packages/airflow/example_dags/example_latest_only_with_trigger.py took 0.105 seconds
[2024-07-26T02:00:30.085+0000] {processor.py:154} INFO - Started process (PID=5038) to work on /home/airflow/.local/lib/python3.7/site-packages/airflow/example_dags/example_latest_only_with_trigger.py
[2024-07-26T02:00:30.087+0000] {processor.py:756} INFO - Processing file /home/airflow/.local/lib/python3.7/site-packages/airflow/example_dags/example_latest_only_with_trigger.py for tasks to queue
[2024-07-26T02:00:30.088+0000] {logging_mixin.py:120} INFO - [2024-07-26T02:00:30.088+0000] {dagbag.py:537} INFO - Filling up the DagBag from /home/airflow/.local/lib/python3.7/site-packages/airflow/example_dags/example_latest_only_with_trigger.py
[2024-07-26T02:00:30.096+0000] {processor.py:766} INFO - DAG(s) dict_keys(['latest_only_with_trigger']) retrieved from /home/airflow/.local/lib/python3.7/site-packages/airflow/example_dags/example_latest_only_with_trigger.py
[2024-07-26T02:00:30.131+0000] {logging_mixin.py:120} INFO - [2024-07-26T02:00:30.131+0000] {dag.py:2585} INFO - Sync 1 DAGs
[2024-07-26T02:00:30.155+0000] {logging_mixin.py:120} INFO - [2024-07-26T02:00:30.155+0000] {dag.py:3340} INFO - Setting next_dagrun for latest_only_with_trigger to 2024-07-25T22:00:30.155525+00:00, run_after=2024-07-26T02:00:30.155525+00:00
[2024-07-26T02:00:30.175+0000] {processor.py:176} INFO - Processing /home/airflow/.local/lib/python3.7/site-packages/airflow/example_dags/example_latest_only_with_trigger.py took 0.092 seconds
[2024-07-26T02:13:02.639+0000] {processor.py:154} INFO - Started process (PID=5101) to work on /home/airflow/.local/lib/python3.7/site-packages/airflow/example_dags/example_latest_only_with_trigger.py
[2024-07-26T02:13:02.645+0000] {processor.py:756} INFO - Processing file /home/airflow/.local/lib/python3.7/site-packages/airflow/example_dags/example_latest_only_with_trigger.py for tasks to queue
[2024-07-26T02:13:02.648+0000] {logging_mixin.py:120} INFO - [2024-07-26T02:13:02.648+0000] {dagbag.py:537} INFO - Filling up the DagBag from /home/airflow/.local/lib/python3.7/site-packages/airflow/example_dags/example_latest_only_with_trigger.py
[2024-07-26T02:13:02.663+0000] {processor.py:766} INFO - DAG(s) dict_keys(['latest_only_with_trigger']) retrieved from /home/airflow/.local/lib/python3.7/site-packages/airflow/example_dags/example_latest_only_with_trigger.py
[2024-07-26T02:13:02.691+0000] {logging_mixin.py:120} INFO - [2024-07-26T02:13:02.690+0000] {dag.py:2585} INFO - Sync 1 DAGs
[2024-07-26T02:13:02.709+0000] {logging_mixin.py:120} INFO - [2024-07-26T02:13:02.709+0000] {dag.py:3340} INFO - Setting next_dagrun for latest_only_with_trigger to 2024-07-25T22:13:02.709439+00:00, run_after=2024-07-26T02:13:02.709439+00:00
[2024-07-26T02:13:02.734+0000] {processor.py:176} INFO - Processing /home/airflow/.local/lib/python3.7/site-packages/airflow/example_dags/example_latest_only_with_trigger.py took 0.097 seconds
[2024-07-26T02:39:12.210+0000] {processor.py:154} INFO - Started process (PID=5156) to work on /home/airflow/.local/lib/python3.7/site-packages/airflow/example_dags/example_latest_only_with_trigger.py
[2024-07-26T02:39:12.211+0000] {processor.py:756} INFO - Processing file /home/airflow/.local/lib/python3.7/site-packages/airflow/example_dags/example_latest_only_with_trigger.py for tasks to queue
[2024-07-26T02:39:12.211+0000] {logging_mixin.py:120} INFO - [2024-07-26T02:39:12.211+0000] {dagbag.py:537} INFO - Filling up the DagBag from /home/airflow/.local/lib/python3.7/site-packages/airflow/example_dags/example_latest_only_with_trigger.py
[2024-07-26T02:39:12.219+0000] {processor.py:766} INFO - DAG(s) dict_keys(['latest_only_with_trigger']) retrieved from /home/airflow/.local/lib/python3.7/site-packages/airflow/example_dags/example_latest_only_with_trigger.py
[2024-07-26T02:39:12.249+0000] {logging_mixin.py:120} INFO - [2024-07-26T02:39:12.249+0000] {dag.py:2585} INFO - Sync 1 DAGs
[2024-07-26T02:39:12.266+0000] {logging_mixin.py:120} INFO - [2024-07-26T02:39:12.266+0000] {dag.py:3340} INFO - Setting next_dagrun for latest_only_with_trigger to 2024-07-25T22:39:12.264210+00:00, run_after=2024-07-26T02:39:12.264210+00:00
[2024-07-26T02:39:12.284+0000] {processor.py:176} INFO - Processing /home/airflow/.local/lib/python3.7/site-packages/airflow/example_dags/example_latest_only_with_trigger.py took 0.076 seconds
[2024-07-26T02:58:11.725+0000] {processor.py:154} INFO - Started process (PID=5220) to work on /home/airflow/.local/lib/python3.7/site-packages/airflow/example_dags/example_latest_only_with_trigger.py
[2024-07-26T02:58:11.727+0000] {processor.py:756} INFO - Processing file /home/airflow/.local/lib/python3.7/site-packages/airflow/example_dags/example_latest_only_with_trigger.py for tasks to queue
[2024-07-26T02:58:11.729+0000] {logging_mixin.py:120} INFO - [2024-07-26T02:58:11.729+0000] {dagbag.py:537} INFO - Filling up the DagBag from /home/airflow/.local/lib/python3.7/site-packages/airflow/example_dags/example_latest_only_with_trigger.py
[2024-07-26T02:58:11.740+0000] {processor.py:766} INFO - DAG(s) dict_keys(['latest_only_with_trigger']) retrieved from /home/airflow/.local/lib/python3.7/site-packages/airflow/example_dags/example_latest_only_with_trigger.py
[2024-07-26T02:58:11.771+0000] {logging_mixin.py:120} INFO - [2024-07-26T02:58:11.771+0000] {dag.py:2585} INFO - Sync 1 DAGs
[2024-07-26T02:58:11.787+0000] {logging_mixin.py:120} INFO - [2024-07-26T02:58:11.787+0000] {dag.py:3340} INFO - Setting next_dagrun for latest_only_with_trigger to 2024-07-25T22:58:11.787131+00:00, run_after=2024-07-26T02:58:11.787131+00:00
[2024-07-26T02:58:11.806+0000] {processor.py:176} INFO - Processing /home/airflow/.local/lib/python3.7/site-packages/airflow/example_dags/example_latest_only_with_trigger.py took 0.083 seconds
[2024-07-26T03:01:34.540+0000] {processor.py:154} INFO - Started process (PID=5284) to work on /home/airflow/.local/lib/python3.7/site-packages/airflow/example_dags/example_latest_only_with_trigger.py
[2024-07-26T03:01:34.542+0000] {processor.py:756} INFO - Processing file /home/airflow/.local/lib/python3.7/site-packages/airflow/example_dags/example_latest_only_with_trigger.py for tasks to queue
[2024-07-26T03:01:34.546+0000] {logging_mixin.py:120} INFO - [2024-07-26T03:01:34.546+0000] {dagbag.py:537} INFO - Filling up the DagBag from /home/airflow/.local/lib/python3.7/site-packages/airflow/example_dags/example_latest_only_with_trigger.py
[2024-07-26T03:01:34.556+0000] {processor.py:766} INFO - DAG(s) dict_keys(['latest_only_with_trigger']) retrieved from /home/airflow/.local/lib/python3.7/site-packages/airflow/example_dags/example_latest_only_with_trigger.py
[2024-07-26T03:01:34.592+0000] {logging_mixin.py:120} INFO - [2024-07-26T03:01:34.592+0000] {dag.py:2585} INFO - Sync 1 DAGs
[2024-07-26T03:01:34.608+0000] {logging_mixin.py:120} INFO - [2024-07-26T03:01:34.608+0000] {dag.py:3340} INFO - Setting next_dagrun for latest_only_with_trigger to 2024-07-25T23:01:34.608323+00:00, run_after=2024-07-26T03:01:34.608323+00:00
[2024-07-26T03:01:34.625+0000] {processor.py:176} INFO - Processing /home/airflow/.local/lib/python3.7/site-packages/airflow/example_dags/example_latest_only_with_trigger.py took 0.087 seconds
[2024-07-26T03:15:40.994+0000] {processor.py:154} INFO - Started process (PID=5348) to work on /home/airflow/.local/lib/python3.7/site-packages/airflow/example_dags/example_latest_only_with_trigger.py
[2024-07-26T03:15:40.998+0000] {processor.py:756} INFO - Processing file /home/airflow/.local/lib/python3.7/site-packages/airflow/example_dags/example_latest_only_with_trigger.py for tasks to queue
[2024-07-26T03:15:40.998+0000] {logging_mixin.py:120} INFO - [2024-07-26T03:15:40.998+0000] {dagbag.py:537} INFO - Filling up the DagBag from /home/airflow/.local/lib/python3.7/site-packages/airflow/example_dags/example_latest_only_with_trigger.py
[2024-07-26T03:15:41.017+0000] {processor.py:766} INFO - DAG(s) dict_keys(['latest_only_with_trigger']) retrieved from /home/airflow/.local/lib/python3.7/site-packages/airflow/example_dags/example_latest_only_with_trigger.py
[2024-07-26T03:15:41.059+0000] {logging_mixin.py:120} INFO - [2024-07-26T03:15:41.059+0000] {dag.py:2585} INFO - Sync 1 DAGs
[2024-07-26T03:15:41.078+0000] {logging_mixin.py:120} INFO - [2024-07-26T03:15:41.078+0000] {dag.py:3340} INFO - Setting next_dagrun for latest_only_with_trigger to 2024-07-25T23:15:41.077945+00:00, run_after=2024-07-26T03:15:41.077945+00:00
[2024-07-26T03:15:41.099+0000] {processor.py:176} INFO - Processing /home/airflow/.local/lib/python3.7/site-packages/airflow/example_dags/example_latest_only_with_trigger.py took 0.108 seconds
[2024-07-26T03:32:16.064+0000] {processor.py:154} INFO - Started process (PID=5403) to work on /home/airflow/.local/lib/python3.7/site-packages/airflow/example_dags/example_latest_only_with_trigger.py
[2024-07-26T03:32:16.065+0000] {processor.py:756} INFO - Processing file /home/airflow/.local/lib/python3.7/site-packages/airflow/example_dags/example_latest_only_with_trigger.py for tasks to queue
[2024-07-26T03:32:16.065+0000] {logging_mixin.py:120} INFO - [2024-07-26T03:32:16.065+0000] {dagbag.py:537} INFO - Filling up the DagBag from /home/airflow/.local/lib/python3.7/site-packages/airflow/example_dags/example_latest_only_with_trigger.py
[2024-07-26T03:32:16.073+0000] {processor.py:766} INFO - DAG(s) dict_keys(['latest_only_with_trigger']) retrieved from /home/airflow/.local/lib/python3.7/site-packages/airflow/example_dags/example_latest_only_with_trigger.py
[2024-07-26T03:32:16.094+0000] {logging_mixin.py:120} INFO - [2024-07-26T03:32:16.094+0000] {dag.py:2585} INFO - Sync 1 DAGs
[2024-07-26T03:32:16.109+0000] {logging_mixin.py:120} INFO - [2024-07-26T03:32:16.109+0000] {dag.py:3340} INFO - Setting next_dagrun for latest_only_with_trigger to 2024-07-25T23:32:16.109323+00:00, run_after=2024-07-26T03:32:16.109323+00:00
[2024-07-26T03:32:16.126+0000] {processor.py:176} INFO - Processing /home/airflow/.local/lib/python3.7/site-packages/airflow/example_dags/example_latest_only_with_trigger.py took 0.064 seconds
[2024-07-26T03:56:58.939+0000] {processor.py:154} INFO - Started process (PID=5467) to work on /home/airflow/.local/lib/python3.7/site-packages/airflow/example_dags/example_latest_only_with_trigger.py
[2024-07-26T03:56:58.940+0000] {processor.py:756} INFO - Processing file /home/airflow/.local/lib/python3.7/site-packages/airflow/example_dags/example_latest_only_with_trigger.py for tasks to queue
[2024-07-26T03:56:58.941+0000] {logging_mixin.py:120} INFO - [2024-07-26T03:56:58.941+0000] {dagbag.py:537} INFO - Filling up the DagBag from /home/airflow/.local/lib/python3.7/site-packages/airflow/example_dags/example_latest_only_with_trigger.py
[2024-07-26T03:56:58.951+0000] {processor.py:766} INFO - DAG(s) dict_keys(['latest_only_with_trigger']) retrieved from /home/airflow/.local/lib/python3.7/site-packages/airflow/example_dags/example_latest_only_with_trigger.py
[2024-07-26T03:56:58.990+0000] {logging_mixin.py:120} INFO - [2024-07-26T03:56:58.990+0000] {dag.py:2585} INFO - Sync 1 DAGs
[2024-07-26T03:56:59.007+0000] {logging_mixin.py:120} INFO - [2024-07-26T03:56:59.007+0000] {dag.py:3340} INFO - Setting next_dagrun for latest_only_with_trigger to 2024-07-25T23:56:59.007556+00:00, run_after=2024-07-26T03:56:59.007556+00:00
[2024-07-26T03:56:59.024+0000] {processor.py:176} INFO - Processing /home/airflow/.local/lib/python3.7/site-packages/airflow/example_dags/example_latest_only_with_trigger.py took 0.087 seconds
[2024-07-26T04:02:04.689+0000] {processor.py:154} INFO - Started process (PID=5531) to work on /home/airflow/.local/lib/python3.7/site-packages/airflow/example_dags/example_latest_only_with_trigger.py
[2024-07-26T04:02:04.692+0000] {processor.py:756} INFO - Processing file /home/airflow/.local/lib/python3.7/site-packages/airflow/example_dags/example_latest_only_with_trigger.py for tasks to queue
[2024-07-26T04:02:04.692+0000] {logging_mixin.py:120} INFO - [2024-07-26T04:02:04.692+0000] {dagbag.py:537} INFO - Filling up the DagBag from /home/airflow/.local/lib/python3.7/site-packages/airflow/example_dags/example_latest_only_with_trigger.py
[2024-07-26T04:02:04.701+0000] {processor.py:766} INFO - DAG(s) dict_keys(['latest_only_with_trigger']) retrieved from /home/airflow/.local/lib/python3.7/site-packages/airflow/example_dags/example_latest_only_with_trigger.py
[2024-07-26T04:02:04.731+0000] {logging_mixin.py:120} INFO - [2024-07-26T04:02:04.731+0000] {dag.py:2585} INFO - Sync 1 DAGs
[2024-07-26T04:02:04.752+0000] {logging_mixin.py:120} INFO - [2024-07-26T04:02:04.752+0000] {dag.py:3340} INFO - Setting next_dagrun for latest_only_with_trigger to 2024-07-26T00:02:04.752585+00:00, run_after=2024-07-26T04:02:04.752585+00:00
[2024-07-26T04:02:04.770+0000] {processor.py:176} INFO - Processing /home/airflow/.local/lib/python3.7/site-packages/airflow/example_dags/example_latest_only_with_trigger.py took 0.082 seconds
[2024-07-26T04:04:17.279+0000] {processor.py:154} INFO - Started process (PID=5595) to work on /home/airflow/.local/lib/python3.7/site-packages/airflow/example_dags/example_latest_only_with_trigger.py
[2024-07-26T04:04:17.280+0000] {processor.py:756} INFO - Processing file /home/airflow/.local/lib/python3.7/site-packages/airflow/example_dags/example_latest_only_with_trigger.py for tasks to queue
[2024-07-26T04:04:17.281+0000] {logging_mixin.py:120} INFO - [2024-07-26T04:04:17.280+0000] {dagbag.py:537} INFO - Filling up the DagBag from /home/airflow/.local/lib/python3.7/site-packages/airflow/example_dags/example_latest_only_with_trigger.py
[2024-07-26T04:04:17.289+0000] {processor.py:766} INFO - DAG(s) dict_keys(['latest_only_with_trigger']) retrieved from /home/airflow/.local/lib/python3.7/site-packages/airflow/example_dags/example_latest_only_with_trigger.py
[2024-07-26T04:04:17.320+0000] {logging_mixin.py:120} INFO - [2024-07-26T04:04:17.319+0000] {dag.py:2585} INFO - Sync 1 DAGs
[2024-07-26T04:04:17.343+0000] {logging_mixin.py:120} INFO - [2024-07-26T04:04:17.343+0000] {dag.py:3340} INFO - Setting next_dagrun for latest_only_with_trigger to 2024-07-26T00:04:17.343191+00:00, run_after=2024-07-26T04:04:17.343191+00:00
[2024-07-26T04:04:17.363+0000] {processor.py:176} INFO - Processing /home/airflow/.local/lib/python3.7/site-packages/airflow/example_dags/example_latest_only_with_trigger.py took 0.086 seconds
[2024-07-26T04:06:04.438+0000] {processor.py:154} INFO - Started process (PID=5658) to work on /home/airflow/.local/lib/python3.7/site-packages/airflow/example_dags/example_latest_only_with_trigger.py
[2024-07-26T04:06:04.440+0000] {processor.py:756} INFO - Processing file /home/airflow/.local/lib/python3.7/site-packages/airflow/example_dags/example_latest_only_with_trigger.py for tasks to queue
[2024-07-26T04:06:04.440+0000] {logging_mixin.py:120} INFO - [2024-07-26T04:06:04.440+0000] {dagbag.py:537} INFO - Filling up the DagBag from /home/airflow/.local/lib/python3.7/site-packages/airflow/example_dags/example_latest_only_with_trigger.py
[2024-07-26T04:06:04.449+0000] {processor.py:766} INFO - DAG(s) dict_keys(['latest_only_with_trigger']) retrieved from /home/airflow/.local/lib/python3.7/site-packages/airflow/example_dags/example_latest_only_with_trigger.py
[2024-07-26T04:06:04.471+0000] {logging_mixin.py:120} INFO - [2024-07-26T04:06:04.471+0000] {dag.py:2585} INFO - Sync 1 DAGs
[2024-07-26T04:06:04.486+0000] {logging_mixin.py:120} INFO - [2024-07-26T04:06:04.486+0000] {dag.py:3340} INFO - Setting next_dagrun for latest_only_with_trigger to 2024-07-26T00:06:04.486711+00:00, run_after=2024-07-26T04:06:04.486711+00:00
[2024-07-26T04:06:04.496+0000] {processor.py:176} INFO - Processing /home/airflow/.local/lib/python3.7/site-packages/airflow/example_dags/example_latest_only_with_trigger.py took 0.060 seconds
[2024-07-26T04:08:05.748+0000] {processor.py:154} INFO - Started process (PID=5713) to work on /home/airflow/.local/lib/python3.7/site-packages/airflow/example_dags/example_latest_only_with_trigger.py
[2024-07-26T04:08:05.748+0000] {processor.py:756} INFO - Processing file /home/airflow/.local/lib/python3.7/site-packages/airflow/example_dags/example_latest_only_with_trigger.py for tasks to queue
[2024-07-26T04:08:05.749+0000] {logging_mixin.py:120} INFO - [2024-07-26T04:08:05.748+0000] {dagbag.py:537} INFO - Filling up the DagBag from /home/airflow/.local/lib/python3.7/site-packages/airflow/example_dags/example_latest_only_with_trigger.py
[2024-07-26T04:08:05.757+0000] {processor.py:766} INFO - DAG(s) dict_keys(['latest_only_with_trigger']) retrieved from /home/airflow/.local/lib/python3.7/site-packages/airflow/example_dags/example_latest_only_with_trigger.py
[2024-07-26T04:08:05.785+0000] {logging_mixin.py:120} INFO - [2024-07-26T04:08:05.785+0000] {dag.py:2585} INFO - Sync 1 DAGs
[2024-07-26T04:08:05.803+0000] {logging_mixin.py:120} INFO - [2024-07-26T04:08:05.803+0000] {dag.py:3340} INFO - Setting next_dagrun for latest_only_with_trigger to 2024-07-26T00:08:05.803707+00:00, run_after=2024-07-26T04:08:05.803707+00:00
[2024-07-26T04:08:05.823+0000] {processor.py:176} INFO - Processing /home/airflow/.local/lib/python3.7/site-packages/airflow/example_dags/example_latest_only_with_trigger.py took 0.077 seconds
[2024-07-26T04:09:01.819+0000] {processor.py:154} INFO - Started process (PID=5777) to work on /home/airflow/.local/lib/python3.7/site-packages/airflow/example_dags/example_latest_only_with_trigger.py
[2024-07-26T04:09:01.823+0000] {processor.py:756} INFO - Processing file /home/airflow/.local/lib/python3.7/site-packages/airflow/example_dags/example_latest_only_with_trigger.py for tasks to queue
[2024-07-26T04:09:01.825+0000] {logging_mixin.py:120} INFO - [2024-07-26T04:09:01.825+0000] {dagbag.py:537} INFO - Filling up the DagBag from /home/airflow/.local/lib/python3.7/site-packages/airflow/example_dags/example_latest_only_with_trigger.py
[2024-07-26T04:09:01.836+0000] {processor.py:766} INFO - DAG(s) dict_keys(['latest_only_with_trigger']) retrieved from /home/airflow/.local/lib/python3.7/site-packages/airflow/example_dags/example_latest_only_with_trigger.py
[2024-07-26T04:09:01.863+0000] {logging_mixin.py:120} INFO - [2024-07-26T04:09:01.863+0000] {dag.py:2585} INFO - Sync 1 DAGs
[2024-07-26T04:09:01.882+0000] {logging_mixin.py:120} INFO - [2024-07-26T04:09:01.882+0000] {dag.py:3340} INFO - Setting next_dagrun for latest_only_with_trigger to 2024-07-26T00:09:01.882029+00:00, run_after=2024-07-26T04:09:01.882029+00:00
[2024-07-26T04:09:01.903+0000] {processor.py:176} INFO - Processing /home/airflow/.local/lib/python3.7/site-packages/airflow/example_dags/example_latest_only_with_trigger.py took 0.087 seconds
[2024-07-26T04:10:11.311+0000] {processor.py:154} INFO - Started process (PID=5842) to work on /home/airflow/.local/lib/python3.7/site-packages/airflow/example_dags/example_latest_only_with_trigger.py
[2024-07-26T04:10:11.319+0000] {processor.py:756} INFO - Processing file /home/airflow/.local/lib/python3.7/site-packages/airflow/example_dags/example_latest_only_with_trigger.py for tasks to queue
[2024-07-26T04:10:11.320+0000] {logging_mixin.py:120} INFO - [2024-07-26T04:10:11.320+0000] {dagbag.py:537} INFO - Filling up the DagBag from /home/airflow/.local/lib/python3.7/site-packages/airflow/example_dags/example_latest_only_with_trigger.py
[2024-07-26T04:10:11.330+0000] {processor.py:766} INFO - DAG(s) dict_keys(['latest_only_with_trigger']) retrieved from /home/airflow/.local/lib/python3.7/site-packages/airflow/example_dags/example_latest_only_with_trigger.py
[2024-07-26T04:10:11.359+0000] {logging_mixin.py:120} INFO - [2024-07-26T04:10:11.358+0000] {dag.py:2585} INFO - Sync 1 DAGs
[2024-07-26T04:10:11.375+0000] {logging_mixin.py:120} INFO - [2024-07-26T04:10:11.375+0000] {dag.py:3340} INFO - Setting next_dagrun for latest_only_with_trigger to 2024-07-26T00:10:11.375560+00:00, run_after=2024-07-26T04:10:11.375560+00:00
[2024-07-26T04:10:11.385+0000] {processor.py:176} INFO - Processing /home/airflow/.local/lib/python3.7/site-packages/airflow/example_dags/example_latest_only_with_trigger.py took 0.076 seconds
[2024-07-26T04:11:37.676+0000] {processor.py:154} INFO - Started process (PID=5906) to work on /home/airflow/.local/lib/python3.7/site-packages/airflow/example_dags/example_latest_only_with_trigger.py
[2024-07-26T04:11:37.685+0000] {processor.py:756} INFO - Processing file /home/airflow/.local/lib/python3.7/site-packages/airflow/example_dags/example_latest_only_with_trigger.py for tasks to queue
[2024-07-26T04:11:37.685+0000] {logging_mixin.py:120} INFO - [2024-07-26T04:11:37.685+0000] {dagbag.py:537} INFO - Filling up the DagBag from /home/airflow/.local/lib/python3.7/site-packages/airflow/example_dags/example_latest_only_with_trigger.py
[2024-07-26T04:11:37.695+0000] {processor.py:766} INFO - DAG(s) dict_keys(['latest_only_with_trigger']) retrieved from /home/airflow/.local/lib/python3.7/site-packages/airflow/example_dags/example_latest_only_with_trigger.py
[2024-07-26T04:11:38.081+0000] {logging_mixin.py:120} INFO - [2024-07-26T04:11:38.080+0000] {dag.py:2585} INFO - Sync 1 DAGs
[2024-07-26T04:11:38.101+0000] {logging_mixin.py:120} INFO - [2024-07-26T04:11:38.100+0000] {dag.py:3340} INFO - Setting next_dagrun for latest_only_with_trigger to 2024-07-26T00:11:38.100758+00:00, run_after=2024-07-26T04:11:38.100758+00:00
[2024-07-26T04:11:38.211+0000] {processor.py:176} INFO - Processing /home/airflow/.local/lib/python3.7/site-packages/airflow/example_dags/example_latest_only_with_trigger.py took 0.537 seconds
[2024-07-26T04:12:21.279+0000] {processor.py:154} INFO - Started process (PID=5970) to work on /home/airflow/.local/lib/python3.7/site-packages/airflow/example_dags/example_latest_only_with_trigger.py
[2024-07-26T04:12:21.283+0000] {processor.py:756} INFO - Processing file /home/airflow/.local/lib/python3.7/site-packages/airflow/example_dags/example_latest_only_with_trigger.py for tasks to queue
[2024-07-26T04:12:21.286+0000] {logging_mixin.py:120} INFO - [2024-07-26T04:12:21.286+0000] {dagbag.py:537} INFO - Filling up the DagBag from /home/airflow/.local/lib/python3.7/site-packages/airflow/example_dags/example_latest_only_with_trigger.py
[2024-07-26T04:12:21.294+0000] {processor.py:766} INFO - DAG(s) dict_keys(['latest_only_with_trigger']) retrieved from /home/airflow/.local/lib/python3.7/site-packages/airflow/example_dags/example_latest_only_with_trigger.py
[2024-07-26T04:12:21.320+0000] {logging_mixin.py:120} INFO - [2024-07-26T04:12:21.320+0000] {dag.py:2585} INFO - Sync 1 DAGs
[2024-07-26T04:12:21.335+0000] {logging_mixin.py:120} INFO - [2024-07-26T04:12:21.335+0000] {dag.py:3340} INFO - Setting next_dagrun for latest_only_with_trigger to 2024-07-26T00:12:21.335455+00:00, run_after=2024-07-26T04:12:21.335455+00:00
[2024-07-26T04:12:21.351+0000] {processor.py:176} INFO - Processing /home/airflow/.local/lib/python3.7/site-packages/airflow/example_dags/example_latest_only_with_trigger.py took 0.075 seconds
[2024-07-26T04:13:14.577+0000] {processor.py:154} INFO - Started process (PID=6025) to work on /home/airflow/.local/lib/python3.7/site-packages/airflow/example_dags/example_latest_only_with_trigger.py
[2024-07-26T04:13:14.578+0000] {processor.py:756} INFO - Processing file /home/airflow/.local/lib/python3.7/site-packages/airflow/example_dags/example_latest_only_with_trigger.py for tasks to queue
[2024-07-26T04:13:14.578+0000] {logging_mixin.py:120} INFO - [2024-07-26T04:13:14.578+0000] {dagbag.py:537} INFO - Filling up the DagBag from /home/airflow/.local/lib/python3.7/site-packages/airflow/example_dags/example_latest_only_with_trigger.py
[2024-07-26T04:13:14.586+0000] {processor.py:766} INFO - DAG(s) dict_keys(['latest_only_with_trigger']) retrieved from /home/airflow/.local/lib/python3.7/site-packages/airflow/example_dags/example_latest_only_with_trigger.py
[2024-07-26T04:13:14.615+0000] {logging_mixin.py:120} INFO - [2024-07-26T04:13:14.615+0000] {dag.py:2585} INFO - Sync 1 DAGs
[2024-07-26T04:13:14.635+0000] {logging_mixin.py:120} INFO - [2024-07-26T04:13:14.635+0000] {dag.py:3340} INFO - Setting next_dagrun for latest_only_with_trigger to 2024-07-26T00:13:14.635020+00:00, run_after=2024-07-26T04:13:14.635020+00:00
[2024-07-26T04:13:14.653+0000] {processor.py:176} INFO - Processing /home/airflow/.local/lib/python3.7/site-packages/airflow/example_dags/example_latest_only_with_trigger.py took 0.078 seconds
[2024-07-26T04:14:05.474+0000] {processor.py:154} INFO - Started process (PID=6088) to work on /home/airflow/.local/lib/python3.7/site-packages/airflow/example_dags/example_latest_only_with_trigger.py
[2024-07-26T04:14:05.475+0000] {processor.py:756} INFO - Processing file /home/airflow/.local/lib/python3.7/site-packages/airflow/example_dags/example_latest_only_with_trigger.py for tasks to queue
[2024-07-26T04:14:05.475+0000] {logging_mixin.py:120} INFO - [2024-07-26T04:14:05.475+0000] {dagbag.py:537} INFO - Filling up the DagBag from /home/airflow/.local/lib/python3.7/site-packages/airflow/example_dags/example_latest_only_with_trigger.py
[2024-07-26T04:14:05.483+0000] {processor.py:766} INFO - DAG(s) dict_keys(['latest_only_with_trigger']) retrieved from /home/airflow/.local/lib/python3.7/site-packages/airflow/example_dags/example_latest_only_with_trigger.py
[2024-07-26T04:14:05.516+0000] {logging_mixin.py:120} INFO - [2024-07-26T04:14:05.516+0000] {dag.py:2585} INFO - Sync 1 DAGs
[2024-07-26T04:14:05.533+0000] {logging_mixin.py:120} INFO - [2024-07-26T04:14:05.533+0000] {dag.py:3340} INFO - Setting next_dagrun for latest_only_with_trigger to 2024-07-26T00:14:05.533595+00:00, run_after=2024-07-26T04:14:05.533595+00:00
[2024-07-26T04:14:05.548+0000] {processor.py:176} INFO - Processing /home/airflow/.local/lib/python3.7/site-packages/airflow/example_dags/example_latest_only_with_trigger.py took 0.075 seconds
[2024-07-26T04:18:33.994+0000] {processor.py:154} INFO - Started process (PID=6152) to work on /home/airflow/.local/lib/python3.7/site-packages/airflow/example_dags/example_latest_only_with_trigger.py
[2024-07-26T04:18:33.995+0000] {processor.py:756} INFO - Processing file /home/airflow/.local/lib/python3.7/site-packages/airflow/example_dags/example_latest_only_with_trigger.py for tasks to queue
[2024-07-26T04:18:34.002+0000] {logging_mixin.py:120} INFO - [2024-07-26T04:18:34.002+0000] {dagbag.py:537} INFO - Filling up the DagBag from /home/airflow/.local/lib/python3.7/site-packages/airflow/example_dags/example_latest_only_with_trigger.py
[2024-07-26T04:18:34.011+0000] {processor.py:766} INFO - DAG(s) dict_keys(['latest_only_with_trigger']) retrieved from /home/airflow/.local/lib/python3.7/site-packages/airflow/example_dags/example_latest_only_with_trigger.py
[2024-07-26T04:18:34.042+0000] {logging_mixin.py:120} INFO - [2024-07-26T04:18:34.042+0000] {dag.py:2585} INFO - Sync 1 DAGs
[2024-07-26T04:18:34.057+0000] {logging_mixin.py:120} INFO - [2024-07-26T04:18:34.056+0000] {dag.py:3340} INFO - Setting next_dagrun for latest_only_with_trigger to 2024-07-26T00:18:34.056876+00:00, run_after=2024-07-26T04:18:34.056876+00:00
[2024-07-26T04:18:34.075+0000] {processor.py:176} INFO - Processing /home/airflow/.local/lib/python3.7/site-packages/airflow/example_dags/example_latest_only_with_trigger.py took 0.083 seconds
[2024-07-26T04:19:16.299+0000] {processor.py:154} INFO - Started process (PID=6216) to work on /home/airflow/.local/lib/python3.7/site-packages/airflow/example_dags/example_latest_only_with_trigger.py
[2024-07-26T04:19:16.300+0000] {processor.py:756} INFO - Processing file /home/airflow/.local/lib/python3.7/site-packages/airflow/example_dags/example_latest_only_with_trigger.py for tasks to queue
[2024-07-26T04:19:16.300+0000] {logging_mixin.py:120} INFO - [2024-07-26T04:19:16.300+0000] {dagbag.py:537} INFO - Filling up the DagBag from /home/airflow/.local/lib/python3.7/site-packages/airflow/example_dags/example_latest_only_with_trigger.py
[2024-07-26T04:19:16.310+0000] {processor.py:766} INFO - DAG(s) dict_keys(['latest_only_with_trigger']) retrieved from /home/airflow/.local/lib/python3.7/site-packages/airflow/example_dags/example_latest_only_with_trigger.py
[2024-07-26T04:19:16.339+0000] {logging_mixin.py:120} INFO - [2024-07-26T04:19:16.339+0000] {dag.py:2585} INFO - Sync 1 DAGs
[2024-07-26T04:19:16.356+0000] {logging_mixin.py:120} INFO - [2024-07-26T04:19:16.356+0000] {dag.py:3340} INFO - Setting next_dagrun for latest_only_with_trigger to 2024-07-26T00:19:16.356356+00:00, run_after=2024-07-26T04:19:16.356356+00:00
[2024-07-26T04:19:16.374+0000] {processor.py:176} INFO - Processing /home/airflow/.local/lib/python3.7/site-packages/airflow/example_dags/example_latest_only_with_trigger.py took 0.077 seconds
[2024-07-26T04:20:37.863+0000] {processor.py:154} INFO - Started process (PID=6271) to work on /home/airflow/.local/lib/python3.7/site-packages/airflow/example_dags/example_latest_only_with_trigger.py
[2024-07-26T04:20:37.865+0000] {processor.py:756} INFO - Processing file /home/airflow/.local/lib/python3.7/site-packages/airflow/example_dags/example_latest_only_with_trigger.py for tasks to queue
[2024-07-26T04:20:37.866+0000] {logging_mixin.py:120} INFO - [2024-07-26T04:20:37.866+0000] {dagbag.py:537} INFO - Filling up the DagBag from /home/airflow/.local/lib/python3.7/site-packages/airflow/example_dags/example_latest_only_with_trigger.py
[2024-07-26T04:20:37.875+0000] {processor.py:766} INFO - DAG(s) dict_keys(['latest_only_with_trigger']) retrieved from /home/airflow/.local/lib/python3.7/site-packages/airflow/example_dags/example_latest_only_with_trigger.py
[2024-07-26T04:20:37.904+0000] {logging_mixin.py:120} INFO - [2024-07-26T04:20:37.904+0000] {dag.py:2585} INFO - Sync 1 DAGs
[2024-07-26T04:20:37.924+0000] {logging_mixin.py:120} INFO - [2024-07-26T04:20:37.924+0000] {dag.py:3340} INFO - Setting next_dagrun for latest_only_with_trigger to 2024-07-26T00:20:37.924668+00:00, run_after=2024-07-26T04:20:37.924668+00:00
[2024-07-26T04:20:37.941+0000] {processor.py:176} INFO - Processing /home/airflow/.local/lib/python3.7/site-packages/airflow/example_dags/example_latest_only_with_trigger.py took 0.080 seconds
[2024-07-26T04:21:41.814+0000] {processor.py:154} INFO - Started process (PID=6334) to work on /home/airflow/.local/lib/python3.7/site-packages/airflow/example_dags/example_latest_only_with_trigger.py
[2024-07-26T04:21:41.816+0000] {processor.py:756} INFO - Processing file /home/airflow/.local/lib/python3.7/site-packages/airflow/example_dags/example_latest_only_with_trigger.py for tasks to queue
[2024-07-26T04:21:41.817+0000] {logging_mixin.py:120} INFO - [2024-07-26T04:21:41.817+0000] {dagbag.py:537} INFO - Filling up the DagBag from /home/airflow/.local/lib/python3.7/site-packages/airflow/example_dags/example_latest_only_with_trigger.py
[2024-07-26T04:21:41.827+0000] {processor.py:766} INFO - DAG(s) dict_keys(['latest_only_with_trigger']) retrieved from /home/airflow/.local/lib/python3.7/site-packages/airflow/example_dags/example_latest_only_with_trigger.py
[2024-07-26T04:21:41.850+0000] {logging_mixin.py:120} INFO - [2024-07-26T04:21:41.850+0000] {dag.py:2585} INFO - Sync 1 DAGs
[2024-07-26T04:21:41.866+0000] {logging_mixin.py:120} INFO - [2024-07-26T04:21:41.866+0000] {dag.py:3340} INFO - Setting next_dagrun for latest_only_with_trigger to 2024-07-26T00:21:41.866175+00:00, run_after=2024-07-26T04:21:41.866175+00:00
[2024-07-26T04:21:41.878+0000] {processor.py:176} INFO - Processing /home/airflow/.local/lib/python3.7/site-packages/airflow/example_dags/example_latest_only_with_trigger.py took 0.065 seconds
[2024-07-26T04:22:48.190+0000] {processor.py:154} INFO - Started process (PID=6398) to work on /home/airflow/.local/lib/python3.7/site-packages/airflow/example_dags/example_latest_only_with_trigger.py
[2024-07-26T04:22:48.191+0000] {processor.py:756} INFO - Processing file /home/airflow/.local/lib/python3.7/site-packages/airflow/example_dags/example_latest_only_with_trigger.py for tasks to queue
[2024-07-26T04:22:48.191+0000] {logging_mixin.py:120} INFO - [2024-07-26T04:22:48.191+0000] {dagbag.py:537} INFO - Filling up the DagBag from /home/airflow/.local/lib/python3.7/site-packages/airflow/example_dags/example_latest_only_with_trigger.py
[2024-07-26T04:22:48.199+0000] {processor.py:766} INFO - DAG(s) dict_keys(['latest_only_with_trigger']) retrieved from /home/airflow/.local/lib/python3.7/site-packages/airflow/example_dags/example_latest_only_with_trigger.py
[2024-07-26T04:22:48.225+0000] {logging_mixin.py:120} INFO - [2024-07-26T04:22:48.225+0000] {dag.py:2585} INFO - Sync 1 DAGs
[2024-07-26T04:22:48.237+0000] {logging_mixin.py:120} INFO - [2024-07-26T04:22:48.237+0000] {dag.py:3340} INFO - Setting next_dagrun for latest_only_with_trigger to 2024-07-26T00:22:48.237145+00:00, run_after=2024-07-26T04:22:48.237145+00:00
[2024-07-26T04:22:48.251+0000] {processor.py:176} INFO - Processing /home/airflow/.local/lib/python3.7/site-packages/airflow/example_dags/example_latest_only_with_trigger.py took 0.063 seconds
[2024-07-26T04:34:01.115+0000] {processor.py:154} INFO - Started process (PID=6462) to work on /home/airflow/.local/lib/python3.7/site-packages/airflow/example_dags/example_latest_only_with_trigger.py
[2024-07-26T04:34:01.117+0000] {processor.py:756} INFO - Processing file /home/airflow/.local/lib/python3.7/site-packages/airflow/example_dags/example_latest_only_with_trigger.py for tasks to queue
[2024-07-26T04:34:01.118+0000] {logging_mixin.py:120} INFO - [2024-07-26T04:34:01.118+0000] {dagbag.py:537} INFO - Filling up the DagBag from /home/airflow/.local/lib/python3.7/site-packages/airflow/example_dags/example_latest_only_with_trigger.py
[2024-07-26T04:34:01.148+0000] {processor.py:766} INFO - DAG(s) dict_keys(['latest_only_with_trigger']) retrieved from /home/airflow/.local/lib/python3.7/site-packages/airflow/example_dags/example_latest_only_with_trigger.py
[2024-07-26T04:34:01.206+0000] {logging_mixin.py:120} INFO - [2024-07-26T04:34:01.206+0000] {dag.py:2585} INFO - Sync 1 DAGs
[2024-07-26T04:34:01.227+0000] {logging_mixin.py:120} INFO - [2024-07-26T04:34:01.227+0000] {dag.py:3340} INFO - Setting next_dagrun for latest_only_with_trigger to 2024-07-26T00:34:01.227317+00:00, run_after=2024-07-26T04:34:01.227317+00:00
[2024-07-26T04:34:01.242+0000] {processor.py:176} INFO - Processing /home/airflow/.local/lib/python3.7/site-packages/airflow/example_dags/example_latest_only_with_trigger.py took 0.132 seconds
[2024-07-26T04:49:13.449+0000] {processor.py:154} INFO - Started process (PID=6526) to work on /home/airflow/.local/lib/python3.7/site-packages/airflow/example_dags/example_latest_only_with_trigger.py
[2024-07-26T04:49:13.452+0000] {processor.py:756} INFO - Processing file /home/airflow/.local/lib/python3.7/site-packages/airflow/example_dags/example_latest_only_with_trigger.py for tasks to queue
[2024-07-26T04:49:13.452+0000] {logging_mixin.py:120} INFO - [2024-07-26T04:49:13.452+0000] {dagbag.py:537} INFO - Filling up the DagBag from /home/airflow/.local/lib/python3.7/site-packages/airflow/example_dags/example_latest_only_with_trigger.py
[2024-07-26T04:49:13.463+0000] {processor.py:766} INFO - DAG(s) dict_keys(['latest_only_with_trigger']) retrieved from /home/airflow/.local/lib/python3.7/site-packages/airflow/example_dags/example_latest_only_with_trigger.py
[2024-07-26T04:49:13.496+0000] {logging_mixin.py:120} INFO - [2024-07-26T04:49:13.496+0000] {dag.py:2585} INFO - Sync 1 DAGs
[2024-07-26T04:49:13.511+0000] {logging_mixin.py:120} INFO - [2024-07-26T04:49:13.511+0000] {dag.py:3340} INFO - Setting next_dagrun for latest_only_with_trigger to 2024-07-26T00:49:13.511054+00:00, run_after=2024-07-26T04:49:13.511054+00:00
[2024-07-26T04:49:13.534+0000] {processor.py:176} INFO - Processing /home/airflow/.local/lib/python3.7/site-packages/airflow/example_dags/example_latest_only_with_trigger.py took 0.088 seconds
[2024-07-26T04:53:38.225+0000] {processor.py:154} INFO - Started process (PID=6581) to work on /home/airflow/.local/lib/python3.7/site-packages/airflow/example_dags/example_latest_only_with_trigger.py
[2024-07-26T04:53:38.227+0000] {processor.py:756} INFO - Processing file /home/airflow/.local/lib/python3.7/site-packages/airflow/example_dags/example_latest_only_with_trigger.py for tasks to queue
[2024-07-26T04:53:38.228+0000] {logging_mixin.py:120} INFO - [2024-07-26T04:53:38.228+0000] {dagbag.py:537} INFO - Filling up the DagBag from /home/airflow/.local/lib/python3.7/site-packages/airflow/example_dags/example_latest_only_with_trigger.py
[2024-07-26T04:53:38.242+0000] {processor.py:766} INFO - DAG(s) dict_keys(['latest_only_with_trigger']) retrieved from /home/airflow/.local/lib/python3.7/site-packages/airflow/example_dags/example_latest_only_with_trigger.py
[2024-07-26T04:53:38.276+0000] {logging_mixin.py:120} INFO - [2024-07-26T04:53:38.276+0000] {dag.py:2585} INFO - Sync 1 DAGs
[2024-07-26T04:53:38.292+0000] {logging_mixin.py:120} INFO - [2024-07-26T04:53:38.292+0000] {dag.py:3340} INFO - Setting next_dagrun for latest_only_with_trigger to 2024-07-26T00:53:38.292077+00:00, run_after=2024-07-26T04:53:38.292077+00:00
[2024-07-26T04:53:38.307+0000] {processor.py:176} INFO - Processing /home/airflow/.local/lib/python3.7/site-packages/airflow/example_dags/example_latest_only_with_trigger.py took 0.084 seconds
[2024-07-26T05:02:50.471+0000] {processor.py:154} INFO - Started process (PID=6645) to work on /home/airflow/.local/lib/python3.7/site-packages/airflow/example_dags/example_latest_only_with_trigger.py
[2024-07-26T05:02:50.473+0000] {processor.py:756} INFO - Processing file /home/airflow/.local/lib/python3.7/site-packages/airflow/example_dags/example_latest_only_with_trigger.py for tasks to queue
[2024-07-26T05:02:50.474+0000] {logging_mixin.py:120} INFO - [2024-07-26T05:02:50.474+0000] {dagbag.py:537} INFO - Filling up the DagBag from /home/airflow/.local/lib/python3.7/site-packages/airflow/example_dags/example_latest_only_with_trigger.py
[2024-07-26T05:02:50.482+0000] {processor.py:766} INFO - DAG(s) dict_keys(['latest_only_with_trigger']) retrieved from /home/airflow/.local/lib/python3.7/site-packages/airflow/example_dags/example_latest_only_with_trigger.py
[2024-07-26T05:02:50.516+0000] {logging_mixin.py:120} INFO - [2024-07-26T05:02:50.516+0000] {dag.py:2585} INFO - Sync 1 DAGs
[2024-07-26T05:02:50.535+0000] {logging_mixin.py:120} INFO - [2024-07-26T05:02:50.534+0000] {dag.py:3340} INFO - Setting next_dagrun for latest_only_with_trigger to 2024-07-26T01:02:50.534762+00:00, run_after=2024-07-26T05:02:50.534762+00:00
[2024-07-26T05:02:50.560+0000] {processor.py:176} INFO - Processing /home/airflow/.local/lib/python3.7/site-packages/airflow/example_dags/example_latest_only_with_trigger.py took 0.091 seconds
[2024-07-26T05:15:52.722+0000] {processor.py:154} INFO - Started process (PID=6709) to work on /home/airflow/.local/lib/python3.7/site-packages/airflow/example_dags/example_latest_only_with_trigger.py
[2024-07-26T05:15:52.722+0000] {processor.py:756} INFO - Processing file /home/airflow/.local/lib/python3.7/site-packages/airflow/example_dags/example_latest_only_with_trigger.py for tasks to queue
[2024-07-26T05:15:52.726+0000] {logging_mixin.py:120} INFO - [2024-07-26T05:15:52.725+0000] {dagbag.py:537} INFO - Filling up the DagBag from /home/airflow/.local/lib/python3.7/site-packages/airflow/example_dags/example_latest_only_with_trigger.py
[2024-07-26T05:15:52.741+0000] {processor.py:766} INFO - DAG(s) dict_keys(['latest_only_with_trigger']) retrieved from /home/airflow/.local/lib/python3.7/site-packages/airflow/example_dags/example_latest_only_with_trigger.py
[2024-07-26T05:15:52.773+0000] {logging_mixin.py:120} INFO - [2024-07-26T05:15:52.773+0000] {dag.py:2585} INFO - Sync 1 DAGs
[2024-07-26T05:15:52.791+0000] {logging_mixin.py:120} INFO - [2024-07-26T05:15:52.791+0000] {dag.py:3340} INFO - Setting next_dagrun for latest_only_with_trigger to 2024-07-26T01:15:52.791099+00:00, run_after=2024-07-26T05:15:52.791099+00:00
[2024-07-26T05:15:52.808+0000] {processor.py:176} INFO - Processing /home/airflow/.local/lib/python3.7/site-packages/airflow/example_dags/example_latest_only_with_trigger.py took 0.089 seconds
[2024-07-26T05:33:29.607+0000] {processor.py:154} INFO - Started process (PID=6773) to work on /home/airflow/.local/lib/python3.7/site-packages/airflow/example_dags/example_latest_only_with_trigger.py
[2024-07-26T05:33:29.609+0000] {processor.py:756} INFO - Processing file /home/airflow/.local/lib/python3.7/site-packages/airflow/example_dags/example_latest_only_with_trigger.py for tasks to queue
[2024-07-26T05:33:29.610+0000] {logging_mixin.py:120} INFO - [2024-07-26T05:33:29.609+0000] {dagbag.py:537} INFO - Filling up the DagBag from /home/airflow/.local/lib/python3.7/site-packages/airflow/example_dags/example_latest_only_with_trigger.py
[2024-07-26T05:33:29.623+0000] {processor.py:766} INFO - DAG(s) dict_keys(['latest_only_with_trigger']) retrieved from /home/airflow/.local/lib/python3.7/site-packages/airflow/example_dags/example_latest_only_with_trigger.py
[2024-07-26T05:33:29.666+0000] {logging_mixin.py:120} INFO - [2024-07-26T05:33:29.666+0000] {dag.py:2585} INFO - Sync 1 DAGs
[2024-07-26T05:33:29.695+0000] {logging_mixin.py:120} INFO - [2024-07-26T05:33:29.695+0000] {dag.py:3340} INFO - Setting next_dagrun for latest_only_with_trigger to 2024-07-26T01:33:29.695631+00:00, run_after=2024-07-26T05:33:29.695631+00:00
[2024-07-26T05:33:29.721+0000] {processor.py:176} INFO - Processing /home/airflow/.local/lib/python3.7/site-packages/airflow/example_dags/example_latest_only_with_trigger.py took 0.117 seconds
[2024-07-26T06:09:36.989+0000] {processor.py:154} INFO - Started process (PID=6836) to work on /home/airflow/.local/lib/python3.7/site-packages/airflow/example_dags/example_latest_only_with_trigger.py
[2024-07-26T06:09:36.990+0000] {processor.py:756} INFO - Processing file /home/airflow/.local/lib/python3.7/site-packages/airflow/example_dags/example_latest_only_with_trigger.py for tasks to queue
[2024-07-26T06:09:36.992+0000] {logging_mixin.py:120} INFO - [2024-07-26T06:09:36.992+0000] {dagbag.py:537} INFO - Filling up the DagBag from /home/airflow/.local/lib/python3.7/site-packages/airflow/example_dags/example_latest_only_with_trigger.py
[2024-07-26T06:09:37.007+0000] {processor.py:766} INFO - DAG(s) dict_keys(['latest_only_with_trigger']) retrieved from /home/airflow/.local/lib/python3.7/site-packages/airflow/example_dags/example_latest_only_with_trigger.py
[2024-07-26T06:09:37.031+0000] {logging_mixin.py:120} INFO - [2024-07-26T06:09:37.031+0000] {dag.py:2585} INFO - Sync 1 DAGs
[2024-07-26T06:09:37.052+0000] {logging_mixin.py:120} INFO - [2024-07-26T06:09:37.052+0000] {dag.py:3340} INFO - Setting next_dagrun for latest_only_with_trigger to 2024-07-26T02:09:37.052486+00:00, run_after=2024-07-26T06:09:37.052486+00:00
[2024-07-26T06:09:37.070+0000] {processor.py:176} INFO - Processing /home/airflow/.local/lib/python3.7/site-packages/airflow/example_dags/example_latest_only_with_trigger.py took 0.082 seconds
[2024-07-26T07:10:33.965+0000] {processor.py:154} INFO - Started process (PID=6891) to work on /home/airflow/.local/lib/python3.7/site-packages/airflow/example_dags/example_latest_only_with_trigger.py
[2024-07-26T07:10:33.967+0000] {processor.py:756} INFO - Processing file /home/airflow/.local/lib/python3.7/site-packages/airflow/example_dags/example_latest_only_with_trigger.py for tasks to queue
[2024-07-26T07:10:33.968+0000] {logging_mixin.py:120} INFO - [2024-07-26T07:10:33.968+0000] {dagbag.py:537} INFO - Filling up the DagBag from /home/airflow/.local/lib/python3.7/site-packages/airflow/example_dags/example_latest_only_with_trigger.py
[2024-07-26T07:10:33.977+0000] {processor.py:766} INFO - DAG(s) dict_keys(['latest_only_with_trigger']) retrieved from /home/airflow/.local/lib/python3.7/site-packages/airflow/example_dags/example_latest_only_with_trigger.py
[2024-07-26T07:10:34.022+0000] {logging_mixin.py:120} INFO - [2024-07-26T07:10:34.022+0000] {dag.py:2585} INFO - Sync 1 DAGs
[2024-07-26T07:10:34.048+0000] {logging_mixin.py:120} INFO - [2024-07-26T07:10:34.048+0000] {dag.py:3340} INFO - Setting next_dagrun for latest_only_with_trigger to 2024-07-26T03:10:34.048052+00:00, run_after=2024-07-26T07:10:34.048052+00:00
[2024-07-26T07:10:34.071+0000] {processor.py:176} INFO - Processing /home/airflow/.local/lib/python3.7/site-packages/airflow/example_dags/example_latest_only_with_trigger.py took 0.108 seconds
[2024-07-26T08:11:48.260+0000] {processor.py:154} INFO - Started process (PID=6955) to work on /home/airflow/.local/lib/python3.7/site-packages/airflow/example_dags/example_latest_only_with_trigger.py
[2024-07-26T08:11:48.262+0000] {processor.py:756} INFO - Processing file /home/airflow/.local/lib/python3.7/site-packages/airflow/example_dags/example_latest_only_with_trigger.py for tasks to queue
[2024-07-26T08:11:48.263+0000] {logging_mixin.py:120} INFO - [2024-07-26T08:11:48.262+0000] {dagbag.py:537} INFO - Filling up the DagBag from /home/airflow/.local/lib/python3.7/site-packages/airflow/example_dags/example_latest_only_with_trigger.py
[2024-07-26T08:11:48.270+0000] {processor.py:766} INFO - DAG(s) dict_keys(['latest_only_with_trigger']) retrieved from /home/airflow/.local/lib/python3.7/site-packages/airflow/example_dags/example_latest_only_with_trigger.py
[2024-07-26T08:11:48.300+0000] {logging_mixin.py:120} INFO - [2024-07-26T08:11:48.300+0000] {dag.py:2585} INFO - Sync 1 DAGs
[2024-07-26T08:11:48.315+0000] {logging_mixin.py:120} INFO - [2024-07-26T08:11:48.315+0000] {dag.py:3340} INFO - Setting next_dagrun for latest_only_with_trigger to 2024-07-26T04:11:48.314864+00:00, run_after=2024-07-26T08:11:48.314864+00:00
[2024-07-26T08:11:48.336+0000] {processor.py:176} INFO - Processing /home/airflow/.local/lib/python3.7/site-packages/airflow/example_dags/example_latest_only_with_trigger.py took 0.078 seconds
[2024-07-26T08:36:12.121+0000] {processor.py:154} INFO - Started process (PID=7019) to work on /home/airflow/.local/lib/python3.7/site-packages/airflow/example_dags/example_latest_only_with_trigger.py
[2024-07-26T08:36:12.123+0000] {processor.py:756} INFO - Processing file /home/airflow/.local/lib/python3.7/site-packages/airflow/example_dags/example_latest_only_with_trigger.py for tasks to queue
[2024-07-26T08:36:12.124+0000] {logging_mixin.py:120} INFO - [2024-07-26T08:36:12.124+0000] {dagbag.py:537} INFO - Filling up the DagBag from /home/airflow/.local/lib/python3.7/site-packages/airflow/example_dags/example_latest_only_with_trigger.py
[2024-07-26T08:36:12.136+0000] {processor.py:766} INFO - DAG(s) dict_keys(['latest_only_with_trigger']) retrieved from /home/airflow/.local/lib/python3.7/site-packages/airflow/example_dags/example_latest_only_with_trigger.py
[2024-07-26T08:36:12.169+0000] {logging_mixin.py:120} INFO - [2024-07-26T08:36:12.169+0000] {dag.py:2585} INFO - Sync 1 DAGs
[2024-07-26T08:36:12.187+0000] {logging_mixin.py:120} INFO - [2024-07-26T08:36:12.187+0000] {dag.py:3340} INFO - Setting next_dagrun for latest_only_with_trigger to 2024-07-26T04:36:12.187615+00:00, run_after=2024-07-26T08:36:12.187615+00:00
[2024-07-26T08:36:12.207+0000] {processor.py:176} INFO - Processing /home/airflow/.local/lib/python3.7/site-packages/airflow/example_dags/example_latest_only_with_trigger.py took 0.088 seconds
[2024-07-26T09:29:26.692+0000] {processor.py:154} INFO - Started process (PID=7083) to work on /home/airflow/.local/lib/python3.7/site-packages/airflow/example_dags/example_latest_only_with_trigger.py
[2024-07-26T09:29:26.693+0000] {processor.py:756} INFO - Processing file /home/airflow/.local/lib/python3.7/site-packages/airflow/example_dags/example_latest_only_with_trigger.py for tasks to queue
[2024-07-26T09:29:26.697+0000] {logging_mixin.py:120} INFO - [2024-07-26T09:29:26.697+0000] {dagbag.py:537} INFO - Filling up the DagBag from /home/airflow/.local/lib/python3.7/site-packages/airflow/example_dags/example_latest_only_with_trigger.py
[2024-07-26T09:29:26.711+0000] {processor.py:766} INFO - DAG(s) dict_keys(['latest_only_with_trigger']) retrieved from /home/airflow/.local/lib/python3.7/site-packages/airflow/example_dags/example_latest_only_with_trigger.py
[2024-07-26T09:29:26.749+0000] {logging_mixin.py:120} INFO - [2024-07-26T09:29:26.749+0000] {dag.py:2585} INFO - Sync 1 DAGs
[2024-07-26T09:29:26.765+0000] {logging_mixin.py:120} INFO - [2024-07-26T09:29:26.765+0000] {dag.py:3340} INFO - Setting next_dagrun for latest_only_with_trigger to 2024-07-26T05:29:26.765640+00:00, run_after=2024-07-26T09:29:26.765640+00:00
[2024-07-26T09:29:26.785+0000] {processor.py:176} INFO - Processing /home/airflow/.local/lib/python3.7/site-packages/airflow/example_dags/example_latest_only_with_trigger.py took 0.095 seconds
[2024-07-26T10:30:31.209+0000] {processor.py:154} INFO - Started process (PID=7138) to work on /home/airflow/.local/lib/python3.7/site-packages/airflow/example_dags/example_latest_only_with_trigger.py
[2024-07-26T10:30:31.210+0000] {processor.py:756} INFO - Processing file /home/airflow/.local/lib/python3.7/site-packages/airflow/example_dags/example_latest_only_with_trigger.py for tasks to queue
[2024-07-26T10:30:31.211+0000] {logging_mixin.py:120} INFO - [2024-07-26T10:30:31.210+0000] {dagbag.py:537} INFO - Filling up the DagBag from /home/airflow/.local/lib/python3.7/site-packages/airflow/example_dags/example_latest_only_with_trigger.py
[2024-07-26T10:30:31.222+0000] {processor.py:766} INFO - DAG(s) dict_keys(['latest_only_with_trigger']) retrieved from /home/airflow/.local/lib/python3.7/site-packages/airflow/example_dags/example_latest_only_with_trigger.py
[2024-07-26T10:30:31.253+0000] {logging_mixin.py:120} INFO - [2024-07-26T10:30:31.253+0000] {dag.py:2585} INFO - Sync 1 DAGs
[2024-07-26T10:30:31.285+0000] {logging_mixin.py:120} INFO - [2024-07-26T10:30:31.285+0000] {dag.py:3340} INFO - Setting next_dagrun for latest_only_with_trigger to 2024-07-26T06:30:31.285075+00:00, run_after=2024-07-26T10:30:31.285075+00:00
[2024-07-26T10:30:31.315+0000] {processor.py:176} INFO - Processing /home/airflow/.local/lib/python3.7/site-packages/airflow/example_dags/example_latest_only_with_trigger.py took 0.109 seconds
[2024-07-26T10:39:57.091+0000] {processor.py:154} INFO - Started process (PID=7202) to work on /home/airflow/.local/lib/python3.7/site-packages/airflow/example_dags/example_latest_only_with_trigger.py
[2024-07-26T10:39:57.094+0000] {processor.py:756} INFO - Processing file /home/airflow/.local/lib/python3.7/site-packages/airflow/example_dags/example_latest_only_with_trigger.py for tasks to queue
[2024-07-26T10:39:57.095+0000] {logging_mixin.py:120} INFO - [2024-07-26T10:39:57.095+0000] {dagbag.py:537} INFO - Filling up the DagBag from /home/airflow/.local/lib/python3.7/site-packages/airflow/example_dags/example_latest_only_with_trigger.py
[2024-07-26T10:39:57.103+0000] {processor.py:766} INFO - DAG(s) dict_keys(['latest_only_with_trigger']) retrieved from /home/airflow/.local/lib/python3.7/site-packages/airflow/example_dags/example_latest_only_with_trigger.py
[2024-07-26T10:39:57.133+0000] {logging_mixin.py:120} INFO - [2024-07-26T10:39:57.133+0000] {dag.py:2585} INFO - Sync 1 DAGs
[2024-07-26T10:39:57.150+0000] {logging_mixin.py:120} INFO - [2024-07-26T10:39:57.150+0000] {dag.py:3340} INFO - Setting next_dagrun for latest_only_with_trigger to 2024-07-26T06:39:57.150335+00:00, run_after=2024-07-26T10:39:57.150335+00:00
[2024-07-26T10:39:57.168+0000] {processor.py:176} INFO - Processing /home/airflow/.local/lib/python3.7/site-packages/airflow/example_dags/example_latest_only_with_trigger.py took 0.078 seconds
[2024-07-26T11:48:31.163+0000] {processor.py:154} INFO - Started process (PID=7266) to work on /home/airflow/.local/lib/python3.7/site-packages/airflow/example_dags/example_latest_only_with_trigger.py
[2024-07-26T11:48:31.167+0000] {processor.py:756} INFO - Processing file /home/airflow/.local/lib/python3.7/site-packages/airflow/example_dags/example_latest_only_with_trigger.py for tasks to queue
[2024-07-26T11:48:31.167+0000] {logging_mixin.py:120} INFO - [2024-07-26T11:48:31.167+0000] {dagbag.py:537} INFO - Filling up the DagBag from /home/airflow/.local/lib/python3.7/site-packages/airflow/example_dags/example_latest_only_with_trigger.py
[2024-07-26T11:48:31.177+0000] {processor.py:766} INFO - DAG(s) dict_keys(['latest_only_with_trigger']) retrieved from /home/airflow/.local/lib/python3.7/site-packages/airflow/example_dags/example_latest_only_with_trigger.py
[2024-07-26T11:48:31.217+0000] {logging_mixin.py:120} INFO - [2024-07-26T11:48:31.217+0000] {dag.py:2585} INFO - Sync 1 DAGs
[2024-07-26T11:48:31.240+0000] {logging_mixin.py:120} INFO - [2024-07-26T11:48:31.240+0000] {dag.py:3340} INFO - Setting next_dagrun for latest_only_with_trigger to 2024-07-26T07:48:31.240367+00:00, run_after=2024-07-26T11:48:31.240367+00:00
[2024-07-26T11:48:31.260+0000] {processor.py:176} INFO - Processing /home/airflow/.local/lib/python3.7/site-packages/airflow/example_dags/example_latest_only_with_trigger.py took 0.102 seconds
[2024-07-26T12:13:06.455+0000] {processor.py:154} INFO - Started process (PID=7330) to work on /home/airflow/.local/lib/python3.7/site-packages/airflow/example_dags/example_latest_only_with_trigger.py
[2024-07-26T12:13:06.456+0000] {processor.py:756} INFO - Processing file /home/airflow/.local/lib/python3.7/site-packages/airflow/example_dags/example_latest_only_with_trigger.py for tasks to queue
[2024-07-26T12:13:06.457+0000] {logging_mixin.py:120} INFO - [2024-07-26T12:13:06.457+0000] {dagbag.py:537} INFO - Filling up the DagBag from /home/airflow/.local/lib/python3.7/site-packages/airflow/example_dags/example_latest_only_with_trigger.py
[2024-07-26T12:13:06.467+0000] {processor.py:766} INFO - DAG(s) dict_keys(['latest_only_with_trigger']) retrieved from /home/airflow/.local/lib/python3.7/site-packages/airflow/example_dags/example_latest_only_with_trigger.py
[2024-07-26T12:13:06.500+0000] {logging_mixin.py:120} INFO - [2024-07-26T12:13:06.500+0000] {dag.py:2585} INFO - Sync 1 DAGs
[2024-07-26T12:13:06.522+0000] {logging_mixin.py:120} INFO - [2024-07-26T12:13:06.522+0000] {dag.py:3340} INFO - Setting next_dagrun for latest_only_with_trigger to 2024-07-26T08:13:06.522645+00:00, run_after=2024-07-26T12:13:06.522645+00:00
[2024-07-26T12:13:06.542+0000] {processor.py:176} INFO - Processing /home/airflow/.local/lib/python3.7/site-packages/airflow/example_dags/example_latest_only_with_trigger.py took 0.090 seconds
[2024-07-26T12:19:26.472+0000] {processor.py:154} INFO - Started process (PID=7385) to work on /home/airflow/.local/lib/python3.7/site-packages/airflow/example_dags/example_latest_only_with_trigger.py
[2024-07-26T12:19:26.473+0000] {processor.py:756} INFO - Processing file /home/airflow/.local/lib/python3.7/site-packages/airflow/example_dags/example_latest_only_with_trigger.py for tasks to queue
[2024-07-26T12:19:26.475+0000] {logging_mixin.py:120} INFO - [2024-07-26T12:19:26.474+0000] {dagbag.py:537} INFO - Filling up the DagBag from /home/airflow/.local/lib/python3.7/site-packages/airflow/example_dags/example_latest_only_with_trigger.py
[2024-07-26T12:19:26.487+0000] {processor.py:766} INFO - DAG(s) dict_keys(['latest_only_with_trigger']) retrieved from /home/airflow/.local/lib/python3.7/site-packages/airflow/example_dags/example_latest_only_with_trigger.py
[2024-07-26T12:19:26.521+0000] {logging_mixin.py:120} INFO - [2024-07-26T12:19:26.521+0000] {dag.py:2585} INFO - Sync 1 DAGs
[2024-07-26T12:19:26.548+0000] {logging_mixin.py:120} INFO - [2024-07-26T12:19:26.548+0000] {dag.py:3340} INFO - Setting next_dagrun for latest_only_with_trigger to 2024-07-26T08:19:26.547921+00:00, run_after=2024-07-26T12:19:26.547921+00:00
[2024-07-26T12:19:26.562+0000] {processor.py:176} INFO - Processing /home/airflow/.local/lib/python3.7/site-packages/airflow/example_dags/example_latest_only_with_trigger.py took 0.093 seconds
[2024-07-26T13:00:09.080+0000] {processor.py:154} INFO - Started process (PID=7448) to work on /home/airflow/.local/lib/python3.7/site-packages/airflow/example_dags/example_latest_only_with_trigger.py
[2024-07-26T13:00:09.083+0000] {processor.py:756} INFO - Processing file /home/airflow/.local/lib/python3.7/site-packages/airflow/example_dags/example_latest_only_with_trigger.py for tasks to queue
[2024-07-26T13:00:09.083+0000] {logging_mixin.py:120} INFO - [2024-07-26T13:00:09.083+0000] {dagbag.py:537} INFO - Filling up the DagBag from /home/airflow/.local/lib/python3.7/site-packages/airflow/example_dags/example_latest_only_with_trigger.py
[2024-07-26T13:00:09.091+0000] {processor.py:766} INFO - DAG(s) dict_keys(['latest_only_with_trigger']) retrieved from /home/airflow/.local/lib/python3.7/site-packages/airflow/example_dags/example_latest_only_with_trigger.py
[2024-07-26T13:00:09.134+0000] {logging_mixin.py:120} INFO - [2024-07-26T13:00:09.134+0000] {dag.py:2585} INFO - Sync 1 DAGs
[2024-07-26T13:00:09.151+0000] {logging_mixin.py:120} INFO - [2024-07-26T13:00:09.151+0000] {dag.py:3340} INFO - Setting next_dagrun for latest_only_with_trigger to 2024-07-26T09:00:09.151691+00:00, run_after=2024-07-26T13:00:09.151691+00:00
[2024-07-26T13:00:09.169+0000] {processor.py:176} INFO - Processing /home/airflow/.local/lib/python3.7/site-packages/airflow/example_dags/example_latest_only_with_trigger.py took 0.092 seconds
[2024-07-26T13:12:28.317+0000] {processor.py:154} INFO - Started process (PID=7512) to work on /home/airflow/.local/lib/python3.7/site-packages/airflow/example_dags/example_latest_only_with_trigger.py
[2024-07-26T13:12:28.318+0000] {processor.py:756} INFO - Processing file /home/airflow/.local/lib/python3.7/site-packages/airflow/example_dags/example_latest_only_with_trigger.py for tasks to queue
[2024-07-26T13:12:28.319+0000] {logging_mixin.py:120} INFO - [2024-07-26T13:12:28.319+0000] {dagbag.py:537} INFO - Filling up the DagBag from /home/airflow/.local/lib/python3.7/site-packages/airflow/example_dags/example_latest_only_with_trigger.py
[2024-07-26T13:12:28.327+0000] {processor.py:766} INFO - DAG(s) dict_keys(['latest_only_with_trigger']) retrieved from /home/airflow/.local/lib/python3.7/site-packages/airflow/example_dags/example_latest_only_with_trigger.py
[2024-07-26T13:12:28.359+0000] {logging_mixin.py:120} INFO - [2024-07-26T13:12:28.359+0000] {dag.py:2585} INFO - Sync 1 DAGs
[2024-07-26T13:12:28.392+0000] {logging_mixin.py:120} INFO - [2024-07-26T13:12:28.392+0000] {dag.py:3340} INFO - Setting next_dagrun for latest_only_with_trigger to 2024-07-26T09:12:28.392028+00:00, run_after=2024-07-26T13:12:28.392028+00:00
[2024-07-26T13:12:28.413+0000] {processor.py:176} INFO - Processing /home/airflow/.local/lib/python3.7/site-packages/airflow/example_dags/example_latest_only_with_trigger.py took 0.098 seconds
[2024-07-26T13:43:22.482+0000] {processor.py:154} INFO - Started process (PID=7576) to work on /home/airflow/.local/lib/python3.7/site-packages/airflow/example_dags/example_latest_only_with_trigger.py
[2024-07-26T13:43:22.487+0000] {processor.py:756} INFO - Processing file /home/airflow/.local/lib/python3.7/site-packages/airflow/example_dags/example_latest_only_with_trigger.py for tasks to queue
[2024-07-26T13:43:22.488+0000] {logging_mixin.py:120} INFO - [2024-07-26T13:43:22.488+0000] {dagbag.py:537} INFO - Filling up the DagBag from /home/airflow/.local/lib/python3.7/site-packages/airflow/example_dags/example_latest_only_with_trigger.py
[2024-07-26T13:43:22.498+0000] {processor.py:766} INFO - DAG(s) dict_keys(['latest_only_with_trigger']) retrieved from /home/airflow/.local/lib/python3.7/site-packages/airflow/example_dags/example_latest_only_with_trigger.py
[2024-07-26T13:43:22.529+0000] {logging_mixin.py:120} INFO - [2024-07-26T13:43:22.529+0000] {dag.py:2585} INFO - Sync 1 DAGs
[2024-07-26T13:43:22.548+0000] {logging_mixin.py:120} INFO - [2024-07-26T13:43:22.548+0000] {dag.py:3340} INFO - Setting next_dagrun for latest_only_with_trigger to 2024-07-26T09:43:22.548415+00:00, run_after=2024-07-26T13:43:22.548415+00:00
[2024-07-26T13:43:22.576+0000] {processor.py:176} INFO - Processing /home/airflow/.local/lib/python3.7/site-packages/airflow/example_dags/example_latest_only_with_trigger.py took 0.095 seconds
[2024-07-26T13:46:54.368+0000] {processor.py:154} INFO - Started process (PID=7640) to work on /home/airflow/.local/lib/python3.7/site-packages/airflow/example_dags/example_latest_only_with_trigger.py
[2024-07-26T13:46:54.369+0000] {processor.py:756} INFO - Processing file /home/airflow/.local/lib/python3.7/site-packages/airflow/example_dags/example_latest_only_with_trigger.py for tasks to queue
[2024-07-26T13:46:54.370+0000] {logging_mixin.py:120} INFO - [2024-07-26T13:46:54.370+0000] {dagbag.py:537} INFO - Filling up the DagBag from /home/airflow/.local/lib/python3.7/site-packages/airflow/example_dags/example_latest_only_with_trigger.py
[2024-07-26T13:46:54.377+0000] {processor.py:766} INFO - DAG(s) dict_keys(['latest_only_with_trigger']) retrieved from /home/airflow/.local/lib/python3.7/site-packages/airflow/example_dags/example_latest_only_with_trigger.py
[2024-07-26T13:46:54.401+0000] {logging_mixin.py:120} INFO - [2024-07-26T13:46:54.401+0000] {dag.py:2585} INFO - Sync 1 DAGs
[2024-07-26T13:46:54.415+0000] {logging_mixin.py:120} INFO - [2024-07-26T13:46:54.415+0000] {dag.py:3340} INFO - Setting next_dagrun for latest_only_with_trigger to 2024-07-26T09:46:54.415429+00:00, run_after=2024-07-26T13:46:54.415429+00:00
[2024-07-26T13:46:54.430+0000] {processor.py:176} INFO - Processing /home/airflow/.local/lib/python3.7/site-packages/airflow/example_dags/example_latest_only_with_trigger.py took 0.064 seconds
[2024-07-26T13:52:23.932+0000] {processor.py:154} INFO - Started process (PID=7695) to work on /home/airflow/.local/lib/python3.7/site-packages/airflow/example_dags/example_latest_only_with_trigger.py
[2024-07-26T13:52:23.933+0000] {processor.py:756} INFO - Processing file /home/airflow/.local/lib/python3.7/site-packages/airflow/example_dags/example_latest_only_with_trigger.py for tasks to queue
[2024-07-26T13:52:23.934+0000] {logging_mixin.py:120} INFO - [2024-07-26T13:52:23.934+0000] {dagbag.py:537} INFO - Filling up the DagBag from /home/airflow/.local/lib/python3.7/site-packages/airflow/example_dags/example_latest_only_with_trigger.py
[2024-07-26T13:52:23.948+0000] {processor.py:766} INFO - DAG(s) dict_keys(['latest_only_with_trigger']) retrieved from /home/airflow/.local/lib/python3.7/site-packages/airflow/example_dags/example_latest_only_with_trigger.py
[2024-07-26T13:52:23.984+0000] {logging_mixin.py:120} INFO - [2024-07-26T13:52:23.984+0000] {dag.py:2585} INFO - Sync 1 DAGs
[2024-07-26T13:52:23.999+0000] {logging_mixin.py:120} INFO - [2024-07-26T13:52:23.999+0000] {dag.py:3340} INFO - Setting next_dagrun for latest_only_with_trigger to 2024-07-26T09:52:23.999665+00:00, run_after=2024-07-26T13:52:23.999665+00:00
[2024-07-26T13:52:24.027+0000] {processor.py:176} INFO - Processing /home/airflow/.local/lib/python3.7/site-packages/airflow/example_dags/example_latest_only_with_trigger.py took 0.098 seconds
[2024-07-26T13:54:21.516+0000] {processor.py:154} INFO - Started process (PID=7759) to work on /home/airflow/.local/lib/python3.7/site-packages/airflow/example_dags/example_latest_only_with_trigger.py
[2024-07-26T13:54:21.517+0000] {processor.py:756} INFO - Processing file /home/airflow/.local/lib/python3.7/site-packages/airflow/example_dags/example_latest_only_with_trigger.py for tasks to queue
[2024-07-26T13:54:21.517+0000] {logging_mixin.py:120} INFO - [2024-07-26T13:54:21.517+0000] {dagbag.py:537} INFO - Filling up the DagBag from /home/airflow/.local/lib/python3.7/site-packages/airflow/example_dags/example_latest_only_with_trigger.py
[2024-07-26T13:54:21.525+0000] {processor.py:766} INFO - DAG(s) dict_keys(['latest_only_with_trigger']) retrieved from /home/airflow/.local/lib/python3.7/site-packages/airflow/example_dags/example_latest_only_with_trigger.py
[2024-07-26T13:54:21.550+0000] {logging_mixin.py:120} INFO - [2024-07-26T13:54:21.550+0000] {dag.py:2585} INFO - Sync 1 DAGs
[2024-07-26T13:54:21.565+0000] {logging_mixin.py:120} INFO - [2024-07-26T13:54:21.565+0000] {dag.py:3340} INFO - Setting next_dagrun for latest_only_with_trigger to 2024-07-26T09:54:21.565125+00:00, run_after=2024-07-26T13:54:21.565125+00:00
[2024-07-26T13:54:21.596+0000] {processor.py:176} INFO - Processing /home/airflow/.local/lib/python3.7/site-packages/airflow/example_dags/example_latest_only_with_trigger.py took 0.082 seconds
[2024-07-26T13:55:29.646+0000] {processor.py:154} INFO - Started process (PID=7823) to work on /home/airflow/.local/lib/python3.7/site-packages/airflow/example_dags/example_latest_only_with_trigger.py
[2024-07-26T13:55:29.647+0000] {processor.py:756} INFO - Processing file /home/airflow/.local/lib/python3.7/site-packages/airflow/example_dags/example_latest_only_with_trigger.py for tasks to queue
[2024-07-26T13:55:29.649+0000] {logging_mixin.py:120} INFO - [2024-07-26T13:55:29.649+0000] {dagbag.py:537} INFO - Filling up the DagBag from /home/airflow/.local/lib/python3.7/site-packages/airflow/example_dags/example_latest_only_with_trigger.py
[2024-07-26T13:55:29.659+0000] {processor.py:766} INFO - DAG(s) dict_keys(['latest_only_with_trigger']) retrieved from /home/airflow/.local/lib/python3.7/site-packages/airflow/example_dags/example_latest_only_with_trigger.py
[2024-07-26T13:55:29.687+0000] {logging_mixin.py:120} INFO - [2024-07-26T13:55:29.687+0000] {dag.py:2585} INFO - Sync 1 DAGs
[2024-07-26T13:55:29.703+0000] {logging_mixin.py:120} INFO - [2024-07-26T13:55:29.703+0000] {dag.py:3340} INFO - Setting next_dagrun for latest_only_with_trigger to 2024-07-26T09:55:29.703520+00:00, run_after=2024-07-26T13:55:29.703520+00:00
[2024-07-26T13:55:29.714+0000] {processor.py:176} INFO - Processing /home/airflow/.local/lib/python3.7/site-packages/airflow/example_dags/example_latest_only_with_trigger.py took 0.070 seconds
[2024-07-26T14:05:32.535+0000] {processor.py:154} INFO - Started process (PID=7887) to work on /home/airflow/.local/lib/python3.7/site-packages/airflow/example_dags/example_latest_only_with_trigger.py
[2024-07-26T14:05:32.536+0000] {processor.py:756} INFO - Processing file /home/airflow/.local/lib/python3.7/site-packages/airflow/example_dags/example_latest_only_with_trigger.py for tasks to queue
[2024-07-26T14:05:32.536+0000] {logging_mixin.py:120} INFO - [2024-07-26T14:05:32.536+0000] {dagbag.py:537} INFO - Filling up the DagBag from /home/airflow/.local/lib/python3.7/site-packages/airflow/example_dags/example_latest_only_with_trigger.py
[2024-07-26T14:05:32.546+0000] {processor.py:766} INFO - DAG(s) dict_keys(['latest_only_with_trigger']) retrieved from /home/airflow/.local/lib/python3.7/site-packages/airflow/example_dags/example_latest_only_with_trigger.py
[2024-07-26T14:05:32.577+0000] {logging_mixin.py:120} INFO - [2024-07-26T14:05:32.577+0000] {dag.py:2585} INFO - Sync 1 DAGs
[2024-07-26T14:05:32.591+0000] {logging_mixin.py:120} INFO - [2024-07-26T14:05:32.591+0000] {dag.py:3340} INFO - Setting next_dagrun for latest_only_with_trigger to 2024-07-26T10:05:32.591344+00:00, run_after=2024-07-26T14:05:32.591344+00:00
[2024-07-26T14:05:32.604+0000] {processor.py:176} INFO - Processing /home/airflow/.local/lib/python3.7/site-packages/airflow/example_dags/example_latest_only_with_trigger.py took 0.071 seconds
[2024-07-26T14:06:20.531+0000] {processor.py:154} INFO - Started process (PID=7950) to work on /home/airflow/.local/lib/python3.7/site-packages/airflow/example_dags/example_latest_only_with_trigger.py
[2024-07-26T14:06:20.532+0000] {processor.py:756} INFO - Processing file /home/airflow/.local/lib/python3.7/site-packages/airflow/example_dags/example_latest_only_with_trigger.py for tasks to queue
[2024-07-26T14:06:20.536+0000] {logging_mixin.py:120} INFO - [2024-07-26T14:06:20.536+0000] {dagbag.py:537} INFO - Filling up the DagBag from /home/airflow/.local/lib/python3.7/site-packages/airflow/example_dags/example_latest_only_with_trigger.py
[2024-07-26T14:06:20.545+0000] {processor.py:766} INFO - DAG(s) dict_keys(['latest_only_with_trigger']) retrieved from /home/airflow/.local/lib/python3.7/site-packages/airflow/example_dags/example_latest_only_with_trigger.py
[2024-07-26T14:06:20.570+0000] {logging_mixin.py:120} INFO - [2024-07-26T14:06:20.570+0000] {dag.py:2585} INFO - Sync 1 DAGs
[2024-07-26T14:06:20.591+0000] {logging_mixin.py:120} INFO - [2024-07-26T14:06:20.591+0000] {dag.py:3340} INFO - Setting next_dagrun for latest_only_with_trigger to 2024-07-26T10:06:20.591422+00:00, run_after=2024-07-26T14:06:20.591422+00:00
[2024-07-26T14:06:20.611+0000] {processor.py:176} INFO - Processing /home/airflow/.local/lib/python3.7/site-packages/airflow/example_dags/example_latest_only_with_trigger.py took 0.083 seconds
