[2024-07-26T00:02:55.210+0000] {processor.py:154} INFO - Started process (PID=4804) to work on /home/airflow/.local/lib/python3.7/site-packages/airflow/example_dags/example_latest_only.py
[2024-07-26T00:02:55.210+0000] {processor.py:756} INFO - Processing file /home/airflow/.local/lib/python3.7/site-packages/airflow/example_dags/example_latest_only.py for tasks to queue
[2024-07-26T00:02:55.215+0000] {logging_mixin.py:120} INFO - [2024-07-26T00:02:55.215+0000] {dagbag.py:537} INFO - Filling up the DagBag from /home/airflow/.local/lib/python3.7/site-packages/airflow/example_dags/example_latest_only.py
[2024-07-26T00:02:55.226+0000] {processor.py:766} INFO - DAG(s) dict_keys(['latest_only']) retrieved from /home/airflow/.local/lib/python3.7/site-packages/airflow/example_dags/example_latest_only.py
[2024-07-26T00:02:55.262+0000] {logging_mixin.py:120} INFO - [2024-07-26T00:02:55.261+0000] {dag.py:2585} INFO - Sync 1 DAGs
[2024-07-26T00:02:55.274+0000] {logging_mixin.py:120} INFO - [2024-07-26T00:02:55.274+0000] {dag.py:3340} INFO - Setting next_dagrun for latest_only to 2024-07-25T20:02:55.274696+00:00, run_after=2024-07-26T00:02:55.274696+00:00
[2024-07-26T00:02:55.285+0000] {processor.py:176} INFO - Processing /home/airflow/.local/lib/python3.7/site-packages/airflow/example_dags/example_latest_only.py took 0.077 seconds
[2024-07-26T00:16:07.903+0000] {processor.py:154} INFO - Started process (PID=4859) to work on /home/airflow/.local/lib/python3.7/site-packages/airflow/example_dags/example_latest_only.py
[2024-07-26T00:16:07.905+0000] {processor.py:756} INFO - Processing file /home/airflow/.local/lib/python3.7/site-packages/airflow/example_dags/example_latest_only.py for tasks to queue
[2024-07-26T00:16:07.905+0000] {logging_mixin.py:120} INFO - [2024-07-26T00:16:07.905+0000] {dagbag.py:537} INFO - Filling up the DagBag from /home/airflow/.local/lib/python3.7/site-packages/airflow/example_dags/example_latest_only.py
[2024-07-26T00:16:07.913+0000] {processor.py:766} INFO - DAG(s) dict_keys(['latest_only']) retrieved from /home/airflow/.local/lib/python3.7/site-packages/airflow/example_dags/example_latest_only.py
[2024-07-26T00:16:07.937+0000] {logging_mixin.py:120} INFO - [2024-07-26T00:16:07.937+0000] {dag.py:2585} INFO - Sync 1 DAGs
[2024-07-26T00:16:07.961+0000] {logging_mixin.py:120} INFO - [2024-07-26T00:16:07.961+0000] {dag.py:3340} INFO - Setting next_dagrun for latest_only to 2024-07-25T20:16:07.961394+00:00, run_after=2024-07-26T00:16:07.961394+00:00
[2024-07-26T00:16:07.982+0000] {processor.py:176} INFO - Processing /home/airflow/.local/lib/python3.7/site-packages/airflow/example_dags/example_latest_only.py took 0.081 seconds
[2024-07-26T00:40:53.695+0000] {processor.py:154} INFO - Started process (PID=4923) to work on /home/airflow/.local/lib/python3.7/site-packages/airflow/example_dags/example_latest_only.py
[2024-07-26T00:40:53.696+0000] {processor.py:756} INFO - Processing file /home/airflow/.local/lib/python3.7/site-packages/airflow/example_dags/example_latest_only.py for tasks to queue
[2024-07-26T00:40:53.697+0000] {logging_mixin.py:120} INFO - [2024-07-26T00:40:53.697+0000] {dagbag.py:537} INFO - Filling up the DagBag from /home/airflow/.local/lib/python3.7/site-packages/airflow/example_dags/example_latest_only.py
[2024-07-26T00:40:53.711+0000] {processor.py:766} INFO - DAG(s) dict_keys(['latest_only']) retrieved from /home/airflow/.local/lib/python3.7/site-packages/airflow/example_dags/example_latest_only.py
[2024-07-26T00:40:53.735+0000] {logging_mixin.py:120} INFO - [2024-07-26T00:40:53.735+0000] {dag.py:2585} INFO - Sync 1 DAGs
[2024-07-26T00:40:53.748+0000] {logging_mixin.py:120} INFO - [2024-07-26T00:40:53.748+0000] {dag.py:3340} INFO - Setting next_dagrun for latest_only to 2024-07-25T20:40:53.748336+00:00, run_after=2024-07-26T00:40:53.748336+00:00
[2024-07-26T00:40:53.758+0000] {processor.py:176} INFO - Processing /home/airflow/.local/lib/python3.7/site-packages/airflow/example_dags/example_latest_only.py took 0.067 seconds
[2024-07-26T01:30:34.364+0000] {processor.py:154} INFO - Started process (PID=4987) to work on /home/airflow/.local/lib/python3.7/site-packages/airflow/example_dags/example_latest_only.py
[2024-07-26T01:30:34.365+0000] {processor.py:756} INFO - Processing file /home/airflow/.local/lib/python3.7/site-packages/airflow/example_dags/example_latest_only.py for tasks to queue
[2024-07-26T01:30:34.365+0000] {logging_mixin.py:120} INFO - [2024-07-26T01:30:34.365+0000] {dagbag.py:537} INFO - Filling up the DagBag from /home/airflow/.local/lib/python3.7/site-packages/airflow/example_dags/example_latest_only.py
[2024-07-26T01:30:34.373+0000] {processor.py:766} INFO - DAG(s) dict_keys(['latest_only']) retrieved from /home/airflow/.local/lib/python3.7/site-packages/airflow/example_dags/example_latest_only.py
[2024-07-26T01:30:34.397+0000] {logging_mixin.py:120} INFO - [2024-07-26T01:30:34.397+0000] {dag.py:2585} INFO - Sync 1 DAGs
[2024-07-26T01:30:34.413+0000] {logging_mixin.py:120} INFO - [2024-07-26T01:30:34.413+0000] {dag.py:3340} INFO - Setting next_dagrun for latest_only to 2024-07-25T21:30:34.413330+00:00, run_after=2024-07-26T01:30:34.413330+00:00
[2024-07-26T01:30:34.434+0000] {processor.py:176} INFO - Processing /home/airflow/.local/lib/python3.7/site-packages/airflow/example_dags/example_latest_only.py took 0.072 seconds
[2024-07-26T02:00:30.800+0000] {processor.py:154} INFO - Started process (PID=5051) to work on /home/airflow/.local/lib/python3.7/site-packages/airflow/example_dags/example_latest_only.py
[2024-07-26T02:00:30.809+0000] {processor.py:756} INFO - Processing file /home/airflow/.local/lib/python3.7/site-packages/airflow/example_dags/example_latest_only.py for tasks to queue
[2024-07-26T02:00:30.810+0000] {logging_mixin.py:120} INFO - [2024-07-26T02:00:30.810+0000] {dagbag.py:537} INFO - Filling up the DagBag from /home/airflow/.local/lib/python3.7/site-packages/airflow/example_dags/example_latest_only.py
[2024-07-26T02:00:30.820+0000] {processor.py:766} INFO - DAG(s) dict_keys(['latest_only']) retrieved from /home/airflow/.local/lib/python3.7/site-packages/airflow/example_dags/example_latest_only.py
[2024-07-26T02:00:30.858+0000] {logging_mixin.py:120} INFO - [2024-07-26T02:00:30.858+0000] {dag.py:2585} INFO - Sync 1 DAGs
[2024-07-26T02:00:30.886+0000] {logging_mixin.py:120} INFO - [2024-07-26T02:00:30.886+0000] {dag.py:3340} INFO - Setting next_dagrun for latest_only to 2024-07-25T22:00:30.886140+00:00, run_after=2024-07-26T02:00:30.886140+00:00
[2024-07-26T02:00:30.903+0000] {processor.py:176} INFO - Processing /home/airflow/.local/lib/python3.7/site-packages/airflow/example_dags/example_latest_only.py took 0.107 seconds
[2024-07-26T02:13:03.570+0000] {processor.py:154} INFO - Started process (PID=5114) to work on /home/airflow/.local/lib/python3.7/site-packages/airflow/example_dags/example_latest_only.py
[2024-07-26T02:13:03.571+0000] {processor.py:756} INFO - Processing file /home/airflow/.local/lib/python3.7/site-packages/airflow/example_dags/example_latest_only.py for tasks to queue
[2024-07-26T02:13:03.571+0000] {logging_mixin.py:120} INFO - [2024-07-26T02:13:03.571+0000] {dagbag.py:537} INFO - Filling up the DagBag from /home/airflow/.local/lib/python3.7/site-packages/airflow/example_dags/example_latest_only.py
[2024-07-26T02:13:03.585+0000] {processor.py:766} INFO - DAG(s) dict_keys(['latest_only']) retrieved from /home/airflow/.local/lib/python3.7/site-packages/airflow/example_dags/example_latest_only.py
[2024-07-26T02:13:03.631+0000] {logging_mixin.py:120} INFO - [2024-07-26T02:13:03.631+0000] {dag.py:2585} INFO - Sync 1 DAGs
[2024-07-26T02:13:03.650+0000] {logging_mixin.py:120} INFO - [2024-07-26T02:13:03.650+0000] {dag.py:3340} INFO - Setting next_dagrun for latest_only to 2024-07-25T22:13:03.650475+00:00, run_after=2024-07-26T02:13:03.650475+00:00
[2024-07-26T02:13:03.671+0000] {processor.py:176} INFO - Processing /home/airflow/.local/lib/python3.7/site-packages/airflow/example_dags/example_latest_only.py took 0.107 seconds
[2024-07-26T02:39:12.878+0000] {processor.py:154} INFO - Started process (PID=5169) to work on /home/airflow/.local/lib/python3.7/site-packages/airflow/example_dags/example_latest_only.py
[2024-07-26T02:39:12.883+0000] {processor.py:756} INFO - Processing file /home/airflow/.local/lib/python3.7/site-packages/airflow/example_dags/example_latest_only.py for tasks to queue
[2024-07-26T02:39:12.884+0000] {logging_mixin.py:120} INFO - [2024-07-26T02:39:12.884+0000] {dagbag.py:537} INFO - Filling up the DagBag from /home/airflow/.local/lib/python3.7/site-packages/airflow/example_dags/example_latest_only.py
[2024-07-26T02:39:12.892+0000] {processor.py:766} INFO - DAG(s) dict_keys(['latest_only']) retrieved from /home/airflow/.local/lib/python3.7/site-packages/airflow/example_dags/example_latest_only.py
[2024-07-26T02:39:12.919+0000] {logging_mixin.py:120} INFO - [2024-07-26T02:39:12.919+0000] {dag.py:2585} INFO - Sync 1 DAGs
[2024-07-26T02:39:12.934+0000] {logging_mixin.py:120} INFO - [2024-07-26T02:39:12.934+0000] {dag.py:3340} INFO - Setting next_dagrun for latest_only to 2024-07-25T22:39:12.934238+00:00, run_after=2024-07-26T02:39:12.934238+00:00
[2024-07-26T02:39:12.945+0000] {processor.py:176} INFO - Processing /home/airflow/.local/lib/python3.7/site-packages/airflow/example_dags/example_latest_only.py took 0.069 seconds
[2024-07-26T02:58:12.374+0000] {processor.py:154} INFO - Started process (PID=5233) to work on /home/airflow/.local/lib/python3.7/site-packages/airflow/example_dags/example_latest_only.py
[2024-07-26T02:58:12.376+0000] {processor.py:756} INFO - Processing file /home/airflow/.local/lib/python3.7/site-packages/airflow/example_dags/example_latest_only.py for tasks to queue
[2024-07-26T02:58:12.377+0000] {logging_mixin.py:120} INFO - [2024-07-26T02:58:12.377+0000] {dagbag.py:537} INFO - Filling up the DagBag from /home/airflow/.local/lib/python3.7/site-packages/airflow/example_dags/example_latest_only.py
[2024-07-26T02:58:12.385+0000] {processor.py:766} INFO - DAG(s) dict_keys(['latest_only']) retrieved from /home/airflow/.local/lib/python3.7/site-packages/airflow/example_dags/example_latest_only.py
[2024-07-26T02:58:12.412+0000] {logging_mixin.py:120} INFO - [2024-07-26T02:58:12.412+0000] {dag.py:2585} INFO - Sync 1 DAGs
[2024-07-26T02:58:12.424+0000] {logging_mixin.py:120} INFO - [2024-07-26T02:58:12.424+0000] {dag.py:3340} INFO - Setting next_dagrun for latest_only to 2024-07-25T22:58:12.424721+00:00, run_after=2024-07-26T02:58:12.424721+00:00
[2024-07-26T02:58:12.434+0000] {processor.py:176} INFO - Processing /home/airflow/.local/lib/python3.7/site-packages/airflow/example_dags/example_latest_only.py took 0.062 seconds
[2024-07-26T03:01:35.261+0000] {processor.py:154} INFO - Started process (PID=5297) to work on /home/airflow/.local/lib/python3.7/site-packages/airflow/example_dags/example_latest_only.py
[2024-07-26T03:01:35.264+0000] {processor.py:756} INFO - Processing file /home/airflow/.local/lib/python3.7/site-packages/airflow/example_dags/example_latest_only.py for tasks to queue
[2024-07-26T03:01:35.265+0000] {logging_mixin.py:120} INFO - [2024-07-26T03:01:35.265+0000] {dagbag.py:537} INFO - Filling up the DagBag from /home/airflow/.local/lib/python3.7/site-packages/airflow/example_dags/example_latest_only.py
[2024-07-26T03:01:35.279+0000] {processor.py:766} INFO - DAG(s) dict_keys(['latest_only']) retrieved from /home/airflow/.local/lib/python3.7/site-packages/airflow/example_dags/example_latest_only.py
[2024-07-26T03:01:35.301+0000] {logging_mixin.py:120} INFO - [2024-07-26T03:01:35.301+0000] {dag.py:2585} INFO - Sync 1 DAGs
[2024-07-26T03:01:35.320+0000] {logging_mixin.py:120} INFO - [2024-07-26T03:01:35.320+0000] {dag.py:3340} INFO - Setting next_dagrun for latest_only to 2024-07-25T23:01:35.320126+00:00, run_after=2024-07-26T03:01:35.320126+00:00
[2024-07-26T03:01:35.340+0000] {processor.py:176} INFO - Processing /home/airflow/.local/lib/python3.7/site-packages/airflow/example_dags/example_latest_only.py took 0.082 seconds
[2024-07-26T03:15:41.750+0000] {processor.py:154} INFO - Started process (PID=5361) to work on /home/airflow/.local/lib/python3.7/site-packages/airflow/example_dags/example_latest_only.py
[2024-07-26T03:15:41.757+0000] {processor.py:756} INFO - Processing file /home/airflow/.local/lib/python3.7/site-packages/airflow/example_dags/example_latest_only.py for tasks to queue
[2024-07-26T03:15:41.761+0000] {logging_mixin.py:120} INFO - [2024-07-26T03:15:41.761+0000] {dagbag.py:537} INFO - Filling up the DagBag from /home/airflow/.local/lib/python3.7/site-packages/airflow/example_dags/example_latest_only.py
[2024-07-26T03:15:41.771+0000] {processor.py:766} INFO - DAG(s) dict_keys(['latest_only']) retrieved from /home/airflow/.local/lib/python3.7/site-packages/airflow/example_dags/example_latest_only.py
[2024-07-26T03:15:41.803+0000] {logging_mixin.py:120} INFO - [2024-07-26T03:15:41.803+0000] {dag.py:2585} INFO - Sync 1 DAGs
[2024-07-26T03:15:41.817+0000] {logging_mixin.py:120} INFO - [2024-07-26T03:15:41.816+0000] {dag.py:3340} INFO - Setting next_dagrun for latest_only to 2024-07-25T23:15:41.816860+00:00, run_after=2024-07-26T03:15:41.816860+00:00
[2024-07-26T03:15:41.829+0000] {processor.py:176} INFO - Processing /home/airflow/.local/lib/python3.7/site-packages/airflow/example_dags/example_latest_only.py took 0.081 seconds
[2024-07-26T03:32:16.748+0000] {processor.py:154} INFO - Started process (PID=5416) to work on /home/airflow/.local/lib/python3.7/site-packages/airflow/example_dags/example_latest_only.py
[2024-07-26T03:32:16.751+0000] {processor.py:756} INFO - Processing file /home/airflow/.local/lib/python3.7/site-packages/airflow/example_dags/example_latest_only.py for tasks to queue
[2024-07-26T03:32:16.752+0000] {logging_mixin.py:120} INFO - [2024-07-26T03:32:16.752+0000] {dagbag.py:537} INFO - Filling up the DagBag from /home/airflow/.local/lib/python3.7/site-packages/airflow/example_dags/example_latest_only.py
[2024-07-26T03:32:16.760+0000] {processor.py:766} INFO - DAG(s) dict_keys(['latest_only']) retrieved from /home/airflow/.local/lib/python3.7/site-packages/airflow/example_dags/example_latest_only.py
[2024-07-26T03:32:16.832+0000] {logging_mixin.py:120} INFO - [2024-07-26T03:32:16.832+0000] {dag.py:2585} INFO - Sync 1 DAGs
[2024-07-26T03:32:16.853+0000] {logging_mixin.py:120} INFO - [2024-07-26T03:32:16.853+0000] {dag.py:3340} INFO - Setting next_dagrun for latest_only to 2024-07-25T23:32:16.852220+00:00, run_after=2024-07-26T03:32:16.852220+00:00
[2024-07-26T03:32:16.872+0000] {processor.py:176} INFO - Processing /home/airflow/.local/lib/python3.7/site-packages/airflow/example_dags/example_latest_only.py took 0.126 seconds
[2024-07-26T03:56:59.615+0000] {processor.py:154} INFO - Started process (PID=5480) to work on /home/airflow/.local/lib/python3.7/site-packages/airflow/example_dags/example_latest_only.py
[2024-07-26T03:56:59.615+0000] {processor.py:756} INFO - Processing file /home/airflow/.local/lib/python3.7/site-packages/airflow/example_dags/example_latest_only.py for tasks to queue
[2024-07-26T03:56:59.616+0000] {logging_mixin.py:120} INFO - [2024-07-26T03:56:59.616+0000] {dagbag.py:537} INFO - Filling up the DagBag from /home/airflow/.local/lib/python3.7/site-packages/airflow/example_dags/example_latest_only.py
[2024-07-26T03:56:59.623+0000] {processor.py:766} INFO - DAG(s) dict_keys(['latest_only']) retrieved from /home/airflow/.local/lib/python3.7/site-packages/airflow/example_dags/example_latest_only.py
[2024-07-26T03:56:59.644+0000] {logging_mixin.py:120} INFO - [2024-07-26T03:56:59.644+0000] {dag.py:2585} INFO - Sync 1 DAGs
[2024-07-26T03:56:59.658+0000] {logging_mixin.py:120} INFO - [2024-07-26T03:56:59.658+0000] {dag.py:3340} INFO - Setting next_dagrun for latest_only to 2024-07-25T23:56:59.658603+00:00, run_after=2024-07-26T03:56:59.658603+00:00
[2024-07-26T03:56:59.674+0000] {processor.py:176} INFO - Processing /home/airflow/.local/lib/python3.7/site-packages/airflow/example_dags/example_latest_only.py took 0.062 seconds
[2024-07-26T04:02:05.416+0000] {processor.py:154} INFO - Started process (PID=5544) to work on /home/airflow/.local/lib/python3.7/site-packages/airflow/example_dags/example_latest_only.py
[2024-07-26T04:02:05.417+0000] {processor.py:756} INFO - Processing file /home/airflow/.local/lib/python3.7/site-packages/airflow/example_dags/example_latest_only.py for tasks to queue
[2024-07-26T04:02:05.417+0000] {logging_mixin.py:120} INFO - [2024-07-26T04:02:05.417+0000] {dagbag.py:537} INFO - Filling up the DagBag from /home/airflow/.local/lib/python3.7/site-packages/airflow/example_dags/example_latest_only.py
[2024-07-26T04:02:05.425+0000] {processor.py:766} INFO - DAG(s) dict_keys(['latest_only']) retrieved from /home/airflow/.local/lib/python3.7/site-packages/airflow/example_dags/example_latest_only.py
[2024-07-26T04:02:05.450+0000] {logging_mixin.py:120} INFO - [2024-07-26T04:02:05.450+0000] {dag.py:2585} INFO - Sync 1 DAGs
[2024-07-26T04:02:05.462+0000] {logging_mixin.py:120} INFO - [2024-07-26T04:02:05.462+0000] {dag.py:3340} INFO - Setting next_dagrun for latest_only to 2024-07-26T00:02:05.462701+00:00, run_after=2024-07-26T04:02:05.462701+00:00
[2024-07-26T04:02:05.488+0000] {processor.py:176} INFO - Processing /home/airflow/.local/lib/python3.7/site-packages/airflow/example_dags/example_latest_only.py took 0.074 seconds
[2024-07-26T04:04:17.927+0000] {processor.py:154} INFO - Started process (PID=5608) to work on /home/airflow/.local/lib/python3.7/site-packages/airflow/example_dags/example_latest_only.py
[2024-07-26T04:04:17.928+0000] {processor.py:756} INFO - Processing file /home/airflow/.local/lib/python3.7/site-packages/airflow/example_dags/example_latest_only.py for tasks to queue
[2024-07-26T04:04:17.928+0000] {logging_mixin.py:120} INFO - [2024-07-26T04:04:17.928+0000] {dagbag.py:537} INFO - Filling up the DagBag from /home/airflow/.local/lib/python3.7/site-packages/airflow/example_dags/example_latest_only.py
[2024-07-26T04:04:17.941+0000] {processor.py:766} INFO - DAG(s) dict_keys(['latest_only']) retrieved from /home/airflow/.local/lib/python3.7/site-packages/airflow/example_dags/example_latest_only.py
[2024-07-26T04:04:17.963+0000] {logging_mixin.py:120} INFO - [2024-07-26T04:04:17.963+0000] {dag.py:2585} INFO - Sync 1 DAGs
[2024-07-26T04:04:17.975+0000] {logging_mixin.py:120} INFO - [2024-07-26T04:04:17.975+0000] {dag.py:3340} INFO - Setting next_dagrun for latest_only to 2024-07-26T00:04:17.975120+00:00, run_after=2024-07-26T04:04:17.975120+00:00
[2024-07-26T04:04:17.985+0000] {processor.py:176} INFO - Processing /home/airflow/.local/lib/python3.7/site-packages/airflow/example_dags/example_latest_only.py took 0.060 seconds
[2024-07-26T04:06:05.064+0000] {processor.py:154} INFO - Started process (PID=5671) to work on /home/airflow/.local/lib/python3.7/site-packages/airflow/example_dags/example_latest_only.py
[2024-07-26T04:06:05.064+0000] {processor.py:756} INFO - Processing file /home/airflow/.local/lib/python3.7/site-packages/airflow/example_dags/example_latest_only.py for tasks to queue
[2024-07-26T04:06:05.065+0000] {logging_mixin.py:120} INFO - [2024-07-26T04:06:05.065+0000] {dagbag.py:537} INFO - Filling up the DagBag from /home/airflow/.local/lib/python3.7/site-packages/airflow/example_dags/example_latest_only.py
[2024-07-26T04:06:05.072+0000] {processor.py:766} INFO - DAG(s) dict_keys(['latest_only']) retrieved from /home/airflow/.local/lib/python3.7/site-packages/airflow/example_dags/example_latest_only.py
[2024-07-26T04:06:05.093+0000] {logging_mixin.py:120} INFO - [2024-07-26T04:06:05.093+0000] {dag.py:2585} INFO - Sync 1 DAGs
[2024-07-26T04:06:05.104+0000] {logging_mixin.py:120} INFO - [2024-07-26T04:06:05.104+0000] {dag.py:3340} INFO - Setting next_dagrun for latest_only to 2024-07-26T00:06:05.104463+00:00, run_after=2024-07-26T04:06:05.104463+00:00
[2024-07-26T04:06:05.125+0000] {processor.py:176} INFO - Processing /home/airflow/.local/lib/python3.7/site-packages/airflow/example_dags/example_latest_only.py took 0.063 seconds
[2024-07-26T04:08:06.323+0000] {processor.py:154} INFO - Started process (PID=5726) to work on /home/airflow/.local/lib/python3.7/site-packages/airflow/example_dags/example_latest_only.py
[2024-07-26T04:08:06.325+0000] {processor.py:756} INFO - Processing file /home/airflow/.local/lib/python3.7/site-packages/airflow/example_dags/example_latest_only.py for tasks to queue
[2024-07-26T04:08:06.326+0000] {logging_mixin.py:120} INFO - [2024-07-26T04:08:06.326+0000] {dagbag.py:537} INFO - Filling up the DagBag from /home/airflow/.local/lib/python3.7/site-packages/airflow/example_dags/example_latest_only.py
[2024-07-26T04:08:06.334+0000] {processor.py:766} INFO - DAG(s) dict_keys(['latest_only']) retrieved from /home/airflow/.local/lib/python3.7/site-packages/airflow/example_dags/example_latest_only.py
[2024-07-26T04:08:06.355+0000] {logging_mixin.py:120} INFO - [2024-07-26T04:08:06.355+0000] {dag.py:2585} INFO - Sync 1 DAGs
[2024-07-26T04:08:06.367+0000] {logging_mixin.py:120} INFO - [2024-07-26T04:08:06.367+0000] {dag.py:3340} INFO - Setting next_dagrun for latest_only to 2024-07-26T00:08:06.367182+00:00, run_after=2024-07-26T04:08:06.367182+00:00
[2024-07-26T04:08:06.376+0000] {processor.py:176} INFO - Processing /home/airflow/.local/lib/python3.7/site-packages/airflow/example_dags/example_latest_only.py took 0.056 seconds
[2024-07-26T04:09:02.442+0000] {processor.py:154} INFO - Started process (PID=5790) to work on /home/airflow/.local/lib/python3.7/site-packages/airflow/example_dags/example_latest_only.py
[2024-07-26T04:09:02.443+0000] {processor.py:756} INFO - Processing file /home/airflow/.local/lib/python3.7/site-packages/airflow/example_dags/example_latest_only.py for tasks to queue
[2024-07-26T04:09:02.443+0000] {logging_mixin.py:120} INFO - [2024-07-26T04:09:02.443+0000] {dagbag.py:537} INFO - Filling up the DagBag from /home/airflow/.local/lib/python3.7/site-packages/airflow/example_dags/example_latest_only.py
[2024-07-26T04:09:02.451+0000] {processor.py:766} INFO - DAG(s) dict_keys(['latest_only']) retrieved from /home/airflow/.local/lib/python3.7/site-packages/airflow/example_dags/example_latest_only.py
[2024-07-26T04:09:02.471+0000] {logging_mixin.py:120} INFO - [2024-07-26T04:09:02.471+0000] {dag.py:2585} INFO - Sync 1 DAGs
[2024-07-26T04:09:02.485+0000] {logging_mixin.py:120} INFO - [2024-07-26T04:09:02.485+0000] {dag.py:3340} INFO - Setting next_dagrun for latest_only to 2024-07-26T00:09:02.485039+00:00, run_after=2024-07-26T04:09:02.485039+00:00
[2024-07-26T04:09:02.503+0000] {processor.py:176} INFO - Processing /home/airflow/.local/lib/python3.7/site-packages/airflow/example_dags/example_latest_only.py took 0.062 seconds
[2024-07-26T04:10:11.922+0000] {processor.py:154} INFO - Started process (PID=5855) to work on /home/airflow/.local/lib/python3.7/site-packages/airflow/example_dags/example_latest_only.py
[2024-07-26T04:10:11.926+0000] {processor.py:756} INFO - Processing file /home/airflow/.local/lib/python3.7/site-packages/airflow/example_dags/example_latest_only.py for tasks to queue
[2024-07-26T04:10:11.926+0000] {logging_mixin.py:120} INFO - [2024-07-26T04:10:11.926+0000] {dagbag.py:537} INFO - Filling up the DagBag from /home/airflow/.local/lib/python3.7/site-packages/airflow/example_dags/example_latest_only.py
[2024-07-26T04:10:11.937+0000] {processor.py:766} INFO - DAG(s) dict_keys(['latest_only']) retrieved from /home/airflow/.local/lib/python3.7/site-packages/airflow/example_dags/example_latest_only.py
[2024-07-26T04:10:11.970+0000] {logging_mixin.py:120} INFO - [2024-07-26T04:10:11.970+0000] {dag.py:2585} INFO - Sync 1 DAGs
[2024-07-26T04:10:11.983+0000] {logging_mixin.py:120} INFO - [2024-07-26T04:10:11.983+0000] {dag.py:3340} INFO - Setting next_dagrun for latest_only to 2024-07-26T00:10:11.982959+00:00, run_after=2024-07-26T04:10:11.982959+00:00
[2024-07-26T04:10:11.991+0000] {processor.py:176} INFO - Processing /home/airflow/.local/lib/python3.7/site-packages/airflow/example_dags/example_latest_only.py took 0.071 seconds
[2024-07-26T04:11:38.861+0000] {processor.py:154} INFO - Started process (PID=5919) to work on /home/airflow/.local/lib/python3.7/site-packages/airflow/example_dags/example_latest_only.py
[2024-07-26T04:11:38.862+0000] {processor.py:756} INFO - Processing file /home/airflow/.local/lib/python3.7/site-packages/airflow/example_dags/example_latest_only.py for tasks to queue
[2024-07-26T04:11:38.862+0000] {logging_mixin.py:120} INFO - [2024-07-26T04:11:38.862+0000] {dagbag.py:537} INFO - Filling up the DagBag from /home/airflow/.local/lib/python3.7/site-packages/airflow/example_dags/example_latest_only.py
[2024-07-26T04:11:38.869+0000] {processor.py:766} INFO - DAG(s) dict_keys(['latest_only']) retrieved from /home/airflow/.local/lib/python3.7/site-packages/airflow/example_dags/example_latest_only.py
[2024-07-26T04:11:38.891+0000] {logging_mixin.py:120} INFO - [2024-07-26T04:11:38.891+0000] {dag.py:2585} INFO - Sync 1 DAGs
[2024-07-26T04:11:38.902+0000] {logging_mixin.py:120} INFO - [2024-07-26T04:11:38.902+0000] {dag.py:3340} INFO - Setting next_dagrun for latest_only to 2024-07-26T00:11:38.901883+00:00, run_after=2024-07-26T04:11:38.901883+00:00
[2024-07-26T04:11:38.911+0000] {processor.py:176} INFO - Processing /home/airflow/.local/lib/python3.7/site-packages/airflow/example_dags/example_latest_only.py took 0.051 seconds
[2024-07-26T04:12:21.912+0000] {processor.py:154} INFO - Started process (PID=5983) to work on /home/airflow/.local/lib/python3.7/site-packages/airflow/example_dags/example_latest_only.py
[2024-07-26T04:12:21.912+0000] {processor.py:756} INFO - Processing file /home/airflow/.local/lib/python3.7/site-packages/airflow/example_dags/example_latest_only.py for tasks to queue
[2024-07-26T04:12:21.913+0000] {logging_mixin.py:120} INFO - [2024-07-26T04:12:21.912+0000] {dagbag.py:537} INFO - Filling up the DagBag from /home/airflow/.local/lib/python3.7/site-packages/airflow/example_dags/example_latest_only.py
[2024-07-26T04:12:21.922+0000] {processor.py:766} INFO - DAG(s) dict_keys(['latest_only']) retrieved from /home/airflow/.local/lib/python3.7/site-packages/airflow/example_dags/example_latest_only.py
[2024-07-26T04:12:21.943+0000] {logging_mixin.py:120} INFO - [2024-07-26T04:12:21.942+0000] {dag.py:2585} INFO - Sync 1 DAGs
[2024-07-26T04:12:21.956+0000] {logging_mixin.py:120} INFO - [2024-07-26T04:12:21.956+0000] {dag.py:3340} INFO - Setting next_dagrun for latest_only to 2024-07-26T00:12:21.955882+00:00, run_after=2024-07-26T04:12:21.955882+00:00
[2024-07-26T04:12:21.966+0000] {processor.py:176} INFO - Processing /home/airflow/.local/lib/python3.7/site-packages/airflow/example_dags/example_latest_only.py took 0.057 seconds
[2024-07-26T04:13:15.674+0000] {processor.py:154} INFO - Started process (PID=6038) to work on /home/airflow/.local/lib/python3.7/site-packages/airflow/example_dags/example_latest_only.py
[2024-07-26T04:13:15.677+0000] {processor.py:756} INFO - Processing file /home/airflow/.local/lib/python3.7/site-packages/airflow/example_dags/example_latest_only.py for tasks to queue
[2024-07-26T04:13:15.681+0000] {logging_mixin.py:120} INFO - [2024-07-26T04:13:15.681+0000] {dagbag.py:537} INFO - Filling up the DagBag from /home/airflow/.local/lib/python3.7/site-packages/airflow/example_dags/example_latest_only.py
[2024-07-26T04:13:15.691+0000] {processor.py:766} INFO - DAG(s) dict_keys(['latest_only']) retrieved from /home/airflow/.local/lib/python3.7/site-packages/airflow/example_dags/example_latest_only.py
[2024-07-26T04:13:15.713+0000] {logging_mixin.py:120} INFO - [2024-07-26T04:13:15.713+0000] {dag.py:2585} INFO - Sync 1 DAGs
[2024-07-26T04:13:15.726+0000] {logging_mixin.py:120} INFO - [2024-07-26T04:13:15.726+0000] {dag.py:3340} INFO - Setting next_dagrun for latest_only to 2024-07-26T00:13:15.726285+00:00, run_after=2024-07-26T04:13:15.726285+00:00
[2024-07-26T04:13:15.735+0000] {processor.py:176} INFO - Processing /home/airflow/.local/lib/python3.7/site-packages/airflow/example_dags/example_latest_only.py took 0.063 seconds
[2024-07-26T04:14:06.118+0000] {processor.py:154} INFO - Started process (PID=6101) to work on /home/airflow/.local/lib/python3.7/site-packages/airflow/example_dags/example_latest_only.py
[2024-07-26T04:14:06.119+0000] {processor.py:756} INFO - Processing file /home/airflow/.local/lib/python3.7/site-packages/airflow/example_dags/example_latest_only.py for tasks to queue
[2024-07-26T04:14:06.119+0000] {logging_mixin.py:120} INFO - [2024-07-26T04:14:06.119+0000] {dagbag.py:537} INFO - Filling up the DagBag from /home/airflow/.local/lib/python3.7/site-packages/airflow/example_dags/example_latest_only.py
[2024-07-26T04:14:06.127+0000] {processor.py:766} INFO - DAG(s) dict_keys(['latest_only']) retrieved from /home/airflow/.local/lib/python3.7/site-packages/airflow/example_dags/example_latest_only.py
[2024-07-26T04:14:06.149+0000] {logging_mixin.py:120} INFO - [2024-07-26T04:14:06.149+0000] {dag.py:2585} INFO - Sync 1 DAGs
[2024-07-26T04:14:06.161+0000] {logging_mixin.py:120} INFO - [2024-07-26T04:14:06.161+0000] {dag.py:3340} INFO - Setting next_dagrun for latest_only to 2024-07-26T00:14:06.160982+00:00, run_after=2024-07-26T04:14:06.160982+00:00
[2024-07-26T04:14:06.170+0000] {processor.py:176} INFO - Processing /home/airflow/.local/lib/python3.7/site-packages/airflow/example_dags/example_latest_only.py took 0.054 seconds
[2024-07-26T04:18:34.766+0000] {processor.py:154} INFO - Started process (PID=6165) to work on /home/airflow/.local/lib/python3.7/site-packages/airflow/example_dags/example_latest_only.py
[2024-07-26T04:18:34.767+0000] {processor.py:756} INFO - Processing file /home/airflow/.local/lib/python3.7/site-packages/airflow/example_dags/example_latest_only.py for tasks to queue
[2024-07-26T04:18:34.768+0000] {logging_mixin.py:120} INFO - [2024-07-26T04:18:34.768+0000] {dagbag.py:537} INFO - Filling up the DagBag from /home/airflow/.local/lib/python3.7/site-packages/airflow/example_dags/example_latest_only.py
[2024-07-26T04:18:34.778+0000] {processor.py:766} INFO - DAG(s) dict_keys(['latest_only']) retrieved from /home/airflow/.local/lib/python3.7/site-packages/airflow/example_dags/example_latest_only.py
[2024-07-26T04:18:34.802+0000] {logging_mixin.py:120} INFO - [2024-07-26T04:18:34.802+0000] {dag.py:2585} INFO - Sync 1 DAGs
[2024-07-26T04:18:34.816+0000] {logging_mixin.py:120} INFO - [2024-07-26T04:18:34.816+0000] {dag.py:3340} INFO - Setting next_dagrun for latest_only to 2024-07-26T00:18:34.815921+00:00, run_after=2024-07-26T04:18:34.815921+00:00
[2024-07-26T04:18:34.838+0000] {processor.py:176} INFO - Processing /home/airflow/.local/lib/python3.7/site-packages/airflow/example_dags/example_latest_only.py took 0.075 seconds
[2024-07-26T04:19:16.914+0000] {processor.py:154} INFO - Started process (PID=6229) to work on /home/airflow/.local/lib/python3.7/site-packages/airflow/example_dags/example_latest_only.py
[2024-07-26T04:19:16.915+0000] {processor.py:756} INFO - Processing file /home/airflow/.local/lib/python3.7/site-packages/airflow/example_dags/example_latest_only.py for tasks to queue
[2024-07-26T04:19:16.918+0000] {logging_mixin.py:120} INFO - [2024-07-26T04:19:16.918+0000] {dagbag.py:537} INFO - Filling up the DagBag from /home/airflow/.local/lib/python3.7/site-packages/airflow/example_dags/example_latest_only.py
[2024-07-26T04:19:16.929+0000] {processor.py:766} INFO - DAG(s) dict_keys(['latest_only']) retrieved from /home/airflow/.local/lib/python3.7/site-packages/airflow/example_dags/example_latest_only.py
[2024-07-26T04:19:16.958+0000] {logging_mixin.py:120} INFO - [2024-07-26T04:19:16.958+0000] {dag.py:2585} INFO - Sync 1 DAGs
[2024-07-26T04:19:16.971+0000] {logging_mixin.py:120} INFO - [2024-07-26T04:19:16.971+0000] {dag.py:3340} INFO - Setting next_dagrun for latest_only to 2024-07-26T00:19:16.971059+00:00, run_after=2024-07-26T04:19:16.971059+00:00
[2024-07-26T04:19:16.980+0000] {processor.py:176} INFO - Processing /home/airflow/.local/lib/python3.7/site-packages/airflow/example_dags/example_latest_only.py took 0.068 seconds
[2024-07-26T04:20:38.487+0000] {processor.py:154} INFO - Started process (PID=6292) to work on /home/airflow/.local/lib/python3.7/site-packages/airflow/example_dags/example_latest_only.py
[2024-07-26T04:20:38.490+0000] {processor.py:756} INFO - Processing file /home/airflow/.local/lib/python3.7/site-packages/airflow/example_dags/example_latest_only.py for tasks to queue
[2024-07-26T04:20:38.490+0000] {logging_mixin.py:120} INFO - [2024-07-26T04:20:38.490+0000] {dagbag.py:537} INFO - Filling up the DagBag from /home/airflow/.local/lib/python3.7/site-packages/airflow/example_dags/example_latest_only.py
[2024-07-26T04:20:38.498+0000] {processor.py:766} INFO - DAG(s) dict_keys(['latest_only']) retrieved from /home/airflow/.local/lib/python3.7/site-packages/airflow/example_dags/example_latest_only.py
[2024-07-26T04:20:38.518+0000] {logging_mixin.py:120} INFO - [2024-07-26T04:20:38.518+0000] {dag.py:2585} INFO - Sync 1 DAGs
[2024-07-26T04:20:38.530+0000] {logging_mixin.py:120} INFO - [2024-07-26T04:20:38.530+0000] {dag.py:3340} INFO - Setting next_dagrun for latest_only to 2024-07-26T00:20:38.530711+00:00, run_after=2024-07-26T04:20:38.530711+00:00
[2024-07-26T04:20:38.540+0000] {processor.py:176} INFO - Processing /home/airflow/.local/lib/python3.7/site-packages/airflow/example_dags/example_latest_only.py took 0.055 seconds
[2024-07-26T04:21:42.367+0000] {processor.py:154} INFO - Started process (PID=6347) to work on /home/airflow/.local/lib/python3.7/site-packages/airflow/example_dags/example_latest_only.py
[2024-07-26T04:21:42.369+0000] {processor.py:756} INFO - Processing file /home/airflow/.local/lib/python3.7/site-packages/airflow/example_dags/example_latest_only.py for tasks to queue
[2024-07-26T04:21:42.370+0000] {logging_mixin.py:120} INFO - [2024-07-26T04:21:42.370+0000] {dagbag.py:537} INFO - Filling up the DagBag from /home/airflow/.local/lib/python3.7/site-packages/airflow/example_dags/example_latest_only.py
[2024-07-26T04:21:42.379+0000] {processor.py:766} INFO - DAG(s) dict_keys(['latest_only']) retrieved from /home/airflow/.local/lib/python3.7/site-packages/airflow/example_dags/example_latest_only.py
[2024-07-26T04:21:42.403+0000] {logging_mixin.py:120} INFO - [2024-07-26T04:21:42.403+0000] {dag.py:2585} INFO - Sync 1 DAGs
[2024-07-26T04:21:42.425+0000] {logging_mixin.py:120} INFO - [2024-07-26T04:21:42.425+0000] {dag.py:3340} INFO - Setting next_dagrun for latest_only to 2024-07-26T00:21:42.425170+00:00, run_after=2024-07-26T04:21:42.425170+00:00
[2024-07-26T04:21:42.435+0000] {processor.py:176} INFO - Processing /home/airflow/.local/lib/python3.7/site-packages/airflow/example_dags/example_latest_only.py took 0.070 seconds
[2024-07-26T04:22:49.195+0000] {processor.py:154} INFO - Started process (PID=6411) to work on /home/airflow/.local/lib/python3.7/site-packages/airflow/example_dags/example_latest_only.py
[2024-07-26T04:22:49.196+0000] {processor.py:756} INFO - Processing file /home/airflow/.local/lib/python3.7/site-packages/airflow/example_dags/example_latest_only.py for tasks to queue
[2024-07-26T04:22:49.196+0000] {logging_mixin.py:120} INFO - [2024-07-26T04:22:49.196+0000] {dagbag.py:537} INFO - Filling up the DagBag from /home/airflow/.local/lib/python3.7/site-packages/airflow/example_dags/example_latest_only.py
[2024-07-26T04:22:49.207+0000] {processor.py:766} INFO - DAG(s) dict_keys(['latest_only']) retrieved from /home/airflow/.local/lib/python3.7/site-packages/airflow/example_dags/example_latest_only.py
[2024-07-26T04:22:49.235+0000] {logging_mixin.py:120} INFO - [2024-07-26T04:22:49.235+0000] {dag.py:2585} INFO - Sync 1 DAGs
[2024-07-26T04:22:49.254+0000] {logging_mixin.py:120} INFO - [2024-07-26T04:22:49.254+0000] {dag.py:3340} INFO - Setting next_dagrun for latest_only to 2024-07-26T00:22:49.253877+00:00, run_after=2024-07-26T04:22:49.253877+00:00
[2024-07-26T04:22:49.271+0000] {processor.py:176} INFO - Processing /home/airflow/.local/lib/python3.7/site-packages/airflow/example_dags/example_latest_only.py took 0.078 seconds
[2024-07-26T04:34:01.892+0000] {processor.py:154} INFO - Started process (PID=6475) to work on /home/airflow/.local/lib/python3.7/site-packages/airflow/example_dags/example_latest_only.py
[2024-07-26T04:34:01.894+0000] {processor.py:756} INFO - Processing file /home/airflow/.local/lib/python3.7/site-packages/airflow/example_dags/example_latest_only.py for tasks to queue
[2024-07-26T04:34:01.894+0000] {logging_mixin.py:120} INFO - [2024-07-26T04:34:01.894+0000] {dagbag.py:537} INFO - Filling up the DagBag from /home/airflow/.local/lib/python3.7/site-packages/airflow/example_dags/example_latest_only.py
[2024-07-26T04:34:01.902+0000] {processor.py:766} INFO - DAG(s) dict_keys(['latest_only']) retrieved from /home/airflow/.local/lib/python3.7/site-packages/airflow/example_dags/example_latest_only.py
[2024-07-26T04:34:01.939+0000] {logging_mixin.py:120} INFO - [2024-07-26T04:34:01.939+0000] {dag.py:2585} INFO - Sync 1 DAGs
[2024-07-26T04:34:01.952+0000] {logging_mixin.py:120} INFO - [2024-07-26T04:34:01.952+0000] {dag.py:3340} INFO - Setting next_dagrun for latest_only to 2024-07-26T00:34:01.952543+00:00, run_after=2024-07-26T04:34:01.952543+00:00
[2024-07-26T04:34:01.963+0000] {processor.py:176} INFO - Processing /home/airflow/.local/lib/python3.7/site-packages/airflow/example_dags/example_latest_only.py took 0.073 seconds
[2024-07-26T04:49:14.137+0000] {processor.py:154} INFO - Started process (PID=6539) to work on /home/airflow/.local/lib/python3.7/site-packages/airflow/example_dags/example_latest_only.py
[2024-07-26T04:49:14.140+0000] {processor.py:756} INFO - Processing file /home/airflow/.local/lib/python3.7/site-packages/airflow/example_dags/example_latest_only.py for tasks to queue
[2024-07-26T04:49:14.144+0000] {logging_mixin.py:120} INFO - [2024-07-26T04:49:14.144+0000] {dagbag.py:537} INFO - Filling up the DagBag from /home/airflow/.local/lib/python3.7/site-packages/airflow/example_dags/example_latest_only.py
[2024-07-26T04:49:14.158+0000] {processor.py:766} INFO - DAG(s) dict_keys(['latest_only']) retrieved from /home/airflow/.local/lib/python3.7/site-packages/airflow/example_dags/example_latest_only.py
[2024-07-26T04:49:14.186+0000] {logging_mixin.py:120} INFO - [2024-07-26T04:49:14.186+0000] {dag.py:2585} INFO - Sync 1 DAGs
[2024-07-26T04:49:14.200+0000] {logging_mixin.py:120} INFO - [2024-07-26T04:49:14.200+0000] {dag.py:3340} INFO - Setting next_dagrun for latest_only to 2024-07-26T00:49:14.200482+00:00, run_after=2024-07-26T04:49:14.200482+00:00
[2024-07-26T04:49:14.214+0000] {processor.py:176} INFO - Processing /home/airflow/.local/lib/python3.7/site-packages/airflow/example_dags/example_latest_only.py took 0.081 seconds
[2024-07-26T04:53:38.955+0000] {processor.py:154} INFO - Started process (PID=6594) to work on /home/airflow/.local/lib/python3.7/site-packages/airflow/example_dags/example_latest_only.py
[2024-07-26T04:53:38.956+0000] {processor.py:756} INFO - Processing file /home/airflow/.local/lib/python3.7/site-packages/airflow/example_dags/example_latest_only.py for tasks to queue
[2024-07-26T04:53:38.957+0000] {logging_mixin.py:120} INFO - [2024-07-26T04:53:38.957+0000] {dagbag.py:537} INFO - Filling up the DagBag from /home/airflow/.local/lib/python3.7/site-packages/airflow/example_dags/example_latest_only.py
[2024-07-26T04:53:38.967+0000] {processor.py:766} INFO - DAG(s) dict_keys(['latest_only']) retrieved from /home/airflow/.local/lib/python3.7/site-packages/airflow/example_dags/example_latest_only.py
[2024-07-26T04:53:39.013+0000] {logging_mixin.py:120} INFO - [2024-07-26T04:53:39.013+0000] {dag.py:2585} INFO - Sync 1 DAGs
[2024-07-26T04:53:39.028+0000] {logging_mixin.py:120} INFO - [2024-07-26T04:53:39.028+0000] {dag.py:3340} INFO - Setting next_dagrun for latest_only to 2024-07-26T00:53:39.027845+00:00, run_after=2024-07-26T04:53:39.027845+00:00
[2024-07-26T04:53:39.044+0000] {processor.py:176} INFO - Processing /home/airflow/.local/lib/python3.7/site-packages/airflow/example_dags/example_latest_only.py took 0.091 seconds
[2024-07-26T05:02:51.187+0000] {processor.py:154} INFO - Started process (PID=6658) to work on /home/airflow/.local/lib/python3.7/site-packages/airflow/example_dags/example_latest_only.py
[2024-07-26T05:02:51.189+0000] {processor.py:756} INFO - Processing file /home/airflow/.local/lib/python3.7/site-packages/airflow/example_dags/example_latest_only.py for tasks to queue
[2024-07-26T05:02:51.190+0000] {logging_mixin.py:120} INFO - [2024-07-26T05:02:51.190+0000] {dagbag.py:537} INFO - Filling up the DagBag from /home/airflow/.local/lib/python3.7/site-packages/airflow/example_dags/example_latest_only.py
[2024-07-26T05:02:51.200+0000] {processor.py:766} INFO - DAG(s) dict_keys(['latest_only']) retrieved from /home/airflow/.local/lib/python3.7/site-packages/airflow/example_dags/example_latest_only.py
[2024-07-26T05:02:51.232+0000] {logging_mixin.py:120} INFO - [2024-07-26T05:02:51.231+0000] {dag.py:2585} INFO - Sync 1 DAGs
[2024-07-26T05:02:51.248+0000] {logging_mixin.py:120} INFO - [2024-07-26T05:02:51.248+0000] {dag.py:3340} INFO - Setting next_dagrun for latest_only to 2024-07-26T01:02:51.248582+00:00, run_after=2024-07-26T05:02:51.248582+00:00
[2024-07-26T05:02:51.265+0000] {processor.py:176} INFO - Processing /home/airflow/.local/lib/python3.7/site-packages/airflow/example_dags/example_latest_only.py took 0.081 seconds
[2024-07-26T05:15:53.489+0000] {processor.py:154} INFO - Started process (PID=6722) to work on /home/airflow/.local/lib/python3.7/site-packages/airflow/example_dags/example_latest_only.py
[2024-07-26T05:15:53.490+0000] {processor.py:756} INFO - Processing file /home/airflow/.local/lib/python3.7/site-packages/airflow/example_dags/example_latest_only.py for tasks to queue
[2024-07-26T05:15:53.490+0000] {logging_mixin.py:120} INFO - [2024-07-26T05:15:53.490+0000] {dagbag.py:537} INFO - Filling up the DagBag from /home/airflow/.local/lib/python3.7/site-packages/airflow/example_dags/example_latest_only.py
[2024-07-26T05:15:53.498+0000] {processor.py:766} INFO - DAG(s) dict_keys(['latest_only']) retrieved from /home/airflow/.local/lib/python3.7/site-packages/airflow/example_dags/example_latest_only.py
[2024-07-26T05:15:53.526+0000] {logging_mixin.py:120} INFO - [2024-07-26T05:15:53.526+0000] {dag.py:2585} INFO - Sync 1 DAGs
[2024-07-26T05:15:53.542+0000] {logging_mixin.py:120} INFO - [2024-07-26T05:15:53.542+0000] {dag.py:3340} INFO - Setting next_dagrun for latest_only to 2024-07-26T01:15:53.542292+00:00, run_after=2024-07-26T05:15:53.542292+00:00
[2024-07-26T05:15:53.558+0000] {processor.py:176} INFO - Processing /home/airflow/.local/lib/python3.7/site-packages/airflow/example_dags/example_latest_only.py took 0.071 seconds
[2024-07-26T05:33:30.376+0000] {processor.py:154} INFO - Started process (PID=6786) to work on /home/airflow/.local/lib/python3.7/site-packages/airflow/example_dags/example_latest_only.py
[2024-07-26T05:33:30.377+0000] {processor.py:756} INFO - Processing file /home/airflow/.local/lib/python3.7/site-packages/airflow/example_dags/example_latest_only.py for tasks to queue
[2024-07-26T05:33:30.379+0000] {logging_mixin.py:120} INFO - [2024-07-26T05:33:30.379+0000] {dagbag.py:537} INFO - Filling up the DagBag from /home/airflow/.local/lib/python3.7/site-packages/airflow/example_dags/example_latest_only.py
[2024-07-26T05:33:30.388+0000] {processor.py:766} INFO - DAG(s) dict_keys(['latest_only']) retrieved from /home/airflow/.local/lib/python3.7/site-packages/airflow/example_dags/example_latest_only.py
[2024-07-26T05:33:30.413+0000] {logging_mixin.py:120} INFO - [2024-07-26T05:33:30.413+0000] {dag.py:2585} INFO - Sync 1 DAGs
[2024-07-26T05:33:30.426+0000] {logging_mixin.py:120} INFO - [2024-07-26T05:33:30.426+0000] {dag.py:3340} INFO - Setting next_dagrun for latest_only to 2024-07-26T01:33:30.425988+00:00, run_after=2024-07-26T05:33:30.425988+00:00
[2024-07-26T05:33:30.437+0000] {processor.py:176} INFO - Processing /home/airflow/.local/lib/python3.7/site-packages/airflow/example_dags/example_latest_only.py took 0.062 seconds
[2024-07-26T06:09:37.872+0000] {processor.py:154} INFO - Started process (PID=6849) to work on /home/airflow/.local/lib/python3.7/site-packages/airflow/example_dags/example_latest_only.py
[2024-07-26T06:09:37.873+0000] {processor.py:756} INFO - Processing file /home/airflow/.local/lib/python3.7/site-packages/airflow/example_dags/example_latest_only.py for tasks to queue
[2024-07-26T06:09:37.874+0000] {logging_mixin.py:120} INFO - [2024-07-26T06:09:37.874+0000] {dagbag.py:537} INFO - Filling up the DagBag from /home/airflow/.local/lib/python3.7/site-packages/airflow/example_dags/example_latest_only.py
[2024-07-26T06:09:37.882+0000] {processor.py:766} INFO - DAG(s) dict_keys(['latest_only']) retrieved from /home/airflow/.local/lib/python3.7/site-packages/airflow/example_dags/example_latest_only.py
[2024-07-26T06:09:37.904+0000] {logging_mixin.py:120} INFO - [2024-07-26T06:09:37.904+0000] {dag.py:2585} INFO - Sync 1 DAGs
[2024-07-26T06:09:37.917+0000] {logging_mixin.py:120} INFO - [2024-07-26T06:09:37.917+0000] {dag.py:3340} INFO - Setting next_dagrun for latest_only to 2024-07-26T02:09:37.916944+00:00, run_after=2024-07-26T06:09:37.916944+00:00
[2024-07-26T06:09:37.928+0000] {processor.py:176} INFO - Processing /home/airflow/.local/lib/python3.7/site-packages/airflow/example_dags/example_latest_only.py took 0.058 seconds
[2024-07-26T07:10:34.755+0000] {processor.py:154} INFO - Started process (PID=6904) to work on /home/airflow/.local/lib/python3.7/site-packages/airflow/example_dags/example_latest_only.py
[2024-07-26T07:10:34.756+0000] {processor.py:756} INFO - Processing file /home/airflow/.local/lib/python3.7/site-packages/airflow/example_dags/example_latest_only.py for tasks to queue
[2024-07-26T07:10:34.756+0000] {logging_mixin.py:120} INFO - [2024-07-26T07:10:34.756+0000] {dagbag.py:537} INFO - Filling up the DagBag from /home/airflow/.local/lib/python3.7/site-packages/airflow/example_dags/example_latest_only.py
[2024-07-26T07:10:34.764+0000] {processor.py:766} INFO - DAG(s) dict_keys(['latest_only']) retrieved from /home/airflow/.local/lib/python3.7/site-packages/airflow/example_dags/example_latest_only.py
[2024-07-26T07:10:34.786+0000] {logging_mixin.py:120} INFO - [2024-07-26T07:10:34.786+0000] {dag.py:2585} INFO - Sync 1 DAGs
[2024-07-26T07:10:34.801+0000] {logging_mixin.py:120} INFO - [2024-07-26T07:10:34.801+0000] {dag.py:3340} INFO - Setting next_dagrun for latest_only to 2024-07-26T03:10:34.801199+00:00, run_after=2024-07-26T07:10:34.801199+00:00
[2024-07-26T07:10:34.815+0000] {processor.py:176} INFO - Processing /home/airflow/.local/lib/python3.7/site-packages/airflow/example_dags/example_latest_only.py took 0.062 seconds
[2024-07-26T08:11:49.249+0000] {processor.py:154} INFO - Started process (PID=6968) to work on /home/airflow/.local/lib/python3.7/site-packages/airflow/example_dags/example_latest_only.py
[2024-07-26T08:11:49.251+0000] {processor.py:756} INFO - Processing file /home/airflow/.local/lib/python3.7/site-packages/airflow/example_dags/example_latest_only.py for tasks to queue
[2024-07-26T08:11:49.251+0000] {logging_mixin.py:120} INFO - [2024-07-26T08:11:49.251+0000] {dagbag.py:537} INFO - Filling up the DagBag from /home/airflow/.local/lib/python3.7/site-packages/airflow/example_dags/example_latest_only.py
[2024-07-26T08:11:49.266+0000] {processor.py:766} INFO - DAG(s) dict_keys(['latest_only']) retrieved from /home/airflow/.local/lib/python3.7/site-packages/airflow/example_dags/example_latest_only.py
[2024-07-26T08:11:49.295+0000] {logging_mixin.py:120} INFO - [2024-07-26T08:11:49.295+0000] {dag.py:2585} INFO - Sync 1 DAGs
[2024-07-26T08:11:49.317+0000] {logging_mixin.py:120} INFO - [2024-07-26T08:11:49.317+0000] {dag.py:3340} INFO - Setting next_dagrun for latest_only to 2024-07-26T04:11:49.317493+00:00, run_after=2024-07-26T08:11:49.317493+00:00
[2024-07-26T08:11:49.338+0000] {processor.py:176} INFO - Processing /home/airflow/.local/lib/python3.7/site-packages/airflow/example_dags/example_latest_only.py took 0.091 seconds
[2024-07-26T08:36:13.488+0000] {processor.py:154} INFO - Started process (PID=7032) to work on /home/airflow/.local/lib/python3.7/site-packages/airflow/example_dags/example_latest_only.py
[2024-07-26T08:36:13.489+0000] {processor.py:756} INFO - Processing file /home/airflow/.local/lib/python3.7/site-packages/airflow/example_dags/example_latest_only.py for tasks to queue
[2024-07-26T08:36:13.490+0000] {logging_mixin.py:120} INFO - [2024-07-26T08:36:13.490+0000] {dagbag.py:537} INFO - Filling up the DagBag from /home/airflow/.local/lib/python3.7/site-packages/airflow/example_dags/example_latest_only.py
[2024-07-26T08:36:13.498+0000] {processor.py:766} INFO - DAG(s) dict_keys(['latest_only']) retrieved from /home/airflow/.local/lib/python3.7/site-packages/airflow/example_dags/example_latest_only.py
[2024-07-26T08:36:13.526+0000] {logging_mixin.py:120} INFO - [2024-07-26T08:36:13.525+0000] {dag.py:2585} INFO - Sync 1 DAGs
[2024-07-26T08:36:13.552+0000] {logging_mixin.py:120} INFO - [2024-07-26T08:36:13.551+0000] {dag.py:3340} INFO - Setting next_dagrun for latest_only to 2024-07-26T04:36:13.551424+00:00, run_after=2024-07-26T08:36:13.551424+00:00
[2024-07-26T08:36:13.571+0000] {processor.py:176} INFO - Processing /home/airflow/.local/lib/python3.7/site-packages/airflow/example_dags/example_latest_only.py took 0.085 seconds
[2024-07-26T09:29:27.497+0000] {processor.py:154} INFO - Started process (PID=7096) to work on /home/airflow/.local/lib/python3.7/site-packages/airflow/example_dags/example_latest_only.py
[2024-07-26T09:29:27.498+0000] {processor.py:756} INFO - Processing file /home/airflow/.local/lib/python3.7/site-packages/airflow/example_dags/example_latest_only.py for tasks to queue
[2024-07-26T09:29:27.498+0000] {logging_mixin.py:120} INFO - [2024-07-26T09:29:27.498+0000] {dagbag.py:537} INFO - Filling up the DagBag from /home/airflow/.local/lib/python3.7/site-packages/airflow/example_dags/example_latest_only.py
[2024-07-26T09:29:27.506+0000] {processor.py:766} INFO - DAG(s) dict_keys(['latest_only']) retrieved from /home/airflow/.local/lib/python3.7/site-packages/airflow/example_dags/example_latest_only.py
[2024-07-26T09:29:27.526+0000] {logging_mixin.py:120} INFO - [2024-07-26T09:29:27.526+0000] {dag.py:2585} INFO - Sync 1 DAGs
[2024-07-26T09:29:27.540+0000] {logging_mixin.py:120} INFO - [2024-07-26T09:29:27.540+0000] {dag.py:3340} INFO - Setting next_dagrun for latest_only to 2024-07-26T05:29:27.540623+00:00, run_after=2024-07-26T09:29:27.540623+00:00
[2024-07-26T09:29:27.562+0000] {processor.py:176} INFO - Processing /home/airflow/.local/lib/python3.7/site-packages/airflow/example_dags/example_latest_only.py took 0.066 seconds
[2024-07-26T10:30:32.188+0000] {processor.py:154} INFO - Started process (PID=7151) to work on /home/airflow/.local/lib/python3.7/site-packages/airflow/example_dags/example_latest_only.py
[2024-07-26T10:30:32.190+0000] {processor.py:756} INFO - Processing file /home/airflow/.local/lib/python3.7/site-packages/airflow/example_dags/example_latest_only.py for tasks to queue
[2024-07-26T10:30:32.191+0000] {logging_mixin.py:120} INFO - [2024-07-26T10:30:32.191+0000] {dagbag.py:537} INFO - Filling up the DagBag from /home/airflow/.local/lib/python3.7/site-packages/airflow/example_dags/example_latest_only.py
[2024-07-26T10:30:32.200+0000] {processor.py:766} INFO - DAG(s) dict_keys(['latest_only']) retrieved from /home/airflow/.local/lib/python3.7/site-packages/airflow/example_dags/example_latest_only.py
[2024-07-26T10:30:32.261+0000] {logging_mixin.py:120} INFO - [2024-07-26T10:30:32.261+0000] {dag.py:2585} INFO - Sync 1 DAGs
[2024-07-26T10:30:32.314+0000] {logging_mixin.py:120} INFO - [2024-07-26T10:30:32.314+0000] {dag.py:3340} INFO - Setting next_dagrun for latest_only to 2024-07-26T06:30:32.314441+00:00, run_after=2024-07-26T10:30:32.314441+00:00
[2024-07-26T10:30:32.361+0000] {processor.py:176} INFO - Processing /home/airflow/.local/lib/python3.7/site-packages/airflow/example_dags/example_latest_only.py took 0.174 seconds
[2024-07-26T10:39:57.672+0000] {processor.py:154} INFO - Started process (PID=7215) to work on /home/airflow/.local/lib/python3.7/site-packages/airflow/example_dags/example_latest_only.py
[2024-07-26T10:39:57.674+0000] {processor.py:756} INFO - Processing file /home/airflow/.local/lib/python3.7/site-packages/airflow/example_dags/example_latest_only.py for tasks to queue
[2024-07-26T10:39:57.674+0000] {logging_mixin.py:120} INFO - [2024-07-26T10:39:57.674+0000] {dagbag.py:537} INFO - Filling up the DagBag from /home/airflow/.local/lib/python3.7/site-packages/airflow/example_dags/example_latest_only.py
[2024-07-26T10:39:57.685+0000] {processor.py:766} INFO - DAG(s) dict_keys(['latest_only']) retrieved from /home/airflow/.local/lib/python3.7/site-packages/airflow/example_dags/example_latest_only.py
[2024-07-26T10:39:57.710+0000] {logging_mixin.py:120} INFO - [2024-07-26T10:39:57.710+0000] {dag.py:2585} INFO - Sync 1 DAGs
[2024-07-26T10:39:57.723+0000] {logging_mixin.py:120} INFO - [2024-07-26T10:39:57.723+0000] {dag.py:3340} INFO - Setting next_dagrun for latest_only to 2024-07-26T06:39:57.723159+00:00, run_after=2024-07-26T10:39:57.723159+00:00
[2024-07-26T10:39:57.733+0000] {processor.py:176} INFO - Processing /home/airflow/.local/lib/python3.7/site-packages/airflow/example_dags/example_latest_only.py took 0.063 seconds
[2024-07-26T11:48:32.052+0000] {processor.py:154} INFO - Started process (PID=7279) to work on /home/airflow/.local/lib/python3.7/site-packages/airflow/example_dags/example_latest_only.py
[2024-07-26T11:48:32.053+0000] {processor.py:756} INFO - Processing file /home/airflow/.local/lib/python3.7/site-packages/airflow/example_dags/example_latest_only.py for tasks to queue
[2024-07-26T11:48:32.054+0000] {logging_mixin.py:120} INFO - [2024-07-26T11:48:32.053+0000] {dagbag.py:537} INFO - Filling up the DagBag from /home/airflow/.local/lib/python3.7/site-packages/airflow/example_dags/example_latest_only.py
[2024-07-26T11:48:32.062+0000] {processor.py:766} INFO - DAG(s) dict_keys(['latest_only']) retrieved from /home/airflow/.local/lib/python3.7/site-packages/airflow/example_dags/example_latest_only.py
[2024-07-26T11:48:32.092+0000] {logging_mixin.py:120} INFO - [2024-07-26T11:48:32.092+0000] {dag.py:2585} INFO - Sync 1 DAGs
[2024-07-26T11:48:32.114+0000] {logging_mixin.py:120} INFO - [2024-07-26T11:48:32.114+0000] {dag.py:3340} INFO - Setting next_dagrun for latest_only to 2024-07-26T07:48:32.113909+00:00, run_after=2024-07-26T11:48:32.113909+00:00
[2024-07-26T11:48:32.129+0000] {processor.py:176} INFO - Processing /home/airflow/.local/lib/python3.7/site-packages/airflow/example_dags/example_latest_only.py took 0.079 seconds
[2024-07-26T12:13:07.212+0000] {processor.py:154} INFO - Started process (PID=7343) to work on /home/airflow/.local/lib/python3.7/site-packages/airflow/example_dags/example_latest_only.py
[2024-07-26T12:13:07.213+0000] {processor.py:756} INFO - Processing file /home/airflow/.local/lib/python3.7/site-packages/airflow/example_dags/example_latest_only.py for tasks to queue
[2024-07-26T12:13:07.213+0000] {logging_mixin.py:120} INFO - [2024-07-26T12:13:07.213+0000] {dagbag.py:537} INFO - Filling up the DagBag from /home/airflow/.local/lib/python3.7/site-packages/airflow/example_dags/example_latest_only.py
[2024-07-26T12:13:07.222+0000] {processor.py:766} INFO - DAG(s) dict_keys(['latest_only']) retrieved from /home/airflow/.local/lib/python3.7/site-packages/airflow/example_dags/example_latest_only.py
[2024-07-26T12:13:07.247+0000] {logging_mixin.py:120} INFO - [2024-07-26T12:13:07.247+0000] {dag.py:2585} INFO - Sync 1 DAGs
[2024-07-26T12:13:07.262+0000] {logging_mixin.py:120} INFO - [2024-07-26T12:13:07.262+0000] {dag.py:3340} INFO - Setting next_dagrun for latest_only to 2024-07-26T08:13:07.262246+00:00, run_after=2024-07-26T12:13:07.262246+00:00
[2024-07-26T12:13:07.287+0000] {processor.py:176} INFO - Processing /home/airflow/.local/lib/python3.7/site-packages/airflow/example_dags/example_latest_only.py took 0.077 seconds
[2024-07-26T12:19:27.513+0000] {processor.py:154} INFO - Started process (PID=7406) to work on /home/airflow/.local/lib/python3.7/site-packages/airflow/example_dags/example_latest_only.py
[2024-07-26T12:19:27.514+0000] {processor.py:756} INFO - Processing file /home/airflow/.local/lib/python3.7/site-packages/airflow/example_dags/example_latest_only.py for tasks to queue
[2024-07-26T12:19:27.515+0000] {logging_mixin.py:120} INFO - [2024-07-26T12:19:27.515+0000] {dagbag.py:537} INFO - Filling up the DagBag from /home/airflow/.local/lib/python3.7/site-packages/airflow/example_dags/example_latest_only.py
[2024-07-26T12:19:27.529+0000] {processor.py:766} INFO - DAG(s) dict_keys(['latest_only']) retrieved from /home/airflow/.local/lib/python3.7/site-packages/airflow/example_dags/example_latest_only.py
[2024-07-26T12:19:27.583+0000] {logging_mixin.py:120} INFO - [2024-07-26T12:19:27.582+0000] {dag.py:2585} INFO - Sync 1 DAGs
[2024-07-26T12:19:27.609+0000] {logging_mixin.py:120} INFO - [2024-07-26T12:19:27.609+0000] {dag.py:3340} INFO - Setting next_dagrun for latest_only to 2024-07-26T08:19:27.609063+00:00, run_after=2024-07-26T12:19:27.609063+00:00
[2024-07-26T12:19:27.630+0000] {processor.py:176} INFO - Processing /home/airflow/.local/lib/python3.7/site-packages/airflow/example_dags/example_latest_only.py took 0.121 seconds
[2024-07-26T13:00:09.983+0000] {processor.py:154} INFO - Started process (PID=7461) to work on /home/airflow/.local/lib/python3.7/site-packages/airflow/example_dags/example_latest_only.py
[2024-07-26T13:00:09.986+0000] {processor.py:756} INFO - Processing file /home/airflow/.local/lib/python3.7/site-packages/airflow/example_dags/example_latest_only.py for tasks to queue
[2024-07-26T13:00:09.990+0000] {logging_mixin.py:120} INFO - [2024-07-26T13:00:09.990+0000] {dagbag.py:537} INFO - Filling up the DagBag from /home/airflow/.local/lib/python3.7/site-packages/airflow/example_dags/example_latest_only.py
[2024-07-26T13:00:10.005+0000] {processor.py:766} INFO - DAG(s) dict_keys(['latest_only']) retrieved from /home/airflow/.local/lib/python3.7/site-packages/airflow/example_dags/example_latest_only.py
[2024-07-26T13:00:10.037+0000] {logging_mixin.py:120} INFO - [2024-07-26T13:00:10.037+0000] {dag.py:2585} INFO - Sync 1 DAGs
[2024-07-26T13:00:10.050+0000] {logging_mixin.py:120} INFO - [2024-07-26T13:00:10.050+0000] {dag.py:3340} INFO - Setting next_dagrun for latest_only to 2024-07-26T09:00:10.050711+00:00, run_after=2024-07-26T13:00:10.050711+00:00
[2024-07-26T13:00:10.063+0000] {processor.py:176} INFO - Processing /home/airflow/.local/lib/python3.7/site-packages/airflow/example_dags/example_latest_only.py took 0.081 seconds
[2024-07-26T13:12:29.094+0000] {processor.py:154} INFO - Started process (PID=7525) to work on /home/airflow/.local/lib/python3.7/site-packages/airflow/example_dags/example_latest_only.py
[2024-07-26T13:12:29.095+0000] {processor.py:756} INFO - Processing file /home/airflow/.local/lib/python3.7/site-packages/airflow/example_dags/example_latest_only.py for tasks to queue
[2024-07-26T13:12:29.095+0000] {logging_mixin.py:120} INFO - [2024-07-26T13:12:29.095+0000] {dagbag.py:537} INFO - Filling up the DagBag from /home/airflow/.local/lib/python3.7/site-packages/airflow/example_dags/example_latest_only.py
[2024-07-26T13:12:29.104+0000] {processor.py:766} INFO - DAG(s) dict_keys(['latest_only']) retrieved from /home/airflow/.local/lib/python3.7/site-packages/airflow/example_dags/example_latest_only.py
[2024-07-26T13:12:29.128+0000] {logging_mixin.py:120} INFO - [2024-07-26T13:12:29.127+0000] {dag.py:2585} INFO - Sync 1 DAGs
[2024-07-26T13:12:29.142+0000] {logging_mixin.py:120} INFO - [2024-07-26T13:12:29.142+0000] {dag.py:3340} INFO - Setting next_dagrun for latest_only to 2024-07-26T09:12:29.142643+00:00, run_after=2024-07-26T13:12:29.142643+00:00
[2024-07-26T13:12:29.154+0000] {processor.py:176} INFO - Processing /home/airflow/.local/lib/python3.7/site-packages/airflow/example_dags/example_latest_only.py took 0.062 seconds
[2024-07-26T13:43:23.307+0000] {processor.py:154} INFO - Started process (PID=7589) to work on /home/airflow/.local/lib/python3.7/site-packages/airflow/example_dags/example_latest_only.py
[2024-07-26T13:43:23.308+0000] {processor.py:756} INFO - Processing file /home/airflow/.local/lib/python3.7/site-packages/airflow/example_dags/example_latest_only.py for tasks to queue
[2024-07-26T13:43:23.308+0000] {logging_mixin.py:120} INFO - [2024-07-26T13:43:23.308+0000] {dagbag.py:537} INFO - Filling up the DagBag from /home/airflow/.local/lib/python3.7/site-packages/airflow/example_dags/example_latest_only.py
[2024-07-26T13:43:23.316+0000] {processor.py:766} INFO - DAG(s) dict_keys(['latest_only']) retrieved from /home/airflow/.local/lib/python3.7/site-packages/airflow/example_dags/example_latest_only.py
[2024-07-26T13:43:23.342+0000] {logging_mixin.py:120} INFO - [2024-07-26T13:43:23.342+0000] {dag.py:2585} INFO - Sync 1 DAGs
[2024-07-26T13:43:23.358+0000] {logging_mixin.py:120} INFO - [2024-07-26T13:43:23.358+0000] {dag.py:3340} INFO - Setting next_dagrun for latest_only to 2024-07-26T09:43:23.357931+00:00, run_after=2024-07-26T13:43:23.357931+00:00
[2024-07-26T13:43:23.368+0000] {processor.py:176} INFO - Processing /home/airflow/.local/lib/python3.7/site-packages/airflow/example_dags/example_latest_only.py took 0.063 seconds
[2024-07-26T13:46:55.191+0000] {processor.py:154} INFO - Started process (PID=7653) to work on /home/airflow/.local/lib/python3.7/site-packages/airflow/example_dags/example_latest_only.py
[2024-07-26T13:46:55.193+0000] {processor.py:756} INFO - Processing file /home/airflow/.local/lib/python3.7/site-packages/airflow/example_dags/example_latest_only.py for tasks to queue
[2024-07-26T13:46:55.194+0000] {logging_mixin.py:120} INFO - [2024-07-26T13:46:55.194+0000] {dagbag.py:537} INFO - Filling up the DagBag from /home/airflow/.local/lib/python3.7/site-packages/airflow/example_dags/example_latest_only.py
[2024-07-26T13:46:55.207+0000] {processor.py:766} INFO - DAG(s) dict_keys(['latest_only']) retrieved from /home/airflow/.local/lib/python3.7/site-packages/airflow/example_dags/example_latest_only.py
[2024-07-26T13:46:55.232+0000] {logging_mixin.py:120} INFO - [2024-07-26T13:46:55.232+0000] {dag.py:2585} INFO - Sync 1 DAGs
[2024-07-26T13:46:55.246+0000] {logging_mixin.py:120} INFO - [2024-07-26T13:46:55.246+0000] {dag.py:3340} INFO - Setting next_dagrun for latest_only to 2024-07-26T09:46:55.246375+00:00, run_after=2024-07-26T13:46:55.246375+00:00
[2024-07-26T13:46:55.262+0000] {processor.py:176} INFO - Processing /home/airflow/.local/lib/python3.7/site-packages/airflow/example_dags/example_latest_only.py took 0.073 seconds
[2024-07-26T13:52:24.913+0000] {processor.py:154} INFO - Started process (PID=7717) to work on /home/airflow/.local/lib/python3.7/site-packages/airflow/example_dags/example_latest_only.py
[2024-07-26T13:52:24.915+0000] {processor.py:756} INFO - Processing file /home/airflow/.local/lib/python3.7/site-packages/airflow/example_dags/example_latest_only.py for tasks to queue
[2024-07-26T13:52:24.916+0000] {logging_mixin.py:120} INFO - [2024-07-26T13:52:24.916+0000] {dagbag.py:537} INFO - Filling up the DagBag from /home/airflow/.local/lib/python3.7/site-packages/airflow/example_dags/example_latest_only.py
[2024-07-26T13:52:24.934+0000] {processor.py:766} INFO - DAG(s) dict_keys(['latest_only']) retrieved from /home/airflow/.local/lib/python3.7/site-packages/airflow/example_dags/example_latest_only.py
[2024-07-26T13:52:24.973+0000] {logging_mixin.py:120} INFO - [2024-07-26T13:52:24.973+0000] {dag.py:2585} INFO - Sync 1 DAGs
[2024-07-26T13:52:25.009+0000] {logging_mixin.py:120} INFO - [2024-07-26T13:52:25.009+0000] {dag.py:3340} INFO - Setting next_dagrun for latest_only to 2024-07-26T09:52:25.009618+00:00, run_after=2024-07-26T13:52:25.009618+00:00
[2024-07-26T13:52:25.034+0000] {processor.py:176} INFO - Processing /home/airflow/.local/lib/python3.7/site-packages/airflow/example_dags/example_latest_only.py took 0.127 seconds
[2024-07-26T13:54:22.123+0000] {processor.py:154} INFO - Started process (PID=7772) to work on /home/airflow/.local/lib/python3.7/site-packages/airflow/example_dags/example_latest_only.py
[2024-07-26T13:54:22.124+0000] {processor.py:756} INFO - Processing file /home/airflow/.local/lib/python3.7/site-packages/airflow/example_dags/example_latest_only.py for tasks to queue
[2024-07-26T13:54:22.124+0000] {logging_mixin.py:120} INFO - [2024-07-26T13:54:22.124+0000] {dagbag.py:537} INFO - Filling up the DagBag from /home/airflow/.local/lib/python3.7/site-packages/airflow/example_dags/example_latest_only.py
[2024-07-26T13:54:22.131+0000] {processor.py:766} INFO - DAG(s) dict_keys(['latest_only']) retrieved from /home/airflow/.local/lib/python3.7/site-packages/airflow/example_dags/example_latest_only.py
[2024-07-26T13:54:22.153+0000] {logging_mixin.py:120} INFO - [2024-07-26T13:54:22.153+0000] {dag.py:2585} INFO - Sync 1 DAGs
[2024-07-26T13:54:22.170+0000] {logging_mixin.py:120} INFO - [2024-07-26T13:54:22.170+0000] {dag.py:3340} INFO - Setting next_dagrun for latest_only to 2024-07-26T09:54:22.170058+00:00, run_after=2024-07-26T13:54:22.170058+00:00
[2024-07-26T13:54:22.186+0000] {processor.py:176} INFO - Processing /home/airflow/.local/lib/python3.7/site-packages/airflow/example_dags/example_latest_only.py took 0.065 seconds
[2024-07-26T13:55:30.204+0000] {processor.py:154} INFO - Started process (PID=7836) to work on /home/airflow/.local/lib/python3.7/site-packages/airflow/example_dags/example_latest_only.py
[2024-07-26T13:55:30.208+0000] {processor.py:756} INFO - Processing file /home/airflow/.local/lib/python3.7/site-packages/airflow/example_dags/example_latest_only.py for tasks to queue
[2024-07-26T13:55:30.208+0000] {logging_mixin.py:120} INFO - [2024-07-26T13:55:30.208+0000] {dagbag.py:537} INFO - Filling up the DagBag from /home/airflow/.local/lib/python3.7/site-packages/airflow/example_dags/example_latest_only.py
[2024-07-26T13:55:30.217+0000] {processor.py:766} INFO - DAG(s) dict_keys(['latest_only']) retrieved from /home/airflow/.local/lib/python3.7/site-packages/airflow/example_dags/example_latest_only.py
[2024-07-26T13:55:30.238+0000] {logging_mixin.py:120} INFO - [2024-07-26T13:55:30.237+0000] {dag.py:2585} INFO - Sync 1 DAGs
[2024-07-26T13:55:30.249+0000] {logging_mixin.py:120} INFO - [2024-07-26T13:55:30.249+0000] {dag.py:3340} INFO - Setting next_dagrun for latest_only to 2024-07-26T09:55:30.249514+00:00, run_after=2024-07-26T13:55:30.249514+00:00
[2024-07-26T13:55:30.258+0000] {processor.py:176} INFO - Processing /home/airflow/.local/lib/python3.7/site-packages/airflow/example_dags/example_latest_only.py took 0.055 seconds
[2024-07-26T14:05:34.018+0000] {processor.py:154} INFO - Started process (PID=7900) to work on /home/airflow/.local/lib/python3.7/site-packages/airflow/example_dags/example_latest_only.py
[2024-07-26T14:05:34.019+0000] {processor.py:756} INFO - Processing file /home/airflow/.local/lib/python3.7/site-packages/airflow/example_dags/example_latest_only.py for tasks to queue
[2024-07-26T14:05:34.020+0000] {logging_mixin.py:120} INFO - [2024-07-26T14:05:34.020+0000] {dagbag.py:537} INFO - Filling up the DagBag from /home/airflow/.local/lib/python3.7/site-packages/airflow/example_dags/example_latest_only.py
[2024-07-26T14:05:34.031+0000] {processor.py:766} INFO - DAG(s) dict_keys(['latest_only']) retrieved from /home/airflow/.local/lib/python3.7/site-packages/airflow/example_dags/example_latest_only.py
[2024-07-26T14:05:34.079+0000] {logging_mixin.py:120} INFO - [2024-07-26T14:05:34.079+0000] {dag.py:2585} INFO - Sync 1 DAGs
[2024-07-26T14:05:34.097+0000] {logging_mixin.py:120} INFO - [2024-07-26T14:05:34.097+0000] {dag.py:3340} INFO - Setting next_dagrun for latest_only to 2024-07-26T10:05:34.097616+00:00, run_after=2024-07-26T14:05:34.097616+00:00
[2024-07-26T14:05:34.108+0000] {processor.py:176} INFO - Processing /home/airflow/.local/lib/python3.7/site-packages/airflow/example_dags/example_latest_only.py took 0.092 seconds
[2024-07-26T14:06:21.251+0000] {processor.py:154} INFO - Started process (PID=7963) to work on /home/airflow/.local/lib/python3.7/site-packages/airflow/example_dags/example_latest_only.py
[2024-07-26T14:06:21.251+0000] {processor.py:756} INFO - Processing file /home/airflow/.local/lib/python3.7/site-packages/airflow/example_dags/example_latest_only.py for tasks to queue
[2024-07-26T14:06:21.252+0000] {logging_mixin.py:120} INFO - [2024-07-26T14:06:21.252+0000] {dagbag.py:537} INFO - Filling up the DagBag from /home/airflow/.local/lib/python3.7/site-packages/airflow/example_dags/example_latest_only.py
[2024-07-26T14:06:21.259+0000] {processor.py:766} INFO - DAG(s) dict_keys(['latest_only']) retrieved from /home/airflow/.local/lib/python3.7/site-packages/airflow/example_dags/example_latest_only.py
[2024-07-26T14:06:21.279+0000] {logging_mixin.py:120} INFO - [2024-07-26T14:06:21.279+0000] {dag.py:2585} INFO - Sync 1 DAGs
[2024-07-26T14:06:21.291+0000] {logging_mixin.py:120} INFO - [2024-07-26T14:06:21.291+0000] {dag.py:3340} INFO - Setting next_dagrun for latest_only to 2024-07-26T10:06:21.291485+00:00, run_after=2024-07-26T14:06:21.291485+00:00
[2024-07-26T14:06:21.301+0000] {processor.py:176} INFO - Processing /home/airflow/.local/lib/python3.7/site-packages/airflow/example_dags/example_latest_only.py took 0.052 seconds
