[2024-07-26T00:02:54.583+0000] {processor.py:154} INFO - Started process (PID=4793) to work on /home/airflow/.local/lib/python3.7/site-packages/airflow/example_dags/tutorial_taskflow_api.py
[2024-07-26T00:02:54.585+0000] {processor.py:756} INFO - Processing file /home/airflow/.local/lib/python3.7/site-packages/airflow/example_dags/tutorial_taskflow_api.py for tasks to queue
[2024-07-26T00:02:54.586+0000] {logging_mixin.py:120} INFO - [2024-07-26T00:02:54.586+0000] {dagbag.py:537} INFO - Filling up the DagBag from /home/airflow/.local/lib/python3.7/site-packages/airflow/example_dags/tutorial_taskflow_api.py
[2024-07-26T00:02:54.599+0000] {processor.py:766} INFO - DAG(s) dict_keys(['tutorial_taskflow_api']) retrieved from /home/airflow/.local/lib/python3.7/site-packages/airflow/example_dags/tutorial_taskflow_api.py
[2024-07-26T00:02:54.635+0000] {logging_mixin.py:120} INFO - [2024-07-26T00:02:54.635+0000] {dag.py:2585} INFO - Sync 1 DAGs
[2024-07-26T00:02:54.656+0000] {logging_mixin.py:120} INFO - [2024-07-26T00:02:54.656+0000] {dag.py:3340} INFO - Setting next_dagrun for tutorial_taskflow_api to None, run_after=None
[2024-07-26T00:02:54.701+0000] {processor.py:176} INFO - Processing /home/airflow/.local/lib/python3.7/site-packages/airflow/example_dags/tutorial_taskflow_api.py took 0.120 seconds
[2024-07-26T00:16:07.169+0000] {processor.py:154} INFO - Started process (PID=4848) to work on /home/airflow/.local/lib/python3.7/site-packages/airflow/example_dags/tutorial_taskflow_api.py
[2024-07-26T00:16:07.171+0000] {processor.py:756} INFO - Processing file /home/airflow/.local/lib/python3.7/site-packages/airflow/example_dags/tutorial_taskflow_api.py for tasks to queue
[2024-07-26T00:16:07.175+0000] {logging_mixin.py:120} INFO - [2024-07-26T00:16:07.175+0000] {dagbag.py:537} INFO - Filling up the DagBag from /home/airflow/.local/lib/python3.7/site-packages/airflow/example_dags/tutorial_taskflow_api.py
[2024-07-26T00:16:07.204+0000] {processor.py:766} INFO - DAG(s) dict_keys(['tutorial_taskflow_api']) retrieved from /home/airflow/.local/lib/python3.7/site-packages/airflow/example_dags/tutorial_taskflow_api.py
[2024-07-26T00:16:07.263+0000] {logging_mixin.py:120} INFO - [2024-07-26T00:16:07.263+0000] {dag.py:2585} INFO - Sync 1 DAGs
[2024-07-26T00:16:07.295+0000] {logging_mixin.py:120} INFO - [2024-07-26T00:16:07.295+0000] {dag.py:3340} INFO - Setting next_dagrun for tutorial_taskflow_api to None, run_after=None
[2024-07-26T00:16:07.308+0000] {processor.py:176} INFO - Processing /home/airflow/.local/lib/python3.7/site-packages/airflow/example_dags/tutorial_taskflow_api.py took 0.142 seconds
[2024-07-26T00:40:52.873+0000] {processor.py:154} INFO - Started process (PID=4912) to work on /home/airflow/.local/lib/python3.7/site-packages/airflow/example_dags/tutorial_taskflow_api.py
[2024-07-26T00:40:52.874+0000] {processor.py:756} INFO - Processing file /home/airflow/.local/lib/python3.7/site-packages/airflow/example_dags/tutorial_taskflow_api.py for tasks to queue
[2024-07-26T00:40:52.875+0000] {logging_mixin.py:120} INFO - [2024-07-26T00:40:52.875+0000] {dagbag.py:537} INFO - Filling up the DagBag from /home/airflow/.local/lib/python3.7/site-packages/airflow/example_dags/tutorial_taskflow_api.py
[2024-07-26T00:40:52.885+0000] {processor.py:766} INFO - DAG(s) dict_keys(['tutorial_taskflow_api']) retrieved from /home/airflow/.local/lib/python3.7/site-packages/airflow/example_dags/tutorial_taskflow_api.py
[2024-07-26T00:40:52.905+0000] {logging_mixin.py:120} INFO - [2024-07-26T00:40:52.905+0000] {dag.py:2585} INFO - Sync 1 DAGs
[2024-07-26T00:40:52.917+0000] {logging_mixin.py:120} INFO - [2024-07-26T00:40:52.917+0000] {dag.py:3340} INFO - Setting next_dagrun for tutorial_taskflow_api to None, run_after=None
[2024-07-26T00:40:52.926+0000] {processor.py:176} INFO - Processing /home/airflow/.local/lib/python3.7/site-packages/airflow/example_dags/tutorial_taskflow_api.py took 0.055 seconds
[2024-07-26T01:30:33.713+0000] {processor.py:154} INFO - Started process (PID=4976) to work on /home/airflow/.local/lib/python3.7/site-packages/airflow/example_dags/tutorial_taskflow_api.py
[2024-07-26T01:30:33.717+0000] {processor.py:756} INFO - Processing file /home/airflow/.local/lib/python3.7/site-packages/airflow/example_dags/tutorial_taskflow_api.py for tasks to queue
[2024-07-26T01:30:33.719+0000] {logging_mixin.py:120} INFO - [2024-07-26T01:30:33.719+0000] {dagbag.py:537} INFO - Filling up the DagBag from /home/airflow/.local/lib/python3.7/site-packages/airflow/example_dags/tutorial_taskflow_api.py
[2024-07-26T01:30:33.739+0000] {processor.py:766} INFO - DAG(s) dict_keys(['tutorial_taskflow_api']) retrieved from /home/airflow/.local/lib/python3.7/site-packages/airflow/example_dags/tutorial_taskflow_api.py
[2024-07-26T01:30:33.779+0000] {logging_mixin.py:120} INFO - [2024-07-26T01:30:33.779+0000] {dag.py:2585} INFO - Sync 1 DAGs
[2024-07-26T01:30:33.794+0000] {logging_mixin.py:120} INFO - [2024-07-26T01:30:33.794+0000] {dag.py:3340} INFO - Setting next_dagrun for tutorial_taskflow_api to None, run_after=None
[2024-07-26T01:30:33.824+0000] {processor.py:176} INFO - Processing /home/airflow/.local/lib/python3.7/site-packages/airflow/example_dags/tutorial_taskflow_api.py took 0.114 seconds
[2024-07-26T02:00:30.192+0000] {processor.py:154} INFO - Started process (PID=5040) to work on /home/airflow/.local/lib/python3.7/site-packages/airflow/example_dags/tutorial_taskflow_api.py
[2024-07-26T02:00:30.194+0000] {processor.py:756} INFO - Processing file /home/airflow/.local/lib/python3.7/site-packages/airflow/example_dags/tutorial_taskflow_api.py for tasks to queue
[2024-07-26T02:00:30.194+0000] {logging_mixin.py:120} INFO - [2024-07-26T02:00:30.194+0000] {dagbag.py:537} INFO - Filling up the DagBag from /home/airflow/.local/lib/python3.7/site-packages/airflow/example_dags/tutorial_taskflow_api.py
[2024-07-26T02:00:30.209+0000] {processor.py:766} INFO - DAG(s) dict_keys(['tutorial_taskflow_api']) retrieved from /home/airflow/.local/lib/python3.7/site-packages/airflow/example_dags/tutorial_taskflow_api.py
[2024-07-26T02:00:30.234+0000] {logging_mixin.py:120} INFO - [2024-07-26T02:00:30.234+0000] {dag.py:2585} INFO - Sync 1 DAGs
[2024-07-26T02:00:30.260+0000] {logging_mixin.py:120} INFO - [2024-07-26T02:00:30.260+0000] {dag.py:3340} INFO - Setting next_dagrun for tutorial_taskflow_api to None, run_after=None
[2024-07-26T02:00:30.282+0000] {processor.py:176} INFO - Processing /home/airflow/.local/lib/python3.7/site-packages/airflow/example_dags/tutorial_taskflow_api.py took 0.093 seconds
[2024-07-26T02:13:02.751+0000] {processor.py:154} INFO - Started process (PID=5103) to work on /home/airflow/.local/lib/python3.7/site-packages/airflow/example_dags/tutorial_taskflow_api.py
[2024-07-26T02:13:02.757+0000] {processor.py:756} INFO - Processing file /home/airflow/.local/lib/python3.7/site-packages/airflow/example_dags/tutorial_taskflow_api.py for tasks to queue
[2024-07-26T02:13:02.758+0000] {logging_mixin.py:120} INFO - [2024-07-26T02:13:02.758+0000] {dagbag.py:537} INFO - Filling up the DagBag from /home/airflow/.local/lib/python3.7/site-packages/airflow/example_dags/tutorial_taskflow_api.py
[2024-07-26T02:13:02.783+0000] {processor.py:766} INFO - DAG(s) dict_keys(['tutorial_taskflow_api']) retrieved from /home/airflow/.local/lib/python3.7/site-packages/airflow/example_dags/tutorial_taskflow_api.py
[2024-07-26T02:13:02.822+0000] {logging_mixin.py:120} INFO - [2024-07-26T02:13:02.821+0000] {dag.py:2585} INFO - Sync 1 DAGs
[2024-07-26T02:13:02.848+0000] {logging_mixin.py:120} INFO - [2024-07-26T02:13:02.848+0000] {dag.py:3340} INFO - Setting next_dagrun for tutorial_taskflow_api to None, run_after=None
[2024-07-26T02:13:02.880+0000] {processor.py:176} INFO - Processing /home/airflow/.local/lib/python3.7/site-packages/airflow/example_dags/tutorial_taskflow_api.py took 0.132 seconds
[2024-07-26T02:39:12.298+0000] {processor.py:154} INFO - Started process (PID=5158) to work on /home/airflow/.local/lib/python3.7/site-packages/airflow/example_dags/tutorial_taskflow_api.py
[2024-07-26T02:39:12.299+0000] {processor.py:756} INFO - Processing file /home/airflow/.local/lib/python3.7/site-packages/airflow/example_dags/tutorial_taskflow_api.py for tasks to queue
[2024-07-26T02:39:12.300+0000] {logging_mixin.py:120} INFO - [2024-07-26T02:39:12.300+0000] {dagbag.py:537} INFO - Filling up the DagBag from /home/airflow/.local/lib/python3.7/site-packages/airflow/example_dags/tutorial_taskflow_api.py
[2024-07-26T02:39:12.311+0000] {processor.py:766} INFO - DAG(s) dict_keys(['tutorial_taskflow_api']) retrieved from /home/airflow/.local/lib/python3.7/site-packages/airflow/example_dags/tutorial_taskflow_api.py
[2024-07-26T02:39:12.339+0000] {logging_mixin.py:120} INFO - [2024-07-26T02:39:12.339+0000] {dag.py:2585} INFO - Sync 1 DAGs
[2024-07-26T02:39:12.355+0000] {logging_mixin.py:120} INFO - [2024-07-26T02:39:12.355+0000] {dag.py:3340} INFO - Setting next_dagrun for tutorial_taskflow_api to None, run_after=None
[2024-07-26T02:39:12.367+0000] {processor.py:176} INFO - Processing /home/airflow/.local/lib/python3.7/site-packages/airflow/example_dags/tutorial_taskflow_api.py took 0.072 seconds
[2024-07-26T02:58:11.878+0000] {processor.py:154} INFO - Started process (PID=5222) to work on /home/airflow/.local/lib/python3.7/site-packages/airflow/example_dags/tutorial_taskflow_api.py
[2024-07-26T02:58:11.878+0000] {processor.py:756} INFO - Processing file /home/airflow/.local/lib/python3.7/site-packages/airflow/example_dags/tutorial_taskflow_api.py for tasks to queue
[2024-07-26T02:58:11.879+0000] {logging_mixin.py:120} INFO - [2024-07-26T02:58:11.879+0000] {dagbag.py:537} INFO - Filling up the DagBag from /home/airflow/.local/lib/python3.7/site-packages/airflow/example_dags/tutorial_taskflow_api.py
[2024-07-26T02:58:11.891+0000] {processor.py:766} INFO - DAG(s) dict_keys(['tutorial_taskflow_api']) retrieved from /home/airflow/.local/lib/python3.7/site-packages/airflow/example_dags/tutorial_taskflow_api.py
[2024-07-26T02:58:11.924+0000] {logging_mixin.py:120} INFO - [2024-07-26T02:58:11.924+0000] {dag.py:2585} INFO - Sync 1 DAGs
[2024-07-26T02:58:11.940+0000] {logging_mixin.py:120} INFO - [2024-07-26T02:58:11.940+0000] {dag.py:3340} INFO - Setting next_dagrun for tutorial_taskflow_api to None, run_after=None
[2024-07-26T02:58:11.952+0000] {processor.py:176} INFO - Processing /home/airflow/.local/lib/python3.7/site-packages/airflow/example_dags/tutorial_taskflow_api.py took 0.077 seconds
[2024-07-26T03:01:34.638+0000] {processor.py:154} INFO - Started process (PID=5286) to work on /home/airflow/.local/lib/python3.7/site-packages/airflow/example_dags/tutorial_taskflow_api.py
[2024-07-26T03:01:34.639+0000] {processor.py:756} INFO - Processing file /home/airflow/.local/lib/python3.7/site-packages/airflow/example_dags/tutorial_taskflow_api.py for tasks to queue
[2024-07-26T03:01:34.643+0000] {logging_mixin.py:120} INFO - [2024-07-26T03:01:34.643+0000] {dagbag.py:537} INFO - Filling up the DagBag from /home/airflow/.local/lib/python3.7/site-packages/airflow/example_dags/tutorial_taskflow_api.py
[2024-07-26T03:01:34.653+0000] {processor.py:766} INFO - DAG(s) dict_keys(['tutorial_taskflow_api']) retrieved from /home/airflow/.local/lib/python3.7/site-packages/airflow/example_dags/tutorial_taskflow_api.py
[2024-07-26T03:01:34.685+0000] {logging_mixin.py:120} INFO - [2024-07-26T03:01:34.685+0000] {dag.py:2585} INFO - Sync 1 DAGs
[2024-07-26T03:01:34.702+0000] {logging_mixin.py:120} INFO - [2024-07-26T03:01:34.701+0000] {dag.py:3340} INFO - Setting next_dagrun for tutorial_taskflow_api to None, run_after=None
[2024-07-26T03:01:34.717+0000] {processor.py:176} INFO - Processing /home/airflow/.local/lib/python3.7/site-packages/airflow/example_dags/tutorial_taskflow_api.py took 0.080 seconds
[2024-07-26T03:15:41.114+0000] {processor.py:154} INFO - Started process (PID=5350) to work on /home/airflow/.local/lib/python3.7/site-packages/airflow/example_dags/tutorial_taskflow_api.py
[2024-07-26T03:15:41.117+0000] {processor.py:756} INFO - Processing file /home/airflow/.local/lib/python3.7/site-packages/airflow/example_dags/tutorial_taskflow_api.py for tasks to queue
[2024-07-26T03:15:41.118+0000] {logging_mixin.py:120} INFO - [2024-07-26T03:15:41.117+0000] {dagbag.py:537} INFO - Filling up the DagBag from /home/airflow/.local/lib/python3.7/site-packages/airflow/example_dags/tutorial_taskflow_api.py
[2024-07-26T03:15:41.132+0000] {processor.py:766} INFO - DAG(s) dict_keys(['tutorial_taskflow_api']) retrieved from /home/airflow/.local/lib/python3.7/site-packages/airflow/example_dags/tutorial_taskflow_api.py
[2024-07-26T03:15:41.169+0000] {logging_mixin.py:120} INFO - [2024-07-26T03:15:41.169+0000] {dag.py:2585} INFO - Sync 1 DAGs
[2024-07-26T03:15:41.185+0000] {logging_mixin.py:120} INFO - [2024-07-26T03:15:41.185+0000] {dag.py:3340} INFO - Setting next_dagrun for tutorial_taskflow_api to None, run_after=None
[2024-07-26T03:15:41.202+0000] {processor.py:176} INFO - Processing /home/airflow/.local/lib/python3.7/site-packages/airflow/example_dags/tutorial_taskflow_api.py took 0.090 seconds
[2024-07-26T03:32:16.138+0000] {processor.py:154} INFO - Started process (PID=5405) to work on /home/airflow/.local/lib/python3.7/site-packages/airflow/example_dags/tutorial_taskflow_api.py
[2024-07-26T03:32:16.140+0000] {processor.py:756} INFO - Processing file /home/airflow/.local/lib/python3.7/site-packages/airflow/example_dags/tutorial_taskflow_api.py for tasks to queue
[2024-07-26T03:32:16.144+0000] {logging_mixin.py:120} INFO - [2024-07-26T03:32:16.144+0000] {dagbag.py:537} INFO - Filling up the DagBag from /home/airflow/.local/lib/python3.7/site-packages/airflow/example_dags/tutorial_taskflow_api.py
[2024-07-26T03:32:16.155+0000] {processor.py:766} INFO - DAG(s) dict_keys(['tutorial_taskflow_api']) retrieved from /home/airflow/.local/lib/python3.7/site-packages/airflow/example_dags/tutorial_taskflow_api.py
[2024-07-26T03:32:16.186+0000] {logging_mixin.py:120} INFO - [2024-07-26T03:32:16.186+0000] {dag.py:2585} INFO - Sync 1 DAGs
[2024-07-26T03:32:16.204+0000] {logging_mixin.py:120} INFO - [2024-07-26T03:32:16.204+0000] {dag.py:3340} INFO - Setting next_dagrun for tutorial_taskflow_api to None, run_after=None
[2024-07-26T03:32:16.220+0000] {processor.py:176} INFO - Processing /home/airflow/.local/lib/python3.7/site-packages/airflow/example_dags/tutorial_taskflow_api.py took 0.084 seconds
[2024-07-26T03:56:59.037+0000] {processor.py:154} INFO - Started process (PID=5469) to work on /home/airflow/.local/lib/python3.7/site-packages/airflow/example_dags/tutorial_taskflow_api.py
[2024-07-26T03:56:59.039+0000] {processor.py:756} INFO - Processing file /home/airflow/.local/lib/python3.7/site-packages/airflow/example_dags/tutorial_taskflow_api.py for tasks to queue
[2024-07-26T03:56:59.040+0000] {logging_mixin.py:120} INFO - [2024-07-26T03:56:59.040+0000] {dagbag.py:537} INFO - Filling up the DagBag from /home/airflow/.local/lib/python3.7/site-packages/airflow/example_dags/tutorial_taskflow_api.py
[2024-07-26T03:56:59.052+0000] {processor.py:766} INFO - DAG(s) dict_keys(['tutorial_taskflow_api']) retrieved from /home/airflow/.local/lib/python3.7/site-packages/airflow/example_dags/tutorial_taskflow_api.py
[2024-07-26T03:56:59.078+0000] {logging_mixin.py:120} INFO - [2024-07-26T03:56:59.078+0000] {dag.py:2585} INFO - Sync 1 DAGs
[2024-07-26T03:56:59.094+0000] {logging_mixin.py:120} INFO - [2024-07-26T03:56:59.094+0000] {dag.py:3340} INFO - Setting next_dagrun for tutorial_taskflow_api to None, run_after=None
[2024-07-26T03:56:59.119+0000] {processor.py:176} INFO - Processing /home/airflow/.local/lib/python3.7/site-packages/airflow/example_dags/tutorial_taskflow_api.py took 0.083 seconds
[2024-07-26T04:02:04.784+0000] {processor.py:154} INFO - Started process (PID=5533) to work on /home/airflow/.local/lib/python3.7/site-packages/airflow/example_dags/tutorial_taskflow_api.py
[2024-07-26T04:02:04.785+0000] {processor.py:756} INFO - Processing file /home/airflow/.local/lib/python3.7/site-packages/airflow/example_dags/tutorial_taskflow_api.py for tasks to queue
[2024-07-26T04:02:04.786+0000] {logging_mixin.py:120} INFO - [2024-07-26T04:02:04.786+0000] {dagbag.py:537} INFO - Filling up the DagBag from /home/airflow/.local/lib/python3.7/site-packages/airflow/example_dags/tutorial_taskflow_api.py
[2024-07-26T04:02:04.800+0000] {processor.py:766} INFO - DAG(s) dict_keys(['tutorial_taskflow_api']) retrieved from /home/airflow/.local/lib/python3.7/site-packages/airflow/example_dags/tutorial_taskflow_api.py
[2024-07-26T04:02:04.828+0000] {logging_mixin.py:120} INFO - [2024-07-26T04:02:04.828+0000] {dag.py:2585} INFO - Sync 1 DAGs
[2024-07-26T04:02:04.852+0000] {logging_mixin.py:120} INFO - [2024-07-26T04:02:04.851+0000] {dag.py:3340} INFO - Setting next_dagrun for tutorial_taskflow_api to None, run_after=None
[2024-07-26T04:02:04.879+0000] {processor.py:176} INFO - Processing /home/airflow/.local/lib/python3.7/site-packages/airflow/example_dags/tutorial_taskflow_api.py took 0.096 seconds
[2024-07-26T04:04:17.375+0000] {processor.py:154} INFO - Started process (PID=5597) to work on /home/airflow/.local/lib/python3.7/site-packages/airflow/example_dags/tutorial_taskflow_api.py
[2024-07-26T04:04:17.375+0000] {processor.py:756} INFO - Processing file /home/airflow/.local/lib/python3.7/site-packages/airflow/example_dags/tutorial_taskflow_api.py for tasks to queue
[2024-07-26T04:04:17.376+0000] {logging_mixin.py:120} INFO - [2024-07-26T04:04:17.376+0000] {dagbag.py:537} INFO - Filling up the DagBag from /home/airflow/.local/lib/python3.7/site-packages/airflow/example_dags/tutorial_taskflow_api.py
[2024-07-26T04:04:17.387+0000] {processor.py:766} INFO - DAG(s) dict_keys(['tutorial_taskflow_api']) retrieved from /home/airflow/.local/lib/python3.7/site-packages/airflow/example_dags/tutorial_taskflow_api.py
[2024-07-26T04:04:17.408+0000] {logging_mixin.py:120} INFO - [2024-07-26T04:04:17.408+0000] {dag.py:2585} INFO - Sync 1 DAGs
[2024-07-26T04:04:17.421+0000] {logging_mixin.py:120} INFO - [2024-07-26T04:04:17.421+0000] {dag.py:3340} INFO - Setting next_dagrun for tutorial_taskflow_api to None, run_after=None
[2024-07-26T04:04:17.431+0000] {processor.py:176} INFO - Processing /home/airflow/.local/lib/python3.7/site-packages/airflow/example_dags/tutorial_taskflow_api.py took 0.058 seconds
[2024-07-26T04:06:04.513+0000] {processor.py:154} INFO - Started process (PID=5660) to work on /home/airflow/.local/lib/python3.7/site-packages/airflow/example_dags/tutorial_taskflow_api.py
[2024-07-26T04:06:04.515+0000] {processor.py:756} INFO - Processing file /home/airflow/.local/lib/python3.7/site-packages/airflow/example_dags/tutorial_taskflow_api.py for tasks to queue
[2024-07-26T04:06:04.517+0000] {logging_mixin.py:120} INFO - [2024-07-26T04:06:04.517+0000] {dagbag.py:537} INFO - Filling up the DagBag from /home/airflow/.local/lib/python3.7/site-packages/airflow/example_dags/tutorial_taskflow_api.py
[2024-07-26T04:06:04.531+0000] {processor.py:766} INFO - DAG(s) dict_keys(['tutorial_taskflow_api']) retrieved from /home/airflow/.local/lib/python3.7/site-packages/airflow/example_dags/tutorial_taskflow_api.py
[2024-07-26T04:06:04.564+0000] {logging_mixin.py:120} INFO - [2024-07-26T04:06:04.564+0000] {dag.py:2585} INFO - Sync 1 DAGs
[2024-07-26T04:06:04.576+0000] {logging_mixin.py:120} INFO - [2024-07-26T04:06:04.576+0000] {dag.py:3340} INFO - Setting next_dagrun for tutorial_taskflow_api to None, run_after=None
[2024-07-26T04:06:04.591+0000] {processor.py:176} INFO - Processing /home/airflow/.local/lib/python3.7/site-packages/airflow/example_dags/tutorial_taskflow_api.py took 0.080 seconds
[2024-07-26T04:08:05.834+0000] {processor.py:154} INFO - Started process (PID=5715) to work on /home/airflow/.local/lib/python3.7/site-packages/airflow/example_dags/tutorial_taskflow_api.py
[2024-07-26T04:08:05.834+0000] {processor.py:756} INFO - Processing file /home/airflow/.local/lib/python3.7/site-packages/airflow/example_dags/tutorial_taskflow_api.py for tasks to queue
[2024-07-26T04:08:05.835+0000] {logging_mixin.py:120} INFO - [2024-07-26T04:08:05.835+0000] {dagbag.py:537} INFO - Filling up the DagBag from /home/airflow/.local/lib/python3.7/site-packages/airflow/example_dags/tutorial_taskflow_api.py
[2024-07-26T04:08:05.849+0000] {processor.py:766} INFO - DAG(s) dict_keys(['tutorial_taskflow_api']) retrieved from /home/airflow/.local/lib/python3.7/site-packages/airflow/example_dags/tutorial_taskflow_api.py
[2024-07-26T04:08:05.871+0000] {logging_mixin.py:120} INFO - [2024-07-26T04:08:05.871+0000] {dag.py:2585} INFO - Sync 1 DAGs
[2024-07-26T04:08:05.891+0000] {logging_mixin.py:120} INFO - [2024-07-26T04:08:05.891+0000] {dag.py:3340} INFO - Setting next_dagrun for tutorial_taskflow_api to None, run_after=None
[2024-07-26T04:08:05.907+0000] {processor.py:176} INFO - Processing /home/airflow/.local/lib/python3.7/site-packages/airflow/example_dags/tutorial_taskflow_api.py took 0.076 seconds
[2024-07-26T04:09:01.914+0000] {processor.py:154} INFO - Started process (PID=5779) to work on /home/airflow/.local/lib/python3.7/site-packages/airflow/example_dags/tutorial_taskflow_api.py
[2024-07-26T04:09:01.917+0000] {processor.py:756} INFO - Processing file /home/airflow/.local/lib/python3.7/site-packages/airflow/example_dags/tutorial_taskflow_api.py for tasks to queue
[2024-07-26T04:09:01.917+0000] {logging_mixin.py:120} INFO - [2024-07-26T04:09:01.917+0000] {dagbag.py:537} INFO - Filling up the DagBag from /home/airflow/.local/lib/python3.7/site-packages/airflow/example_dags/tutorial_taskflow_api.py
[2024-07-26T04:09:01.933+0000] {processor.py:766} INFO - DAG(s) dict_keys(['tutorial_taskflow_api']) retrieved from /home/airflow/.local/lib/python3.7/site-packages/airflow/example_dags/tutorial_taskflow_api.py
[2024-07-26T04:09:01.963+0000] {logging_mixin.py:120} INFO - [2024-07-26T04:09:01.963+0000] {dag.py:2585} INFO - Sync 1 DAGs
[2024-07-26T04:09:01.978+0000] {logging_mixin.py:120} INFO - [2024-07-26T04:09:01.977+0000] {dag.py:3340} INFO - Setting next_dagrun for tutorial_taskflow_api to None, run_after=None
[2024-07-26T04:09:02.000+0000] {processor.py:176} INFO - Processing /home/airflow/.local/lib/python3.7/site-packages/airflow/example_dags/tutorial_taskflow_api.py took 0.088 seconds
[2024-07-26T04:10:11.397+0000] {processor.py:154} INFO - Started process (PID=5844) to work on /home/airflow/.local/lib/python3.7/site-packages/airflow/example_dags/tutorial_taskflow_api.py
[2024-07-26T04:10:11.399+0000] {processor.py:756} INFO - Processing file /home/airflow/.local/lib/python3.7/site-packages/airflow/example_dags/tutorial_taskflow_api.py for tasks to queue
[2024-07-26T04:10:11.400+0000] {logging_mixin.py:120} INFO - [2024-07-26T04:10:11.400+0000] {dagbag.py:537} INFO - Filling up the DagBag from /home/airflow/.local/lib/python3.7/site-packages/airflow/example_dags/tutorial_taskflow_api.py
[2024-07-26T04:10:11.412+0000] {processor.py:766} INFO - DAG(s) dict_keys(['tutorial_taskflow_api']) retrieved from /home/airflow/.local/lib/python3.7/site-packages/airflow/example_dags/tutorial_taskflow_api.py
[2024-07-26T04:10:11.439+0000] {logging_mixin.py:120} INFO - [2024-07-26T04:10:11.439+0000] {dag.py:2585} INFO - Sync 1 DAGs
[2024-07-26T04:10:11.456+0000] {logging_mixin.py:120} INFO - [2024-07-26T04:10:11.456+0000] {dag.py:3340} INFO - Setting next_dagrun for tutorial_taskflow_api to None, run_after=None
[2024-07-26T04:10:11.467+0000] {processor.py:176} INFO - Processing /home/airflow/.local/lib/python3.7/site-packages/airflow/example_dags/tutorial_taskflow_api.py took 0.073 seconds
[2024-07-26T04:11:38.298+0000] {processor.py:154} INFO - Started process (PID=5908) to work on /home/airflow/.local/lib/python3.7/site-packages/airflow/example_dags/tutorial_taskflow_api.py
[2024-07-26T04:11:38.299+0000] {processor.py:756} INFO - Processing file /home/airflow/.local/lib/python3.7/site-packages/airflow/example_dags/tutorial_taskflow_api.py for tasks to queue
[2024-07-26T04:11:38.299+0000] {logging_mixin.py:120} INFO - [2024-07-26T04:11:38.299+0000] {dagbag.py:537} INFO - Filling up the DagBag from /home/airflow/.local/lib/python3.7/site-packages/airflow/example_dags/tutorial_taskflow_api.py
[2024-07-26T04:11:38.315+0000] {processor.py:766} INFO - DAG(s) dict_keys(['tutorial_taskflow_api']) retrieved from /home/airflow/.local/lib/python3.7/site-packages/airflow/example_dags/tutorial_taskflow_api.py
[2024-07-26T04:11:38.348+0000] {logging_mixin.py:120} INFO - [2024-07-26T04:11:38.348+0000] {dag.py:2585} INFO - Sync 1 DAGs
[2024-07-26T04:11:38.369+0000] {logging_mixin.py:120} INFO - [2024-07-26T04:11:38.369+0000] {dag.py:3340} INFO - Setting next_dagrun for tutorial_taskflow_api to None, run_after=None
[2024-07-26T04:11:38.385+0000] {processor.py:176} INFO - Processing /home/airflow/.local/lib/python3.7/site-packages/airflow/example_dags/tutorial_taskflow_api.py took 0.090 seconds
[2024-07-26T04:12:21.366+0000] {processor.py:154} INFO - Started process (PID=5972) to work on /home/airflow/.local/lib/python3.7/site-packages/airflow/example_dags/tutorial_taskflow_api.py
[2024-07-26T04:12:21.367+0000] {processor.py:756} INFO - Processing file /home/airflow/.local/lib/python3.7/site-packages/airflow/example_dags/tutorial_taskflow_api.py for tasks to queue
[2024-07-26T04:12:21.368+0000] {logging_mixin.py:120} INFO - [2024-07-26T04:12:21.368+0000] {dagbag.py:537} INFO - Filling up the DagBag from /home/airflow/.local/lib/python3.7/site-packages/airflow/example_dags/tutorial_taskflow_api.py
[2024-07-26T04:12:21.383+0000] {processor.py:766} INFO - DAG(s) dict_keys(['tutorial_taskflow_api']) retrieved from /home/airflow/.local/lib/python3.7/site-packages/airflow/example_dags/tutorial_taskflow_api.py
[2024-07-26T04:12:21.408+0000] {logging_mixin.py:120} INFO - [2024-07-26T04:12:21.408+0000] {dag.py:2585} INFO - Sync 1 DAGs
[2024-07-26T04:12:21.426+0000] {logging_mixin.py:120} INFO - [2024-07-26T04:12:21.426+0000] {dag.py:3340} INFO - Setting next_dagrun for tutorial_taskflow_api to None, run_after=None
[2024-07-26T04:12:21.446+0000] {processor.py:176} INFO - Processing /home/airflow/.local/lib/python3.7/site-packages/airflow/example_dags/tutorial_taskflow_api.py took 0.081 seconds
[2024-07-26T04:13:14.667+0000] {processor.py:154} INFO - Started process (PID=6027) to work on /home/airflow/.local/lib/python3.7/site-packages/airflow/example_dags/tutorial_taskflow_api.py
[2024-07-26T04:13:14.667+0000] {processor.py:756} INFO - Processing file /home/airflow/.local/lib/python3.7/site-packages/airflow/example_dags/tutorial_taskflow_api.py for tasks to queue
[2024-07-26T04:13:14.668+0000] {logging_mixin.py:120} INFO - [2024-07-26T04:13:14.668+0000] {dagbag.py:537} INFO - Filling up the DagBag from /home/airflow/.local/lib/python3.7/site-packages/airflow/example_dags/tutorial_taskflow_api.py
[2024-07-26T04:13:14.679+0000] {processor.py:766} INFO - DAG(s) dict_keys(['tutorial_taskflow_api']) retrieved from /home/airflow/.local/lib/python3.7/site-packages/airflow/example_dags/tutorial_taskflow_api.py
[2024-07-26T04:13:14.700+0000] {logging_mixin.py:120} INFO - [2024-07-26T04:13:14.700+0000] {dag.py:2585} INFO - Sync 1 DAGs
[2024-07-26T04:13:14.717+0000] {logging_mixin.py:120} INFO - [2024-07-26T04:13:14.717+0000] {dag.py:3340} INFO - Setting next_dagrun for tutorial_taskflow_api to None, run_after=None
[2024-07-26T04:13:14.726+0000] {processor.py:176} INFO - Processing /home/airflow/.local/lib/python3.7/site-packages/airflow/example_dags/tutorial_taskflow_api.py took 0.062 seconds
[2024-07-26T04:14:05.562+0000] {processor.py:154} INFO - Started process (PID=6090) to work on /home/airflow/.local/lib/python3.7/site-packages/airflow/example_dags/tutorial_taskflow_api.py
[2024-07-26T04:14:05.565+0000] {processor.py:756} INFO - Processing file /home/airflow/.local/lib/python3.7/site-packages/airflow/example_dags/tutorial_taskflow_api.py for tasks to queue
[2024-07-26T04:14:05.566+0000] {logging_mixin.py:120} INFO - [2024-07-26T04:14:05.566+0000] {dagbag.py:537} INFO - Filling up the DagBag from /home/airflow/.local/lib/python3.7/site-packages/airflow/example_dags/tutorial_taskflow_api.py
[2024-07-26T04:14:05.578+0000] {processor.py:766} INFO - DAG(s) dict_keys(['tutorial_taskflow_api']) retrieved from /home/airflow/.local/lib/python3.7/site-packages/airflow/example_dags/tutorial_taskflow_api.py
[2024-07-26T04:14:05.609+0000] {logging_mixin.py:120} INFO - [2024-07-26T04:14:05.609+0000] {dag.py:2585} INFO - Sync 1 DAGs
[2024-07-26T04:14:05.627+0000] {logging_mixin.py:120} INFO - [2024-07-26T04:14:05.627+0000] {dag.py:3340} INFO - Setting next_dagrun for tutorial_taskflow_api to None, run_after=None
[2024-07-26T04:14:05.643+0000] {processor.py:176} INFO - Processing /home/airflow/.local/lib/python3.7/site-packages/airflow/example_dags/tutorial_taskflow_api.py took 0.083 seconds
[2024-07-26T04:18:34.088+0000] {processor.py:154} INFO - Started process (PID=6154) to work on /home/airflow/.local/lib/python3.7/site-packages/airflow/example_dags/tutorial_taskflow_api.py
[2024-07-26T04:18:34.089+0000] {processor.py:756} INFO - Processing file /home/airflow/.local/lib/python3.7/site-packages/airflow/example_dags/tutorial_taskflow_api.py for tasks to queue
[2024-07-26T04:18:34.093+0000] {logging_mixin.py:120} INFO - [2024-07-26T04:18:34.093+0000] {dagbag.py:537} INFO - Filling up the DagBag from /home/airflow/.local/lib/python3.7/site-packages/airflow/example_dags/tutorial_taskflow_api.py
[2024-07-26T04:18:34.105+0000] {processor.py:766} INFO - DAG(s) dict_keys(['tutorial_taskflow_api']) retrieved from /home/airflow/.local/lib/python3.7/site-packages/airflow/example_dags/tutorial_taskflow_api.py
[2024-07-26T04:18:34.137+0000] {logging_mixin.py:120} INFO - [2024-07-26T04:18:34.137+0000] {dag.py:2585} INFO - Sync 1 DAGs
[2024-07-26T04:18:34.156+0000] {logging_mixin.py:120} INFO - [2024-07-26T04:18:34.156+0000] {dag.py:3340} INFO - Setting next_dagrun for tutorial_taskflow_api to None, run_after=None
[2024-07-26T04:18:34.168+0000] {processor.py:176} INFO - Processing /home/airflow/.local/lib/python3.7/site-packages/airflow/example_dags/tutorial_taskflow_api.py took 0.082 seconds
[2024-07-26T04:19:16.386+0000] {processor.py:154} INFO - Started process (PID=6218) to work on /home/airflow/.local/lib/python3.7/site-packages/airflow/example_dags/tutorial_taskflow_api.py
[2024-07-26T04:19:16.387+0000] {processor.py:756} INFO - Processing file /home/airflow/.local/lib/python3.7/site-packages/airflow/example_dags/tutorial_taskflow_api.py for tasks to queue
[2024-07-26T04:19:16.387+0000] {logging_mixin.py:120} INFO - [2024-07-26T04:19:16.387+0000] {dagbag.py:537} INFO - Filling up the DagBag from /home/airflow/.local/lib/python3.7/site-packages/airflow/example_dags/tutorial_taskflow_api.py
[2024-07-26T04:19:16.399+0000] {processor.py:766} INFO - DAG(s) dict_keys(['tutorial_taskflow_api']) retrieved from /home/airflow/.local/lib/python3.7/site-packages/airflow/example_dags/tutorial_taskflow_api.py
[2024-07-26T04:19:16.420+0000] {logging_mixin.py:120} INFO - [2024-07-26T04:19:16.420+0000] {dag.py:2585} INFO - Sync 1 DAGs
[2024-07-26T04:19:16.432+0000] {logging_mixin.py:120} INFO - [2024-07-26T04:19:16.432+0000] {dag.py:3340} INFO - Setting next_dagrun for tutorial_taskflow_api to None, run_after=None
[2024-07-26T04:19:16.440+0000] {processor.py:176} INFO - Processing /home/airflow/.local/lib/python3.7/site-packages/airflow/example_dags/tutorial_taskflow_api.py took 0.056 seconds
[2024-07-26T04:20:37.959+0000] {processor.py:154} INFO - Started process (PID=6273) to work on /home/airflow/.local/lib/python3.7/site-packages/airflow/example_dags/tutorial_taskflow_api.py
[2024-07-26T04:20:37.959+0000] {processor.py:756} INFO - Processing file /home/airflow/.local/lib/python3.7/site-packages/airflow/example_dags/tutorial_taskflow_api.py for tasks to queue
[2024-07-26T04:20:37.960+0000] {logging_mixin.py:120} INFO - [2024-07-26T04:20:37.960+0000] {dagbag.py:537} INFO - Filling up the DagBag from /home/airflow/.local/lib/python3.7/site-packages/airflow/example_dags/tutorial_taskflow_api.py
[2024-07-26T04:20:37.972+0000] {processor.py:766} INFO - DAG(s) dict_keys(['tutorial_taskflow_api']) retrieved from /home/airflow/.local/lib/python3.7/site-packages/airflow/example_dags/tutorial_taskflow_api.py
[2024-07-26T04:20:38.008+0000] {logging_mixin.py:120} INFO - [2024-07-26T04:20:38.008+0000] {dag.py:2585} INFO - Sync 1 DAGs
[2024-07-26T04:20:38.021+0000] {logging_mixin.py:120} INFO - [2024-07-26T04:20:38.021+0000] {dag.py:3340} INFO - Setting next_dagrun for tutorial_taskflow_api to None, run_after=None
[2024-07-26T04:20:38.034+0000] {processor.py:176} INFO - Processing /home/airflow/.local/lib/python3.7/site-packages/airflow/example_dags/tutorial_taskflow_api.py took 0.077 seconds
[2024-07-26T04:21:41.897+0000] {processor.py:154} INFO - Started process (PID=6336) to work on /home/airflow/.local/lib/python3.7/site-packages/airflow/example_dags/tutorial_taskflow_api.py
[2024-07-26T04:21:41.898+0000] {processor.py:756} INFO - Processing file /home/airflow/.local/lib/python3.7/site-packages/airflow/example_dags/tutorial_taskflow_api.py for tasks to queue
[2024-07-26T04:21:41.898+0000] {logging_mixin.py:120} INFO - [2024-07-26T04:21:41.898+0000] {dagbag.py:537} INFO - Filling up the DagBag from /home/airflow/.local/lib/python3.7/site-packages/airflow/example_dags/tutorial_taskflow_api.py
[2024-07-26T04:21:41.910+0000] {processor.py:766} INFO - DAG(s) dict_keys(['tutorial_taskflow_api']) retrieved from /home/airflow/.local/lib/python3.7/site-packages/airflow/example_dags/tutorial_taskflow_api.py
[2024-07-26T04:21:41.935+0000] {logging_mixin.py:120} INFO - [2024-07-26T04:21:41.935+0000] {dag.py:2585} INFO - Sync 1 DAGs
[2024-07-26T04:21:41.947+0000] {logging_mixin.py:120} INFO - [2024-07-26T04:21:41.947+0000] {dag.py:3340} INFO - Setting next_dagrun for tutorial_taskflow_api to None, run_after=None
[2024-07-26T04:21:41.957+0000] {processor.py:176} INFO - Processing /home/airflow/.local/lib/python3.7/site-packages/airflow/example_dags/tutorial_taskflow_api.py took 0.061 seconds
[2024-07-26T04:22:48.265+0000] {processor.py:154} INFO - Started process (PID=6400) to work on /home/airflow/.local/lib/python3.7/site-packages/airflow/example_dags/tutorial_taskflow_api.py
[2024-07-26T04:22:48.266+0000] {processor.py:756} INFO - Processing file /home/airflow/.local/lib/python3.7/site-packages/airflow/example_dags/tutorial_taskflow_api.py for tasks to queue
[2024-07-26T04:22:48.266+0000] {logging_mixin.py:120} INFO - [2024-07-26T04:22:48.266+0000] {dagbag.py:537} INFO - Filling up the DagBag from /home/airflow/.local/lib/python3.7/site-packages/airflow/example_dags/tutorial_taskflow_api.py
[2024-07-26T04:22:48.277+0000] {processor.py:766} INFO - DAG(s) dict_keys(['tutorial_taskflow_api']) retrieved from /home/airflow/.local/lib/python3.7/site-packages/airflow/example_dags/tutorial_taskflow_api.py
[2024-07-26T04:22:48.303+0000] {logging_mixin.py:120} INFO - [2024-07-26T04:22:48.303+0000] {dag.py:2585} INFO - Sync 1 DAGs
[2024-07-26T04:22:48.320+0000] {logging_mixin.py:120} INFO - [2024-07-26T04:22:48.320+0000] {dag.py:3340} INFO - Setting next_dagrun for tutorial_taskflow_api to None, run_after=None
[2024-07-26T04:22:48.336+0000] {processor.py:176} INFO - Processing /home/airflow/.local/lib/python3.7/site-packages/airflow/example_dags/tutorial_taskflow_api.py took 0.073 seconds
[2024-07-26T04:34:01.258+0000] {processor.py:154} INFO - Started process (PID=6464) to work on /home/airflow/.local/lib/python3.7/site-packages/airflow/example_dags/tutorial_taskflow_api.py
[2024-07-26T04:34:01.259+0000] {processor.py:756} INFO - Processing file /home/airflow/.local/lib/python3.7/site-packages/airflow/example_dags/tutorial_taskflow_api.py for tasks to queue
[2024-07-26T04:34:01.260+0000] {logging_mixin.py:120} INFO - [2024-07-26T04:34:01.260+0000] {dagbag.py:537} INFO - Filling up the DagBag from /home/airflow/.local/lib/python3.7/site-packages/airflow/example_dags/tutorial_taskflow_api.py
[2024-07-26T04:34:01.273+0000] {processor.py:766} INFO - DAG(s) dict_keys(['tutorial_taskflow_api']) retrieved from /home/airflow/.local/lib/python3.7/site-packages/airflow/example_dags/tutorial_taskflow_api.py
[2024-07-26T04:34:01.302+0000] {logging_mixin.py:120} INFO - [2024-07-26T04:34:01.302+0000] {dag.py:2585} INFO - Sync 1 DAGs
[2024-07-26T04:34:01.325+0000] {logging_mixin.py:120} INFO - [2024-07-26T04:34:01.325+0000] {dag.py:3340} INFO - Setting next_dagrun for tutorial_taskflow_api to None, run_after=None
[2024-07-26T04:34:01.343+0000] {processor.py:176} INFO - Processing /home/airflow/.local/lib/python3.7/site-packages/airflow/example_dags/tutorial_taskflow_api.py took 0.088 seconds
[2024-07-26T04:49:13.551+0000] {processor.py:154} INFO - Started process (PID=6528) to work on /home/airflow/.local/lib/python3.7/site-packages/airflow/example_dags/tutorial_taskflow_api.py
[2024-07-26T04:49:13.552+0000] {processor.py:756} INFO - Processing file /home/airflow/.local/lib/python3.7/site-packages/airflow/example_dags/tutorial_taskflow_api.py for tasks to queue
[2024-07-26T04:49:13.553+0000] {logging_mixin.py:120} INFO - [2024-07-26T04:49:13.553+0000] {dagbag.py:537} INFO - Filling up the DagBag from /home/airflow/.local/lib/python3.7/site-packages/airflow/example_dags/tutorial_taskflow_api.py
[2024-07-26T04:49:13.563+0000] {processor.py:766} INFO - DAG(s) dict_keys(['tutorial_taskflow_api']) retrieved from /home/airflow/.local/lib/python3.7/site-packages/airflow/example_dags/tutorial_taskflow_api.py
[2024-07-26T04:49:13.588+0000] {logging_mixin.py:120} INFO - [2024-07-26T04:49:13.588+0000] {dag.py:2585} INFO - Sync 1 DAGs
[2024-07-26T04:49:13.601+0000] {logging_mixin.py:120} INFO - [2024-07-26T04:49:13.601+0000] {dag.py:3340} INFO - Setting next_dagrun for tutorial_taskflow_api to None, run_after=None
[2024-07-26T04:49:13.622+0000] {processor.py:176} INFO - Processing /home/airflow/.local/lib/python3.7/site-packages/airflow/example_dags/tutorial_taskflow_api.py took 0.073 seconds
[2024-07-26T04:53:38.324+0000] {processor.py:154} INFO - Started process (PID=6583) to work on /home/airflow/.local/lib/python3.7/site-packages/airflow/example_dags/tutorial_taskflow_api.py
[2024-07-26T04:53:38.327+0000] {processor.py:756} INFO - Processing file /home/airflow/.local/lib/python3.7/site-packages/airflow/example_dags/tutorial_taskflow_api.py for tasks to queue
[2024-07-26T04:53:38.329+0000] {logging_mixin.py:120} INFO - [2024-07-26T04:53:38.329+0000] {dagbag.py:537} INFO - Filling up the DagBag from /home/airflow/.local/lib/python3.7/site-packages/airflow/example_dags/tutorial_taskflow_api.py
[2024-07-26T04:53:38.341+0000] {processor.py:766} INFO - DAG(s) dict_keys(['tutorial_taskflow_api']) retrieved from /home/airflow/.local/lib/python3.7/site-packages/airflow/example_dags/tutorial_taskflow_api.py
[2024-07-26T04:53:38.372+0000] {logging_mixin.py:120} INFO - [2024-07-26T04:53:38.372+0000] {dag.py:2585} INFO - Sync 1 DAGs
[2024-07-26T04:53:38.389+0000] {logging_mixin.py:120} INFO - [2024-07-26T04:53:38.389+0000] {dag.py:3340} INFO - Setting next_dagrun for tutorial_taskflow_api to None, run_after=None
[2024-07-26T04:53:38.401+0000] {processor.py:176} INFO - Processing /home/airflow/.local/lib/python3.7/site-packages/airflow/example_dags/tutorial_taskflow_api.py took 0.078 seconds
[2024-07-26T05:02:50.577+0000] {processor.py:154} INFO - Started process (PID=6647) to work on /home/airflow/.local/lib/python3.7/site-packages/airflow/example_dags/tutorial_taskflow_api.py
[2024-07-26T05:02:50.581+0000] {processor.py:756} INFO - Processing file /home/airflow/.local/lib/python3.7/site-packages/airflow/example_dags/tutorial_taskflow_api.py for tasks to queue
[2024-07-26T05:02:50.582+0000] {logging_mixin.py:120} INFO - [2024-07-26T05:02:50.581+0000] {dagbag.py:537} INFO - Filling up the DagBag from /home/airflow/.local/lib/python3.7/site-packages/airflow/example_dags/tutorial_taskflow_api.py
[2024-07-26T05:02:50.595+0000] {processor.py:766} INFO - DAG(s) dict_keys(['tutorial_taskflow_api']) retrieved from /home/airflow/.local/lib/python3.7/site-packages/airflow/example_dags/tutorial_taskflow_api.py
[2024-07-26T05:02:50.623+0000] {logging_mixin.py:120} INFO - [2024-07-26T05:02:50.622+0000] {dag.py:2585} INFO - Sync 1 DAGs
[2024-07-26T05:02:50.644+0000] {logging_mixin.py:120} INFO - [2024-07-26T05:02:50.643+0000] {dag.py:3340} INFO - Setting next_dagrun for tutorial_taskflow_api to None, run_after=None
[2024-07-26T05:02:50.669+0000] {processor.py:176} INFO - Processing /home/airflow/.local/lib/python3.7/site-packages/airflow/example_dags/tutorial_taskflow_api.py took 0.094 seconds
[2024-07-26T05:15:52.830+0000] {processor.py:154} INFO - Started process (PID=6711) to work on /home/airflow/.local/lib/python3.7/site-packages/airflow/example_dags/tutorial_taskflow_api.py
[2024-07-26T05:15:52.838+0000] {processor.py:756} INFO - Processing file /home/airflow/.local/lib/python3.7/site-packages/airflow/example_dags/tutorial_taskflow_api.py for tasks to queue
[2024-07-26T05:15:52.840+0000] {logging_mixin.py:120} INFO - [2024-07-26T05:15:52.840+0000] {dagbag.py:537} INFO - Filling up the DagBag from /home/airflow/.local/lib/python3.7/site-packages/airflow/example_dags/tutorial_taskflow_api.py
[2024-07-26T05:15:52.857+0000] {processor.py:766} INFO - DAG(s) dict_keys(['tutorial_taskflow_api']) retrieved from /home/airflow/.local/lib/python3.7/site-packages/airflow/example_dags/tutorial_taskflow_api.py
[2024-07-26T05:15:52.890+0000] {logging_mixin.py:120} INFO - [2024-07-26T05:15:52.890+0000] {dag.py:2585} INFO - Sync 1 DAGs
[2024-07-26T05:15:52.908+0000] {logging_mixin.py:120} INFO - [2024-07-26T05:15:52.908+0000] {dag.py:3340} INFO - Setting next_dagrun for tutorial_taskflow_api to None, run_after=None
[2024-07-26T05:15:52.920+0000] {processor.py:176} INFO - Processing /home/airflow/.local/lib/python3.7/site-packages/airflow/example_dags/tutorial_taskflow_api.py took 0.093 seconds
[2024-07-26T05:33:29.738+0000] {processor.py:154} INFO - Started process (PID=6775) to work on /home/airflow/.local/lib/python3.7/site-packages/airflow/example_dags/tutorial_taskflow_api.py
[2024-07-26T05:33:29.739+0000] {processor.py:756} INFO - Processing file /home/airflow/.local/lib/python3.7/site-packages/airflow/example_dags/tutorial_taskflow_api.py for tasks to queue
[2024-07-26T05:33:29.741+0000] {logging_mixin.py:120} INFO - [2024-07-26T05:33:29.740+0000] {dagbag.py:537} INFO - Filling up the DagBag from /home/airflow/.local/lib/python3.7/site-packages/airflow/example_dags/tutorial_taskflow_api.py
[2024-07-26T05:33:29.758+0000] {processor.py:766} INFO - DAG(s) dict_keys(['tutorial_taskflow_api']) retrieved from /home/airflow/.local/lib/python3.7/site-packages/airflow/example_dags/tutorial_taskflow_api.py
[2024-07-26T05:33:29.793+0000] {logging_mixin.py:120} INFO - [2024-07-26T05:33:29.793+0000] {dag.py:2585} INFO - Sync 1 DAGs
[2024-07-26T05:33:29.807+0000] {logging_mixin.py:120} INFO - [2024-07-26T05:33:29.807+0000] {dag.py:3340} INFO - Setting next_dagrun for tutorial_taskflow_api to None, run_after=None
[2024-07-26T05:33:29.820+0000] {processor.py:176} INFO - Processing /home/airflow/.local/lib/python3.7/site-packages/airflow/example_dags/tutorial_taskflow_api.py took 0.085 seconds
[2024-07-26T06:09:37.089+0000] {processor.py:154} INFO - Started process (PID=6838) to work on /home/airflow/.local/lib/python3.7/site-packages/airflow/example_dags/tutorial_taskflow_api.py
[2024-07-26T06:09:37.090+0000] {processor.py:756} INFO - Processing file /home/airflow/.local/lib/python3.7/site-packages/airflow/example_dags/tutorial_taskflow_api.py for tasks to queue
[2024-07-26T06:09:37.091+0000] {logging_mixin.py:120} INFO - [2024-07-26T06:09:37.091+0000] {dagbag.py:537} INFO - Filling up the DagBag from /home/airflow/.local/lib/python3.7/site-packages/airflow/example_dags/tutorial_taskflow_api.py
[2024-07-26T06:09:37.104+0000] {processor.py:766} INFO - DAG(s) dict_keys(['tutorial_taskflow_api']) retrieved from /home/airflow/.local/lib/python3.7/site-packages/airflow/example_dags/tutorial_taskflow_api.py
[2024-07-26T06:09:37.149+0000] {logging_mixin.py:120} INFO - [2024-07-26T06:09:37.149+0000] {dag.py:2585} INFO - Sync 1 DAGs
[2024-07-26T06:09:37.171+0000] {logging_mixin.py:120} INFO - [2024-07-26T06:09:37.171+0000] {dag.py:3340} INFO - Setting next_dagrun for tutorial_taskflow_api to None, run_after=None
[2024-07-26T06:09:37.196+0000] {processor.py:176} INFO - Processing /home/airflow/.local/lib/python3.7/site-packages/airflow/example_dags/tutorial_taskflow_api.py took 0.111 seconds
[2024-07-26T07:10:34.090+0000] {processor.py:154} INFO - Started process (PID=6893) to work on /home/airflow/.local/lib/python3.7/site-packages/airflow/example_dags/tutorial_taskflow_api.py
[2024-07-26T07:10:34.091+0000] {processor.py:756} INFO - Processing file /home/airflow/.local/lib/python3.7/site-packages/airflow/example_dags/tutorial_taskflow_api.py for tasks to queue
[2024-07-26T07:10:34.092+0000] {logging_mixin.py:120} INFO - [2024-07-26T07:10:34.092+0000] {dagbag.py:537} INFO - Filling up the DagBag from /home/airflow/.local/lib/python3.7/site-packages/airflow/example_dags/tutorial_taskflow_api.py
[2024-07-26T07:10:34.104+0000] {processor.py:766} INFO - DAG(s) dict_keys(['tutorial_taskflow_api']) retrieved from /home/airflow/.local/lib/python3.7/site-packages/airflow/example_dags/tutorial_taskflow_api.py
[2024-07-26T07:10:34.136+0000] {logging_mixin.py:120} INFO - [2024-07-26T07:10:34.136+0000] {dag.py:2585} INFO - Sync 1 DAGs
[2024-07-26T07:10:34.157+0000] {logging_mixin.py:120} INFO - [2024-07-26T07:10:34.157+0000] {dag.py:3340} INFO - Setting next_dagrun for tutorial_taskflow_api to None, run_after=None
[2024-07-26T07:10:34.173+0000] {processor.py:176} INFO - Processing /home/airflow/.local/lib/python3.7/site-packages/airflow/example_dags/tutorial_taskflow_api.py took 0.085 seconds
[2024-07-26T08:11:48.349+0000] {processor.py:154} INFO - Started process (PID=6957) to work on /home/airflow/.local/lib/python3.7/site-packages/airflow/example_dags/tutorial_taskflow_api.py
[2024-07-26T08:11:48.354+0000] {processor.py:756} INFO - Processing file /home/airflow/.local/lib/python3.7/site-packages/airflow/example_dags/tutorial_taskflow_api.py for tasks to queue
[2024-07-26T08:11:48.355+0000] {logging_mixin.py:120} INFO - [2024-07-26T08:11:48.355+0000] {dagbag.py:537} INFO - Filling up the DagBag from /home/airflow/.local/lib/python3.7/site-packages/airflow/example_dags/tutorial_taskflow_api.py
[2024-07-26T08:11:48.372+0000] {processor.py:766} INFO - DAG(s) dict_keys(['tutorial_taskflow_api']) retrieved from /home/airflow/.local/lib/python3.7/site-packages/airflow/example_dags/tutorial_taskflow_api.py
[2024-07-26T08:11:48.403+0000] {logging_mixin.py:120} INFO - [2024-07-26T08:11:48.403+0000] {dag.py:2585} INFO - Sync 1 DAGs
[2024-07-26T08:11:48.417+0000] {logging_mixin.py:120} INFO - [2024-07-26T08:11:48.417+0000] {dag.py:3340} INFO - Setting next_dagrun for tutorial_taskflow_api to None, run_after=None
[2024-07-26T08:11:48.437+0000] {processor.py:176} INFO - Processing /home/airflow/.local/lib/python3.7/site-packages/airflow/example_dags/tutorial_taskflow_api.py took 0.091 seconds
[2024-07-26T08:36:12.224+0000] {processor.py:154} INFO - Started process (PID=7021) to work on /home/airflow/.local/lib/python3.7/site-packages/airflow/example_dags/tutorial_taskflow_api.py
[2024-07-26T08:36:12.225+0000] {processor.py:756} INFO - Processing file /home/airflow/.local/lib/python3.7/site-packages/airflow/example_dags/tutorial_taskflow_api.py for tasks to queue
[2024-07-26T08:36:12.226+0000] {logging_mixin.py:120} INFO - [2024-07-26T08:36:12.226+0000] {dagbag.py:537} INFO - Filling up the DagBag from /home/airflow/.local/lib/python3.7/site-packages/airflow/example_dags/tutorial_taskflow_api.py
[2024-07-26T08:36:12.240+0000] {processor.py:766} INFO - DAG(s) dict_keys(['tutorial_taskflow_api']) retrieved from /home/airflow/.local/lib/python3.7/site-packages/airflow/example_dags/tutorial_taskflow_api.py
[2024-07-26T08:36:12.274+0000] {logging_mixin.py:120} INFO - [2024-07-26T08:36:12.274+0000] {dag.py:2585} INFO - Sync 1 DAGs
[2024-07-26T08:36:12.291+0000] {logging_mixin.py:120} INFO - [2024-07-26T08:36:12.291+0000] {dag.py:3340} INFO - Setting next_dagrun for tutorial_taskflow_api to None, run_after=None
[2024-07-26T08:36:12.314+0000] {processor.py:176} INFO - Processing /home/airflow/.local/lib/python3.7/site-packages/airflow/example_dags/tutorial_taskflow_api.py took 0.091 seconds
[2024-07-26T09:29:26.807+0000] {processor.py:154} INFO - Started process (PID=7085) to work on /home/airflow/.local/lib/python3.7/site-packages/airflow/example_dags/tutorial_taskflow_api.py
[2024-07-26T09:29:26.811+0000] {processor.py:756} INFO - Processing file /home/airflow/.local/lib/python3.7/site-packages/airflow/example_dags/tutorial_taskflow_api.py for tasks to queue
[2024-07-26T09:29:26.816+0000] {logging_mixin.py:120} INFO - [2024-07-26T09:29:26.816+0000] {dagbag.py:537} INFO - Filling up the DagBag from /home/airflow/.local/lib/python3.7/site-packages/airflow/example_dags/tutorial_taskflow_api.py
[2024-07-26T09:29:26.839+0000] {processor.py:766} INFO - DAG(s) dict_keys(['tutorial_taskflow_api']) retrieved from /home/airflow/.local/lib/python3.7/site-packages/airflow/example_dags/tutorial_taskflow_api.py
[2024-07-26T09:29:26.888+0000] {logging_mixin.py:120} INFO - [2024-07-26T09:29:26.888+0000] {dag.py:2585} INFO - Sync 1 DAGs
[2024-07-26T09:29:26.918+0000] {logging_mixin.py:120} INFO - [2024-07-26T09:29:26.918+0000] {dag.py:3340} INFO - Setting next_dagrun for tutorial_taskflow_api to None, run_after=None
[2024-07-26T09:29:26.933+0000] {processor.py:176} INFO - Processing /home/airflow/.local/lib/python3.7/site-packages/airflow/example_dags/tutorial_taskflow_api.py took 0.133 seconds
[2024-07-26T10:30:31.349+0000] {processor.py:154} INFO - Started process (PID=7140) to work on /home/airflow/.local/lib/python3.7/site-packages/airflow/example_dags/tutorial_taskflow_api.py
[2024-07-26T10:30:31.352+0000] {processor.py:756} INFO - Processing file /home/airflow/.local/lib/python3.7/site-packages/airflow/example_dags/tutorial_taskflow_api.py for tasks to queue
[2024-07-26T10:30:31.353+0000] {logging_mixin.py:120} INFO - [2024-07-26T10:30:31.353+0000] {dagbag.py:537} INFO - Filling up the DagBag from /home/airflow/.local/lib/python3.7/site-packages/airflow/example_dags/tutorial_taskflow_api.py
[2024-07-26T10:30:31.389+0000] {processor.py:766} INFO - DAG(s) dict_keys(['tutorial_taskflow_api']) retrieved from /home/airflow/.local/lib/python3.7/site-packages/airflow/example_dags/tutorial_taskflow_api.py
[2024-07-26T10:30:31.423+0000] {logging_mixin.py:120} INFO - [2024-07-26T10:30:31.423+0000] {dag.py:2585} INFO - Sync 1 DAGs
[2024-07-26T10:30:31.436+0000] {logging_mixin.py:120} INFO - [2024-07-26T10:30:31.436+0000] {dag.py:3340} INFO - Setting next_dagrun for tutorial_taskflow_api to None, run_after=None
[2024-07-26T10:30:31.466+0000] {processor.py:176} INFO - Processing /home/airflow/.local/lib/python3.7/site-packages/airflow/example_dags/tutorial_taskflow_api.py took 0.119 seconds
[2024-07-26T10:39:57.181+0000] {processor.py:154} INFO - Started process (PID=7204) to work on /home/airflow/.local/lib/python3.7/site-packages/airflow/example_dags/tutorial_taskflow_api.py
[2024-07-26T10:39:57.182+0000] {processor.py:756} INFO - Processing file /home/airflow/.local/lib/python3.7/site-packages/airflow/example_dags/tutorial_taskflow_api.py for tasks to queue
[2024-07-26T10:39:57.182+0000] {logging_mixin.py:120} INFO - [2024-07-26T10:39:57.182+0000] {dagbag.py:537} INFO - Filling up the DagBag from /home/airflow/.local/lib/python3.7/site-packages/airflow/example_dags/tutorial_taskflow_api.py
[2024-07-26T10:39:57.193+0000] {processor.py:766} INFO - DAG(s) dict_keys(['tutorial_taskflow_api']) retrieved from /home/airflow/.local/lib/python3.7/site-packages/airflow/example_dags/tutorial_taskflow_api.py
[2024-07-26T10:39:57.221+0000] {logging_mixin.py:120} INFO - [2024-07-26T10:39:57.221+0000] {dag.py:2585} INFO - Sync 1 DAGs
[2024-07-26T10:39:57.237+0000] {logging_mixin.py:120} INFO - [2024-07-26T10:39:57.237+0000] {dag.py:3340} INFO - Setting next_dagrun for tutorial_taskflow_api to None, run_after=None
[2024-07-26T10:39:57.252+0000] {processor.py:176} INFO - Processing /home/airflow/.local/lib/python3.7/site-packages/airflow/example_dags/tutorial_taskflow_api.py took 0.074 seconds
[2024-07-26T11:48:31.280+0000] {processor.py:154} INFO - Started process (PID=7268) to work on /home/airflow/.local/lib/python3.7/site-packages/airflow/example_dags/tutorial_taskflow_api.py
[2024-07-26T11:48:31.281+0000] {processor.py:756} INFO - Processing file /home/airflow/.local/lib/python3.7/site-packages/airflow/example_dags/tutorial_taskflow_api.py for tasks to queue
[2024-07-26T11:48:31.282+0000] {logging_mixin.py:120} INFO - [2024-07-26T11:48:31.282+0000] {dagbag.py:537} INFO - Filling up the DagBag from /home/airflow/.local/lib/python3.7/site-packages/airflow/example_dags/tutorial_taskflow_api.py
[2024-07-26T11:48:31.298+0000] {processor.py:766} INFO - DAG(s) dict_keys(['tutorial_taskflow_api']) retrieved from /home/airflow/.local/lib/python3.7/site-packages/airflow/example_dags/tutorial_taskflow_api.py
[2024-07-26T11:48:31.333+0000] {logging_mixin.py:120} INFO - [2024-07-26T11:48:31.333+0000] {dag.py:2585} INFO - Sync 1 DAGs
[2024-07-26T11:48:31.360+0000] {logging_mixin.py:120} INFO - [2024-07-26T11:48:31.360+0000] {dag.py:3340} INFO - Setting next_dagrun for tutorial_taskflow_api to None, run_after=None
[2024-07-26T11:48:31.386+0000] {processor.py:176} INFO - Processing /home/airflow/.local/lib/python3.7/site-packages/airflow/example_dags/tutorial_taskflow_api.py took 0.108 seconds
[2024-07-26T12:13:06.563+0000] {processor.py:154} INFO - Started process (PID=7332) to work on /home/airflow/.local/lib/python3.7/site-packages/airflow/example_dags/tutorial_taskflow_api.py
[2024-07-26T12:13:06.566+0000] {processor.py:756} INFO - Processing file /home/airflow/.local/lib/python3.7/site-packages/airflow/example_dags/tutorial_taskflow_api.py for tasks to queue
[2024-07-26T12:13:06.568+0000] {logging_mixin.py:120} INFO - [2024-07-26T12:13:06.568+0000] {dagbag.py:537} INFO - Filling up the DagBag from /home/airflow/.local/lib/python3.7/site-packages/airflow/example_dags/tutorial_taskflow_api.py
[2024-07-26T12:13:06.581+0000] {processor.py:766} INFO - DAG(s) dict_keys(['tutorial_taskflow_api']) retrieved from /home/airflow/.local/lib/python3.7/site-packages/airflow/example_dags/tutorial_taskflow_api.py
[2024-07-26T12:13:06.610+0000] {logging_mixin.py:120} INFO - [2024-07-26T12:13:06.610+0000] {dag.py:2585} INFO - Sync 1 DAGs
[2024-07-26T12:13:06.624+0000] {logging_mixin.py:120} INFO - [2024-07-26T12:13:06.624+0000] {dag.py:3340} INFO - Setting next_dagrun for tutorial_taskflow_api to None, run_after=None
[2024-07-26T12:13:06.644+0000] {processor.py:176} INFO - Processing /home/airflow/.local/lib/python3.7/site-packages/airflow/example_dags/tutorial_taskflow_api.py took 0.084 seconds
[2024-07-26T12:19:26.578+0000] {processor.py:154} INFO - Started process (PID=7387) to work on /home/airflow/.local/lib/python3.7/site-packages/airflow/example_dags/tutorial_taskflow_api.py
[2024-07-26T12:19:26.581+0000] {processor.py:756} INFO - Processing file /home/airflow/.local/lib/python3.7/site-packages/airflow/example_dags/tutorial_taskflow_api.py for tasks to queue
[2024-07-26T12:19:26.582+0000] {logging_mixin.py:120} INFO - [2024-07-26T12:19:26.581+0000] {dagbag.py:537} INFO - Filling up the DagBag from /home/airflow/.local/lib/python3.7/site-packages/airflow/example_dags/tutorial_taskflow_api.py
[2024-07-26T12:19:26.596+0000] {processor.py:766} INFO - DAG(s) dict_keys(['tutorial_taskflow_api']) retrieved from /home/airflow/.local/lib/python3.7/site-packages/airflow/example_dags/tutorial_taskflow_api.py
[2024-07-26T12:19:26.624+0000] {logging_mixin.py:120} INFO - [2024-07-26T12:19:26.624+0000] {dag.py:2585} INFO - Sync 1 DAGs
[2024-07-26T12:19:26.655+0000] {logging_mixin.py:120} INFO - [2024-07-26T12:19:26.654+0000] {dag.py:3340} INFO - Setting next_dagrun for tutorial_taskflow_api to None, run_after=None
[2024-07-26T12:19:26.680+0000] {processor.py:176} INFO - Processing /home/airflow/.local/lib/python3.7/site-packages/airflow/example_dags/tutorial_taskflow_api.py took 0.104 seconds
[2024-07-26T13:00:09.185+0000] {processor.py:154} INFO - Started process (PID=7450) to work on /home/airflow/.local/lib/python3.7/site-packages/airflow/example_dags/tutorial_taskflow_api.py
[2024-07-26T13:00:09.186+0000] {processor.py:756} INFO - Processing file /home/airflow/.local/lib/python3.7/site-packages/airflow/example_dags/tutorial_taskflow_api.py for tasks to queue
[2024-07-26T13:00:09.187+0000] {logging_mixin.py:120} INFO - [2024-07-26T13:00:09.187+0000] {dagbag.py:537} INFO - Filling up the DagBag from /home/airflow/.local/lib/python3.7/site-packages/airflow/example_dags/tutorial_taskflow_api.py
[2024-07-26T13:00:09.198+0000] {processor.py:766} INFO - DAG(s) dict_keys(['tutorial_taskflow_api']) retrieved from /home/airflow/.local/lib/python3.7/site-packages/airflow/example_dags/tutorial_taskflow_api.py
[2024-07-26T13:00:09.234+0000] {logging_mixin.py:120} INFO - [2024-07-26T13:00:09.234+0000] {dag.py:2585} INFO - Sync 1 DAGs
[2024-07-26T13:00:09.250+0000] {logging_mixin.py:120} INFO - [2024-07-26T13:00:09.250+0000] {dag.py:3340} INFO - Setting next_dagrun for tutorial_taskflow_api to None, run_after=None
[2024-07-26T13:00:09.267+0000] {processor.py:176} INFO - Processing /home/airflow/.local/lib/python3.7/site-packages/airflow/example_dags/tutorial_taskflow_api.py took 0.084 seconds
[2024-07-26T13:12:28.427+0000] {processor.py:154} INFO - Started process (PID=7514) to work on /home/airflow/.local/lib/python3.7/site-packages/airflow/example_dags/tutorial_taskflow_api.py
[2024-07-26T13:12:28.428+0000] {processor.py:756} INFO - Processing file /home/airflow/.local/lib/python3.7/site-packages/airflow/example_dags/tutorial_taskflow_api.py for tasks to queue
[2024-07-26T13:12:28.429+0000] {logging_mixin.py:120} INFO - [2024-07-26T13:12:28.428+0000] {dagbag.py:537} INFO - Filling up the DagBag from /home/airflow/.local/lib/python3.7/site-packages/airflow/example_dags/tutorial_taskflow_api.py
[2024-07-26T13:12:28.444+0000] {processor.py:766} INFO - DAG(s) dict_keys(['tutorial_taskflow_api']) retrieved from /home/airflow/.local/lib/python3.7/site-packages/airflow/example_dags/tutorial_taskflow_api.py
[2024-07-26T13:12:28.467+0000] {logging_mixin.py:120} INFO - [2024-07-26T13:12:28.467+0000] {dag.py:2585} INFO - Sync 1 DAGs
[2024-07-26T13:12:28.496+0000] {logging_mixin.py:120} INFO - [2024-07-26T13:12:28.496+0000] {dag.py:3340} INFO - Setting next_dagrun for tutorial_taskflow_api to None, run_after=None
[2024-07-26T13:12:28.513+0000] {processor.py:176} INFO - Processing /home/airflow/.local/lib/python3.7/site-packages/airflow/example_dags/tutorial_taskflow_api.py took 0.088 seconds
[2024-07-26T13:43:22.596+0000] {processor.py:154} INFO - Started process (PID=7578) to work on /home/airflow/.local/lib/python3.7/site-packages/airflow/example_dags/tutorial_taskflow_api.py
[2024-07-26T13:43:22.598+0000] {processor.py:756} INFO - Processing file /home/airflow/.local/lib/python3.7/site-packages/airflow/example_dags/tutorial_taskflow_api.py for tasks to queue
[2024-07-26T13:43:22.599+0000] {logging_mixin.py:120} INFO - [2024-07-26T13:43:22.599+0000] {dagbag.py:537} INFO - Filling up the DagBag from /home/airflow/.local/lib/python3.7/site-packages/airflow/example_dags/tutorial_taskflow_api.py
[2024-07-26T13:43:22.611+0000] {processor.py:766} INFO - DAG(s) dict_keys(['tutorial_taskflow_api']) retrieved from /home/airflow/.local/lib/python3.7/site-packages/airflow/example_dags/tutorial_taskflow_api.py
[2024-07-26T13:43:22.654+0000] {logging_mixin.py:120} INFO - [2024-07-26T13:43:22.654+0000] {dag.py:2585} INFO - Sync 1 DAGs
[2024-07-26T13:43:22.672+0000] {logging_mixin.py:120} INFO - [2024-07-26T13:43:22.672+0000] {dag.py:3340} INFO - Setting next_dagrun for tutorial_taskflow_api to None, run_after=None
[2024-07-26T13:43:22.683+0000] {processor.py:176} INFO - Processing /home/airflow/.local/lib/python3.7/site-packages/airflow/example_dags/tutorial_taskflow_api.py took 0.089 seconds
[2024-07-26T13:46:54.458+0000] {processor.py:154} INFO - Started process (PID=7642) to work on /home/airflow/.local/lib/python3.7/site-packages/airflow/example_dags/tutorial_taskflow_api.py
[2024-07-26T13:46:54.460+0000] {processor.py:756} INFO - Processing file /home/airflow/.local/lib/python3.7/site-packages/airflow/example_dags/tutorial_taskflow_api.py for tasks to queue
[2024-07-26T13:46:54.461+0000] {logging_mixin.py:120} INFO - [2024-07-26T13:46:54.461+0000] {dagbag.py:537} INFO - Filling up the DagBag from /home/airflow/.local/lib/python3.7/site-packages/airflow/example_dags/tutorial_taskflow_api.py
[2024-07-26T13:46:54.472+0000] {processor.py:766} INFO - DAG(s) dict_keys(['tutorial_taskflow_api']) retrieved from /home/airflow/.local/lib/python3.7/site-packages/airflow/example_dags/tutorial_taskflow_api.py
[2024-07-26T13:46:54.505+0000] {logging_mixin.py:120} INFO - [2024-07-26T13:46:54.505+0000] {dag.py:2585} INFO - Sync 1 DAGs
[2024-07-26T13:46:54.522+0000] {logging_mixin.py:120} INFO - [2024-07-26T13:46:54.522+0000] {dag.py:3340} INFO - Setting next_dagrun for tutorial_taskflow_api to None, run_after=None
[2024-07-26T13:46:54.555+0000] {processor.py:176} INFO - Processing /home/airflow/.local/lib/python3.7/site-packages/airflow/example_dags/tutorial_taskflow_api.py took 0.101 seconds
[2024-07-26T13:52:24.044+0000] {processor.py:154} INFO - Started process (PID=7697) to work on /home/airflow/.local/lib/python3.7/site-packages/airflow/example_dags/tutorial_taskflow_api.py
[2024-07-26T13:52:24.046+0000] {processor.py:756} INFO - Processing file /home/airflow/.local/lib/python3.7/site-packages/airflow/example_dags/tutorial_taskflow_api.py for tasks to queue
[2024-07-26T13:52:24.047+0000] {logging_mixin.py:120} INFO - [2024-07-26T13:52:24.047+0000] {dagbag.py:537} INFO - Filling up the DagBag from /home/airflow/.local/lib/python3.7/site-packages/airflow/example_dags/tutorial_taskflow_api.py
[2024-07-26T13:52:24.062+0000] {processor.py:766} INFO - DAG(s) dict_keys(['tutorial_taskflow_api']) retrieved from /home/airflow/.local/lib/python3.7/site-packages/airflow/example_dags/tutorial_taskflow_api.py
[2024-07-26T13:52:24.089+0000] {logging_mixin.py:120} INFO - [2024-07-26T13:52:24.089+0000] {dag.py:2585} INFO - Sync 1 DAGs
[2024-07-26T13:52:24.103+0000] {logging_mixin.py:120} INFO - [2024-07-26T13:52:24.103+0000] {dag.py:3340} INFO - Setting next_dagrun for tutorial_taskflow_api to None, run_after=None
[2024-07-26T13:52:24.129+0000] {processor.py:176} INFO - Processing /home/airflow/.local/lib/python3.7/site-packages/airflow/example_dags/tutorial_taskflow_api.py took 0.089 seconds
[2024-07-26T13:54:21.610+0000] {processor.py:154} INFO - Started process (PID=7761) to work on /home/airflow/.local/lib/python3.7/site-packages/airflow/example_dags/tutorial_taskflow_api.py
[2024-07-26T13:54:21.611+0000] {processor.py:756} INFO - Processing file /home/airflow/.local/lib/python3.7/site-packages/airflow/example_dags/tutorial_taskflow_api.py for tasks to queue
[2024-07-26T13:54:21.612+0000] {logging_mixin.py:120} INFO - [2024-07-26T13:54:21.612+0000] {dagbag.py:537} INFO - Filling up the DagBag from /home/airflow/.local/lib/python3.7/site-packages/airflow/example_dags/tutorial_taskflow_api.py
[2024-07-26T13:54:21.626+0000] {processor.py:766} INFO - DAG(s) dict_keys(['tutorial_taskflow_api']) retrieved from /home/airflow/.local/lib/python3.7/site-packages/airflow/example_dags/tutorial_taskflow_api.py
[2024-07-26T13:54:21.654+0000] {logging_mixin.py:120} INFO - [2024-07-26T13:54:21.653+0000] {dag.py:2585} INFO - Sync 1 DAGs
[2024-07-26T13:54:21.669+0000] {logging_mixin.py:120} INFO - [2024-07-26T13:54:21.668+0000] {dag.py:3340} INFO - Setting next_dagrun for tutorial_taskflow_api to None, run_after=None
[2024-07-26T13:54:21.679+0000] {processor.py:176} INFO - Processing /home/airflow/.local/lib/python3.7/site-packages/airflow/example_dags/tutorial_taskflow_api.py took 0.070 seconds
[2024-07-26T13:55:29.733+0000] {processor.py:154} INFO - Started process (PID=7825) to work on /home/airflow/.local/lib/python3.7/site-packages/airflow/example_dags/tutorial_taskflow_api.py
[2024-07-26T13:55:29.734+0000] {processor.py:756} INFO - Processing file /home/airflow/.local/lib/python3.7/site-packages/airflow/example_dags/tutorial_taskflow_api.py for tasks to queue
[2024-07-26T13:55:29.735+0000] {logging_mixin.py:120} INFO - [2024-07-26T13:55:29.734+0000] {dagbag.py:537} INFO - Filling up the DagBag from /home/airflow/.local/lib/python3.7/site-packages/airflow/example_dags/tutorial_taskflow_api.py
[2024-07-26T13:55:29.746+0000] {processor.py:766} INFO - DAG(s) dict_keys(['tutorial_taskflow_api']) retrieved from /home/airflow/.local/lib/python3.7/site-packages/airflow/example_dags/tutorial_taskflow_api.py
[2024-07-26T13:55:29.776+0000] {logging_mixin.py:120} INFO - [2024-07-26T13:55:29.775+0000] {dag.py:2585} INFO - Sync 1 DAGs
[2024-07-26T13:55:29.790+0000] {logging_mixin.py:120} INFO - [2024-07-26T13:55:29.790+0000] {dag.py:3340} INFO - Setting next_dagrun for tutorial_taskflow_api to None, run_after=None
[2024-07-26T13:55:29.807+0000] {processor.py:176} INFO - Processing /home/airflow/.local/lib/python3.7/site-packages/airflow/example_dags/tutorial_taskflow_api.py took 0.075 seconds
[2024-07-26T14:05:32.619+0000] {processor.py:154} INFO - Started process (PID=7889) to work on /home/airflow/.local/lib/python3.7/site-packages/airflow/example_dags/tutorial_taskflow_api.py
[2024-07-26T14:05:32.620+0000] {processor.py:756} INFO - Processing file /home/airflow/.local/lib/python3.7/site-packages/airflow/example_dags/tutorial_taskflow_api.py for tasks to queue
[2024-07-26T14:05:32.620+0000] {logging_mixin.py:120} INFO - [2024-07-26T14:05:32.620+0000] {dagbag.py:537} INFO - Filling up the DagBag from /home/airflow/.local/lib/python3.7/site-packages/airflow/example_dags/tutorial_taskflow_api.py
[2024-07-26T14:05:32.633+0000] {processor.py:766} INFO - DAG(s) dict_keys(['tutorial_taskflow_api']) retrieved from /home/airflow/.local/lib/python3.7/site-packages/airflow/example_dags/tutorial_taskflow_api.py
[2024-07-26T14:05:32.688+0000] {logging_mixin.py:120} INFO - [2024-07-26T14:05:32.688+0000] {dag.py:2585} INFO - Sync 1 DAGs
[2024-07-26T14:05:32.728+0000] {logging_mixin.py:120} INFO - [2024-07-26T14:05:32.726+0000] {dag.py:3340} INFO - Setting next_dagrun for tutorial_taskflow_api to None, run_after=None
[2024-07-26T14:05:32.794+0000] {processor.py:176} INFO - Processing /home/airflow/.local/lib/python3.7/site-packages/airflow/example_dags/tutorial_taskflow_api.py took 0.177 seconds
[2024-07-26T14:06:20.698+0000] {processor.py:154} INFO - Started process (PID=7952) to work on /home/airflow/.local/lib/python3.7/site-packages/airflow/example_dags/tutorial_taskflow_api.py
[2024-07-26T14:06:20.699+0000] {processor.py:756} INFO - Processing file /home/airflow/.local/lib/python3.7/site-packages/airflow/example_dags/tutorial_taskflow_api.py for tasks to queue
[2024-07-26T14:06:20.701+0000] {logging_mixin.py:120} INFO - [2024-07-26T14:06:20.701+0000] {dagbag.py:537} INFO - Filling up the DagBag from /home/airflow/.local/lib/python3.7/site-packages/airflow/example_dags/tutorial_taskflow_api.py
[2024-07-26T14:06:20.713+0000] {processor.py:766} INFO - DAG(s) dict_keys(['tutorial_taskflow_api']) retrieved from /home/airflow/.local/lib/python3.7/site-packages/airflow/example_dags/tutorial_taskflow_api.py
[2024-07-26T14:06:20.743+0000] {logging_mixin.py:120} INFO - [2024-07-26T14:06:20.743+0000] {dag.py:2585} INFO - Sync 1 DAGs
[2024-07-26T14:06:20.766+0000] {logging_mixin.py:120} INFO - [2024-07-26T14:06:20.764+0000] {dag.py:3340} INFO - Setting next_dagrun for tutorial_taskflow_api to None, run_after=None
[2024-07-26T14:06:20.782+0000] {processor.py:176} INFO - Processing /home/airflow/.local/lib/python3.7/site-packages/airflow/example_dags/tutorial_taskflow_api.py took 0.087 seconds
