[2024-07-26T00:02:54.260+0000] {processor.py:154} INFO - Started process (PID=4787) to work on /home/airflow/.local/lib/python3.7/site-packages/airflow/example_dags/tutorial_taskflow_api_virtualenv.py
[2024-07-26T00:02:54.264+0000] {processor.py:756} INFO - Processing file /home/airflow/.local/lib/python3.7/site-packages/airflow/example_dags/tutorial_taskflow_api_virtualenv.py for tasks to queue
[2024-07-26T00:02:54.264+0000] {logging_mixin.py:120} INFO - [2024-07-26T00:02:54.264+0000] {dagbag.py:537} INFO - Filling up the DagBag from /home/airflow/.local/lib/python3.7/site-packages/airflow/example_dags/tutorial_taskflow_api_virtualenv.py
[2024-07-26T00:02:54.280+0000] {processor.py:766} INFO - DAG(s) dict_keys(['tutorial_taskflow_api_virtualenv']) retrieved from /home/airflow/.local/lib/python3.7/site-packages/airflow/example_dags/tutorial_taskflow_api_virtualenv.py
[2024-07-26T00:02:54.316+0000] {logging_mixin.py:120} INFO - [2024-07-26T00:02:54.316+0000] {dag.py:2585} INFO - Sync 1 DAGs
[2024-07-26T00:02:54.330+0000] {logging_mixin.py:120} INFO - [2024-07-26T00:02:54.330+0000] {dag.py:3340} INFO - Setting next_dagrun for tutorial_taskflow_api_virtualenv to None, run_after=None
[2024-07-26T00:02:54.361+0000] {processor.py:176} INFO - Processing /home/airflow/.local/lib/python3.7/site-packages/airflow/example_dags/tutorial_taskflow_api_virtualenv.py took 0.104 seconds
[2024-07-26T00:16:06.638+0000] {processor.py:154} INFO - Started process (PID=4842) to work on /home/airflow/.local/lib/python3.7/site-packages/airflow/example_dags/tutorial_taskflow_api_virtualenv.py
[2024-07-26T00:16:06.640+0000] {processor.py:756} INFO - Processing file /home/airflow/.local/lib/python3.7/site-packages/airflow/example_dags/tutorial_taskflow_api_virtualenv.py for tasks to queue
[2024-07-26T00:16:06.641+0000] {logging_mixin.py:120} INFO - [2024-07-26T00:16:06.641+0000] {dagbag.py:537} INFO - Filling up the DagBag from /home/airflow/.local/lib/python3.7/site-packages/airflow/example_dags/tutorial_taskflow_api_virtualenv.py
[2024-07-26T00:16:06.652+0000] {processor.py:766} INFO - DAG(s) dict_keys(['tutorial_taskflow_api_virtualenv']) retrieved from /home/airflow/.local/lib/python3.7/site-packages/airflow/example_dags/tutorial_taskflow_api_virtualenv.py
[2024-07-26T00:16:06.688+0000] {logging_mixin.py:120} INFO - [2024-07-26T00:16:06.688+0000] {dag.py:2585} INFO - Sync 1 DAGs
[2024-07-26T00:16:06.727+0000] {logging_mixin.py:120} INFO - [2024-07-26T00:16:06.727+0000] {dag.py:3340} INFO - Setting next_dagrun for tutorial_taskflow_api_virtualenv to None, run_after=None
[2024-07-26T00:16:06.763+0000] {processor.py:176} INFO - Processing /home/airflow/.local/lib/python3.7/site-packages/airflow/example_dags/tutorial_taskflow_api_virtualenv.py took 0.126 seconds
[2024-07-26T00:40:52.574+0000] {processor.py:154} INFO - Started process (PID=4906) to work on /home/airflow/.local/lib/python3.7/site-packages/airflow/example_dags/tutorial_taskflow_api_virtualenv.py
[2024-07-26T00:40:52.575+0000] {processor.py:756} INFO - Processing file /home/airflow/.local/lib/python3.7/site-packages/airflow/example_dags/tutorial_taskflow_api_virtualenv.py for tasks to queue
[2024-07-26T00:40:52.576+0000] {logging_mixin.py:120} INFO - [2024-07-26T00:40:52.576+0000] {dagbag.py:537} INFO - Filling up the DagBag from /home/airflow/.local/lib/python3.7/site-packages/airflow/example_dags/tutorial_taskflow_api_virtualenv.py
[2024-07-26T00:40:52.593+0000] {processor.py:766} INFO - DAG(s) dict_keys(['tutorial_taskflow_api_virtualenv']) retrieved from /home/airflow/.local/lib/python3.7/site-packages/airflow/example_dags/tutorial_taskflow_api_virtualenv.py
[2024-07-26T00:40:52.620+0000] {logging_mixin.py:120} INFO - [2024-07-26T00:40:52.620+0000] {dag.py:2585} INFO - Sync 1 DAGs
[2024-07-26T00:40:52.639+0000] {logging_mixin.py:120} INFO - [2024-07-26T00:40:52.639+0000] {dag.py:3340} INFO - Setting next_dagrun for tutorial_taskflow_api_virtualenv to None, run_after=None
[2024-07-26T00:40:52.657+0000] {processor.py:176} INFO - Processing /home/airflow/.local/lib/python3.7/site-packages/airflow/example_dags/tutorial_taskflow_api_virtualenv.py took 0.085 seconds
[2024-07-26T01:30:33.301+0000] {processor.py:154} INFO - Started process (PID=4970) to work on /home/airflow/.local/lib/python3.7/site-packages/airflow/example_dags/tutorial_taskflow_api_virtualenv.py
[2024-07-26T01:30:33.305+0000] {processor.py:756} INFO - Processing file /home/airflow/.local/lib/python3.7/site-packages/airflow/example_dags/tutorial_taskflow_api_virtualenv.py for tasks to queue
[2024-07-26T01:30:33.306+0000] {logging_mixin.py:120} INFO - [2024-07-26T01:30:33.306+0000] {dagbag.py:537} INFO - Filling up the DagBag from /home/airflow/.local/lib/python3.7/site-packages/airflow/example_dags/tutorial_taskflow_api_virtualenv.py
[2024-07-26T01:30:33.321+0000] {processor.py:766} INFO - DAG(s) dict_keys(['tutorial_taskflow_api_virtualenv']) retrieved from /home/airflow/.local/lib/python3.7/site-packages/airflow/example_dags/tutorial_taskflow_api_virtualenv.py
[2024-07-26T01:30:33.369+0000] {logging_mixin.py:120} INFO - [2024-07-26T01:30:33.369+0000] {dag.py:2585} INFO - Sync 1 DAGs
[2024-07-26T01:30:33.387+0000] {logging_mixin.py:120} INFO - [2024-07-26T01:30:33.386+0000] {dag.py:3340} INFO - Setting next_dagrun for tutorial_taskflow_api_virtualenv to None, run_after=None
[2024-07-26T01:30:33.402+0000] {processor.py:176} INFO - Processing /home/airflow/.local/lib/python3.7/site-packages/airflow/example_dags/tutorial_taskflow_api_virtualenv.py took 0.106 seconds
[2024-07-26T02:00:29.887+0000] {processor.py:154} INFO - Started process (PID=5034) to work on /home/airflow/.local/lib/python3.7/site-packages/airflow/example_dags/tutorial_taskflow_api_virtualenv.py
[2024-07-26T02:00:29.889+0000] {processor.py:756} INFO - Processing file /home/airflow/.local/lib/python3.7/site-packages/airflow/example_dags/tutorial_taskflow_api_virtualenv.py for tasks to queue
[2024-07-26T02:00:29.890+0000] {logging_mixin.py:120} INFO - [2024-07-26T02:00:29.890+0000] {dagbag.py:537} INFO - Filling up the DagBag from /home/airflow/.local/lib/python3.7/site-packages/airflow/example_dags/tutorial_taskflow_api_virtualenv.py
[2024-07-26T02:00:29.903+0000] {processor.py:766} INFO - DAG(s) dict_keys(['tutorial_taskflow_api_virtualenv']) retrieved from /home/airflow/.local/lib/python3.7/site-packages/airflow/example_dags/tutorial_taskflow_api_virtualenv.py
[2024-07-26T02:00:29.932+0000] {logging_mixin.py:120} INFO - [2024-07-26T02:00:29.932+0000] {dag.py:2585} INFO - Sync 1 DAGs
[2024-07-26T02:00:29.952+0000] {logging_mixin.py:120} INFO - [2024-07-26T02:00:29.952+0000] {dag.py:3340} INFO - Setting next_dagrun for tutorial_taskflow_api_virtualenv to None, run_after=None
[2024-07-26T02:00:29.969+0000] {processor.py:176} INFO - Processing /home/airflow/.local/lib/python3.7/site-packages/airflow/example_dags/tutorial_taskflow_api_virtualenv.py took 0.085 seconds
[2024-07-26T02:13:02.092+0000] {processor.py:154} INFO - Started process (PID=5097) to work on /home/airflow/.local/lib/python3.7/site-packages/airflow/example_dags/tutorial_taskflow_api_virtualenv.py
[2024-07-26T02:13:02.095+0000] {processor.py:756} INFO - Processing file /home/airflow/.local/lib/python3.7/site-packages/airflow/example_dags/tutorial_taskflow_api_virtualenv.py for tasks to queue
[2024-07-26T02:13:02.096+0000] {logging_mixin.py:120} INFO - [2024-07-26T02:13:02.096+0000] {dagbag.py:537} INFO - Filling up the DagBag from /home/airflow/.local/lib/python3.7/site-packages/airflow/example_dags/tutorial_taskflow_api_virtualenv.py
[2024-07-26T02:13:02.119+0000] {processor.py:766} INFO - DAG(s) dict_keys(['tutorial_taskflow_api_virtualenv']) retrieved from /home/airflow/.local/lib/python3.7/site-packages/airflow/example_dags/tutorial_taskflow_api_virtualenv.py
[2024-07-26T02:13:02.197+0000] {logging_mixin.py:120} INFO - [2024-07-26T02:13:02.197+0000] {dag.py:2585} INFO - Sync 1 DAGs
[2024-07-26T02:13:02.262+0000] {logging_mixin.py:120} INFO - [2024-07-26T02:13:02.262+0000] {dag.py:3340} INFO - Setting next_dagrun for tutorial_taskflow_api_virtualenv to None, run_after=None
[2024-07-26T02:13:02.291+0000] {processor.py:176} INFO - Processing /home/airflow/.local/lib/python3.7/site-packages/airflow/example_dags/tutorial_taskflow_api_virtualenv.py took 0.205 seconds
[2024-07-26T02:39:11.911+0000] {processor.py:154} INFO - Started process (PID=5152) to work on /home/airflow/.local/lib/python3.7/site-packages/airflow/example_dags/tutorial_taskflow_api_virtualenv.py
[2024-07-26T02:39:11.915+0000] {processor.py:756} INFO - Processing file /home/airflow/.local/lib/python3.7/site-packages/airflow/example_dags/tutorial_taskflow_api_virtualenv.py for tasks to queue
[2024-07-26T02:39:11.916+0000] {logging_mixin.py:120} INFO - [2024-07-26T02:39:11.916+0000] {dagbag.py:537} INFO - Filling up the DagBag from /home/airflow/.local/lib/python3.7/site-packages/airflow/example_dags/tutorial_taskflow_api_virtualenv.py
[2024-07-26T02:39:11.934+0000] {processor.py:766} INFO - DAG(s) dict_keys(['tutorial_taskflow_api_virtualenv']) retrieved from /home/airflow/.local/lib/python3.7/site-packages/airflow/example_dags/tutorial_taskflow_api_virtualenv.py
[2024-07-26T02:39:11.975+0000] {logging_mixin.py:120} INFO - [2024-07-26T02:39:11.975+0000] {dag.py:2585} INFO - Sync 1 DAGs
[2024-07-26T02:39:12.001+0000] {logging_mixin.py:120} INFO - [2024-07-26T02:39:12.001+0000] {dag.py:3340} INFO - Setting next_dagrun for tutorial_taskflow_api_virtualenv to None, run_after=None
[2024-07-26T02:39:12.025+0000] {processor.py:176} INFO - Processing /home/airflow/.local/lib/python3.7/site-packages/airflow/example_dags/tutorial_taskflow_api_virtualenv.py took 0.116 seconds
[2024-07-26T02:58:11.502+0000] {processor.py:154} INFO - Started process (PID=5216) to work on /home/airflow/.local/lib/python3.7/site-packages/airflow/example_dags/tutorial_taskflow_api_virtualenv.py
[2024-07-26T02:58:11.504+0000] {processor.py:756} INFO - Processing file /home/airflow/.local/lib/python3.7/site-packages/airflow/example_dags/tutorial_taskflow_api_virtualenv.py for tasks to queue
[2024-07-26T02:58:11.505+0000] {logging_mixin.py:120} INFO - [2024-07-26T02:58:11.505+0000] {dagbag.py:537} INFO - Filling up the DagBag from /home/airflow/.local/lib/python3.7/site-packages/airflow/example_dags/tutorial_taskflow_api_virtualenv.py
[2024-07-26T02:58:11.518+0000] {processor.py:766} INFO - DAG(s) dict_keys(['tutorial_taskflow_api_virtualenv']) retrieved from /home/airflow/.local/lib/python3.7/site-packages/airflow/example_dags/tutorial_taskflow_api_virtualenv.py
[2024-07-26T02:58:11.550+0000] {logging_mixin.py:120} INFO - [2024-07-26T02:58:11.550+0000] {dag.py:2585} INFO - Sync 1 DAGs
[2024-07-26T02:58:11.568+0000] {logging_mixin.py:120} INFO - [2024-07-26T02:58:11.568+0000] {dag.py:3340} INFO - Setting next_dagrun for tutorial_taskflow_api_virtualenv to None, run_after=None
[2024-07-26T02:58:11.617+0000] {processor.py:176} INFO - Processing /home/airflow/.local/lib/python3.7/site-packages/airflow/example_dags/tutorial_taskflow_api_virtualenv.py took 0.117 seconds
[2024-07-26T03:01:34.320+0000] {processor.py:154} INFO - Started process (PID=5280) to work on /home/airflow/.local/lib/python3.7/site-packages/airflow/example_dags/tutorial_taskflow_api_virtualenv.py
[2024-07-26T03:01:34.321+0000] {processor.py:756} INFO - Processing file /home/airflow/.local/lib/python3.7/site-packages/airflow/example_dags/tutorial_taskflow_api_virtualenv.py for tasks to queue
[2024-07-26T03:01:34.323+0000] {logging_mixin.py:120} INFO - [2024-07-26T03:01:34.322+0000] {dagbag.py:537} INFO - Filling up the DagBag from /home/airflow/.local/lib/python3.7/site-packages/airflow/example_dags/tutorial_taskflow_api_virtualenv.py
[2024-07-26T03:01:34.337+0000] {processor.py:766} INFO - DAG(s) dict_keys(['tutorial_taskflow_api_virtualenv']) retrieved from /home/airflow/.local/lib/python3.7/site-packages/airflow/example_dags/tutorial_taskflow_api_virtualenv.py
[2024-07-26T03:01:34.364+0000] {logging_mixin.py:120} INFO - [2024-07-26T03:01:34.363+0000] {dag.py:2585} INFO - Sync 1 DAGs
[2024-07-26T03:01:34.379+0000] {logging_mixin.py:120} INFO - [2024-07-26T03:01:34.378+0000] {dag.py:3340} INFO - Setting next_dagrun for tutorial_taskflow_api_virtualenv to None, run_after=None
[2024-07-26T03:01:34.395+0000] {processor.py:176} INFO - Processing /home/airflow/.local/lib/python3.7/site-packages/airflow/example_dags/tutorial_taskflow_api_virtualenv.py took 0.078 seconds
[2024-07-26T03:15:40.784+0000] {processor.py:154} INFO - Started process (PID=5344) to work on /home/airflow/.local/lib/python3.7/site-packages/airflow/example_dags/tutorial_taskflow_api_virtualenv.py
[2024-07-26T03:15:40.784+0000] {processor.py:756} INFO - Processing file /home/airflow/.local/lib/python3.7/site-packages/airflow/example_dags/tutorial_taskflow_api_virtualenv.py for tasks to queue
[2024-07-26T03:15:40.785+0000] {logging_mixin.py:120} INFO - [2024-07-26T03:15:40.785+0000] {dagbag.py:537} INFO - Filling up the DagBag from /home/airflow/.local/lib/python3.7/site-packages/airflow/example_dags/tutorial_taskflow_api_virtualenv.py
[2024-07-26T03:15:40.799+0000] {processor.py:766} INFO - DAG(s) dict_keys(['tutorial_taskflow_api_virtualenv']) retrieved from /home/airflow/.local/lib/python3.7/site-packages/airflow/example_dags/tutorial_taskflow_api_virtualenv.py
[2024-07-26T03:15:40.831+0000] {logging_mixin.py:120} INFO - [2024-07-26T03:15:40.831+0000] {dag.py:2585} INFO - Sync 1 DAGs
[2024-07-26T03:15:40.853+0000] {logging_mixin.py:120} INFO - [2024-07-26T03:15:40.853+0000] {dag.py:3340} INFO - Setting next_dagrun for tutorial_taskflow_api_virtualenv to None, run_after=None
[2024-07-26T03:15:40.878+0000] {processor.py:176} INFO - Processing /home/airflow/.local/lib/python3.7/site-packages/airflow/example_dags/tutorial_taskflow_api_virtualenv.py took 0.096 seconds
[2024-07-26T03:32:15.871+0000] {processor.py:154} INFO - Started process (PID=5399) to work on /home/airflow/.local/lib/python3.7/site-packages/airflow/example_dags/tutorial_taskflow_api_virtualenv.py
[2024-07-26T03:32:15.876+0000] {processor.py:756} INFO - Processing file /home/airflow/.local/lib/python3.7/site-packages/airflow/example_dags/tutorial_taskflow_api_virtualenv.py for tasks to queue
[2024-07-26T03:32:15.877+0000] {logging_mixin.py:120} INFO - [2024-07-26T03:32:15.877+0000] {dagbag.py:537} INFO - Filling up the DagBag from /home/airflow/.local/lib/python3.7/site-packages/airflow/example_dags/tutorial_taskflow_api_virtualenv.py
[2024-07-26T03:32:15.890+0000] {processor.py:766} INFO - DAG(s) dict_keys(['tutorial_taskflow_api_virtualenv']) retrieved from /home/airflow/.local/lib/python3.7/site-packages/airflow/example_dags/tutorial_taskflow_api_virtualenv.py
[2024-07-26T03:32:15.921+0000] {logging_mixin.py:120} INFO - [2024-07-26T03:32:15.921+0000] {dag.py:2585} INFO - Sync 1 DAGs
[2024-07-26T03:32:15.936+0000] {logging_mixin.py:120} INFO - [2024-07-26T03:32:15.936+0000] {dag.py:3340} INFO - Setting next_dagrun for tutorial_taskflow_api_virtualenv to None, run_after=None
[2024-07-26T03:32:15.955+0000] {processor.py:176} INFO - Processing /home/airflow/.local/lib/python3.7/site-packages/airflow/example_dags/tutorial_taskflow_api_virtualenv.py took 0.089 seconds
[2024-07-26T03:56:58.716+0000] {processor.py:154} INFO - Started process (PID=5463) to work on /home/airflow/.local/lib/python3.7/site-packages/airflow/example_dags/tutorial_taskflow_api_virtualenv.py
[2024-07-26T03:56:58.724+0000] {processor.py:756} INFO - Processing file /home/airflow/.local/lib/python3.7/site-packages/airflow/example_dags/tutorial_taskflow_api_virtualenv.py for tasks to queue
[2024-07-26T03:56:58.726+0000] {logging_mixin.py:120} INFO - [2024-07-26T03:56:58.725+0000] {dagbag.py:537} INFO - Filling up the DagBag from /home/airflow/.local/lib/python3.7/site-packages/airflow/example_dags/tutorial_taskflow_api_virtualenv.py
[2024-07-26T03:56:58.747+0000] {processor.py:766} INFO - DAG(s) dict_keys(['tutorial_taskflow_api_virtualenv']) retrieved from /home/airflow/.local/lib/python3.7/site-packages/airflow/example_dags/tutorial_taskflow_api_virtualenv.py
[2024-07-26T03:56:58.781+0000] {logging_mixin.py:120} INFO - [2024-07-26T03:56:58.781+0000] {dag.py:2585} INFO - Sync 1 DAGs
[2024-07-26T03:56:58.803+0000] {logging_mixin.py:120} INFO - [2024-07-26T03:56:58.802+0000] {dag.py:3340} INFO - Setting next_dagrun for tutorial_taskflow_api_virtualenv to None, run_after=None
[2024-07-26T03:56:58.823+0000] {processor.py:176} INFO - Processing /home/airflow/.local/lib/python3.7/site-packages/airflow/example_dags/tutorial_taskflow_api_virtualenv.py took 0.115 seconds
[2024-07-26T04:02:04.420+0000] {processor.py:154} INFO - Started process (PID=5527) to work on /home/airflow/.local/lib/python3.7/site-packages/airflow/example_dags/tutorial_taskflow_api_virtualenv.py
[2024-07-26T04:02:04.423+0000] {processor.py:756} INFO - Processing file /home/airflow/.local/lib/python3.7/site-packages/airflow/example_dags/tutorial_taskflow_api_virtualenv.py for tasks to queue
[2024-07-26T04:02:04.423+0000] {logging_mixin.py:120} INFO - [2024-07-26T04:02:04.423+0000] {dagbag.py:537} INFO - Filling up the DagBag from /home/airflow/.local/lib/python3.7/site-packages/airflow/example_dags/tutorial_taskflow_api_virtualenv.py
[2024-07-26T04:02:04.442+0000] {processor.py:766} INFO - DAG(s) dict_keys(['tutorial_taskflow_api_virtualenv']) retrieved from /home/airflow/.local/lib/python3.7/site-packages/airflow/example_dags/tutorial_taskflow_api_virtualenv.py
[2024-07-26T04:02:04.481+0000] {logging_mixin.py:120} INFO - [2024-07-26T04:02:04.481+0000] {dag.py:2585} INFO - Sync 1 DAGs
[2024-07-26T04:02:04.499+0000] {logging_mixin.py:120} INFO - [2024-07-26T04:02:04.499+0000] {dag.py:3340} INFO - Setting next_dagrun for tutorial_taskflow_api_virtualenv to None, run_after=None
[2024-07-26T04:02:04.516+0000] {processor.py:176} INFO - Processing /home/airflow/.local/lib/python3.7/site-packages/airflow/example_dags/tutorial_taskflow_api_virtualenv.py took 0.097 seconds
[2024-07-26T04:04:17.048+0000] {processor.py:154} INFO - Started process (PID=5591) to work on /home/airflow/.local/lib/python3.7/site-packages/airflow/example_dags/tutorial_taskflow_api_virtualenv.py
[2024-07-26T04:04:17.049+0000] {processor.py:756} INFO - Processing file /home/airflow/.local/lib/python3.7/site-packages/airflow/example_dags/tutorial_taskflow_api_virtualenv.py for tasks to queue
[2024-07-26T04:04:17.051+0000] {logging_mixin.py:120} INFO - [2024-07-26T04:04:17.051+0000] {dagbag.py:537} INFO - Filling up the DagBag from /home/airflow/.local/lib/python3.7/site-packages/airflow/example_dags/tutorial_taskflow_api_virtualenv.py
[2024-07-26T04:04:17.074+0000] {processor.py:766} INFO - DAG(s) dict_keys(['tutorial_taskflow_api_virtualenv']) retrieved from /home/airflow/.local/lib/python3.7/site-packages/airflow/example_dags/tutorial_taskflow_api_virtualenv.py
[2024-07-26T04:04:17.107+0000] {logging_mixin.py:120} INFO - [2024-07-26T04:04:17.106+0000] {dag.py:2585} INFO - Sync 1 DAGs
[2024-07-26T04:04:17.121+0000] {logging_mixin.py:120} INFO - [2024-07-26T04:04:17.121+0000] {dag.py:3340} INFO - Setting next_dagrun for tutorial_taskflow_api_virtualenv to None, run_after=None
[2024-07-26T04:04:17.144+0000] {processor.py:176} INFO - Processing /home/airflow/.local/lib/python3.7/site-packages/airflow/example_dags/tutorial_taskflow_api_virtualenv.py took 0.100 seconds
[2024-07-26T04:06:04.264+0000] {processor.py:154} INFO - Started process (PID=5654) to work on /home/airflow/.local/lib/python3.7/site-packages/airflow/example_dags/tutorial_taskflow_api_virtualenv.py
[2024-07-26T04:06:04.268+0000] {processor.py:756} INFO - Processing file /home/airflow/.local/lib/python3.7/site-packages/airflow/example_dags/tutorial_taskflow_api_virtualenv.py for tasks to queue
[2024-07-26T04:06:04.269+0000] {logging_mixin.py:120} INFO - [2024-07-26T04:06:04.269+0000] {dagbag.py:537} INFO - Filling up the DagBag from /home/airflow/.local/lib/python3.7/site-packages/airflow/example_dags/tutorial_taskflow_api_virtualenv.py
[2024-07-26T04:06:04.282+0000] {processor.py:766} INFO - DAG(s) dict_keys(['tutorial_taskflow_api_virtualenv']) retrieved from /home/airflow/.local/lib/python3.7/site-packages/airflow/example_dags/tutorial_taskflow_api_virtualenv.py
[2024-07-26T04:06:04.308+0000] {logging_mixin.py:120} INFO - [2024-07-26T04:06:04.308+0000] {dag.py:2585} INFO - Sync 1 DAGs
[2024-07-26T04:06:04.324+0000] {logging_mixin.py:120} INFO - [2024-07-26T04:06:04.324+0000] {dag.py:3340} INFO - Setting next_dagrun for tutorial_taskflow_api_virtualenv to None, run_after=None
[2024-07-26T04:06:04.339+0000] {processor.py:176} INFO - Processing /home/airflow/.local/lib/python3.7/site-packages/airflow/example_dags/tutorial_taskflow_api_virtualenv.py took 0.077 seconds
[2024-07-26T04:08:05.521+0000] {processor.py:154} INFO - Started process (PID=5709) to work on /home/airflow/.local/lib/python3.7/site-packages/airflow/example_dags/tutorial_taskflow_api_virtualenv.py
[2024-07-26T04:08:05.522+0000] {processor.py:756} INFO - Processing file /home/airflow/.local/lib/python3.7/site-packages/airflow/example_dags/tutorial_taskflow_api_virtualenv.py for tasks to queue
[2024-07-26T04:08:05.525+0000] {logging_mixin.py:120} INFO - [2024-07-26T04:08:05.525+0000] {dagbag.py:537} INFO - Filling up the DagBag from /home/airflow/.local/lib/python3.7/site-packages/airflow/example_dags/tutorial_taskflow_api_virtualenv.py
[2024-07-26T04:08:05.537+0000] {processor.py:766} INFO - DAG(s) dict_keys(['tutorial_taskflow_api_virtualenv']) retrieved from /home/airflow/.local/lib/python3.7/site-packages/airflow/example_dags/tutorial_taskflow_api_virtualenv.py
[2024-07-26T04:08:05.562+0000] {logging_mixin.py:120} INFO - [2024-07-26T04:08:05.562+0000] {dag.py:2585} INFO - Sync 1 DAGs
[2024-07-26T04:08:05.578+0000] {logging_mixin.py:120} INFO - [2024-07-26T04:08:05.578+0000] {dag.py:3340} INFO - Setting next_dagrun for tutorial_taskflow_api_virtualenv to None, run_after=None
[2024-07-26T04:08:05.593+0000] {processor.py:176} INFO - Processing /home/airflow/.local/lib/python3.7/site-packages/airflow/example_dags/tutorial_taskflow_api_virtualenv.py took 0.074 seconds
[2024-07-26T04:09:01.645+0000] {processor.py:154} INFO - Started process (PID=5773) to work on /home/airflow/.local/lib/python3.7/site-packages/airflow/example_dags/tutorial_taskflow_api_virtualenv.py
[2024-07-26T04:09:01.646+0000] {processor.py:756} INFO - Processing file /home/airflow/.local/lib/python3.7/site-packages/airflow/example_dags/tutorial_taskflow_api_virtualenv.py for tasks to queue
[2024-07-26T04:09:01.647+0000] {logging_mixin.py:120} INFO - [2024-07-26T04:09:01.647+0000] {dagbag.py:537} INFO - Filling up the DagBag from /home/airflow/.local/lib/python3.7/site-packages/airflow/example_dags/tutorial_taskflow_api_virtualenv.py
[2024-07-26T04:09:01.662+0000] {processor.py:766} INFO - DAG(s) dict_keys(['tutorial_taskflow_api_virtualenv']) retrieved from /home/airflow/.local/lib/python3.7/site-packages/airflow/example_dags/tutorial_taskflow_api_virtualenv.py
[2024-07-26T04:09:01.694+0000] {logging_mixin.py:120} INFO - [2024-07-26T04:09:01.694+0000] {dag.py:2585} INFO - Sync 1 DAGs
[2024-07-26T04:09:01.711+0000] {logging_mixin.py:120} INFO - [2024-07-26T04:09:01.711+0000] {dag.py:3340} INFO - Setting next_dagrun for tutorial_taskflow_api_virtualenv to None, run_after=None
[2024-07-26T04:09:01.723+0000] {processor.py:176} INFO - Processing /home/airflow/.local/lib/python3.7/site-packages/airflow/example_dags/tutorial_taskflow_api_virtualenv.py took 0.080 seconds
[2024-07-26T04:10:11.136+0000] {processor.py:154} INFO - Started process (PID=5838) to work on /home/airflow/.local/lib/python3.7/site-packages/airflow/example_dags/tutorial_taskflow_api_virtualenv.py
[2024-07-26T04:10:11.138+0000] {processor.py:756} INFO - Processing file /home/airflow/.local/lib/python3.7/site-packages/airflow/example_dags/tutorial_taskflow_api_virtualenv.py for tasks to queue
[2024-07-26T04:10:11.140+0000] {logging_mixin.py:120} INFO - [2024-07-26T04:10:11.140+0000] {dagbag.py:537} INFO - Filling up the DagBag from /home/airflow/.local/lib/python3.7/site-packages/airflow/example_dags/tutorial_taskflow_api_virtualenv.py
[2024-07-26T04:10:11.151+0000] {processor.py:766} INFO - DAG(s) dict_keys(['tutorial_taskflow_api_virtualenv']) retrieved from /home/airflow/.local/lib/python3.7/site-packages/airflow/example_dags/tutorial_taskflow_api_virtualenv.py
[2024-07-26T04:10:11.178+0000] {logging_mixin.py:120} INFO - [2024-07-26T04:10:11.178+0000] {dag.py:2585} INFO - Sync 1 DAGs
[2024-07-26T04:10:11.195+0000] {logging_mixin.py:120} INFO - [2024-07-26T04:10:11.195+0000] {dag.py:3340} INFO - Setting next_dagrun for tutorial_taskflow_api_virtualenv to None, run_after=None
[2024-07-26T04:10:11.210+0000] {processor.py:176} INFO - Processing /home/airflow/.local/lib/python3.7/site-packages/airflow/example_dags/tutorial_taskflow_api_virtualenv.py took 0.075 seconds
[2024-07-26T04:11:37.488+0000] {processor.py:154} INFO - Started process (PID=5902) to work on /home/airflow/.local/lib/python3.7/site-packages/airflow/example_dags/tutorial_taskflow_api_virtualenv.py
[2024-07-26T04:11:37.490+0000] {processor.py:756} INFO - Processing file /home/airflow/.local/lib/python3.7/site-packages/airflow/example_dags/tutorial_taskflow_api_virtualenv.py for tasks to queue
[2024-07-26T04:11:37.490+0000] {logging_mixin.py:120} INFO - [2024-07-26T04:11:37.490+0000] {dagbag.py:537} INFO - Filling up the DagBag from /home/airflow/.local/lib/python3.7/site-packages/airflow/example_dags/tutorial_taskflow_api_virtualenv.py
[2024-07-26T04:11:37.502+0000] {processor.py:766} INFO - DAG(s) dict_keys(['tutorial_taskflow_api_virtualenv']) retrieved from /home/airflow/.local/lib/python3.7/site-packages/airflow/example_dags/tutorial_taskflow_api_virtualenv.py
[2024-07-26T04:11:37.537+0000] {logging_mixin.py:120} INFO - [2024-07-26T04:11:37.537+0000] {dag.py:2585} INFO - Sync 1 DAGs
[2024-07-26T04:11:37.552+0000] {logging_mixin.py:120} INFO - [2024-07-26T04:11:37.552+0000] {dag.py:3340} INFO - Setting next_dagrun for tutorial_taskflow_api_virtualenv to None, run_after=None
[2024-07-26T04:11:37.569+0000] {processor.py:176} INFO - Processing /home/airflow/.local/lib/python3.7/site-packages/airflow/example_dags/tutorial_taskflow_api_virtualenv.py took 0.083 seconds
[2024-07-26T04:12:21.127+0000] {processor.py:154} INFO - Started process (PID=5964) to work on /home/airflow/.local/lib/python3.7/site-packages/airflow/example_dags/tutorial_taskflow_api_virtualenv.py
[2024-07-26T04:12:21.128+0000] {processor.py:756} INFO - Processing file /home/airflow/.local/lib/python3.7/site-packages/airflow/example_dags/tutorial_taskflow_api_virtualenv.py for tasks to queue
[2024-07-26T04:12:21.129+0000] {logging_mixin.py:120} INFO - [2024-07-26T04:12:21.129+0000] {dagbag.py:537} INFO - Filling up the DagBag from /home/airflow/.local/lib/python3.7/site-packages/airflow/example_dags/tutorial_taskflow_api_virtualenv.py
[2024-07-26T04:12:21.139+0000] {processor.py:766} INFO - DAG(s) dict_keys(['tutorial_taskflow_api_virtualenv']) retrieved from /home/airflow/.local/lib/python3.7/site-packages/airflow/example_dags/tutorial_taskflow_api_virtualenv.py
[2024-07-26T04:12:21.160+0000] {logging_mixin.py:120} INFO - [2024-07-26T04:12:21.160+0000] {dag.py:2585} INFO - Sync 1 DAGs
[2024-07-26T04:12:21.175+0000] {logging_mixin.py:120} INFO - [2024-07-26T04:12:21.175+0000] {dag.py:3340} INFO - Setting next_dagrun for tutorial_taskflow_api_virtualenv to None, run_after=None
[2024-07-26T04:12:21.187+0000] {processor.py:176} INFO - Processing /home/airflow/.local/lib/python3.7/site-packages/airflow/example_dags/tutorial_taskflow_api_virtualenv.py took 0.061 seconds
[2024-07-26T04:13:14.351+0000] {processor.py:154} INFO - Started process (PID=6021) to work on /home/airflow/.local/lib/python3.7/site-packages/airflow/example_dags/tutorial_taskflow_api_virtualenv.py
[2024-07-26T04:13:14.352+0000] {processor.py:756} INFO - Processing file /home/airflow/.local/lib/python3.7/site-packages/airflow/example_dags/tutorial_taskflow_api_virtualenv.py for tasks to queue
[2024-07-26T04:13:14.353+0000] {logging_mixin.py:120} INFO - [2024-07-26T04:13:14.353+0000] {dagbag.py:537} INFO - Filling up the DagBag from /home/airflow/.local/lib/python3.7/site-packages/airflow/example_dags/tutorial_taskflow_api_virtualenv.py
[2024-07-26T04:13:14.363+0000] {processor.py:766} INFO - DAG(s) dict_keys(['tutorial_taskflow_api_virtualenv']) retrieved from /home/airflow/.local/lib/python3.7/site-packages/airflow/example_dags/tutorial_taskflow_api_virtualenv.py
[2024-07-26T04:13:14.390+0000] {logging_mixin.py:120} INFO - [2024-07-26T04:13:14.390+0000] {dag.py:2585} INFO - Sync 1 DAGs
[2024-07-26T04:13:14.408+0000] {logging_mixin.py:120} INFO - [2024-07-26T04:13:14.407+0000] {dag.py:3340} INFO - Setting next_dagrun for tutorial_taskflow_api_virtualenv to None, run_after=None
[2024-07-26T04:13:14.420+0000] {processor.py:176} INFO - Processing /home/airflow/.local/lib/python3.7/site-packages/airflow/example_dags/tutorial_taskflow_api_virtualenv.py took 0.072 seconds
[2024-07-26T04:14:05.142+0000] {processor.py:154} INFO - Started process (PID=6084) to work on /home/airflow/.local/lib/python3.7/site-packages/airflow/example_dags/tutorial_taskflow_api_virtualenv.py
[2024-07-26T04:14:05.143+0000] {processor.py:756} INFO - Processing file /home/airflow/.local/lib/python3.7/site-packages/airflow/example_dags/tutorial_taskflow_api_virtualenv.py for tasks to queue
[2024-07-26T04:14:05.144+0000] {logging_mixin.py:120} INFO - [2024-07-26T04:14:05.143+0000] {dagbag.py:537} INFO - Filling up the DagBag from /home/airflow/.local/lib/python3.7/site-packages/airflow/example_dags/tutorial_taskflow_api_virtualenv.py
[2024-07-26T04:14:05.160+0000] {processor.py:766} INFO - DAG(s) dict_keys(['tutorial_taskflow_api_virtualenv']) retrieved from /home/airflow/.local/lib/python3.7/site-packages/airflow/example_dags/tutorial_taskflow_api_virtualenv.py
[2024-07-26T04:14:05.188+0000] {logging_mixin.py:120} INFO - [2024-07-26T04:14:05.188+0000] {dag.py:2585} INFO - Sync 1 DAGs
[2024-07-26T04:14:05.202+0000] {logging_mixin.py:120} INFO - [2024-07-26T04:14:05.202+0000] {dag.py:3340} INFO - Setting next_dagrun for tutorial_taskflow_api_virtualenv to None, run_after=None
[2024-07-26T04:14:05.270+0000] {processor.py:176} INFO - Processing /home/airflow/.local/lib/python3.7/site-packages/airflow/example_dags/tutorial_taskflow_api_virtualenv.py took 0.132 seconds
[2024-07-26T04:18:33.813+0000] {processor.py:154} INFO - Started process (PID=6148) to work on /home/airflow/.local/lib/python3.7/site-packages/airflow/example_dags/tutorial_taskflow_api_virtualenv.py
[2024-07-26T04:18:33.814+0000] {processor.py:756} INFO - Processing file /home/airflow/.local/lib/python3.7/site-packages/airflow/example_dags/tutorial_taskflow_api_virtualenv.py for tasks to queue
[2024-07-26T04:18:33.815+0000] {logging_mixin.py:120} INFO - [2024-07-26T04:18:33.815+0000] {dagbag.py:537} INFO - Filling up the DagBag from /home/airflow/.local/lib/python3.7/site-packages/airflow/example_dags/tutorial_taskflow_api_virtualenv.py
[2024-07-26T04:18:33.828+0000] {processor.py:766} INFO - DAG(s) dict_keys(['tutorial_taskflow_api_virtualenv']) retrieved from /home/airflow/.local/lib/python3.7/site-packages/airflow/example_dags/tutorial_taskflow_api_virtualenv.py
[2024-07-26T04:18:33.856+0000] {logging_mixin.py:120} INFO - [2024-07-26T04:18:33.856+0000] {dag.py:2585} INFO - Sync 1 DAGs
[2024-07-26T04:18:33.871+0000] {logging_mixin.py:120} INFO - [2024-07-26T04:18:33.870+0000] {dag.py:3340} INFO - Setting next_dagrun for tutorial_taskflow_api_virtualenv to None, run_after=None
[2024-07-26T04:18:33.885+0000] {processor.py:176} INFO - Processing /home/airflow/.local/lib/python3.7/site-packages/airflow/example_dags/tutorial_taskflow_api_virtualenv.py took 0.074 seconds
[2024-07-26T04:19:16.063+0000] {processor.py:154} INFO - Started process (PID=6212) to work on /home/airflow/.local/lib/python3.7/site-packages/airflow/example_dags/tutorial_taskflow_api_virtualenv.py
[2024-07-26T04:19:16.066+0000] {processor.py:756} INFO - Processing file /home/airflow/.local/lib/python3.7/site-packages/airflow/example_dags/tutorial_taskflow_api_virtualenv.py for tasks to queue
[2024-07-26T04:19:16.068+0000] {logging_mixin.py:120} INFO - [2024-07-26T04:19:16.068+0000] {dagbag.py:537} INFO - Filling up the DagBag from /home/airflow/.local/lib/python3.7/site-packages/airflow/example_dags/tutorial_taskflow_api_virtualenv.py
[2024-07-26T04:19:16.079+0000] {processor.py:766} INFO - DAG(s) dict_keys(['tutorial_taskflow_api_virtualenv']) retrieved from /home/airflow/.local/lib/python3.7/site-packages/airflow/example_dags/tutorial_taskflow_api_virtualenv.py
[2024-07-26T04:19:16.111+0000] {logging_mixin.py:120} INFO - [2024-07-26T04:19:16.111+0000] {dag.py:2585} INFO - Sync 1 DAGs
[2024-07-26T04:19:16.129+0000] {logging_mixin.py:120} INFO - [2024-07-26T04:19:16.129+0000] {dag.py:3340} INFO - Setting next_dagrun for tutorial_taskflow_api_virtualenv to None, run_after=None
[2024-07-26T04:19:16.143+0000] {processor.py:176} INFO - Processing /home/airflow/.local/lib/python3.7/site-packages/airflow/example_dags/tutorial_taskflow_api_virtualenv.py took 0.082 seconds
[2024-07-26T04:20:37.713+0000] {processor.py:154} INFO - Started process (PID=6267) to work on /home/airflow/.local/lib/python3.7/site-packages/airflow/example_dags/tutorial_taskflow_api_virtualenv.py
[2024-07-26T04:20:37.714+0000] {processor.py:756} INFO - Processing file /home/airflow/.local/lib/python3.7/site-packages/airflow/example_dags/tutorial_taskflow_api_virtualenv.py for tasks to queue
[2024-07-26T04:20:37.715+0000] {logging_mixin.py:120} INFO - [2024-07-26T04:20:37.715+0000] {dagbag.py:537} INFO - Filling up the DagBag from /home/airflow/.local/lib/python3.7/site-packages/airflow/example_dags/tutorial_taskflow_api_virtualenv.py
[2024-07-26T04:20:37.726+0000] {processor.py:766} INFO - DAG(s) dict_keys(['tutorial_taskflow_api_virtualenv']) retrieved from /home/airflow/.local/lib/python3.7/site-packages/airflow/example_dags/tutorial_taskflow_api_virtualenv.py
[2024-07-26T04:20:37.751+0000] {logging_mixin.py:120} INFO - [2024-07-26T04:20:37.751+0000] {dag.py:2585} INFO - Sync 1 DAGs
[2024-07-26T04:20:37.769+0000] {logging_mixin.py:120} INFO - [2024-07-26T04:20:37.769+0000] {dag.py:3340} INFO - Setting next_dagrun for tutorial_taskflow_api_virtualenv to None, run_after=None
[2024-07-26T04:20:37.783+0000] {processor.py:176} INFO - Processing /home/airflow/.local/lib/python3.7/site-packages/airflow/example_dags/tutorial_taskflow_api_virtualenv.py took 0.071 seconds
[2024-07-26T04:21:41.650+0000] {processor.py:154} INFO - Started process (PID=6330) to work on /home/airflow/.local/lib/python3.7/site-packages/airflow/example_dags/tutorial_taskflow_api_virtualenv.py
[2024-07-26T04:21:41.654+0000] {processor.py:756} INFO - Processing file /home/airflow/.local/lib/python3.7/site-packages/airflow/example_dags/tutorial_taskflow_api_virtualenv.py for tasks to queue
[2024-07-26T04:21:41.655+0000] {logging_mixin.py:120} INFO - [2024-07-26T04:21:41.655+0000] {dagbag.py:537} INFO - Filling up the DagBag from /home/airflow/.local/lib/python3.7/site-packages/airflow/example_dags/tutorial_taskflow_api_virtualenv.py
[2024-07-26T04:21:41.668+0000] {processor.py:766} INFO - DAG(s) dict_keys(['tutorial_taskflow_api_virtualenv']) retrieved from /home/airflow/.local/lib/python3.7/site-packages/airflow/example_dags/tutorial_taskflow_api_virtualenv.py
[2024-07-26T04:21:41.697+0000] {logging_mixin.py:120} INFO - [2024-07-26T04:21:41.697+0000] {dag.py:2585} INFO - Sync 1 DAGs
[2024-07-26T04:21:41.712+0000] {logging_mixin.py:120} INFO - [2024-07-26T04:21:41.712+0000] {dag.py:3340} INFO - Setting next_dagrun for tutorial_taskflow_api_virtualenv to None, run_after=None
[2024-07-26T04:21:41.721+0000] {processor.py:176} INFO - Processing /home/airflow/.local/lib/python3.7/site-packages/airflow/example_dags/tutorial_taskflow_api_virtualenv.py took 0.073 seconds
[2024-07-26T04:22:48.024+0000] {processor.py:154} INFO - Started process (PID=6394) to work on /home/airflow/.local/lib/python3.7/site-packages/airflow/example_dags/tutorial_taskflow_api_virtualenv.py
[2024-07-26T04:22:48.025+0000] {processor.py:756} INFO - Processing file /home/airflow/.local/lib/python3.7/site-packages/airflow/example_dags/tutorial_taskflow_api_virtualenv.py for tasks to queue
[2024-07-26T04:22:48.025+0000] {logging_mixin.py:120} INFO - [2024-07-26T04:22:48.025+0000] {dagbag.py:537} INFO - Filling up the DagBag from /home/airflow/.local/lib/python3.7/site-packages/airflow/example_dags/tutorial_taskflow_api_virtualenv.py
[2024-07-26T04:22:48.037+0000] {processor.py:766} INFO - DAG(s) dict_keys(['tutorial_taskflow_api_virtualenv']) retrieved from /home/airflow/.local/lib/python3.7/site-packages/airflow/example_dags/tutorial_taskflow_api_virtualenv.py
[2024-07-26T04:22:48.063+0000] {logging_mixin.py:120} INFO - [2024-07-26T04:22:48.063+0000] {dag.py:2585} INFO - Sync 1 DAGs
[2024-07-26T04:22:48.080+0000] {logging_mixin.py:120} INFO - [2024-07-26T04:22:48.080+0000] {dag.py:3340} INFO - Setting next_dagrun for tutorial_taskflow_api_virtualenv to None, run_after=None
[2024-07-26T04:22:48.094+0000] {processor.py:176} INFO - Processing /home/airflow/.local/lib/python3.7/site-packages/airflow/example_dags/tutorial_taskflow_api_virtualenv.py took 0.071 seconds
[2024-07-26T04:34:00.799+0000] {processor.py:154} INFO - Started process (PID=6458) to work on /home/airflow/.local/lib/python3.7/site-packages/airflow/example_dags/tutorial_taskflow_api_virtualenv.py
[2024-07-26T04:34:00.801+0000] {processor.py:756} INFO - Processing file /home/airflow/.local/lib/python3.7/site-packages/airflow/example_dags/tutorial_taskflow_api_virtualenv.py for tasks to queue
[2024-07-26T04:34:00.802+0000] {logging_mixin.py:120} INFO - [2024-07-26T04:34:00.802+0000] {dagbag.py:537} INFO - Filling up the DagBag from /home/airflow/.local/lib/python3.7/site-packages/airflow/example_dags/tutorial_taskflow_api_virtualenv.py
[2024-07-26T04:34:00.821+0000] {processor.py:766} INFO - DAG(s) dict_keys(['tutorial_taskflow_api_virtualenv']) retrieved from /home/airflow/.local/lib/python3.7/site-packages/airflow/example_dags/tutorial_taskflow_api_virtualenv.py
[2024-07-26T04:34:00.875+0000] {logging_mixin.py:120} INFO - [2024-07-26T04:34:00.875+0000] {dag.py:2585} INFO - Sync 1 DAGs
[2024-07-26T04:34:00.897+0000] {logging_mixin.py:120} INFO - [2024-07-26T04:34:00.897+0000] {dag.py:3340} INFO - Setting next_dagrun for tutorial_taskflow_api_virtualenv to None, run_after=None
[2024-07-26T04:34:00.911+0000] {processor.py:176} INFO - Processing /home/airflow/.local/lib/python3.7/site-packages/airflow/example_dags/tutorial_taskflow_api_virtualenv.py took 0.115 seconds
[2024-07-26T04:49:13.241+0000] {processor.py:154} INFO - Started process (PID=6522) to work on /home/airflow/.local/lib/python3.7/site-packages/airflow/example_dags/tutorial_taskflow_api_virtualenv.py
[2024-07-26T04:49:13.245+0000] {processor.py:756} INFO - Processing file /home/airflow/.local/lib/python3.7/site-packages/airflow/example_dags/tutorial_taskflow_api_virtualenv.py for tasks to queue
[2024-07-26T04:49:13.246+0000] {logging_mixin.py:120} INFO - [2024-07-26T04:49:13.246+0000] {dagbag.py:537} INFO - Filling up the DagBag from /home/airflow/.local/lib/python3.7/site-packages/airflow/example_dags/tutorial_taskflow_api_virtualenv.py
[2024-07-26T04:49:13.258+0000] {processor.py:766} INFO - DAG(s) dict_keys(['tutorial_taskflow_api_virtualenv']) retrieved from /home/airflow/.local/lib/python3.7/site-packages/airflow/example_dags/tutorial_taskflow_api_virtualenv.py
[2024-07-26T04:49:13.285+0000] {logging_mixin.py:120} INFO - [2024-07-26T04:49:13.285+0000] {dag.py:2585} INFO - Sync 1 DAGs
[2024-07-26T04:49:13.304+0000] {logging_mixin.py:120} INFO - [2024-07-26T04:49:13.304+0000] {dag.py:3340} INFO - Setting next_dagrun for tutorial_taskflow_api_virtualenv to None, run_after=None
[2024-07-26T04:49:13.337+0000] {processor.py:176} INFO - Processing /home/airflow/.local/lib/python3.7/site-packages/airflow/example_dags/tutorial_taskflow_api_virtualenv.py took 0.099 seconds
[2024-07-26T04:53:37.940+0000] {processor.py:154} INFO - Started process (PID=6577) to work on /home/airflow/.local/lib/python3.7/site-packages/airflow/example_dags/tutorial_taskflow_api_virtualenv.py
[2024-07-26T04:53:37.942+0000] {processor.py:756} INFO - Processing file /home/airflow/.local/lib/python3.7/site-packages/airflow/example_dags/tutorial_taskflow_api_virtualenv.py for tasks to queue
[2024-07-26T04:53:37.947+0000] {logging_mixin.py:120} INFO - [2024-07-26T04:53:37.947+0000] {dagbag.py:537} INFO - Filling up the DagBag from /home/airflow/.local/lib/python3.7/site-packages/airflow/example_dags/tutorial_taskflow_api_virtualenv.py
[2024-07-26T04:53:37.974+0000] {processor.py:766} INFO - DAG(s) dict_keys(['tutorial_taskflow_api_virtualenv']) retrieved from /home/airflow/.local/lib/python3.7/site-packages/airflow/example_dags/tutorial_taskflow_api_virtualenv.py
[2024-07-26T04:53:38.040+0000] {logging_mixin.py:120} INFO - [2024-07-26T04:53:38.039+0000] {dag.py:2585} INFO - Sync 1 DAGs
[2024-07-26T04:53:38.065+0000] {logging_mixin.py:120} INFO - [2024-07-26T04:53:38.064+0000] {dag.py:3340} INFO - Setting next_dagrun for tutorial_taskflow_api_virtualenv to None, run_after=None
[2024-07-26T04:53:38.081+0000] {processor.py:176} INFO - Processing /home/airflow/.local/lib/python3.7/site-packages/airflow/example_dags/tutorial_taskflow_api_virtualenv.py took 0.144 seconds
[2024-07-26T05:02:50.233+0000] {processor.py:154} INFO - Started process (PID=6641) to work on /home/airflow/.local/lib/python3.7/site-packages/airflow/example_dags/tutorial_taskflow_api_virtualenv.py
[2024-07-26T05:02:50.239+0000] {processor.py:756} INFO - Processing file /home/airflow/.local/lib/python3.7/site-packages/airflow/example_dags/tutorial_taskflow_api_virtualenv.py for tasks to queue
[2024-07-26T05:02:50.240+0000] {logging_mixin.py:120} INFO - [2024-07-26T05:02:50.239+0000] {dagbag.py:537} INFO - Filling up the DagBag from /home/airflow/.local/lib/python3.7/site-packages/airflow/example_dags/tutorial_taskflow_api_virtualenv.py
[2024-07-26T05:02:50.259+0000] {processor.py:766} INFO - DAG(s) dict_keys(['tutorial_taskflow_api_virtualenv']) retrieved from /home/airflow/.local/lib/python3.7/site-packages/airflow/example_dags/tutorial_taskflow_api_virtualenv.py
[2024-07-26T05:02:50.294+0000] {logging_mixin.py:120} INFO - [2024-07-26T05:02:50.293+0000] {dag.py:2585} INFO - Sync 1 DAGs
[2024-07-26T05:02:50.311+0000] {logging_mixin.py:120} INFO - [2024-07-26T05:02:50.311+0000] {dag.py:3340} INFO - Setting next_dagrun for tutorial_taskflow_api_virtualenv to None, run_after=None
[2024-07-26T05:02:50.338+0000] {processor.py:176} INFO - Processing /home/airflow/.local/lib/python3.7/site-packages/airflow/example_dags/tutorial_taskflow_api_virtualenv.py took 0.108 seconds
[2024-07-26T05:15:52.448+0000] {processor.py:154} INFO - Started process (PID=6705) to work on /home/airflow/.local/lib/python3.7/site-packages/airflow/example_dags/tutorial_taskflow_api_virtualenv.py
[2024-07-26T05:15:52.452+0000] {processor.py:756} INFO - Processing file /home/airflow/.local/lib/python3.7/site-packages/airflow/example_dags/tutorial_taskflow_api_virtualenv.py for tasks to queue
[2024-07-26T05:15:52.457+0000] {logging_mixin.py:120} INFO - [2024-07-26T05:15:52.457+0000] {dagbag.py:537} INFO - Filling up the DagBag from /home/airflow/.local/lib/python3.7/site-packages/airflow/example_dags/tutorial_taskflow_api_virtualenv.py
[2024-07-26T05:15:52.477+0000] {processor.py:766} INFO - DAG(s) dict_keys(['tutorial_taskflow_api_virtualenv']) retrieved from /home/airflow/.local/lib/python3.7/site-packages/airflow/example_dags/tutorial_taskflow_api_virtualenv.py
[2024-07-26T05:15:52.534+0000] {logging_mixin.py:120} INFO - [2024-07-26T05:15:52.533+0000] {dag.py:2585} INFO - Sync 1 DAGs
[2024-07-26T05:15:52.562+0000] {logging_mixin.py:120} INFO - [2024-07-26T05:15:52.562+0000] {dag.py:3340} INFO - Setting next_dagrun for tutorial_taskflow_api_virtualenv to None, run_after=None
[2024-07-26T05:15:52.586+0000] {processor.py:176} INFO - Processing /home/airflow/.local/lib/python3.7/site-packages/airflow/example_dags/tutorial_taskflow_api_virtualenv.py took 0.142 seconds
[2024-07-26T05:33:29.306+0000] {processor.py:154} INFO - Started process (PID=6769) to work on /home/airflow/.local/lib/python3.7/site-packages/airflow/example_dags/tutorial_taskflow_api_virtualenv.py
[2024-07-26T05:33:29.308+0000] {processor.py:756} INFO - Processing file /home/airflow/.local/lib/python3.7/site-packages/airflow/example_dags/tutorial_taskflow_api_virtualenv.py for tasks to queue
[2024-07-26T05:33:29.308+0000] {logging_mixin.py:120} INFO - [2024-07-26T05:33:29.308+0000] {dagbag.py:537} INFO - Filling up the DagBag from /home/airflow/.local/lib/python3.7/site-packages/airflow/example_dags/tutorial_taskflow_api_virtualenv.py
[2024-07-26T05:33:29.325+0000] {processor.py:766} INFO - DAG(s) dict_keys(['tutorial_taskflow_api_virtualenv']) retrieved from /home/airflow/.local/lib/python3.7/site-packages/airflow/example_dags/tutorial_taskflow_api_virtualenv.py
[2024-07-26T05:33:29.381+0000] {logging_mixin.py:120} INFO - [2024-07-26T05:33:29.381+0000] {dag.py:2585} INFO - Sync 1 DAGs
[2024-07-26T05:33:29.408+0000] {logging_mixin.py:120} INFO - [2024-07-26T05:33:29.408+0000] {dag.py:3340} INFO - Setting next_dagrun for tutorial_taskflow_api_virtualenv to None, run_after=None
[2024-07-26T05:33:29.444+0000] {processor.py:176} INFO - Processing /home/airflow/.local/lib/python3.7/site-packages/airflow/example_dags/tutorial_taskflow_api_virtualenv.py took 0.142 seconds
[2024-07-26T06:09:36.780+0000] {processor.py:154} INFO - Started process (PID=6832) to work on /home/airflow/.local/lib/python3.7/site-packages/airflow/example_dags/tutorial_taskflow_api_virtualenv.py
[2024-07-26T06:09:36.784+0000] {processor.py:756} INFO - Processing file /home/airflow/.local/lib/python3.7/site-packages/airflow/example_dags/tutorial_taskflow_api_virtualenv.py for tasks to queue
[2024-07-26T06:09:36.785+0000] {logging_mixin.py:120} INFO - [2024-07-26T06:09:36.785+0000] {dagbag.py:537} INFO - Filling up the DagBag from /home/airflow/.local/lib/python3.7/site-packages/airflow/example_dags/tutorial_taskflow_api_virtualenv.py
[2024-07-26T06:09:36.799+0000] {processor.py:766} INFO - DAG(s) dict_keys(['tutorial_taskflow_api_virtualenv']) retrieved from /home/airflow/.local/lib/python3.7/site-packages/airflow/example_dags/tutorial_taskflow_api_virtualenv.py
[2024-07-26T06:09:36.830+0000] {logging_mixin.py:120} INFO - [2024-07-26T06:09:36.830+0000] {dag.py:2585} INFO - Sync 1 DAGs
[2024-07-26T06:09:36.843+0000] {logging_mixin.py:120} INFO - [2024-07-26T06:09:36.843+0000] {dag.py:3340} INFO - Setting next_dagrun for tutorial_taskflow_api_virtualenv to None, run_after=None
[2024-07-26T06:09:36.863+0000] {processor.py:176} INFO - Processing /home/airflow/.local/lib/python3.7/site-packages/airflow/example_dags/tutorial_taskflow_api_virtualenv.py took 0.085 seconds
[2024-07-26T07:10:33.767+0000] {processor.py:154} INFO - Started process (PID=6887) to work on /home/airflow/.local/lib/python3.7/site-packages/airflow/example_dags/tutorial_taskflow_api_virtualenv.py
[2024-07-26T07:10:33.769+0000] {processor.py:756} INFO - Processing file /home/airflow/.local/lib/python3.7/site-packages/airflow/example_dags/tutorial_taskflow_api_virtualenv.py for tasks to queue
[2024-07-26T07:10:33.769+0000] {logging_mixin.py:120} INFO - [2024-07-26T07:10:33.769+0000] {dagbag.py:537} INFO - Filling up the DagBag from /home/airflow/.local/lib/python3.7/site-packages/airflow/example_dags/tutorial_taskflow_api_virtualenv.py
[2024-07-26T07:10:33.784+0000] {processor.py:766} INFO - DAG(s) dict_keys(['tutorial_taskflow_api_virtualenv']) retrieved from /home/airflow/.local/lib/python3.7/site-packages/airflow/example_dags/tutorial_taskflow_api_virtualenv.py
[2024-07-26T07:10:33.819+0000] {logging_mixin.py:120} INFO - [2024-07-26T07:10:33.818+0000] {dag.py:2585} INFO - Sync 1 DAGs
[2024-07-26T07:10:33.834+0000] {logging_mixin.py:120} INFO - [2024-07-26T07:10:33.834+0000] {dag.py:3340} INFO - Setting next_dagrun for tutorial_taskflow_api_virtualenv to None, run_after=None
[2024-07-26T07:10:33.856+0000] {processor.py:176} INFO - Processing /home/airflow/.local/lib/python3.7/site-packages/airflow/example_dags/tutorial_taskflow_api_virtualenv.py took 0.091 seconds
[2024-07-26T08:11:48.059+0000] {processor.py:154} INFO - Started process (PID=6951) to work on /home/airflow/.local/lib/python3.7/site-packages/airflow/example_dags/tutorial_taskflow_api_virtualenv.py
[2024-07-26T08:11:48.062+0000] {processor.py:756} INFO - Processing file /home/airflow/.local/lib/python3.7/site-packages/airflow/example_dags/tutorial_taskflow_api_virtualenv.py for tasks to queue
[2024-07-26T08:11:48.063+0000] {logging_mixin.py:120} INFO - [2024-07-26T08:11:48.063+0000] {dagbag.py:537} INFO - Filling up the DagBag from /home/airflow/.local/lib/python3.7/site-packages/airflow/example_dags/tutorial_taskflow_api_virtualenv.py
[2024-07-26T08:11:48.079+0000] {processor.py:766} INFO - DAG(s) dict_keys(['tutorial_taskflow_api_virtualenv']) retrieved from /home/airflow/.local/lib/python3.7/site-packages/airflow/example_dags/tutorial_taskflow_api_virtualenv.py
[2024-07-26T08:11:48.109+0000] {logging_mixin.py:120} INFO - [2024-07-26T08:11:48.109+0000] {dag.py:2585} INFO - Sync 1 DAGs
[2024-07-26T08:11:48.122+0000] {logging_mixin.py:120} INFO - [2024-07-26T08:11:48.122+0000] {dag.py:3340} INFO - Setting next_dagrun for tutorial_taskflow_api_virtualenv to None, run_after=None
[2024-07-26T08:11:48.142+0000] {processor.py:176} INFO - Processing /home/airflow/.local/lib/python3.7/site-packages/airflow/example_dags/tutorial_taskflow_api_virtualenv.py took 0.085 seconds
[2024-07-26T08:36:11.931+0000] {processor.py:154} INFO - Started process (PID=7015) to work on /home/airflow/.local/lib/python3.7/site-packages/airflow/example_dags/tutorial_taskflow_api_virtualenv.py
[2024-07-26T08:36:11.933+0000] {processor.py:756} INFO - Processing file /home/airflow/.local/lib/python3.7/site-packages/airflow/example_dags/tutorial_taskflow_api_virtualenv.py for tasks to queue
[2024-07-26T08:36:11.934+0000] {logging_mixin.py:120} INFO - [2024-07-26T08:36:11.934+0000] {dagbag.py:537} INFO - Filling up the DagBag from /home/airflow/.local/lib/python3.7/site-packages/airflow/example_dags/tutorial_taskflow_api_virtualenv.py
[2024-07-26T08:36:11.947+0000] {processor.py:766} INFO - DAG(s) dict_keys(['tutorial_taskflow_api_virtualenv']) retrieved from /home/airflow/.local/lib/python3.7/site-packages/airflow/example_dags/tutorial_taskflow_api_virtualenv.py
[2024-07-26T08:36:11.978+0000] {logging_mixin.py:120} INFO - [2024-07-26T08:36:11.978+0000] {dag.py:2585} INFO - Sync 1 DAGs
[2024-07-26T08:36:11.994+0000] {logging_mixin.py:120} INFO - [2024-07-26T08:36:11.994+0000] {dag.py:3340} INFO - Setting next_dagrun for tutorial_taskflow_api_virtualenv to None, run_after=None
[2024-07-26T08:36:12.010+0000] {processor.py:176} INFO - Processing /home/airflow/.local/lib/python3.7/site-packages/airflow/example_dags/tutorial_taskflow_api_virtualenv.py took 0.084 seconds
[2024-07-26T09:29:26.462+0000] {processor.py:154} INFO - Started process (PID=7079) to work on /home/airflow/.local/lib/python3.7/site-packages/airflow/example_dags/tutorial_taskflow_api_virtualenv.py
[2024-07-26T09:29:26.466+0000] {processor.py:756} INFO - Processing file /home/airflow/.local/lib/python3.7/site-packages/airflow/example_dags/tutorial_taskflow_api_virtualenv.py for tasks to queue
[2024-07-26T09:29:26.467+0000] {logging_mixin.py:120} INFO - [2024-07-26T09:29:26.467+0000] {dagbag.py:537} INFO - Filling up the DagBag from /home/airflow/.local/lib/python3.7/site-packages/airflow/example_dags/tutorial_taskflow_api_virtualenv.py
[2024-07-26T09:29:26.481+0000] {processor.py:766} INFO - DAG(s) dict_keys(['tutorial_taskflow_api_virtualenv']) retrieved from /home/airflow/.local/lib/python3.7/site-packages/airflow/example_dags/tutorial_taskflow_api_virtualenv.py
[2024-07-26T09:29:26.522+0000] {logging_mixin.py:120} INFO - [2024-07-26T09:29:26.521+0000] {dag.py:2585} INFO - Sync 1 DAGs
[2024-07-26T09:29:26.537+0000] {logging_mixin.py:120} INFO - [2024-07-26T09:29:26.537+0000] {dag.py:3340} INFO - Setting next_dagrun for tutorial_taskflow_api_virtualenv to None, run_after=None
[2024-07-26T09:29:26.556+0000] {processor.py:176} INFO - Processing /home/airflow/.local/lib/python3.7/site-packages/airflow/example_dags/tutorial_taskflow_api_virtualenv.py took 0.096 seconds
[2024-07-26T10:30:31.002+0000] {processor.py:154} INFO - Started process (PID=7134) to work on /home/airflow/.local/lib/python3.7/site-packages/airflow/example_dags/tutorial_taskflow_api_virtualenv.py
[2024-07-26T10:30:31.003+0000] {processor.py:756} INFO - Processing file /home/airflow/.local/lib/python3.7/site-packages/airflow/example_dags/tutorial_taskflow_api_virtualenv.py for tasks to queue
[2024-07-26T10:30:31.006+0000] {logging_mixin.py:120} INFO - [2024-07-26T10:30:31.006+0000] {dagbag.py:537} INFO - Filling up the DagBag from /home/airflow/.local/lib/python3.7/site-packages/airflow/example_dags/tutorial_taskflow_api_virtualenv.py
[2024-07-26T10:30:31.019+0000] {processor.py:766} INFO - DAG(s) dict_keys(['tutorial_taskflow_api_virtualenv']) retrieved from /home/airflow/.local/lib/python3.7/site-packages/airflow/example_dags/tutorial_taskflow_api_virtualenv.py
[2024-07-26T10:30:31.052+0000] {logging_mixin.py:120} INFO - [2024-07-26T10:30:31.052+0000] {dag.py:2585} INFO - Sync 1 DAGs
[2024-07-26T10:30:31.069+0000] {logging_mixin.py:120} INFO - [2024-07-26T10:30:31.069+0000] {dag.py:3340} INFO - Setting next_dagrun for tutorial_taskflow_api_virtualenv to None, run_after=None
[2024-07-26T10:30:31.085+0000] {processor.py:176} INFO - Processing /home/airflow/.local/lib/python3.7/site-packages/airflow/example_dags/tutorial_taskflow_api_virtualenv.py took 0.085 seconds
[2024-07-26T10:39:56.899+0000] {processor.py:154} INFO - Started process (PID=7198) to work on /home/airflow/.local/lib/python3.7/site-packages/airflow/example_dags/tutorial_taskflow_api_virtualenv.py
[2024-07-26T10:39:56.900+0000] {processor.py:756} INFO - Processing file /home/airflow/.local/lib/python3.7/site-packages/airflow/example_dags/tutorial_taskflow_api_virtualenv.py for tasks to queue
[2024-07-26T10:39:56.901+0000] {logging_mixin.py:120} INFO - [2024-07-26T10:39:56.901+0000] {dagbag.py:537} INFO - Filling up the DagBag from /home/airflow/.local/lib/python3.7/site-packages/airflow/example_dags/tutorial_taskflow_api_virtualenv.py
[2024-07-26T10:39:56.919+0000] {processor.py:766} INFO - DAG(s) dict_keys(['tutorial_taskflow_api_virtualenv']) retrieved from /home/airflow/.local/lib/python3.7/site-packages/airflow/example_dags/tutorial_taskflow_api_virtualenv.py
[2024-07-26T10:39:56.946+0000] {logging_mixin.py:120} INFO - [2024-07-26T10:39:56.945+0000] {dag.py:2585} INFO - Sync 1 DAGs
[2024-07-26T10:39:56.963+0000] {logging_mixin.py:120} INFO - [2024-07-26T10:39:56.963+0000] {dag.py:3340} INFO - Setting next_dagrun for tutorial_taskflow_api_virtualenv to None, run_after=None
[2024-07-26T10:39:56.981+0000] {processor.py:176} INFO - Processing /home/airflow/.local/lib/python3.7/site-packages/airflow/example_dags/tutorial_taskflow_api_virtualenv.py took 0.086 seconds
[2024-07-26T11:48:30.941+0000] {processor.py:154} INFO - Started process (PID=7262) to work on /home/airflow/.local/lib/python3.7/site-packages/airflow/example_dags/tutorial_taskflow_api_virtualenv.py
[2024-07-26T11:48:30.941+0000] {processor.py:756} INFO - Processing file /home/airflow/.local/lib/python3.7/site-packages/airflow/example_dags/tutorial_taskflow_api_virtualenv.py for tasks to queue
[2024-07-26T11:48:30.942+0000] {logging_mixin.py:120} INFO - [2024-07-26T11:48:30.942+0000] {dagbag.py:537} INFO - Filling up the DagBag from /home/airflow/.local/lib/python3.7/site-packages/airflow/example_dags/tutorial_taskflow_api_virtualenv.py
[2024-07-26T11:48:30.957+0000] {processor.py:766} INFO - DAG(s) dict_keys(['tutorial_taskflow_api_virtualenv']) retrieved from /home/airflow/.local/lib/python3.7/site-packages/airflow/example_dags/tutorial_taskflow_api_virtualenv.py
[2024-07-26T11:48:30.991+0000] {logging_mixin.py:120} INFO - [2024-07-26T11:48:30.990+0000] {dag.py:2585} INFO - Sync 1 DAGs
[2024-07-26T11:48:31.012+0000] {logging_mixin.py:120} INFO - [2024-07-26T11:48:31.011+0000] {dag.py:3340} INFO - Setting next_dagrun for tutorial_taskflow_api_virtualenv to None, run_after=None
[2024-07-26T11:48:31.032+0000] {processor.py:176} INFO - Processing /home/airflow/.local/lib/python3.7/site-packages/airflow/example_dags/tutorial_taskflow_api_virtualenv.py took 0.093 seconds
[2024-07-26T12:13:06.210+0000] {processor.py:154} INFO - Started process (PID=7326) to work on /home/airflow/.local/lib/python3.7/site-packages/airflow/example_dags/tutorial_taskflow_api_virtualenv.py
[2024-07-26T12:13:06.215+0000] {processor.py:756} INFO - Processing file /home/airflow/.local/lib/python3.7/site-packages/airflow/example_dags/tutorial_taskflow_api_virtualenv.py for tasks to queue
[2024-07-26T12:13:06.218+0000] {logging_mixin.py:120} INFO - [2024-07-26T12:13:06.218+0000] {dagbag.py:537} INFO - Filling up the DagBag from /home/airflow/.local/lib/python3.7/site-packages/airflow/example_dags/tutorial_taskflow_api_virtualenv.py
[2024-07-26T12:13:06.241+0000] {processor.py:766} INFO - DAG(s) dict_keys(['tutorial_taskflow_api_virtualenv']) retrieved from /home/airflow/.local/lib/python3.7/site-packages/airflow/example_dags/tutorial_taskflow_api_virtualenv.py
[2024-07-26T12:13:06.284+0000] {logging_mixin.py:120} INFO - [2024-07-26T12:13:06.284+0000] {dag.py:2585} INFO - Sync 1 DAGs
[2024-07-26T12:13:06.309+0000] {logging_mixin.py:120} INFO - [2024-07-26T12:13:06.308+0000] {dag.py:3340} INFO - Setting next_dagrun for tutorial_taskflow_api_virtualenv to None, run_after=None
[2024-07-26T12:13:06.325+0000] {processor.py:176} INFO - Processing /home/airflow/.local/lib/python3.7/site-packages/airflow/example_dags/tutorial_taskflow_api_virtualenv.py took 0.117 seconds
[2024-07-26T12:19:26.184+0000] {processor.py:154} INFO - Started process (PID=7381) to work on /home/airflow/.local/lib/python3.7/site-packages/airflow/example_dags/tutorial_taskflow_api_virtualenv.py
[2024-07-26T12:19:26.192+0000] {processor.py:756} INFO - Processing file /home/airflow/.local/lib/python3.7/site-packages/airflow/example_dags/tutorial_taskflow_api_virtualenv.py for tasks to queue
[2024-07-26T12:19:26.193+0000] {logging_mixin.py:120} INFO - [2024-07-26T12:19:26.193+0000] {dagbag.py:537} INFO - Filling up the DagBag from /home/airflow/.local/lib/python3.7/site-packages/airflow/example_dags/tutorial_taskflow_api_virtualenv.py
[2024-07-26T12:19:26.214+0000] {processor.py:766} INFO - DAG(s) dict_keys(['tutorial_taskflow_api_virtualenv']) retrieved from /home/airflow/.local/lib/python3.7/site-packages/airflow/example_dags/tutorial_taskflow_api_virtualenv.py
[2024-07-26T12:19:26.281+0000] {logging_mixin.py:120} INFO - [2024-07-26T12:19:26.281+0000] {dag.py:2585} INFO - Sync 1 DAGs
[2024-07-26T12:19:26.320+0000] {logging_mixin.py:120} INFO - [2024-07-26T12:19:26.320+0000] {dag.py:3340} INFO - Setting next_dagrun for tutorial_taskflow_api_virtualenv to None, run_after=None
[2024-07-26T12:19:26.346+0000] {processor.py:176} INFO - Processing /home/airflow/.local/lib/python3.7/site-packages/airflow/example_dags/tutorial_taskflow_api_virtualenv.py took 0.165 seconds
[2024-07-26T13:00:08.797+0000] {processor.py:154} INFO - Started process (PID=7444) to work on /home/airflow/.local/lib/python3.7/site-packages/airflow/example_dags/tutorial_taskflow_api_virtualenv.py
[2024-07-26T13:00:08.799+0000] {processor.py:756} INFO - Processing file /home/airflow/.local/lib/python3.7/site-packages/airflow/example_dags/tutorial_taskflow_api_virtualenv.py for tasks to queue
[2024-07-26T13:00:08.800+0000] {logging_mixin.py:120} INFO - [2024-07-26T13:00:08.799+0000] {dagbag.py:537} INFO - Filling up the DagBag from /home/airflow/.local/lib/python3.7/site-packages/airflow/example_dags/tutorial_taskflow_api_virtualenv.py
[2024-07-26T13:00:08.828+0000] {processor.py:766} INFO - DAG(s) dict_keys(['tutorial_taskflow_api_virtualenv']) retrieved from /home/airflow/.local/lib/python3.7/site-packages/airflow/example_dags/tutorial_taskflow_api_virtualenv.py
[2024-07-26T13:00:08.886+0000] {logging_mixin.py:120} INFO - [2024-07-26T13:00:08.886+0000] {dag.py:2585} INFO - Sync 1 DAGs
[2024-07-26T13:00:08.913+0000] {logging_mixin.py:120} INFO - [2024-07-26T13:00:08.913+0000] {dag.py:3340} INFO - Setting next_dagrun for tutorial_taskflow_api_virtualenv to None, run_after=None
[2024-07-26T13:00:08.959+0000] {processor.py:176} INFO - Processing /home/airflow/.local/lib/python3.7/site-packages/airflow/example_dags/tutorial_taskflow_api_virtualenv.py took 0.166 seconds
[2024-07-26T13:12:28.117+0000] {processor.py:154} INFO - Started process (PID=7508) to work on /home/airflow/.local/lib/python3.7/site-packages/airflow/example_dags/tutorial_taskflow_api_virtualenv.py
[2024-07-26T13:12:28.119+0000] {processor.py:756} INFO - Processing file /home/airflow/.local/lib/python3.7/site-packages/airflow/example_dags/tutorial_taskflow_api_virtualenv.py for tasks to queue
[2024-07-26T13:12:28.119+0000] {logging_mixin.py:120} INFO - [2024-07-26T13:12:28.119+0000] {dagbag.py:537} INFO - Filling up the DagBag from /home/airflow/.local/lib/python3.7/site-packages/airflow/example_dags/tutorial_taskflow_api_virtualenv.py
[2024-07-26T13:12:28.136+0000] {processor.py:766} INFO - DAG(s) dict_keys(['tutorial_taskflow_api_virtualenv']) retrieved from /home/airflow/.local/lib/python3.7/site-packages/airflow/example_dags/tutorial_taskflow_api_virtualenv.py
[2024-07-26T13:12:28.171+0000] {logging_mixin.py:120} INFO - [2024-07-26T13:12:28.171+0000] {dag.py:2585} INFO - Sync 1 DAGs
[2024-07-26T13:12:28.200+0000] {logging_mixin.py:120} INFO - [2024-07-26T13:12:28.199+0000] {dag.py:3340} INFO - Setting next_dagrun for tutorial_taskflow_api_virtualenv to None, run_after=None
[2024-07-26T13:12:28.216+0000] {processor.py:176} INFO - Processing /home/airflow/.local/lib/python3.7/site-packages/airflow/example_dags/tutorial_taskflow_api_virtualenv.py took 0.100 seconds
[2024-07-26T13:43:22.239+0000] {processor.py:154} INFO - Started process (PID=7572) to work on /home/airflow/.local/lib/python3.7/site-packages/airflow/example_dags/tutorial_taskflow_api_virtualenv.py
[2024-07-26T13:43:22.245+0000] {processor.py:756} INFO - Processing file /home/airflow/.local/lib/python3.7/site-packages/airflow/example_dags/tutorial_taskflow_api_virtualenv.py for tasks to queue
[2024-07-26T13:43:22.247+0000] {logging_mixin.py:120} INFO - [2024-07-26T13:43:22.247+0000] {dagbag.py:537} INFO - Filling up the DagBag from /home/airflow/.local/lib/python3.7/site-packages/airflow/example_dags/tutorial_taskflow_api_virtualenv.py
[2024-07-26T13:43:22.284+0000] {processor.py:766} INFO - DAG(s) dict_keys(['tutorial_taskflow_api_virtualenv']) retrieved from /home/airflow/.local/lib/python3.7/site-packages/airflow/example_dags/tutorial_taskflow_api_virtualenv.py
[2024-07-26T13:43:22.315+0000] {logging_mixin.py:120} INFO - [2024-07-26T13:43:22.315+0000] {dag.py:2585} INFO - Sync 1 DAGs
[2024-07-26T13:43:22.335+0000] {logging_mixin.py:120} INFO - [2024-07-26T13:43:22.335+0000] {dag.py:3340} INFO - Setting next_dagrun for tutorial_taskflow_api_virtualenv to None, run_after=None
[2024-07-26T13:43:22.353+0000] {processor.py:176} INFO - Processing /home/airflow/.local/lib/python3.7/site-packages/airflow/example_dags/tutorial_taskflow_api_virtualenv.py took 0.115 seconds
[2024-07-26T13:46:54.056+0000] {processor.py:154} INFO - Started process (PID=7636) to work on /home/airflow/.local/lib/python3.7/site-packages/airflow/example_dags/tutorial_taskflow_api_virtualenv.py
[2024-07-26T13:46:54.057+0000] {processor.py:756} INFO - Processing file /home/airflow/.local/lib/python3.7/site-packages/airflow/example_dags/tutorial_taskflow_api_virtualenv.py for tasks to queue
[2024-07-26T13:46:54.058+0000] {logging_mixin.py:120} INFO - [2024-07-26T13:46:54.058+0000] {dagbag.py:537} INFO - Filling up the DagBag from /home/airflow/.local/lib/python3.7/site-packages/airflow/example_dags/tutorial_taskflow_api_virtualenv.py
[2024-07-26T13:46:54.073+0000] {processor.py:766} INFO - DAG(s) dict_keys(['tutorial_taskflow_api_virtualenv']) retrieved from /home/airflow/.local/lib/python3.7/site-packages/airflow/example_dags/tutorial_taskflow_api_virtualenv.py
[2024-07-26T13:46:54.122+0000] {logging_mixin.py:120} INFO - [2024-07-26T13:46:54.122+0000] {dag.py:2585} INFO - Sync 1 DAGs
[2024-07-26T13:46:54.144+0000] {logging_mixin.py:120} INFO - [2024-07-26T13:46:54.144+0000] {dag.py:3340} INFO - Setting next_dagrun for tutorial_taskflow_api_virtualenv to None, run_after=None
[2024-07-26T13:46:54.174+0000] {processor.py:176} INFO - Processing /home/airflow/.local/lib/python3.7/site-packages/airflow/example_dags/tutorial_taskflow_api_virtualenv.py took 0.120 seconds
[2024-07-26T13:52:23.605+0000] {processor.py:154} INFO - Started process (PID=7691) to work on /home/airflow/.local/lib/python3.7/site-packages/airflow/example_dags/tutorial_taskflow_api_virtualenv.py
[2024-07-26T13:52:23.614+0000] {processor.py:756} INFO - Processing file /home/airflow/.local/lib/python3.7/site-packages/airflow/example_dags/tutorial_taskflow_api_virtualenv.py for tasks to queue
[2024-07-26T13:52:23.615+0000] {logging_mixin.py:120} INFO - [2024-07-26T13:52:23.615+0000] {dagbag.py:537} INFO - Filling up the DagBag from /home/airflow/.local/lib/python3.7/site-packages/airflow/example_dags/tutorial_taskflow_api_virtualenv.py
[2024-07-26T13:52:23.639+0000] {processor.py:766} INFO - DAG(s) dict_keys(['tutorial_taskflow_api_virtualenv']) retrieved from /home/airflow/.local/lib/python3.7/site-packages/airflow/example_dags/tutorial_taskflow_api_virtualenv.py
[2024-07-26T13:52:23.704+0000] {logging_mixin.py:120} INFO - [2024-07-26T13:52:23.704+0000] {dag.py:2585} INFO - Sync 1 DAGs
[2024-07-26T13:52:23.732+0000] {logging_mixin.py:120} INFO - [2024-07-26T13:52:23.732+0000] {dag.py:3340} INFO - Setting next_dagrun for tutorial_taskflow_api_virtualenv to None, run_after=None
[2024-07-26T13:52:23.765+0000] {processor.py:176} INFO - Processing /home/airflow/.local/lib/python3.7/site-packages/airflow/example_dags/tutorial_taskflow_api_virtualenv.py took 0.168 seconds
[2024-07-26T13:54:21.361+0000] {processor.py:154} INFO - Started process (PID=7755) to work on /home/airflow/.local/lib/python3.7/site-packages/airflow/example_dags/tutorial_taskflow_api_virtualenv.py
[2024-07-26T13:54:21.363+0000] {processor.py:756} INFO - Processing file /home/airflow/.local/lib/python3.7/site-packages/airflow/example_dags/tutorial_taskflow_api_virtualenv.py for tasks to queue
[2024-07-26T13:54:21.363+0000] {logging_mixin.py:120} INFO - [2024-07-26T13:54:21.363+0000] {dagbag.py:537} INFO - Filling up the DagBag from /home/airflow/.local/lib/python3.7/site-packages/airflow/example_dags/tutorial_taskflow_api_virtualenv.py
[2024-07-26T13:54:21.374+0000] {processor.py:766} INFO - DAG(s) dict_keys(['tutorial_taskflow_api_virtualenv']) retrieved from /home/airflow/.local/lib/python3.7/site-packages/airflow/example_dags/tutorial_taskflow_api_virtualenv.py
[2024-07-26T13:54:21.400+0000] {logging_mixin.py:120} INFO - [2024-07-26T13:54:21.400+0000] {dag.py:2585} INFO - Sync 1 DAGs
[2024-07-26T13:54:21.414+0000] {logging_mixin.py:120} INFO - [2024-07-26T13:54:21.413+0000] {dag.py:3340} INFO - Setting next_dagrun for tutorial_taskflow_api_virtualenv to None, run_after=None
[2024-07-26T13:54:21.425+0000] {processor.py:176} INFO - Processing /home/airflow/.local/lib/python3.7/site-packages/airflow/example_dags/tutorial_taskflow_api_virtualenv.py took 0.065 seconds
[2024-07-26T13:55:29.476+0000] {processor.py:154} INFO - Started process (PID=7819) to work on /home/airflow/.local/lib/python3.7/site-packages/airflow/example_dags/tutorial_taskflow_api_virtualenv.py
[2024-07-26T13:55:29.480+0000] {processor.py:756} INFO - Processing file /home/airflow/.local/lib/python3.7/site-packages/airflow/example_dags/tutorial_taskflow_api_virtualenv.py for tasks to queue
[2024-07-26T13:55:29.480+0000] {logging_mixin.py:120} INFO - [2024-07-26T13:55:29.480+0000] {dagbag.py:537} INFO - Filling up the DagBag from /home/airflow/.local/lib/python3.7/site-packages/airflow/example_dags/tutorial_taskflow_api_virtualenv.py
[2024-07-26T13:55:29.493+0000] {processor.py:766} INFO - DAG(s) dict_keys(['tutorial_taskflow_api_virtualenv']) retrieved from /home/airflow/.local/lib/python3.7/site-packages/airflow/example_dags/tutorial_taskflow_api_virtualenv.py
[2024-07-26T13:55:29.520+0000] {logging_mixin.py:120} INFO - [2024-07-26T13:55:29.520+0000] {dag.py:2585} INFO - Sync 1 DAGs
[2024-07-26T13:55:29.535+0000] {logging_mixin.py:120} INFO - [2024-07-26T13:55:29.535+0000] {dag.py:3340} INFO - Setting next_dagrun for tutorial_taskflow_api_virtualenv to None, run_after=None
[2024-07-26T13:55:29.545+0000] {processor.py:176} INFO - Processing /home/airflow/.local/lib/python3.7/site-packages/airflow/example_dags/tutorial_taskflow_api_virtualenv.py took 0.071 seconds
[2024-07-26T14:05:32.086+0000] {processor.py:154} INFO - Started process (PID=7883) to work on /home/airflow/.local/lib/python3.7/site-packages/airflow/example_dags/tutorial_taskflow_api_virtualenv.py
[2024-07-26T14:05:32.095+0000] {processor.py:756} INFO - Processing file /home/airflow/.local/lib/python3.7/site-packages/airflow/example_dags/tutorial_taskflow_api_virtualenv.py for tasks to queue
[2024-07-26T14:05:32.096+0000] {logging_mixin.py:120} INFO - [2024-07-26T14:05:32.096+0000] {dagbag.py:537} INFO - Filling up the DagBag from /home/airflow/.local/lib/python3.7/site-packages/airflow/example_dags/tutorial_taskflow_api_virtualenv.py
[2024-07-26T14:05:32.127+0000] {processor.py:766} INFO - DAG(s) dict_keys(['tutorial_taskflow_api_virtualenv']) retrieved from /home/airflow/.local/lib/python3.7/site-packages/airflow/example_dags/tutorial_taskflow_api_virtualenv.py
[2024-07-26T14:05:32.161+0000] {logging_mixin.py:120} INFO - [2024-07-26T14:05:32.161+0000] {dag.py:2585} INFO - Sync 1 DAGs
[2024-07-26T14:05:32.186+0000] {logging_mixin.py:120} INFO - [2024-07-26T14:05:32.186+0000] {dag.py:3340} INFO - Setting next_dagrun for tutorial_taskflow_api_virtualenv to None, run_after=None
[2024-07-26T14:05:32.280+0000] {processor.py:176} INFO - Processing /home/airflow/.local/lib/python3.7/site-packages/airflow/example_dags/tutorial_taskflow_api_virtualenv.py took 0.203 seconds
[2024-07-26T14:06:20.332+0000] {processor.py:154} INFO - Started process (PID=7946) to work on /home/airflow/.local/lib/python3.7/site-packages/airflow/example_dags/tutorial_taskflow_api_virtualenv.py
[2024-07-26T14:06:20.333+0000] {processor.py:756} INFO - Processing file /home/airflow/.local/lib/python3.7/site-packages/airflow/example_dags/tutorial_taskflow_api_virtualenv.py for tasks to queue
[2024-07-26T14:06:20.333+0000] {logging_mixin.py:120} INFO - [2024-07-26T14:06:20.333+0000] {dagbag.py:537} INFO - Filling up the DagBag from /home/airflow/.local/lib/python3.7/site-packages/airflow/example_dags/tutorial_taskflow_api_virtualenv.py
[2024-07-26T14:06:20.347+0000] {processor.py:766} INFO - DAG(s) dict_keys(['tutorial_taskflow_api_virtualenv']) retrieved from /home/airflow/.local/lib/python3.7/site-packages/airflow/example_dags/tutorial_taskflow_api_virtualenv.py
[2024-07-26T14:06:20.378+0000] {logging_mixin.py:120} INFO - [2024-07-26T14:06:20.378+0000] {dag.py:2585} INFO - Sync 1 DAGs
[2024-07-26T14:06:20.396+0000] {logging_mixin.py:120} INFO - [2024-07-26T14:06:20.396+0000] {dag.py:3340} INFO - Setting next_dagrun for tutorial_taskflow_api_virtualenv to None, run_after=None
[2024-07-26T14:06:20.413+0000] {processor.py:176} INFO - Processing /home/airflow/.local/lib/python3.7/site-packages/airflow/example_dags/tutorial_taskflow_api_virtualenv.py took 0.084 seconds
