[2024-07-26T00:02:53.021+0000] {processor.py:154} INFO - Started process (PID=4765) to work on /home/airflow/.local/lib/python3.7/site-packages/airflow/example_dags/tutorial.py
[2024-07-26T00:02:53.022+0000] {processor.py:756} INFO - Processing file /home/airflow/.local/lib/python3.7/site-packages/airflow/example_dags/tutorial.py for tasks to queue
[2024-07-26T00:02:53.023+0000] {logging_mixin.py:120} INFO - [2024-07-26T00:02:53.023+0000] {dagbag.py:537} INFO - Filling up the DagBag from /home/airflow/.local/lib/python3.7/site-packages/airflow/example_dags/tutorial.py
[2024-07-26T00:02:53.035+0000] {processor.py:766} INFO - DAG(s) dict_keys(['tutorial']) retrieved from /home/airflow/.local/lib/python3.7/site-packages/airflow/example_dags/tutorial.py
[2024-07-26T00:02:53.088+0000] {logging_mixin.py:120} INFO - [2024-07-26T00:02:53.088+0000] {dag.py:2585} INFO - Sync 1 DAGs
[2024-07-26T00:02:53.128+0000] {logging_mixin.py:120} INFO - [2024-07-26T00:02:53.128+0000] {dag.py:3340} INFO - Setting next_dagrun for tutorial to 2024-07-25T00:02:53.127702+00:00, run_after=2024-07-26T00:02:53.127702+00:00
[2024-07-26T00:02:53.157+0000] {processor.py:176} INFO - Processing /home/airflow/.local/lib/python3.7/site-packages/airflow/example_dags/tutorial.py took 0.139 seconds
[2024-07-26T00:16:05.973+0000] {processor.py:154} INFO - Started process (PID=4829) to work on /home/airflow/.local/lib/python3.7/site-packages/airflow/example_dags/tutorial.py
[2024-07-26T00:16:05.975+0000] {processor.py:756} INFO - Processing file /home/airflow/.local/lib/python3.7/site-packages/airflow/example_dags/tutorial.py for tasks to queue
[2024-07-26T00:16:05.976+0000] {logging_mixin.py:120} INFO - [2024-07-26T00:16:05.976+0000] {dagbag.py:537} INFO - Filling up the DagBag from /home/airflow/.local/lib/python3.7/site-packages/airflow/example_dags/tutorial.py
[2024-07-26T00:16:05.984+0000] {processor.py:766} INFO - DAG(s) dict_keys(['tutorial']) retrieved from /home/airflow/.local/lib/python3.7/site-packages/airflow/example_dags/tutorial.py
[2024-07-26T00:16:06.011+0000] {logging_mixin.py:120} INFO - [2024-07-26T00:16:06.011+0000] {dag.py:2585} INFO - Sync 1 DAGs
[2024-07-26T00:16:06.027+0000] {logging_mixin.py:120} INFO - [2024-07-26T00:16:06.027+0000] {dag.py:3340} INFO - Setting next_dagrun for tutorial to 2024-07-25T00:16:06.027552+00:00, run_after=2024-07-26T00:16:06.027552+00:00
[2024-07-26T00:16:06.042+0000] {processor.py:176} INFO - Processing /home/airflow/.local/lib/python3.7/site-packages/airflow/example_dags/tutorial.py took 0.070 seconds
[2024-07-26T00:40:51.476+0000] {processor.py:154} INFO - Started process (PID=4893) to work on /home/airflow/.local/lib/python3.7/site-packages/airflow/example_dags/tutorial.py
[2024-07-26T00:40:51.480+0000] {processor.py:756} INFO - Processing file /home/airflow/.local/lib/python3.7/site-packages/airflow/example_dags/tutorial.py for tasks to queue
[2024-07-26T00:40:51.481+0000] {logging_mixin.py:120} INFO - [2024-07-26T00:40:51.481+0000] {dagbag.py:537} INFO - Filling up the DagBag from /home/airflow/.local/lib/python3.7/site-packages/airflow/example_dags/tutorial.py
[2024-07-26T00:40:51.497+0000] {processor.py:766} INFO - DAG(s) dict_keys(['tutorial']) retrieved from /home/airflow/.local/lib/python3.7/site-packages/airflow/example_dags/tutorial.py
[2024-07-26T00:40:51.544+0000] {logging_mixin.py:120} INFO - [2024-07-26T00:40:51.544+0000] {dag.py:2585} INFO - Sync 1 DAGs
[2024-07-26T00:40:51.562+0000] {logging_mixin.py:120} INFO - [2024-07-26T00:40:51.562+0000] {dag.py:3340} INFO - Setting next_dagrun for tutorial to 2024-07-25T00:40:51.562549+00:00, run_after=2024-07-26T00:40:51.562549+00:00
[2024-07-26T00:40:51.580+0000] {processor.py:176} INFO - Processing /home/airflow/.local/lib/python3.7/site-packages/airflow/example_dags/tutorial.py took 0.108 seconds
[2024-07-26T01:30:32.130+0000] {processor.py:154} INFO - Started process (PID=4957) to work on /home/airflow/.local/lib/python3.7/site-packages/airflow/example_dags/tutorial.py
[2024-07-26T01:30:32.132+0000] {processor.py:756} INFO - Processing file /home/airflow/.local/lib/python3.7/site-packages/airflow/example_dags/tutorial.py for tasks to queue
[2024-07-26T01:30:32.132+0000] {logging_mixin.py:120} INFO - [2024-07-26T01:30:32.132+0000] {dagbag.py:537} INFO - Filling up the DagBag from /home/airflow/.local/lib/python3.7/site-packages/airflow/example_dags/tutorial.py
[2024-07-26T01:30:32.143+0000] {processor.py:766} INFO - DAG(s) dict_keys(['tutorial']) retrieved from /home/airflow/.local/lib/python3.7/site-packages/airflow/example_dags/tutorial.py
[2024-07-26T01:30:32.170+0000] {logging_mixin.py:120} INFO - [2024-07-26T01:30:32.170+0000] {dag.py:2585} INFO - Sync 1 DAGs
[2024-07-26T01:30:32.188+0000] {logging_mixin.py:120} INFO - [2024-07-26T01:30:32.188+0000] {dag.py:3340} INFO - Setting next_dagrun for tutorial to 2024-07-25T01:30:32.188657+00:00, run_after=2024-07-26T01:30:32.188657+00:00
[2024-07-26T01:30:32.207+0000] {processor.py:176} INFO - Processing /home/airflow/.local/lib/python3.7/site-packages/airflow/example_dags/tutorial.py took 0.078 seconds
[2024-07-26T02:00:28.248+0000] {processor.py:154} INFO - Started process (PID=5021) to work on /home/airflow/.local/lib/python3.7/site-packages/airflow/example_dags/tutorial.py
[2024-07-26T02:00:28.251+0000] {processor.py:756} INFO - Processing file /home/airflow/.local/lib/python3.7/site-packages/airflow/example_dags/tutorial.py for tasks to queue
[2024-07-26T02:00:28.256+0000] {logging_mixin.py:120} INFO - [2024-07-26T02:00:28.256+0000] {dagbag.py:537} INFO - Filling up the DagBag from /home/airflow/.local/lib/python3.7/site-packages/airflow/example_dags/tutorial.py
[2024-07-26T02:00:28.277+0000] {processor.py:766} INFO - DAG(s) dict_keys(['tutorial']) retrieved from /home/airflow/.local/lib/python3.7/site-packages/airflow/example_dags/tutorial.py
[2024-07-26T02:00:28.340+0000] {logging_mixin.py:120} INFO - [2024-07-26T02:00:28.340+0000] {dag.py:2585} INFO - Sync 1 DAGs
[2024-07-26T02:00:28.368+0000] {logging_mixin.py:120} INFO - [2024-07-26T02:00:28.368+0000] {dag.py:3340} INFO - Setting next_dagrun for tutorial to 2024-07-25T02:00:28.368318+00:00, run_after=2024-07-26T02:00:28.368318+00:00
[2024-07-26T02:00:28.395+0000] {processor.py:176} INFO - Processing /home/airflow/.local/lib/python3.7/site-packages/airflow/example_dags/tutorial.py took 0.150 seconds
[2024-07-26T02:12:59.951+0000] {processor.py:154} INFO - Started process (PID=5076) to work on /home/airflow/.local/lib/python3.7/site-packages/airflow/example_dags/tutorial.py
[2024-07-26T02:12:59.954+0000] {processor.py:756} INFO - Processing file /home/airflow/.local/lib/python3.7/site-packages/airflow/example_dags/tutorial.py for tasks to queue
[2024-07-26T02:12:59.956+0000] {logging_mixin.py:120} INFO - [2024-07-26T02:12:59.956+0000] {dagbag.py:537} INFO - Filling up the DagBag from /home/airflow/.local/lib/python3.7/site-packages/airflow/example_dags/tutorial.py
[2024-07-26T02:12:59.965+0000] {processor.py:766} INFO - DAG(s) dict_keys(['tutorial']) retrieved from /home/airflow/.local/lib/python3.7/site-packages/airflow/example_dags/tutorial.py
[2024-07-26T02:12:59.997+0000] {logging_mixin.py:120} INFO - [2024-07-26T02:12:59.997+0000] {dag.py:2585} INFO - Sync 1 DAGs
[2024-07-26T02:13:00.019+0000] {logging_mixin.py:120} INFO - [2024-07-26T02:13:00.019+0000] {dag.py:3340} INFO - Setting next_dagrun for tutorial to 2024-07-25T02:13:00.018888+00:00, run_after=2024-07-26T02:13:00.018888+00:00
[2024-07-26T02:13:00.036+0000] {processor.py:176} INFO - Processing /home/airflow/.local/lib/python3.7/site-packages/airflow/example_dags/tutorial.py took 0.087 seconds
[2024-07-26T02:39:10.982+0000] {processor.py:154} INFO - Started process (PID=5139) to work on /home/airflow/.local/lib/python3.7/site-packages/airflow/example_dags/tutorial.py
[2024-07-26T02:39:10.986+0000] {processor.py:756} INFO - Processing file /home/airflow/.local/lib/python3.7/site-packages/airflow/example_dags/tutorial.py for tasks to queue
[2024-07-26T02:39:10.987+0000] {logging_mixin.py:120} INFO - [2024-07-26T02:39:10.987+0000] {dagbag.py:537} INFO - Filling up the DagBag from /home/airflow/.local/lib/python3.7/site-packages/airflow/example_dags/tutorial.py
[2024-07-26T02:39:11.000+0000] {processor.py:766} INFO - DAG(s) dict_keys(['tutorial']) retrieved from /home/airflow/.local/lib/python3.7/site-packages/airflow/example_dags/tutorial.py
[2024-07-26T02:39:11.062+0000] {logging_mixin.py:120} INFO - [2024-07-26T02:39:11.062+0000] {dag.py:2585} INFO - Sync 1 DAGs
[2024-07-26T02:39:11.089+0000] {logging_mixin.py:120} INFO - [2024-07-26T02:39:11.088+0000] {dag.py:3340} INFO - Setting next_dagrun for tutorial to 2024-07-25T02:39:11.088610+00:00, run_after=2024-07-26T02:39:11.088610+00:00
[2024-07-26T02:39:11.131+0000] {processor.py:176} INFO - Processing /home/airflow/.local/lib/python3.7/site-packages/airflow/example_dags/tutorial.py took 0.153 seconds
[2024-07-26T02:58:10.820+0000] {processor.py:154} INFO - Started process (PID=5203) to work on /home/airflow/.local/lib/python3.7/site-packages/airflow/example_dags/tutorial.py
[2024-07-26T02:58:10.823+0000] {processor.py:756} INFO - Processing file /home/airflow/.local/lib/python3.7/site-packages/airflow/example_dags/tutorial.py for tasks to queue
[2024-07-26T02:58:10.824+0000] {logging_mixin.py:120} INFO - [2024-07-26T02:58:10.824+0000] {dagbag.py:537} INFO - Filling up the DagBag from /home/airflow/.local/lib/python3.7/site-packages/airflow/example_dags/tutorial.py
[2024-07-26T02:58:10.836+0000] {processor.py:766} INFO - DAG(s) dict_keys(['tutorial']) retrieved from /home/airflow/.local/lib/python3.7/site-packages/airflow/example_dags/tutorial.py
[2024-07-26T02:58:10.866+0000] {logging_mixin.py:120} INFO - [2024-07-26T02:58:10.866+0000] {dag.py:2585} INFO - Sync 1 DAGs
[2024-07-26T02:58:10.883+0000] {logging_mixin.py:120} INFO - [2024-07-26T02:58:10.882+0000] {dag.py:3340} INFO - Setting next_dagrun for tutorial to 2024-07-25T02:58:10.882819+00:00, run_after=2024-07-26T02:58:10.882819+00:00
[2024-07-26T02:58:10.896+0000] {processor.py:176} INFO - Processing /home/airflow/.local/lib/python3.7/site-packages/airflow/example_dags/tutorial.py took 0.077 seconds
[2024-07-26T03:01:33.350+0000] {processor.py:154} INFO - Started process (PID=5267) to work on /home/airflow/.local/lib/python3.7/site-packages/airflow/example_dags/tutorial.py
[2024-07-26T03:01:33.352+0000] {processor.py:756} INFO - Processing file /home/airflow/.local/lib/python3.7/site-packages/airflow/example_dags/tutorial.py for tasks to queue
[2024-07-26T03:01:33.355+0000] {logging_mixin.py:120} INFO - [2024-07-26T03:01:33.354+0000] {dagbag.py:537} INFO - Filling up the DagBag from /home/airflow/.local/lib/python3.7/site-packages/airflow/example_dags/tutorial.py
[2024-07-26T03:01:33.369+0000] {processor.py:766} INFO - DAG(s) dict_keys(['tutorial']) retrieved from /home/airflow/.local/lib/python3.7/site-packages/airflow/example_dags/tutorial.py
[2024-07-26T03:01:33.418+0000] {logging_mixin.py:120} INFO - [2024-07-26T03:01:33.418+0000] {dag.py:2585} INFO - Sync 1 DAGs
[2024-07-26T03:01:33.451+0000] {logging_mixin.py:120} INFO - [2024-07-26T03:01:33.451+0000] {dag.py:3340} INFO - Setting next_dagrun for tutorial to 2024-07-25T03:01:33.450849+00:00, run_after=2024-07-26T03:01:33.450849+00:00
[2024-07-26T03:01:33.472+0000] {processor.py:176} INFO - Processing /home/airflow/.local/lib/python3.7/site-packages/airflow/example_dags/tutorial.py took 0.125 seconds
[2024-07-26T03:15:39.219+0000] {processor.py:154} INFO - Started process (PID=5322) to work on /home/airflow/.local/lib/python3.7/site-packages/airflow/example_dags/tutorial.py
[2024-07-26T03:15:39.229+0000] {processor.py:756} INFO - Processing file /home/airflow/.local/lib/python3.7/site-packages/airflow/example_dags/tutorial.py for tasks to queue
[2024-07-26T03:15:39.233+0000] {logging_mixin.py:120} INFO - [2024-07-26T03:15:39.233+0000] {dagbag.py:537} INFO - Filling up the DagBag from /home/airflow/.local/lib/python3.7/site-packages/airflow/example_dags/tutorial.py
[2024-07-26T03:15:39.268+0000] {processor.py:766} INFO - DAG(s) dict_keys(['tutorial']) retrieved from /home/airflow/.local/lib/python3.7/site-packages/airflow/example_dags/tutorial.py
[2024-07-26T03:15:39.365+0000] {logging_mixin.py:120} INFO - [2024-07-26T03:15:39.364+0000] {dag.py:2585} INFO - Sync 1 DAGs
[2024-07-26T03:15:39.412+0000] {logging_mixin.py:120} INFO - [2024-07-26T03:15:39.412+0000] {dag.py:3340} INFO - Setting next_dagrun for tutorial to 2024-07-25T03:15:39.407861+00:00, run_after=2024-07-26T03:15:39.407861+00:00
[2024-07-26T03:15:39.504+0000] {processor.py:176} INFO - Processing /home/airflow/.local/lib/python3.7/site-packages/airflow/example_dags/tutorial.py took 0.294 seconds
[2024-07-26T03:32:14.945+0000] {processor.py:154} INFO - Started process (PID=5386) to work on /home/airflow/.local/lib/python3.7/site-packages/airflow/example_dags/tutorial.py
[2024-07-26T03:32:14.949+0000] {processor.py:756} INFO - Processing file /home/airflow/.local/lib/python3.7/site-packages/airflow/example_dags/tutorial.py for tasks to queue
[2024-07-26T03:32:14.950+0000] {logging_mixin.py:120} INFO - [2024-07-26T03:32:14.950+0000] {dagbag.py:537} INFO - Filling up the DagBag from /home/airflow/.local/lib/python3.7/site-packages/airflow/example_dags/tutorial.py
[2024-07-26T03:32:14.964+0000] {processor.py:766} INFO - DAG(s) dict_keys(['tutorial']) retrieved from /home/airflow/.local/lib/python3.7/site-packages/airflow/example_dags/tutorial.py
[2024-07-26T03:32:15.018+0000] {logging_mixin.py:120} INFO - [2024-07-26T03:32:15.018+0000] {dag.py:2585} INFO - Sync 1 DAGs
[2024-07-26T03:32:15.047+0000] {logging_mixin.py:120} INFO - [2024-07-26T03:32:15.047+0000] {dag.py:3340} INFO - Setting next_dagrun for tutorial to 2024-07-25T03:32:15.046919+00:00, run_after=2024-07-26T03:32:15.046919+00:00
[2024-07-26T03:32:15.071+0000] {processor.py:176} INFO - Processing /home/airflow/.local/lib/python3.7/site-packages/airflow/example_dags/tutorial.py took 0.129 seconds
[2024-07-26T03:56:57.089+0000] {processor.py:154} INFO - Started process (PID=5450) to work on /home/airflow/.local/lib/python3.7/site-packages/airflow/example_dags/tutorial.py
[2024-07-26T03:56:57.091+0000] {processor.py:756} INFO - Processing file /home/airflow/.local/lib/python3.7/site-packages/airflow/example_dags/tutorial.py for tasks to queue
[2024-07-26T03:56:57.092+0000] {logging_mixin.py:120} INFO - [2024-07-26T03:56:57.092+0000] {dagbag.py:537} INFO - Filling up the DagBag from /home/airflow/.local/lib/python3.7/site-packages/airflow/example_dags/tutorial.py
[2024-07-26T03:56:57.103+0000] {processor.py:766} INFO - DAG(s) dict_keys(['tutorial']) retrieved from /home/airflow/.local/lib/python3.7/site-packages/airflow/example_dags/tutorial.py
[2024-07-26T03:56:57.130+0000] {logging_mixin.py:120} INFO - [2024-07-26T03:56:57.130+0000] {dag.py:2585} INFO - Sync 1 DAGs
[2024-07-26T03:56:57.148+0000] {logging_mixin.py:120} INFO - [2024-07-26T03:56:57.148+0000] {dag.py:3340} INFO - Setting next_dagrun for tutorial to 2024-07-25T03:56:57.148588+00:00, run_after=2024-07-26T03:56:57.148588+00:00
[2024-07-26T03:56:57.165+0000] {processor.py:176} INFO - Processing /home/airflow/.local/lib/python3.7/site-packages/airflow/example_dags/tutorial.py took 0.078 seconds
[2024-07-26T04:02:03.494+0000] {processor.py:154} INFO - Started process (PID=5514) to work on /home/airflow/.local/lib/python3.7/site-packages/airflow/example_dags/tutorial.py
[2024-07-26T04:02:03.497+0000] {processor.py:756} INFO - Processing file /home/airflow/.local/lib/python3.7/site-packages/airflow/example_dags/tutorial.py for tasks to queue
[2024-07-26T04:02:03.500+0000] {logging_mixin.py:120} INFO - [2024-07-26T04:02:03.499+0000] {dagbag.py:537} INFO - Filling up the DagBag from /home/airflow/.local/lib/python3.7/site-packages/airflow/example_dags/tutorial.py
[2024-07-26T04:02:03.519+0000] {processor.py:766} INFO - DAG(s) dict_keys(['tutorial']) retrieved from /home/airflow/.local/lib/python3.7/site-packages/airflow/example_dags/tutorial.py
[2024-07-26T04:02:03.546+0000] {logging_mixin.py:120} INFO - [2024-07-26T04:02:03.546+0000] {dag.py:2585} INFO - Sync 1 DAGs
[2024-07-26T04:02:03.571+0000] {logging_mixin.py:120} INFO - [2024-07-26T04:02:03.571+0000] {dag.py:3340} INFO - Setting next_dagrun for tutorial to 2024-07-25T04:02:03.571371+00:00, run_after=2024-07-26T04:02:03.571371+00:00
[2024-07-26T04:02:03.609+0000] {processor.py:176} INFO - Processing /home/airflow/.local/lib/python3.7/site-packages/airflow/example_dags/tutorial.py took 0.118 seconds
[2024-07-26T04:04:16.211+0000] {processor.py:154} INFO - Started process (PID=5578) to work on /home/airflow/.local/lib/python3.7/site-packages/airflow/example_dags/tutorial.py
[2024-07-26T04:04:16.212+0000] {processor.py:756} INFO - Processing file /home/airflow/.local/lib/python3.7/site-packages/airflow/example_dags/tutorial.py for tasks to queue
[2024-07-26T04:04:16.213+0000] {logging_mixin.py:120} INFO - [2024-07-26T04:04:16.213+0000] {dagbag.py:537} INFO - Filling up the DagBag from /home/airflow/.local/lib/python3.7/site-packages/airflow/example_dags/tutorial.py
[2024-07-26T04:04:16.223+0000] {processor.py:766} INFO - DAG(s) dict_keys(['tutorial']) retrieved from /home/airflow/.local/lib/python3.7/site-packages/airflow/example_dags/tutorial.py
[2024-07-26T04:04:16.247+0000] {logging_mixin.py:120} INFO - [2024-07-26T04:04:16.247+0000] {dag.py:2585} INFO - Sync 1 DAGs
[2024-07-26T04:04:16.262+0000] {logging_mixin.py:120} INFO - [2024-07-26T04:04:16.262+0000] {dag.py:3340} INFO - Setting next_dagrun for tutorial to 2024-07-25T04:04:16.262460+00:00, run_after=2024-07-26T04:04:16.262460+00:00
[2024-07-26T04:04:16.274+0000] {processor.py:176} INFO - Processing /home/airflow/.local/lib/python3.7/site-packages/airflow/example_dags/tutorial.py took 0.064 seconds
[2024-07-26T04:06:02.964+0000] {processor.py:154} INFO - Started process (PID=5632) to work on /home/airflow/.local/lib/python3.7/site-packages/airflow/example_dags/tutorial.py
[2024-07-26T04:06:02.968+0000] {processor.py:756} INFO - Processing file /home/airflow/.local/lib/python3.7/site-packages/airflow/example_dags/tutorial.py for tasks to queue
[2024-07-26T04:06:02.969+0000] {logging_mixin.py:120} INFO - [2024-07-26T04:06:02.969+0000] {dagbag.py:537} INFO - Filling up the DagBag from /home/airflow/.local/lib/python3.7/site-packages/airflow/example_dags/tutorial.py
[2024-07-26T04:06:02.977+0000] {processor.py:766} INFO - DAG(s) dict_keys(['tutorial']) retrieved from /home/airflow/.local/lib/python3.7/site-packages/airflow/example_dags/tutorial.py
[2024-07-26T04:06:02.998+0000] {logging_mixin.py:120} INFO - [2024-07-26T04:06:02.998+0000] {dag.py:2585} INFO - Sync 1 DAGs
[2024-07-26T04:06:03.017+0000] {logging_mixin.py:120} INFO - [2024-07-26T04:06:03.017+0000] {dag.py:3340} INFO - Setting next_dagrun for tutorial to 2024-07-25T04:06:03.017509+00:00, run_after=2024-07-26T04:06:03.017509+00:00
[2024-07-26T04:06:03.034+0000] {processor.py:176} INFO - Processing /home/airflow/.local/lib/python3.7/site-packages/airflow/example_dags/tutorial.py took 0.071 seconds
[2024-07-26T04:08:04.845+0000] {processor.py:154} INFO - Started process (PID=5696) to work on /home/airflow/.local/lib/python3.7/site-packages/airflow/example_dags/tutorial.py
[2024-07-26T04:08:04.846+0000] {processor.py:756} INFO - Processing file /home/airflow/.local/lib/python3.7/site-packages/airflow/example_dags/tutorial.py for tasks to queue
[2024-07-26T04:08:04.847+0000] {logging_mixin.py:120} INFO - [2024-07-26T04:08:04.847+0000] {dagbag.py:537} INFO - Filling up the DagBag from /home/airflow/.local/lib/python3.7/site-packages/airflow/example_dags/tutorial.py
[2024-07-26T04:08:04.854+0000] {processor.py:766} INFO - DAG(s) dict_keys(['tutorial']) retrieved from /home/airflow/.local/lib/python3.7/site-packages/airflow/example_dags/tutorial.py
[2024-07-26T04:08:04.884+0000] {logging_mixin.py:120} INFO - [2024-07-26T04:08:04.884+0000] {dag.py:2585} INFO - Sync 1 DAGs
[2024-07-26T04:08:04.901+0000] {logging_mixin.py:120} INFO - [2024-07-26T04:08:04.901+0000] {dag.py:3340} INFO - Setting next_dagrun for tutorial to 2024-07-25T04:08:04.901528+00:00, run_after=2024-07-26T04:08:04.901528+00:00
[2024-07-26T04:08:04.914+0000] {processor.py:176} INFO - Processing /home/airflow/.local/lib/python3.7/site-packages/airflow/example_dags/tutorial.py took 0.072 seconds
[2024-07-26T04:09:00.884+0000] {processor.py:154} INFO - Started process (PID=5760) to work on /home/airflow/.local/lib/python3.7/site-packages/airflow/example_dags/tutorial.py
[2024-07-26T04:09:00.886+0000] {processor.py:756} INFO - Processing file /home/airflow/.local/lib/python3.7/site-packages/airflow/example_dags/tutorial.py for tasks to queue
[2024-07-26T04:09:00.887+0000] {logging_mixin.py:120} INFO - [2024-07-26T04:09:00.887+0000] {dagbag.py:537} INFO - Filling up the DagBag from /home/airflow/.local/lib/python3.7/site-packages/airflow/example_dags/tutorial.py
[2024-07-26T04:09:00.897+0000] {processor.py:766} INFO - DAG(s) dict_keys(['tutorial']) retrieved from /home/airflow/.local/lib/python3.7/site-packages/airflow/example_dags/tutorial.py
[2024-07-26T04:09:00.925+0000] {logging_mixin.py:120} INFO - [2024-07-26T04:09:00.925+0000] {dag.py:2585} INFO - Sync 1 DAGs
[2024-07-26T04:09:00.944+0000] {logging_mixin.py:120} INFO - [2024-07-26T04:09:00.944+0000] {dag.py:3340} INFO - Setting next_dagrun for tutorial to 2024-07-25T04:09:00.944618+00:00, run_after=2024-07-26T04:09:00.944618+00:00
[2024-07-26T04:09:00.959+0000] {processor.py:176} INFO - Processing /home/airflow/.local/lib/python3.7/site-packages/airflow/example_dags/tutorial.py took 0.077 seconds
[2024-07-26T04:10:10.476+0000] {processor.py:154} INFO - Started process (PID=5825) to work on /home/airflow/.local/lib/python3.7/site-packages/airflow/example_dags/tutorial.py
[2024-07-26T04:10:10.477+0000] {processor.py:756} INFO - Processing file /home/airflow/.local/lib/python3.7/site-packages/airflow/example_dags/tutorial.py for tasks to queue
[2024-07-26T04:10:10.478+0000] {logging_mixin.py:120} INFO - [2024-07-26T04:10:10.478+0000] {dagbag.py:537} INFO - Filling up the DagBag from /home/airflow/.local/lib/python3.7/site-packages/airflow/example_dags/tutorial.py
[2024-07-26T04:10:10.486+0000] {processor.py:766} INFO - DAG(s) dict_keys(['tutorial']) retrieved from /home/airflow/.local/lib/python3.7/site-packages/airflow/example_dags/tutorial.py
[2024-07-26T04:10:10.506+0000] {logging_mixin.py:120} INFO - [2024-07-26T04:10:10.506+0000] {dag.py:2585} INFO - Sync 1 DAGs
[2024-07-26T04:10:10.530+0000] {logging_mixin.py:120} INFO - [2024-07-26T04:10:10.529+0000] {dag.py:3340} INFO - Setting next_dagrun for tutorial to 2024-07-25T04:10:10.529838+00:00, run_after=2024-07-26T04:10:10.529838+00:00
[2024-07-26T04:10:10.545+0000] {processor.py:176} INFO - Processing /home/airflow/.local/lib/python3.7/site-packages/airflow/example_dags/tutorial.py took 0.071 seconds
[2024-07-26T04:11:36.772+0000] {processor.py:154} INFO - Started process (PID=5889) to work on /home/airflow/.local/lib/python3.7/site-packages/airflow/example_dags/tutorial.py
[2024-07-26T04:11:36.776+0000] {processor.py:756} INFO - Processing file /home/airflow/.local/lib/python3.7/site-packages/airflow/example_dags/tutorial.py for tasks to queue
[2024-07-26T04:11:36.777+0000] {logging_mixin.py:120} INFO - [2024-07-26T04:11:36.776+0000] {dagbag.py:537} INFO - Filling up the DagBag from /home/airflow/.local/lib/python3.7/site-packages/airflow/example_dags/tutorial.py
[2024-07-26T04:11:36.785+0000] {processor.py:766} INFO - DAG(s) dict_keys(['tutorial']) retrieved from /home/airflow/.local/lib/python3.7/site-packages/airflow/example_dags/tutorial.py
[2024-07-26T04:11:36.805+0000] {logging_mixin.py:120} INFO - [2024-07-26T04:11:36.805+0000] {dag.py:2585} INFO - Sync 1 DAGs
[2024-07-26T04:11:36.819+0000] {logging_mixin.py:120} INFO - [2024-07-26T04:11:36.819+0000] {dag.py:3340} INFO - Setting next_dagrun for tutorial to 2024-07-25T04:11:36.819182+00:00, run_after=2024-07-26T04:11:36.819182+00:00
[2024-07-26T04:11:36.834+0000] {processor.py:176} INFO - Processing /home/airflow/.local/lib/python3.7/site-packages/airflow/example_dags/tutorial.py took 0.064 seconds
[2024-07-26T04:12:20.411+0000] {processor.py:154} INFO - Started process (PID=5944) to work on /home/airflow/.local/lib/python3.7/site-packages/airflow/example_dags/tutorial.py
[2024-07-26T04:12:20.413+0000] {processor.py:756} INFO - Processing file /home/airflow/.local/lib/python3.7/site-packages/airflow/example_dags/tutorial.py for tasks to queue
[2024-07-26T04:12:20.413+0000] {logging_mixin.py:120} INFO - [2024-07-26T04:12:20.413+0000] {dagbag.py:537} INFO - Filling up the DagBag from /home/airflow/.local/lib/python3.7/site-packages/airflow/example_dags/tutorial.py
[2024-07-26T04:12:20.420+0000] {processor.py:766} INFO - DAG(s) dict_keys(['tutorial']) retrieved from /home/airflow/.local/lib/python3.7/site-packages/airflow/example_dags/tutorial.py
[2024-07-26T04:12:20.462+0000] {logging_mixin.py:120} INFO - [2024-07-26T04:12:20.462+0000] {dag.py:2585} INFO - Sync 1 DAGs
[2024-07-26T04:12:20.476+0000] {logging_mixin.py:120} INFO - [2024-07-26T04:12:20.476+0000] {dag.py:3340} INFO - Setting next_dagrun for tutorial to 2024-07-25T04:12:20.476161+00:00, run_after=2024-07-26T04:12:20.476161+00:00
[2024-07-26T04:12:20.490+0000] {processor.py:176} INFO - Processing /home/airflow/.local/lib/python3.7/site-packages/airflow/example_dags/tutorial.py took 0.081 seconds
[2024-07-26T04:13:13.624+0000] {processor.py:154} INFO - Started process (PID=6008) to work on /home/airflow/.local/lib/python3.7/site-packages/airflow/example_dags/tutorial.py
[2024-07-26T04:13:13.626+0000] {processor.py:756} INFO - Processing file /home/airflow/.local/lib/python3.7/site-packages/airflow/example_dags/tutorial.py for tasks to queue
[2024-07-26T04:13:13.631+0000] {logging_mixin.py:120} INFO - [2024-07-26T04:13:13.631+0000] {dagbag.py:537} INFO - Filling up the DagBag from /home/airflow/.local/lib/python3.7/site-packages/airflow/example_dags/tutorial.py
[2024-07-26T04:13:13.639+0000] {processor.py:766} INFO - DAG(s) dict_keys(['tutorial']) retrieved from /home/airflow/.local/lib/python3.7/site-packages/airflow/example_dags/tutorial.py
[2024-07-26T04:13:13.664+0000] {logging_mixin.py:120} INFO - [2024-07-26T04:13:13.663+0000] {dag.py:2585} INFO - Sync 1 DAGs
[2024-07-26T04:13:13.684+0000] {logging_mixin.py:120} INFO - [2024-07-26T04:13:13.684+0000] {dag.py:3340} INFO - Setting next_dagrun for tutorial to 2024-07-25T04:13:13.684194+00:00, run_after=2024-07-26T04:13:13.684194+00:00
[2024-07-26T04:13:13.699+0000] {processor.py:176} INFO - Processing /home/airflow/.local/lib/python3.7/site-packages/airflow/example_dags/tutorial.py took 0.078 seconds
[2024-07-26T04:14:04.124+0000] {processor.py:154} INFO - Started process (PID=6071) to work on /home/airflow/.local/lib/python3.7/site-packages/airflow/example_dags/tutorial.py
[2024-07-26T04:14:04.125+0000] {processor.py:756} INFO - Processing file /home/airflow/.local/lib/python3.7/site-packages/airflow/example_dags/tutorial.py for tasks to queue
[2024-07-26T04:14:04.126+0000] {logging_mixin.py:120} INFO - [2024-07-26T04:14:04.126+0000] {dagbag.py:537} INFO - Filling up the DagBag from /home/airflow/.local/lib/python3.7/site-packages/airflow/example_dags/tutorial.py
[2024-07-26T04:14:04.136+0000] {processor.py:766} INFO - DAG(s) dict_keys(['tutorial']) retrieved from /home/airflow/.local/lib/python3.7/site-packages/airflow/example_dags/tutorial.py
[2024-07-26T04:14:04.167+0000] {logging_mixin.py:120} INFO - [2024-07-26T04:14:04.167+0000] {dag.py:2585} INFO - Sync 1 DAGs
[2024-07-26T04:14:04.180+0000] {logging_mixin.py:120} INFO - [2024-07-26T04:14:04.180+0000] {dag.py:3340} INFO - Setting next_dagrun for tutorial to 2024-07-25T04:14:04.180231+00:00, run_after=2024-07-26T04:14:04.180231+00:00
[2024-07-26T04:14:04.191+0000] {processor.py:176} INFO - Processing /home/airflow/.local/lib/python3.7/site-packages/airflow/example_dags/tutorial.py took 0.069 seconds
[2024-07-26T04:18:32.066+0000] {processor.py:154} INFO - Started process (PID=6135) to work on /home/airflow/.local/lib/python3.7/site-packages/airflow/example_dags/tutorial.py
[2024-07-26T04:18:32.068+0000] {processor.py:756} INFO - Processing file /home/airflow/.local/lib/python3.7/site-packages/airflow/example_dags/tutorial.py for tasks to queue
[2024-07-26T04:18:32.069+0000] {logging_mixin.py:120} INFO - [2024-07-26T04:18:32.068+0000] {dagbag.py:537} INFO - Filling up the DagBag from /home/airflow/.local/lib/python3.7/site-packages/airflow/example_dags/tutorial.py
[2024-07-26T04:18:32.085+0000] {processor.py:766} INFO - DAG(s) dict_keys(['tutorial']) retrieved from /home/airflow/.local/lib/python3.7/site-packages/airflow/example_dags/tutorial.py
[2024-07-26T04:18:32.132+0000] {logging_mixin.py:120} INFO - [2024-07-26T04:18:32.132+0000] {dag.py:2585} INFO - Sync 1 DAGs
[2024-07-26T04:18:32.166+0000] {logging_mixin.py:120} INFO - [2024-07-26T04:18:32.166+0000] {dag.py:3340} INFO - Setting next_dagrun for tutorial to 2024-07-25T04:18:32.165483+00:00, run_after=2024-07-26T04:18:32.165483+00:00
[2024-07-26T04:18:32.223+0000] {processor.py:176} INFO - Processing /home/airflow/.local/lib/python3.7/site-packages/airflow/example_dags/tutorial.py took 0.162 seconds
[2024-07-26T04:19:15.425+0000] {processor.py:154} INFO - Started process (PID=6199) to work on /home/airflow/.local/lib/python3.7/site-packages/airflow/example_dags/tutorial.py
[2024-07-26T04:19:15.426+0000] {processor.py:756} INFO - Processing file /home/airflow/.local/lib/python3.7/site-packages/airflow/example_dags/tutorial.py for tasks to queue
[2024-07-26T04:19:15.426+0000] {logging_mixin.py:120} INFO - [2024-07-26T04:19:15.426+0000] {dagbag.py:537} INFO - Filling up the DagBag from /home/airflow/.local/lib/python3.7/site-packages/airflow/example_dags/tutorial.py
[2024-07-26T04:19:15.438+0000] {processor.py:766} INFO - DAG(s) dict_keys(['tutorial']) retrieved from /home/airflow/.local/lib/python3.7/site-packages/airflow/example_dags/tutorial.py
[2024-07-26T04:19:15.462+0000] {logging_mixin.py:120} INFO - [2024-07-26T04:19:15.462+0000] {dag.py:2585} INFO - Sync 1 DAGs
[2024-07-26T04:19:15.481+0000] {logging_mixin.py:120} INFO - [2024-07-26T04:19:15.481+0000] {dag.py:3340} INFO - Setting next_dagrun for tutorial to 2024-07-25T04:19:15.480949+00:00, run_after=2024-07-26T04:19:15.480949+00:00
[2024-07-26T04:19:15.505+0000] {processor.py:176} INFO - Processing /home/airflow/.local/lib/python3.7/site-packages/airflow/example_dags/tutorial.py took 0.082 seconds
[2024-07-26T04:20:36.977+0000] {processor.py:154} INFO - Started process (PID=6254) to work on /home/airflow/.local/lib/python3.7/site-packages/airflow/example_dags/tutorial.py
[2024-07-26T04:20:36.982+0000] {processor.py:756} INFO - Processing file /home/airflow/.local/lib/python3.7/site-packages/airflow/example_dags/tutorial.py for tasks to queue
[2024-07-26T04:20:36.986+0000] {logging_mixin.py:120} INFO - [2024-07-26T04:20:36.986+0000] {dagbag.py:537} INFO - Filling up the DagBag from /home/airflow/.local/lib/python3.7/site-packages/airflow/example_dags/tutorial.py
[2024-07-26T04:20:36.999+0000] {processor.py:766} INFO - DAG(s) dict_keys(['tutorial']) retrieved from /home/airflow/.local/lib/python3.7/site-packages/airflow/example_dags/tutorial.py
[2024-07-26T04:20:37.035+0000] {logging_mixin.py:120} INFO - [2024-07-26T04:20:37.035+0000] {dag.py:2585} INFO - Sync 1 DAGs
[2024-07-26T04:20:37.052+0000] {logging_mixin.py:120} INFO - [2024-07-26T04:20:37.052+0000] {dag.py:3340} INFO - Setting next_dagrun for tutorial to 2024-07-25T04:20:37.052651+00:00, run_after=2024-07-26T04:20:37.052651+00:00
[2024-07-26T04:20:37.064+0000] {processor.py:176} INFO - Processing /home/airflow/.local/lib/python3.7/site-packages/airflow/example_dags/tutorial.py took 0.089 seconds
[2024-07-26T04:21:40.999+0000] {processor.py:154} INFO - Started process (PID=6317) to work on /home/airflow/.local/lib/python3.7/site-packages/airflow/example_dags/tutorial.py
[2024-07-26T04:21:41.001+0000] {processor.py:756} INFO - Processing file /home/airflow/.local/lib/python3.7/site-packages/airflow/example_dags/tutorial.py for tasks to queue
[2024-07-26T04:21:41.001+0000] {logging_mixin.py:120} INFO - [2024-07-26T04:21:41.001+0000] {dagbag.py:537} INFO - Filling up the DagBag from /home/airflow/.local/lib/python3.7/site-packages/airflow/example_dags/tutorial.py
[2024-07-26T04:21:41.011+0000] {processor.py:766} INFO - DAG(s) dict_keys(['tutorial']) retrieved from /home/airflow/.local/lib/python3.7/site-packages/airflow/example_dags/tutorial.py
[2024-07-26T04:21:41.033+0000] {logging_mixin.py:120} INFO - [2024-07-26T04:21:41.033+0000] {dag.py:2585} INFO - Sync 1 DAGs
[2024-07-26T04:21:41.045+0000] {logging_mixin.py:120} INFO - [2024-07-26T04:21:41.045+0000] {dag.py:3340} INFO - Setting next_dagrun for tutorial to 2024-07-25T04:21:41.045506+00:00, run_after=2024-07-26T04:21:41.045506+00:00
[2024-07-26T04:21:41.060+0000] {processor.py:176} INFO - Processing /home/airflow/.local/lib/python3.7/site-packages/airflow/example_dags/tutorial.py took 0.062 seconds
[2024-07-26T04:22:47.328+0000] {processor.py:154} INFO - Started process (PID=6381) to work on /home/airflow/.local/lib/python3.7/site-packages/airflow/example_dags/tutorial.py
[2024-07-26T04:22:47.331+0000] {processor.py:756} INFO - Processing file /home/airflow/.local/lib/python3.7/site-packages/airflow/example_dags/tutorial.py for tasks to queue
[2024-07-26T04:22:47.332+0000] {logging_mixin.py:120} INFO - [2024-07-26T04:22:47.332+0000] {dagbag.py:537} INFO - Filling up the DagBag from /home/airflow/.local/lib/python3.7/site-packages/airflow/example_dags/tutorial.py
[2024-07-26T04:22:47.340+0000] {processor.py:766} INFO - DAG(s) dict_keys(['tutorial']) retrieved from /home/airflow/.local/lib/python3.7/site-packages/airflow/example_dags/tutorial.py
[2024-07-26T04:22:47.361+0000] {logging_mixin.py:120} INFO - [2024-07-26T04:22:47.361+0000] {dag.py:2585} INFO - Sync 1 DAGs
[2024-07-26T04:22:47.378+0000] {logging_mixin.py:120} INFO - [2024-07-26T04:22:47.378+0000] {dag.py:3340} INFO - Setting next_dagrun for tutorial to 2024-07-25T04:22:47.377907+00:00, run_after=2024-07-26T04:22:47.377907+00:00
[2024-07-26T04:22:47.391+0000] {processor.py:176} INFO - Processing /home/airflow/.local/lib/python3.7/site-packages/airflow/example_dags/tutorial.py took 0.066 seconds
[2024-07-26T04:33:59.863+0000] {processor.py:154} INFO - Started process (PID=6445) to work on /home/airflow/.local/lib/python3.7/site-packages/airflow/example_dags/tutorial.py
[2024-07-26T04:33:59.864+0000] {processor.py:756} INFO - Processing file /home/airflow/.local/lib/python3.7/site-packages/airflow/example_dags/tutorial.py for tasks to queue
[2024-07-26T04:33:59.865+0000] {logging_mixin.py:120} INFO - [2024-07-26T04:33:59.865+0000] {dagbag.py:537} INFO - Filling up the DagBag from /home/airflow/.local/lib/python3.7/site-packages/airflow/example_dags/tutorial.py
[2024-07-26T04:33:59.873+0000] {processor.py:766} INFO - DAG(s) dict_keys(['tutorial']) retrieved from /home/airflow/.local/lib/python3.7/site-packages/airflow/example_dags/tutorial.py
[2024-07-26T04:33:59.898+0000] {logging_mixin.py:120} INFO - [2024-07-26T04:33:59.898+0000] {dag.py:2585} INFO - Sync 1 DAGs
[2024-07-26T04:33:59.911+0000] {logging_mixin.py:120} INFO - [2024-07-26T04:33:59.911+0000] {dag.py:3340} INFO - Setting next_dagrun for tutorial to 2024-07-25T04:33:59.911088+00:00, run_after=2024-07-26T04:33:59.911088+00:00
[2024-07-26T04:33:59.923+0000] {processor.py:176} INFO - Processing /home/airflow/.local/lib/python3.7/site-packages/airflow/example_dags/tutorial.py took 0.062 seconds
[2024-07-26T04:49:12.270+0000] {processor.py:154} INFO - Started process (PID=6509) to work on /home/airflow/.local/lib/python3.7/site-packages/airflow/example_dags/tutorial.py
[2024-07-26T04:49:12.278+0000] {processor.py:756} INFO - Processing file /home/airflow/.local/lib/python3.7/site-packages/airflow/example_dags/tutorial.py for tasks to queue
[2024-07-26T04:49:12.280+0000] {logging_mixin.py:120} INFO - [2024-07-26T04:49:12.279+0000] {dagbag.py:537} INFO - Filling up the DagBag from /home/airflow/.local/lib/python3.7/site-packages/airflow/example_dags/tutorial.py
[2024-07-26T04:49:12.301+0000] {processor.py:766} INFO - DAG(s) dict_keys(['tutorial']) retrieved from /home/airflow/.local/lib/python3.7/site-packages/airflow/example_dags/tutorial.py
[2024-07-26T04:49:12.361+0000] {logging_mixin.py:120} INFO - [2024-07-26T04:49:12.361+0000] {dag.py:2585} INFO - Sync 1 DAGs
[2024-07-26T04:49:12.385+0000] {logging_mixin.py:120} INFO - [2024-07-26T04:49:12.385+0000] {dag.py:3340} INFO - Setting next_dagrun for tutorial to 2024-07-25T04:49:12.384749+00:00, run_after=2024-07-26T04:49:12.384749+00:00
[2024-07-26T04:49:12.402+0000] {processor.py:176} INFO - Processing /home/airflow/.local/lib/python3.7/site-packages/airflow/example_dags/tutorial.py took 0.144 seconds
[2024-07-26T04:53:36.968+0000] {processor.py:154} INFO - Started process (PID=6564) to work on /home/airflow/.local/lib/python3.7/site-packages/airflow/example_dags/tutorial.py
[2024-07-26T04:53:36.969+0000] {processor.py:756} INFO - Processing file /home/airflow/.local/lib/python3.7/site-packages/airflow/example_dags/tutorial.py for tasks to queue
[2024-07-26T04:53:36.969+0000] {logging_mixin.py:120} INFO - [2024-07-26T04:53:36.969+0000] {dagbag.py:537} INFO - Filling up the DagBag from /home/airflow/.local/lib/python3.7/site-packages/airflow/example_dags/tutorial.py
[2024-07-26T04:53:36.977+0000] {processor.py:766} INFO - DAG(s) dict_keys(['tutorial']) retrieved from /home/airflow/.local/lib/python3.7/site-packages/airflow/example_dags/tutorial.py
[2024-07-26T04:53:37.004+0000] {logging_mixin.py:120} INFO - [2024-07-26T04:53:37.004+0000] {dag.py:2585} INFO - Sync 1 DAGs
[2024-07-26T04:53:37.020+0000] {logging_mixin.py:120} INFO - [2024-07-26T04:53:37.020+0000] {dag.py:3340} INFO - Setting next_dagrun for tutorial to 2024-07-25T04:53:37.020128+00:00, run_after=2024-07-26T04:53:37.020128+00:00
[2024-07-26T04:53:37.044+0000] {processor.py:176} INFO - Processing /home/airflow/.local/lib/python3.7/site-packages/airflow/example_dags/tutorial.py took 0.078 seconds
[2024-07-26T05:02:49.118+0000] {processor.py:154} INFO - Started process (PID=6628) to work on /home/airflow/.local/lib/python3.7/site-packages/airflow/example_dags/tutorial.py
[2024-07-26T05:02:49.120+0000] {processor.py:756} INFO - Processing file /home/airflow/.local/lib/python3.7/site-packages/airflow/example_dags/tutorial.py for tasks to queue
[2024-07-26T05:02:49.123+0000] {logging_mixin.py:120} INFO - [2024-07-26T05:02:49.123+0000] {dagbag.py:537} INFO - Filling up the DagBag from /home/airflow/.local/lib/python3.7/site-packages/airflow/example_dags/tutorial.py
[2024-07-26T05:02:49.139+0000] {processor.py:766} INFO - DAG(s) dict_keys(['tutorial']) retrieved from /home/airflow/.local/lib/python3.7/site-packages/airflow/example_dags/tutorial.py
[2024-07-26T05:02:49.180+0000] {logging_mixin.py:120} INFO - [2024-07-26T05:02:49.180+0000] {dag.py:2585} INFO - Sync 1 DAGs
[2024-07-26T05:02:49.207+0000] {logging_mixin.py:120} INFO - [2024-07-26T05:02:49.207+0000] {dag.py:3340} INFO - Setting next_dagrun for tutorial to 2024-07-25T05:02:49.206945+00:00, run_after=2024-07-26T05:02:49.206945+00:00
[2024-07-26T05:02:49.235+0000] {processor.py:176} INFO - Processing /home/airflow/.local/lib/python3.7/site-packages/airflow/example_dags/tutorial.py took 0.119 seconds
[2024-07-26T05:15:51.364+0000] {processor.py:154} INFO - Started process (PID=6692) to work on /home/airflow/.local/lib/python3.7/site-packages/airflow/example_dags/tutorial.py
[2024-07-26T05:15:51.366+0000] {processor.py:756} INFO - Processing file /home/airflow/.local/lib/python3.7/site-packages/airflow/example_dags/tutorial.py for tasks to queue
[2024-07-26T05:15:51.369+0000] {logging_mixin.py:120} INFO - [2024-07-26T05:15:51.368+0000] {dagbag.py:537} INFO - Filling up the DagBag from /home/airflow/.local/lib/python3.7/site-packages/airflow/example_dags/tutorial.py
[2024-07-26T05:15:51.376+0000] {processor.py:766} INFO - DAG(s) dict_keys(['tutorial']) retrieved from /home/airflow/.local/lib/python3.7/site-packages/airflow/example_dags/tutorial.py
[2024-07-26T05:15:51.403+0000] {logging_mixin.py:120} INFO - [2024-07-26T05:15:51.403+0000] {dag.py:2585} INFO - Sync 1 DAGs
[2024-07-26T05:15:51.420+0000] {logging_mixin.py:120} INFO - [2024-07-26T05:15:51.420+0000] {dag.py:3340} INFO - Setting next_dagrun for tutorial to 2024-07-25T05:15:51.419993+00:00, run_after=2024-07-26T05:15:51.419993+00:00
[2024-07-26T05:15:51.435+0000] {processor.py:176} INFO - Processing /home/airflow/.local/lib/python3.7/site-packages/airflow/example_dags/tutorial.py took 0.073 seconds
[2024-07-26T05:33:28.164+0000] {processor.py:154} INFO - Started process (PID=6756) to work on /home/airflow/.local/lib/python3.7/site-packages/airflow/example_dags/tutorial.py
[2024-07-26T05:33:28.166+0000] {processor.py:756} INFO - Processing file /home/airflow/.local/lib/python3.7/site-packages/airflow/example_dags/tutorial.py for tasks to queue
[2024-07-26T05:33:28.169+0000] {logging_mixin.py:120} INFO - [2024-07-26T05:33:28.168+0000] {dagbag.py:537} INFO - Filling up the DagBag from /home/airflow/.local/lib/python3.7/site-packages/airflow/example_dags/tutorial.py
[2024-07-26T05:33:28.176+0000] {processor.py:766} INFO - DAG(s) dict_keys(['tutorial']) retrieved from /home/airflow/.local/lib/python3.7/site-packages/airflow/example_dags/tutorial.py
[2024-07-26T05:33:28.257+0000] {logging_mixin.py:120} INFO - [2024-07-26T05:33:28.257+0000] {dag.py:2585} INFO - Sync 1 DAGs
[2024-07-26T05:33:28.275+0000] {logging_mixin.py:120} INFO - [2024-07-26T05:33:28.275+0000] {dag.py:3340} INFO - Setting next_dagrun for tutorial to 2024-07-25T05:33:28.275044+00:00, run_after=2024-07-26T05:33:28.275044+00:00
[2024-07-26T05:33:28.291+0000] {processor.py:176} INFO - Processing /home/airflow/.local/lib/python3.7/site-packages/airflow/example_dags/tutorial.py took 0.128 seconds
[2024-07-26T06:09:35.291+0000] {processor.py:154} INFO - Started process (PID=6811) to work on /home/airflow/.local/lib/python3.7/site-packages/airflow/example_dags/tutorial.py
[2024-07-26T06:09:35.298+0000] {processor.py:756} INFO - Processing file /home/airflow/.local/lib/python3.7/site-packages/airflow/example_dags/tutorial.py for tasks to queue
[2024-07-26T06:09:35.301+0000] {logging_mixin.py:120} INFO - [2024-07-26T06:09:35.301+0000] {dagbag.py:537} INFO - Filling up the DagBag from /home/airflow/.local/lib/python3.7/site-packages/airflow/example_dags/tutorial.py
[2024-07-26T06:09:35.357+0000] {processor.py:766} INFO - DAG(s) dict_keys(['tutorial']) retrieved from /home/airflow/.local/lib/python3.7/site-packages/airflow/example_dags/tutorial.py
[2024-07-26T06:09:35.447+0000] {logging_mixin.py:120} INFO - [2024-07-26T06:09:35.447+0000] {dag.py:2585} INFO - Sync 1 DAGs
[2024-07-26T06:09:35.485+0000] {logging_mixin.py:120} INFO - [2024-07-26T06:09:35.485+0000] {dag.py:3340} INFO - Setting next_dagrun for tutorial to 2024-07-25T06:09:35.484800+00:00, run_after=2024-07-26T06:09:35.484800+00:00
[2024-07-26T06:09:35.525+0000] {processor.py:176} INFO - Processing /home/airflow/.local/lib/python3.7/site-packages/airflow/example_dags/tutorial.py took 0.240 seconds
[2024-07-26T07:10:32.518+0000] {processor.py:154} INFO - Started process (PID=6874) to work on /home/airflow/.local/lib/python3.7/site-packages/airflow/example_dags/tutorial.py
[2024-07-26T07:10:32.523+0000] {processor.py:756} INFO - Processing file /home/airflow/.local/lib/python3.7/site-packages/airflow/example_dags/tutorial.py for tasks to queue
[2024-07-26T07:10:32.525+0000] {logging_mixin.py:120} INFO - [2024-07-26T07:10:32.525+0000] {dagbag.py:537} INFO - Filling up the DagBag from /home/airflow/.local/lib/python3.7/site-packages/airflow/example_dags/tutorial.py
[2024-07-26T07:10:32.545+0000] {processor.py:766} INFO - DAG(s) dict_keys(['tutorial']) retrieved from /home/airflow/.local/lib/python3.7/site-packages/airflow/example_dags/tutorial.py
[2024-07-26T07:10:32.610+0000] {logging_mixin.py:120} INFO - [2024-07-26T07:10:32.610+0000] {dag.py:2585} INFO - Sync 1 DAGs
[2024-07-26T07:10:32.639+0000] {logging_mixin.py:120} INFO - [2024-07-26T07:10:32.639+0000] {dag.py:3340} INFO - Setting next_dagrun for tutorial to 2024-07-25T07:10:32.638124+00:00, run_after=2024-07-26T07:10:32.638124+00:00
[2024-07-26T07:10:32.679+0000] {processor.py:176} INFO - Processing /home/airflow/.local/lib/python3.7/site-packages/airflow/example_dags/tutorial.py took 0.166 seconds
[2024-07-26T08:11:46.799+0000] {processor.py:154} INFO - Started process (PID=6938) to work on /home/airflow/.local/lib/python3.7/site-packages/airflow/example_dags/tutorial.py
[2024-07-26T08:11:46.800+0000] {processor.py:756} INFO - Processing file /home/airflow/.local/lib/python3.7/site-packages/airflow/example_dags/tutorial.py for tasks to queue
[2024-07-26T08:11:46.804+0000] {logging_mixin.py:120} INFO - [2024-07-26T08:11:46.804+0000] {dagbag.py:537} INFO - Filling up the DagBag from /home/airflow/.local/lib/python3.7/site-packages/airflow/example_dags/tutorial.py
[2024-07-26T08:11:46.817+0000] {processor.py:766} INFO - DAG(s) dict_keys(['tutorial']) retrieved from /home/airflow/.local/lib/python3.7/site-packages/airflow/example_dags/tutorial.py
[2024-07-26T08:11:46.864+0000] {logging_mixin.py:120} INFO - [2024-07-26T08:11:46.864+0000] {dag.py:2585} INFO - Sync 1 DAGs
[2024-07-26T08:11:46.895+0000] {logging_mixin.py:120} INFO - [2024-07-26T08:11:46.895+0000] {dag.py:3340} INFO - Setting next_dagrun for tutorial to 2024-07-25T08:11:46.895537+00:00, run_after=2024-07-26T08:11:46.895537+00:00
[2024-07-26T08:11:46.920+0000] {processor.py:176} INFO - Processing /home/airflow/.local/lib/python3.7/site-packages/airflow/example_dags/tutorial.py took 0.124 seconds
[2024-07-26T08:36:10.873+0000] {processor.py:154} INFO - Started process (PID=7002) to work on /home/airflow/.local/lib/python3.7/site-packages/airflow/example_dags/tutorial.py
[2024-07-26T08:36:10.874+0000] {processor.py:756} INFO - Processing file /home/airflow/.local/lib/python3.7/site-packages/airflow/example_dags/tutorial.py for tasks to queue
[2024-07-26T08:36:10.874+0000] {logging_mixin.py:120} INFO - [2024-07-26T08:36:10.874+0000] {dagbag.py:537} INFO - Filling up the DagBag from /home/airflow/.local/lib/python3.7/site-packages/airflow/example_dags/tutorial.py
[2024-07-26T08:36:10.894+0000] {processor.py:766} INFO - DAG(s) dict_keys(['tutorial']) retrieved from /home/airflow/.local/lib/python3.7/site-packages/airflow/example_dags/tutorial.py
[2024-07-26T08:36:10.959+0000] {logging_mixin.py:120} INFO - [2024-07-26T08:36:10.959+0000] {dag.py:2585} INFO - Sync 1 DAGs
[2024-07-26T08:36:10.995+0000] {logging_mixin.py:120} INFO - [2024-07-26T08:36:10.994+0000] {dag.py:3340} INFO - Setting next_dagrun for tutorial to 2024-07-25T08:36:10.994523+00:00, run_after=2024-07-26T08:36:10.994523+00:00
[2024-07-26T08:36:11.010+0000] {processor.py:176} INFO - Processing /home/airflow/.local/lib/python3.7/site-packages/airflow/example_dags/tutorial.py took 0.140 seconds
[2024-07-26T09:29:25.405+0000] {processor.py:154} INFO - Started process (PID=7066) to work on /home/airflow/.local/lib/python3.7/site-packages/airflow/example_dags/tutorial.py
[2024-07-26T09:29:25.407+0000] {processor.py:756} INFO - Processing file /home/airflow/.local/lib/python3.7/site-packages/airflow/example_dags/tutorial.py for tasks to queue
[2024-07-26T09:29:25.409+0000] {logging_mixin.py:120} INFO - [2024-07-26T09:29:25.409+0000] {dagbag.py:537} INFO - Filling up the DagBag from /home/airflow/.local/lib/python3.7/site-packages/airflow/example_dags/tutorial.py
[2024-07-26T09:29:25.421+0000] {processor.py:766} INFO - DAG(s) dict_keys(['tutorial']) retrieved from /home/airflow/.local/lib/python3.7/site-packages/airflow/example_dags/tutorial.py
[2024-07-26T09:29:25.459+0000] {logging_mixin.py:120} INFO - [2024-07-26T09:29:25.459+0000] {dag.py:2585} INFO - Sync 1 DAGs
[2024-07-26T09:29:25.479+0000] {logging_mixin.py:120} INFO - [2024-07-26T09:29:25.478+0000] {dag.py:3340} INFO - Setting next_dagrun for tutorial to 2024-07-25T09:29:25.478681+00:00, run_after=2024-07-26T09:29:25.478681+00:00
[2024-07-26T09:29:25.493+0000] {processor.py:176} INFO - Processing /home/airflow/.local/lib/python3.7/site-packages/airflow/example_dags/tutorial.py took 0.092 seconds
[2024-07-26T10:30:29.877+0000] {processor.py:154} INFO - Started process (PID=7121) to work on /home/airflow/.local/lib/python3.7/site-packages/airflow/example_dags/tutorial.py
[2024-07-26T10:30:29.879+0000] {processor.py:756} INFO - Processing file /home/airflow/.local/lib/python3.7/site-packages/airflow/example_dags/tutorial.py for tasks to queue
[2024-07-26T10:30:29.884+0000] {logging_mixin.py:120} INFO - [2024-07-26T10:30:29.884+0000] {dagbag.py:537} INFO - Filling up the DagBag from /home/airflow/.local/lib/python3.7/site-packages/airflow/example_dags/tutorial.py
[2024-07-26T10:30:29.907+0000] {processor.py:766} INFO - DAG(s) dict_keys(['tutorial']) retrieved from /home/airflow/.local/lib/python3.7/site-packages/airflow/example_dags/tutorial.py
[2024-07-26T10:30:29.938+0000] {logging_mixin.py:120} INFO - [2024-07-26T10:30:29.938+0000] {dag.py:2585} INFO - Sync 1 DAGs
[2024-07-26T10:30:29.954+0000] {logging_mixin.py:120} INFO - [2024-07-26T10:30:29.954+0000] {dag.py:3340} INFO - Setting next_dagrun for tutorial to 2024-07-25T10:30:29.954299+00:00, run_after=2024-07-26T10:30:29.954299+00:00
[2024-07-26T10:30:29.973+0000] {processor.py:176} INFO - Processing /home/airflow/.local/lib/python3.7/site-packages/airflow/example_dags/tutorial.py took 0.102 seconds
[2024-07-26T10:39:55.709+0000] {processor.py:154} INFO - Started process (PID=7185) to work on /home/airflow/.local/lib/python3.7/site-packages/airflow/example_dags/tutorial.py
[2024-07-26T10:39:55.710+0000] {processor.py:756} INFO - Processing file /home/airflow/.local/lib/python3.7/site-packages/airflow/example_dags/tutorial.py for tasks to queue
[2024-07-26T10:39:55.711+0000] {logging_mixin.py:120} INFO - [2024-07-26T10:39:55.711+0000] {dagbag.py:537} INFO - Filling up the DagBag from /home/airflow/.local/lib/python3.7/site-packages/airflow/example_dags/tutorial.py
[2024-07-26T10:39:55.720+0000] {processor.py:766} INFO - DAG(s) dict_keys(['tutorial']) retrieved from /home/airflow/.local/lib/python3.7/site-packages/airflow/example_dags/tutorial.py
[2024-07-26T10:39:55.751+0000] {logging_mixin.py:120} INFO - [2024-07-26T10:39:55.751+0000] {dag.py:2585} INFO - Sync 1 DAGs
[2024-07-26T10:39:55.765+0000] {logging_mixin.py:120} INFO - [2024-07-26T10:39:55.765+0000] {dag.py:3340} INFO - Setting next_dagrun for tutorial to 2024-07-25T10:39:55.765136+00:00, run_after=2024-07-26T10:39:55.765136+00:00
[2024-07-26T10:39:55.779+0000] {processor.py:176} INFO - Processing /home/airflow/.local/lib/python3.7/site-packages/airflow/example_dags/tutorial.py took 0.072 seconds
[2024-07-26T11:48:29.966+0000] {processor.py:154} INFO - Started process (PID=7249) to work on /home/airflow/.local/lib/python3.7/site-packages/airflow/example_dags/tutorial.py
[2024-07-26T11:48:29.967+0000] {processor.py:756} INFO - Processing file /home/airflow/.local/lib/python3.7/site-packages/airflow/example_dags/tutorial.py for tasks to queue
[2024-07-26T11:48:29.970+0000] {logging_mixin.py:120} INFO - [2024-07-26T11:48:29.970+0000] {dagbag.py:537} INFO - Filling up the DagBag from /home/airflow/.local/lib/python3.7/site-packages/airflow/example_dags/tutorial.py
[2024-07-26T11:48:29.987+0000] {processor.py:766} INFO - DAG(s) dict_keys(['tutorial']) retrieved from /home/airflow/.local/lib/python3.7/site-packages/airflow/example_dags/tutorial.py
[2024-07-26T11:48:30.026+0000] {logging_mixin.py:120} INFO - [2024-07-26T11:48:30.026+0000] {dag.py:2585} INFO - Sync 1 DAGs
[2024-07-26T11:48:30.043+0000] {logging_mixin.py:120} INFO - [2024-07-26T11:48:30.043+0000] {dag.py:3340} INFO - Setting next_dagrun for tutorial to 2024-07-25T11:48:30.043661+00:00, run_after=2024-07-26T11:48:30.043661+00:00
[2024-07-26T11:48:30.066+0000] {processor.py:176} INFO - Processing /home/airflow/.local/lib/python3.7/site-packages/airflow/example_dags/tutorial.py took 0.101 seconds
[2024-07-26T12:13:05.149+0000] {processor.py:154} INFO - Started process (PID=7313) to work on /home/airflow/.local/lib/python3.7/site-packages/airflow/example_dags/tutorial.py
[2024-07-26T12:13:05.150+0000] {processor.py:756} INFO - Processing file /home/airflow/.local/lib/python3.7/site-packages/airflow/example_dags/tutorial.py for tasks to queue
[2024-07-26T12:13:05.152+0000] {logging_mixin.py:120} INFO - [2024-07-26T12:13:05.152+0000] {dagbag.py:537} INFO - Filling up the DagBag from /home/airflow/.local/lib/python3.7/site-packages/airflow/example_dags/tutorial.py
[2024-07-26T12:13:05.162+0000] {processor.py:766} INFO - DAG(s) dict_keys(['tutorial']) retrieved from /home/airflow/.local/lib/python3.7/site-packages/airflow/example_dags/tutorial.py
[2024-07-26T12:13:05.194+0000] {logging_mixin.py:120} INFO - [2024-07-26T12:13:05.194+0000] {dag.py:2585} INFO - Sync 1 DAGs
[2024-07-26T12:13:05.209+0000] {logging_mixin.py:120} INFO - [2024-07-26T12:13:05.209+0000] {dag.py:3340} INFO - Setting next_dagrun for tutorial to 2024-07-25T12:13:05.209524+00:00, run_after=2024-07-26T12:13:05.209524+00:00
[2024-07-26T12:13:05.224+0000] {processor.py:176} INFO - Processing /home/airflow/.local/lib/python3.7/site-packages/airflow/example_dags/tutorial.py took 0.077 seconds
[2024-07-26T12:19:25.119+0000] {processor.py:154} INFO - Started process (PID=7368) to work on /home/airflow/.local/lib/python3.7/site-packages/airflow/example_dags/tutorial.py
[2024-07-26T12:19:25.121+0000] {processor.py:756} INFO - Processing file /home/airflow/.local/lib/python3.7/site-packages/airflow/example_dags/tutorial.py for tasks to queue
[2024-07-26T12:19:25.122+0000] {logging_mixin.py:120} INFO - [2024-07-26T12:19:25.122+0000] {dagbag.py:537} INFO - Filling up the DagBag from /home/airflow/.local/lib/python3.7/site-packages/airflow/example_dags/tutorial.py
[2024-07-26T12:19:25.131+0000] {processor.py:766} INFO - DAG(s) dict_keys(['tutorial']) retrieved from /home/airflow/.local/lib/python3.7/site-packages/airflow/example_dags/tutorial.py
[2024-07-26T12:19:25.156+0000] {logging_mixin.py:120} INFO - [2024-07-26T12:19:25.156+0000] {dag.py:2585} INFO - Sync 1 DAGs
[2024-07-26T12:19:25.170+0000] {logging_mixin.py:120} INFO - [2024-07-26T12:19:25.170+0000] {dag.py:3340} INFO - Setting next_dagrun for tutorial to 2024-07-25T12:19:25.170577+00:00, run_after=2024-07-26T12:19:25.170577+00:00
[2024-07-26T12:19:25.187+0000] {processor.py:176} INFO - Processing /home/airflow/.local/lib/python3.7/site-packages/airflow/example_dags/tutorial.py took 0.070 seconds
[2024-07-26T13:00:06.573+0000] {processor.py:154} INFO - Started process (PID=7431) to work on /home/airflow/.local/lib/python3.7/site-packages/airflow/example_dags/tutorial.py
[2024-07-26T13:00:06.576+0000] {processor.py:756} INFO - Processing file /home/airflow/.local/lib/python3.7/site-packages/airflow/example_dags/tutorial.py for tasks to queue
[2024-07-26T13:00:06.577+0000] {logging_mixin.py:120} INFO - [2024-07-26T13:00:06.577+0000] {dagbag.py:537} INFO - Filling up the DagBag from /home/airflow/.local/lib/python3.7/site-packages/airflow/example_dags/tutorial.py
[2024-07-26T13:00:06.601+0000] {processor.py:766} INFO - DAG(s) dict_keys(['tutorial']) retrieved from /home/airflow/.local/lib/python3.7/site-packages/airflow/example_dags/tutorial.py
[2024-07-26T13:00:06.656+0000] {logging_mixin.py:120} INFO - [2024-07-26T13:00:06.656+0000] {dag.py:2585} INFO - Sync 1 DAGs
[2024-07-26T13:00:06.697+0000] {logging_mixin.py:120} INFO - [2024-07-26T13:00:06.697+0000] {dag.py:3340} INFO - Setting next_dagrun for tutorial to 2024-07-25T13:00:06.697275+00:00, run_after=2024-07-26T13:00:06.697275+00:00
[2024-07-26T13:00:06.723+0000] {processor.py:176} INFO - Processing /home/airflow/.local/lib/python3.7/site-packages/airflow/example_dags/tutorial.py took 0.157 seconds
[2024-07-26T13:12:27.035+0000] {processor.py:154} INFO - Started process (PID=7495) to work on /home/airflow/.local/lib/python3.7/site-packages/airflow/example_dags/tutorial.py
[2024-07-26T13:12:27.038+0000] {processor.py:756} INFO - Processing file /home/airflow/.local/lib/python3.7/site-packages/airflow/example_dags/tutorial.py for tasks to queue
[2024-07-26T13:12:27.040+0000] {logging_mixin.py:120} INFO - [2024-07-26T13:12:27.040+0000] {dagbag.py:537} INFO - Filling up the DagBag from /home/airflow/.local/lib/python3.7/site-packages/airflow/example_dags/tutorial.py
[2024-07-26T13:12:27.051+0000] {processor.py:766} INFO - DAG(s) dict_keys(['tutorial']) retrieved from /home/airflow/.local/lib/python3.7/site-packages/airflow/example_dags/tutorial.py
[2024-07-26T13:12:27.086+0000] {logging_mixin.py:120} INFO - [2024-07-26T13:12:27.085+0000] {dag.py:2585} INFO - Sync 1 DAGs
[2024-07-26T13:12:27.108+0000] {logging_mixin.py:120} INFO - [2024-07-26T13:12:27.108+0000] {dag.py:3340} INFO - Setting next_dagrun for tutorial to 2024-07-25T13:12:27.108127+00:00, run_after=2024-07-26T13:12:27.108127+00:00
[2024-07-26T13:12:27.127+0000] {processor.py:176} INFO - Processing /home/airflow/.local/lib/python3.7/site-packages/airflow/example_dags/tutorial.py took 0.094 seconds
[2024-07-26T13:43:21.072+0000] {processor.py:154} INFO - Started process (PID=7559) to work on /home/airflow/.local/lib/python3.7/site-packages/airflow/example_dags/tutorial.py
[2024-07-26T13:43:21.078+0000] {processor.py:756} INFO - Processing file /home/airflow/.local/lib/python3.7/site-packages/airflow/example_dags/tutorial.py for tasks to queue
[2024-07-26T13:43:21.081+0000] {logging_mixin.py:120} INFO - [2024-07-26T13:43:21.081+0000] {dagbag.py:537} INFO - Filling up the DagBag from /home/airflow/.local/lib/python3.7/site-packages/airflow/example_dags/tutorial.py
[2024-07-26T13:43:21.095+0000] {processor.py:766} INFO - DAG(s) dict_keys(['tutorial']) retrieved from /home/airflow/.local/lib/python3.7/site-packages/airflow/example_dags/tutorial.py
[2024-07-26T13:43:21.175+0000] {logging_mixin.py:120} INFO - [2024-07-26T13:43:21.175+0000] {dag.py:2585} INFO - Sync 1 DAGs
[2024-07-26T13:43:21.232+0000] {logging_mixin.py:120} INFO - [2024-07-26T13:43:21.232+0000] {dag.py:3340} INFO - Setting next_dagrun for tutorial to 2024-07-25T13:43:21.231731+00:00, run_after=2024-07-26T13:43:21.231731+00:00
[2024-07-26T13:43:21.257+0000] {processor.py:176} INFO - Processing /home/airflow/.local/lib/python3.7/site-packages/airflow/example_dags/tutorial.py took 0.191 seconds
[2024-07-26T13:46:53.008+0000] {processor.py:154} INFO - Started process (PID=7623) to work on /home/airflow/.local/lib/python3.7/site-packages/airflow/example_dags/tutorial.py
[2024-07-26T13:46:53.013+0000] {processor.py:756} INFO - Processing file /home/airflow/.local/lib/python3.7/site-packages/airflow/example_dags/tutorial.py for tasks to queue
[2024-07-26T13:46:53.016+0000] {logging_mixin.py:120} INFO - [2024-07-26T13:46:53.016+0000] {dagbag.py:537} INFO - Filling up the DagBag from /home/airflow/.local/lib/python3.7/site-packages/airflow/example_dags/tutorial.py
[2024-07-26T13:46:53.034+0000] {processor.py:766} INFO - DAG(s) dict_keys(['tutorial']) retrieved from /home/airflow/.local/lib/python3.7/site-packages/airflow/example_dags/tutorial.py
[2024-07-26T13:46:53.090+0000] {logging_mixin.py:120} INFO - [2024-07-26T13:46:53.090+0000] {dag.py:2585} INFO - Sync 1 DAGs
[2024-07-26T13:46:53.109+0000] {logging_mixin.py:120} INFO - [2024-07-26T13:46:53.109+0000] {dag.py:3340} INFO - Setting next_dagrun for tutorial to 2024-07-25T13:46:53.109550+00:00, run_after=2024-07-26T13:46:53.109550+00:00
[2024-07-26T13:46:53.125+0000] {processor.py:176} INFO - Processing /home/airflow/.local/lib/python3.7/site-packages/airflow/example_dags/tutorial.py took 0.122 seconds
[2024-07-26T13:52:21.783+0000] {processor.py:154} INFO - Started process (PID=7678) to work on /home/airflow/.local/lib/python3.7/site-packages/airflow/example_dags/tutorial.py
[2024-07-26T13:52:21.787+0000] {processor.py:756} INFO - Processing file /home/airflow/.local/lib/python3.7/site-packages/airflow/example_dags/tutorial.py for tasks to queue
[2024-07-26T13:52:21.788+0000] {logging_mixin.py:120} INFO - [2024-07-26T13:52:21.788+0000] {dagbag.py:537} INFO - Filling up the DagBag from /home/airflow/.local/lib/python3.7/site-packages/airflow/example_dags/tutorial.py
[2024-07-26T13:52:21.814+0000] {processor.py:766} INFO - DAG(s) dict_keys(['tutorial']) retrieved from /home/airflow/.local/lib/python3.7/site-packages/airflow/example_dags/tutorial.py
[2024-07-26T13:52:21.878+0000] {logging_mixin.py:120} INFO - [2024-07-26T13:52:21.878+0000] {dag.py:2585} INFO - Sync 1 DAGs
[2024-07-26T13:52:21.910+0000] {logging_mixin.py:120} INFO - [2024-07-26T13:52:21.910+0000] {dag.py:3340} INFO - Setting next_dagrun for tutorial to 2024-07-25T13:52:21.910322+00:00, run_after=2024-07-26T13:52:21.910322+00:00
[2024-07-26T13:52:21.953+0000] {processor.py:176} INFO - Processing /home/airflow/.local/lib/python3.7/site-packages/airflow/example_dags/tutorial.py took 0.176 seconds
[2024-07-26T13:54:20.726+0000] {processor.py:154} INFO - Started process (PID=7742) to work on /home/airflow/.local/lib/python3.7/site-packages/airflow/example_dags/tutorial.py
[2024-07-26T13:54:20.727+0000] {processor.py:756} INFO - Processing file /home/airflow/.local/lib/python3.7/site-packages/airflow/example_dags/tutorial.py for tasks to queue
[2024-07-26T13:54:20.727+0000] {logging_mixin.py:120} INFO - [2024-07-26T13:54:20.727+0000] {dagbag.py:537} INFO - Filling up the DagBag from /home/airflow/.local/lib/python3.7/site-packages/airflow/example_dags/tutorial.py
[2024-07-26T13:54:20.736+0000] {processor.py:766} INFO - DAG(s) dict_keys(['tutorial']) retrieved from /home/airflow/.local/lib/python3.7/site-packages/airflow/example_dags/tutorial.py
[2024-07-26T13:54:20.756+0000] {logging_mixin.py:120} INFO - [2024-07-26T13:54:20.756+0000] {dag.py:2585} INFO - Sync 1 DAGs
[2024-07-26T13:54:20.769+0000] {logging_mixin.py:120} INFO - [2024-07-26T13:54:20.769+0000] {dag.py:3340} INFO - Setting next_dagrun for tutorial to 2024-07-25T13:54:20.769091+00:00, run_after=2024-07-26T13:54:20.769091+00:00
[2024-07-26T13:54:20.784+0000] {processor.py:176} INFO - Processing /home/airflow/.local/lib/python3.7/site-packages/airflow/example_dags/tutorial.py took 0.059 seconds
[2024-07-26T13:55:28.799+0000] {processor.py:154} INFO - Started process (PID=7806) to work on /home/airflow/.local/lib/python3.7/site-packages/airflow/example_dags/tutorial.py
[2024-07-26T13:55:28.801+0000] {processor.py:756} INFO - Processing file /home/airflow/.local/lib/python3.7/site-packages/airflow/example_dags/tutorial.py for tasks to queue
[2024-07-26T13:55:28.804+0000] {logging_mixin.py:120} INFO - [2024-07-26T13:55:28.804+0000] {dagbag.py:537} INFO - Filling up the DagBag from /home/airflow/.local/lib/python3.7/site-packages/airflow/example_dags/tutorial.py
[2024-07-26T13:55:28.812+0000] {processor.py:766} INFO - DAG(s) dict_keys(['tutorial']) retrieved from /home/airflow/.local/lib/python3.7/site-packages/airflow/example_dags/tutorial.py
[2024-07-26T13:55:28.845+0000] {logging_mixin.py:120} INFO - [2024-07-26T13:55:28.845+0000] {dag.py:2585} INFO - Sync 1 DAGs
[2024-07-26T13:55:28.860+0000] {logging_mixin.py:120} INFO - [2024-07-26T13:55:28.859+0000] {dag.py:3340} INFO - Setting next_dagrun for tutorial to 2024-07-25T13:55:28.859827+00:00, run_after=2024-07-26T13:55:28.859827+00:00
[2024-07-26T13:55:28.871+0000] {processor.py:176} INFO - Processing /home/airflow/.local/lib/python3.7/site-packages/airflow/example_dags/tutorial.py took 0.074 seconds
[2024-07-26T14:05:30.197+0000] {processor.py:154} INFO - Started process (PID=7870) to work on /home/airflow/.local/lib/python3.7/site-packages/airflow/example_dags/tutorial.py
[2024-07-26T14:05:30.199+0000] {processor.py:756} INFO - Processing file /home/airflow/.local/lib/python3.7/site-packages/airflow/example_dags/tutorial.py for tasks to queue
[2024-07-26T14:05:30.199+0000] {logging_mixin.py:120} INFO - [2024-07-26T14:05:30.199+0000] {dagbag.py:537} INFO - Filling up the DagBag from /home/airflow/.local/lib/python3.7/site-packages/airflow/example_dags/tutorial.py
[2024-07-26T14:05:30.207+0000] {processor.py:766} INFO - DAG(s) dict_keys(['tutorial']) retrieved from /home/airflow/.local/lib/python3.7/site-packages/airflow/example_dags/tutorial.py
[2024-07-26T14:05:30.234+0000] {logging_mixin.py:120} INFO - [2024-07-26T14:05:30.234+0000] {dag.py:2585} INFO - Sync 1 DAGs
[2024-07-26T14:05:30.249+0000] {logging_mixin.py:120} INFO - [2024-07-26T14:05:30.249+0000] {dag.py:3340} INFO - Setting next_dagrun for tutorial to 2024-07-25T14:05:30.249217+00:00, run_after=2024-07-26T14:05:30.249217+00:00
[2024-07-26T14:05:30.263+0000] {processor.py:176} INFO - Processing /home/airflow/.local/lib/python3.7/site-packages/airflow/example_dags/tutorial.py took 0.068 seconds
[2024-07-26T14:06:19.637+0000] {processor.py:154} INFO - Started process (PID=7924) to work on /home/airflow/.local/lib/python3.7/site-packages/airflow/example_dags/tutorial.py
[2024-07-26T14:06:19.638+0000] {processor.py:756} INFO - Processing file /home/airflow/.local/lib/python3.7/site-packages/airflow/example_dags/tutorial.py for tasks to queue
[2024-07-26T14:06:19.639+0000] {logging_mixin.py:120} INFO - [2024-07-26T14:06:19.639+0000] {dagbag.py:537} INFO - Filling up the DagBag from /home/airflow/.local/lib/python3.7/site-packages/airflow/example_dags/tutorial.py
[2024-07-26T14:06:19.646+0000] {processor.py:766} INFO - DAG(s) dict_keys(['tutorial']) retrieved from /home/airflow/.local/lib/python3.7/site-packages/airflow/example_dags/tutorial.py
[2024-07-26T14:06:19.666+0000] {logging_mixin.py:120} INFO - [2024-07-26T14:06:19.666+0000] {dag.py:2585} INFO - Sync 1 DAGs
[2024-07-26T14:06:19.679+0000] {logging_mixin.py:120} INFO - [2024-07-26T14:06:19.679+0000] {dag.py:3340} INFO - Setting next_dagrun for tutorial to 2024-07-25T14:06:19.679594+00:00, run_after=2024-07-26T14:06:19.679594+00:00
[2024-07-26T14:06:19.700+0000] {processor.py:176} INFO - Processing /home/airflow/.local/lib/python3.7/site-packages/airflow/example_dags/tutorial.py took 0.064 seconds
