[2024-07-26T00:02:54.440+0000] {processor.py:154} INFO - Started process (PID=4790) to work on /home/airflow/.local/lib/python3.7/site-packages/airflow/example_dags/tutorial_dag.py
[2024-07-26T00:02:54.442+0000] {processor.py:756} INFO - Processing file /home/airflow/.local/lib/python3.7/site-packages/airflow/example_dags/tutorial_dag.py for tasks to queue
[2024-07-26T00:02:54.444+0000] {logging_mixin.py:120} INFO - [2024-07-26T00:02:54.444+0000] {dagbag.py:537} INFO - Filling up the DagBag from /home/airflow/.local/lib/python3.7/site-packages/airflow/example_dags/tutorial_dag.py
[2024-07-26T00:02:54.453+0000] {processor.py:766} INFO - DAG(s) dict_keys(['tutorial_dag']) retrieved from /home/airflow/.local/lib/python3.7/site-packages/airflow/example_dags/tutorial_dag.py
[2024-07-26T00:02:54.488+0000] {logging_mixin.py:120} INFO - [2024-07-26T00:02:54.488+0000] {dag.py:2585} INFO - Sync 1 DAGs
[2024-07-26T00:02:54.508+0000] {logging_mixin.py:120} INFO - [2024-07-26T00:02:54.507+0000] {dag.py:3340} INFO - Setting next_dagrun for tutorial_dag to None, run_after=None
[2024-07-26T00:02:54.525+0000] {processor.py:176} INFO - Processing /home/airflow/.local/lib/python3.7/site-packages/airflow/example_dags/tutorial_dag.py took 0.087 seconds
[2024-07-26T00:16:06.937+0000] {processor.py:154} INFO - Started process (PID=4845) to work on /home/airflow/.local/lib/python3.7/site-packages/airflow/example_dags/tutorial_dag.py
[2024-07-26T00:16:06.941+0000] {processor.py:756} INFO - Processing file /home/airflow/.local/lib/python3.7/site-packages/airflow/example_dags/tutorial_dag.py for tasks to queue
[2024-07-26T00:16:06.944+0000] {logging_mixin.py:120} INFO - [2024-07-26T00:16:06.944+0000] {dagbag.py:537} INFO - Filling up the DagBag from /home/airflow/.local/lib/python3.7/site-packages/airflow/example_dags/tutorial_dag.py
[2024-07-26T00:16:06.965+0000] {processor.py:766} INFO - DAG(s) dict_keys(['tutorial_dag']) retrieved from /home/airflow/.local/lib/python3.7/site-packages/airflow/example_dags/tutorial_dag.py
[2024-07-26T00:16:07.017+0000] {logging_mixin.py:120} INFO - [2024-07-26T00:16:07.017+0000] {dag.py:2585} INFO - Sync 1 DAGs
[2024-07-26T00:16:07.047+0000] {logging_mixin.py:120} INFO - [2024-07-26T00:16:07.047+0000] {dag.py:3340} INFO - Setting next_dagrun for tutorial_dag to None, run_after=None
[2024-07-26T00:16:07.074+0000] {processor.py:176} INFO - Processing /home/airflow/.local/lib/python3.7/site-packages/airflow/example_dags/tutorial_dag.py took 0.142 seconds
[2024-07-26T00:40:52.680+0000] {processor.py:154} INFO - Started process (PID=4909) to work on /home/airflow/.local/lib/python3.7/site-packages/airflow/example_dags/tutorial_dag.py
[2024-07-26T00:40:52.682+0000] {processor.py:756} INFO - Processing file /home/airflow/.local/lib/python3.7/site-packages/airflow/example_dags/tutorial_dag.py for tasks to queue
[2024-07-26T00:40:52.683+0000] {logging_mixin.py:120} INFO - [2024-07-26T00:40:52.683+0000] {dagbag.py:537} INFO - Filling up the DagBag from /home/airflow/.local/lib/python3.7/site-packages/airflow/example_dags/tutorial_dag.py
[2024-07-26T00:40:52.689+0000] {processor.py:766} INFO - DAG(s) dict_keys(['tutorial_dag']) retrieved from /home/airflow/.local/lib/python3.7/site-packages/airflow/example_dags/tutorial_dag.py
[2024-07-26T00:40:52.725+0000] {logging_mixin.py:120} INFO - [2024-07-26T00:40:52.725+0000] {dag.py:2585} INFO - Sync 1 DAGs
[2024-07-26T00:40:52.744+0000] {logging_mixin.py:120} INFO - [2024-07-26T00:40:52.743+0000] {dag.py:3340} INFO - Setting next_dagrun for tutorial_dag to None, run_after=None
[2024-07-26T00:40:52.764+0000] {processor.py:176} INFO - Processing /home/airflow/.local/lib/python3.7/site-packages/airflow/example_dags/tutorial_dag.py took 0.086 seconds
[2024-07-26T01:30:33.490+0000] {processor.py:154} INFO - Started process (PID=4973) to work on /home/airflow/.local/lib/python3.7/site-packages/airflow/example_dags/tutorial_dag.py
[2024-07-26T01:30:33.491+0000] {processor.py:756} INFO - Processing file /home/airflow/.local/lib/python3.7/site-packages/airflow/example_dags/tutorial_dag.py for tasks to queue
[2024-07-26T01:30:33.492+0000] {logging_mixin.py:120} INFO - [2024-07-26T01:30:33.492+0000] {dagbag.py:537} INFO - Filling up the DagBag from /home/airflow/.local/lib/python3.7/site-packages/airflow/example_dags/tutorial_dag.py
[2024-07-26T01:30:33.500+0000] {processor.py:766} INFO - DAG(s) dict_keys(['tutorial_dag']) retrieved from /home/airflow/.local/lib/python3.7/site-packages/airflow/example_dags/tutorial_dag.py
[2024-07-26T01:30:33.532+0000] {logging_mixin.py:120} INFO - [2024-07-26T01:30:33.532+0000] {dag.py:2585} INFO - Sync 1 DAGs
[2024-07-26T01:30:33.559+0000] {logging_mixin.py:120} INFO - [2024-07-26T01:30:33.559+0000] {dag.py:3340} INFO - Setting next_dagrun for tutorial_dag to None, run_after=None
[2024-07-26T01:30:33.577+0000] {processor.py:176} INFO - Processing /home/airflow/.local/lib/python3.7/site-packages/airflow/example_dags/tutorial_dag.py took 0.089 seconds
[2024-07-26T02:00:30.026+0000] {processor.py:154} INFO - Started process (PID=5037) to work on /home/airflow/.local/lib/python3.7/site-packages/airflow/example_dags/tutorial_dag.py
[2024-07-26T02:00:30.027+0000] {processor.py:756} INFO - Processing file /home/airflow/.local/lib/python3.7/site-packages/airflow/example_dags/tutorial_dag.py for tasks to queue
[2024-07-26T02:00:30.029+0000] {logging_mixin.py:120} INFO - [2024-07-26T02:00:30.029+0000] {dagbag.py:537} INFO - Filling up the DagBag from /home/airflow/.local/lib/python3.7/site-packages/airflow/example_dags/tutorial_dag.py
[2024-07-26T02:00:30.036+0000] {processor.py:766} INFO - DAG(s) dict_keys(['tutorial_dag']) retrieved from /home/airflow/.local/lib/python3.7/site-packages/airflow/example_dags/tutorial_dag.py
[2024-07-26T02:00:30.065+0000] {logging_mixin.py:120} INFO - [2024-07-26T02:00:30.065+0000] {dag.py:2585} INFO - Sync 1 DAGs
[2024-07-26T02:00:30.084+0000] {logging_mixin.py:120} INFO - [2024-07-26T02:00:30.083+0000] {dag.py:3340} INFO - Setting next_dagrun for tutorial_dag to None, run_after=None
[2024-07-26T02:00:30.096+0000] {processor.py:176} INFO - Processing /home/airflow/.local/lib/python3.7/site-packages/airflow/example_dags/tutorial_dag.py took 0.073 seconds
[2024-07-26T02:13:02.515+0000] {processor.py:154} INFO - Started process (PID=5100) to work on /home/airflow/.local/lib/python3.7/site-packages/airflow/example_dags/tutorial_dag.py
[2024-07-26T02:13:02.521+0000] {processor.py:756} INFO - Processing file /home/airflow/.local/lib/python3.7/site-packages/airflow/example_dags/tutorial_dag.py for tasks to queue
[2024-07-26T02:13:02.523+0000] {logging_mixin.py:120} INFO - [2024-07-26T02:13:02.523+0000] {dagbag.py:537} INFO - Filling up the DagBag from /home/airflow/.local/lib/python3.7/site-packages/airflow/example_dags/tutorial_dag.py
[2024-07-26T02:13:02.555+0000] {processor.py:766} INFO - DAG(s) dict_keys(['tutorial_dag']) retrieved from /home/airflow/.local/lib/python3.7/site-packages/airflow/example_dags/tutorial_dag.py
[2024-07-26T02:13:02.608+0000] {logging_mixin.py:120} INFO - [2024-07-26T02:13:02.608+0000] {dag.py:2585} INFO - Sync 1 DAGs
[2024-07-26T02:13:02.639+0000] {logging_mixin.py:120} INFO - [2024-07-26T02:13:02.639+0000] {dag.py:3340} INFO - Setting next_dagrun for tutorial_dag to None, run_after=None
[2024-07-26T02:13:02.666+0000] {processor.py:176} INFO - Processing /home/airflow/.local/lib/python3.7/site-packages/airflow/example_dags/tutorial_dag.py took 0.152 seconds
[2024-07-26T02:39:12.116+0000] {processor.py:154} INFO - Started process (PID=5155) to work on /home/airflow/.local/lib/python3.7/site-packages/airflow/example_dags/tutorial_dag.py
[2024-07-26T02:39:12.117+0000] {processor.py:756} INFO - Processing file /home/airflow/.local/lib/python3.7/site-packages/airflow/example_dags/tutorial_dag.py for tasks to queue
[2024-07-26T02:39:12.118+0000] {logging_mixin.py:120} INFO - [2024-07-26T02:39:12.118+0000] {dagbag.py:537} INFO - Filling up the DagBag from /home/airflow/.local/lib/python3.7/site-packages/airflow/example_dags/tutorial_dag.py
[2024-07-26T02:39:12.129+0000] {processor.py:766} INFO - DAG(s) dict_keys(['tutorial_dag']) retrieved from /home/airflow/.local/lib/python3.7/site-packages/airflow/example_dags/tutorial_dag.py
[2024-07-26T02:39:12.166+0000] {logging_mixin.py:120} INFO - [2024-07-26T02:39:12.166+0000] {dag.py:2585} INFO - Sync 1 DAGs
[2024-07-26T02:39:12.184+0000] {logging_mixin.py:120} INFO - [2024-07-26T02:39:12.184+0000] {dag.py:3340} INFO - Setting next_dagrun for tutorial_dag to None, run_after=None
[2024-07-26T02:39:12.203+0000] {processor.py:176} INFO - Processing /home/airflow/.local/lib/python3.7/site-packages/airflow/example_dags/tutorial_dag.py took 0.089 seconds
[2024-07-26T02:58:11.716+0000] {processor.py:154} INFO - Started process (PID=5219) to work on /home/airflow/.local/lib/python3.7/site-packages/airflow/example_dags/tutorial_dag.py
[2024-07-26T02:58:11.717+0000] {processor.py:756} INFO - Processing file /home/airflow/.local/lib/python3.7/site-packages/airflow/example_dags/tutorial_dag.py for tasks to queue
[2024-07-26T02:58:11.718+0000] {logging_mixin.py:120} INFO - [2024-07-26T02:58:11.718+0000] {dagbag.py:537} INFO - Filling up the DagBag from /home/airflow/.local/lib/python3.7/site-packages/airflow/example_dags/tutorial_dag.py
[2024-07-26T02:58:11.726+0000] {processor.py:766} INFO - DAG(s) dict_keys(['tutorial_dag']) retrieved from /home/airflow/.local/lib/python3.7/site-packages/airflow/example_dags/tutorial_dag.py
[2024-07-26T02:58:11.764+0000] {logging_mixin.py:120} INFO - [2024-07-26T02:58:11.764+0000] {dag.py:2585} INFO - Sync 1 DAGs
[2024-07-26T02:58:11.784+0000] {logging_mixin.py:120} INFO - [2024-07-26T02:58:11.784+0000] {dag.py:3340} INFO - Setting next_dagrun for tutorial_dag to None, run_after=None
[2024-07-26T02:58:11.802+0000] {processor.py:176} INFO - Processing /home/airflow/.local/lib/python3.7/site-packages/airflow/example_dags/tutorial_dag.py took 0.087 seconds
[2024-07-26T03:01:34.530+0000] {processor.py:154} INFO - Started process (PID=5283) to work on /home/airflow/.local/lib/python3.7/site-packages/airflow/example_dags/tutorial_dag.py
[2024-07-26T03:01:34.532+0000] {processor.py:756} INFO - Processing file /home/airflow/.local/lib/python3.7/site-packages/airflow/example_dags/tutorial_dag.py for tasks to queue
[2024-07-26T03:01:34.533+0000] {logging_mixin.py:120} INFO - [2024-07-26T03:01:34.533+0000] {dagbag.py:537} INFO - Filling up the DagBag from /home/airflow/.local/lib/python3.7/site-packages/airflow/example_dags/tutorial_dag.py
[2024-07-26T03:01:34.542+0000] {processor.py:766} INFO - DAG(s) dict_keys(['tutorial_dag']) retrieved from /home/airflow/.local/lib/python3.7/site-packages/airflow/example_dags/tutorial_dag.py
[2024-07-26T03:01:34.575+0000] {logging_mixin.py:120} INFO - [2024-07-26T03:01:34.575+0000] {dag.py:2585} INFO - Sync 1 DAGs
[2024-07-26T03:01:34.592+0000] {logging_mixin.py:120} INFO - [2024-07-26T03:01:34.592+0000] {dag.py:3340} INFO - Setting next_dagrun for tutorial_dag to None, run_after=None
[2024-07-26T03:01:34.614+0000] {processor.py:176} INFO - Processing /home/airflow/.local/lib/python3.7/site-packages/airflow/example_dags/tutorial_dag.py took 0.090 seconds
[2024-07-26T03:15:40.935+0000] {processor.py:154} INFO - Started process (PID=5347) to work on /home/airflow/.local/lib/python3.7/site-packages/airflow/example_dags/tutorial_dag.py
[2024-07-26T03:15:40.940+0000] {processor.py:756} INFO - Processing file /home/airflow/.local/lib/python3.7/site-packages/airflow/example_dags/tutorial_dag.py for tasks to queue
[2024-07-26T03:15:40.941+0000] {logging_mixin.py:120} INFO - [2024-07-26T03:15:40.940+0000] {dagbag.py:537} INFO - Filling up the DagBag from /home/airflow/.local/lib/python3.7/site-packages/airflow/example_dags/tutorial_dag.py
[2024-07-26T03:15:40.949+0000] {processor.py:766} INFO - DAG(s) dict_keys(['tutorial_dag']) retrieved from /home/airflow/.local/lib/python3.7/site-packages/airflow/example_dags/tutorial_dag.py
[2024-07-26T03:15:40.984+0000] {logging_mixin.py:120} INFO - [2024-07-26T03:15:40.984+0000] {dag.py:2585} INFO - Sync 1 DAGs
[2024-07-26T03:15:41.013+0000] {logging_mixin.py:120} INFO - [2024-07-26T03:15:41.013+0000] {dag.py:3340} INFO - Setting next_dagrun for tutorial_dag to None, run_after=None
[2024-07-26T03:15:41.065+0000] {processor.py:176} INFO - Processing /home/airflow/.local/lib/python3.7/site-packages/airflow/example_dags/tutorial_dag.py took 0.132 seconds
[2024-07-26T03:32:16.036+0000] {processor.py:154} INFO - Started process (PID=5402) to work on /home/airflow/.local/lib/python3.7/site-packages/airflow/example_dags/tutorial_dag.py
[2024-07-26T03:32:16.037+0000] {processor.py:756} INFO - Processing file /home/airflow/.local/lib/python3.7/site-packages/airflow/example_dags/tutorial_dag.py for tasks to queue
[2024-07-26T03:32:16.039+0000] {logging_mixin.py:120} INFO - [2024-07-26T03:32:16.039+0000] {dagbag.py:537} INFO - Filling up the DagBag from /home/airflow/.local/lib/python3.7/site-packages/airflow/example_dags/tutorial_dag.py
[2024-07-26T03:32:16.051+0000] {processor.py:766} INFO - DAG(s) dict_keys(['tutorial_dag']) retrieved from /home/airflow/.local/lib/python3.7/site-packages/airflow/example_dags/tutorial_dag.py
[2024-07-26T03:32:16.081+0000] {logging_mixin.py:120} INFO - [2024-07-26T03:32:16.081+0000] {dag.py:2585} INFO - Sync 1 DAGs
[2024-07-26T03:32:16.095+0000] {logging_mixin.py:120} INFO - [2024-07-26T03:32:16.095+0000] {dag.py:3340} INFO - Setting next_dagrun for tutorial_dag to None, run_after=None
[2024-07-26T03:32:16.119+0000] {processor.py:176} INFO - Processing /home/airflow/.local/lib/python3.7/site-packages/airflow/example_dags/tutorial_dag.py took 0.084 seconds
[2024-07-26T03:56:58.904+0000] {processor.py:154} INFO - Started process (PID=5466) to work on /home/airflow/.local/lib/python3.7/site-packages/airflow/example_dags/tutorial_dag.py
[2024-07-26T03:56:58.906+0000] {processor.py:756} INFO - Processing file /home/airflow/.local/lib/python3.7/site-packages/airflow/example_dags/tutorial_dag.py for tasks to queue
[2024-07-26T03:56:58.908+0000] {logging_mixin.py:120} INFO - [2024-07-26T03:56:58.908+0000] {dagbag.py:537} INFO - Filling up the DagBag from /home/airflow/.local/lib/python3.7/site-packages/airflow/example_dags/tutorial_dag.py
[2024-07-26T03:56:58.919+0000] {processor.py:766} INFO - DAG(s) dict_keys(['tutorial_dag']) retrieved from /home/airflow/.local/lib/python3.7/site-packages/airflow/example_dags/tutorial_dag.py
[2024-07-26T03:56:58.949+0000] {logging_mixin.py:120} INFO - [2024-07-26T03:56:58.949+0000] {dag.py:2585} INFO - Sync 1 DAGs
[2024-07-26T03:56:58.968+0000] {logging_mixin.py:120} INFO - [2024-07-26T03:56:58.968+0000] {dag.py:3340} INFO - Setting next_dagrun for tutorial_dag to None, run_after=None
[2024-07-26T03:56:58.990+0000] {processor.py:176} INFO - Processing /home/airflow/.local/lib/python3.7/site-packages/airflow/example_dags/tutorial_dag.py took 0.088 seconds
[2024-07-26T04:02:04.596+0000] {processor.py:154} INFO - Started process (PID=5530) to work on /home/airflow/.local/lib/python3.7/site-packages/airflow/example_dags/tutorial_dag.py
[2024-07-26T04:02:04.602+0000] {processor.py:756} INFO - Processing file /home/airflow/.local/lib/python3.7/site-packages/airflow/example_dags/tutorial_dag.py for tasks to queue
[2024-07-26T04:02:04.603+0000] {logging_mixin.py:120} INFO - [2024-07-26T04:02:04.603+0000] {dagbag.py:537} INFO - Filling up the DagBag from /home/airflow/.local/lib/python3.7/site-packages/airflow/example_dags/tutorial_dag.py
[2024-07-26T04:02:04.613+0000] {processor.py:766} INFO - DAG(s) dict_keys(['tutorial_dag']) retrieved from /home/airflow/.local/lib/python3.7/site-packages/airflow/example_dags/tutorial_dag.py
[2024-07-26T04:02:04.636+0000] {logging_mixin.py:120} INFO - [2024-07-26T04:02:04.636+0000] {dag.py:2585} INFO - Sync 1 DAGs
[2024-07-26T04:02:04.656+0000] {logging_mixin.py:120} INFO - [2024-07-26T04:02:04.656+0000] {dag.py:3340} INFO - Setting next_dagrun for tutorial_dag to None, run_after=None
[2024-07-26T04:02:04.675+0000] {processor.py:176} INFO - Processing /home/airflow/.local/lib/python3.7/site-packages/airflow/example_dags/tutorial_dag.py took 0.082 seconds
[2024-07-26T04:04:17.183+0000] {processor.py:154} INFO - Started process (PID=5594) to work on /home/airflow/.local/lib/python3.7/site-packages/airflow/example_dags/tutorial_dag.py
[2024-07-26T04:04:17.187+0000] {processor.py:756} INFO - Processing file /home/airflow/.local/lib/python3.7/site-packages/airflow/example_dags/tutorial_dag.py for tasks to queue
[2024-07-26T04:04:17.191+0000] {logging_mixin.py:120} INFO - [2024-07-26T04:04:17.191+0000] {dagbag.py:537} INFO - Filling up the DagBag from /home/airflow/.local/lib/python3.7/site-packages/airflow/example_dags/tutorial_dag.py
[2024-07-26T04:04:17.203+0000] {processor.py:766} INFO - DAG(s) dict_keys(['tutorial_dag']) retrieved from /home/airflow/.local/lib/python3.7/site-packages/airflow/example_dags/tutorial_dag.py
[2024-07-26T04:04:17.234+0000] {logging_mixin.py:120} INFO - [2024-07-26T04:04:17.234+0000] {dag.py:2585} INFO - Sync 1 DAGs
[2024-07-26T04:04:17.256+0000] {logging_mixin.py:120} INFO - [2024-07-26T04:04:17.256+0000] {dag.py:3340} INFO - Setting next_dagrun for tutorial_dag to None, run_after=None
[2024-07-26T04:04:17.272+0000] {processor.py:176} INFO - Processing /home/airflow/.local/lib/python3.7/site-packages/airflow/example_dags/tutorial_dag.py took 0.091 seconds
[2024-07-26T04:06:04.406+0000] {processor.py:154} INFO - Started process (PID=5657) to work on /home/airflow/.local/lib/python3.7/site-packages/airflow/example_dags/tutorial_dag.py
[2024-07-26T04:06:04.407+0000] {processor.py:756} INFO - Processing file /home/airflow/.local/lib/python3.7/site-packages/airflow/example_dags/tutorial_dag.py for tasks to queue
[2024-07-26T04:06:04.409+0000] {logging_mixin.py:120} INFO - [2024-07-26T04:06:04.409+0000] {dagbag.py:537} INFO - Filling up the DagBag from /home/airflow/.local/lib/python3.7/site-packages/airflow/example_dags/tutorial_dag.py
[2024-07-26T04:06:04.418+0000] {processor.py:766} INFO - DAG(s) dict_keys(['tutorial_dag']) retrieved from /home/airflow/.local/lib/python3.7/site-packages/airflow/example_dags/tutorial_dag.py
[2024-07-26T04:06:04.450+0000] {logging_mixin.py:120} INFO - [2024-07-26T04:06:04.450+0000] {dag.py:2585} INFO - Sync 1 DAGs
[2024-07-26T04:06:04.462+0000] {logging_mixin.py:120} INFO - [2024-07-26T04:06:04.462+0000] {dag.py:3340} INFO - Setting next_dagrun for tutorial_dag to None, run_after=None
[2024-07-26T04:06:04.472+0000] {processor.py:176} INFO - Processing /home/airflow/.local/lib/python3.7/site-packages/airflow/example_dags/tutorial_dag.py took 0.067 seconds
[2024-07-26T04:08:05.669+0000] {processor.py:154} INFO - Started process (PID=5712) to work on /home/airflow/.local/lib/python3.7/site-packages/airflow/example_dags/tutorial_dag.py
[2024-07-26T04:08:05.672+0000] {processor.py:756} INFO - Processing file /home/airflow/.local/lib/python3.7/site-packages/airflow/example_dags/tutorial_dag.py for tasks to queue
[2024-07-26T04:08:05.672+0000] {logging_mixin.py:120} INFO - [2024-07-26T04:08:05.672+0000] {dagbag.py:537} INFO - Filling up the DagBag from /home/airflow/.local/lib/python3.7/site-packages/airflow/example_dags/tutorial_dag.py
[2024-07-26T04:08:05.680+0000] {processor.py:766} INFO - DAG(s) dict_keys(['tutorial_dag']) retrieved from /home/airflow/.local/lib/python3.7/site-packages/airflow/example_dags/tutorial_dag.py
[2024-07-26T04:08:05.703+0000] {logging_mixin.py:120} INFO - [2024-07-26T04:08:05.703+0000] {dag.py:2585} INFO - Sync 1 DAGs
[2024-07-26T04:08:05.721+0000] {logging_mixin.py:120} INFO - [2024-07-26T04:08:05.721+0000] {dag.py:3340} INFO - Setting next_dagrun for tutorial_dag to None, run_after=None
[2024-07-26T04:08:05.736+0000] {processor.py:176} INFO - Processing /home/airflow/.local/lib/python3.7/site-packages/airflow/example_dags/tutorial_dag.py took 0.069 seconds
[2024-07-26T04:09:01.756+0000] {processor.py:154} INFO - Started process (PID=5776) to work on /home/airflow/.local/lib/python3.7/site-packages/airflow/example_dags/tutorial_dag.py
[2024-07-26T04:09:01.758+0000] {processor.py:756} INFO - Processing file /home/airflow/.local/lib/python3.7/site-packages/airflow/example_dags/tutorial_dag.py for tasks to queue
[2024-07-26T04:09:01.766+0000] {logging_mixin.py:120} INFO - [2024-07-26T04:09:01.766+0000] {dagbag.py:537} INFO - Filling up the DagBag from /home/airflow/.local/lib/python3.7/site-packages/airflow/example_dags/tutorial_dag.py
[2024-07-26T04:09:01.777+0000] {processor.py:766} INFO - DAG(s) dict_keys(['tutorial_dag']) retrieved from /home/airflow/.local/lib/python3.7/site-packages/airflow/example_dags/tutorial_dag.py
[2024-07-26T04:09:01.808+0000] {logging_mixin.py:120} INFO - [2024-07-26T04:09:01.808+0000] {dag.py:2585} INFO - Sync 1 DAGs
[2024-07-26T04:09:01.826+0000] {logging_mixin.py:120} INFO - [2024-07-26T04:09:01.826+0000] {dag.py:3340} INFO - Setting next_dagrun for tutorial_dag to None, run_after=None
[2024-07-26T04:09:01.846+0000] {processor.py:176} INFO - Processing /home/airflow/.local/lib/python3.7/site-packages/airflow/example_dags/tutorial_dag.py took 0.092 seconds
[2024-07-26T04:10:11.303+0000] {processor.py:154} INFO - Started process (PID=5841) to work on /home/airflow/.local/lib/python3.7/site-packages/airflow/example_dags/tutorial_dag.py
[2024-07-26T04:10:11.303+0000] {processor.py:756} INFO - Processing file /home/airflow/.local/lib/python3.7/site-packages/airflow/example_dags/tutorial_dag.py for tasks to queue
[2024-07-26T04:10:11.304+0000] {logging_mixin.py:120} INFO - [2024-07-26T04:10:11.304+0000] {dagbag.py:537} INFO - Filling up the DagBag from /home/airflow/.local/lib/python3.7/site-packages/airflow/example_dags/tutorial_dag.py
[2024-07-26T04:10:11.311+0000] {processor.py:766} INFO - DAG(s) dict_keys(['tutorial_dag']) retrieved from /home/airflow/.local/lib/python3.7/site-packages/airflow/example_dags/tutorial_dag.py
[2024-07-26T04:10:11.340+0000] {logging_mixin.py:120} INFO - [2024-07-26T04:10:11.340+0000] {dag.py:2585} INFO - Sync 1 DAGs
[2024-07-26T04:10:11.355+0000] {logging_mixin.py:120} INFO - [2024-07-26T04:10:11.355+0000] {dag.py:3340} INFO - Setting next_dagrun for tutorial_dag to None, run_after=None
[2024-07-26T04:10:11.370+0000] {processor.py:176} INFO - Processing /home/airflow/.local/lib/python3.7/site-packages/airflow/example_dags/tutorial_dag.py took 0.069 seconds
[2024-07-26T04:11:37.667+0000] {processor.py:154} INFO - Started process (PID=5905) to work on /home/airflow/.local/lib/python3.7/site-packages/airflow/example_dags/tutorial_dag.py
[2024-07-26T04:11:37.668+0000] {processor.py:756} INFO - Processing file /home/airflow/.local/lib/python3.7/site-packages/airflow/example_dags/tutorial_dag.py for tasks to queue
[2024-07-26T04:11:37.668+0000] {logging_mixin.py:120} INFO - [2024-07-26T04:11:37.668+0000] {dagbag.py:537} INFO - Filling up the DagBag from /home/airflow/.local/lib/python3.7/site-packages/airflow/example_dags/tutorial_dag.py
[2024-07-26T04:11:37.676+0000] {processor.py:766} INFO - DAG(s) dict_keys(['tutorial_dag']) retrieved from /home/airflow/.local/lib/python3.7/site-packages/airflow/example_dags/tutorial_dag.py
[2024-07-26T04:11:37.706+0000] {logging_mixin.py:120} INFO - [2024-07-26T04:11:37.706+0000] {dag.py:2585} INFO - Sync 1 DAGs
[2024-07-26T04:11:38.077+0000] {logging_mixin.py:120} INFO - [2024-07-26T04:11:38.077+0000] {dag.py:3340} INFO - Setting next_dagrun for tutorial_dag to None, run_after=None
[2024-07-26T04:11:38.211+0000] {processor.py:176} INFO - Processing /home/airflow/.local/lib/python3.7/site-packages/airflow/example_dags/tutorial_dag.py took 0.546 seconds
[2024-07-26T04:12:21.269+0000] {processor.py:154} INFO - Started process (PID=5969) to work on /home/airflow/.local/lib/python3.7/site-packages/airflow/example_dags/tutorial_dag.py
[2024-07-26T04:12:21.270+0000] {processor.py:756} INFO - Processing file /home/airflow/.local/lib/python3.7/site-packages/airflow/example_dags/tutorial_dag.py for tasks to queue
[2024-07-26T04:12:21.270+0000] {logging_mixin.py:120} INFO - [2024-07-26T04:12:21.270+0000] {dagbag.py:537} INFO - Filling up the DagBag from /home/airflow/.local/lib/python3.7/site-packages/airflow/example_dags/tutorial_dag.py
[2024-07-26T04:12:21.278+0000] {processor.py:766} INFO - DAG(s) dict_keys(['tutorial_dag']) retrieved from /home/airflow/.local/lib/python3.7/site-packages/airflow/example_dags/tutorial_dag.py
[2024-07-26T04:12:21.303+0000] {logging_mixin.py:120} INFO - [2024-07-26T04:12:21.303+0000] {dag.py:2585} INFO - Sync 1 DAGs
[2024-07-26T04:12:21.319+0000] {logging_mixin.py:120} INFO - [2024-07-26T04:12:21.319+0000] {dag.py:3340} INFO - Setting next_dagrun for tutorial_dag to None, run_after=None
[2024-07-26T04:12:21.330+0000] {processor.py:176} INFO - Processing /home/airflow/.local/lib/python3.7/site-packages/airflow/example_dags/tutorial_dag.py took 0.063 seconds
[2024-07-26T04:13:14.497+0000] {processor.py:154} INFO - Started process (PID=6024) to work on /home/airflow/.local/lib/python3.7/site-packages/airflow/example_dags/tutorial_dag.py
[2024-07-26T04:13:14.498+0000] {processor.py:756} INFO - Processing file /home/airflow/.local/lib/python3.7/site-packages/airflow/example_dags/tutorial_dag.py for tasks to queue
[2024-07-26T04:13:14.499+0000] {logging_mixin.py:120} INFO - [2024-07-26T04:13:14.499+0000] {dagbag.py:537} INFO - Filling up the DagBag from /home/airflow/.local/lib/python3.7/site-packages/airflow/example_dags/tutorial_dag.py
[2024-07-26T04:13:14.509+0000] {processor.py:766} INFO - DAG(s) dict_keys(['tutorial_dag']) retrieved from /home/airflow/.local/lib/python3.7/site-packages/airflow/example_dags/tutorial_dag.py
[2024-07-26T04:13:14.535+0000] {logging_mixin.py:120} INFO - [2024-07-26T04:13:14.535+0000] {dag.py:2585} INFO - Sync 1 DAGs
[2024-07-26T04:13:14.551+0000] {logging_mixin.py:120} INFO - [2024-07-26T04:13:14.551+0000] {dag.py:3340} INFO - Setting next_dagrun for tutorial_dag to None, run_after=None
[2024-07-26T04:13:14.566+0000] {processor.py:176} INFO - Processing /home/airflow/.local/lib/python3.7/site-packages/airflow/example_dags/tutorial_dag.py took 0.072 seconds
[2024-07-26T04:14:05.366+0000] {processor.py:154} INFO - Started process (PID=6087) to work on /home/airflow/.local/lib/python3.7/site-packages/airflow/example_dags/tutorial_dag.py
[2024-07-26T04:14:05.368+0000] {processor.py:756} INFO - Processing file /home/airflow/.local/lib/python3.7/site-packages/airflow/example_dags/tutorial_dag.py for tasks to queue
[2024-07-26T04:14:05.368+0000] {logging_mixin.py:120} INFO - [2024-07-26T04:14:05.368+0000] {dagbag.py:537} INFO - Filling up the DagBag from /home/airflow/.local/lib/python3.7/site-packages/airflow/example_dags/tutorial_dag.py
[2024-07-26T04:14:05.379+0000] {processor.py:766} INFO - DAG(s) dict_keys(['tutorial_dag']) retrieved from /home/airflow/.local/lib/python3.7/site-packages/airflow/example_dags/tutorial_dag.py
[2024-07-26T04:14:05.435+0000] {logging_mixin.py:120} INFO - [2024-07-26T04:14:05.435+0000] {dag.py:2585} INFO - Sync 1 DAGs
[2024-07-26T04:14:05.452+0000] {logging_mixin.py:120} INFO - [2024-07-26T04:14:05.452+0000] {dag.py:3340} INFO - Setting next_dagrun for tutorial_dag to None, run_after=None
[2024-07-26T04:14:05.468+0000] {processor.py:176} INFO - Processing /home/airflow/.local/lib/python3.7/site-packages/airflow/example_dags/tutorial_dag.py took 0.104 seconds
[2024-07-26T04:18:33.982+0000] {processor.py:154} INFO - Started process (PID=6151) to work on /home/airflow/.local/lib/python3.7/site-packages/airflow/example_dags/tutorial_dag.py
[2024-07-26T04:18:33.984+0000] {processor.py:756} INFO - Processing file /home/airflow/.local/lib/python3.7/site-packages/airflow/example_dags/tutorial_dag.py for tasks to queue
[2024-07-26T04:18:33.984+0000] {logging_mixin.py:120} INFO - [2024-07-26T04:18:33.984+0000] {dagbag.py:537} INFO - Filling up the DagBag from /home/airflow/.local/lib/python3.7/site-packages/airflow/example_dags/tutorial_dag.py
[2024-07-26T04:18:33.994+0000] {processor.py:766} INFO - DAG(s) dict_keys(['tutorial_dag']) retrieved from /home/airflow/.local/lib/python3.7/site-packages/airflow/example_dags/tutorial_dag.py
[2024-07-26T04:18:34.025+0000] {logging_mixin.py:120} INFO - [2024-07-26T04:18:34.025+0000] {dag.py:2585} INFO - Sync 1 DAGs
[2024-07-26T04:18:34.046+0000] {logging_mixin.py:120} INFO - [2024-07-26T04:18:34.046+0000] {dag.py:3340} INFO - Setting next_dagrun for tutorial_dag to None, run_after=None
[2024-07-26T04:18:34.066+0000] {processor.py:176} INFO - Processing /home/airflow/.local/lib/python3.7/site-packages/airflow/example_dags/tutorial_dag.py took 0.085 seconds
[2024-07-26T04:19:16.236+0000] {processor.py:154} INFO - Started process (PID=6215) to work on /home/airflow/.local/lib/python3.7/site-packages/airflow/example_dags/tutorial_dag.py
[2024-07-26T04:19:16.237+0000] {processor.py:756} INFO - Processing file /home/airflow/.local/lib/python3.7/site-packages/airflow/example_dags/tutorial_dag.py for tasks to queue
[2024-07-26T04:19:16.237+0000] {logging_mixin.py:120} INFO - [2024-07-26T04:19:16.237+0000] {dagbag.py:537} INFO - Filling up the DagBag from /home/airflow/.local/lib/python3.7/site-packages/airflow/example_dags/tutorial_dag.py
[2024-07-26T04:19:16.244+0000] {processor.py:766} INFO - DAG(s) dict_keys(['tutorial_dag']) retrieved from /home/airflow/.local/lib/python3.7/site-packages/airflow/example_dags/tutorial_dag.py
[2024-07-26T04:19:16.266+0000] {logging_mixin.py:120} INFO - [2024-07-26T04:19:16.266+0000] {dag.py:2585} INFO - Sync 1 DAGs
[2024-07-26T04:19:16.279+0000] {logging_mixin.py:120} INFO - [2024-07-26T04:19:16.278+0000] {dag.py:3340} INFO - Setting next_dagrun for tutorial_dag to None, run_after=None
[2024-07-26T04:19:16.289+0000] {processor.py:176} INFO - Processing /home/airflow/.local/lib/python3.7/site-packages/airflow/example_dags/tutorial_dag.py took 0.055 seconds
[2024-07-26T04:20:37.859+0000] {processor.py:154} INFO - Started process (PID=6270) to work on /home/airflow/.local/lib/python3.7/site-packages/airflow/example_dags/tutorial_dag.py
[2024-07-26T04:20:37.860+0000] {processor.py:756} INFO - Processing file /home/airflow/.local/lib/python3.7/site-packages/airflow/example_dags/tutorial_dag.py for tasks to queue
[2024-07-26T04:20:37.860+0000] {logging_mixin.py:120} INFO - [2024-07-26T04:20:37.860+0000] {dagbag.py:537} INFO - Filling up the DagBag from /home/airflow/.local/lib/python3.7/site-packages/airflow/example_dags/tutorial_dag.py
[2024-07-26T04:20:37.868+0000] {processor.py:766} INFO - DAG(s) dict_keys(['tutorial_dag']) retrieved from /home/airflow/.local/lib/python3.7/site-packages/airflow/example_dags/tutorial_dag.py
[2024-07-26T04:20:37.897+0000] {logging_mixin.py:120} INFO - [2024-07-26T04:20:37.897+0000] {dag.py:2585} INFO - Sync 1 DAGs
[2024-07-26T04:20:37.918+0000] {logging_mixin.py:120} INFO - [2024-07-26T04:20:37.918+0000] {dag.py:3340} INFO - Setting next_dagrun for tutorial_dag to None, run_after=None
[2024-07-26T04:20:37.936+0000] {processor.py:176} INFO - Processing /home/airflow/.local/lib/python3.7/site-packages/airflow/example_dags/tutorial_dag.py took 0.078 seconds
[2024-07-26T04:21:41.797+0000] {processor.py:154} INFO - Started process (PID=6333) to work on /home/airflow/.local/lib/python3.7/site-packages/airflow/example_dags/tutorial_dag.py
[2024-07-26T04:21:41.798+0000] {processor.py:756} INFO - Processing file /home/airflow/.local/lib/python3.7/site-packages/airflow/example_dags/tutorial_dag.py for tasks to queue
[2024-07-26T04:21:41.798+0000] {logging_mixin.py:120} INFO - [2024-07-26T04:21:41.798+0000] {dagbag.py:537} INFO - Filling up the DagBag from /home/airflow/.local/lib/python3.7/site-packages/airflow/example_dags/tutorial_dag.py
[2024-07-26T04:21:41.808+0000] {processor.py:766} INFO - DAG(s) dict_keys(['tutorial_dag']) retrieved from /home/airflow/.local/lib/python3.7/site-packages/airflow/example_dags/tutorial_dag.py
[2024-07-26T04:21:41.835+0000] {logging_mixin.py:120} INFO - [2024-07-26T04:21:41.835+0000] {dag.py:2585} INFO - Sync 1 DAGs
[2024-07-26T04:21:41.848+0000] {logging_mixin.py:120} INFO - [2024-07-26T04:21:41.848+0000] {dag.py:3340} INFO - Setting next_dagrun for tutorial_dag to None, run_after=None
[2024-07-26T04:21:41.860+0000] {processor.py:176} INFO - Processing /home/airflow/.local/lib/python3.7/site-packages/airflow/example_dags/tutorial_dag.py took 0.065 seconds
[2024-07-26T04:22:48.116+0000] {processor.py:154} INFO - Started process (PID=6397) to work on /home/airflow/.local/lib/python3.7/site-packages/airflow/example_dags/tutorial_dag.py
[2024-07-26T04:22:48.117+0000] {processor.py:756} INFO - Processing file /home/airflow/.local/lib/python3.7/site-packages/airflow/example_dags/tutorial_dag.py for tasks to queue
[2024-07-26T04:22:48.121+0000] {logging_mixin.py:120} INFO - [2024-07-26T04:22:48.121+0000] {dagbag.py:537} INFO - Filling up the DagBag from /home/airflow/.local/lib/python3.7/site-packages/airflow/example_dags/tutorial_dag.py
[2024-07-26T04:22:48.131+0000] {processor.py:766} INFO - DAG(s) dict_keys(['tutorial_dag']) retrieved from /home/airflow/.local/lib/python3.7/site-packages/airflow/example_dags/tutorial_dag.py
[2024-07-26T04:22:48.157+0000] {logging_mixin.py:120} INFO - [2024-07-26T04:22:48.157+0000] {dag.py:2585} INFO - Sync 1 DAGs
[2024-07-26T04:22:48.171+0000] {logging_mixin.py:120} INFO - [2024-07-26T04:22:48.171+0000] {dag.py:3340} INFO - Setting next_dagrun for tutorial_dag to None, run_after=None
[2024-07-26T04:22:48.184+0000] {processor.py:176} INFO - Processing /home/airflow/.local/lib/python3.7/site-packages/airflow/example_dags/tutorial_dag.py took 0.070 seconds
[2024-07-26T04:34:01.066+0000] {processor.py:154} INFO - Started process (PID=6461) to work on /home/airflow/.local/lib/python3.7/site-packages/airflow/example_dags/tutorial_dag.py
[2024-07-26T04:34:01.071+0000] {processor.py:756} INFO - Processing file /home/airflow/.local/lib/python3.7/site-packages/airflow/example_dags/tutorial_dag.py for tasks to queue
[2024-07-26T04:34:01.072+0000] {logging_mixin.py:120} INFO - [2024-07-26T04:34:01.072+0000] {dagbag.py:537} INFO - Filling up the DagBag from /home/airflow/.local/lib/python3.7/site-packages/airflow/example_dags/tutorial_dag.py
[2024-07-26T04:34:01.093+0000] {processor.py:766} INFO - DAG(s) dict_keys(['tutorial_dag']) retrieved from /home/airflow/.local/lib/python3.7/site-packages/airflow/example_dags/tutorial_dag.py
[2024-07-26T04:34:01.148+0000] {logging_mixin.py:120} INFO - [2024-07-26T04:34:01.148+0000] {dag.py:2585} INFO - Sync 1 DAGs
[2024-07-26T04:34:01.188+0000] {logging_mixin.py:120} INFO - [2024-07-26T04:34:01.188+0000] {dag.py:3340} INFO - Setting next_dagrun for tutorial_dag to None, run_after=None
[2024-07-26T04:34:01.218+0000] {processor.py:176} INFO - Processing /home/airflow/.local/lib/python3.7/site-packages/airflow/example_dags/tutorial_dag.py took 0.159 seconds
[2024-07-26T04:49:13.410+0000] {processor.py:154} INFO - Started process (PID=6525) to work on /home/airflow/.local/lib/python3.7/site-packages/airflow/example_dags/tutorial_dag.py
[2024-07-26T04:49:13.411+0000] {processor.py:756} INFO - Processing file /home/airflow/.local/lib/python3.7/site-packages/airflow/example_dags/tutorial_dag.py for tasks to queue
[2024-07-26T04:49:13.414+0000] {logging_mixin.py:120} INFO - [2024-07-26T04:49:13.414+0000] {dagbag.py:537} INFO - Filling up the DagBag from /home/airflow/.local/lib/python3.7/site-packages/airflow/example_dags/tutorial_dag.py
[2024-07-26T04:49:13.421+0000] {processor.py:766} INFO - DAG(s) dict_keys(['tutorial_dag']) retrieved from /home/airflow/.local/lib/python3.7/site-packages/airflow/example_dags/tutorial_dag.py
[2024-07-26T04:49:13.457+0000] {logging_mixin.py:120} INFO - [2024-07-26T04:49:13.457+0000] {dag.py:2585} INFO - Sync 1 DAGs
[2024-07-26T04:49:13.475+0000] {logging_mixin.py:120} INFO - [2024-07-26T04:49:13.474+0000] {dag.py:3340} INFO - Setting next_dagrun for tutorial_dag to None, run_after=None
[2024-07-26T04:49:13.490+0000] {processor.py:176} INFO - Processing /home/airflow/.local/lib/python3.7/site-packages/airflow/example_dags/tutorial_dag.py took 0.082 seconds
[2024-07-26T04:53:38.214+0000] {processor.py:154} INFO - Started process (PID=6580) to work on /home/airflow/.local/lib/python3.7/site-packages/airflow/example_dags/tutorial_dag.py
[2024-07-26T04:53:38.216+0000] {processor.py:756} INFO - Processing file /home/airflow/.local/lib/python3.7/site-packages/airflow/example_dags/tutorial_dag.py for tasks to queue
[2024-07-26T04:53:38.216+0000] {logging_mixin.py:120} INFO - [2024-07-26T04:53:38.216+0000] {dagbag.py:537} INFO - Filling up the DagBag from /home/airflow/.local/lib/python3.7/site-packages/airflow/example_dags/tutorial_dag.py
[2024-07-26T04:53:38.226+0000] {processor.py:766} INFO - DAG(s) dict_keys(['tutorial_dag']) retrieved from /home/airflow/.local/lib/python3.7/site-packages/airflow/example_dags/tutorial_dag.py
[2024-07-26T04:53:38.269+0000] {logging_mixin.py:120} INFO - [2024-07-26T04:53:38.268+0000] {dag.py:2585} INFO - Sync 1 DAGs
[2024-07-26T04:53:38.287+0000] {logging_mixin.py:120} INFO - [2024-07-26T04:53:38.286+0000] {dag.py:3340} INFO - Setting next_dagrun for tutorial_dag to None, run_after=None
[2024-07-26T04:53:38.301+0000] {processor.py:176} INFO - Processing /home/airflow/.local/lib/python3.7/site-packages/airflow/example_dags/tutorial_dag.py took 0.101 seconds
[2024-07-26T05:02:50.430+0000] {processor.py:154} INFO - Started process (PID=6644) to work on /home/airflow/.local/lib/python3.7/site-packages/airflow/example_dags/tutorial_dag.py
[2024-07-26T05:02:50.431+0000] {processor.py:756} INFO - Processing file /home/airflow/.local/lib/python3.7/site-packages/airflow/example_dags/tutorial_dag.py for tasks to queue
[2024-07-26T05:02:50.433+0000] {logging_mixin.py:120} INFO - [2024-07-26T05:02:50.433+0000] {dagbag.py:537} INFO - Filling up the DagBag from /home/airflow/.local/lib/python3.7/site-packages/airflow/example_dags/tutorial_dag.py
[2024-07-26T05:02:50.447+0000] {processor.py:766} INFO - DAG(s) dict_keys(['tutorial_dag']) retrieved from /home/airflow/.local/lib/python3.7/site-packages/airflow/example_dags/tutorial_dag.py
[2024-07-26T05:02:50.483+0000] {logging_mixin.py:120} INFO - [2024-07-26T05:02:50.483+0000] {dag.py:2585} INFO - Sync 1 DAGs
[2024-07-26T05:02:50.504+0000] {logging_mixin.py:120} INFO - [2024-07-26T05:02:50.504+0000] {dag.py:3340} INFO - Setting next_dagrun for tutorial_dag to None, run_after=None
[2024-07-26T05:02:50.519+0000] {processor.py:176} INFO - Processing /home/airflow/.local/lib/python3.7/site-packages/airflow/example_dags/tutorial_dag.py took 0.094 seconds
[2024-07-26T05:15:52.711+0000] {processor.py:154} INFO - Started process (PID=6708) to work on /home/airflow/.local/lib/python3.7/site-packages/airflow/example_dags/tutorial_dag.py
[2024-07-26T05:15:52.713+0000] {processor.py:756} INFO - Processing file /home/airflow/.local/lib/python3.7/site-packages/airflow/example_dags/tutorial_dag.py for tasks to queue
[2024-07-26T05:15:52.713+0000] {logging_mixin.py:120} INFO - [2024-07-26T05:15:52.713+0000] {dagbag.py:537} INFO - Filling up the DagBag from /home/airflow/.local/lib/python3.7/site-packages/airflow/example_dags/tutorial_dag.py
[2024-07-26T05:15:52.722+0000] {processor.py:766} INFO - DAG(s) dict_keys(['tutorial_dag']) retrieved from /home/airflow/.local/lib/python3.7/site-packages/airflow/example_dags/tutorial_dag.py
[2024-07-26T05:15:52.754+0000] {logging_mixin.py:120} INFO - [2024-07-26T05:15:52.753+0000] {dag.py:2585} INFO - Sync 1 DAGs
[2024-07-26T05:15:52.773+0000] {logging_mixin.py:120} INFO - [2024-07-26T05:15:52.773+0000] {dag.py:3340} INFO - Setting next_dagrun for tutorial_dag to None, run_after=None
[2024-07-26T05:15:52.798+0000] {processor.py:176} INFO - Processing /home/airflow/.local/lib/python3.7/site-packages/airflow/example_dags/tutorial_dag.py took 0.089 seconds
[2024-07-26T05:33:29.567+0000] {processor.py:154} INFO - Started process (PID=6772) to work on /home/airflow/.local/lib/python3.7/site-packages/airflow/example_dags/tutorial_dag.py
[2024-07-26T05:33:29.568+0000] {processor.py:756} INFO - Processing file /home/airflow/.local/lib/python3.7/site-packages/airflow/example_dags/tutorial_dag.py for tasks to queue
[2024-07-26T05:33:29.568+0000] {logging_mixin.py:120} INFO - [2024-07-26T05:33:29.568+0000] {dagbag.py:537} INFO - Filling up the DagBag from /home/airflow/.local/lib/python3.7/site-packages/airflow/example_dags/tutorial_dag.py
[2024-07-26T05:33:29.577+0000] {processor.py:766} INFO - DAG(s) dict_keys(['tutorial_dag']) retrieved from /home/airflow/.local/lib/python3.7/site-packages/airflow/example_dags/tutorial_dag.py
[2024-07-26T05:33:29.609+0000] {logging_mixin.py:120} INFO - [2024-07-26T05:33:29.609+0000] {dag.py:2585} INFO - Sync 1 DAGs
[2024-07-26T05:33:29.637+0000] {logging_mixin.py:120} INFO - [2024-07-26T05:33:29.637+0000] {dag.py:3340} INFO - Setting next_dagrun for tutorial_dag to None, run_after=None
[2024-07-26T05:33:29.659+0000] {processor.py:176} INFO - Processing /home/airflow/.local/lib/python3.7/site-packages/airflow/example_dags/tutorial_dag.py took 0.094 seconds
[2024-07-26T06:09:36.925+0000] {processor.py:154} INFO - Started process (PID=6835) to work on /home/airflow/.local/lib/python3.7/site-packages/airflow/example_dags/tutorial_dag.py
[2024-07-26T06:09:36.929+0000] {processor.py:756} INFO - Processing file /home/airflow/.local/lib/python3.7/site-packages/airflow/example_dags/tutorial_dag.py for tasks to queue
[2024-07-26T06:09:36.929+0000] {logging_mixin.py:120} INFO - [2024-07-26T06:09:36.929+0000] {dagbag.py:537} INFO - Filling up the DagBag from /home/airflow/.local/lib/python3.7/site-packages/airflow/example_dags/tutorial_dag.py
[2024-07-26T06:09:36.939+0000] {processor.py:766} INFO - DAG(s) dict_keys(['tutorial_dag']) retrieved from /home/airflow/.local/lib/python3.7/site-packages/airflow/example_dags/tutorial_dag.py
[2024-07-26T06:09:36.976+0000] {logging_mixin.py:120} INFO - [2024-07-26T06:09:36.976+0000] {dag.py:2585} INFO - Sync 1 DAGs
[2024-07-26T06:09:36.990+0000] {logging_mixin.py:120} INFO - [2024-07-26T06:09:36.990+0000] {dag.py:3340} INFO - Setting next_dagrun for tutorial_dag to None, run_after=None
[2024-07-26T06:09:37.009+0000] {processor.py:176} INFO - Processing /home/airflow/.local/lib/python3.7/site-packages/airflow/example_dags/tutorial_dag.py took 0.087 seconds
[2024-07-26T07:10:33.895+0000] {processor.py:154} INFO - Started process (PID=6890) to work on /home/airflow/.local/lib/python3.7/site-packages/airflow/example_dags/tutorial_dag.py
[2024-07-26T07:10:33.896+0000] {processor.py:756} INFO - Processing file /home/airflow/.local/lib/python3.7/site-packages/airflow/example_dags/tutorial_dag.py for tasks to queue
[2024-07-26T07:10:33.897+0000] {logging_mixin.py:120} INFO - [2024-07-26T07:10:33.897+0000] {dagbag.py:537} INFO - Filling up the DagBag from /home/airflow/.local/lib/python3.7/site-packages/airflow/example_dags/tutorial_dag.py
[2024-07-26T07:10:33.907+0000] {processor.py:766} INFO - DAG(s) dict_keys(['tutorial_dag']) retrieved from /home/airflow/.local/lib/python3.7/site-packages/airflow/example_dags/tutorial_dag.py
[2024-07-26T07:10:33.940+0000] {logging_mixin.py:120} INFO - [2024-07-26T07:10:33.940+0000] {dag.py:2585} INFO - Sync 1 DAGs
[2024-07-26T07:10:33.956+0000] {logging_mixin.py:120} INFO - [2024-07-26T07:10:33.956+0000] {dag.py:3340} INFO - Setting next_dagrun for tutorial_dag to None, run_after=None
[2024-07-26T07:10:33.970+0000] {processor.py:176} INFO - Processing /home/airflow/.local/lib/python3.7/site-packages/airflow/example_dags/tutorial_dag.py took 0.078 seconds
[2024-07-26T08:11:48.214+0000] {processor.py:154} INFO - Started process (PID=6954) to work on /home/airflow/.local/lib/python3.7/site-packages/airflow/example_dags/tutorial_dag.py
[2024-07-26T08:11:48.216+0000] {processor.py:756} INFO - Processing file /home/airflow/.local/lib/python3.7/site-packages/airflow/example_dags/tutorial_dag.py for tasks to queue
[2024-07-26T08:11:48.217+0000] {logging_mixin.py:120} INFO - [2024-07-26T08:11:48.216+0000] {dagbag.py:537} INFO - Filling up the DagBag from /home/airflow/.local/lib/python3.7/site-packages/airflow/example_dags/tutorial_dag.py
[2024-07-26T08:11:48.224+0000] {processor.py:766} INFO - DAG(s) dict_keys(['tutorial_dag']) retrieved from /home/airflow/.local/lib/python3.7/site-packages/airflow/example_dags/tutorial_dag.py
[2024-07-26T08:11:48.252+0000] {logging_mixin.py:120} INFO - [2024-07-26T08:11:48.252+0000] {dag.py:2585} INFO - Sync 1 DAGs
[2024-07-26T08:11:48.271+0000] {logging_mixin.py:120} INFO - [2024-07-26T08:11:48.271+0000] {dag.py:3340} INFO - Setting next_dagrun for tutorial_dag to None, run_after=None
[2024-07-26T08:11:48.288+0000] {processor.py:176} INFO - Processing /home/airflow/.local/lib/python3.7/site-packages/airflow/example_dags/tutorial_dag.py took 0.076 seconds
[2024-07-26T08:36:12.066+0000] {processor.py:154} INFO - Started process (PID=7018) to work on /home/airflow/.local/lib/python3.7/site-packages/airflow/example_dags/tutorial_dag.py
[2024-07-26T08:36:12.070+0000] {processor.py:756} INFO - Processing file /home/airflow/.local/lib/python3.7/site-packages/airflow/example_dags/tutorial_dag.py for tasks to queue
[2024-07-26T08:36:12.071+0000] {logging_mixin.py:120} INFO - [2024-07-26T08:36:12.071+0000] {dagbag.py:537} INFO - Filling up the DagBag from /home/airflow/.local/lib/python3.7/site-packages/airflow/example_dags/tutorial_dag.py
[2024-07-26T08:36:12.079+0000] {processor.py:766} INFO - DAG(s) dict_keys(['tutorial_dag']) retrieved from /home/airflow/.local/lib/python3.7/site-packages/airflow/example_dags/tutorial_dag.py
[2024-07-26T08:36:12.102+0000] {logging_mixin.py:120} INFO - [2024-07-26T08:36:12.102+0000] {dag.py:2585} INFO - Sync 1 DAGs
[2024-07-26T08:36:12.118+0000] {logging_mixin.py:120} INFO - [2024-07-26T08:36:12.118+0000] {dag.py:3340} INFO - Setting next_dagrun for tutorial_dag to None, run_after=None
[2024-07-26T08:36:12.131+0000] {processor.py:176} INFO - Processing /home/airflow/.local/lib/python3.7/site-packages/airflow/example_dags/tutorial_dag.py took 0.066 seconds
[2024-07-26T09:29:26.679+0000] {processor.py:154} INFO - Started process (PID=7082) to work on /home/airflow/.local/lib/python3.7/site-packages/airflow/example_dags/tutorial_dag.py
[2024-07-26T09:29:26.680+0000] {processor.py:756} INFO - Processing file /home/airflow/.local/lib/python3.7/site-packages/airflow/example_dags/tutorial_dag.py for tasks to queue
[2024-07-26T09:29:26.682+0000] {logging_mixin.py:120} INFO - [2024-07-26T09:29:26.681+0000] {dagbag.py:537} INFO - Filling up the DagBag from /home/airflow/.local/lib/python3.7/site-packages/airflow/example_dags/tutorial_dag.py
[2024-07-26T09:29:26.692+0000] {processor.py:766} INFO - DAG(s) dict_keys(['tutorial_dag']) retrieved from /home/airflow/.local/lib/python3.7/site-packages/airflow/example_dags/tutorial_dag.py
[2024-07-26T09:29:26.732+0000] {logging_mixin.py:120} INFO - [2024-07-26T09:29:26.732+0000] {dag.py:2585} INFO - Sync 1 DAGs
[2024-07-26T09:29:26.753+0000] {logging_mixin.py:120} INFO - [2024-07-26T09:29:26.753+0000] {dag.py:3340} INFO - Setting next_dagrun for tutorial_dag to None, run_after=None
[2024-07-26T09:29:26.773+0000] {processor.py:176} INFO - Processing /home/airflow/.local/lib/python3.7/site-packages/airflow/example_dags/tutorial_dag.py took 0.096 seconds
[2024-07-26T10:30:31.128+0000] {processor.py:154} INFO - Started process (PID=7137) to work on /home/airflow/.local/lib/python3.7/site-packages/airflow/example_dags/tutorial_dag.py
[2024-07-26T10:30:31.129+0000] {processor.py:756} INFO - Processing file /home/airflow/.local/lib/python3.7/site-packages/airflow/example_dags/tutorial_dag.py for tasks to queue
[2024-07-26T10:30:31.130+0000] {logging_mixin.py:120} INFO - [2024-07-26T10:30:31.130+0000] {dagbag.py:537} INFO - Filling up the DagBag from /home/airflow/.local/lib/python3.7/site-packages/airflow/example_dags/tutorial_dag.py
[2024-07-26T10:30:31.142+0000] {processor.py:766} INFO - DAG(s) dict_keys(['tutorial_dag']) retrieved from /home/airflow/.local/lib/python3.7/site-packages/airflow/example_dags/tutorial_dag.py
[2024-07-26T10:30:31.179+0000] {logging_mixin.py:120} INFO - [2024-07-26T10:30:31.179+0000] {dag.py:2585} INFO - Sync 1 DAGs
[2024-07-26T10:30:31.200+0000] {logging_mixin.py:120} INFO - [2024-07-26T10:30:31.200+0000] {dag.py:3340} INFO - Setting next_dagrun for tutorial_dag to None, run_after=None
[2024-07-26T10:30:31.213+0000] {processor.py:176} INFO - Processing /home/airflow/.local/lib/python3.7/site-packages/airflow/example_dags/tutorial_dag.py took 0.087 seconds
[2024-07-26T10:39:57.007+0000] {processor.py:154} INFO - Started process (PID=7201) to work on /home/airflow/.local/lib/python3.7/site-packages/airflow/example_dags/tutorial_dag.py
[2024-07-26T10:39:57.012+0000] {processor.py:756} INFO - Processing file /home/airflow/.local/lib/python3.7/site-packages/airflow/example_dags/tutorial_dag.py for tasks to queue
[2024-07-26T10:39:57.012+0000] {logging_mixin.py:120} INFO - [2024-07-26T10:39:57.012+0000] {dagbag.py:537} INFO - Filling up the DagBag from /home/airflow/.local/lib/python3.7/site-packages/airflow/example_dags/tutorial_dag.py
[2024-07-26T10:39:57.021+0000] {processor.py:766} INFO - DAG(s) dict_keys(['tutorial_dag']) retrieved from /home/airflow/.local/lib/python3.7/site-packages/airflow/example_dags/tutorial_dag.py
[2024-07-26T10:39:57.048+0000] {logging_mixin.py:120} INFO - [2024-07-26T10:39:57.048+0000] {dag.py:2585} INFO - Sync 1 DAGs
[2024-07-26T10:39:57.077+0000] {logging_mixin.py:120} INFO - [2024-07-26T10:39:57.077+0000] {dag.py:3340} INFO - Setting next_dagrun for tutorial_dag to None, run_after=None
[2024-07-26T10:39:57.091+0000] {processor.py:176} INFO - Processing /home/airflow/.local/lib/python3.7/site-packages/airflow/example_dags/tutorial_dag.py took 0.085 seconds
[2024-07-26T11:48:31.074+0000] {processor.py:154} INFO - Started process (PID=7265) to work on /home/airflow/.local/lib/python3.7/site-packages/airflow/example_dags/tutorial_dag.py
[2024-07-26T11:48:31.076+0000] {processor.py:756} INFO - Processing file /home/airflow/.local/lib/python3.7/site-packages/airflow/example_dags/tutorial_dag.py for tasks to queue
[2024-07-26T11:48:31.076+0000] {logging_mixin.py:120} INFO - [2024-07-26T11:48:31.076+0000] {dagbag.py:537} INFO - Filling up the DagBag from /home/airflow/.local/lib/python3.7/site-packages/airflow/example_dags/tutorial_dag.py
[2024-07-26T11:48:31.090+0000] {processor.py:766} INFO - DAG(s) dict_keys(['tutorial_dag']) retrieved from /home/airflow/.local/lib/python3.7/site-packages/airflow/example_dags/tutorial_dag.py
[2024-07-26T11:48:31.131+0000] {logging_mixin.py:120} INFO - [2024-07-26T11:48:31.131+0000] {dag.py:2585} INFO - Sync 1 DAGs
[2024-07-26T11:48:31.154+0000] {logging_mixin.py:120} INFO - [2024-07-26T11:48:31.154+0000] {dag.py:3340} INFO - Setting next_dagrun for tutorial_dag to None, run_after=None
[2024-07-26T11:48:31.176+0000] {processor.py:176} INFO - Processing /home/airflow/.local/lib/python3.7/site-packages/airflow/example_dags/tutorial_dag.py took 0.104 seconds
[2024-07-26T12:13:06.397+0000] {processor.py:154} INFO - Started process (PID=7329) to work on /home/airflow/.local/lib/python3.7/site-packages/airflow/example_dags/tutorial_dag.py
[2024-07-26T12:13:06.398+0000] {processor.py:756} INFO - Processing file /home/airflow/.local/lib/python3.7/site-packages/airflow/example_dags/tutorial_dag.py for tasks to queue
[2024-07-26T12:13:06.400+0000] {logging_mixin.py:120} INFO - [2024-07-26T12:13:06.400+0000] {dagbag.py:537} INFO - Filling up the DagBag from /home/airflow/.local/lib/python3.7/site-packages/airflow/example_dags/tutorial_dag.py
[2024-07-26T12:13:06.414+0000] {processor.py:766} INFO - DAG(s) dict_keys(['tutorial_dag']) retrieved from /home/airflow/.local/lib/python3.7/site-packages/airflow/example_dags/tutorial_dag.py
[2024-07-26T12:13:06.447+0000] {logging_mixin.py:120} INFO - [2024-07-26T12:13:06.447+0000] {dag.py:2585} INFO - Sync 1 DAGs
[2024-07-26T12:13:06.466+0000] {logging_mixin.py:120} INFO - [2024-07-26T12:13:06.466+0000] {dag.py:3340} INFO - Setting next_dagrun for tutorial_dag to None, run_after=None
[2024-07-26T12:13:06.483+0000] {processor.py:176} INFO - Processing /home/airflow/.local/lib/python3.7/site-packages/airflow/example_dags/tutorial_dag.py took 0.089 seconds
[2024-07-26T12:19:26.464+0000] {processor.py:154} INFO - Started process (PID=7384) to work on /home/airflow/.local/lib/python3.7/site-packages/airflow/example_dags/tutorial_dag.py
[2024-07-26T12:19:26.464+0000] {processor.py:756} INFO - Processing file /home/airflow/.local/lib/python3.7/site-packages/airflow/example_dags/tutorial_dag.py for tasks to queue
[2024-07-26T12:19:26.465+0000] {logging_mixin.py:120} INFO - [2024-07-26T12:19:26.465+0000] {dagbag.py:537} INFO - Filling up the DagBag from /home/airflow/.local/lib/python3.7/site-packages/airflow/example_dags/tutorial_dag.py
[2024-07-26T12:19:26.473+0000] {processor.py:766} INFO - DAG(s) dict_keys(['tutorial_dag']) retrieved from /home/airflow/.local/lib/python3.7/site-packages/airflow/example_dags/tutorial_dag.py
[2024-07-26T12:19:26.507+0000] {logging_mixin.py:120} INFO - [2024-07-26T12:19:26.507+0000] {dag.py:2585} INFO - Sync 1 DAGs
[2024-07-26T12:19:26.534+0000] {logging_mixin.py:120} INFO - [2024-07-26T12:19:26.533+0000] {dag.py:3340} INFO - Setting next_dagrun for tutorial_dag to None, run_after=None
[2024-07-26T12:19:26.549+0000] {processor.py:176} INFO - Processing /home/airflow/.local/lib/python3.7/site-packages/airflow/example_dags/tutorial_dag.py took 0.088 seconds
[2024-07-26T13:00:09.059+0000] {processor.py:154} INFO - Started process (PID=7447) to work on /home/airflow/.local/lib/python3.7/site-packages/airflow/example_dags/tutorial_dag.py
[2024-07-26T13:00:09.060+0000] {processor.py:756} INFO - Processing file /home/airflow/.local/lib/python3.7/site-packages/airflow/example_dags/tutorial_dag.py for tasks to queue
[2024-07-26T13:00:09.061+0000] {logging_mixin.py:120} INFO - [2024-07-26T13:00:09.060+0000] {dagbag.py:537} INFO - Filling up the DagBag from /home/airflow/.local/lib/python3.7/site-packages/airflow/example_dags/tutorial_dag.py
[2024-07-26T13:00:09.072+0000] {processor.py:766} INFO - DAG(s) dict_keys(['tutorial_dag']) retrieved from /home/airflow/.local/lib/python3.7/site-packages/airflow/example_dags/tutorial_dag.py
[2024-07-26T13:00:09.096+0000] {logging_mixin.py:120} INFO - [2024-07-26T13:00:09.095+0000] {dag.py:2585} INFO - Sync 1 DAGs
[2024-07-26T13:00:09.128+0000] {logging_mixin.py:120} INFO - [2024-07-26T13:00:09.128+0000] {dag.py:3340} INFO - Setting next_dagrun for tutorial_dag to None, run_after=None
[2024-07-26T13:00:09.140+0000] {processor.py:176} INFO - Processing /home/airflow/.local/lib/python3.7/site-packages/airflow/example_dags/tutorial_dag.py took 0.084 seconds
[2024-07-26T13:12:28.229+0000] {processor.py:154} INFO - Started process (PID=7511) to work on /home/airflow/.local/lib/python3.7/site-packages/airflow/example_dags/tutorial_dag.py
[2024-07-26T13:12:28.233+0000] {processor.py:756} INFO - Processing file /home/airflow/.local/lib/python3.7/site-packages/airflow/example_dags/tutorial_dag.py for tasks to queue
[2024-07-26T13:12:28.235+0000] {logging_mixin.py:120} INFO - [2024-07-26T13:12:28.234+0000] {dagbag.py:537} INFO - Filling up the DagBag from /home/airflow/.local/lib/python3.7/site-packages/airflow/example_dags/tutorial_dag.py
[2024-07-26T13:12:28.243+0000] {processor.py:766} INFO - DAG(s) dict_keys(['tutorial_dag']) retrieved from /home/airflow/.local/lib/python3.7/site-packages/airflow/example_dags/tutorial_dag.py
[2024-07-26T13:12:28.273+0000] {logging_mixin.py:120} INFO - [2024-07-26T13:12:28.273+0000] {dag.py:2585} INFO - Sync 1 DAGs
[2024-07-26T13:12:28.295+0000] {logging_mixin.py:120} INFO - [2024-07-26T13:12:28.295+0000] {dag.py:3340} INFO - Setting next_dagrun for tutorial_dag to None, run_after=None
[2024-07-26T13:12:28.311+0000] {processor.py:176} INFO - Processing /home/airflow/.local/lib/python3.7/site-packages/airflow/example_dags/tutorial_dag.py took 0.084 seconds
[2024-07-26T13:43:22.471+0000] {processor.py:154} INFO - Started process (PID=7575) to work on /home/airflow/.local/lib/python3.7/site-packages/airflow/example_dags/tutorial_dag.py
[2024-07-26T13:43:22.474+0000] {processor.py:756} INFO - Processing file /home/airflow/.local/lib/python3.7/site-packages/airflow/example_dags/tutorial_dag.py for tasks to queue
[2024-07-26T13:43:22.474+0000] {logging_mixin.py:120} INFO - [2024-07-26T13:43:22.474+0000] {dagbag.py:537} INFO - Filling up the DagBag from /home/airflow/.local/lib/python3.7/site-packages/airflow/example_dags/tutorial_dag.py
[2024-07-26T13:43:22.482+0000] {processor.py:766} INFO - DAG(s) dict_keys(['tutorial_dag']) retrieved from /home/airflow/.local/lib/python3.7/site-packages/airflow/example_dags/tutorial_dag.py
[2024-07-26T13:43:22.510+0000] {logging_mixin.py:120} INFO - [2024-07-26T13:43:22.510+0000] {dag.py:2585} INFO - Sync 1 DAGs
[2024-07-26T13:43:22.530+0000] {logging_mixin.py:120} INFO - [2024-07-26T13:43:22.530+0000] {dag.py:3340} INFO - Setting next_dagrun for tutorial_dag to None, run_after=None
[2024-07-26T13:43:22.552+0000] {processor.py:176} INFO - Processing /home/airflow/.local/lib/python3.7/site-packages/airflow/example_dags/tutorial_dag.py took 0.082 seconds
[2024-07-26T13:46:54.260+0000] {processor.py:154} INFO - Started process (PID=7639) to work on /home/airflow/.local/lib/python3.7/site-packages/airflow/example_dags/tutorial_dag.py
[2024-07-26T13:46:54.265+0000] {processor.py:756} INFO - Processing file /home/airflow/.local/lib/python3.7/site-packages/airflow/example_dags/tutorial_dag.py for tasks to queue
[2024-07-26T13:46:54.265+0000] {logging_mixin.py:120} INFO - [2024-07-26T13:46:54.265+0000] {dagbag.py:537} INFO - Filling up the DagBag from /home/airflow/.local/lib/python3.7/site-packages/airflow/example_dags/tutorial_dag.py
[2024-07-26T13:46:54.273+0000] {processor.py:766} INFO - DAG(s) dict_keys(['tutorial_dag']) retrieved from /home/airflow/.local/lib/python3.7/site-packages/airflow/example_dags/tutorial_dag.py
[2024-07-26T13:46:54.313+0000] {logging_mixin.py:120} INFO - [2024-07-26T13:46:54.313+0000] {dag.py:2585} INFO - Sync 1 DAGs
[2024-07-26T13:46:54.332+0000] {logging_mixin.py:120} INFO - [2024-07-26T13:46:54.332+0000] {dag.py:3340} INFO - Setting next_dagrun for tutorial_dag to None, run_after=None
[2024-07-26T13:46:54.352+0000] {processor.py:176} INFO - Processing /home/airflow/.local/lib/python3.7/site-packages/airflow/example_dags/tutorial_dag.py took 0.094 seconds
[2024-07-26T13:52:23.900+0000] {processor.py:154} INFO - Started process (PID=7694) to work on /home/airflow/.local/lib/python3.7/site-packages/airflow/example_dags/tutorial_dag.py
[2024-07-26T13:52:23.901+0000] {processor.py:756} INFO - Processing file /home/airflow/.local/lib/python3.7/site-packages/airflow/example_dags/tutorial_dag.py for tasks to queue
[2024-07-26T13:52:23.903+0000] {logging_mixin.py:120} INFO - [2024-07-26T13:52:23.902+0000] {dagbag.py:537} INFO - Filling up the DagBag from /home/airflow/.local/lib/python3.7/site-packages/airflow/example_dags/tutorial_dag.py
[2024-07-26T13:52:23.914+0000] {processor.py:766} INFO - DAG(s) dict_keys(['tutorial_dag']) retrieved from /home/airflow/.local/lib/python3.7/site-packages/airflow/example_dags/tutorial_dag.py
[2024-07-26T13:52:23.955+0000] {logging_mixin.py:120} INFO - [2024-07-26T13:52:23.954+0000] {dag.py:2585} INFO - Sync 1 DAGs
[2024-07-26T13:52:23.979+0000] {logging_mixin.py:120} INFO - [2024-07-26T13:52:23.979+0000] {dag.py:3340} INFO - Setting next_dagrun for tutorial_dag to None, run_after=None
[2024-07-26T13:52:24.017+0000] {processor.py:176} INFO - Processing /home/airflow/.local/lib/python3.7/site-packages/airflow/example_dags/tutorial_dag.py took 0.119 seconds
[2024-07-26T13:54:21.493+0000] {processor.py:154} INFO - Started process (PID=7758) to work on /home/airflow/.local/lib/python3.7/site-packages/airflow/example_dags/tutorial_dag.py
[2024-07-26T13:54:21.494+0000] {processor.py:756} INFO - Processing file /home/airflow/.local/lib/python3.7/site-packages/airflow/example_dags/tutorial_dag.py for tasks to queue
[2024-07-26T13:54:21.495+0000] {logging_mixin.py:120} INFO - [2024-07-26T13:54:21.495+0000] {dagbag.py:537} INFO - Filling up the DagBag from /home/airflow/.local/lib/python3.7/site-packages/airflow/example_dags/tutorial_dag.py
[2024-07-26T13:54:21.506+0000] {processor.py:766} INFO - DAG(s) dict_keys(['tutorial_dag']) retrieved from /home/airflow/.local/lib/python3.7/site-packages/airflow/example_dags/tutorial_dag.py
[2024-07-26T13:54:21.527+0000] {logging_mixin.py:120} INFO - [2024-07-26T13:54:21.527+0000] {dag.py:2585} INFO - Sync 1 DAGs
[2024-07-26T13:54:21.547+0000] {logging_mixin.py:120} INFO - [2024-07-26T13:54:21.547+0000] {dag.py:3340} INFO - Setting next_dagrun for tutorial_dag to None, run_after=None
[2024-07-26T13:54:21.558+0000] {processor.py:176} INFO - Processing /home/airflow/.local/lib/python3.7/site-packages/airflow/example_dags/tutorial_dag.py took 0.067 seconds
[2024-07-26T13:55:29.638+0000] {processor.py:154} INFO - Started process (PID=7822) to work on /home/airflow/.local/lib/python3.7/site-packages/airflow/example_dags/tutorial_dag.py
[2024-07-26T13:55:29.639+0000] {processor.py:756} INFO - Processing file /home/airflow/.local/lib/python3.7/site-packages/airflow/example_dags/tutorial_dag.py for tasks to queue
[2024-07-26T13:55:29.639+0000] {logging_mixin.py:120} INFO - [2024-07-26T13:55:29.639+0000] {dagbag.py:537} INFO - Filling up the DagBag from /home/airflow/.local/lib/python3.7/site-packages/airflow/example_dags/tutorial_dag.py
[2024-07-26T13:55:29.647+0000] {processor.py:766} INFO - DAG(s) dict_keys(['tutorial_dag']) retrieved from /home/airflow/.local/lib/python3.7/site-packages/airflow/example_dags/tutorial_dag.py
[2024-07-26T13:55:29.671+0000] {logging_mixin.py:120} INFO - [2024-07-26T13:55:29.671+0000] {dag.py:2585} INFO - Sync 1 DAGs
[2024-07-26T13:55:29.686+0000] {logging_mixin.py:120} INFO - [2024-07-26T13:55:29.686+0000] {dag.py:3340} INFO - Setting next_dagrun for tutorial_dag to None, run_after=None
[2024-07-26T13:55:29.702+0000] {processor.py:176} INFO - Processing /home/airflow/.local/lib/python3.7/site-packages/airflow/example_dags/tutorial_dag.py took 0.065 seconds
[2024-07-26T14:05:32.430+0000] {processor.py:154} INFO - Started process (PID=7886) to work on /home/airflow/.local/lib/python3.7/site-packages/airflow/example_dags/tutorial_dag.py
[2024-07-26T14:05:32.431+0000] {processor.py:756} INFO - Processing file /home/airflow/.local/lib/python3.7/site-packages/airflow/example_dags/tutorial_dag.py for tasks to queue
[2024-07-26T14:05:32.432+0000] {logging_mixin.py:120} INFO - [2024-07-26T14:05:32.432+0000] {dagbag.py:537} INFO - Filling up the DagBag from /home/airflow/.local/lib/python3.7/site-packages/airflow/example_dags/tutorial_dag.py
[2024-07-26T14:05:32.447+0000] {processor.py:766} INFO - DAG(s) dict_keys(['tutorial_dag']) retrieved from /home/airflow/.local/lib/python3.7/site-packages/airflow/example_dags/tutorial_dag.py
[2024-07-26T14:05:32.487+0000] {logging_mixin.py:120} INFO - [2024-07-26T14:05:32.487+0000] {dag.py:2585} INFO - Sync 1 DAGs
[2024-07-26T14:05:32.506+0000] {logging_mixin.py:120} INFO - [2024-07-26T14:05:32.506+0000] {dag.py:3340} INFO - Setting next_dagrun for tutorial_dag to None, run_after=None
[2024-07-26T14:05:32.521+0000] {processor.py:176} INFO - Processing /home/airflow/.local/lib/python3.7/site-packages/airflow/example_dags/tutorial_dag.py took 0.094 seconds
[2024-07-26T14:06:20.521+0000] {processor.py:154} INFO - Started process (PID=7949) to work on /home/airflow/.local/lib/python3.7/site-packages/airflow/example_dags/tutorial_dag.py
[2024-07-26T14:06:20.522+0000] {processor.py:756} INFO - Processing file /home/airflow/.local/lib/python3.7/site-packages/airflow/example_dags/tutorial_dag.py for tasks to queue
[2024-07-26T14:06:20.523+0000] {logging_mixin.py:120} INFO - [2024-07-26T14:06:20.523+0000] {dagbag.py:537} INFO - Filling up the DagBag from /home/airflow/.local/lib/python3.7/site-packages/airflow/example_dags/tutorial_dag.py
[2024-07-26T14:06:20.532+0000] {processor.py:766} INFO - DAG(s) dict_keys(['tutorial_dag']) retrieved from /home/airflow/.local/lib/python3.7/site-packages/airflow/example_dags/tutorial_dag.py
[2024-07-26T14:06:20.568+0000] {logging_mixin.py:120} INFO - [2024-07-26T14:06:20.567+0000] {dag.py:2585} INFO - Sync 1 DAGs
[2024-07-26T14:06:20.590+0000] {logging_mixin.py:120} INFO - [2024-07-26T14:06:20.590+0000] {dag.py:3340} INFO - Setting next_dagrun for tutorial_dag to None, run_after=None
[2024-07-26T14:06:20.611+0000] {processor.py:176} INFO - Processing /home/airflow/.local/lib/python3.7/site-packages/airflow/example_dags/tutorial_dag.py took 0.092 seconds
